
 Primary working directories    : /tmp/slurm.6857818
 Secondary working directories  : /tmp/slurm.6857818
 Wavefunction directory         : /home/houfek/wfu/
 Main file repository           : /tmp/slurm.6857818/

 SHA1      : 2c68d29c09da70e1723824271fadde4bcd5f07a0
 ARCHNAME  : Linux/x86_64
 FC        : /opt/intel/oneapi/compiler/2022.0.2/linux/bin/intel64/ifort
 FCVERSION : 2021.5.0
 BLASLIB   : -L/opt/intel/oneapi/mkl/2022.0.2/lib/intel64 -lmkl_intel_ilp64 -lmkl_sequential -lmkl_core
 id        : houfek

 Nodes                          nprocs
 utf-asus3.hpc.troja.mff.cuni.cz    1

 Using customized tuning parameters: mindgm=1; mindgv=20; mindgc=4; mindgr=1; noblas=0; minvec=7
 default implementation of scratch files=df  

 ***,H2O with cc-pVTZ basis
 Gprint,basis;                                                                   ! Print basis information
 Gprint,civector;                                                                ! Print CI vector in MCSCF
 Gprint,orbital;                                                                 ! Print orbitals in SCF and MCSCF
 
 SYMMETRY,X
 basis={
                                                                                 ! OXYGEN       (10s,5p,2d,1f) -&gt; [4s,3p,2d,1f]
                                                                                 ! OXYGEN       (10s,5p,2d,1f) -&gt; [4s,3p,2d,1f]
 s, O, 15330.0000000, 2299.0000000, 522.4000000, 147.3000000, 47.5500000, 16.7600000, 6.2070000, 0.6882000, 1.7520000, 0.2384000
 c, 1.8, 0.0005080, 0.0039290, 0.0202430, 0.0791810, 0.2306870, 0.4331180, 0.3502600, -0.0081540
 c, 1.8, -0.0001150, -0.0008950, -0.0046360, -0.0187240, -0.0584630, -0.1364630, -0.1757400, 0.6034180
 c, 9.9, 1
 c, 10.10, 1
 p, O, 34.4600000, 7.7490000, 2.2800000, 0.7156000, 0.2140000
 c, 1.3, 0.0159280, 0.0997400, 0.3104920
 c, 4.4, 1
 c, 5.5, 1
 d, O, 2.3140000, 0.6450000
 c, 1.1, 1
 c, 2.2, 1
 f, O, 1.4280000
 c, 1.1, 1
                                                                    !  cc-pVTZ  EMSL  Basis Set Exchange Library   5/27/13 12:11 PM
                                                                                 ! Elements                             References
                                                                        ! H     : T.H. Dunning, Jr. J. Chem. Phys. 90, 1007 (1989).
                                                         ! He    : D.E. Woon and T.H. Dunning, Jr. J. Chem. Phys. 100, 2975 (1994).
                                                                       ! Li - Ne: T.H. Dunning, Jr. J. Chem. Phys. 90, 1007 (1989).
                                                                      ! Na - Mg: D.E. Woon and T.H. Dunning, Jr.  (to be published)
                                                        ! Al - Ar: D.E. Woon and T.H. Dunning, Jr.  J. Chem. Phys. 98, 1358 (1993).
                                                         ! Ca     : J. Koput and K.A. Peterson, J. Phys. Chem. A, 106, 9595 (2002).
                                                     ! Sc - Zn: N.B. Balabanov and K.A. Peterson, J. Chem. Phys, 123, 064107 (2005)
                              ! Ga - Kr: A.K. Wilson, D.E. Woon, K.A. Peterson, T.H. Dunning, Jr., J. Chem. Phys., 110, 7667 (1999)
                                                                                 !
                                                                                 !
                                                                                 ! HYDROGEN       (5s,2p,1d) -&gt; [3s,2p,1d]
                                                                                 ! HYDROGEN       (5s,2p,1d) -&gt; [3s,2p,1d]
 s, H, 33.8700000, 5.0950000, 1.1590000, 0.3258000, 0.1027000
 c, 1.3, 0.0060680, 0.0453080, 0.2028220
 c, 4.4, 1
 c, 5.5, 1
 p, H, 1.4070000, 0.3880000
 c, 1.1, 1
 c, 2.2, 1
 d, H, 1.0570000
 c, 1.1, 1
 
 }
 geometry={
 O,,   0.000000000,   0.000000000,   0.123326276
 H,,   0.000000000,   1.423048877,  -0.978913214
 H,,   0.000000000,  -1.423048877,  -0.978913214
 }
 
 method = 'CASSCF'                                                               ! set to HF or CASSCF in scripts
 
 IF (method.eq.'HF') THEN
 
 {hf;
 wf,nelec=10;
 orbprint,1000;
 }
 
 ELSE
 
 {hf;
 wf,nelec=10;
 orbprint,-1;
 }
 
                                                   ! First CASSCF run only for target states for which orbitals should be optimised
 {multi;
 closed,1,0;
 occ,6,1;
 wf,nelec=10,sym=1,spin=0; state,1;
 natorb,print=1000;
 }
 
                                                           ! Second CASSCF run for all target states without orbital optimalisation
                                                                                 !{multi;
                                                                                 !closed,1,0;
                                                                                 !occ,6,1;
 !wf,nelec=10,sym=1,spin=0; state,2; wf,nelec=10,sym=1,spin=2; state,1; wf,nelec=10,sym=2,spin=0; state,1; wf,nelec=10,sym=2,spin=2; state,1;
                                                                                 !dont,orbital;
                                                                                 !dm;
                                                                                 !}
 
                                                                                 ! Saving density matrix for radden
                                                                                 !{matrop;
                                                                                 !load,dm,den,2140.2;
                                                                                 !write,dm;}!save,dm,2140.2,DENSITY;}
 
 ENDIF
 
 put,molden,H2O.molden;

 Variables initialized (766), CPU time= 0.00 sec
 Commands  initialized (545), CPU time= 0.01 sec, 513 directives.
 Default parameters read. Elapsed time= 0.11 sec

 Checking input...
 Passed
1


                                         ***  PROGRAM SYSTEM MOLPRO  ***
                         Copyright, University College Cardiff Consultants Limited, 2008

                                    Version 2012.1 linked 4 Jan 2023 19:06:47 


 **********************************************************************************************************************************
 LABEL *   H2O with cc-pVTZ basis                                                        
 Linux-4.18.0-372.26.1.el8_6.x86_64/utf-asus3.hpc.troja.mff.cuni.cz(x86_64) (4 PROC) 64 bDATE: 16-Apr-23          TIME: 14:46:31  
 **********************************************************************************************************************************

 SHA1:             2c68d29c09da70e1723824271fadde4bcd5f07a0
 **********************************************************************************************************************************




 Variable memory set to    8000000 words,  buffer space   230000 words

 SETTING BASIS          =    USERDEF
 ZSYMEL=X  
 
 SETTING METHOD         =    CASSCF


 Recomputing integrals since basis changed


 Using spherical harmonics


1PROGRAM * SEWARD (Integral evaluation for generally contracted gaussian basis sets)     Author: Roland Lindh, 1990

 Geometry written to block  1 of record 700


 Point group  Cs  



 ATOMIC COORDINATES

 NR  ATOM    CHARGE       X              Y              Z

   1  O       8.00    0.000000000    0.000000000    0.123326276
   2  H       1.00    0.000000000    1.423048877   -0.978913214
   3  H       1.00    0.000000000   -1.423048877   -0.978913214

 Bond lengths in Bohr (Angstrom)

 1-2  1.800000000  1-3  1.800000000
     ( 0.952518976)     ( 0.952518976)

 Bond angles

  2-1-3  104.47999997


 BASIS DATA

   Nr Sym  Nuc  Type         Exponents   Contraction coefficients

   1.1 A'    1  1s        15330.000000     0.000508   -0.000115
   2.1 A'                  2299.000000     0.003929   -0.000895
                            522.400000     0.020243   -0.004636
                            147.300000     0.079181   -0.018724
                             47.550000     0.230687   -0.058463
                             16.760000     0.433118   -0.136463
                              6.207000     0.350260   -0.175740
                              0.688200    -0.008154    0.603418
   3.1 A'    1  1s            1.752000     1.000000
   4.1 A'    1  1s            0.238400     1.000000
   5.1 A'    1  2py          34.460000     0.015928
                              7.749000     0.099740
                              2.280000     0.310492
   6.1 A'    1  2pz          34.460000     0.015928
                              7.749000     0.099740
                              2.280000     0.310492
   7.1 A'    1  2py           0.715600     1.000000
   8.1 A'    1  2pz           0.715600     1.000000
   9.1 A'    1  2py           0.214000     1.000000
  10.1 A'    1  2pz           0.214000     1.000000
  11.1 A'    1  3d0           2.314000     1.000000
  12.1 A'    1  3d2+          2.314000     1.000000
  13.1 A'    1  3d1-          2.314000     1.000000
  14.1 A'    1  3d0           0.645000     1.000000
  15.1 A'    1  3d2+          0.645000     1.000000
  16.1 A'    1  3d1-          0.645000     1.000000
  17.1 A'    1  4f1-          1.428000     1.000000
  18.1 A'    1  4f0           1.428000     1.000000
  19.1 A'    1  4f3-          1.428000     1.000000
  20.1 A'    1  4f2+          1.428000     1.000000
  21.1 A'    2  1s           33.870000     0.006068
                              5.095000     0.045308
                              1.159000     0.202822
  22.1 A'    2  1s            0.325800     1.000000
  23.1 A'    2  1s            0.102700     1.000000
  24.1 A'    2  2py           1.407000     1.000000
  25.1 A'    2  2pz           1.407000     1.000000
  26.1 A'    2  2py           0.388000     1.000000
  27.1 A'    2  2pz           0.388000     1.000000
  28.1 A'    2  3d0           1.057000     1.000000
  29.1 A'    2  3d2+          1.057000     1.000000
  30.1 A'    2  3d1-          1.057000     1.000000
  31.1 A'    3  1s           33.870000     0.006068
                              5.095000     0.045308
                              1.159000     0.202822
  32.1 A'    3  1s            0.325800     1.000000
  33.1 A'    3  1s            0.102700     1.000000
  34.1 A'    3  2py           1.407000     1.000000
  35.1 A'    3  2pz           1.407000     1.000000
  36.1 A'    3  2py           0.388000     1.000000
  37.1 A'    3  2pz           0.388000     1.000000
  38.1 A'    3  3d0           1.057000     1.000000
  39.1 A'    3  3d2+          1.057000     1.000000
  40.1 A'    3  3d1-          1.057000     1.000000
   1.2 A"    1  2px          34.460000     0.015928
                              7.749000     0.099740
                              2.280000     0.310492
   2.2 A"    1  2px           0.715600     1.000000
   3.2 A"    1  2px           0.214000     1.000000
   4.2 A"    1  3d2-          2.314000     1.000000
   5.2 A"    1  3d1+          2.314000     1.000000
   6.2 A"    1  3d2-          0.645000     1.000000
   7.2 A"    1  3d1+          0.645000     1.000000
   8.2 A"    1  4f1+          1.428000     1.000000
   9.2 A"    1  4f3+          1.428000     1.000000
  10.2 A"    1  4f2-          1.428000     1.000000
  11.2 A"    2  2px           1.407000     1.000000
  12.2 A"    2  2px           0.388000     1.000000
  13.2 A"    2  3d2-          1.057000     1.000000
  14.2 A"    2  3d1+          1.057000     1.000000
  15.2 A"    3  2px           1.407000     1.000000
  16.2 A"    3  2px           0.388000     1.000000
  17.2 A"    3  3d2-          1.057000     1.000000
  18.2 A"    3  3d1+          1.057000     1.000000

 NUCLEAR CHARGE:                   10
 NUMBER OF PRIMITIVE AOS:          81
 NUMBER OF SYMMETRY AOS:           74
 NUMBER OF CONTRACTIONS:           58   (  40A'  +  18A"  )
 NUMBER OF CORE ORBITALS:           1   (   1A'  +   0A"  )
 NUMBER OF VALENCE ORBITALS:        6   (   5A'  +   1A"  )


 NUCLEAR REPULSION ENERGY    9.24024717


 Eigenvalues of metric

         1 0.246E-02 0.512E-02 0.163E-01 0.488E-01 0.660E-01 0.793E-01 0.910E-01 0.982E-01
         2 0.876E-01 0.112E+00 0.150E+00 0.314E+00 0.365E+00 0.508E+00 0.536E+00 0.697E+00


 Contracted 2-electron integrals neglected if value below      1.0D-11
 AO integral compression algorithm  1   Integral accuracy      1.0D-11

     4.456 MB (compressed) written to integral file ( 59.5%)


 NUMBER OF SORTED TWO-ELECTRON INTEGRALS:     771976.     BUFFER LENGTH:  32768
 NUMBER OF SEGMENTS:   1  SEGMENT LENGTH:     771976      RECORD LENGTH: 524288

 Memory used in sort:       1.33 MW

 SORT1 READ      946216. AND WROTE      700083. INTEGRALS IN      3 RECORDS. CPU TIME:     0.01 SEC, REAL TIME:     0.01 SEC
 SORT2 READ      700083. AND WROTE      771976. INTEGRALS IN     17 RECORDS. CPU TIME:     0.03 SEC, REAL TIME:     0.03 SEC

 FILE SIZES:   FILE 1:    12.1 MBYTE,  FILE 4:    12.6 MBYTE,   TOTAL:     24.7 MBYTE

 OPERATOR DM      FOR CENTER  0  COORDINATES:    0.000000    0.000000    0.000000


 **********************************************************************************************************************************
 DATASETS  * FILE   NREC   LENGTH (MB)   RECORD NAMES
              1      19       11.09       500      610      700      900      950      970     1000      129      960     1100   
                                          VAR    BASINP    GEOM    SYMINP    ZMAT    AOBASIS   BASIS     P2S    ABASIS      S 
                                         1400     1410     1200     1210     1080     1600     1650     1300     1700   
                                           T        V       H0       H01     AOSYM     SMH    MOLCAS    ERIS     OPER   

 PROGRAMS   *        TOTAL       INT
 CPU TIMES  *         0.19      0.13
 REAL TIME  *         0.36 SEC
 DISK USED  *        24.98 MB      
 **********************************************************************************************************************************

1PROGRAM * RHF-SCF (CLOSED SHELL)       Authors: W. Meyer, H.-J. Werner


 NUMBER OF ELECTRONS:       5+    5-
 CONVERGENCE THRESHOLDS:    1.00E-05 (Density)    1.00E-07 (Energy)
 MAX. NUMBER OF ITERATIONS:       60
 INTERPOLATION TYPE:            DIIS
 INTERPOLATION STEPS:              2 (START)      1 (STEP)
 LEVEL SHIFTS:                  0.00 (CLOSED)  0.00 (OPEN) 




   Atom=O  basis=cc-pVTZ           lmin=0  lmax=1
   Atom=H  basis=cc-pVTZ           lmin=0  lmax=1

 Orbital guess generated from atomic densities. Full valence occupancy:    6   1

 Molecular orbital dump at record        2101.2

 Initial alpha occupancy:   4   1
 Initial beta  occupancy:   4   1
 Wave function symmetry:    1

 ITERATION    DDIFF          GRAD             ENERGY        2-EL.EN.            DIPOLE MOMENTS         DIIS   ORB.
    1      0.000D+00      0.000D+00       -76.01957259     77.834839    0.00000   -0.00000   -1.13625    0    start
    2      0.000D+00      0.172D-01       -76.04742953     74.425441    0.00000   -0.00000   -0.70651    1    diag
    3      0.810D-02      0.101D-01       -76.05723146     75.872200    0.00000   -0.00000   -0.80341    2    diag
    4      0.260D-02      0.968D-03       -76.05741611     75.793444    0.00000    0.00000   -0.79863    3    diag
    5      0.517D-03      0.267D-03       -76.05743480     75.804862    0.00000   -0.00000   -0.79618    4    diag
    6      0.222D-03      0.505D-04       -76.05743577     75.803584    0.00000    0.00000   -0.79559    5    diag
    7      0.523D-04      0.867D-05       -76.05743580     75.803691    0.00000   -0.00000   -0.79544    6    diag
    8      0.861D-05      0.132D-05       -76.05743580     75.803640    0.00000   -0.00000   -0.79542    0    orth

 Final occupancy:   4   1

 !RHF STATE 1.1 Energy                -76.057435800147
 Nuclear energy                         9.24024717
 One-electron energy                 -123.19950273
 Two-electron energy                   37.90181977
 Virial quotient                       -1.00043254
 !RHF STATE 1.1 Dipole moment           0.00000000    -0.00000000    -0.79542241
 Dipole moment /Debye                   0.00000000    -0.00000000    -2.02162970

 Orbital energies:

         1.1          2.1          3.1          4.1          5.1          6.1
    -20.553912    -1.348147    -0.712320    -0.578679     0.142746     0.204478

         1.2          2.2          3.2
     -0.504872     0.787368     0.862179

 HOMO      1.2    -0.504872 =     -13.7383eV
 LUMO      5.1     0.142746 =       3.8843eV
 LUMO-HOMO         0.647618 =      17.6226eV


 **********************************************************************************************************************************
 DATASETS  * FILE   NREC   LENGTH (MB)   RECORD NAMES
              1      19       11.09       500      610      700      900      950      970     1000      129      960     1100   
                                          VAR    BASINP    GEOM    SYMINP    ZMAT    AOBASIS   BASIS     P2S    ABASIS      S 
                                         1400     1410     1200     1210     1080     1600     1650     1300     1700   
                                           T        V       H0       H01     AOSYM     SMH    MOLCAS    ERIS     OPER   

              2       4        0.34       700     1000      520     2101   
                                         GEOM     BASIS   MCVARS     RHF  

 PROGRAMS   *        TOTAL        HF       INT
 CPU TIMES  *         0.46      0.26      0.13
 REAL TIME  *         0.51 SEC
 DISK USED  *        24.98 MB      
 **********************************************************************************************************************************

1PROGRAM * MULTI (Direct Multiconfiguration SCF)       Authors: P.J. Knowles, H.-J. Werner (1984)     S.T. Elbert (1988)


 Number of closed-shell orbitals:   1 (   1   0 )
 Number of active  orbitals:        6 (   5   1 )
 Number of external orbitals:      51 (  34  17 )

 State symmetry 1

 Number of electrons:     8    Spin symmetry=Singlet   Space symmetry=1
 Number of states:        1
 Number of CSFs:         65   (125 determinants, 225 intermediate states)

 Molecular orbitals read from record     2101.2  Type=RHF/CANONICAL (state 1.1)

 Wavefunction dump at record             2140.2

 Convergence thresholds  0.10E-01 (gradient)  0.10E-05 (energy)  0.10E-02 (step length)

 Number of orbital rotations:      226   (     5 Core/Active     34 Core/Virtual   0 Active/Active    187 Active/Virtual)
 Total number of variables:        351


 ITER. MIC  NCI  NEG     ENERGY(VAR)     ENERGY(PROJ)   ENERGY CHANGE     GRAD(0)  GRAD(ORB)   GRAD(CI)     STEP       TIME

   1   40   22    0     -76.06026884     -76.11114582   -0.05087698    0.01180572 0.00061529 0.00036962  0.12D+01      0.33
   2   33   20    0     -76.10964067     -76.11028662   -0.00064596    0.02859106 0.00000476 0.00001366  0.11D+00      0.68
   3   37   13    0     -76.11028711     -76.11028711   -0.00000000    0.00006364 0.00000003 0.00000009  0.23D-03      0.91

 ** WVFN ****  CONVERGENCE REACHED, FINAL GRADIENT:  0.40D-07


 First order charge density matrix for state 1.1 saved on record  2140.2 (density set 1)

 Results for state 1.1
 =====================

 !MCSCF STATE 1.1 Energy              -76.110287110359
 Nuclear energy                         9.24024717
 Kinetic energy                        76.16257715
 One electron energy                 -123.15655895
 Two electron energy                   37.80602467
 Virial ratio                           1.99931344

 !MCSCF STATE 1.1 Dipole moment         0.00000000    -0.00000000    -0.73820939
 Dipole moment /Debye                   0.00000000    -0.00000000    -1.87621823


 NATURAL ORBITALS
 ================

   Orb     Occ        Energy       Coefficients

                                   1 1s      1 1s      1 1s      1 1s      1 2py     1 2pz     1 2py     1 2pz     1 2py     1 2pz  
                                   1 3d0     1 3d2+    1 3d1-    1 3d0     1 3d2+    1 3d1-    1 4f1-    1 4f0     1 4f3-    1 4f2+ 
                                   2 1s      2 1s      2 1s      2 2py     2 2pz     2 2py     2 2pz     2 3d0     2 3d2+    2 3d1- 
                                   3 1s      3 1s      3 1s      3 2py     3 2pz     3 2py     3 2pz     3 3d0     3 3d2+    3 3d1- 


   1.1  2.00000   -20.411152     0.972824 -0.044061  0.031894 -0.031708 -0.000000 -0.013233 -0.000000 -0.011824 -0.000000 -0.011603
                                 0.000215  0.000058  0.000000  0.000474  0.000747  0.000000  0.000000 -0.000095  0.000000 -0.000139
                                -0.001689  0.002661  0.000646  0.000068 -0.000437 -0.000759 -0.000615 -0.000154 -0.000032  0.000243
                                -0.001689  0.002661  0.000646 -0.000068 -0.000437  0.000759 -0.000615 -0.000154 -0.000032 -0.000243

   2.1  1.99915    -1.235973     0.075791  0.516025  0.142323  0.394764  0.000000  0.139908  0.000000  0.163890  0.000000  0.143504
                                -0.002390 -0.001466 -0.000000 -0.007923 -0.002832 -0.000000 -0.000000  0.001070 -0.000000  0.000476
                                 0.024581 -0.022293 -0.011166 -0.003302  0.006561  0.004143  0.010992  0.001199  0.000718 -0.001229
                                 0.024581 -0.022293 -0.011166  0.003302  0.006561 -0.004143  0.010992  0.001199  0.000718  0.001229

   3.1  1.97952    -0.822448     0.005737 -0.138886 -0.033585  0.076445  0.000000  0.286091  0.000000  0.348033  0.000000  0.227657
                                -0.005514  0.005036 -0.000000 -0.015970  0.009695 -0.000000 -0.000000 -0.000021 -0.000000 -0.004521
                                -0.124017 -0.160655 -0.027710  0.012962 -0.002884  0.020983  0.010571  0.001800  0.003288  0.001278
                                -0.124017 -0.160655 -0.027710 -0.012962 -0.002884 -0.020983  0.010571  0.001800  0.003288 -0.001278

   4.1  1.97835    -0.708099     0.000000 -0.000000 -0.000000 -0.000000  0.287286 -0.000000  0.338046 -0.000000  0.148888 -0.000000
                                 0.000000 -0.000000 -0.013543  0.000000 -0.000000 -0.022003  0.000284 -0.000000 -0.003493  0.000000
                                 0.144428  0.225049  0.063098 -0.008958  0.012108 -0.017700  0.020863  0.001881 -0.003117 -0.005557
                                -0.144428 -0.225049 -0.063098 -0.008958 -0.012108 -0.017700 -0.020863 -0.001881  0.003117 -0.005557

   5.1  0.02206     0.793197    -0.000000 -0.000000  0.000000 -0.000000 -0.524529  0.000000 -0.513030  0.000000  0.000359 -0.000000
                                -0.000000 -0.000000  0.026645 -0.000000 -0.000000  0.019908 -0.007949  0.000000  0.015021 -0.000000
                                 0.253088  0.505088  0.098074  0.001225 -0.003616 -0.048855  0.034499  0.000009  0.004144  0.007754
                                -0.253088 -0.505088 -0.098074  0.001225  0.003616 -0.048855 -0.034499 -0.000009 -0.004144  0.007754

   6.1  0.02138     0.806466    -0.047814 -0.417684 -0.192337 -0.346590  0.000000  0.481871  0.000000  0.435302 -0.000000 -0.077133
                                -0.023016  0.014997 -0.000000  0.003316  0.019996 -0.000000 -0.000000 -0.002303 -0.000000 -0.016962
                                 0.235389  0.498869  0.050551 -0.008219 -0.013047 -0.099049 -0.023114 -0.009537 -0.003894  0.014085
                                 0.235389  0.498869  0.050551  0.008219 -0.013047  0.099049 -0.023114 -0.009537 -0.003894 -0.014085

   7.1  0.00000     0.293482    -0.042739 -0.038059 -0.012364  2.255778  0.000000  0.088150  0.000000  0.006252  0.000000 -0.801686
                                -0.002741  0.002525 -0.000000  0.020452 -0.121177 -0.000000 -0.000000  0.006824  0.000000  0.012518
                                 0.038120 -0.228505 -1.164440 -0.000667  0.001450  0.354341 -0.296077 -0.003826  0.016110  0.035433
                                 0.038120 -0.228505 -1.164440  0.000667  0.001450 -0.354341 -0.296077 -0.003826  0.016110 -0.035433

   8.1  0.00000     0.327455    -0.000000 -0.000000 -0.000000  0.000000  0.027364  0.000000  0.038086 -0.000000 -0.692255 -0.000000
                                 0.000000  0.000000  0.004604  0.000000 -0.000000  0.069612  0.000790  0.000000 -0.001129  0.000000
                                -0.058308 -0.370532  2.068241  0.021358 -0.014129 -0.223572  0.201653  0.001889 -0.010643 -0.009581
                                 0.058308  0.370532 -2.068241  0.021358  0.014129 -0.223572 -0.201653 -0.001889  0.010643 -0.009581

   9.1  0.00000     0.631336    -0.036395 -0.183820  0.010023 -3.693248  0.000000 -0.102119 -0.000000  0.039084 -0.000000  2.232726
                                 0.004085 -0.030191 -0.000000 -0.041017  0.221942  0.000000 -0.000000 -0.016148  0.000000 -0.034432
                                 0.034783  2.558431 -0.054902 -0.042327  0.022736 -0.445342  0.494298  0.010820 -0.039250 -0.052681
                                 0.034783  2.558431 -0.054902  0.042327  0.022736  0.445342  0.494298  0.010820 -0.039250  0.052681

  10.1  0.00000     0.673144     0.000000  0.000000  0.000000 -0.000000 -0.128434 -0.000000  0.164808  0.000000  3.049162  0.000000
                                -0.000000 -0.000000  0.036518 -0.000000  0.000000 -0.420354  0.029460 -0.000000 -0.025746 -0.000000
                                -0.030455 -2.150569 -0.948213  0.064755 -0.045728  0.630638 -0.464801  0.003213  0.051687  0.081370
                                 0.030455  2.150569  0.948213  0.064755  0.045728  0.630638  0.464801 -0.003213 -0.051687  0.081370

  11.1  0.00000     0.778577     0.033848  0.119881  0.007917  1.878656  0.000000  0.037233 -0.000000 -0.089719 -0.000000 -1.909679
                                -0.040054 -0.005741 -0.000000  0.163972 -0.009098  0.000000 -0.000000 -0.014977  0.000000  0.005920
                                 0.028339 -1.325838  0.020771 -0.021517 -0.031709  0.852560  0.447970  0.045737  0.042513 -0.008394
                                 0.028339 -1.325838  0.020771  0.021517 -0.031709 -0.852560  0.447970  0.045737  0.042513  0.008394

  12.1  0.00000     1.125104    -0.242786 -0.804229 -0.254375  7.221723 -0.000000 -0.049093  0.000000 -1.067377  0.000000 -1.747067
                                 0.000863  0.010825  0.000000 -0.041305 -0.300580 -0.000000  0.000000  0.041395 -0.000000  0.076915
                                 0.023599 -3.005101 -0.638790  0.077768 -0.078788  1.208418 -0.776969 -0.039199  0.099248  0.153677
                                 0.023599 -3.005101 -0.638790 -0.077768 -0.078788 -1.208418 -0.776969 -0.039199  0.099248 -0.153677

  13.1  0.00000     1.198428    -0.000000 -0.000000 -0.000000  0.000000 -0.012252 -0.000000 -0.209166 -0.000000 -1.825666 -0.000000
                                 0.000000  0.000000 -0.002892 -0.000000 -0.000000  0.094502  0.004058  0.000000  0.012533  0.000000
                                -0.006598  1.026897  0.185278 -0.067516 -0.059339  0.509460  1.145334  0.013782 -0.007164 -0.019600
                                 0.006598 -1.026897 -0.185278 -0.067516  0.059339  0.509460 -1.145334 -0.013782  0.007164 -0.019600

  14.1  0.00000     1.410748    -0.000000 -0.000000 -0.000000 -0.000000  0.083917  0.000000  1.089944  0.000000  1.314933  0.000000
                                -0.000000 -0.000000 -0.000719  0.000000 -0.000000 -0.109616  0.001113  0.000000 -0.000229  0.000000
                                -0.112833 -1.572891 -1.036008 -0.061374  0.035500  1.703787 -1.169093  0.004721  0.069466  0.103737
                                 0.112833  1.572891  1.036008 -0.061374 -0.035500  1.703787  1.169093 -0.004721 -0.069466  0.103737

  15.1  0.00000     1.423855     0.310493  0.820873  0.222733  2.536120  0.000000 -0.095382  0.000000 -0.422447  0.000000 -0.549470
                                 0.003851  0.012499  0.000000  0.006775  0.082530 -0.000000 -0.000000 -0.021229  0.000000 -0.047585
                                -0.102262 -0.976282 -0.410491 -0.112309  0.105354  1.152398 -1.021710 -0.001251 -0.006281 -0.016479
                                -0.102262 -0.976282 -0.410491  0.112309  0.105354 -1.152398 -1.021710 -0.001251 -0.006281  0.016479

  16.1  0.00000     2.038230    -0.000000 -0.000000 -0.000000  0.000000  0.002050  0.000000 -1.791826 -0.000000 -2.802058 -0.000000
                                 0.000000 -0.000000  0.016952 -0.000000 -0.000000  1.753091 -0.116873  0.000000  0.086851  0.000000
                                -0.402163  4.496651  0.250075 -0.172470  0.176466 -1.727482  1.223901 -0.006842 -0.154702 -0.260223
                                 0.402163 -4.496651 -0.250075 -0.172470 -0.176466 -1.727482 -1.223901  0.006842  0.154702 -0.260223

  17.1  0.00000     2.158857    -0.185185 -0.410423 -0.028578 -4.101138 -0.000000  0.064787 -0.000000  0.534225 -0.000000  0.997863
                                -0.008728 -0.003659  0.000000  0.767203  1.233648  0.000000 -0.000000 -0.051291  0.000000 -0.079584
                                -0.257683  2.659545  0.066893 -0.123990 -0.020273 -0.578671  1.140789  0.047491 -0.018540 -0.093988
                                -0.257683  2.659545  0.066893  0.123990 -0.020273  0.578671  1.140789  0.047491 -0.018540  0.093988

  18.1  0.00000     2.213045    -0.050812 -0.082233  0.063647 -5.771089  0.000000  0.086811 -0.000000  0.680858 -0.000000  2.522904
                                 0.004167 -0.001922 -0.000000 -1.122202  0.888972  0.000000 -0.000000 -0.010525  0.000000 -0.058878
                                -0.104313  3.419244  0.156887 -0.036838  0.071003 -1.334426  0.381547 -0.032601 -0.054848 -0.100307
                                -0.104313  3.419244  0.156887  0.036838  0.071003  1.334426  0.381547 -0.032601 -0.054848  0.100307

  19.1  0.00000     2.548833     0.266625  0.567534  0.047601  1.218895  0.000000  0.165765 -0.000000 -0.557680 -0.000000 -0.532556
                                -0.003977 -0.022496 -0.000000  0.264597  0.317675  0.000000 -0.000000  0.049391  0.000000  0.115888
                                 0.928714 -1.899776  0.325147  0.098858 -0.088172  0.424130 -0.107670 -0.037165  0.147786 -0.068797
                                 0.928714 -1.899776  0.325147 -0.098858 -0.088172 -0.424130 -0.107670 -0.037165  0.147786  0.068797

  20.1  0.00000     2.908659    -0.000000 -0.000000 -0.000000  0.000000 -0.289160  0.000000  0.710992 -0.000000 -0.453931  0.000000
                                -0.000000 -0.000000 -0.005527  0.000000  0.000000  0.653201  0.084226  0.000000 -0.098497  0.000000
                                 0.833013 -0.936660  0.550981  0.151176 -0.081191  0.083199 -0.116716  0.120477 -0.105574  0.143952
                                -0.833013  0.936660 -0.550981  0.151176  0.081191  0.083199  0.116716 -0.120477  0.105574  0.143952

  21.1  0.00000     3.490762    -0.027714 -0.075677  0.001479 -1.093537  0.000000 -0.071541  0.000000  0.062390  0.000000  0.337327
                                -0.035841 -0.027050  0.000000  0.436914 -0.076422 -0.000000 -0.000000  0.037212  0.000000 -0.087404
                                -0.295864  0.899553 -0.039580 -0.065340  0.079207 -0.165388  0.201590 -0.116824  0.607412 -0.327202
                                -0.295864  0.899553 -0.039580  0.065340  0.079207  0.165388  0.201590 -0.116824  0.607412  0.327202

  22.1  0.00000     3.664264     0.000000  0.000000  0.000000  0.000000  0.009246 -0.000000  0.047643 -0.000000  0.068994 -0.000000
                                 0.000000  0.000000 -0.059793 -0.000000 -0.000000 -0.343506  0.024718 -0.000000 -0.034096 -0.000000
                                -0.321437  0.082486 -0.211157 -0.268405  0.015938  0.326876 -0.047962  0.500290 -0.163366  0.425622
                                 0.321437 -0.082486  0.211157 -0.268405 -0.015938  0.326876  0.047962 -0.500290  0.163366  0.425622

  23.1  0.00000     3.883908    -0.000000 -0.000000 -0.000000  0.000000 -0.087368  0.000000  0.148571 -0.000000  0.855729 -0.000000
                                -0.000000 -0.000000  0.019771  0.000000  0.000000 -0.425638 -0.159983 -0.000000 -0.066391 -0.000000
                                -0.078698 -0.624483 -0.056039  0.540946  0.608490 -0.263487 -0.642834  0.180260  0.021051 -0.024820
                                 0.078698  0.624483  0.056039  0.540946 -0.608490 -0.263487  0.642834 -0.180260 -0.021051 -0.024820

  24.1  0.00000     3.889503     0.095912  0.221629  0.084016  0.086053 -0.000000  0.001147 -0.000000  0.171791  0.000000  0.354135
                                 0.012543 -0.004259  0.000000 -0.333819 -0.209330 -0.000000 -0.000000  0.175680 -0.000000  0.043219
                                -0.028318 -0.014127 -0.051191  0.346380  0.576113 -0.225579 -0.625494 -0.515523 -0.109328  0.199687
                                -0.028318 -0.014127 -0.051191 -0.346380  0.576113  0.225579 -0.625494 -0.515523 -0.109328 -0.199687

  25.1  0.00000     4.054050    -0.000000 -0.000000 -0.000000 -0.000000  0.588501 -0.000000 -1.763256  0.000000 -0.707884  0.000000
                                -0.000000  0.000000  0.166715  0.000000  0.000000 -0.142362 -0.020527 -0.000000  0.034128 -0.000000
                                -0.189515  1.768687  0.366533  0.373188 -0.428924 -1.219162  1.118469  0.329161 -0.340251 -0.401982
                                 0.189515 -1.768687 -0.366533  0.373188  0.428924 -1.219162 -1.118469 -0.329161  0.340251 -0.401982

  26.1  0.00000     4.163960     0.294044  0.678573  0.271491  3.909772  0.000000  0.753237 -0.000000 -1.564677 -0.000000 -0.697495
                                 0.036227 -0.118311  0.000000 -0.199427 -0.304126  0.000000 -0.000000 -0.040856  0.000000  0.047000
                                 0.041087 -2.146136 -0.297571 -0.543755  0.155382  1.322372 -0.967961 -0.106290  0.148995  0.419380
                                 0.041087 -2.146136 -0.297571  0.543755  0.155382 -1.322372 -0.967961 -0.106290  0.148995 -0.419380

  27.1  0.00000     4.386178     0.227276  0.290007 -0.021721 -1.229532 -0.000000 -0.468071  0.000000  0.377798  0.000000  0.018033
                                -0.078458 -0.092326 -0.000000  0.723592  1.009610  0.000000  0.000000  0.053374 -0.000000  0.143846
                                 0.206407  0.617773 -0.005455 -0.184309  0.515029  0.181777  0.204505  0.611377  0.263500  0.192010
                                 0.206407  0.617773 -0.005455  0.184309  0.515029 -0.181777  0.204505  0.611377  0.263500 -0.192010

  28.1  0.00000     4.586714     0.000000  0.000000 -0.000000  0.000000  0.471285  0.000000 -0.471351 -0.000000  0.105449 -0.000000
                                 0.000000  0.000000 -0.009774 -0.000000 -0.000000  0.329355 -0.033007 -0.000000 -0.121948 -0.000000
                                -0.067163  0.737243  0.059208  0.249213  0.234012 -0.881477 -0.246851 -0.523946 -0.490956  0.397998
                                 0.067163 -0.737243 -0.059208  0.249213 -0.234012 -0.881477  0.246851  0.523946  0.490956  0.397998

  29.1  0.00000     4.876584     0.000000  0.000000  0.000000  0.000000  0.249201  0.000000  2.099311 -0.000000  1.427806 -0.000000
                                 0.000000  0.000000  0.218906 -0.000000 -0.000000 -1.202518  0.183443 -0.000000 -0.216300  0.000000
                                -0.046091 -3.120661 -0.228466  0.448123 -0.375208  1.565187 -0.943166  0.043115  0.834675  0.753073
                                 0.046091  3.120661  0.228466  0.448123  0.375208  1.565187  0.943166 -0.043115 -0.834675  0.753073

  30.1  0.00000     5.163223     0.307314  1.127758  0.727348  3.076207 -0.000000 -0.365767 -0.000000 -0.728068 -0.000000 -0.802663
                                 0.045007  0.159489  0.000000 -0.385642 -0.881919 -0.000000 -0.000000 -0.087826  0.000000  0.443922
                                -0.050466 -2.152455 -0.096499  0.242888 -0.507671  0.802514 -0.770246 -0.341220  0.397169  0.773891
                                -0.050466 -2.152455 -0.096499 -0.242888 -0.507671 -0.802514 -0.770246 -0.341220  0.397169 -0.773891

  31.1  0.00000     5.254067     0.032969 -0.433595 -0.570459 -3.628620 -0.000000 -0.629914 -0.000000  2.261583 -0.000000  0.984272
                                 0.077878 -0.081326 -0.000000 -0.814565  0.249366  0.000000  0.000000 -0.364406 -0.000000  0.114173
                                 0.180438  2.216166  0.105468 -0.646692  0.156917 -0.887537  0.314841 -0.485370 -0.347803 -0.310387
                                 0.180438  2.216166  0.105468  0.646692  0.156917  0.887537  0.314841 -0.485370 -0.347803  0.310387

  32.1  0.00000     5.518917    -0.000000 -0.000000 -0.000000 -0.000000 -0.704580 -0.000000  2.538016  0.000000  0.938679  0.000000
                                -0.000000 -0.000000  0.181403 -0.000000  0.000000 -1.178096 -0.196489 -0.000000  0.540973  0.000000
                                -0.336708 -2.097126 -0.019671  0.462592 -0.348153  0.707064 -0.750395 -0.081626 -0.101263  0.428948
                                 0.336708  2.097126  0.019671  0.462592  0.348153  0.707064  0.750395  0.081626  0.101263  0.428948

  33.1  0.00000     6.585502    -0.449733 -0.669427  0.177307 -0.463666  0.000000  0.443529 -0.000000 -0.855424 -0.000000  0.087680
                                 0.242222 -0.199025  0.000000  0.793215  0.323587 -0.000000 -0.000000 -0.618523 -0.000000  0.662005
                                -0.423178  0.593901  0.014636  0.561964  0.128433 -0.273977  0.515741  0.408543  0.267309 -0.371381
                                -0.423178  0.593901  0.014636 -0.561964  0.128433  0.273977  0.515741  0.408543  0.267309  0.371381

  34.1  0.00000     7.031078     0.506307  0.680590 -0.358796 -0.281184 -0.000000 -0.048262 -0.000000 -0.001527 -0.000000  0.184450
                                 0.880711  0.460413 -0.000000 -0.379499  0.065356  0.000000  0.000000 -0.350636  0.000000 -0.515653
                                 0.339765 -0.144090  0.028976 -0.154557  0.302398  0.135367 -0.287594  0.151539  0.137688  0.007217
                                 0.339765 -0.144090  0.028976  0.154557  0.302398 -0.135367 -0.287594  0.151539  0.137688 -0.007217

  35.1  0.00000     7.076760    -0.000000 -0.000000  0.000000  0.000000  0.626011  0.000000 -1.749153 -0.000000 -0.601801 -0.000000
                                -0.000000 -0.000000 -0.260126  0.000000 -0.000000  0.821506  0.545099  0.000000  0.965861  0.000000
                                 0.597195  0.755970  0.003213 -0.203686  0.542692  0.019856  0.332609  0.502213  0.235162 -0.080646
                                -0.597195 -0.755970 -0.003213 -0.203686 -0.542692  0.019856 -0.332609 -0.502213 -0.235162 -0.080646

  36.1  0.00000     7.158859    -0.479442 -0.598904  0.483108 -1.220718  0.000000 -0.186411 -0.000000  0.642884 -0.000000  0.736671
                                 0.791630 -0.497450  0.000000 -1.184322 -0.063853  0.000000  0.000000  0.714969  0.000000  0.268055
                                -0.210174  0.998542 -0.010857 -0.077407 -0.387067 -0.544498  0.013526 -0.264860 -0.268094  0.156584
                                -0.210174  0.998542 -0.010857  0.077407 -0.387067  0.544498  0.013526 -0.264860 -0.268094 -0.156584

  37.1  0.00000     7.457190    -0.271187 -0.580045 -0.205243  1.166747 -0.000000  0.202042  0.000000  0.007863  0.000000 -0.322439
                                 0.053373  0.977753 -0.000000 -0.377140 -1.127189 -0.000000 -0.000000  0.493034 -0.000000  0.612284
                                -0.497203 -0.214611 -0.088485 -0.056242 -0.248739 -0.158360 -0.048841 -0.177712 -0.266324 -0.234220
                                -0.497203 -0.214611 -0.088485  0.056242 -0.248739  0.158360 -0.048841 -0.177712 -0.266324  0.234220

  38.1  0.00000     7.804837     0.000000 -0.000000 -0.000000  0.000000 -0.475313  0.000000  1.026247  0.000000  0.691147 -0.000000
                                -0.000000  0.000000  0.633374  0.000000 -0.000000 -1.692867  1.172524 -0.000000 -0.152632 -0.000000
                                -0.897853 -0.717500 -0.060067  0.616492 -0.059743  0.131982 -0.034989  0.361936  0.029372 -0.155390
                                 0.897853  0.717500  0.060067  0.616492  0.059743  0.131982  0.034989 -0.361936 -0.029372 -0.155390

  39.1  0.00000     8.304107     0.000000 -0.000000 -0.000000  0.000000  0.392675  0.000000 -2.731337  0.000000 -0.595609  0.000000
                                 0.000000  0.000000  1.100661  0.000000 -0.000000  0.856527 -0.562388 -0.000000  0.315786 -0.000000
                                 0.534016  2.134104 -0.084134 -0.886437  0.604678 -0.901404  0.606538 -0.038469 -0.474601 -0.544019
                                -0.534016 -2.134104  0.084134 -0.886437 -0.604678 -0.901404 -0.606538  0.038469  0.474601 -0.544019

  40.1  0.00000    12.957710     3.809793  5.958213 -2.632892  3.761701 -0.000000  0.346070 -0.000000 -2.717346  0.000000 -1.170182
                                 0.060543 -0.270895  0.000000 -0.101708 -1.206724  0.000000 -0.000000  0.411048  0.000000  0.693706
                                -0.573828 -3.689522  0.089130  0.829480 -0.774889  1.420588 -1.189221 -0.148095  0.408194  0.798384
                                -0.573828 -3.689522  0.089130 -0.829480 -0.774889 -1.420588 -1.189221 -0.148095  0.408194 -0.798384

                                   1 2px     1 2px     1 2px     1 3d2-    1 3d1+    1 3d2-    1 3d1+    1 4f1+    1 4f3+    1 4f2- 
                                   2 2px     2 2px     2 3d2-    2 3d1+    3 2px     3 2px     3 3d2-    3 3d1+ 

   1.2  1.99953    -0.506730     0.356460  0.445093  0.375699 -0.000000 -0.005328 -0.000000 -0.017810  0.001603 -0.004056 -0.000000
                                 0.010188  0.030540 -0.004088  0.002869  0.010188  0.030540  0.004088  0.002869

   2.2  0.00000     0.785699    -0.257549 -0.771551  1.195838 -0.000000  0.009235  0.000000 -0.037711  0.003011 -0.007000 -0.000000
                                -0.011190 -0.009552  0.020168 -0.013849 -0.011190 -0.009552 -0.020168 -0.013849

   3.2  0.00000     0.862741    -0.000000 -0.000000  0.000000  0.027579  0.000000 -0.033587 -0.000000  0.000000 -0.000000  0.016785
                                -0.059647  0.850547 -0.014073  0.026529  0.059647 -0.850547 -0.014073 -0.026529

   4.2  0.00000     0.955515    -0.029479 -0.081455 -1.121840  0.000000 -0.024076 -0.000000  0.003923 -0.005824  0.018388  0.000000
                                -0.072646  1.011105 -0.040950  0.003706 -0.072646  1.011105  0.040950  0.003706

   5.2  0.00000     2.036497     0.004983 -0.057511 -0.719730  0.000000 -0.014812 -0.000000  1.175504 -0.013808  0.003807 -0.000000
                                -0.039281  0.683855  0.019986  0.074411 -0.039281  0.683855 -0.019986  0.074411

   6.2  0.00000     2.065232     0.000000 -0.000000 -0.000000 -0.015252 -0.000000  1.249178  0.000000 -0.000000  0.000000 -0.022881
                                 0.055112 -0.621850  0.061696  0.009148 -0.055112  0.621850  0.061696 -0.009148

   7.2  0.00000     3.355600    -0.086399  0.055681  0.146210  0.000000 -0.019519  0.000000 -0.358395 -0.088591 -0.081519 -0.000000
                                 0.204203 -0.220868  0.377776  0.523839  0.204203 -0.220868 -0.377776  0.523839

   8.2  0.00000     3.586560    -0.000000  0.000000  0.000000 -0.048656 -0.000000 -0.095785 -0.000000 -0.000000 -0.000000  0.115508
                                -0.465544  0.296316  0.380297  0.436624  0.465544 -0.296316  0.380297 -0.436624

   9.2  0.00000     3.804770     0.792507 -0.701345  0.196062 -0.000000  0.042571 -0.000000 -0.312216 -0.080947  0.051598  0.000000
                                -0.581205  0.282427  0.241799  0.053229 -0.581205  0.282427 -0.241799  0.053229

  10.2  0.00000     3.966630    -0.000000  0.000000 -0.000000  0.016765 -0.000000 -0.111497  0.000000 -0.000000  0.000000 -0.180356
                                 0.700633 -0.493848  0.452450  0.188775 -0.700633  0.493848  0.452450 -0.188775

  11.2  0.00000     4.022641     0.524373 -0.147176  0.735662  0.000000  0.004503 -0.000000 -0.408284  0.074246 -0.135776 -0.000000
                                 0.554855 -0.719143  0.453120 -0.416904  0.554855 -0.719143 -0.453120 -0.416904

  12.2  0.00000     4.321829    -0.000000  0.000000 -0.000000  0.108514  0.000000 -1.085051 -0.000000 -0.000000  0.000000 -0.054668
                                 0.074135  0.496612 -0.591816  0.723480 -0.074135 -0.496612 -0.591816 -0.723480

  13.2  0.00000     4.688444    -0.757320  1.469219 -0.120492 -0.000000  0.085748  0.000000 -0.654258 -0.180856  0.222185  0.000000
                                -0.201482 -0.284551  0.587559 -0.332601 -0.201482 -0.284551 -0.587559 -0.332601

  14.2  0.00000     6.057971    -0.052650  0.133871 -0.017322  0.000000 -0.152708 -0.000000 -0.123299  0.950504  0.408683 -0.000000
                                -0.062005 -0.003577  0.267412  0.214093 -0.062005 -0.003577 -0.267412  0.214093

  15.2  0.00000     6.937306     0.191416 -0.546531  0.094783 -0.000000  1.005007  0.000000 -0.256014 -0.055797  0.571461  0.000000
                                 0.261749 -0.015265 -0.238515  0.299385  0.261749 -0.015265  0.238515  0.299385

  16.2  0.00000     6.948407     0.000000 -0.000000 -0.000000  1.173847  0.000000 -0.572845  0.000000 -0.000000  0.000000 -0.134161
                                -0.081697  0.133459  0.149556 -0.053233  0.081697 -0.133459  0.149556  0.053233

  17.2  0.00000     7.002963     0.319409 -0.953899 -0.320230 -0.000000 -0.618153  0.000000  1.076980 -0.448445  0.953519  0.000000
                                 0.409215  0.428785 -0.528730  0.331250  0.409215  0.428785  0.528730  0.331250

  18.2  0.00000     7.245571    -0.000000  0.000000  0.000000  0.210727  0.000000 -1.119742 -0.000000  0.000000 -0.000000  1.297128
                                 0.523188  0.344058 -0.539959  0.447984 -0.523188 -0.344058 -0.539959 -0.447984
 

 Natural orbital dump at molpro section  2140.2    (Orbital set 2)


 CI vector
 =========

 22200 2      0.9891537
 22020 2     -0.0733765
 20202 2     -0.0708991
 2abab 2     -0.0553333
 2baba 2     -0.0553333

 TOTAL ENERGIES                       -76.11028711



 **********************************************************************************************************************************
 DATASETS  * FILE   NREC   LENGTH (MB)   RECORD NAMES
              1      20       11.74       500      610      700      900      950      970     1000      129      960     1100   
                                          VAR    BASINP    GEOM    SYMINP    ZMAT    AOBASIS   BASIS     P2S    ABASIS      S 
                                         1400     1410     1200     1210     1080     1600     1650     1300     1700     1380   
                                           T        V       H0       H01     AOSYM     SMH    MOLCAS    ERIS     OPER     JKOP   

              2       5        0.46       700     1000      520     2101     2140   
                                         GEOM     BASIS   MCVARS     RHF     MCSCF   

 PROGRAMS   *        TOTAL     MULTI        HF       INT
 CPU TIMES  *         1.60      1.13      0.26      0.13
 REAL TIME  *         0.94 SEC
 DISK USED  *        24.98 MB      
 **********************************************************************************************************************************

 Dump information in style MOLDEN to h2o.molden                                                                      

 Molecular orbitals read from record     2140.2  Type=MCSCF/NATURAL (state 1.1)
 Occupation numbers read from record     2140.2  Type=MCSCF/NATURAL (state 1.1)
 Orbital energies read from record       2140.2  Type=MCSCF/NATURAL (state 1.1)
 Redundancy group numbers read from rec  2140.2  Type=MCSCF/NATURAL (state 1.1)
 
 DUMP ORBITAL  1.1 AS ORBITAL    1  occ=    2.0000  eig=  -20.4112  GROUP=   2
 DUMP ORBITAL  1.2 AS ORBITAL    2  occ=    1.9995  eig=   -0.5067  GROUP=   3
 DUMP ORBITAL  2.1 AS ORBITAL    3  occ=    1.9992  eig=   -1.2360  GROUP=   3
 DUMP ORBITAL  3.1 AS ORBITAL    4  occ=    1.9795  eig=   -0.8224  GROUP=   3
 DUMP ORBITAL  4.1 AS ORBITAL    5  occ=    1.9783  eig=   -0.7081  GROUP=   3
 DUMP ORBITAL  5.1 AS ORBITAL    6  occ=    0.0221  eig=    0.7932  GROUP=   3
 DUMP ORBITAL  6.1 AS ORBITAL    7  occ=    0.0214  eig=    0.8065  GROUP=   3

 Total charge:      10.000000

 **********************************************************************************************************************************

        MULTI           HF-SCF  
    -76.11028711    -76.05743580
 **********************************************************************************************************************************
 Variable memory released
