+-------------------------------------------------------------------------+
|              _              |                                           |
| || || ||//  | \          |  | University College London (C) 1994 - 2020 |
| || || ||    | / |/\/\ /\ |  | Open University           (C) 2007 - 2020 |
| \\_// ||\\  | \ | | | \/ |  |                                           |
|                             |                                           |
+-------------------------------------------------------------------------+
| Last revision: 0b11259e                                                 |
| Last author:   Jimena Gorfinkiel                                        |
| Last date:     Thu Oct 13 06:28:40 2022 +0000                           |
+-------------------------------------------------------------------------+


 PROGRAM SCATCI (19 Oct 2009) : 

                         DATE = 20230418

                         TIME = 080027.273


 CONGEN: e + H2 - doublet B1u                                                                                                    
 SCATCI: e + H2 - doublet B1u                                                                                                    
 MGVN =         4     S    =  0.5
 NELT =         3     SZ   =  0.5
 IDIAG=         2     R    =  0.0
 THRES=   0.1D-09     NSYM =    8
 MEGUL=724, NOCSF=      4978
 NPFLG         0   0   0   0   0   0
 in rdnfto-gt: nctgt=                   104                    66
                    66                    41                    90
                    64                    64
 NOB  =       110  54  54  44  58  46  46  12
 NOB0 =        20   8   8   5  10   6   6   0
 NOBC =        75  35  35   0  39  29  29   6
 NDTRF=         1   2 525
 NSRB=  848    LNDOF=     64942    LCDOF=      9848
 nfte =  824        nfti =    16       lembf=  5000       iodr =   1
 MOLECULE SYMMETRY CASE,  SYMTYP = 2

 Prototype CSF option requested

 CI target option requested,
 Vectors to be read from unit NFTG = 26
 Phases for target vectors read in from CONGEN

 Number of target symmetries in expansion,   NTGSYM =    7
 Number of continuum orbitals for each state, NOTGT =   19   17   17    6   35   19   19
 Number of CI components for each state,      NCTGT =       104        66        66        41        90        64        64
 Number of target states of each symmetry,   NUMTGT =    6    2    2    1    2    1    1
 Continuum M projection  for each state,      MCONT =    4    5    6    7    0    1    2

 Diagonalisation of Hamiltonian matrix requested
 SCATCI will expand NOCSF =   4978 prototype CSFs
               into MXCSF =  14036 actual configurations
               and  MOCSF =   4284 dimension final Hamiltonian

 Number of last continuum CSF, NCONT =    296
     ENERGY EXPRESSIONS COMPUTED FOR MOLECULE SYMMETRY CASE - SYMTYP=  2
 All IIII blocks of integrals
                     1                     0                     0
                     0                     0
                     2                     1                     1
                     1                     1
                     3                     2                     2
                     2                     2
                     4                     3                     3
                     3                     3
                     5                     4                     4
                     4                     4
                     6                     5                     5
                     5                     5
                     7                     6                     6
                     6                     6
                     8                     7                     7
                     7                     7
 All IJIJ blocks
                     9                     1                     0
                     1                     0
                    10                     2                     0
                     2                     0
                    11                     2                     1
                     2                     1
                    12                     3                     0
                     3                     0
                    13                     3                     1
                     3                     1
                    14                     3                     2
                     3                     2
                    15                     4                     0
                     4                     0
                    16                     4                     1
                     4                     1
                    17                     4                     2
                     4                     2
                    18                     4                     3
                     4                     3
                    19                     5                     0
                     5                     0
                    20                     5                     1
                     5                     1
                    21                     5                     2
                     5                     2
                    22                     5                     3
                     5                     3
                    23                     5                     4
                     5                     4
                    24                     6                     0
                     6                     0
                    25                     6                     1
                     6                     1
                    26                     6                     2
                     6                     2
                    27                     6                     3
                     6                     3
                    28                     6                     4
                     6                     4
                    29                     6                     5
                     6                     5
                    30                     7                     0
                     7                     0
                    31                     7                     1
                     7                     1
                    32                     7                     2
                     7                     2
                    33                     7                     3
                     7                     3
                    34                     7                     4
                     7                     4
                    35                     7                     5
                     7                     5
                    36                     7                     6
                     7                     6
 The IIJJ blocks of integrals
                    37                     1                     1
                     0                     0
                    38                     2                     2
                     0                     0
                    39                     2                     2
                     1                     1
                    40                     3                     3
                     0                     0
                    41                     3                     3
                     1                     1
                    42                     3                     3
                     2                     2
                    43                     4                     4
                     0                     0
                    44                     4                     4
                     1                     1
                    45                     4                     4
                     2                     2
                    46                     4                     4
                     3                     3
                    47                     5                     5
                     0                     0
                    48                     5                     5
                     1                     1
                    49                     5                     5
                     2                     2
                    50                     5                     5
                     3                     3
                    51                     5                     5
                     4                     4
                    52                     6                     6
                     0                     0
                    53                     6                     6
                     1                     1
                    54                     6                     6
                     2                     2
                    55                     6                     6
                     3                     3
                    56                     6                     6
                     4                     4
                    57                     6                     6
                     5                     5
                    58                     7                     7
                     0                     0
                    59                     7                     7
                     1                     1
                    60                     7                     7
                     2                     2
                    61                     7                     7
                     3                     3
                    62                     7                     7
                     4                     4
                    63                     7                     7
                     5                     5
                    64                     7                     7
                     6                     6
 The IJKL blocks
                    65                     3                     0
                     2                     1
                    66                     3                     1
                     2                     0
                    67                     3                     2
                     1                     0
                    68                     5                     0
                     4                     1
                    69                     5                     1
                     4                     0
                    70                     5                     2
                     4                     3
                    71                     5                     3
                     4                     2
                    72                     5                     4
                     1                     0
                    73                     5                     4
                     3                     2
                    74                     6                     0
                     4                     2
                    75                     6                     0
                     5                     3
                    76                     6                     1
                     4                     3
                    77                     6                     1
                     5                     2
                    78                     6                     2
                     4                     0
                    79                     6                     2
                     5                     1
                    80                     6                     3
                     4                     1
                    81                     6                     3
                     5                     0
                    82                     6                     4
                     2                     0
                    83                     6                     4
                     3                     1
                    84                     6                     5
                     2                     1
                    85                     6                     5
                     3                     0
                    86                     7                     0
                     4                     3
                    87                     7                     0
                     5                     2
                    88                     7                     0
                     6                     1
                    89                     7                     1
                     4                     2
                    90                     7                     1
                     5                     3
                    91                     7                     1
                     6                     0
                    92                     7                     2
                     4                     1
                    93                     7                     2
                     5                     0
                    94                     7                     2
                     6                     3
                    95                     7                     3
                     4                     0
                    96                     7                     3
                     5                     1
                    97                     7                     3
                     6                     2
                    98                     7                     4
                     2                     1
                    99                     7                     4
                     3                     0
                   100                     7                     4
                     6                     5
                   101                     7                     5
                     2                     0
                   102                     7                     5
                     3                     1
                   103                     7                     5
                     6                     4
                   104                     7                     6
                     1                     0
                   105                     7                     6
                     3                     2
                   106                     7                     6
                     5                     4
 NOBE =        55        27        27        22        29        23        23         6
 MBAS =         0       666
 NBASH=         1      1541      1919      2297      2550      2985      3261      3537      3558
   Read wavefunctions from CONGEN and load integrals
 GIVEN NSRBD=                   848
 CALCULATED NSRB=                   848

          Assuming UKRMol+ integrals on input.
 Smallest positive magnitude:  2.225073858507201E-308
 Largest magnitude:  1.797693134862316E+308
 Smallest relative spacing:  1.110223024625157E-016
 Largest relative spacing:  2.220446049250313E-016
 Log10(Base)  0.301029995663981     
 Decimal precision for real(kind=cfp):                    15
 Number of bits in default integer:                    64

 On input SCATCI expects:
 1-electron integrals, NINT1e =0
 2-electron integrals, NINT2e =0

One electron integrals read-in.
Recomputing the 1-particle Hamiltonian integrals for the positron case...
...done

Two electron integrals read-in.

 UKRMol+ integrals read successfully:
 1-electron integrals, NINT1e =22578
 2-electron integrals, NINT2e =11221651

          Nuclear repulsion energy =       0.7137540

          Finished reading UKRMol+ integrals.
   Load CI target and construct matrix elements

 TRANSFORMATION VECTOR   1 FROM SET  1 STATE  1
 SET   1    H2 CI calculation - singlet Ag                                                                                          
          NOCSF=  104    NSTAT=    6    NNUC =    3

 Nuclear data     X         Y         Z       Charge
   H  1        0.000000  0.000000 -0.700521  1.000000
   H  1        0.000000  0.000000  0.700521  1.000000
   sc 2        0.000000  0.000000  0.000000  0.000000
          EIGEN-ENERGIES OF THE REQ. STATES
                       -1.1694761440       -0.5889945846       -0.4442617014       -0.4279116648       -0.0928068499
                       -0.0310178827

 TRANSFORMATION VECTOR   2 FROM SET  1 STATE  2

 TRANSFORMATION VECTOR   3 FROM SET  1 STATE  3

 TRANSFORMATION VECTOR   4 FROM SET  1 STATE  4

 TRANSFORMATION VECTOR   5 FROM SET  1 STATE  5

 TRANSFORMATION VECTOR   6 FROM SET  1 STATE  6

 TRANSFORMATION VECTOR   7 FROM SET  2 STATE  1
 SET   2    H2 CI calculation - singlet B3u                                                                                         
          NOCSF=   66    NSTAT=    2    NNUC =    3

 Nuclear data     X         Y         Z       Charge
   H  1        0.000000  0.000000 -0.700521  1.000000
   H  1        0.000000  0.000000  0.700521  1.000000
   sc 2        0.000000  0.000000  0.000000  0.000000
          EIGEN-ENERGIES OF THE REQ. STATES
                       -0.6016045728       -0.0737065323

 TRANSFORMATION VECTOR   8 FROM SET  2 STATE  2

 TRANSFORMATION VECTOR   9 FROM SET  3 STATE  1
 SET   3    H2 CI calculation - singlet B2u                                                                                         
          NOCSF=   66    NSTAT=    2    NNUC =    3

 Nuclear data     X         Y         Z       Charge
   H  1        0.000000  0.000000 -0.700521  1.000000
   H  1        0.000000  0.000000  0.700521  1.000000
   sc 2        0.000000  0.000000  0.000000  0.000000
          EIGEN-ENERGIES OF THE REQ. STATES
                       -0.6016045728       -0.0737065323

 TRANSFORMATION VECTOR  10 FROM SET  3 STATE  2

 TRANSFORMATION VECTOR  11 FROM SET  4 STATE  1
 SET   4    H2 CI calculation - singlet B1g                                                                                         
          NOCSF=   41    NSTAT=    1    NNUC =    3

 Nuclear data     X         Y         Z       Charge
   H  1        0.000000  0.000000 -0.700521  1.000000
   H  1        0.000000  0.000000  0.700521  1.000000
   sc 2        0.000000  0.000000  0.000000  0.000000
          EIGEN-ENERGIES OF THE REQ. STATES
                       -0.4279116648

 TRANSFORMATION VECTOR  12 FROM SET  5 STATE  1
 SET   5    H2 CI calculation - singlet B1u                                                                                         
          NOCSF=   90    NSTAT=    2    NNUC =    3

 Nuclear data     X         Y         Z       Charge
   H  1        0.000000  0.000000 -0.700521  1.000000
   H  1        0.000000  0.000000  0.700521  1.000000
   sc 2        0.000000  0.000000  0.000000  0.000000
          EIGEN-ENERGIES OF THE REQ. STATES
                       -0.6598141886       -0.2744123661

 TRANSFORMATION VECTOR  13 FROM SET  5 STATE  2

 TRANSFORMATION VECTOR  14 FROM SET  6 STATE  1
 SET   6    H2 CI calculation - singlet B2g                                                                                         
          NOCSF=   64    NSTAT=    1    NNUC =    3

 Nuclear data     X         Y         Z       Charge
   H  1        0.000000  0.000000 -0.700521  1.000000
   H  1        0.000000  0.000000  0.700521  1.000000
   sc 2        0.000000  0.000000  0.000000  0.000000
          EIGEN-ENERGIES OF THE REQ. STATES
                       -0.4349622988

 TRANSFORMATION VECTOR  15 FROM SET  7 STATE  1
 SET   7    H2 CI calculation - singlet B3g                                                                                         
          NOCSF=   64    NSTAT=    1    NNUC =    3

 Nuclear data     X         Y         Z       Charge
   H  1        0.000000  0.000000 -0.700521  1.000000
   H  1        0.000000  0.000000  0.700521  1.000000
   sc 2        0.000000  0.000000  0.000000  0.000000
          EIGEN-ENERGIES OF THE REQ. STATES
                       -0.4349622988

Using an enhancement factor of  1.0000000
     MXCORB SET TO:       100000000


 TOTAL H Matrix     ELEMENTS      =   9178470
 NON-ZERO ELEMENTS evaluated      =   2149979
 Total    prototype ELEMENTS      =  12392731
 Non-zero prototype ELEMENTS      =   1344977

 Number (prototype) integrals     =   1899514
 Compressed (prototype) integrals =   1885410
 Number integrals evaluated       =   9854812
 ===================================================
  inside subroutine --> 'dgmain' --> begins. 
 

  ************************************************************************************************************************

 MATRIX DIAGONALIZATION SECTION
 (RUN)     H2 CI calculation - doublet B1u                                                                                         
  DATA SET FILE NUMBERS AND LENGTH SPECIFICATIONS :
      NFTE =824      NFTW =     25

 NPFLG :      0     0
 NCISET:      1

 NPCVC =    1
 THRHM = 0.10D-14


 (EMX)     e + H2 - doublet B1u                                                                                                    

  4284 Eigenvectors to be computed for
  4284 dimensional final Hamiltonian matrix

   2149979 Hamiltonian elements read from unit NFTE =824
 CI data stored as set number  1

 SET   1    H2 CI calculation - doublet B1u                                                                                         

 MGVN = 4    s =   0.5    sz =   0.5    NELT =    3    NNUC =  3

 Nuclear data     X         Y         Z       Charge
   H  1        0.000000  0.000000 -0.700521  1.000000
   H  1        0.000000  0.000000  0.700521  1.000000
   sc 2        0.000000  0.000000  0.000000  0.000000

 NOCSF= 4284    NSTAT= 4284    EN   =        0.7137539911

 NTGSYM=   7
  I   MCONT  NOTGT
  1      4     19
  2      5     17
  3      6     17
  4      7      6
  5      0     35
  6      1     19
  7      2     19

 EIGEN-ENERGIES
                       -1.1474764613       -1.0965407733       -1.0964443387       -1.0601617439       -0.9453666964
                       -0.9450961500       -0.9139125636       -0.7394458881       -0.7389799011       -0.7067982126
                       -0.6513985361       -0.6198854219       -0.6159088322       -0.5756232812       -0.5613356171
                       -0.5599388763       -0.5544501385       -0.5518940006       -0.5506251973       -0.5503968477
                       -0.5174304131       -0.5169654731       -0.5087671537       -0.5003267204       -0.4940237690
                       -0.4925659183       -0.4916021637       -0.4906607556       -0.4719859823       -0.4661677899
                       -0.4606127681       -0.4453264586       -0.4396383901       -0.4246140365       -0.4185039703
                       -0.4129193367       -0.4105312171       -0.3986232444       -0.3917960102       -0.3814396424
                       -0.3782192009       -0.3711619717       -0.3705349774       -0.3668279136       -0.3645220230
                       -0.3631712585       -0.3600615956       -0.3587322616       -0.3558624061       -0.3558572703
                       -0.3542057397       -0.3530534982       -0.3527052298       -0.3322354481       -0.3316091838
                       -0.3277054899       -0.3112352331       -0.3081243718       -0.3072987664       -0.3036122365
                       -0.3029473936       -0.2912544494       -0.2785264699       -0.2652998717       -0.2603818616
                       -0.2588776443       -0.2323012223       -0.2288413347       -0.2243634020       -0.2197166229
                       -0.2175667299       -0.2131347675       -0.2095387642       -0.2094295593       -0.2048862643
                       -0.2007147279       -0.1988778561       -0.1978832353       -0.1962138062       -0.1679161654
                       -0.1661947973       -0.1658370684       -0.1648728436       -0.1642774994       -0.1577686804
                       -0.1459887929       -0.1391429511       -0.1240324599       -0.1231108958       -0.1226383199
                       -0.1105442839       -0.1050227423       -0.1031663509       -0.0940639082       -0.0818414500
                       -0.0759885093       -0.0712812704       -0.0711833292       -0.0703252385       -0.0671628539
                       -0.0621204520       -0.0605549592       -0.0501845456       -0.0323226443       -0.0291938012
                       -0.0288590314       -0.0240149238       -0.0207127397       -0.0194485949       -0.0116003755
                       -0.0087114982       -0.0039617529       -0.0038586268       -0.0021584827        0.0032510705
                        0.0043992895        0.0111736796        0.0138422119        0.0181183829        0.0191815723
                        0.0198090502        0.0215974997        0.0241775819        0.0313047287        0.0316081933
                        0.0320421994        0.0349849906        0.0362899862        0.0407309291        0.0455310938
                        0.0457283821        0.0642749370        0.0700489322        0.0763613456        0.0805300710
                        0.0839224773        0.0905925670        0.0936400547        0.0944600586        0.1231439519
                        0.1258428614        0.1287474330        0.1325938721        0.1361733431        0.1886549480
                        0.1916331172        0.1931734453        0.1947220260        0.2004962849        0.2026827096
                        0.2152390518        0.2208246762        0.2226361424        0.2230350608        0.2251096937
                        0.2271372757        0.2383770082        0.2433057025        0.2446151036        0.2467194633
                        0.2535094755        0.2585197219        0.2591620266        0.2643621231        0.2674370515
                        0.2740406558        0.2788303520        0.2790498774        0.2907722406        0.2954699761
                        0.2966306693        0.2982473178        0.2993088388        0.3025448422        0.3070057621
                        0.3107778799        0.3148501470        0.3171880376        0.3237790862        0.3250427909
                        0.3319110894        0.3329089697        0.3352237996        0.3415950061        0.3461333791
                        0.3652925765        0.3961656897        0.4001698662        0.4029277416        0.4049906291
                        0.4128628938        0.4202609743        0.4213620946        0.4497453740        0.4616918857
                        0.4622761114        0.4626130980        0.4639830019        0.4681573263        0.4846387599
                        0.4870357080        0.5070716668        0.5105664247        0.5285972967        0.5346338284
                        0.5403640218        0.5486202024        0.5501130541        0.5544822525        0.5833743911
                        0.5874102234        0.5930740922        0.6008735886        0.6075512017        0.6150811401
                        0.6163690001        0.6264746547        0.6400050843        0.6483601809        0.6637867492
                        0.6768703108        0.6794938138        0.6812649732        0.6865044156        0.6869468742
                        0.6885024986        0.6958368347        0.6966170912        0.7013721142        0.7030173180
                        0.7062768169        0.7087041271        0.7168199345        0.7207393334        0.7231425196
                        0.7302310743        0.7431728932        0.7469173441        0.7511995691        0.7642123774
                        0.7673427320        0.7700442792        0.7903106042        0.7912654063        0.7914054462
                        0.8000815754        0.8020341252        0.8048365130        0.8137848166        0.8166723224
                        0.8249856105        0.8442690743        0.8457810180        0.8513052835        0.8594849123
                        0.8623138573        0.8694259664        0.8757757782        0.8871845607        0.8882595396
                        0.8923831487        0.8966484927        0.9060848556        0.9140929315        0.9295460785
                        0.9343626741        0.9448321305        0.9458162419        0.9477526946        0.9520126664
                        0.9526119925        0.9933027241        1.0013476958        1.0061426394        1.0135536735
                        1.0136468920        1.0193458682        1.0260772581        1.0324465630        1.0427341445
                        1.0618813514        1.0709373907        1.0794544018        1.0886374172        1.0895065868
                        1.1177406843        1.1288447175        1.1372294170        1.1400271567        1.1444934682
                        1.1534903315        1.1736987753        1.1933214145        1.2082051160        1.2150594687
                        1.2275115133        1.2325888821        1.2383404830        1.2546503724        1.2637356266
                        1.2676971693        1.2684476295        1.2723177154        1.2735734692        1.2736825516
                        1.2767668780        1.2770324801        1.2822737523        1.2878413838        1.2883178720
                        1.2893834561        1.2921045197        1.2943288999        1.2955375328        1.2975376853
                        1.3007087247        1.3025432694        1.3039835310        1.3043518500        1.3154465118
                        1.3281406058        1.3294083506        1.3644491757        1.3725262015        1.3834057658
                        1.3892586219        1.3942432358        1.4023955878        1.4037650091        1.4055286159
                        1.4142296960        1.4273846827        1.4350788305        1.4686609442        1.4694713806
                        1.4721357583        1.4729246085        1.4735177168        1.4788102434        1.4854405278
                        1.4868979972        1.4984725612        1.5016028744        1.5030537740        1.5058783004
                        1.5261214250        1.5317805590        1.5360165273        1.5415584213        1.5484819298
                        1.5558846411        1.5634591789        1.5712645495        1.5773305375        1.5859449604
                        1.5939547418        1.6079899694        1.6208326227        1.6218392145        1.6252789226
                        1.6598715562        1.6649548868        1.6793329868        1.6801443301        1.6860549016
                        1.6888456031        1.7144461254        1.7288056709        1.7365008609        1.7394407522
                        1.7522553780        1.7740815046        1.7752404966        1.7807974994        1.7932225261
                        1.7944064233        1.8005999261        1.8079350783        1.8396850166        1.8422890691
                        1.8433630070        1.8639985478        1.8810950317        1.8830291486        1.8839354178
                        1.8875778899        1.8950271013        1.8986343846        1.9057846376        1.9087218782
                        1.9126929317        1.9246231254        1.9249144162        1.9277243689        1.9294093159
                        1.9397285097        1.9470226864        1.9487885143        1.9658152483        1.9677899650
