+-------------------------------------------------------------------------+
|              _              |                                           |
| || || ||//  | \          |  | University College London (C) 1994 - 2020 |
| || || ||    | / |/\/\ /\ |  | Open University           (C) 2007 - 2020 |
| \\_// ||\\  | \ | | | \/ |  |                                           |
|                             |                                           |
+-------------------------------------------------------------------------+
| Last revision: b034153                                                  |
| Last author:   Jimena Gorfinkiel                                        |
| Last date:     Wed Oct 26 08:42:12 2022 +0000                           |
+-------------------------------------------------------------------------+
 Smallest positive magnitude:  2.225073858507201E-308
 Largest magnitude:  1.797693134862316E+308
 Smallest relative spacing:  1.110223024625157E-016
 Largest relative spacing:  2.220446049250313E-016
 Log10(Base)  0.301029995663981     
 Decimal precision for real(kind=cfp):                    15
 Number of bits in default integer:                    64


 Program RSOLVE  (last modified 05-Jan-2004 )

e + H2 - doublet B3g - K-matrices                           20230418  080253.462

 Symmetry data  MGVN = 6 STOT = 2 GUTOT = 0

 Fixed nuclei calculation for R = 0.000

 Input datasets:                                 Unit  Set numbers
 Target and channel data     LUCHAN (UNFORMATTED) 10       1
 Fixed nuclei R-matrix data  LURMT  (UNFORMATTED) 21       1

 Output datasets:                                Unit  Set number
 K-matrices                  LUKMT  (UNFORMATTED)926       1

 K-matrices will be calculated for 6017 energies in the range [  0.0001,  6.0010] EV 

 *** FIXED NUCLEI DATA ***

 R-matrix data has been read from set number  1 on unit number 21
 Header :e + H2 - doublet B3g                                        20230418  080253.330

 Dimension of Hamiltonian matrix           =      3598
 Number of CI vectors stored on file       =    0
 Maximum multipole in asymptotic potential =    2
 R-matrix radius                           =   13.0000

 Maximum multipole USED in asymptotic scattering potentials   ISMAX =  2

 *** FIXED NUCLEI DATA ***

 Target and channel data is read from set  1 on unit 10

 Target state    Spin    M    G/U  Energy (au)
         1         1     0     0   -1.169476
         2         1     4     0   -0.659814
         3         1     2     0   -0.601605
         4         1     1     0   -0.601605
         5         1     0     0   -0.588995
         6         1     0     0   -0.444262
         7         1     6     0   -0.434962
         8         1     5     0   -0.434962
         9         1     0     0   -0.427912
        10         1     3     0   -0.427912
        11         1     4     0   -0.274412
        12         1     0     0   -0.092807
        13         1     2     0   -0.073707
        14         1     1     0   -0.073707
        15         1     0     0   -0.031018

 Channel   Vibronic level   L   M  Threshold (Ryd)
    1              1        2  -1    0.000000
    2              1        4  -3    0.000000
    3              1        4  -1    0.000000
    4              2        1  -1    1.019324
    5              2        3  -3    1.019324
    6              2        3  -1    1.019324
    7              3        1   0    1.135743
    8              3        3   0    1.135743
    9              3        3   2    1.135743
   10              4        3  -2    1.135743
   11              5        2  -1    1.160963
   12              5        4  -3    1.160963
   13              5        4  -1    1.160963
   14              6        2  -1    1.450429
   15              6        4  -3    1.450429
   16              6        4  -1    1.450429
   17              7        0   0    1.469028
   18              7        2   0    1.469028
   19              7        2   2    1.469028
   20              7        4   0    1.469028
   21              7        4   2    1.469028
   22              7        4   4    1.469028
   23              8        2  -2    1.469028
   24              8        4  -4    1.469028
   25              8        4  -2    1.469028
   26              9        2  -1    1.483129
   27              9        4  -3    1.483129
   28              9        4  -1    1.483129
   29             10        2   1    1.483129
   30             10        4   1    1.483129
   31             10        4   3    1.483129
   32             11        1  -1    1.790128
   33             11        3  -3    1.790128
   34             11        3  -1    1.790128
   35             12        2  -1    2.153339
   36             12        4  -3    2.153339
   37             12        4  -1    2.153339
   38             13        1   0    2.191539
   39             13        3   0    2.191539
   40             13        3   2    2.191539
   41             14        3  -2    2.191539
   42             15        2  -1    2.276917
   43             15        4  -3    2.276917
   44             15        4  -1    2.276917

 R-matrix data has been read from set number  1 on unit number 21
 Header :e + H2 - doublet B3g                                        20230418  080253.330

 Dimension of Hamiltonian matrix           =      3598
 Number of CI vectors stored on file       =    0
 Maximum multipole in asymptotic potential =    2
 R-matrix radius                           =   13.0000
 IWRON                     0

 ASYMPTOTIC METHOD SELECTED : GAILITIS      
 EXPANSION USED AT RADIUS =   70.0000

 R-MATRIX WILL BE PROPAGATED ACROSS  6 SUBRANGES

 K-matrices will be written to set 1 on unit 926
 ASYWFN WARNING IN CHANNEL J =  1  LJ =  2  ET(J) =    0.00001   ET(1) =    0.00001 RYD
 ASYWFN WARNING IN CHANNEL J =  2  LJ =  4  ET(J) =    0.00001   ET(1) =    0.00001 RYD
 ASYWFN WARNING IN CHANNEL J =  3  LJ =  4  ET(J) =    0.00001   ET(1) =    0.00001 RYD
 ASYWFN WARNING IN CHANNEL J =  1  LJ =  2  ET(J) =    0.00001   ET(1) =    0.00001 RYD
 ASYWFN WARNING IN CHANNEL J =  2  LJ =  4  ET(J) =    0.00001   ET(1) =    0.00001 RYD
 ASYWFN WARNING IN CHANNEL J =  3  LJ =  4  ET(J) =    0.00001   ET(1) =    0.00001 RYD
 ASYWFN WARNING IN CHANNEL J =  1  LJ =  2  ET(J) =    0.00002   ET(1) =    0.00002 RYD
 ASYWFN WARNING IN CHANNEL J =  2  LJ =  4  ET(J) =    0.00002   ET(1) =    0.00002 RYD
 ASYWFN WARNING IN CHANNEL J =  3  LJ =  4  ET(J) =    0.00002   ET(1) =    0.00002 RYD
 ASYWFN WARNING IN CHANNEL J =  1  LJ =  2  ET(J) =    0.00002   ET(1) =    0.00002 RYD
 ASYWFN WARNING IN CHANNEL J =  2  LJ =  4  ET(J) =    0.00002   ET(1) =    0.00002 RYD
 ASYWFN WARNING IN CHANNEL J =  3  LJ =  4  ET(J) =    0.00002   ET(1) =    0.00002 RYD
 ASYWFN WARNING IN CHANNEL J =  1  LJ =  2  ET(J) =    0.00003   ET(1) =    0.00003 RYD
 ASYWFN WARNING IN CHANNEL J =  2  LJ =  4  ET(J) =    0.00003   ET(1) =    0.00003 RYD
 ASYWFN WARNING IN CHANNEL J =  3  LJ =  4  ET(J) =    0.00003   ET(1) =    0.00003 RYD
 ASYWFN WARNING IN CHANNEL J =  1  LJ =  2  ET(J) =    0.00003   ET(1) =    0.00003 RYD
 ASYWFN WARNING IN CHANNEL J =  2  LJ =  4  ET(J) =    0.00003   ET(1) =    0.00003 RYD
 ASYWFN WARNING IN CHANNEL J =  3  LJ =  4  ET(J) =    0.00003   ET(1) =    0.00003 RYD
 ASYWFN WARNING IN CHANNEL J =  1  LJ =  2  ET(J) =    0.00003   ET(1) =    0.00003 RYD
 ASYWFN WARNING IN CHANNEL J =  2  LJ =  4  ET(J) =    0.00003   ET(1) =    0.00003 RYD
 ASYWFN WARNING IN CHANNEL J =  3  LJ =  4  ET(J) =    0.00003   ET(1) =    0.00003 RYD
 ASYWFN WARNING IN CHANNEL J =  1  LJ =  2  ET(J) =    0.00004   ET(1) =    0.00004 RYD
 ASYWFN WARNING IN CHANNEL J =  2  LJ =  4  ET(J) =    0.00004   ET(1) =    0.00004 RYD
 ASYWFN WARNING IN CHANNEL J =  3  LJ =  4  ET(J) =    0.00004   ET(1) =    0.00004 RYD
 ASYWFN WARNING IN CHANNEL J =  1  LJ =  2  ET(J) =    0.00004   ET(1) =    0.00004 RYD
 ASYWFN WARNING IN CHANNEL J =  2  LJ =  4  ET(J) =    0.00004   ET(1) =    0.00004 RYD
 ASYWFN WARNING IN CHANNEL J =  3  LJ =  4  ET(J) =    0.00004   ET(1) =    0.00004 RYD
 ASYWFN WARNING IN CHANNEL J =  1  LJ =  2  ET(J) =    0.00004   ET(1) =    0.00004 RYD
 ASYWFN WARNING IN CHANNEL J =  2  LJ =  4  ET(J) =    0.00004   ET(1) =    0.00004 RYD
 ASYWFN WARNING IN CHANNEL J =  3  LJ =  4  ET(J) =    0.00004   ET(1) =    0.00004 RYD
 ASYWFN WARNING IN CHANNEL J =  1  LJ =  2  ET(J) =    0.00005   ET(1) =    0.00005 RYD
 ASYWFN WARNING IN CHANNEL J =  2  LJ =  4  ET(J) =    0.00005   ET(1) =    0.00005 RYD
 ASYWFN WARNING IN CHANNEL J =  3  LJ =  4  ET(J) =    0.00005   ET(1) =    0.00005 RYD
 ASYWFN WARNING IN CHANNEL J =  2  LJ =  4  ET(J) =    0.00005   ET(1) =    0.00005 RYD
 ASYWFN WARNING IN CHANNEL J =  3  LJ =  4  ET(J) =    0.00005   ET(1) =    0.00005 RYD
 ASYWFN WARNING IN CHANNEL J =  2  LJ =  4  ET(J) =    0.00006   ET(1) =    0.00006 RYD
 ASYWFN WARNING IN CHANNEL J =  3  LJ =  4  ET(J) =    0.00006   ET(1) =    0.00006 RYD
 ASYWFN WARNING IN CHANNEL J =  2  LJ =  4  ET(J) =    0.00006   ET(1) =    0.00006 RYD
 ASYWFN WARNING IN CHANNEL J =  3  LJ =  4  ET(J) =    0.00006   ET(1) =    0.00006 RYD
 ASYWFN WARNING IN CHANNEL J =  2  LJ =  4  ET(J) =    0.00006   ET(1) =    0.00006 RYD
 ASYWFN WARNING IN CHANNEL J =  3  LJ =  4  ET(J) =    0.00006   ET(1) =    0.00006 RYD
 ASYWFN WARNING IN CHANNEL J =  2  LJ =  4  ET(J) =    0.00007   ET(1) =    0.00007 RYD
 ASYWFN WARNING IN CHANNEL J =  3  LJ =  4  ET(J) =    0.00007   ET(1) =    0.00007 RYD
 ASYWFN WARNING IN CHANNEL J =  2  LJ =  4  ET(J) =    0.00007   ET(1) =    0.00007 RYD
 ASYWFN WARNING IN CHANNEL J =  3  LJ =  4  ET(J) =    0.00007   ET(1) =    0.00007 RYD
 ASYWFN WARNING IN CHANNEL J =  2  LJ =  4  ET(J) =    0.00007   ET(1) =    0.00007 RYD
 ASYWFN WARNING IN CHANNEL J =  3  LJ =  4  ET(J) =    0.00007   ET(1) =    0.00007 RYD

Number of energy points for which the K matrices have actually been calculated:      0

 *** Task successfully completed ***
