+-------------------------------------------------------------------------+
|              _              |                                           |
| || || ||//  | \          |  | University College London (C) 1994 - 2020 |
| || || ||    | / |/\/\ /\ |  | Open University           (C) 2007 - 2020 |
| \\_// ||\\  | \ | | | \/ |  |                                           |
|                             |                                           |
+-------------------------------------------------------------------------+
| Last revision: 0b11259e                                                 |
| Last author:   Jimena Gorfinkiel                                        |
| Last date:     Thu Oct 13 06:28:40 2022 +0000                           |
+-------------------------------------------------------------------------+


 PROGRAM SCATCI (19 Oct 2009) : 

                         DATE = 20230418

                         TIME = 080341.073


 CONGEN: e + H2 - doublet Au                                                                                                     
 SCATCI: e + H2 - doublet Au                                                                                                     
 MGVN =         7     S    =  0.5
 NELT =         3     SZ   =  0.5
 IDIAG=         2     R    =  0.0
 THRES=   0.1D-09     NSYM =    8
 MEGUL=727, NOCSF=      3348
 NPFLG         0   0   0   0   0   0
 in rdnfto-gt: nctgt=                   104                    66
                    66                    41                    90
                    64                    64
 NOB  =       110  54  54  44  58  46  46  12
 NOB0 =        20   8   8   5  10   6   6   0
 NOBC =         0  35  35  27  39  29  29   6
 NDTRF=         1 221 734
 NSRB=  848    LNDOF=     44298    LCDOF=      6678
 nfte =  827        nfti =    16       lembf=  5000       iodr =   1
 MOLECULE SYMMETRY CASE,  SYMTYP = 2

 Prototype CSF option requested

 CI target option requested,
 Vectors to be read from unit NFTG = 26
 Phases for target vectors read in from CONGEN

 Number of target symmetries in expansion,   NTGSYM =    7
 Number of continuum orbitals for each state, NOTGT =    6   17   17   19   17   19   19
 Number of CI components for each state,      NCTGT =       104        66        66        41        90        64        64
 Number of target states of each symmetry,   NUMTGT =    6    2    2    1    2    1    1
 Continuum M projection  for each state,      MCONT =    7    6    5    4    3    2    1

 Diagonalisation of Hamiltonian matrix requested
 SCATCI will expand NOCSF =   3348 prototype CSFs
               into MXCSF =   9967 actual configurations
               and  MOCSF =   2553 dimension final Hamiltonian

 Number of last continuum CSF, NCONT =    195
     ENERGY EXPRESSIONS COMPUTED FOR MOLECULE SYMMETRY CASE - SYMTYP=  2
 All IIII blocks of integrals
                     1                     0                     0
                     0                     0
                     2                     1                     1
                     1                     1
                     3                     2                     2
                     2                     2
                     4                     3                     3
                     3                     3
                     5                     4                     4
                     4                     4
                     6                     5                     5
                     5                     5
                     7                     6                     6
                     6                     6
                     8                     7                     7
                     7                     7
 All IJIJ blocks
                     9                     1                     0
                     1                     0
                    10                     2                     0
                     2                     0
                    11                     2                     1
                     2                     1
                    12                     3                     0
                     3                     0
                    13                     3                     1
                     3                     1
                    14                     3                     2
                     3                     2
                    15                     4                     0
                     4                     0
                    16                     4                     1
                     4                     1
                    17                     4                     2
                     4                     2
                    18                     4                     3
                     4                     3
                    19                     5                     0
                     5                     0
                    20                     5                     1
                     5                     1
                    21                     5                     2
                     5                     2
                    22                     5                     3
                     5                     3
                    23                     5                     4
                     5                     4
                    24                     6                     0
                     6                     0
                    25                     6                     1
                     6                     1
                    26                     6                     2
                     6                     2
                    27                     6                     3
                     6                     3
                    28                     6                     4
                     6                     4
                    29                     6                     5
                     6                     5
                    30                     7                     0
                     7                     0
                    31                     7                     1
                     7                     1
                    32                     7                     2
                     7                     2
                    33                     7                     3
                     7                     3
                    34                     7                     4
                     7                     4
                    35                     7                     5
                     7                     5
                    36                     7                     6
                     7                     6
 The IIJJ blocks of integrals
                    37                     1                     1
                     0                     0
                    38                     2                     2
                     0                     0
                    39                     2                     2
                     1                     1
                    40                     3                     3
                     0                     0
                    41                     3                     3
                     1                     1
                    42                     3                     3
                     2                     2
                    43                     4                     4
                     0                     0
                    44                     4                     4
                     1                     1
                    45                     4                     4
                     2                     2
                    46                     4                     4
                     3                     3
                    47                     5                     5
                     0                     0
                    48                     5                     5
                     1                     1
                    49                     5                     5
                     2                     2
                    50                     5                     5
                     3                     3
                    51                     5                     5
                     4                     4
                    52                     6                     6
                     0                     0
                    53                     6                     6
                     1                     1
                    54                     6                     6
                     2                     2
                    55                     6                     6
                     3                     3
                    56                     6                     6
                     4                     4
                    57                     6                     6
                     5                     5
                    58                     7                     7
                     0                     0
                    59                     7                     7
                     1                     1
                    60                     7                     7
                     2                     2
                    61                     7                     7
                     3                     3
                    62                     7                     7
                     4                     4
                    63                     7                     7
                     5                     5
                    64                     7                     7
                     6                     6
 The IJKL blocks
                    65                     3                     0
                     2                     1
                    66                     3                     1
                     2                     0
                    67                     3                     2
                     1                     0
                    68                     5                     0
                     4                     1
                    69                     5                     1
                     4                     0
                    70                     5                     2
                     4                     3
                    71                     5                     3
                     4                     2
                    72                     5                     4
                     1                     0
                    73                     5                     4
                     3                     2
                    74                     6                     0
                     4                     2
                    75                     6                     0
                     5                     3
                    76                     6                     1
                     4                     3
                    77                     6                     1
                     5                     2
                    78                     6                     2
                     4                     0
                    79                     6                     2
                     5                     1
                    80                     6                     3
                     4                     1
                    81                     6                     3
                     5                     0
                    82                     6                     4
                     2                     0
                    83                     6                     4
                     3                     1
                    84                     6                     5
                     2                     1
                    85                     6                     5
                     3                     0
                    86                     7                     0
                     4                     3
                    87                     7                     0
                     5                     2
                    88                     7                     0
                     6                     1
                    89                     7                     1
                     4                     2
                    90                     7                     1
                     5                     3
                    91                     7                     1
                     6                     0
                    92                     7                     2
                     4                     1
                    93                     7                     2
                     5                     0
                    94                     7                     2
                     6                     3
                    95                     7                     3
                     4                     0
                    96                     7                     3
                     5                     1
                    97                     7                     3
                     6                     2
                    98                     7                     4
                     2                     1
                    99                     7                     4
                     3                     0
                   100                     7                     4
                     6                     5
                   101                     7                     5
                     2                     0
                   102                     7                     5
                     3                     1
                   103                     7                     5
                     6                     4
                   104                     7                     6
                     1                     0
                   105                     7                     6
                     3                     2
                   106                     7                     6
                     5                     4
 NOBE =        55        27        27        22        29        23        23         6
 MBAS =         0       666
 NBASH=         1      1541      1919      2297      2550      2985      3261      3537      3558
   Read wavefunctions from CONGEN and load integrals
 GIVEN NSRBD=                   848
 CALCULATED NSRB=                   848

          Assuming UKRMol+ integrals on input.
 Smallest positive magnitude:  2.225073858507201E-308
 Largest magnitude:  1.797693134862316E+308
 Smallest relative spacing:  1.110223024625157E-016
 Largest relative spacing:  2.220446049250313E-016
 Log10(Base)  0.301029995663981     
 Decimal precision for real(kind=cfp):                    15
 Number of bits in default integer:                    64

 On input SCATCI expects:
 1-electron integrals, NINT1e =0
 2-electron integrals, NINT2e =0

One electron integrals read-in.
Recomputing the 1-particle Hamiltonian integrals for the positron case...
...done

Two electron integrals read-in.

 UKRMol+ integrals read successfully:
 1-electron integrals, NINT1e =22578
 2-electron integrals, NINT2e =11221651

          Nuclear repulsion energy =       0.7137540

          Finished reading UKRMol+ integrals.
   Load CI target and construct matrix elements

 TRANSFORMATION VECTOR   1 FROM SET  1 STATE  1
 SET   1    H2 CI calculation - singlet Ag                                                                                          
          NOCSF=  104    NSTAT=    6    NNUC =    3

 Nuclear data     X         Y         Z       Charge
   H  1        0.000000  0.000000 -0.700521  1.000000
   H  1        0.000000  0.000000  0.700521  1.000000
   sc 2        0.000000  0.000000  0.000000  0.000000
          EIGEN-ENERGIES OF THE REQ. STATES
                       -1.1694761440       -0.5889945846       -0.4442617014       -0.4279116648       -0.0928068499
                       -0.0310178827

 TRANSFORMATION VECTOR   2 FROM SET  1 STATE  2

 TRANSFORMATION VECTOR   3 FROM SET  1 STATE  3

 TRANSFORMATION VECTOR   4 FROM SET  1 STATE  4

 TRANSFORMATION VECTOR   5 FROM SET  1 STATE  5

 TRANSFORMATION VECTOR   6 FROM SET  1 STATE  6

 TRANSFORMATION VECTOR   7 FROM SET  2 STATE  1
 SET   2    H2 CI calculation - singlet B3u                                                                                         
          NOCSF=   66    NSTAT=    2    NNUC =    3

 Nuclear data     X         Y         Z       Charge
   H  1        0.000000  0.000000 -0.700521  1.000000
   H  1        0.000000  0.000000  0.700521  1.000000
   sc 2        0.000000  0.000000  0.000000  0.000000
          EIGEN-ENERGIES OF THE REQ. STATES
                       -0.6016045728       -0.0737065323

 TRANSFORMATION VECTOR   8 FROM SET  2 STATE  2

 TRANSFORMATION VECTOR   9 FROM SET  3 STATE  1
 SET   3    H2 CI calculation - singlet B2u                                                                                         
          NOCSF=   66    NSTAT=    2    NNUC =    3

 Nuclear data     X         Y         Z       Charge
   H  1        0.000000  0.000000 -0.700521  1.000000
   H  1        0.000000  0.000000  0.700521  1.000000
   sc 2        0.000000  0.000000  0.000000  0.000000
          EIGEN-ENERGIES OF THE REQ. STATES
                       -0.6016045728       -0.0737065323

 TRANSFORMATION VECTOR  10 FROM SET  3 STATE  2

 TRANSFORMATION VECTOR  11 FROM SET  4 STATE  1
 SET   4    H2 CI calculation - singlet B1g                                                                                         
          NOCSF=   41    NSTAT=    1    NNUC =    3

 Nuclear data     X         Y         Z       Charge
   H  1        0.000000  0.000000 -0.700521  1.000000
   H  1        0.000000  0.000000  0.700521  1.000000
   sc 2        0.000000  0.000000  0.000000  0.000000
          EIGEN-ENERGIES OF THE REQ. STATES
                       -0.4279116648

 TRANSFORMATION VECTOR  12 FROM SET  5 STATE  1
 SET   5    H2 CI calculation - singlet B1u                                                                                         
          NOCSF=   90    NSTAT=    2    NNUC =    3

 Nuclear data     X         Y         Z       Charge
   H  1        0.000000  0.000000 -0.700521  1.000000
   H  1        0.000000  0.000000  0.700521  1.000000
   sc 2        0.000000  0.000000  0.000000  0.000000
          EIGEN-ENERGIES OF THE REQ. STATES
                       -0.6598141886       -0.2744123661

 TRANSFORMATION VECTOR  13 FROM SET  5 STATE  2

 TRANSFORMATION VECTOR  14 FROM SET  6 STATE  1
 SET   6    H2 CI calculation - singlet B2g                                                                                         
          NOCSF=   64    NSTAT=    1    NNUC =    3

 Nuclear data     X         Y         Z       Charge
   H  1        0.000000  0.000000 -0.700521  1.000000
   H  1        0.000000  0.000000  0.700521  1.000000
   sc 2        0.000000  0.000000  0.000000  0.000000
          EIGEN-ENERGIES OF THE REQ. STATES
                       -0.4349622988

 TRANSFORMATION VECTOR  15 FROM SET  7 STATE  1
 SET   7    H2 CI calculation - singlet B3g                                                                                         
          NOCSF=   64    NSTAT=    1    NNUC =    3

 Nuclear data     X         Y         Z       Charge
   H  1        0.000000  0.000000 -0.700521  1.000000
   H  1        0.000000  0.000000  0.700521  1.000000
   sc 2        0.000000  0.000000  0.000000  0.000000
          EIGEN-ENERGIES OF THE REQ. STATES
                       -0.4349622988

Using an enhancement factor of  1.0000000
     MXCORB SET TO:       100000000


 TOTAL H Matrix     ELEMENTS      =   3260181
 NON-ZERO ELEMENTS evaluated      =    918367
 Total    prototype ELEMENTS      =   5606226
 Non-zero prototype ELEMENTS      =    483092

 Number (prototype) integrals     =    789006
 Compressed (prototype) integrals =    775042
 Number integrals evaluated       =   4792778
 ===================================================
  inside subroutine --> 'dgmain' --> begins. 
 

  ************************************************************************************************************************

 MATRIX DIAGONALIZATION SECTION
 (RUN)     H2 CI calculation - doublet Au                                                                                          
  DATA SET FILE NUMBERS AND LENGTH SPECIFICATIONS :
      NFTE =827      NFTW =     25

 NPFLG :      0     0
 NCISET:      1

 NPCVC =    1
 THRHM = 0.10D-14


 (EMX)     e + H2 - doublet Au                                                                                                     

  2553 Eigenvectors to be computed for
  2553 dimensional final Hamiltonian matrix

    918367 Hamiltonian elements read from unit NFTE =827
 CI data stored as set number  1

 SET   1    H2 CI calculation - doublet Au                                                                                          

 MGVN = 7    s =   0.5    sz =   0.5    NELT =    3    NNUC =  3

 Nuclear data     X         Y         Z       Charge
   H  1        0.000000  0.000000 -0.700521  1.000000
   H  1        0.000000  0.000000  0.700521  1.000000
   sc 2        0.000000  0.000000  0.000000  0.000000

 NOCSF= 2553    NSTAT= 2553    EN   =        0.7137539911

 NTGSYM=   7
  I   MCONT  NOTGT
  1      7      6
  2      6     17
  3      5     17
  4      4     19
  5      3     17
  6      2     19
  7      1     19

 EIGEN-ENERGIES
                       -1.0965407731       -0.9453666853       -0.7394457559       -0.6159085441       -0.5613353663
                       -0.5557223801       -0.5518939788       -0.5503968476       -0.5169653444       -0.5003207587
                       -0.4940237690       -0.4925659093       -0.4912744251       -0.4906607540       -0.4661669235
                       -0.4453237311       -0.4320643515       -0.4105284247       -0.4076531920       -0.3986165765
                       -0.3782189816       -0.3705348899       -0.3668279093       -0.3631709254       -0.3600813449
                       -0.3600614822       -0.3587322588       -0.3558613296       -0.3542057278       -0.3536828790
                       -0.3527038956       -0.3322182718       -0.3112352276       -0.3081238912       -0.3052887494
                       -0.3036120186       -0.3029695327       -0.3029191802       -0.2652270374       -0.2603661614
                       -0.2450929879       -0.2288404677       -0.2175648738       -0.2095387504       -0.2094256009
                       -0.2048833714       -0.2039131830       -0.1978834171       -0.1971870694       -0.1961622211
                       -0.1658363130       -0.1648633063       -0.1642774988       -0.1459557379       -0.1352363492
                       -0.1231089504       -0.1226382327       -0.1049972580       -0.0940458987       -0.0759884199
                       -0.0712768301       -0.0621182374       -0.0605363410       -0.0599629235       -0.0291880254
                       -0.0267677444       -0.0237969518       -0.0194482068       -0.0086643481       -0.0039557561
                        0.0032632933        0.0043992900        0.0048721055        0.0111929442        0.0132713255
                        0.0181189928        0.0192186508        0.0198890540        0.0217992591        0.0241776004
                        0.0316082568        0.0349849907        0.0362899969        0.0368993502        0.0457284158
                        0.0764185505        0.0936790255        0.0944657232        0.1000381191        0.1055638407
                        0.1258560249        0.1326147195        0.1916360115        0.1947398090        0.2005054211
                        0.2208246876        0.2226367683        0.2251103706        0.2258868280        0.2272637050
                        0.2383789843        0.2446407728        0.2585465487        0.2644040717        0.2674397865
                        0.2690062290        0.2741662849        0.2791374101        0.2816041805        0.2956782830
                        0.2972200456        0.2982563352        0.2993545323        0.3109516884        0.3111413594
                        0.3147399364        0.3178462611        0.3256143537        0.3332068113        0.3419407742
                        0.3441771735        0.3685417674        0.4029980440        0.4112176359        0.4217743056
                        0.4347004147        0.4616920144        0.4622795037        0.4681589640        0.4702117190
                        0.4883872616        0.5107213225        0.5346667642        0.5373937359        0.5487392453
                        0.5552469341        0.5701311599        0.5931986304        0.6008963329        0.6156987615
                        0.6167801613        0.6400391098        0.6823153030        0.6862862624        0.6869568971
                        0.6927257791        0.6976584566        0.7060828798        0.7064216175        0.7156326657
                        0.7162613476        0.7208644259        0.7416850472        0.7489857489        0.7638335792
                        0.7639400431        0.7904480175        0.7912654981        0.7933256663        0.8017566651
                        0.8033932483        0.8058169316        0.8402460343        0.8586678080        0.8692370660
                        0.8758906740        0.8872880750        0.8881790448        0.8923638828        0.8960648048
                        0.9018766032        0.9211308837        0.9287130436        0.9448311262        0.9477532152
                        0.9526143905        0.9545779542        0.9936706710        1.0081544739        1.0146296777
                        1.0260709276        1.0711623593        1.0859442885        1.0886578251        1.1372890248
                        1.1449663074        1.1540747652        1.2088494387        1.2522581190        1.2723621132
                        1.2734631981        1.2768291369        1.2822835704        1.2845100984        1.2879154357
                        1.2880109587        1.2920559498        1.2922448920        1.2978344211        1.2993964186
                        1.3013772487        1.3040262230        1.3052064568        1.3125007781        1.3180032166
                        1.3343620134        1.3369081963        1.3526304717        1.3931198962        1.4038444749
                        1.4171712785        1.4328468841        1.4356981384        1.4428999214        1.4693632557
                        1.4722020111        1.4735137811        1.4788192381        1.4809168608        1.4856203728
                        1.4957054255        1.4992827138        1.5064966507        1.5136411320        1.5369036454
                        1.5526168344        1.5552783683        1.5604381502        1.5775130236        1.5777335052
                        1.6077734481        1.6198167114        1.6214205252        1.6799474722        1.6855680097
                        1.6968127423        1.7395872532        1.7763641566        1.7961747241        1.8015576518
                        1.8180873397        1.8371745681        1.8426088753        1.8713091904        1.8845217658
                        1.8953525887        1.9105504025        1.9146909468        1.9270588535        1.9288477263
                        1.9318629478        1.9344381550        1.9438960381        1.9493223440        1.9834616377
                        1.9873568626        1.9897600826        1.9936132430        1.9943402749        2.0182298322
                        2.0462409128        2.0556692819        2.0584769615        2.0708134455        2.0774200111
                        2.0811501291        2.0868443201        2.0979458589        2.1134774067        2.1267052904
                        2.1288126415        2.1518498899        2.1540705571        2.1542780855        2.1683073492
                        2.1786497024        2.1799290643        2.1891510953        2.2097283817        2.2158800401
                        2.2205483476        2.2324427511        2.2345123474        2.2351546242        2.2420564650
                        2.2695218448        2.2789280133        2.2826264206        2.2963523980        2.3057247568
                        2.3193349478        2.3337216199        2.3352120790        2.3589025690        2.3853150020
                        2.3967232038        2.4042878846        2.4171469403        2.4199234130        2.4316122064
                        2.4443434743        2.4576423427        2.4582426283        2.4862265993        2.4915950116
                        2.4981983740        2.5049093442        2.5140045392        2.5230074271        2.5342929305
                        2.5462865173        2.5477740907        2.5665142109        2.5705188653        2.5773166214
                        2.5813111840        2.5836450580        2.5862003616        2.5968659246        2.6239482537
                        2.6298794988        2.6567144400        2.6576610750        2.6668407953        2.6712907330
                        2.6797602229        2.6816166754        2.6893275421        2.6992528014        2.7005527167
                        2.7096568316        2.7243917676        2.7434762130        2.7621432931        2.7872718578
                        2.7878061357        2.7996733853        2.8350103443        2.8426745139        2.8592011329
                        2.8638325958        2.8642768972        2.8735374630        2.8769961775        2.8872945629
                        2.8907257916        2.8987905000        2.9061594205        2.9292377542        2.9351775494
                        2.9370839303        2.9407858246        2.9433569198        2.9441865385        2.9462872901
                        2.9600864320        2.9730965965        2.9736106424        2.9910808312        2.9934098833
                        3.0030966448        3.0113867290        3.0233283499        3.0282484753        3.0320444248
                        3.0407164357        3.0474950332        3.0489794915        3.0605820081        3.0672219277
                        3.0696842371        3.0720036697        3.0846230222        3.0873353160        3.0923851004
                        3.1023724098        3.1029726879        3.1137864139        3.1155366762        3.1155517736
                        3.1298345812        3.1348204185        3.1431489096        3.1444047253        3.1506158402
                        3.1586128857        3.1604210408        3.1668961293        3.1713113768        3.1909570202
                        3.1938932427        3.2003311504        3.2082044185        3.2215131114        3.2237638767
                        3.2345469422        3.2374813184        3.2469646985        3.2578083757        3.2609955099
