+-------------------------------------------------------------------------+
|              _              |                                           |
| || || ||//  | \          |  | University College London (C) 1994 - 2020 |
| || || ||    | / |/\/\ /\ |  | Open University           (C) 2007 - 2020 |
| \\_// ||\\  | \ | | | \/ |  |                                           |
|                             |                                           |
+-------------------------------------------------------------------------+
| Last revision: 0b11259e                                                 |
| Last author:   Jimena Gorfinkiel                                        |
| Last date:     Thu Oct 13 06:28:40 2022 +0000                           |
+-------------------------------------------------------------------------+


 PROGRAM SCATCI (19 Oct 2009) : 

                         DATE = 20230418

                         TIME = 075813.105


 CONGEN: e + H2 - doublet B2u                                                                                                    
 SCATCI: e + H2 - doublet B2u                                                                                                    
 MGVN =         2     S    =  0.5
 NELT =         3     SZ   =  0.5
 IDIAG=         2     R    =  0.0
 THRES=   0.1D-09     NSYM =    8
 MEGUL=722, NOCSF=      4467
 NPFLG         0   0   0   0   0   0
 in rdnfto-gt: nctgt=                   104                    66
                    66                    41                    90
                    64                    64
 NOB  =       110  54  54  44  58  46  46  12
 NOB0 =        20   8   8   5  10   6   6   0
 NOBC =        75  35  35  27  39   0  29   6
 NDTRF=         1   2 329
 NSRB=  848    LNDOF=     58134    LCDOF=      8844
 nfte =  822        nfti =    16       lembf=  5000       iodr =   1
 MOLECULE SYMMETRY CASE,  SYMTYP = 2

 Prototype CSF option requested

 CI target option requested,
 Vectors to be read from unit NFTG = 26
 Phases for target vectors read in from CONGEN

 Number of target symmetries in expansion,   NTGSYM =    7
 Number of continuum orbitals for each state, NOTGT =   19   17   35   19   17    6   19
 Number of CI components for each state,      NCTGT =       104        66        66        41        90        64        64
 Number of target states of each symmetry,   NUMTGT =    6    2    2    1    2    1    1
 Continuum M projection  for each state,      MCONT =    2    3    0    1    6    7    4

 Diagonalisation of Hamiltonian matrix requested
 SCATCI will expand NOCSF =   4467 prototype CSFs
               into MXCSF =  12794 actual configurations
               and  MOCSF =   3773 dimension final Hamiltonian

 Number of last continuum CSF, NCONT =    296
     ENERGY EXPRESSIONS COMPUTED FOR MOLECULE SYMMETRY CASE - SYMTYP=  2
 All IIII blocks of integrals
                     1                     0                     0
                     0                     0
                     2                     1                     1
                     1                     1
                     3                     2                     2
                     2                     2
                     4                     3                     3
                     3                     3
                     5                     4                     4
                     4                     4
                     6                     5                     5
                     5                     5
                     7                     6                     6
                     6                     6
                     8                     7                     7
                     7                     7
 All IJIJ blocks
                     9                     1                     0
                     1                     0
                    10                     2                     0
                     2                     0
                    11                     2                     1
                     2                     1
                    12                     3                     0
                     3                     0
                    13                     3                     1
                     3                     1
                    14                     3                     2
                     3                     2
                    15                     4                     0
                     4                     0
                    16                     4                     1
                     4                     1
                    17                     4                     2
                     4                     2
                    18                     4                     3
                     4                     3
                    19                     5                     0
                     5                     0
                    20                     5                     1
                     5                     1
                    21                     5                     2
                     5                     2
                    22                     5                     3
                     5                     3
                    23                     5                     4
                     5                     4
                    24                     6                     0
                     6                     0
                    25                     6                     1
                     6                     1
                    26                     6                     2
                     6                     2
                    27                     6                     3
                     6                     3
                    28                     6                     4
                     6                     4
                    29                     6                     5
                     6                     5
                    30                     7                     0
                     7                     0
                    31                     7                     1
                     7                     1
                    32                     7                     2
                     7                     2
                    33                     7                     3
                     7                     3
                    34                     7                     4
                     7                     4
                    35                     7                     5
                     7                     5
                    36                     7                     6
                     7                     6
 The IIJJ blocks of integrals
                    37                     1                     1
                     0                     0
                    38                     2                     2
                     0                     0
                    39                     2                     2
                     1                     1
                    40                     3                     3
                     0                     0
                    41                     3                     3
                     1                     1
                    42                     3                     3
                     2                     2
                    43                     4                     4
                     0                     0
                    44                     4                     4
                     1                     1
                    45                     4                     4
                     2                     2
                    46                     4                     4
                     3                     3
                    47                     5                     5
                     0                     0
                    48                     5                     5
                     1                     1
                    49                     5                     5
                     2                     2
                    50                     5                     5
                     3                     3
                    51                     5                     5
                     4                     4
                    52                     6                     6
                     0                     0
                    53                     6                     6
                     1                     1
                    54                     6                     6
                     2                     2
                    55                     6                     6
                     3                     3
                    56                     6                     6
                     4                     4
                    57                     6                     6
                     5                     5
                    58                     7                     7
                     0                     0
                    59                     7                     7
                     1                     1
                    60                     7                     7
                     2                     2
                    61                     7                     7
                     3                     3
                    62                     7                     7
                     4                     4
                    63                     7                     7
                     5                     5
                    64                     7                     7
                     6                     6
 The IJKL blocks
                    65                     3                     0
                     2                     1
                    66                     3                     1
                     2                     0
                    67                     3                     2
                     1                     0
                    68                     5                     0
                     4                     1
                    69                     5                     1
                     4                     0
                    70                     5                     2
                     4                     3
                    71                     5                     3
                     4                     2
                    72                     5                     4
                     1                     0
                    73                     5                     4
                     3                     2
                    74                     6                     0
                     4                     2
                    75                     6                     0
                     5                     3
                    76                     6                     1
                     4                     3
                    77                     6                     1
                     5                     2
                    78                     6                     2
                     4                     0
                    79                     6                     2
                     5                     1
                    80                     6                     3
                     4                     1
                    81                     6                     3
                     5                     0
                    82                     6                     4
                     2                     0
                    83                     6                     4
                     3                     1
                    84                     6                     5
                     2                     1
                    85                     6                     5
                     3                     0
                    86                     7                     0
                     4                     3
                    87                     7                     0
                     5                     2
                    88                     7                     0
                     6                     1
                    89                     7                     1
                     4                     2
                    90                     7                     1
                     5                     3
                    91                     7                     1
                     6                     0
                    92                     7                     2
                     4                     1
                    93                     7                     2
                     5                     0
                    94                     7                     2
                     6                     3
                    95                     7                     3
                     4                     0
                    96                     7                     3
                     5                     1
                    97                     7                     3
                     6                     2
                    98                     7                     4
                     2                     1
                    99                     7                     4
                     3                     0
                   100                     7                     4
                     6                     5
                   101                     7                     5
                     2                     0
                   102                     7                     5
                     3                     1
                   103                     7                     5
                     6                     4
                   104                     7                     6
                     1                     0
                   105                     7                     6
                     3                     2
                   106                     7                     6
                     5                     4
 NOBE =        55        27        27        22        29        23        23         6
 MBAS =         0       666
 NBASH=         1      1541      1919      2297      2550      2985      3261      3537      3558
   Read wavefunctions from CONGEN and load integrals
 GIVEN NSRBD=                   848
 CALCULATED NSRB=                   848

          Assuming UKRMol+ integrals on input.
 Smallest positive magnitude:  2.225073858507201E-308
 Largest magnitude:  1.797693134862316E+308
 Smallest relative spacing:  1.110223024625157E-016
 Largest relative spacing:  2.220446049250313E-016
 Log10(Base)  0.301029995663981     
 Decimal precision for real(kind=cfp):                    15
 Number of bits in default integer:                    64

 On input SCATCI expects:
 1-electron integrals, NINT1e =0
 2-electron integrals, NINT2e =0

One electron integrals read-in.
Recomputing the 1-particle Hamiltonian integrals for the positron case...
...done

Two electron integrals read-in.

 UKRMol+ integrals read successfully:
 1-electron integrals, NINT1e =22578
 2-electron integrals, NINT2e =11221651

          Nuclear repulsion energy =       0.7137540

          Finished reading UKRMol+ integrals.
   Load CI target and construct matrix elements

 TRANSFORMATION VECTOR   1 FROM SET  1 STATE  1
 SET   1    H2 CI calculation - singlet Ag                                                                                          
          NOCSF=  104    NSTAT=    6    NNUC =    3

 Nuclear data     X         Y         Z       Charge
   H  1        0.000000  0.000000 -0.700521  1.000000
   H  1        0.000000  0.000000  0.700521  1.000000
   sc 2        0.000000  0.000000  0.000000  0.000000
          EIGEN-ENERGIES OF THE REQ. STATES
                       -1.1694761440       -0.5889945846       -0.4442617014       -0.4279116648       -0.0928068499
                       -0.0310178827

 TRANSFORMATION VECTOR   2 FROM SET  1 STATE  2

 TRANSFORMATION VECTOR   3 FROM SET  1 STATE  3

 TRANSFORMATION VECTOR   4 FROM SET  1 STATE  4

 TRANSFORMATION VECTOR   5 FROM SET  1 STATE  5

 TRANSFORMATION VECTOR   6 FROM SET  1 STATE  6

 TRANSFORMATION VECTOR   7 FROM SET  2 STATE  1
 SET   2    H2 CI calculation - singlet B3u                                                                                         
          NOCSF=   66    NSTAT=    2    NNUC =    3

 Nuclear data     X         Y         Z       Charge
   H  1        0.000000  0.000000 -0.700521  1.000000
   H  1        0.000000  0.000000  0.700521  1.000000
   sc 2        0.000000  0.000000  0.000000  0.000000
          EIGEN-ENERGIES OF THE REQ. STATES
                       -0.6016045728       -0.0737065323

 TRANSFORMATION VECTOR   8 FROM SET  2 STATE  2

 TRANSFORMATION VECTOR   9 FROM SET  3 STATE  1
 SET   3    H2 CI calculation - singlet B2u                                                                                         
          NOCSF=   66    NSTAT=    2    NNUC =    3

 Nuclear data     X         Y         Z       Charge
   H  1        0.000000  0.000000 -0.700521  1.000000
   H  1        0.000000  0.000000  0.700521  1.000000
   sc 2        0.000000  0.000000  0.000000  0.000000
          EIGEN-ENERGIES OF THE REQ. STATES
                       -0.6016045728       -0.0737065323

 TRANSFORMATION VECTOR  10 FROM SET  3 STATE  2

 TRANSFORMATION VECTOR  11 FROM SET  4 STATE  1
 SET   4    H2 CI calculation - singlet B1g                                                                                         
          NOCSF=   41    NSTAT=    1    NNUC =    3

 Nuclear data     X         Y         Z       Charge
   H  1        0.000000  0.000000 -0.700521  1.000000
   H  1        0.000000  0.000000  0.700521  1.000000
   sc 2        0.000000  0.000000  0.000000  0.000000
          EIGEN-ENERGIES OF THE REQ. STATES
                       -0.4279116648

 TRANSFORMATION VECTOR  12 FROM SET  5 STATE  1
 SET   5    H2 CI calculation - singlet B1u                                                                                         
          NOCSF=   90    NSTAT=    2    NNUC =    3

 Nuclear data     X         Y         Z       Charge
   H  1        0.000000  0.000000 -0.700521  1.000000
   H  1        0.000000  0.000000  0.700521  1.000000
   sc 2        0.000000  0.000000  0.000000  0.000000
          EIGEN-ENERGIES OF THE REQ. STATES
                       -0.6598141886       -0.2744123661

 TRANSFORMATION VECTOR  13 FROM SET  5 STATE  2

 TRANSFORMATION VECTOR  14 FROM SET  6 STATE  1
 SET   6    H2 CI calculation - singlet B2g                                                                                         
          NOCSF=   64    NSTAT=    1    NNUC =    3

 Nuclear data     X         Y         Z       Charge
   H  1        0.000000  0.000000 -0.700521  1.000000
   H  1        0.000000  0.000000  0.700521  1.000000
   sc 2        0.000000  0.000000  0.000000  0.000000
          EIGEN-ENERGIES OF THE REQ. STATES
                       -0.4349622988

 TRANSFORMATION VECTOR  15 FROM SET  7 STATE  1
 SET   7    H2 CI calculation - singlet B3g                                                                                         
          NOCSF=   64    NSTAT=    1    NNUC =    3

 Nuclear data     X         Y         Z       Charge
   H  1        0.000000  0.000000 -0.700521  1.000000
   H  1        0.000000  0.000000  0.700521  1.000000
   sc 2        0.000000  0.000000  0.000000  0.000000
          EIGEN-ENERGIES OF THE REQ. STATES
                       -0.4349622988

Using an enhancement factor of  1.0000000
     MXCORB SET TO:       100000000


 TOTAL H Matrix     ELEMENTS      =   7119651
 NON-ZERO ELEMENTS evaluated      =   1879508
 Total    prototype ELEMENTS      =   9979278
 Non-zero prototype ELEMENTS      =   1040394

 Number (prototype) integrals     =   1505136
 Compressed (prototype) integrals =   1491101
 Number integrals evaluated       =   8290234
 ===================================================
  inside subroutine --> 'dgmain' --> begins. 
 

  ************************************************************************************************************************

 MATRIX DIAGONALIZATION SECTION
 (RUN)     H2 CI calculation - doublet B2u                                                                                         
  DATA SET FILE NUMBERS AND LENGTH SPECIFICATIONS :
      NFTE =822      NFTW =     25

 NPFLG :      0     0
 NCISET:      1

 NPCVC =    1
 THRHM = 0.10D-14


 (EMX)     e + H2 - doublet B2u                                                                                                    

  3773 Eigenvectors to be computed for
  3773 dimensional final Hamiltonian matrix

   1879508 Hamiltonian elements read from unit NFTE =822
 CI data stored as set number  1

 SET   1    H2 CI calculation - doublet B2u                                                                                         

 MGVN = 2    s =   0.5    sz =   0.5    NELT =    3    NNUC =  3

 Nuclear data     X         Y         Z       Charge
   H  1        0.000000  0.000000 -0.700521  1.000000
   H  1        0.000000  0.000000  0.700521  1.000000
   sc 2        0.000000  0.000000  0.000000  0.000000

 NOCSF= 3773    NSTAT= 3773    EN   =        0.7137539911

 NTGSYM=   7
  I   MCONT  NOTGT
  1      2     19
  2      3     17
  3      0     35
  4      1     19
  5      6     17
  6      7      6
  7      4     19

 EIGEN-ENERGIES
                       -1.1478598640       -1.0966599273       -1.0964685588       -1.0617676445       -0.9457008456
                       -0.9451646129       -0.9165893479       -0.7400949670       -0.7391015993       -0.7099971881
                       -0.6205751201       -0.5966641758       -0.5723202286       -0.5640835988       -0.5582787944
                       -0.5530200519       -0.5512452969       -0.5506610042       -0.5266702384       -0.5170332571
                       -0.5166462067       -0.4967346355       -0.4948630645       -0.4932532993       -0.4919754652
                       -0.4909843482       -0.4904186040       -0.4740611357       -0.4662519817       -0.4620033174
                       -0.4550214087       -0.4387130841       -0.4359886556       -0.4312744021       -0.4188554814
                       -0.4092348196       -0.4036180086       -0.4034248427       -0.3806599510       -0.3743376266
                       -0.3710089531       -0.3701588046       -0.3642736900       -0.3618163008       -0.3605593027
                       -0.3601394945       -0.3569307338       -0.3564443121       -0.3560813550       -0.3545409486
                       -0.3531644373       -0.3527528471       -0.3331795526       -0.3223120440       -0.3138470311
                       -0.3092995176       -0.3077812909       -0.3068506370       -0.3041696206       -0.3032717731
                       -0.3026193536       -0.2778979091       -0.2731333501       -0.2573332579       -0.2498063854
                       -0.2481713379       -0.2313486288       -0.2199917504       -0.2153288758       -0.2134505124
                       -0.2088278384       -0.2048249144       -0.2043994622       -0.2013546501       -0.1966686778
                       -0.1965786703       -0.1687468202       -0.1661005156       -0.1651685279       -0.1611166399
                       -0.1576718346       -0.1415778555       -0.1412644339       -0.1233040957       -0.1230096499
                       -0.1160669982       -0.1053844280       -0.0934011901       -0.0913520264       -0.0814950730
                       -0.0754731501       -0.0728171775       -0.0709074745       -0.0691160006       -0.0642447842
                       -0.0607837552       -0.0600342441       -0.0526398949       -0.0387946076       -0.0327193222
                       -0.0307539649       -0.0304097832       -0.0274412650       -0.0203854543       -0.0182546523
                       -0.0179450511       -0.0104724224       -0.0055702962       -0.0022952738       -0.0010494870
                       -0.0008471218        0.0046413285        0.0087768773        0.0105818770        0.0131669084
                        0.0190028260        0.0194486890        0.0203109516        0.0219355716        0.0246561113
                        0.0309360554        0.0319410592        0.0343622417        0.0356609225        0.0367373805
                        0.0455748231        0.0458887936        0.0484350607        0.0658818917        0.0728703676
                        0.0803914091        0.0880092584        0.0880474974        0.0982215856        0.0984229542
                        0.1026161418        0.1043284677        0.1238708124        0.1262410936        0.1298519315
                        0.1372968100        0.1798482991        0.1874677953        0.1902472524        0.1920736293
                        0.1940710167        0.1965192297        0.2191140639        0.2219820430        0.2228922538
                        0.2239994677        0.2243917838        0.2256374231        0.2306194248        0.2404383424
                        0.2416900079        0.2462957296        0.2534107063        0.2561855924        0.2587631863
                        0.2655843708        0.2659088240        0.2667264063        0.2748002847        0.2759250249
                        0.2778424812        0.2788869853        0.2882848887        0.2944042175        0.2950817560
                        0.2986005402        0.3005089578        0.3040542575        0.3075300189        0.3128744165
                        0.3129257493        0.3153507048        0.3344698943        0.3350587320        0.3424439593
                        0.3492032039        0.3968785151        0.4004326697        0.4010054191        0.4062306310
                        0.4170926759        0.4257455241        0.4266966936        0.4498064671        0.4589933261
                        0.4619281842        0.4620927965        0.4656759757        0.4692984611        0.4779197801
                        0.4782224055        0.4949315519        0.5192522635        0.5236678895        0.5256446643
                        0.5284226342        0.5300419682        0.5386818863        0.5391614782        0.5486057017
                        0.5517508431        0.5908195808        0.5953787940        0.5960889298        0.6071495138
                        0.6098361432        0.6230499186        0.6246251340        0.6375144208        0.6582786867
                        0.6668119837        0.6794781569        0.6823741128        0.6832105331        0.6865531716
                        0.6873763000        0.6905111217        0.6930617209        0.6968996268        0.6988192675
                        0.7077027315        0.7104820191        0.7125816796        0.7185791036        0.7201261979
                        0.7245524483        0.7287280694        0.7434881659        0.7565366409        0.7622727468
                        0.7853017828        0.7862590654        0.7868072590        0.7890673133        0.7950364087
                        0.7974106461        0.8014158550        0.8020982829        0.8169807099        0.8229722435
                        0.8318919627        0.8514797632        0.8527453923        0.8605335914        0.8626569190
                        0.8693198729        0.8816526052        0.8830616235        0.8833728499        0.8874025121
                        0.8899479466        0.9024445040        0.9136948804        0.9435251525        0.9453694314
                        0.9493315124        0.9504059266        0.9585598739        0.9921710569        0.9967264076
                        0.9989130788        1.0110394585        1.0177035519        1.0392787694        1.0409635718
                        1.0502915699        1.0625602769        1.0727063411        1.0795421364        1.0852605223
                        1.0929954843        1.0981059713        1.1269367961        1.1328868289        1.1450942833
                        1.1607428972        1.1706469136        1.1770632633        1.1955822232        1.2034127137
                        1.2196171672        1.2204996091        1.2349594258        1.2541364127        1.2598198301
                        1.2720187747        1.2733677309        1.2744908932        1.2750590889        1.2798450316
                        1.2822361474        1.2833024344        1.2838892356        1.2892027465        1.2894847243
                        1.2903589472        1.2920300600        1.2964301920        1.2995930994        1.3016646521
                        1.3052630512        1.3076727121        1.3097044346        1.3108508638        1.3179395004
                        1.3328948136        1.3457456967        1.3603626734        1.3625063778        1.3774900411
                        1.3867681419        1.3925425553        1.3968934665        1.4055384423        1.4098512071
                        1.4152704026        1.4341031082        1.4410751749        1.4540738115        1.4622811257
                        1.4626125184        1.4676252740        1.4708139507        1.4710816814        1.4744332038
                        1.4763427879        1.4767547864        1.4834288431        1.4855732373        1.4953566707
                        1.5051297571        1.5189345038        1.5256631596        1.5270014266        1.5311802461
                        1.5591171119        1.5624833718        1.5642031766        1.5740987338        1.5835635532
                        1.5852298206        1.5955641836        1.6194875178        1.6214552100        1.6248728263
                        1.6288481723        1.6318625548        1.6363859302        1.6400209833        1.6701195709
                        1.6821984870        1.6867602574        1.6881133427        1.7000274579        1.7069883968
                        1.7138701893        1.7214339037        1.7370771381        1.7433269019        1.7503207965
                        1.7599862937        1.7734244082        1.7859817423        1.7995892223        1.8321200364
                        1.8776557489        1.8810555782        1.8812523253        1.8907473687        1.8925884663
                        1.9096260717        1.9138248166        1.9172977300        1.9237131435        1.9354627478
                        1.9366471312        1.9379423525        1.9456347977        1.9481972688        1.9582663829
                        1.9626384683        1.9647366322        1.9708325420        1.9756625492        1.9796155636
                        1.9857428915        1.9911099447        2.0099461729        2.0162092115        2.0207072534
                        2.0261451648        2.0272131751        2.0378245384        2.0480586509        2.0500794944
