+-------------------------------------------------------------------------+
|              _              |                                           |
| || || ||//  | \          |  | University College London (C) 1994 - 2020 |
| || || ||    | / |/\/\ /\ |  | Open University           (C) 2007 - 2020 |
| \\_// ||\\  | \ | | | \/ |  |                                           |
|                             |                                           |
+-------------------------------------------------------------------------+
| Last revision: 0b11259e                                                 |
| Last author:   Jimena Gorfinkiel                                        |
| Last date:     Thu Oct 13 06:28:40 2022 +0000                           |
+-------------------------------------------------------------------------+


 PROGRAM SCATCI (19 Oct 2009) : 

                         DATE = 20230418

                         TIME = 080144.047


 CONGEN: e + H2 - doublet B2g                                                                                                    
 SCATCI: e + H2 - doublet B2g                                                                                                    
 MGVN =         5     S    =  0.5
 NELT =         3     SZ   =  0.5
 IDIAG=         2     R    =  0.0
 THRES=   0.1D-09     NSYM =    8
 MEGUL=725, NOCSF=      4329
 NPFLG         0   0   0   0   0   0
 in rdnfto-gt: nctgt=                   104                    66
                    66                    41                    90
                    64                    64
 NOB  =       110  54  54  44  58  46  46  12
 NOB0 =        20   8   8   5  10   6   6   0
 NOBC =        75  35   0  27  39  29  29   6
 NDTRF=         1   2 641
 NSRB=  848    LNDOF=     56620    LCDOF=      8586
 nfte =  825        nfti =    16       lembf=  5000       iodr =   1
 MOLECULE SYMMETRY CASE,  SYMTYP = 2

 Prototype CSF option requested

 CI target option requested,
 Vectors to be read from unit NFTG = 26
 Phases for target vectors read in from CONGEN

 Number of target symmetries in expansion,   NTGSYM =    7
 Number of continuum orbitals for each state, NOTGT =   17   19    6   17   19   35   17
 Number of CI components for each state,      NCTGT =       104        66        66        41        90        64        64
 Number of target states of each symmetry,   NUMTGT =    6    2    2    1    2    1    1
 Continuum M projection  for each state,      MCONT =    5    4    7    6    1    0    3

 Diagonalisation of Hamiltonian matrix requested
 SCATCI will expand NOCSF =   4329 prototype CSFs
               into MXCSF =  12492 actual configurations
               and  MOCSF =   3598 dimension final Hamiltonian

 Number of last continuum CSF, NCONT =    259
     ENERGY EXPRESSIONS COMPUTED FOR MOLECULE SYMMETRY CASE - SYMTYP=  2
 All IIII blocks of integrals
                     1                     0                     0
                     0                     0
                     2                     1                     1
                     1                     1
                     3                     2                     2
                     2                     2
                     4                     3                     3
                     3                     3
                     5                     4                     4
                     4                     4
                     6                     5                     5
                     5                     5
                     7                     6                     6
                     6                     6
                     8                     7                     7
                     7                     7
 All IJIJ blocks
                     9                     1                     0
                     1                     0
                    10                     2                     0
                     2                     0
                    11                     2                     1
                     2                     1
                    12                     3                     0
                     3                     0
                    13                     3                     1
                     3                     1
                    14                     3                     2
                     3                     2
                    15                     4                     0
                     4                     0
                    16                     4                     1
                     4                     1
                    17                     4                     2
                     4                     2
                    18                     4                     3
                     4                     3
                    19                     5                     0
                     5                     0
                    20                     5                     1
                     5                     1
                    21                     5                     2
                     5                     2
                    22                     5                     3
                     5                     3
                    23                     5                     4
                     5                     4
                    24                     6                     0
                     6                     0
                    25                     6                     1
                     6                     1
                    26                     6                     2
                     6                     2
                    27                     6                     3
                     6                     3
                    28                     6                     4
                     6                     4
                    29                     6                     5
                     6                     5
                    30                     7                     0
                     7                     0
                    31                     7                     1
                     7                     1
                    32                     7                     2
                     7                     2
                    33                     7                     3
                     7                     3
                    34                     7                     4
                     7                     4
                    35                     7                     5
                     7                     5
                    36                     7                     6
                     7                     6
 The IIJJ blocks of integrals
                    37                     1                     1
                     0                     0
                    38                     2                     2
                     0                     0
                    39                     2                     2
                     1                     1
                    40                     3                     3
                     0                     0
                    41                     3                     3
                     1                     1
                    42                     3                     3
                     2                     2
                    43                     4                     4
                     0                     0
                    44                     4                     4
                     1                     1
                    45                     4                     4
                     2                     2
                    46                     4                     4
                     3                     3
                    47                     5                     5
                     0                     0
                    48                     5                     5
                     1                     1
                    49                     5                     5
                     2                     2
                    50                     5                     5
                     3                     3
                    51                     5                     5
                     4                     4
                    52                     6                     6
                     0                     0
                    53                     6                     6
                     1                     1
                    54                     6                     6
                     2                     2
                    55                     6                     6
                     3                     3
                    56                     6                     6
                     4                     4
                    57                     6                     6
                     5                     5
                    58                     7                     7
                     0                     0
                    59                     7                     7
                     1                     1
                    60                     7                     7
                     2                     2
                    61                     7                     7
                     3                     3
                    62                     7                     7
                     4                     4
                    63                     7                     7
                     5                     5
                    64                     7                     7
                     6                     6
 The IJKL blocks
                    65                     3                     0
                     2                     1
                    66                     3                     1
                     2                     0
                    67                     3                     2
                     1                     0
                    68                     5                     0
                     4                     1
                    69                     5                     1
                     4                     0
                    70                     5                     2
                     4                     3
                    71                     5                     3
                     4                     2
                    72                     5                     4
                     1                     0
                    73                     5                     4
                     3                     2
                    74                     6                     0
                     4                     2
                    75                     6                     0
                     5                     3
                    76                     6                     1
                     4                     3
                    77                     6                     1
                     5                     2
                    78                     6                     2
                     4                     0
                    79                     6                     2
                     5                     1
                    80                     6                     3
                     4                     1
                    81                     6                     3
                     5                     0
                    82                     6                     4
                     2                     0
                    83                     6                     4
                     3                     1
                    84                     6                     5
                     2                     1
                    85                     6                     5
                     3                     0
                    86                     7                     0
                     4                     3
                    87                     7                     0
                     5                     2
                    88                     7                     0
                     6                     1
                    89                     7                     1
                     4                     2
                    90                     7                     1
                     5                     3
                    91                     7                     1
                     6                     0
                    92                     7                     2
                     4                     1
                    93                     7                     2
                     5                     0
                    94                     7                     2
                     6                     3
                    95                     7                     3
                     4                     0
                    96                     7                     3
                     5                     1
                    97                     7                     3
                     6                     2
                    98                     7                     4
                     2                     1
                    99                     7                     4
                     3                     0
                   100                     7                     4
                     6                     5
                   101                     7                     5
                     2                     0
                   102                     7                     5
                     3                     1
                   103                     7                     5
                     6                     4
                   104                     7                     6
                     1                     0
                   105                     7                     6
                     3                     2
                   106                     7                     6
                     5                     4
 NOBE =        55        27        27        22        29        23        23         6
 MBAS =         0       666
 NBASH=         1      1541      1919      2297      2550      2985      3261      3537      3558
   Read wavefunctions from CONGEN and load integrals
 GIVEN NSRBD=                   848
 CALCULATED NSRB=                   848

          Assuming UKRMol+ integrals on input.
 Smallest positive magnitude:  2.225073858507201E-308
 Largest magnitude:  1.797693134862316E+308
 Smallest relative spacing:  1.110223024625157E-016
 Largest relative spacing:  2.220446049250313E-016
 Log10(Base)  0.301029995663981     
 Decimal precision for real(kind=cfp):                    15
 Number of bits in default integer:                    64

 On input SCATCI expects:
 1-electron integrals, NINT1e =0
 2-electron integrals, NINT2e =0

One electron integrals read-in.
Recomputing the 1-particle Hamiltonian integrals for the positron case...
...done

Two electron integrals read-in.

 UKRMol+ integrals read successfully:
 1-electron integrals, NINT1e =22578
 2-electron integrals, NINT2e =11221651

          Nuclear repulsion energy =       0.7137540

          Finished reading UKRMol+ integrals.
   Load CI target and construct matrix elements

 TRANSFORMATION VECTOR   1 FROM SET  1 STATE  1
 SET   1    H2 CI calculation - singlet Ag                                                                                          
          NOCSF=  104    NSTAT=    6    NNUC =    3

 Nuclear data     X         Y         Z       Charge
   H  1        0.000000  0.000000 -0.700521  1.000000
   H  1        0.000000  0.000000  0.700521  1.000000
   sc 2        0.000000  0.000000  0.000000  0.000000
          EIGEN-ENERGIES OF THE REQ. STATES
                       -1.1694761440       -0.5889945846       -0.4442617014       -0.4279116648       -0.0928068499
                       -0.0310178827

 TRANSFORMATION VECTOR   2 FROM SET  1 STATE  2

 TRANSFORMATION VECTOR   3 FROM SET  1 STATE  3

 TRANSFORMATION VECTOR   4 FROM SET  1 STATE  4

 TRANSFORMATION VECTOR   5 FROM SET  1 STATE  5

 TRANSFORMATION VECTOR   6 FROM SET  1 STATE  6

 TRANSFORMATION VECTOR   7 FROM SET  2 STATE  1
 SET   2    H2 CI calculation - singlet B3u                                                                                         
          NOCSF=   66    NSTAT=    2    NNUC =    3

 Nuclear data     X         Y         Z       Charge
   H  1        0.000000  0.000000 -0.700521  1.000000
   H  1        0.000000  0.000000  0.700521  1.000000
   sc 2        0.000000  0.000000  0.000000  0.000000
          EIGEN-ENERGIES OF THE REQ. STATES
                       -0.6016045728       -0.0737065323

 TRANSFORMATION VECTOR   8 FROM SET  2 STATE  2

 TRANSFORMATION VECTOR   9 FROM SET  3 STATE  1
 SET   3    H2 CI calculation - singlet B2u                                                                                         
          NOCSF=   66    NSTAT=    2    NNUC =    3

 Nuclear data     X         Y         Z       Charge
   H  1        0.000000  0.000000 -0.700521  1.000000
   H  1        0.000000  0.000000  0.700521  1.000000
   sc 2        0.000000  0.000000  0.000000  0.000000
          EIGEN-ENERGIES OF THE REQ. STATES
                       -0.6016045728       -0.0737065323

 TRANSFORMATION VECTOR  10 FROM SET  3 STATE  2

 TRANSFORMATION VECTOR  11 FROM SET  4 STATE  1
 SET   4    H2 CI calculation - singlet B1g                                                                                         
          NOCSF=   41    NSTAT=    1    NNUC =    3

 Nuclear data     X         Y         Z       Charge
   H  1        0.000000  0.000000 -0.700521  1.000000
   H  1        0.000000  0.000000  0.700521  1.000000
   sc 2        0.000000  0.000000  0.000000  0.000000
          EIGEN-ENERGIES OF THE REQ. STATES
                       -0.4279116648

 TRANSFORMATION VECTOR  12 FROM SET  5 STATE  1
 SET   5    H2 CI calculation - singlet B1u                                                                                         
          NOCSF=   90    NSTAT=    2    NNUC =    3

 Nuclear data     X         Y         Z       Charge
   H  1        0.000000  0.000000 -0.700521  1.000000
   H  1        0.000000  0.000000  0.700521  1.000000
   sc 2        0.000000  0.000000  0.000000  0.000000
          EIGEN-ENERGIES OF THE REQ. STATES
                       -0.6598141886       -0.2744123661

 TRANSFORMATION VECTOR  13 FROM SET  5 STATE  2

 TRANSFORMATION VECTOR  14 FROM SET  6 STATE  1
 SET   6    H2 CI calculation - singlet B2g                                                                                         
          NOCSF=   64    NSTAT=    1    NNUC =    3

 Nuclear data     X         Y         Z       Charge
   H  1        0.000000  0.000000 -0.700521  1.000000
   H  1        0.000000  0.000000  0.700521  1.000000
   sc 2        0.000000  0.000000  0.000000  0.000000
          EIGEN-ENERGIES OF THE REQ. STATES
                       -0.4349622988

 TRANSFORMATION VECTOR  15 FROM SET  7 STATE  1
 SET   7    H2 CI calculation - singlet B3g                                                                                         
          NOCSF=   64    NSTAT=    1    NNUC =    3

 Nuclear data     X         Y         Z       Charge
   H  1        0.000000  0.000000 -0.700521  1.000000
   H  1        0.000000  0.000000  0.700521  1.000000
   sc 2        0.000000  0.000000  0.000000  0.000000
          EIGEN-ENERGIES OF THE REQ. STATES
                       -0.4349622988

Using an enhancement factor of  1.0000000
     MXCORB SET TO:       100000000


 TOTAL H Matrix     ELEMENTS      =   6474601
 NON-ZERO ELEMENTS evaluated      =   1644201
 Total    prototype ELEMENTS      =   9372285
 Non-zero prototype ELEMENTS      =    966527

 Number (prototype) integrals     =   1413756
 Compressed (prototype) integrals =   1399717
 Number integrals evaluated       =   7863688
 ===================================================
  inside subroutine --> 'dgmain' --> begins. 
 

  ************************************************************************************************************************

 MATRIX DIAGONALIZATION SECTION
 (RUN)     H2 CI calculation - doublet B2g                                                                                         
  DATA SET FILE NUMBERS AND LENGTH SPECIFICATIONS :
      NFTE =825      NFTW =     25

 NPFLG :      0     0
 NCISET:      1

 NPCVC =    1
 THRHM = 0.10D-14


 (EMX)     e + H2 - doublet B2g                                                                                                    

  3598 Eigenvectors to be computed for
  3598 dimensional final Hamiltonian matrix

   1644201 Hamiltonian elements read from unit NFTE =825
 CI data stored as set number  1

 SET   1    H2 CI calculation - doublet B2g                                                                                         

 MGVN = 5    s =   0.5    sz =   0.5    NELT =    3    NNUC =  3

 Nuclear data     X         Y         Z       Charge
   H  1        0.000000  0.000000 -0.700521  1.000000
   H  1        0.000000  0.000000  0.700521  1.000000
   sc 2        0.000000  0.000000  0.000000  0.000000

 NOCSF= 3598    NSTAT= 3598    EN   =        0.7137539911

 NTGSYM=   7
  I   MCONT  NOTGT
  1      5     17
  2      4     19
  3      7      6
  4      6     17
  5      1     19
  6      0     35
  7      3     17

 EIGEN-ENERGIES
                       -1.1254381514       -1.0608902964       -1.0607837135       -1.0071314671       -0.8755358998
                       -0.8752652759       -0.8330351079       -0.6390777259       -0.6363082019       -0.6358988784
                       -0.6004354260       -0.5907303637       -0.5865436196       -0.5772141881       -0.5529701093
                       -0.5445208020       -0.5311871303       -0.5281816604       -0.5258624899       -0.4794946471
                       -0.4790448791       -0.4645528463       -0.4412952713       -0.4361525807       -0.4220560619
                       -0.4193347845       -0.3997180731       -0.3938204273       -0.3933591850       -0.3915535961
                       -0.3888354187       -0.3863210352       -0.3830701414       -0.3771625781       -0.3766738066
                       -0.3720963736       -0.3362766110       -0.3351261999       -0.3277674421       -0.3266978517
                       -0.3260807673       -0.3252149119       -0.3249039702       -0.3192241749       -0.3188323922
                       -0.3179416213       -0.3178474554       -0.3162430151       -0.3159587915       -0.3099432639
                       -0.2988330819       -0.2958502860       -0.2935862074       -0.2791913245       -0.2754988375
                       -0.2714660515       -0.2713117118       -0.2589178572       -0.2554850275       -0.2521939502
                       -0.2486020179       -0.2233656105       -0.2218201364       -0.2012841758       -0.2007565365
                       -0.1994858855       -0.1785206849       -0.1746747923       -0.1699733710       -0.1619349330
                       -0.1526664467       -0.1503504474       -0.1488038020       -0.1440630312       -0.1412184810
                       -0.1410593031       -0.1374721912       -0.1364282848       -0.1317321603       -0.1312844410
                       -0.1293221321       -0.1290948676       -0.0951725989       -0.0891351745       -0.0871784892
                       -0.0842312346       -0.0712560218       -0.0655291458       -0.0650892743       -0.0543033146
                       -0.0503870624       -0.0493559056       -0.0465271413       -0.0418192870       -0.0409666170
                       -0.0152619154       -0.0031754457       -0.0005204040        0.0014085806        0.0139202187
                        0.0150468468        0.0163883278        0.0164265784        0.0455695069        0.0494353703
                        0.0694975510        0.0720936948        0.0780431782        0.0782212070        0.0804940099
                        0.0860716883        0.0911234939        0.0918768215        0.0941067799        0.0978082472
                        0.0987354083        0.1005143744        0.1053941615        0.1058877437        0.1107788431
                        0.1122597236        0.1142516414        0.1148914396        0.1195717522        0.1316366120
                        0.1332384975        0.1368261543        0.1525616464        0.1553705611        0.1588049997
                        0.1591463099        0.1638786508        0.1649423741        0.1711351896        0.1730496141
                        0.1784382204        0.1929723584        0.1955713577        0.1995623216        0.2030407036
                        0.2432846159        0.2468109140        0.2584354142        0.2645720909        0.2650960625
                        0.2831814249        0.2837413779        0.2986767289        0.3244969382        0.3306089433
                        0.3567749551        0.3589960734        0.3621414586        0.3690499835        0.3707731831
                        0.3709053181        0.4082654570        0.4195056481        0.4197377344        0.4242734930
                        0.4272827120        0.4281883057        0.4294128190        0.4353799157        0.4367310093
                        0.4397550224        0.4410230346        0.4417259374        0.4479359609        0.4501242490
                        0.4530325163        0.4532523459        0.4560253233        0.4594302909        0.4623073446
                        0.4630471687        0.4691501311        0.4744274654        0.4880951142        0.4889448381
                        0.5013752102        0.5032462217        0.5066403596        0.5070182002        0.5076789528
                        0.5193496561        0.5324303878        0.5479852988        0.5501853578        0.5527176869
                        0.5625445489        0.5724756445        0.5803473528        0.5852433697        0.5883292677
                        0.5979787026        0.6100887670        0.6129539727        0.6151266295        0.6214903918
                        0.6467798436        0.6551037007        0.6553970174        0.6602580068        0.6639767015
                        0.6983786978        0.7165795743        0.7348585288        0.7418526087        0.7564893007
                        0.7660633232        0.7761521580        0.7801228632        0.8030302575        0.8328101790
                        0.8396730967        0.8420254306        0.8526642841        0.8619480979        0.8645522549
                        0.8652813262        0.8875802770        0.9123966459        0.9263791037        0.9499769312
                        0.9502887710        0.9559571683        0.9614827826        0.9633807128        0.9649177429
                        0.9727964464        0.9771226426        0.9793786859        1.0236141717        1.0350875047
                        1.0433201050        1.0503157138        1.0536990430        1.0596471901        1.0670226435
                        1.0726907417        1.0799304518        1.0814821378        1.0961338398        1.0966563828
                        1.1042639527        1.1064749679        1.1115017369        1.1130453418        1.1139635565
                        1.1149911691        1.1161403434        1.1180380723        1.1193277429        1.1225206469
                        1.1244941391        1.1249685291        1.1253287698        1.1280308328        1.1283168178
                        1.1292865151        1.1468125433        1.1539293510        1.1554692661        1.1570588398
                        1.1970687860        1.2064097091        1.2143826606        1.2160914935        1.2344969787
                        1.2435609737        1.2527904583        1.2676314796        1.2761250759        1.3060270328
                        1.3087524217        1.3104572389        1.3210175390        1.3410734119        1.3529312916
                        1.3918690560        1.3951270406        1.4088967119        1.4250669347        1.4415847891
                        1.4508761625        1.4515984738        1.4564498960        1.4622934612        1.4694760274
                        1.4765915497        1.4836331649        1.5010596061        1.5034957094        1.5172918114
                        1.5195703131        1.5307445395        1.5327499905        1.5427141441        1.5439345834
                        1.5475092190        1.5498836053        1.5558248794        1.5852639212        1.5934383203
                        1.6026754375        1.6060554820        1.6101978667        1.6114710138        1.6124768703
                        1.6207444798        1.6277032548        1.6317371132        1.6351253451        1.6367175179
                        1.6392567553        1.6427152892        1.6478408877        1.6513582608        1.6540036399
                        1.6562124147        1.6685493911        1.6694508055        1.6742767757        1.6771626844
                        1.6784217839        1.6839641719        1.6904799624        1.6950850641        1.7071159560
                        1.7078826765        1.7116412672        1.7188204612        1.7227808118        1.7366861231
                        1.7382026039        1.7777107394        1.7864487312        1.7994629062        1.8179027305
                        1.8286549833        1.8365819859        1.8469194859        1.8498512222        1.8591852502
                        1.8750628681        1.8921367637        1.9008476366        1.9052623442        1.9125434286
                        1.9307541319        1.9598654417        1.9642642983        1.9667284311        1.9856861723
                        1.9865028887        1.9971851263        2.0050599946        2.0209033028        2.0311392811
                        2.0528952802        2.0629770833        2.0760932043        2.0780272614        2.0943836838
                        2.0989605152        2.1034667403        2.1098459267        2.1203748613        2.1245532267
                        2.1366872277        2.1438696895        2.1468569889        2.1496138895        2.1570249108
                        2.1583191057        2.1646304882        2.1705809283        2.1826095378        2.2053727187
                        2.2153770539        2.2248648891        2.2395588768        2.2449844683        2.2502485548
                        2.2576494759        2.2875380551        2.3002829742        2.3105551531        2.3191351684
                        2.3240550064        2.3263584985        2.3338404528        2.3432015221        2.3484856806
                        2.3526485643        2.3540534730        2.3548121801        2.3656337474        2.3663372960
