+-------------------------------------------------------------------------+
|              _              |                                           |
| || || ||//  | \          |  | University College London (C) 1994 - 2020 |
| || || ||    | / |/\/\ /\ |  | Open University           (C) 2007 - 2020 |
| \\_// ||\\  | \ | | | \/ |  |                                           |
|                             |                                           |
+-------------------------------------------------------------------------+
| Last revision: 0b11259e                                                 |
| Last author:   Jimena Gorfinkiel                                        |
| Last date:     Thu Oct 13 06:28:40 2022 +0000                           |
+-------------------------------------------------------------------------+


 PROGRAM SCATCI (19 Oct 2009) : 

                         DATE = 20230418

                         TIME = 075931.361


 CONGEN: e + H2 - doublet B1g                                                                                                    
 SCATCI: e + H2 - doublet B1g                                                                                                    
 MGVN =         3     S    =  0.5
 NELT =         3     SZ   =  0.5
 IDIAG=         2     R    =  0.0
 THRES=   0.1D-09     NSYM =    8
 MEGUL=723, NOCSF=      3797
 NPFLG         0   0   0   0   0   0
 in rdnfto-gt: nctgt=                   104                    66
                    66                    41                    90
                    64                    64
 NOB  =       110  54  54  44  58  46  46  12
 NOB0 =        20   8   8   5  10   6   6   0
 NOBC =        75  35  35  27   0  29  29   6
 NDTRF=         1 221 330
 NSRB=  848    LNDOF=     49651    LCDOF=      7531
 nfte =  823        nfti =    16       lembf=  5000       iodr =   1
 MOLECULE SYMMETRY CASE,  SYMTYP = 2

 Prototype CSF option requested

 CI target option requested,
 Vectors to be read from unit NFTG = 26
 Phases for target vectors read in from CONGEN

 Number of target symmetries in expansion,   NTGSYM =    7
 Number of continuum orbitals for each state, NOTGT =   17   19   19   35    6   17   17
 Number of CI components for each state,      NCTGT =       104        66        66        41        90        64        64
 Number of target states of each symmetry,   NUMTGT =    6    2    2    1    2    1    1
 Continuum M projection  for each state,      MCONT =    3    2    1    0    7    6    5

 Diagonalisation of Hamiltonian matrix requested
 SCATCI will expand NOCSF =   3797 prototype CSFs
               into MXCSF =  11234 actual configurations
               and  MOCSF =   3066 dimension final Hamiltonian

 Number of last continuum CSF, NCONT =    259
     ENERGY EXPRESSIONS COMPUTED FOR MOLECULE SYMMETRY CASE - SYMTYP=  2
 All IIII blocks of integrals
                     1                     0                     0
                     0                     0
                     2                     1                     1
                     1                     1
                     3                     2                     2
                     2                     2
                     4                     3                     3
                     3                     3
                     5                     4                     4
                     4                     4
                     6                     5                     5
                     5                     5
                     7                     6                     6
                     6                     6
                     8                     7                     7
                     7                     7
 All IJIJ blocks
                     9                     1                     0
                     1                     0
                    10                     2                     0
                     2                     0
                    11                     2                     1
                     2                     1
                    12                     3                     0
                     3                     0
                    13                     3                     1
                     3                     1
                    14                     3                     2
                     3                     2
                    15                     4                     0
                     4                     0
                    16                     4                     1
                     4                     1
                    17                     4                     2
                     4                     2
                    18                     4                     3
                     4                     3
                    19                     5                     0
                     5                     0
                    20                     5                     1
                     5                     1
                    21                     5                     2
                     5                     2
                    22                     5                     3
                     5                     3
                    23                     5                     4
                     5                     4
                    24                     6                     0
                     6                     0
                    25                     6                     1
                     6                     1
                    26                     6                     2
                     6                     2
                    27                     6                     3
                     6                     3
                    28                     6                     4
                     6                     4
                    29                     6                     5
                     6                     5
                    30                     7                     0
                     7                     0
                    31                     7                     1
                     7                     1
                    32                     7                     2
                     7                     2
                    33                     7                     3
                     7                     3
                    34                     7                     4
                     7                     4
                    35                     7                     5
                     7                     5
                    36                     7                     6
                     7                     6
 The IIJJ blocks of integrals
                    37                     1                     1
                     0                     0
                    38                     2                     2
                     0                     0
                    39                     2                     2
                     1                     1
                    40                     3                     3
                     0                     0
                    41                     3                     3
                     1                     1
                    42                     3                     3
                     2                     2
                    43                     4                     4
                     0                     0
                    44                     4                     4
                     1                     1
                    45                     4                     4
                     2                     2
                    46                     4                     4
                     3                     3
                    47                     5                     5
                     0                     0
                    48                     5                     5
                     1                     1
                    49                     5                     5
                     2                     2
                    50                     5                     5
                     3                     3
                    51                     5                     5
                     4                     4
                    52                     6                     6
                     0                     0
                    53                     6                     6
                     1                     1
                    54                     6                     6
                     2                     2
                    55                     6                     6
                     3                     3
                    56                     6                     6
                     4                     4
                    57                     6                     6
                     5                     5
                    58                     7                     7
                     0                     0
                    59                     7                     7
                     1                     1
                    60                     7                     7
                     2                     2
                    61                     7                     7
                     3                     3
                    62                     7                     7
                     4                     4
                    63                     7                     7
                     5                     5
                    64                     7                     7
                     6                     6
 The IJKL blocks
                    65                     3                     0
                     2                     1
                    66                     3                     1
                     2                     0
                    67                     3                     2
                     1                     0
                    68                     5                     0
                     4                     1
                    69                     5                     1
                     4                     0
                    70                     5                     2
                     4                     3
                    71                     5                     3
                     4                     2
                    72                     5                     4
                     1                     0
                    73                     5                     4
                     3                     2
                    74                     6                     0
                     4                     2
                    75                     6                     0
                     5                     3
                    76                     6                     1
                     4                     3
                    77                     6                     1
                     5                     2
                    78                     6                     2
                     4                     0
                    79                     6                     2
                     5                     1
                    80                     6                     3
                     4                     1
                    81                     6                     3
                     5                     0
                    82                     6                     4
                     2                     0
                    83                     6                     4
                     3                     1
                    84                     6                     5
                     2                     1
                    85                     6                     5
                     3                     0
                    86                     7                     0
                     4                     3
                    87                     7                     0
                     5                     2
                    88                     7                     0
                     6                     1
                    89                     7                     1
                     4                     2
                    90                     7                     1
                     5                     3
                    91                     7                     1
                     6                     0
                    92                     7                     2
                     4                     1
                    93                     7                     2
                     5                     0
                    94                     7                     2
                     6                     3
                    95                     7                     3
                     4                     0
                    96                     7                     3
                     5                     1
                    97                     7                     3
                     6                     2
                    98                     7                     4
                     2                     1
                    99                     7                     4
                     3                     0
                   100                     7                     4
                     6                     5
                   101                     7                     5
                     2                     0
                   102                     7                     5
                     3                     1
                   103                     7                     5
                     6                     4
                   104                     7                     6
                     1                     0
                   105                     7                     6
                     3                     2
                   106                     7                     6
                     5                     4
 NOBE =        55        27        27        22        29        23        23         6
 MBAS =         0       666
 NBASH=         1      1541      1919      2297      2550      2985      3261      3537      3558
   Read wavefunctions from CONGEN and load integrals
 GIVEN NSRBD=                   848
 CALCULATED NSRB=                   848

          Assuming UKRMol+ integrals on input.
 Smallest positive magnitude:  2.225073858507201E-308
 Largest magnitude:  1.797693134862316E+308
 Smallest relative spacing:  1.110223024625157E-016
 Largest relative spacing:  2.220446049250313E-016
 Log10(Base)  0.301029995663981     
 Decimal precision for real(kind=cfp):                    15
 Number of bits in default integer:                    64

 On input SCATCI expects:
 1-electron integrals, NINT1e =0
 2-electron integrals, NINT2e =0

One electron integrals read-in.
Recomputing the 1-particle Hamiltonian integrals for the positron case...
...done

Two electron integrals read-in.

 UKRMol+ integrals read successfully:
 1-electron integrals, NINT1e =22578
 2-electron integrals, NINT2e =11221651

          Nuclear repulsion energy =       0.7137540

          Finished reading UKRMol+ integrals.
   Load CI target and construct matrix elements

 TRANSFORMATION VECTOR   1 FROM SET  1 STATE  1
 SET   1    H2 CI calculation - singlet Ag                                                                                          
          NOCSF=  104    NSTAT=    6    NNUC =    3

 Nuclear data     X         Y         Z       Charge
   H  1        0.000000  0.000000 -0.700521  1.000000
   H  1        0.000000  0.000000  0.700521  1.000000
   sc 2        0.000000  0.000000  0.000000  0.000000
          EIGEN-ENERGIES OF THE REQ. STATES
                       -1.1694761440       -0.5889945846       -0.4442617014       -0.4279116648       -0.0928068499
                       -0.0310178827

 TRANSFORMATION VECTOR   2 FROM SET  1 STATE  2

 TRANSFORMATION VECTOR   3 FROM SET  1 STATE  3

 TRANSFORMATION VECTOR   4 FROM SET  1 STATE  4

 TRANSFORMATION VECTOR   5 FROM SET  1 STATE  5

 TRANSFORMATION VECTOR   6 FROM SET  1 STATE  6

 TRANSFORMATION VECTOR   7 FROM SET  2 STATE  1
 SET   2    H2 CI calculation - singlet B3u                                                                                         
          NOCSF=   66    NSTAT=    2    NNUC =    3

 Nuclear data     X         Y         Z       Charge
   H  1        0.000000  0.000000 -0.700521  1.000000
   H  1        0.000000  0.000000  0.700521  1.000000
   sc 2        0.000000  0.000000  0.000000  0.000000
          EIGEN-ENERGIES OF THE REQ. STATES
                       -0.6016045728       -0.0737065323

 TRANSFORMATION VECTOR   8 FROM SET  2 STATE  2

 TRANSFORMATION VECTOR   9 FROM SET  3 STATE  1
 SET   3    H2 CI calculation - singlet B2u                                                                                         
          NOCSF=   66    NSTAT=    2    NNUC =    3

 Nuclear data     X         Y         Z       Charge
   H  1        0.000000  0.000000 -0.700521  1.000000
   H  1        0.000000  0.000000  0.700521  1.000000
   sc 2        0.000000  0.000000  0.000000  0.000000
          EIGEN-ENERGIES OF THE REQ. STATES
                       -0.6016045728       -0.0737065323

 TRANSFORMATION VECTOR  10 FROM SET  3 STATE  2

 TRANSFORMATION VECTOR  11 FROM SET  4 STATE  1
 SET   4    H2 CI calculation - singlet B1g                                                                                         
          NOCSF=   41    NSTAT=    1    NNUC =    3

 Nuclear data     X         Y         Z       Charge
   H  1        0.000000  0.000000 -0.700521  1.000000
   H  1        0.000000  0.000000  0.700521  1.000000
   sc 2        0.000000  0.000000  0.000000  0.000000
          EIGEN-ENERGIES OF THE REQ. STATES
                       -0.4279116648

 TRANSFORMATION VECTOR  12 FROM SET  5 STATE  1
 SET   5    H2 CI calculation - singlet B1u                                                                                         
          NOCSF=   90    NSTAT=    2    NNUC =    3

 Nuclear data     X         Y         Z       Charge
   H  1        0.000000  0.000000 -0.700521  1.000000
   H  1        0.000000  0.000000  0.700521  1.000000
   sc 2        0.000000  0.000000  0.000000  0.000000
          EIGEN-ENERGIES OF THE REQ. STATES
                       -0.6598141886       -0.2744123661

 TRANSFORMATION VECTOR  13 FROM SET  5 STATE  2

 TRANSFORMATION VECTOR  14 FROM SET  6 STATE  1
 SET   6    H2 CI calculation - singlet B2g                                                                                         
          NOCSF=   64    NSTAT=    1    NNUC =    3

 Nuclear data     X         Y         Z       Charge
   H  1        0.000000  0.000000 -0.700521  1.000000
   H  1        0.000000  0.000000  0.700521  1.000000
   sc 2        0.000000  0.000000  0.000000  0.000000
          EIGEN-ENERGIES OF THE REQ. STATES
                       -0.4349622988

 TRANSFORMATION VECTOR  15 FROM SET  7 STATE  1
 SET   7    H2 CI calculation - singlet B3g                                                                                         
          NOCSF=   64    NSTAT=    1    NNUC =    3

 Nuclear data     X         Y         Z       Charge
   H  1        0.000000  0.000000 -0.700521  1.000000
   H  1        0.000000  0.000000  0.700521  1.000000
   sc 2        0.000000  0.000000  0.000000  0.000000
          EIGEN-ENERGIES OF THE REQ. STATES
                       -0.4349622988

Using an enhancement factor of  1.0000000
     MXCORB SET TO:       100000000


 TOTAL H Matrix     ELEMENTS      =   4701711
 NON-ZERO ELEMENTS evaluated      =   1339091
 Total    prototype ELEMENTS      =   7210503
 Non-zero prototype ELEMENTS      =    671310

 Number (prototype) integrals     =   1031105
 Compressed (prototype) integrals =   1017141
 Number integrals evaluated       =   6284367
 ===================================================
  inside subroutine --> 'dgmain' --> begins. 
 

  ************************************************************************************************************************

 MATRIX DIAGONALIZATION SECTION
 (RUN)     H2 CI calculation - doublet B1g                                                                                         
  DATA SET FILE NUMBERS AND LENGTH SPECIFICATIONS :
      NFTE =823      NFTW =     25

 NPFLG :      0     0
 NCISET:      1

 NPCVC =    1
 THRHM = 0.10D-14


 (EMX)     e + H2 - doublet B1g                                                                                                    

  3066 Eigenvectors to be computed for
  3066 dimensional final Hamiltonian matrix

   1339091 Hamiltonian elements read from unit NFTE =823
 CI data stored as set number  1

 SET   1    H2 CI calculation - doublet B1g                                                                                         

 MGVN = 3    s =   0.5    sz =   0.5    NELT =    3    NNUC =  3

 Nuclear data     X         Y         Z       Charge
   H  1        0.000000  0.000000 -0.700521  1.000000
   H  1        0.000000  0.000000  0.700521  1.000000
   sc 2        0.000000  0.000000  0.000000  0.000000

 NOCSF= 3066    NSTAT= 3066    EN   =        0.7137539911

 NTGSYM=   7
  I   MCONT  NOTGT
  1      3     17
  2      2     19
  3      1     19
  4      0     35
  5      7      6
  6      6     17
  7      5     17

 EIGEN-ENERGIES
                       -1.1256280170       -1.0609827250       -1.0608237990       -1.0079197943       -0.8757695174
                       -0.8753669670       -0.8349600116       -0.6366638854       -0.6360526888       -0.6038332347
                       -0.5918530473       -0.5842293897       -0.5773919721       -0.5475583237       -0.5327979290
                       -0.5296136003       -0.5270959330       -0.5250315450       -0.5108434407       -0.4802004976
                       -0.4792970497       -0.4787481301       -0.4440081664       -0.4238402746       -0.4125561693
                       -0.3981842459       -0.3979077473       -0.3915177511       -0.3890061538       -0.3841544157
                       -0.3836452809       -0.3784727807       -0.3767749029       -0.3731721327       -0.3717760429
                       -0.3504349018       -0.3358124249       -0.3343979093       -0.3274038281       -0.3262952818
                       -0.3251491251       -0.3248067954       -0.3208369531       -0.3198150325       -0.3183907370
                       -0.3180642586       -0.3177734431       -0.3161532648       -0.3159748283       -0.3156438961
                       -0.3059623709       -0.2956869024       -0.2948425446       -0.2924726726       -0.2756075572
                       -0.2682001896       -0.2662596016       -0.2639249537       -0.2572325139       -0.2557290200
                       -0.2483728088       -0.2219680849       -0.2006360984       -0.1870141157       -0.1751313514
                       -0.1657097216       -0.1606327963       -0.1507233276       -0.1471114868       -0.1437120560
                       -0.1407121089       -0.1376178194       -0.1373808901       -0.1360493485       -0.1332644149
                       -0.1301467433       -0.1293114823       -0.1291211932       -0.1114062264       -0.0922523831
                       -0.0881700778       -0.0857074499       -0.0808966038       -0.0724110754       -0.0694491915
                       -0.0680206981       -0.0589215523       -0.0536439076       -0.0513622047       -0.0481457493
                       -0.0480798300       -0.0466667834       -0.0415365384       -0.0051799782       -0.0036898252
                       -0.0014570756        0.0005595258        0.0017240072        0.0155527122        0.0161955731
                        0.0175075708        0.0392469169        0.0460216366        0.0512321645        0.0755733882
                        0.0768336299        0.0773436710        0.0778706012        0.0781674114        0.0856744417
                        0.0920595385        0.0938288521        0.0979984493        0.1004203249        0.1006567631
                        0.1035441235        0.1070509910        0.1086405908        0.1121071104        0.1138490886
                        0.1142743399        0.1157093444        0.1219927924        0.1311281110        0.1501913183
                        0.1542699480        0.1584605715        0.1588685657        0.1595786081        0.1646508770
                        0.1658497785        0.1768688286        0.1779059987        0.1888751679        0.1918919186
                        0.1957269095        0.2008930868        0.2059448782        0.2126260918        0.2199580939
                        0.2473043569        0.2573462176        0.2639705283        0.2649178580        0.2698931881
                        0.2815148977        0.2837411977        0.3053368417        0.3192945756        0.3543740563
                        0.3599291893        0.3657743680        0.3707426140        0.3707801219        0.3713557608
                        0.4098424984        0.4217057649        0.4240988602        0.4277716590        0.4296208996
                        0.4305076522        0.4323862669        0.4369252704        0.4392761629        0.4418392943
                        0.4427235259        0.4457840498        0.4468497681        0.4481279618        0.4496219482
                        0.4534589015        0.4539634368        0.4565762628        0.4624976616        0.4717385086
                        0.4768796652        0.4869067807        0.4937385159        0.5035459658        0.5046933034
                        0.5075350747        0.5107431916        0.5209201714        0.5279671314        0.5323871692
                        0.5483626311        0.5485935323        0.5513701642        0.5619431647        0.5638870845
                        0.5765942226        0.5808705194        0.6014378694        0.6233336047        0.6394542841
                        0.6444023411        0.6486007976        0.6507094995        0.6566307526        0.6600934175
                        0.6735913403        0.6880038019        0.6939018515        0.7005040927        0.7046815049
                        0.7241925739        0.7441670571        0.7610335559        0.7698577189        0.7701480404
                        0.7841165435        0.8030733987        0.8316976897        0.8335465014        0.8376692795
                        0.8399572437        0.8414713852        0.8584819990        0.8604939439        0.8679054888
                        0.8733731971        0.8764343880        0.9533114217        0.9588409923        0.9622009738
                        0.9725089560        0.9748227267        0.9869241722        0.9919380607        1.0293897462
                        1.0310661993        1.0517176475        1.0601798017        1.0617138825        1.0894086246
                        1.0924050366        1.0962971635        1.1064840786        1.1069255560        1.1075242262
                        1.1117000458        1.1136472584        1.1137789354        1.1160220654        1.1162300983
                        1.1165036544        1.1192611878        1.1213595085        1.1223512787        1.1250455387
                        1.1265339339        1.1274084824        1.1290814624        1.1423931506        1.1517931174
                        1.1532665574        1.1764862365        1.1928889449        1.2007713304        1.2057697971
                        1.2309014075        1.2374205941        1.2492800786        1.2557556258        1.2634066267
                        1.2683562725        1.2686708514        1.2777640222        1.2814005132        1.3067440202
                        1.3116050860        1.3136637564        1.3262547657        1.3369293716        1.3444367589
                        1.3647055366        1.3867782848        1.3908859509        1.3936374657        1.4105461257
                        1.4385228962        1.4398873608        1.4537640088        1.4545697398        1.4571288558
                        1.4588414760        1.4607415895        1.4662863826        1.4847781209        1.4957273680
                        1.5172252914        1.5180163458        1.5226032353        1.5258838221        1.5413512626
                        1.5674138582        1.5695488324        1.5725902797        1.5816961435        1.5819437006
                        1.6033949766        1.6177053990        1.6210871769        1.6220765932        1.6308216984
                        1.6368522744        1.6368883460        1.6429374649        1.6452262241        1.6453194802
                        1.6502687736        1.6555158629        1.6582297194        1.6670064937        1.6697541301
                        1.6768136248        1.6768829252        1.6921715596        1.6986138221        1.7045035745
                        1.7097675549        1.7426665062        1.7473107843        1.7509233675        1.7678808182
                        1.7802746116        1.7835017250        1.7994851165        1.8105917081        1.8171124822
                        1.8224356369        1.8463167793        1.8469388992        1.8545655960        1.8634863182
                        1.8685109562        1.8811888740        1.8900320062        1.8910578748        1.8959189633
                        1.9003356767        1.9132160633        1.9289297869        1.9314255363        1.9691907229
                        1.9750836312        1.9810372647        1.9833329802        1.9976565001        2.0069584591
                        2.0107889552        2.0132848463        2.0235269801        2.0281124965        2.0344316243
                        2.0539498071        2.0675173393        2.0724425717        2.0762374948        2.0854618818
                        2.0958125056        2.1002984052        2.1050141751        2.1084175339        2.1089967262
                        2.1167514542        2.1378662452        2.1386838520        2.1477346590        2.1484949898
                        2.1527365179        2.1587016887        2.1759897506        2.1818390127        2.1924494196
                        2.1958079304        2.2013485502        2.2182194097        2.2303037213        2.2319052575
                        2.2346438495        2.2441187682        2.2531362852        2.2731347231        2.2817357988
                        2.3145405438        2.3157882476        2.3186487640        2.3260011872        2.3264718705
                        2.3364263444        2.3484685256        2.3660906432        2.3781466851        2.3980095474
                        2.3992022560        2.4145863875        2.4154822849        2.4323216203        2.4330962038
