+-------------------------------------------------------------------------+
|              _              |                                           |
| || || ||//  | \          |  | University College London (C) 1994 - 2020 |
| || || ||    | / |/\/\ /\ |  | Open University           (C) 2007 - 2020 |
| \\_// ||\\  | \ | | | \/ |  |                                           |
|                             |                                           |
+-------------------------------------------------------------------------+
| Last revision: 0b11259e                                                 |
| Last author:   Jimena Gorfinkiel                                        |
| Last date:     Thu Oct 13 06:28:40 2022 +0000                           |
+-------------------------------------------------------------------------+


 PROGRAM SCATCI (19 Oct 2009) : 

                         DATE = 20230418

                         TIME = 075430.215


 CONGEN: e + H2 - doublet Ag                                                                                                     
 SCATCI: e + H2 - doublet Ag                                                                                                     
 MGVN =         0     S    =  0.5
 NELT =         3     SZ   =  0.5
 IDIAG=         2     R    =  0.0
 THRES=   0.1D-09     NSYM =    8
 MEGUL=720, NOCSF=      5322
 NPFLG         0   0   0   0   0   0
 in rdnfto-gt: nctgt=                   104                    66
                    66                    41                    90
                    64                    64
 NOB  =       110  54  54  44  58  46  46  12
 NOB0 =        20   8   8   5  10   6   6   0
 NOBC =        75  35  35  27  39  29  29   0
 NDTRF=         1   2   3
 NSRB=  848    LNDOF=     68562    LCDOF=     10446
 nfte =  820        nfti =    16       lembf=  5000       iodr =   1
 MOLECULE SYMMETRY CASE,  SYMTYP = 2

 Prototype CSF option requested

 CI target option requested,
 Vectors to be read from unit NFTG = 26
 Phases for target vectors read in from CONGEN

 Number of target symmetries in expansion,   NTGSYM =    7
 Number of continuum orbitals for each state, NOTGT =   35   19   19   17   19   17   17
 Number of CI components for each state,      NCTGT =       104        66        66        41        90        64        64
 Number of target states of each symmetry,   NUMTGT =    6    2    2    1    2    1    1
 Continuum M projection  for each state,      MCONT =    0    1    2    3    4    5    6

 Diagonalisation of Hamiltonian matrix requested
 SCATCI will expand NOCSF =   5322 prototype CSFs
               into MXCSF =  15063 actual configurations
               and  MOCSF =   4707 dimension final Hamiltonian

 Number of last continuum CSF, NCONT =    375
     ENERGY EXPRESSIONS COMPUTED FOR MOLECULE SYMMETRY CASE - SYMTYP=  2
 All IIII blocks of integrals
                     1                     0                     0
                     0                     0
                     2                     1                     1
                     1                     1
                     3                     2                     2
                     2                     2
                     4                     3                     3
                     3                     3
                     5                     4                     4
                     4                     4
                     6                     5                     5
                     5                     5
                     7                     6                     6
                     6                     6
                     8                     7                     7
                     7                     7
 All IJIJ blocks
                     9                     1                     0
                     1                     0
                    10                     2                     0
                     2                     0
                    11                     2                     1
                     2                     1
                    12                     3                     0
                     3                     0
                    13                     3                     1
                     3                     1
                    14                     3                     2
                     3                     2
                    15                     4                     0
                     4                     0
                    16                     4                     1
                     4                     1
                    17                     4                     2
                     4                     2
                    18                     4                     3
                     4                     3
                    19                     5                     0
                     5                     0
                    20                     5                     1
                     5                     1
                    21                     5                     2
                     5                     2
                    22                     5                     3
                     5                     3
                    23                     5                     4
                     5                     4
                    24                     6                     0
                     6                     0
                    25                     6                     1
                     6                     1
                    26                     6                     2
                     6                     2
                    27                     6                     3
                     6                     3
                    28                     6                     4
                     6                     4
                    29                     6                     5
                     6                     5
                    30                     7                     0
                     7                     0
                    31                     7                     1
                     7                     1
                    32                     7                     2
                     7                     2
                    33                     7                     3
                     7                     3
                    34                     7                     4
                     7                     4
                    35                     7                     5
                     7                     5
                    36                     7                     6
                     7                     6
 The IIJJ blocks of integrals
                    37                     1                     1
                     0                     0
                    38                     2                     2
                     0                     0
                    39                     2                     2
                     1                     1
                    40                     3                     3
                     0                     0
                    41                     3                     3
                     1                     1
                    42                     3                     3
                     2                     2
                    43                     4                     4
                     0                     0
                    44                     4                     4
                     1                     1
                    45                     4                     4
                     2                     2
                    46                     4                     4
                     3                     3
                    47                     5                     5
                     0                     0
                    48                     5                     5
                     1                     1
                    49                     5                     5
                     2                     2
                    50                     5                     5
                     3                     3
                    51                     5                     5
                     4                     4
                    52                     6                     6
                     0                     0
                    53                     6                     6
                     1                     1
                    54                     6                     6
                     2                     2
                    55                     6                     6
                     3                     3
                    56                     6                     6
                     4                     4
                    57                     6                     6
                     5                     5
                    58                     7                     7
                     0                     0
                    59                     7                     7
                     1                     1
                    60                     7                     7
                     2                     2
                    61                     7                     7
                     3                     3
                    62                     7                     7
                     4                     4
                    63                     7                     7
                     5                     5
                    64                     7                     7
                     6                     6
 The IJKL blocks
                    65                     3                     0
                     2                     1
                    66                     3                     1
                     2                     0
                    67                     3                     2
                     1                     0
                    68                     5                     0
                     4                     1
                    69                     5                     1
                     4                     0
                    70                     5                     2
                     4                     3
                    71                     5                     3
                     4                     2
                    72                     5                     4
                     1                     0
                    73                     5                     4
                     3                     2
                    74                     6                     0
                     4                     2
                    75                     6                     0
                     5                     3
                    76                     6                     1
                     4                     3
                    77                     6                     1
                     5                     2
                    78                     6                     2
                     4                     0
                    79                     6                     2
                     5                     1
                    80                     6                     3
                     4                     1
                    81                     6                     3
                     5                     0
                    82                     6                     4
                     2                     0
                    83                     6                     4
                     3                     1
                    84                     6                     5
                     2                     1
                    85                     6                     5
                     3                     0
                    86                     7                     0
                     4                     3
                    87                     7                     0
                     5                     2
                    88                     7                     0
                     6                     1
                    89                     7                     1
                     4                     2
                    90                     7                     1
                     5                     3
                    91                     7                     1
                     6                     0
                    92                     7                     2
                     4                     1
                    93                     7                     2
                     5                     0
                    94                     7                     2
                     6                     3
                    95                     7                     3
                     4                     0
                    96                     7                     3
                     5                     1
                    97                     7                     3
                     6                     2
                    98                     7                     4
                     2                     1
                    99                     7                     4
                     3                     0
                   100                     7                     4
                     6                     5
                   101                     7                     5
                     2                     0
                   102                     7                     5
                     3                     1
                   103                     7                     5
                     6                     4
                   104                     7                     6
                     1                     0
                   105                     7                     6
                     3                     2
                   106                     7                     6
                     5                     4
 NOBE =        55        27        27        22        29        23        23         6
 MBAS =         0       666
 NBASH=         1      1541      1919      2297      2550      2985      3261      3537      3558
   Read wavefunctions from CONGEN and load integrals
 GIVEN NSRBD=                   848
 CALCULATED NSRB=                   848

          Assuming UKRMol+ integrals on input.
 Smallest positive magnitude:  2.225073858507201E-308
 Largest magnitude:  1.797693134862316E+308
 Smallest relative spacing:  1.110223024625157E-016
 Largest relative spacing:  2.220446049250313E-016
 Log10(Base)  0.301029995663981     
 Decimal precision for real(kind=cfp):                    15
 Number of bits in default integer:                    64

 On input SCATCI expects:
 1-electron integrals, NINT1e =0
 2-electron integrals, NINT2e =0

One electron integrals read-in.
Recomputing the 1-particle Hamiltonian integrals for the positron case...
...done

Two electron integrals read-in.

 UKRMol+ integrals read successfully:
 1-electron integrals, NINT1e =22578
 2-electron integrals, NINT2e =11221651

          Nuclear repulsion energy =       0.7137540

          Finished reading UKRMol+ integrals.
   Load CI target and construct matrix elements

 TRANSFORMATION VECTOR   1 FROM SET  1 STATE  1
 SET   1    H2 CI calculation - singlet Ag                                                                                          
          NOCSF=  104    NSTAT=    6    NNUC =    3

 Nuclear data     X         Y         Z       Charge
   H  1        0.000000  0.000000 -0.700521  1.000000
   H  1        0.000000  0.000000  0.700521  1.000000
   sc 2        0.000000  0.000000  0.000000  0.000000
          EIGEN-ENERGIES OF THE REQ. STATES
                       -1.1694761440       -0.5889945846       -0.4442617014       -0.4279116648       -0.0928068499
                       -0.0310178827

 TRANSFORMATION VECTOR   2 FROM SET  1 STATE  2

 TRANSFORMATION VECTOR   3 FROM SET  1 STATE  3

 TRANSFORMATION VECTOR   4 FROM SET  1 STATE  4

 TRANSFORMATION VECTOR   5 FROM SET  1 STATE  5

 TRANSFORMATION VECTOR   6 FROM SET  1 STATE  6

 TRANSFORMATION VECTOR   7 FROM SET  2 STATE  1
 SET   2    H2 CI calculation - singlet B3u                                                                                         
          NOCSF=   66    NSTAT=    2    NNUC =    3

 Nuclear data     X         Y         Z       Charge
   H  1        0.000000  0.000000 -0.700521  1.000000
   H  1        0.000000  0.000000  0.700521  1.000000
   sc 2        0.000000  0.000000  0.000000  0.000000
          EIGEN-ENERGIES OF THE REQ. STATES
                       -0.6016045728       -0.0737065323

 TRANSFORMATION VECTOR   8 FROM SET  2 STATE  2

 TRANSFORMATION VECTOR   9 FROM SET  3 STATE  1
 SET   3    H2 CI calculation - singlet B2u                                                                                         
          NOCSF=   66    NSTAT=    2    NNUC =    3

 Nuclear data     X         Y         Z       Charge
   H  1        0.000000  0.000000 -0.700521  1.000000
   H  1        0.000000  0.000000  0.700521  1.000000
   sc 2        0.000000  0.000000  0.000000  0.000000
          EIGEN-ENERGIES OF THE REQ. STATES
                       -0.6016045728       -0.0737065323

 TRANSFORMATION VECTOR  10 FROM SET  3 STATE  2

 TRANSFORMATION VECTOR  11 FROM SET  4 STATE  1
 SET   4    H2 CI calculation - singlet B1g                                                                                         
          NOCSF=   41    NSTAT=    1    NNUC =    3

 Nuclear data     X         Y         Z       Charge
   H  1        0.000000  0.000000 -0.700521  1.000000
   H  1        0.000000  0.000000  0.700521  1.000000
   sc 2        0.000000  0.000000  0.000000  0.000000
          EIGEN-ENERGIES OF THE REQ. STATES
                       -0.4279116648

 TRANSFORMATION VECTOR  12 FROM SET  5 STATE  1
 SET   5    H2 CI calculation - singlet B1u                                                                                         
          NOCSF=   90    NSTAT=    2    NNUC =    3

 Nuclear data     X         Y         Z       Charge
   H  1        0.000000  0.000000 -0.700521  1.000000
   H  1        0.000000  0.000000  0.700521  1.000000
   sc 2        0.000000  0.000000  0.000000  0.000000
          EIGEN-ENERGIES OF THE REQ. STATES
                       -0.6598141886       -0.2744123661

 TRANSFORMATION VECTOR  13 FROM SET  5 STATE  2

 TRANSFORMATION VECTOR  14 FROM SET  6 STATE  1
 SET   6    H2 CI calculation - singlet B2g                                                                                         
          NOCSF=   64    NSTAT=    1    NNUC =    3

 Nuclear data     X         Y         Z       Charge
   H  1        0.000000  0.000000 -0.700521  1.000000
   H  1        0.000000  0.000000  0.700521  1.000000
   sc 2        0.000000  0.000000  0.000000  0.000000
          EIGEN-ENERGIES OF THE REQ. STATES
                       -0.4349622988

 TRANSFORMATION VECTOR  15 FROM SET  7 STATE  1
 SET   7    H2 CI calculation - singlet B3g                                                                                         
          NOCSF=   64    NSTAT=    1    NNUC =    3

 Nuclear data     X         Y         Z       Charge
   H  1        0.000000  0.000000 -0.700521  1.000000
   H  1        0.000000  0.000000  0.700521  1.000000
   sc 2        0.000000  0.000000  0.000000  0.000000
          EIGEN-ENERGIES OF THE REQ. STATES
                       -0.4349622988

Using an enhancement factor of  1.0000000
     MXCORB SET TO:       100000000


 TOTAL H Matrix     ELEMENTS      =  11080278
 NON-ZERO ELEMENTS evaluated      =   2683434
 Total    prototype ELEMENTS      =  14164503
 Non-zero prototype ELEMENTS      =   1538229

 Number (prototype) integrals     =   2130893
 Compressed (prototype) integrals =   2116819
 Number integrals evaluated       =  11200721
 ===================================================
  inside subroutine --> 'dgmain' --> begins. 
 

  ************************************************************************************************************************

 MATRIX DIAGONALIZATION SECTION
 (RUN)     H2 CI calculation - doublet Ag                                                                                          
  DATA SET FILE NUMBERS AND LENGTH SPECIFICATIONS :
      NFTE =820      NFTW =     25

 NPFLG :      0     0
 NCISET:      1

 NPCVC =    1
 THRHM = 0.10D-14


 (EMX)     e + H2 - doublet Ag                                                                                                     

  4707 Eigenvectors to be computed for
  4707 dimensional final Hamiltonian matrix

   2683434 Hamiltonian elements read from unit NFTE =820
 CI data stored as set number  1

 SET   1    H2 CI calculation - doublet Ag                                                                                          

 MGVN = 0    s =   0.5    sz =   0.5    NELT =    3    NNUC =  3

 Nuclear data     X         Y         Z       Charge
   H  1        0.000000  0.000000 -0.700521  1.000000
   H  1        0.000000  0.000000  0.700521  1.000000
   sc 2        0.000000  0.000000  0.000000  0.000000

 NOCSF= 4707    NSTAT= 4707    EN   =        0.7137539911

 NTGSYM=   7
  I   MCONT  NOTGT
  1      0     35
  2      1     19
  3      2     19
  4      3     17
  5      4     19
  6      5     17
  7      6     17

 EIGEN-ENERGIES
                       -1.1628968245       -1.1256280174       -1.1253819885       -1.1040863775       -1.0609827250
                       -1.0608237990       -1.0607703895       -1.0079198083       -1.0070727917       -0.9808167491
                       -0.8757695174       -0.8753669679       -0.8753138876       -0.8349600989       -0.8331893390
                       -0.7935336408       -0.6426934234       -0.6366638854       -0.6366525118       -0.6360527052
                       -0.6045976568       -0.6038336711       -0.5994077985       -0.5918532284       -0.5899062578
                       -0.5842295033       -0.5653334872       -0.5508597698       -0.5475583332       -0.5460504186
                       -0.5373583645       -0.5327979290       -0.5296136348       -0.5268046660       -0.5250315452
                       -0.5245501581       -0.5108455018       -0.4795422761       -0.4792970511       -0.4787481301
                       -0.4557196174       -0.4483653758       -0.4440085922       -0.4294416904       -0.4238407019
                       -0.4231772149       -0.4125610310       -0.4008597690       -0.3981843308       -0.3979077473
                       -0.3929015204       -0.3915183367       -0.3843435918       -0.3841572851       -0.3823252009
                       -0.3784727807       -0.3768800433       -0.3767753185       -0.3731722256       -0.3539052752
                       -0.3504378758       -0.3364349952       -0.3358124264       -0.3343979093       -0.3278759904
                       -0.3274038305       -0.3262952818       -0.3251491260       -0.3214296223       -0.3208369531
                       -0.3198150367       -0.3183907370       -0.3183319486       -0.3177734463       -0.3161532648
                       -0.3159754795       -0.3156295140       -0.3059727316       -0.2982347116       -0.2965982096
                       -0.2957153426       -0.2948428598       -0.2924726726       -0.2864136468       -0.2761186217
                       -0.2756101831       -0.2682065910       -0.2662596016       -0.2654857730       -0.2557686406
                       -0.2545859691       -0.2483863579       -0.2482856591       -0.2467229503       -0.2219699320
                       -0.2206167600       -0.2014897465       -0.2006361294       -0.1957534899       -0.1870141157
                       -0.1751327051       -0.1732783462       -0.1689857402       -0.1657104197       -0.1526242717
                       -0.1507233490       -0.1471114868       -0.1449136172       -0.1437120840       -0.1407121089
                       -0.1376178194       -0.1373809654       -0.1366403310       -0.1332645166       -0.1304078050
                       -0.1301467433       -0.1291213818       -0.1114133305       -0.1090006536       -0.1012541237
                       -0.0980058719       -0.0922592909       -0.0899288890       -0.0881921435       -0.0808966038
                       -0.0801804550       -0.0714171184       -0.0694570871       -0.0591345547       -0.0571242838
                       -0.0545427388       -0.0536457778       -0.0513644488       -0.0497275980       -0.0481457492
                       -0.0466670607       -0.0422599810       -0.0415367158       -0.0179683489       -0.0073226606
                       -0.0051818749       -0.0036898356       -0.0030583551       -0.0014570756        0.0005595061
                        0.0079213453        0.0148668349        0.0155526794        0.0161955285        0.0162016808
                        0.0175075708        0.0181683627        0.0285620981        0.0392445517        0.0446426248
                        0.0460143623        0.0629323201        0.0681918345        0.0755705928        0.0768336299
                        0.0773393541        0.0778706012        0.0781674055        0.0782529683        0.0821162721
                        0.0856737876        0.0907348243        0.0920593807        0.0932661930        0.0938288521
                        0.0979962560        0.0998791874        0.1004203249        0.1006567631        0.1035439075
                        0.1083295775        0.1086395916        0.1112130147        0.1121061285        0.1138490886
                        0.1157068473        0.1234783858        0.1311276626        0.1340483750        0.1380265535
                        0.1501913183        0.1508009097        0.1542687502        0.1563492599        0.1584595037
                        0.1595775245        0.1619817122        0.1646464701        0.1676370924        0.1768688286
                        0.1777151116        0.1778989730        0.1898901561        0.1918759939        0.1956480594
                        0.1990357052        0.2008911389        0.2047565067        0.2059448782        0.2199502129
                        0.2311329304        0.2452873003        0.2521089676        0.2573290004        0.2585055248
                        0.2639705283        0.2649178065        0.2650557188        0.2696236189        0.2783964160
                        0.2815148978        0.2837398080        0.3053329255        0.3086305712        0.3192918807
                        0.3269774438        0.3345554176        0.3434494867        0.3543740563        0.3599261413
                        0.3612323136        0.3657727259        0.3681062178        0.3707399905        0.3713557608
                        0.4013440028        0.4086712257        0.4098357664        0.4201889461        0.4216992158
                        0.4226576263        0.4240988602        0.4273120505        0.4276869232        0.4296208996
                        0.4305076520        0.4323391971        0.4366991760        0.4369200565        0.4392222575
                        0.4405721688        0.4418392941        0.4427066309        0.4477648675        0.4481218393
                        0.4496219482        0.4534589015        0.4565492535        0.4615223192        0.4619103556
                        0.4621533353        0.4684743948        0.4715516328        0.4828203703        0.4863633865
                        0.4936978862        0.5035123138        0.5046933037        0.5061959786        0.5075141335
                        0.5099442672        0.5209028457        0.5278284325        0.5302791372        0.5323871690
                        0.5389391232        0.5450988728        0.5483466481        0.5513240850        0.5527608878
                        0.5619431648        0.5638613688        0.5647346121        0.5790513924        0.5808464418
                        0.6011209250        0.6018100052        0.6136456051        0.6207946803        0.6229670941
                        0.6357143254        0.6443902249        0.6486007976        0.6486054001        0.6505826609
                        0.6515871401        0.6549332462        0.6565992762        0.6702704384        0.6735656361
                        0.6835612750        0.6935308682        0.7004620473        0.7240169989        0.7258277049
                        0.7356994831        0.7411580801        0.7438634922        0.7582271155        0.7608031111
                        0.7609799466        0.7701378800        0.7841165436        0.7857843892        0.7991498318
                        0.8029437315        0.8099503784        0.8307646505        0.8316738534        0.8346193521
                        0.8365845383        0.8376692801        0.8399198067        0.8414628153        0.8584665631
                        0.8604939422        0.8636718743        0.8678742164        0.8707227992        0.8733643829
                        0.8987294241        0.9222587587        0.9266670059        0.9388282495        0.9464498354
                        0.9531347114        0.9533294295        0.9588409969        0.9621789811        0.9694363152
                        0.9722881354        0.9844556203        0.9900714360        1.0122223738        1.0289919368
                        1.0293897464        1.0310400469        1.0345908934        1.0457325945        1.0515897532
                        1.0547007522        1.0600778994        1.0683935148        1.0828814674        1.0890451985
                        1.0916961177        1.0962971635        1.1053153541        1.1064150600        1.1075242263
                        1.1100889997        1.1116203600        1.1136253331        1.1137789355        1.1142219786
                        1.1143292298        1.1160220654        1.1165036544        1.1192512109        1.1195336921
                        1.1222669236        1.1234108374        1.1242290312        1.1251100826        1.1265339339
                        1.1294187654        1.1410385912        1.1483245686        1.1486764299        1.1539339963
                        1.1661074488        1.1878136582        1.1928416227        1.2010109727        1.2065953454
                        1.2141622779        1.2174905648        1.2253051775        1.2299614866        1.2386369809
                        1.2413689447        1.2492194508        1.2558778794        1.2594141835        1.2635466770
                        1.2659369614        1.2683562724        1.2777819924        1.2996953230        1.3067545946
                        1.3115205434        1.3120772816        1.3192980769        1.3252812462        1.3262895724
