+-------------------------------------------------------------------------+
|              _              |                                           |
| || || ||//  | \          |  | University College London (C) 1994 - 2020 |
| || || ||    | / |/\/\ /\ |  | Open University           (C) 2007 - 2020 |
| \\_// ||\\  | \ | | | \/ |  |                                           |
|                             |                                           |
+-------------------------------------------------------------------------+
| Last revision: b034153                                                  |
| Last author:   Jimena Gorfinkiel                                        |
| Last date:     Wed Oct 26 08:42:12 2022 +0000                           |
+-------------------------------------------------------------------------+
 Smallest positive magnitude:  2.225073858507201E-308
 Largest magnitude:  1.797693134862316E+308
 Smallest relative spacing:  1.110223024625157E-016
 Largest relative spacing:  2.220446049250313E-016
 Log10(Base)  0.301029995663981     
 Decimal precision for real(kind=cfp):                    15
 Number of bits in default integer:                    64


 Program RSOLVE  (last modified 05-Jan-2004 )

e + H2 - doublet Ag - K-matrices                            20230418  075445.387

 Symmetry data  MGVN = 0 STOT = 2 GUTOT = 0

 Fixed nuclei calculation for R = 0.000

 Input datasets:                                 Unit  Set numbers
 Target and channel data     LUCHAN (UNFORMATTED) 10       1
 Fixed nuclei R-matrix data  LURMT  (UNFORMATTED) 21       1

 Output datasets:                                Unit  Set number
 K-matrices                  LUKMT  (UNFORMATTED)920       1

 K-matrices will be calculated for 6017 energies in the range [  0.0001,  6.0010] EV 

 *** FIXED NUCLEI DATA ***

 R-matrix data has been read from set number  1 on unit number 21
 Header :e + H2 - doublet Ag                                         20230418  075445.123

 Dimension of Hamiltonian matrix           =      4707
 Number of CI vectors stored on file       =    0
 Maximum multipole in asymptotic potential =    2
 R-matrix radius                           =   13.0000

 Maximum multipole USED in asymptotic scattering potentials   ISMAX =  2

 *** FIXED NUCLEI DATA ***

 Target and channel data is read from set  1 on unit 10

 Target state    Spin    M    G/U  Energy (au)
         1         1     0     0   -1.169476
         2         1     4     0   -0.659814
         3         1     2     0   -0.601605
         4         1     1     0   -0.601605
         5         1     0     0   -0.588995
         6         1     0     0   -0.444262
         7         1     6     0   -0.434962
         8         1     5     0   -0.434962
         9         1     0     0   -0.427912
        10         1     3     0   -0.427912
        11         1     4     0   -0.274412
        12         1     0     0   -0.092807
        13         1     2     0   -0.073707
        14         1     1     0   -0.073707
        15         1     0     0   -0.031018

 Channel   Vibronic level   L   M  Threshold (Ryd)
    1              1        0   0    0.000000
    2              1        2   0    0.000000
    3              1        2   2    0.000000
    4              1        4   0    0.000000
    5              1        4   2    0.000000
    6              1        4   4    0.000000
    7              2        1   0    1.019324
    8              2        3   0    1.019324
    9              2        3   2    1.019324
   10              3        1  -1    1.135743
   11              3        3  -3    1.135743
   12              3        3  -1    1.135743
   13              4        1   1    1.135743
   14              4        3   1    1.135743
   15              4        3   3    1.135743
   16              5        0   0    1.160963
   17              5        2   0    1.160963
   18              5        2   2    1.160963
   19              5        4   0    1.160963
   20              5        4   2    1.160963
   21              5        4   4    1.160963
   22              6        0   0    1.450429
   23              6        2   0    1.450429
   24              6        2   2    1.450429
   25              6        4   0    1.450429
   26              6        4   2    1.450429
   27              6        4   4    1.450429
   28              7        2  -1    1.469028
   29              7        4  -3    1.469028
   30              7        4  -1    1.469028
   31              8        2   1    1.469028
   32              8        4   1    1.469028
   33              8        4   3    1.469028
   34              9        0   0    1.483129
   35              9        2   0    1.483129
   36              9        2   2    1.483129
   37              9        4   0    1.483129
   38              9        4   2    1.483129
   39              9        4   4    1.483129
   40             10        2  -2    1.483129
   41             10        4  -4    1.483129
   42             10        4  -2    1.483129
   43             11        1   0    1.790128
   44             11        3   0    1.790128
   45             11        3   2    1.790128
   46             12        0   0    2.153339
   47             12        2   0    2.153339
   48             12        2   2    2.153339
   49             12        4   0    2.153339
   50             12        4   2    2.153339
   51             12        4   4    2.153339
   52             13        1  -1    2.191539
   53             13        3  -3    2.191539
   54             13        3  -1    2.191539
   55             14        1   1    2.191539
   56             14        3   1    2.191539
   57             14        3   3    2.191539
   58             15        0   0    2.276917
   59             15        2   0    2.276917
   60             15        2   2    2.276917
   61             15        4   0    2.276917
   62             15        4   2    2.276917
   63             15        4   4    2.276917

 R-matrix data has been read from set number  1 on unit number 21
 Header :e + H2 - doublet Ag                                         20230418  075445.123

 Dimension of Hamiltonian matrix           =      4707
 Number of CI vectors stored on file       =    0
 Maximum multipole in asymptotic potential =    2
 R-matrix radius                           =   13.0000
 IWRON                     0

 ASYMPTOTIC METHOD SELECTED : GAILITIS      
 EXPANSION USED AT RADIUS =   70.0000

 R-MATRIX WILL BE PROPAGATED ACROSS  6 SUBRANGES

 K-matrices will be written to set 1 on unit 920
 ASYWFN WARNING IN CHANNEL J =  2  LJ =  2  ET(J) =    0.00001   ET(1) =    0.00001 RYD
 ASYWFN WARNING IN CHANNEL J =  3  LJ =  2  ET(J) =    0.00001   ET(1) =    0.00001 RYD
 ASYWFN WARNING IN CHANNEL J =  4  LJ =  4  ET(J) =    0.00001   ET(1) =    0.00001 RYD
 ASYWFN WARNING IN CHANNEL J =  5  LJ =  4  ET(J) =    0.00001   ET(1) =    0.00001 RYD
 ASYWFN WARNING IN CHANNEL J =  6  LJ =  4  ET(J) =    0.00001   ET(1) =    0.00001 RYD
 ASYWFN WARNING IN CHANNEL J =  2  LJ =  2  ET(J) =    0.00001   ET(1) =    0.00001 RYD
 ASYWFN WARNING IN CHANNEL J =  3  LJ =  2  ET(J) =    0.00001   ET(1) =    0.00001 RYD
 ASYWFN WARNING IN CHANNEL J =  4  LJ =  4  ET(J) =    0.00001   ET(1) =    0.00001 RYD
 ASYWFN WARNING IN CHANNEL J =  5  LJ =  4  ET(J) =    0.00001   ET(1) =    0.00001 RYD
 ASYWFN WARNING IN CHANNEL J =  6  LJ =  4  ET(J) =    0.00001   ET(1) =    0.00001 RYD
 ASYWFN WARNING IN CHANNEL J =  2  LJ =  2  ET(J) =    0.00002   ET(1) =    0.00002 RYD
 ASYWFN WARNING IN CHANNEL J =  3  LJ =  2  ET(J) =    0.00002   ET(1) =    0.00002 RYD
 ASYWFN WARNING IN CHANNEL J =  4  LJ =  4  ET(J) =    0.00002   ET(1) =    0.00002 RYD
 ASYWFN WARNING IN CHANNEL J =  5  LJ =  4  ET(J) =    0.00002   ET(1) =    0.00002 RYD
 ASYWFN WARNING IN CHANNEL J =  6  LJ =  4  ET(J) =    0.00002   ET(1) =    0.00002 RYD
 ASYWFN WARNING IN CHANNEL J =  2  LJ =  2  ET(J) =    0.00002   ET(1) =    0.00002 RYD
 ASYWFN WARNING IN CHANNEL J =  3  LJ =  2  ET(J) =    0.00002   ET(1) =    0.00002 RYD
 ASYWFN WARNING IN CHANNEL J =  4  LJ =  4  ET(J) =    0.00002   ET(1) =    0.00002 RYD
 ASYWFN WARNING IN CHANNEL J =  5  LJ =  4  ET(J) =    0.00002   ET(1) =    0.00002 RYD
 ASYWFN WARNING IN CHANNEL J =  6  LJ =  4  ET(J) =    0.00002   ET(1) =    0.00002 RYD
 ASYWFN WARNING IN CHANNEL J =  2  LJ =  2  ET(J) =    0.00003   ET(1) =    0.00003 RYD
 ASYWFN WARNING IN CHANNEL J =  3  LJ =  2  ET(J) =    0.00003   ET(1) =    0.00003 RYD
 ASYWFN WARNING IN CHANNEL J =  4  LJ =  4  ET(J) =    0.00003   ET(1) =    0.00003 RYD
 ASYWFN WARNING IN CHANNEL J =  5  LJ =  4  ET(J) =    0.00003   ET(1) =    0.00003 RYD
 ASYWFN WARNING IN CHANNEL J =  6  LJ =  4  ET(J) =    0.00003   ET(1) =    0.00003 RYD
 ASYWFN WARNING IN CHANNEL J =  2  LJ =  2  ET(J) =    0.00003   ET(1) =    0.00003 RYD
 ASYWFN WARNING IN CHANNEL J =  3  LJ =  2  ET(J) =    0.00003   ET(1) =    0.00003 RYD
 ASYWFN WARNING IN CHANNEL J =  4  LJ =  4  ET(J) =    0.00003   ET(1) =    0.00003 RYD
 ASYWFN WARNING IN CHANNEL J =  5  LJ =  4  ET(J) =    0.00003   ET(1) =    0.00003 RYD
 ASYWFN WARNING IN CHANNEL J =  6  LJ =  4  ET(J) =    0.00003   ET(1) =    0.00003 RYD
 ASYWFN WARNING IN CHANNEL J =  2  LJ =  2  ET(J) =    0.00003   ET(1) =    0.00003 RYD
 ASYWFN WARNING IN CHANNEL J =  3  LJ =  2  ET(J) =    0.00003   ET(1) =    0.00003 RYD
 ASYWFN WARNING IN CHANNEL J =  4  LJ =  4  ET(J) =    0.00003   ET(1) =    0.00003 RYD
 ASYWFN WARNING IN CHANNEL J =  5  LJ =  4  ET(J) =    0.00003   ET(1) =    0.00003 RYD
 ASYWFN WARNING IN CHANNEL J =  6  LJ =  4  ET(J) =    0.00003   ET(1) =    0.00003 RYD
 ASYWFN WARNING IN CHANNEL J =  2  LJ =  2  ET(J) =    0.00004   ET(1) =    0.00004 RYD
 ASYWFN WARNING IN CHANNEL J =  3  LJ =  2  ET(J) =    0.00004   ET(1) =    0.00004 RYD
 ASYWFN WARNING IN CHANNEL J =  4  LJ =  4  ET(J) =    0.00004   ET(1) =    0.00004 RYD
 ASYWFN WARNING IN CHANNEL J =  5  LJ =  4  ET(J) =    0.00004   ET(1) =    0.00004 RYD
 ASYWFN WARNING IN CHANNEL J =  6  LJ =  4  ET(J) =    0.00004   ET(1) =    0.00004 RYD
 ASYWFN WARNING IN CHANNEL J =  2  LJ =  2  ET(J) =    0.00004   ET(1) =    0.00004 RYD
 ASYWFN WARNING IN CHANNEL J =  3  LJ =  2  ET(J) =    0.00004   ET(1) =    0.00004 RYD
 ASYWFN WARNING IN CHANNEL J =  4  LJ =  4  ET(J) =    0.00004   ET(1) =    0.00004 RYD
 ASYWFN WARNING IN CHANNEL J =  5  LJ =  4  ET(J) =    0.00004   ET(1) =    0.00004 RYD
 ASYWFN WARNING IN CHANNEL J =  6  LJ =  4  ET(J) =    0.00004   ET(1) =    0.00004 RYD
 ASYWFN WARNING IN CHANNEL J =  2  LJ =  2  ET(J) =    0.00004   ET(1) =    0.00004 RYD
 ASYWFN WARNING IN CHANNEL J =  3  LJ =  2  ET(J) =    0.00004   ET(1) =    0.00004 RYD
 ASYWFN WARNING IN CHANNEL J =  4  LJ =  4  ET(J) =    0.00004   ET(1) =    0.00004 RYD
 ASYWFN WARNING IN CHANNEL J =  5  LJ =  4  ET(J) =    0.00004   ET(1) =    0.00004 RYD
 ASYWFN WARNING IN CHANNEL J =  6  LJ =  4  ET(J) =    0.00004   ET(1) =    0.00004 RYD
 ASYWFN WARNING IN CHANNEL J =  2  LJ =  2  ET(J) =    0.00005   ET(1) =    0.00005 RYD
 ASYWFN WARNING IN CHANNEL J =  4  LJ =  4  ET(J) =    0.00005   ET(1) =    0.00005 RYD
 ASYWFN WARNING IN CHANNEL J =  5  LJ =  4  ET(J) =    0.00005   ET(1) =    0.00005 RYD
 ASYWFN WARNING IN CHANNEL J =  6  LJ =  4  ET(J) =    0.00005   ET(1) =    0.00005 RYD
 ASYWFN WARNING IN CHANNEL J =  4  LJ =  4  ET(J) =    0.00005   ET(1) =    0.00005 RYD
 ASYWFN WARNING IN CHANNEL J =  5  LJ =  4  ET(J) =    0.00005   ET(1) =    0.00005 RYD
 ASYWFN WARNING IN CHANNEL J =  6  LJ =  4  ET(J) =    0.00005   ET(1) =    0.00005 RYD
 ASYWFN WARNING IN CHANNEL J =  4  LJ =  4  ET(J) =    0.00006   ET(1) =    0.00006 RYD
 ASYWFN WARNING IN CHANNEL J =  5  LJ =  4  ET(J) =    0.00006   ET(1) =    0.00006 RYD
 ASYWFN WARNING IN CHANNEL J =  6  LJ =  4  ET(J) =    0.00006   ET(1) =    0.00006 RYD
 ASYWFN WARNING IN CHANNEL J =  4  LJ =  4  ET(J) =    0.00006   ET(1) =    0.00006 RYD
 ASYWFN WARNING IN CHANNEL J =  5  LJ =  4  ET(J) =    0.00006   ET(1) =    0.00006 RYD
 ASYWFN WARNING IN CHANNEL J =  6  LJ =  4  ET(J) =    0.00006   ET(1) =    0.00006 RYD
 ASYWFN WARNING IN CHANNEL J =  4  LJ =  4  ET(J) =    0.00006   ET(1) =    0.00006 RYD
 ASYWFN WARNING IN CHANNEL J =  5  LJ =  4  ET(J) =    0.00006   ET(1) =    0.00006 RYD
 ASYWFN WARNING IN CHANNEL J =  6  LJ =  4  ET(J) =    0.00006   ET(1) =    0.00006 RYD
 ASYWFN WARNING IN CHANNEL J =  4  LJ =  4  ET(J) =    0.00007   ET(1) =    0.00007 RYD
 ASYWFN WARNING IN CHANNEL J =  5  LJ =  4  ET(J) =    0.00007   ET(1) =    0.00007 RYD
 ASYWFN WARNING IN CHANNEL J =  6  LJ =  4  ET(J) =    0.00007   ET(1) =    0.00007 RYD
 ASYWFN WARNING IN CHANNEL J =  4  LJ =  4  ET(J) =    0.00007   ET(1) =    0.00007 RYD
 ASYWFN WARNING IN CHANNEL J =  5  LJ =  4  ET(J) =    0.00007   ET(1) =    0.00007 RYD
 ASYWFN WARNING IN CHANNEL J =  6  LJ =  4  ET(J) =    0.00007   ET(1) =    0.00007 RYD
 ASYWFN WARNING IN CHANNEL J =  4  LJ =  4  ET(J) =    0.00007   ET(1) =    0.00007 RYD
 ASYWFN WARNING IN CHANNEL J =  5  LJ =  4  ET(J) =    0.00007   ET(1) =    0.00007 RYD
 ASYWFN WARNING IN CHANNEL J =  6  LJ =  4  ET(J) =    0.00007   ET(1) =    0.00007 RYD

Number of energy points for which the K matrices have actually been calculated:      0

 *** Task successfully completed ***
