+-------------------------------------------------------------------------+
|              _              |                                           |
| || || ||//  | \          |  | University College London (C) 1994 - 2020 |
| || || ||    | / |/\/\ /\ |  | Open University           (C) 2007 - 2020 |
| \\_// ||\\  | \ | | | \/ |  |                                           |
|                             |                                           |
+-------------------------------------------------------------------------+
| Last revision: 0b11259e                                                 |
| Last author:   Jimena Gorfinkiel                                        |
| Last date:     Thu Oct 13 06:28:40 2022 +0000                           |
+-------------------------------------------------------------------------+
1

 PROGRAM CONGEN :

                         DATE = 20230418

                         TIME = 075429.428




Using   8-byte integers
  and   8-byte reals

 NBMX =  2000000 WORDS
 ***** REGION USED FOR INPUT DATA    4501 WORDS     4 K
 ***** LEFT   1995500  WORDS
1CONGEN 1.0  IBM SAN JOSE      H2 - singlet B2g                                                                              PAGE 001

 NELECT   2   CONFPF  1   MULT   1   CDIMX   400   ICDI      1
 NTSO   424   SYMTYP  2   MVAL   5   NIDMX  4000   INDI    401
 NREFO    2               REFLC  0   NODIMX  100   INODI  4401
 NSYM     8               GUTOT  0   NCORE   2000000
                          ISZ    1   NAV     1995500


              DATA FOR SPEEDY INPUT

             IDIAG    1   MEGU  14   THRES   1.0000E-10
             LCDT   500   MEGUL715
             LNDT  5000   NFTO  15
             NRERUN   0   LTRI 300

             NPFLG =  0  0  0  0  0  0  NNDEL =      0
             BYPROJ 1   LNDO  10000000   LCDO       500
 
 
 NSYM    1    2    3    4    5    6    7    8
 NOB    55   27   27   22   29   23   23    6
 NSOI    1  111  165  219  263  321  367  413
 
 REFERENCE DETERMINANT INPUT DATA
         1   2
 MSHL    0   5
 PQN     1   1
 NES     1   1
 SO1     0   1
 SO2     0   0
 
 
 REFDET =  1,322,
 lsquare =                     0
1CONGEN 1.0  IBM SAN JOSE      H2 - singlet B2g                                                                              PAGE 002

 WFN GROUP   1    H2 - singlet B2g                                                                
 NELECG   2   DEFLTC  0   IRFCON  4501
 NDPROD   1   NTCON   0   NAV     1995500
 NREFOG   2

           1
 NELECP =  2
 NSHLP  =  6
 
   6 ORBITALS IN GROUP 1
            1           2           3           4           5           6
 MSHL       0           1           2           4           5           6
 PQN   ( 0, 1, 3)  ( 0, 1, 1)  ( 0, 1, 1)  ( 0, 1, 2)  ( 0, 1, 1)  ( 0, 1, 1)
 
 
 COUPLING DATA
            7           8           9          10          11
 CUP   ( 1, 2, 7)  ( 7, 3, 8)  ( 8, 4, 9)  ( 9, 5,10)  (10, 6,11)
 
 REFERENCE DETERMINANT INPUT DATA
         1   2
 MSHL    0   5
 PQN     1   1
 NES     1   1
 SO1     0   1
 SO2     0   0
 
 
 REFDET =  1,322,
 
1CONGEN 1.0  IBM SAN JOSE      H2 - singlet B2g                                                                              PAGE 003

 NTYP=  1   SHELL NO       1           2
            OCCSHL         1           1
            SYM            0           5
            PQN      (  0, 1, 3) (  0, 1, 1)
            QNSHL          2           2
 
 *******************     TOTAL NUMBER OF DISTRIBUTIONS FOR NTYP =  1 IS    3
 *******************     TOTAL NUMBER OF STATES FOR NTYP=  1 IS   1
                    CSF NUMBERS         1 TO         3 (        3 CSFS) GENERATED
 ********************************************
 ********************************************
 
 
 NTYP=  2   SHELL NO       1           2
            OCCSHL         1           1
            SYM            1           4
            PQN      (  0, 1, 1) (  0, 1, 2)
            QNSHL          2           2
 
 *******************     TOTAL NUMBER OF DISTRIBUTIONS FOR NTYP =  2 IS    2
 *******************     TOTAL NUMBER OF STATES FOR NTYP=  2 IS   1
                    CSF NUMBERS         4 TO         5 (        2 CSFS) GENERATED
 ********************************************
 ********************************************
 lsquare =                     0
1CONGEN 1.0  IBM SAN JOSE      H2 - singlet B2g                                                                              PAGE 004

 WFN GROUP   2    H2 - singlet B2g Core^Nc CAS^N-Nc-1 PCO^1                                       
 NELECG   2   DEFLTC  0   IRFCON  4501
 NDPROD   2   NTCON   0   NAV     1995500
 NREFOG   2

           1  2
 NELECP =  1  1
 NSHLP  =  6  7
 
   6 ORBITALS IN GROUP 1
            1           2           3           4           5           6
 MSHL       0           1           2           4           5           6
 PQN   ( 0, 1, 3)  ( 0, 1, 1)  ( 0, 1, 1)  ( 0, 1, 2)  ( 0, 1, 1)  ( 0, 1, 1)
 
   7 ORBITALS IN GROUP 2
            1           2           3           4           5           6           7
 MSHL       0           1           2           3           4           5           6
 PQN   ( 0, 4,20)  ( 0, 2, 8)  ( 0, 2, 8)  ( 0, 1, 5)  ( 0, 3,10)  ( 0, 2, 6)  ( 0, 2, 6)
 
 
 COUPLING DATA
           14          15          16          17          18          19          20          21          22          23
 CUP   ( 1, 2,14)  (14, 3,15)  (15, 4,16)  (16, 5,17)  (17, 6,18)  ( 7, 8,19)  (19, 9,20)  (20,10,21)  (21,11,22)  (22,12,23)
 
           24          25
 CUP   (23,13,24)  (18,24,25)
 
 REFERENCE DETERMINANT INPUT DATA
         1   2
 MSHL    0   5
 PQN     1   1
 NES     1   1
 SO1     0   1
 SO2     0   0
 
 
 REFDET =  1,322,
 
1CONGEN 1.0  IBM SAN JOSE      H2 - singlet B2g                                                                              PAGE 005

 NTYP=  1   SHELL NO       1           2
            OCCSHL         1           1
            SYM            0           5
            PQN      (  0, 1, 3) (  0, 2, 6)
            QNSHL          2           2
 
 *******************     TOTAL NUMBER OF DISTRIBUTIONS FOR NTYP =  1 IS   15
 *******************     TOTAL NUMBER OF STATES FOR NTYP=  1 IS   1
                    CSF NUMBERS         6 TO        20 (       15 CSFS) GENERATED
 ********************************************
 ********************************************
 
 
 NTYP=  2   SHELL NO       1           2
            OCCSHL         1           1
            SYM            1           4
            PQN      (  0, 1, 1) (  0, 3,10)
            QNSHL          2           2
 
 *******************     TOTAL NUMBER OF DISTRIBUTIONS FOR NTYP =  2 IS    8
 *******************     TOTAL NUMBER OF STATES FOR NTYP=  2 IS   1
                    CSF NUMBERS        21 TO        28 (        8 CSFS) GENERATED
 ********************************************
 ********************************************
 
 
 NTYP=  3   SHELL NO       1           2
            OCCSHL         1           1
            SYM            4           1
            PQN      (  0, 1, 2) (  0, 2, 8)
            QNSHL          2           2
 
 *******************     TOTAL NUMBER OF DISTRIBUTIONS FOR NTYP =  3 IS   14
 *******************     TOTAL NUMBER OF STATES FOR NTYP=  3 IS   1
                    CSF NUMBERS        29 TO        42 (       14 CSFS) GENERATED
 ********************************************
 ********************************************
 
 
 NTYP=  4   SHELL NO       1           2
            OCCSHL         1           1
            SYM            5           0
            PQN      (  0, 1, 1) (  0, 4,20)
            QNSHL          2           2
 
 *******************     TOTAL NUMBER OF DISTRIBUTIONS FOR NTYP =  4 IS   17
 *******************     TOTAL NUMBER OF STATES FOR NTYP=  4 IS   1
                    CSF NUMBERS        43 TO        59 (       17 CSFS) GENERATED
 ********************************************
 ********************************************
1CONGEN 1.0  IBM SAN JOSE      H2 - singlet B2g                                                                              PAGE 006

 NTYP=  5   SHELL NO       1           2
            OCCSHL         1           1
            SYM            6           3
            PQN      (  0, 1, 1) (  0, 1, 5)
            QNSHL          2           2
 
 *******************     TOTAL NUMBER OF DISTRIBUTIONS FOR NTYP =  5 IS    5
 *******************     TOTAL NUMBER OF STATES FOR NTYP=  5 IS   1
                    CSF NUMBERS        60 TO        64 (        5 CSFS) GENERATED
 ********************************************
 ********************************************
 
 
 *****  END OF FILE ON INPUT
 
 
 ********** TOTAL NUMBER OF CSF'S GENERATED IS        64
1CONGEN 1.0  IBM SAN JOSE      H2 - singlet B2g                                                                              PAGE 007

 MOLECULE SYMMETRY CASE,  symtyp = 2
                   I         N         G         M         S      MPOS      
                   1         1         0         0         0         0
                   2         1         0         0         1         0
                   3         2         0         0         0         0
                   4         2         0         0         1         0
                   5         3         0         0         0         0
                   6         3         0         0         1         0
                   7         4         0         0         0         0
                   8         4         0         0         1         0
                   9         5         0         0         0         0
                  10         5         0         0         1         0
                  11         6         0         0         0         0
                  12         6         0         0         1         0
                  13         7         0         0         0         0
                  14         7         0         0         1         0
                  15         8         0         0         0         0
                  16         8         0         0         1         0
                  17         9         0         0         0         0
                  18         9         0         0         1         0
                  19        10         0         0         0         0
                  20        10         0         0         1         0
                  21        11         0         0         0         0
                  22        11         0         0         1         0
                  23        12         0         0         0         0
                  24        12         0         0         1         0
                  25        13         0         0         0         0
                  26        13         0         0         1         0
                  27        14         0         0         0         0
                  28        14         0         0         1         0
                  29        15         0         0         0         0
                  30        15         0         0         1         0
                  31        16         0         0         0         0
                  32        16         0         0         1         0
                  33        17         0         0         0         0
                  34        17         0         0         1         0
                  35        18         0         0         0         0
                  36        18         0         0         1         0
                  37        19         0         0         0         0
                  38        19         0         0         1         0
                  39        20         0         0         0         0
                  40        20         0         0         1         0
                  41        21         0         0         0         0
                  42        21         0         0         1         0
                  43        22         0         0         0         0
                  44        22         0         0         1         0
                  45        23         0         0         0         0
                  46        23         0         0         1         0
                  47        24         0         0         0         0
                  48        24         0         0         1         0
                  49        25         0         0         0         0
                  50        25         0         0         1         0
                  51        26         0         0         0         0
                  52        26         0         0         1         0
                  53        27         0         0         0         0
                  54        27         0         0         1         0
                  55        28         0         0         0         0
                  56        28         0         0         1         0
                  57        29         0         0         0         0
                  58        29         0         0         1         0
                  59        30         0         0         0         0
                  60        30         0         0         1         0
                  61        31         0         0         0         0
                  62        31         0         0         1         0
                  63        32         0         0         0         0
                  64        32         0         0         1         0
                  65        33         0         0         0         0
                  66        33         0         0         1         0
                  67        34         0         0         0         0
                  68        34         0         0         1         0
                  69        35         0         0         0         0
                  70        35         0         0         1         0
                  71        36         0         0         0         0
                  72        36         0         0         1         0
                  73        37         0         0         0         0
                  74        37         0         0         1         0
                  75        38         0         0         0         0
                  76        38         0         0         1         0
                  77        39         0         0         0         0
                  78        39         0         0         1         0
                  79        40         0         0         0         0
                  80        40         0         0         1         0
                  81        41         0         0         0         0
                  82        41         0         0         1         0
                  83        42         0         0         0         0
                  84        42         0         0         1         0
                  85        43         0         0         0         0
                  86        43         0         0         1         0
                  87        44         0         0         0         0
                  88        44         0         0         1         0
                  89        45         0         0         0         0
                  90        45         0         0         1         0
                  91        46         0         0         0         0
                  92        46         0         0         1         0
                  93        47         0         0         0         0
                  94        47         0         0         1         0
                  95        48         0         0         0         0
                  96        48         0         0         1         0
                  97        49         0         0         0         0
                  98        49         0         0         1         0
                  99        50         0         0         0         0
                 100        50         0         0         1         0
                 101        51         0         0         0         0
                 102        51         0         0         1         0
                 103        52         0         0         0         0
                 104        52         0         0         1         0
                 105        53         0         0         0         0
                 106        53         0         0         1         0
                 107        54         0         0         0         0
                 108        54         0         0         1         0
                 109        55         0         0         0         0
                 110        55         0         0         1         0
                 111        56         0         1         0         0
                 112        56         0         1         1         0
                 113        57         0         1         0         0
                 114        57         0         1         1         0
                 115        58         0         1         0         0
                 116        58         0         1         1         0
                 117        59         0         1         0         0
                 118        59         0         1         1         0
                 119        60         0         1         0         0
                 120        60         0         1         1         0
                 121        61         0         1         0         0
                 122        61         0         1         1         0
                 123        62         0         1         0         0
                 124        62         0         1         1         0
                 125        63         0         1         0         0
                 126        63         0         1         1         0
                 127        64         0         1         0         0
                 128        64         0         1         1         0
                 129        65         0         1         0         0
                 130        65         0         1         1         0
                 131        66         0         1         0         0
                 132        66         0         1         1         0
                 133        67         0         1         0         0
                 134        67         0         1         1         0
                 135        68         0         1         0         0
                 136        68         0         1         1         0
                 137        69         0         1         0         0
                 138        69         0         1         1         0
                 139        70         0         1         0         0
                 140        70         0         1         1         0
                 141        71         0         1         0         0
                 142        71         0         1         1         0
                 143        72         0         1         0         0
                 144        72         0         1         1         0
                 145        73         0         1         0         0
                 146        73         0         1         1         0
                 147        74         0         1         0         0
                 148        74         0         1         1         0
                 149        75         0         1         0         0
                 150        75         0         1         1         0
                 151        76         0         1         0         0
                 152        76         0         1         1         0
                 153        77         0         1         0         0
                 154        77         0         1         1         0
                 155        78         0         1         0         0
                 156        78         0         1         1         0
                 157        79         0         1         0         0
                 158        79         0         1         1         0
                 159        80         0         1         0         0
                 160        80         0         1         1         0
                 161        81         0         1         0         0
                 162        81         0         1         1         0
                 163        82         0         1         0         0
                 164        82         0         1         1         0
                 165        83         0         2         0         0
                 166        83         0         2         1         0
                 167        84         0         2         0         0
                 168        84         0         2         1         0
                 169        85         0         2         0         0
                 170        85         0         2         1         0
                 171        86         0         2         0         0
                 172        86         0         2         1         0
                 173        87         0         2         0         0
                 174        87         0         2         1         0
                 175        88         0         2         0         0
                 176        88         0         2         1         0
                 177        89         0         2         0         0
                 178        89         0         2         1         0
                 179        90         0         2         0         0
                 180        90         0         2         1         0
                 181        91         0         2         0         0
                 182        91         0         2         1         0
                 183        92         0         2         0         0
                 184        92         0         2         1         0
                 185        93         0         2         0         0
                 186        93         0         2         1         0
                 187        94         0         2         0         0
                 188        94         0         2         1         0
                 189        95         0         2         0         0
                 190        95         0         2         1         0
                 191        96         0         2         0         0
                 192        96         0         2         1         0
                 193        97         0         2         0         0
                 194        97         0         2         1         0
                 195        98         0         2         0         0
                 196        98         0         2         1         0
                 197        99         0         2         0         0
                 198        99         0         2         1         0
                 199       100         0         2         0         0
                 200       100         0         2         1         0
                 201       101         0         2         0         0
                 202       101         0         2         1         0
                 203       102         0         2         0         0
                 204       102         0         2         1         0
                 205       103         0         2         0         0
                 206       103         0         2         1         0
                 207       104         0         2         0         0
                 208       104         0         2         1         0
                 209       105         0         2         0         0
                 210       105         0         2         1         0
                 211       106         0         2         0         0
                 212       106         0         2         1         0
                 213       107         0         2         0         0
                 214       107         0         2         1         0
                 215       108         0         2         0         0
                 216       108         0         2         1         0
                 217       109         0         2         0         0
                 218       109         0         2         1         0
                 219       110         0         3         0         0
                 220       110         0         3         1         0
                 221       111         0         3         0         0
                 222       111         0         3         1         0
                 223       112         0         3         0         0
                 224       112         0         3         1         0
                 225       113         0         3         0         0
                 226       113         0         3         1         0
                 227       114         0         3         0         0
                 228       114         0         3         1         0
                 229       115         0         3         0         0
                 230       115         0         3         1         0
                 231       116         0         3         0         0
                 232       116         0         3         1         0
                 233       117         0         3         0         0
                 234       117         0         3         1         0
                 235       118         0         3         0         0
                 236       118         0         3         1         0
                 237       119         0         3         0         0
                 238       119         0         3         1         0
                 239       120         0         3         0         0
                 240       120         0         3         1         0
                 241       121         0         3         0         0
                 242       121         0         3         1         0
                 243       122         0         3         0         0
                 244       122         0         3         1         0
                 245       123         0         3         0         0
                 246       123         0         3         1         0
                 247       124         0         3         0         0
                 248       124         0         3         1         0
                 249       125         0         3         0         0
                 250       125         0         3         1         0
                 251       126         0         3         0         0
                 252       126         0         3         1         0
                 253       127         0         3         0         0
                 254       127         0         3         1         0
                 255       128         0         3         0         0
                 256       128         0         3         1         0
                 257       129         0         3         0         0
                 258       129         0         3         1         0
                 259       130         0         3         0         0
                 260       130         0         3         1         0
                 261       131         0         3         0         0
                 262       131         0         3         1         0
                 263       132         0         4         0         0
                 264       132         0         4         1         0
                 265       133         0         4         0         0
                 266       133         0         4         1         0
                 267       134         0         4         0         0
                 268       134         0         4         1         0
                 269       135         0         4         0         0
                 270       135         0         4         1         0
                 271       136         0         4         0         0
                 272       136         0         4         1         0
                 273       137         0         4         0         0
                 274       137         0         4         1         0
                 275       138         0         4         0         0
                 276       138         0         4         1         0
                 277       139         0         4         0         0
                 278       139         0         4         1         0
                 279       140         0         4         0         0
                 280       140         0         4         1         0
                 281       141         0         4         0         0
                 282       141         0         4         1         0
                 283       142         0         4         0         0
                 284       142         0         4         1         0
                 285       143         0         4         0         0
                 286       143         0         4         1         0
                 287       144         0         4         0         0
                 288       144         0         4         1         0
                 289       145         0         4         0         0
                 290       145         0         4         1         0
                 291       146         0         4         0         0
                 292       146         0         4         1         0
                 293       147         0         4         0         0
                 294       147         0         4         1         0
                 295       148         0         4         0         0
                 296       148         0         4         1         0
                 297       149         0         4         0         0
                 298       149         0         4         1         0
                 299       150         0         4         0         0
                 300       150         0         4         1         0
                 301       151         0         4         0         0
                 302       151         0         4         1         0
                 303       152         0         4         0         0
                 304       152         0         4         1         0
                 305       153         0         4         0         0
                 306       153         0         4         1         0
                 307       154         0         4         0         0
                 308       154         0         4         1         0
                 309       155         0         4         0         0
                 310       155         0         4         1         0
                 311       156         0         4         0         0
                 312       156         0         4         1         0
                 313       157         0         4         0         0
                 314       157         0         4         1         0
                 315       158         0         4         0         0
                 316       158         0         4         1         0
                 317       159         0         4         0         0
                 318       159         0         4         1         0
                 319       160         0         4         0         0
                 320       160         0         4         1         0
                 321       161         0         5         0         0
                 322       161         0         5         1         0
                 323       162         0         5         0         0
                 324       162         0         5         1         0
                 325       163         0         5         0         0
                 326       163         0         5         1         0
                 327       164         0         5         0         0
                 328       164         0         5         1         0
                 329       165         0         5         0         0
                 330       165         0         5         1         0
                 331       166         0         5         0         0
                 332       166         0         5         1         0
                 333       167         0         5         0         0
                 334       167         0         5         1         0
                 335       168         0         5         0         0
                 336       168         0         5         1         0
                 337       169         0         5         0         0
                 338       169         0         5         1         0
                 339       170         0         5         0         0
                 340       170         0         5         1         0
                 341       171         0         5         0         0
                 342       171         0         5         1         0
                 343       172         0         5         0         0
                 344       172         0         5         1         0
                 345       173         0         5         0         0
                 346       173         0         5         1         0
                 347       174         0         5         0         0
                 348       174         0         5         1         0
                 349       175         0         5         0         0
                 350       175         0         5         1         0
                 351       176         0         5         0         0
                 352       176         0         5         1         0
                 353       177         0         5         0         0
                 354       177         0         5         1         0
                 355       178         0         5         0         0
                 356       178         0         5         1         0
                 357       179         0         5         0         0
                 358       179         0         5         1         0
                 359       180         0         5         0         0
                 360       180         0         5         1         0
                 361       181         0         5         0         0
                 362       181         0         5         1         0
                 363       182         0         5         0         0
                 364       182         0         5         1         0
                 365       183         0         5         0         0
                 366       183         0         5         1         0
                 367       184         0         6         0         0
                 368       184         0         6         1         0
                 369       185         0         6         0         0
                 370       185         0         6         1         0
                 371       186         0         6         0         0
                 372       186         0         6         1         0
                 373       187         0         6         0         0
                 374       187         0         6         1         0
                 375       188         0         6         0         0
                 376       188         0         6         1         0
                 377       189         0         6         0         0
                 378       189         0         6         1         0
                 379       190         0         6         0         0
                 380       190         0         6         1         0
                 381       191         0         6         0         0
                 382       191         0         6         1         0
                 383       192         0         6         0         0
                 384       192         0         6         1         0
                 385       193         0         6         0         0
                 386       193         0         6         1         0
                 387       194         0         6         0         0
                 388       194         0         6         1         0
                 389       195         0         6         0         0
                 390       195         0         6         1         0
                 391       196         0         6         0         0
                 392       196         0         6         1         0
                 393       197         0         6         0         0
                 394       197         0         6         1         0
                 395       198         0         6         0         0
                 396       198         0         6         1         0
                 397       199         0         6         0         0
                 398       199         0         6         1         0
                 399       200         0         6         0         0
                 400       200         0         6         1         0
                 401       201         0         6         0         0
                 402       201         0         6         1         0
                 403       202         0         6         0         0
                 404       202         0         6         1         0
                 405       203         0         6         0         0
                 406       203         0         6         1         0
                 407       204         0         6         0         0
                 408       204         0         6         1         0
                 409       205         0         6         0         0
                 410       205         0         6         1         0
                 411       206         0         6         0         0
                 412       206         0         6         1         0
                 413       207         0         7         0         0
                 414       207         0         7         1         0
                 415       208         0         7         0         0
                 416       208         0         7         1         0
                 417       209         0         7         0         0
                 418       209         0         7         1         0
                 419       210         0         7         0         0
                 420       210         0         7         1         0
                 421       211         0         7         0         0
                 422       211         0         7         1         0
                 423       212         0         7         0         0
                 424       212         0         7         1         0

          On output CSF       1 has the largest 
          number of determinants =       2


          At end of wfgntr(), usage of memory in output
          arrays is as follows:                        

            Array     Used     Max avail               
            -----  ---------   ---------               
            ndo()        588       5880
            cdo()        128       1280


          **** WFGNTR() - completed 


     Computing phase for target state

     Writing projected CSFs to unit   715 in format
     required by the SCATCI/DENPROP programs 


     Writing final results to disk (wrnfto) 
     -------------------------------------- 
       Logical unit         (nfto)   =      715
       Positrons present    (iposit) =        0
       Number of electrons  (nelt)   =        2
       Number of CSFs       (nocsf)  =       64
       Number of symmetries (nsym)   =        8
       Point group flag     (symtyp) =        2
       Orbitals per symm    (nob)    :   55  27  27  22  29  23  23   6
       Total # of orbitals  (norb)   =      212
       Total # of spin orbs (nsrb)   =      424

       Length of index  arrays - icdo,indo (m)    =       65
       Length of coeff. array  - cdo       (lcdi) =      128
         (equals # dets in wfn)
       Length of packed dets array - ndo   (lndi) =      588

       Spin quantum number  (s)      =     0.00
       Z-projection of spin (sz)     =     0.00
       Reflection quant. #  (r)      =     0.00
       Pin                  (pin)    =     0.00
                            (idiag)  =        1

     Data on CSFs has been written to file (MEGUL) =   715

     ***** Wavefn projection (projec()) - completed

 &INPUT
 NAME='H2 - singlet B2g                                                                ',
 NRERUN=  0,  MEGUL=715,  SYMTYP=  2,
 MGVN=  5,  S=   0.0,SZ=   0.0, R=   0.0,  PIN=   0.0,  NOCSF=    64,
 BYPROJ= 1,
 LCDI=            128,  LNDI=            588, LCDO=    500, LNDO=       10000000, LCDT=    500,  LNDT=   5000,
 NFTO= 15,  LTRI=  300, IDIAG=  1, NPFLG= 0, 0, 0, 0, 0, NPMSPD = 0,
 THRES= 1.00D-10,
 NELT=   2, NSYM=  8, NOB= 55, 27, 27, 22, 29, 23, 23,  6,
 NDTRF=   1, 322,
 NOBL= 55, 27, 27, 22, 29, 23, 23,  6,  0,  0,
  0,  0,  0,  0,  0,  0,  0,  0,  0,  0,
 NOB0L= 20,  8,  8,  5, 10,  6,  6,  0,  0,  0,
  0,  0,  0,  0,  0,  0,  0,  0,  0,  0,
 /
