+-------------------------------------------------------------------------+
|              _              |                                           |
| || || ||//  | \          |  | University College London (C) 1994 - 2020 |
| || || ||    | / |/\/\ /\ |  | Open University           (C) 2007 - 2020 |
| \\_// ||\\  | \ | | | \/ |  |                                           |
|                             |                                           |
+-------------------------------------------------------------------------+
| Last revision: 0b11259e                                                 |
| Last author:   Jimena Gorfinkiel                                        |
| Last date:     Thu Oct 13 06:28:40 2022 +0000                           |
+-------------------------------------------------------------------------+


 PROGRAM SCATCI (19 Oct 2009) : 

                         DATE = 20230418

                         TIME = 075428.414


 CONGEN: H2 - singlet Ag                                                                                                         
 SCATCI: H2 - singlet Ag                                                                                                         
 MGVN =         0     S    =  0.0
 NELT =         2     SZ   =  0.0
 IDIAG=         1     R    =  0.0
 THRES=   0.1D-09     NSYM =    8
 MEGUL=710, NOCSF=       104
 NPFLG         0   0   0   0   0   0
 NOB(i)=                    55
 setting NOBE(i)=                    55
 NOB(i)=                    27
 setting NOBE(i)=                    27
 NOB(i)=                    27
 setting NOBE(i)=                    27
 NOB(i)=                    22
 setting NOBE(i)=                    22
 NOB(i)=                    29
 setting NOBE(i)=                    29
 NOB(i)=                    23
 setting NOBE(i)=                    23
 NOB(i)=                    23
 setting NOBE(i)=                    23
 NOB(i)=                     6
 setting NOBE(i)=                     6
 NOB  =        55  27  27  22  29  23  23   6
 NOB0 =        20   8   8   5  10   6   6   0
 NDTRF=         1   2
 NSRB=  424    LNDOF=       915    LCDOF=       199
 nfte =  810        nfti =    16       lembf=  5000       iodr =   1
 MOLECULE SYMMETRY CASE,  SYMTYP = 2

 Diagonalisation of Hamiltonian matrix requested

 Number of last continuum CSF, NCONT =      0
     ENERGY EXPRESSIONS COMPUTED FOR MOLECULE SYMMETRY CASE - SYMTYP=  2
 All IIII blocks of integrals
                     1                     0                     0
                     0                     0
                     2                     1                     1
                     1                     1
                     3                     2                     2
                     2                     2
                     4                     3                     3
                     3                     3
                     5                     4                     4
                     4                     4
                     6                     5                     5
                     5                     5
                     7                     6                     6
                     6                     6
                     8                     7                     7
                     7                     7
 All IJIJ blocks
                     9                     1                     0
                     1                     0
                    10                     2                     0
                     2                     0
                    11                     2                     1
                     2                     1
                    12                     3                     0
                     3                     0
                    13                     3                     1
                     3                     1
                    14                     3                     2
                     3                     2
                    15                     4                     0
                     4                     0
                    16                     4                     1
                     4                     1
                    17                     4                     2
                     4                     2
                    18                     4                     3
                     4                     3
                    19                     5                     0
                     5                     0
                    20                     5                     1
                     5                     1
                    21                     5                     2
                     5                     2
                    22                     5                     3
                     5                     3
                    23                     5                     4
                     5                     4
                    24                     6                     0
                     6                     0
                    25                     6                     1
                     6                     1
                    26                     6                     2
                     6                     2
                    27                     6                     3
                     6                     3
                    28                     6                     4
                     6                     4
                    29                     6                     5
                     6                     5
                    30                     7                     0
                     7                     0
                    31                     7                     1
                     7                     1
                    32                     7                     2
                     7                     2
                    33                     7                     3
                     7                     3
                    34                     7                     4
                     7                     4
                    35                     7                     5
                     7                     5
                    36                     7                     6
                     7                     6
 The IIJJ blocks of integrals
                    37                     1                     1
                     0                     0
                    38                     2                     2
                     0                     0
                    39                     2                     2
                     1                     1
                    40                     3                     3
                     0                     0
                    41                     3                     3
                     1                     1
                    42                     3                     3
                     2                     2
                    43                     4                     4
                     0                     0
                    44                     4                     4
                     1                     1
                    45                     4                     4
                     2                     2
                    46                     4                     4
                     3                     3
                    47                     5                     5
                     0                     0
                    48                     5                     5
                     1                     1
                    49                     5                     5
                     2                     2
                    50                     5                     5
                     3                     3
                    51                     5                     5
                     4                     4
                    52                     6                     6
                     0                     0
                    53                     6                     6
                     1                     1
                    54                     6                     6
                     2                     2
                    55                     6                     6
                     3                     3
                    56                     6                     6
                     4                     4
                    57                     6                     6
                     5                     5
                    58                     7                     7
                     0                     0
                    59                     7                     7
                     1                     1
                    60                     7                     7
                     2                     2
                    61                     7                     7
                     3                     3
                    62                     7                     7
                     4                     4
                    63                     7                     7
                     5                     5
                    64                     7                     7
                     6                     6
 The IJKL blocks
                    65                     3                     0
                     2                     1
                    66                     3                     1
                     2                     0
                    67                     3                     2
                     1                     0
                    68                     5                     0
                     4                     1
                    69                     5                     1
                     4                     0
                    70                     5                     2
                     4                     3
                    71                     5                     3
                     4                     2
                    72                     5                     4
                     1                     0
                    73                     5                     4
                     3                     2
                    74                     6                     0
                     4                     2
                    75                     6                     0
                     5                     3
                    76                     6                     1
                     4                     3
                    77                     6                     1
                     5                     2
                    78                     6                     2
                     4                     0
                    79                     6                     2
                     5                     1
                    80                     6                     3
                     4                     1
                    81                     6                     3
                     5                     0
                    82                     6                     4
                     2                     0
                    83                     6                     4
                     3                     1
                    84                     6                     5
                     2                     1
                    85                     6                     5
                     3                     0
                    86                     7                     0
                     4                     3
                    87                     7                     0
                     5                     2
                    88                     7                     0
                     6                     1
                    89                     7                     1
                     4                     2
                    90                     7                     1
                     5                     3
                    91                     7                     1
                     6                     0
                    92                     7                     2
                     4                     1
                    93                     7                     2
                     5                     0
                    94                     7                     2
                     6                     3
                    95                     7                     3
                     4                     0
                    96                     7                     3
                     5                     1
                    97                     7                     3
                     6                     2
                    98                     7                     4
                     2                     1
                    99                     7                     4
                     3                     0
                   100                     7                     4
                     6                     5
                   101                     7                     5
                     2                     0
                   102                     7                     5
                     3                     1
                   103                     7                     5
                     6                     4
                   104                     7                     6
                     1                     0
                   105                     7                     6
                     3                     2
                   106                     7                     6
                     5                     4
 NOBE =        55        27        27        22        29        23        23         6
 MBAS =         0       666
 NBASH=         1      1541      1919      2297      2550      2985      3261      3537      3558
   Read wavefunctions from CONGEN and load integrals
                   I         N         G         M         S      MPOS      MCON
                   1         1         0         0         0         0         1
                   2         1         0         0         1         0         1
                   3         2         0         0         0         0         1
                   4         2         0         0         1         0         1
                   5         3         0         0         0         0         1
                   6         3         0         0         1         0         1
                   7         4         0         0         0         0         1
                   8         4         0         0         1         0         1
                   9         5         0         0         0         0         1
                  10         5         0         0         1         0         1
                  11         6         0         0         0         0         1
                  12         6         0         0         1         0         1
                  13         7         0         0         0         0         1
                  14         7         0         0         1         0         1
                  15         8         0         0         0         0         1
                  16         8         0         0         1         0         1
                  17         9         0         0         0         0         1
                  18         9         0         0         1         0         1
                  19        10         0         0         0         0         1
                  20        10         0         0         1         0         1
                  21        11         0         0         0         0         1
                  22        11         0         0         1         0         1
                  23        12         0         0         0         0         1
                  24        12         0         0         1         0         1
                  25        13         0         0         0         0         1
                  26        13         0         0         1         0         1
                  27        14         0         0         0         0         1
                  28        14         0         0         1         0         1
                  29        15         0         0         0         0         1
                  30        15         0         0         1         0         1
                  31        16         0         0         0         0         1
                  32        16         0         0         1         0         1
                  33        17         0         0         0         0         1
                  34        17         0         0         1         0         1
                  35        18         0         0         0         0         1
                  36        18         0         0         1         0         1
                  37        19         0         0         0         0         1
                  38        19         0         0         1         0         1
                  39        20         0         0         0         0         1
                  40        20         0         0         1         0         1
                  41        21         0         0         0         0         0
                  42        21         0         0         1         0         0
                  43        22         0         0         0         0         0
                  44        22         0         0         1         0         0
                  45        23         0         0         0         0         0
                  46        23         0         0         1         0         0
                  47        24         0         0         0         0         0
                  48        24         0         0         1         0         0
                  49        25         0         0         0         0         0
                  50        25         0         0         1         0         0
                  51        26         0         0         0         0         0
                  52        26         0         0         1         0         0
                  53        27         0         0         0         0         0
                  54        27         0         0         1         0         0
                  55        28         0         0         0         0         0
                  56        28         0         0         1         0         0
                  57        29         0         0         0         0         0
                  58        29         0         0         1         0         0
                  59        30         0         0         0         0         0
                  60        30         0         0         1         0         0
                  61        31         0         0         0         0         0
                  62        31         0         0         1         0         0
                  63        32         0         0         0         0         0
                  64        32         0         0         1         0         0
                  65        33         0         0         0         0         0
                  66        33         0         0         1         0         0
                  67        34         0         0         0         0         0
                  68        34         0         0         1         0         0
                  69        35         0         0         0         0         0
                  70        35         0         0         1         0         0
                  71        36         0         0         0         0         0
                  72        36         0         0         1         0         0
                  73        37         0         0         0         0         0
                  74        37         0         0         1         0         0
                  75        38         0         0         0         0         0
                  76        38         0         0         1         0         0
                  77        39         0         0         0         0         0
                  78        39         0         0         1         0         0
                  79        40         0         0         0         0         0
                  80        40         0         0         1         0         0
                  81        41         0         0         0         0         0
                  82        41         0         0         1         0         0
                  83        42         0         0         0         0         0
                  84        42         0         0         1         0         0
                  85        43         0         0         0         0         0
                  86        43         0         0         1         0         0
                  87        44         0         0         0         0         0
                  88        44         0         0         1         0         0
                  89        45         0         0         0         0         0
                  90        45         0         0         1         0         0
                  91        46         0         0         0         0         0
                  92        46         0         0         1         0         0
                  93        47         0         0         0         0         0
                  94        47         0         0         1         0         0
                  95        48         0         0         0         0         0
                  96        48         0         0         1         0         0
                  97        49         0         0         0         0         0
                  98        49         0         0         1         0         0
                  99        50         0         0         0         0         0
                 100        50         0         0         1         0         0
                 101        51         0         0         0         0         0
                 102        51         0         0         1         0         0
                 103        52         0         0         0         0         0
                 104        52         0         0         1         0         0
                 105        53         0         0         0         0         0
                 106        53         0         0         1         0         0
                 107        54         0         0         0         0         0
                 108        54         0         0         1         0         0
                 109        55         0         0         0         0         0
                 110        55         0         0         1         0         0
                 111        56         0         1         0         0         1
                 112        56         0         1         1         0         1
                 113        57         0         1         0         0         1
                 114        57         0         1         1         0         1
                 115        58         0         1         0         0         1
                 116        58         0         1         1         0         1
                 117        59         0         1         0         0         1
                 118        59         0         1         1         0         1
                 119        60         0         1         0         0         1
                 120        60         0         1         1         0         1
                 121        61         0         1         0         0         1
                 122        61         0         1         1         0         1
                 123        62         0         1         0         0         1
                 124        62         0         1         1         0         1
                 125        63         0         1         0         0         1
                 126        63         0         1         1         0         1
                 127        64         0         1         0         0         0
                 128        64         0         1         1         0         0
                 129        65         0         1         0         0         0
                 130        65         0         1         1         0         0
                 131        66         0         1         0         0         0
                 132        66         0         1         1         0         0
                 133        67         0         1         0         0         0
                 134        67         0         1         1         0         0
                 135        68         0         1         0         0         0
                 136        68         0         1         1         0         0
                 137        69         0         1         0         0         0
                 138        69         0         1         1         0         0
                 139        70         0         1         0         0         0
                 140        70         0         1         1         0         0
                 141        71         0         1         0         0         0
                 142        71         0         1         1         0         0
                 143        72         0         1         0         0         0
                 144        72         0         1         1         0         0
                 145        73         0         1         0         0         0
                 146        73         0         1         1         0         0
                 147        74         0         1         0         0         0
                 148        74         0         1         1         0         0
                 149        75         0         1         0         0         0
                 150        75         0         1         1         0         0
                 151        76         0         1         0         0         0
                 152        76         0         1         1         0         0
                 153        77         0         1         0         0         0
                 154        77         0         1         1         0         0
                 155        78         0         1         0         0         0
                 156        78         0         1         1         0         0
                 157        79         0         1         0         0         0
                 158        79         0         1         1         0         0
                 159        80         0         1         0         0         0
                 160        80         0         1         1         0         0
                 161        81         0         1         0         0         0
                 162        81         0         1         1         0         0
                 163        82         0         1         0         0         0
                 164        82         0         1         1         0         0
                 165        83         0         2         0         0         1
                 166        83         0         2         1         0         1
                 167        84         0         2         0         0         1
                 168        84         0         2         1         0         1
                 169        85         0         2         0         0         1
                 170        85         0         2         1         0         1
                 171        86         0         2         0         0         1
                 172        86         0         2         1         0         1
                 173        87         0         2         0         0         1
                 174        87         0         2         1         0         1
                 175        88         0         2         0         0         1
                 176        88         0         2         1         0         1
                 177        89         0         2         0         0         1
                 178        89         0         2         1         0         1
                 179        90         0         2         0         0         1
                 180        90         0         2         1         0         1
                 181        91         0         2         0         0         0
                 182        91         0         2         1         0         0
                 183        92         0         2         0         0         0
                 184        92         0         2         1         0         0
                 185        93         0         2         0         0         0
                 186        93         0         2         1         0         0
                 187        94         0         2         0         0         0
                 188        94         0         2         1         0         0
                 189        95         0         2         0         0         0
                 190        95         0         2         1         0         0
                 191        96         0         2         0         0         0
                 192        96         0         2         1         0         0
                 193        97         0         2         0         0         0
                 194        97         0         2         1         0         0
                 195        98         0         2         0         0         0
                 196        98         0         2         1         0         0
                 197        99         0         2         0         0         0
                 198        99         0         2         1         0         0
                 199       100         0         2         0         0         0
                 200       100         0         2         1         0         0
                 201       101         0         2         0         0         0
                 202       101         0         2         1         0         0
                 203       102         0         2         0         0         0
                 204       102         0         2         1         0         0
                 205       103         0         2         0         0         0
                 206       103         0         2         1         0         0
                 207       104         0         2         0         0         0
                 208       104         0         2         1         0         0
                 209       105         0         2         0         0         0
                 210       105         0         2         1         0         0
                 211       106         0         2         0         0         0
                 212       106         0         2         1         0         0
                 213       107         0         2         0         0         0
                 214       107         0         2         1         0         0
                 215       108         0         2         0         0         0
                 216       108         0         2         1         0         0
                 217       109         0         2         0         0         0
                 218       109         0         2         1         0         0
                 219       110         0         3         0         0         1
                 220       110         0         3         1         0         1
                 221       111         0         3         0         0         1
                 222       111         0         3         1         0         1
                 223       112         0         3         0         0         1
                 224       112         0         3         1         0         1
                 225       113         0         3         0         0         1
                 226       113         0         3         1         0         1
                 227       114         0         3         0         0         1
                 228       114         0         3         1         0         1
                 229       115         0         3         0         0         0
                 230       115         0         3         1         0         0
                 231       116         0         3         0         0         0
                 232       116         0         3         1         0         0
                 233       117         0         3         0         0         0
                 234       117         0         3         1         0         0
                 235       118         0         3         0         0         0
                 236       118         0         3         1         0         0
                 237       119         0         3         0         0         0
                 238       119         0         3         1         0         0
                 239       120         0         3         0         0         0
                 240       120         0         3         1         0         0
                 241       121         0         3         0         0         0
                 242       121         0         3         1         0         0
                 243       122         0         3         0         0         0
                 244       122         0         3         1         0         0
                 245       123         0         3         0         0         0
                 246       123         0         3         1         0         0
                 247       124         0         3         0         0         0
                 248       124         0         3         1         0         0
                 249       125         0         3         0         0         0
                 250       125         0         3         1         0         0
                 251       126         0         3         0         0         0
                 252       126         0         3         1         0         0
                 253       127         0         3         0         0         0
                 254       127         0         3         1         0         0
                 255       128         0         3         0         0         0
                 256       128         0         3         1         0         0
                 257       129         0         3         0         0         0
                 258       129         0         3         1         0         0
                 259       130         0         3         0         0         0
                 260       130         0         3         1         0         0
                 261       131         0         3         0         0         0
                 262       131         0         3         1         0         0
                 263       132         0         4         0         0         1
                 264       132         0         4         1         0         1
                 265       133         0         4         0         0         1
                 266       133         0         4         1         0         1
                 267       134         0         4         0         0         1
                 268       134         0         4         1         0         1
                 269       135         0         4         0         0         1
                 270       135         0         4         1         0         1
                 271       136         0         4         0         0         1
                 272       136         0         4         1         0         1
                 273       137         0         4         0         0         1
                 274       137         0         4         1         0         1
                 275       138         0         4         0         0         1
                 276       138         0         4         1         0         1
                 277       139         0         4         0         0         1
                 278       139         0         4         1         0         1
                 279       140         0         4         0         0         1
                 280       140         0         4         1         0         1
                 281       141         0         4         0         0         1
                 282       141         0         4         1         0         1
                 283       142         0         4         0         0         0
                 284       142         0         4         1         0         0
                 285       143         0         4         0         0         0
                 286       143         0         4         1         0         0
                 287       144         0         4         0         0         0
                 288       144         0         4         1         0         0
                 289       145         0         4         0         0         0
                 290       145         0         4         1         0         0
                 291       146         0         4         0         0         0
                 292       146         0         4         1         0         0
                 293       147         0         4         0         0         0
                 294       147         0         4         1         0         0
                 295       148         0         4         0         0         0
                 296       148         0         4         1         0         0
                 297       149         0         4         0         0         0
                 298       149         0         4         1         0         0
                 299       150         0         4         0         0         0
                 300       150         0         4         1         0         0
                 301       151         0         4         0         0         0
                 302       151         0         4         1         0         0
                 303       152         0         4         0         0         0
                 304       152         0         4         1         0         0
                 305       153         0         4         0         0         0
                 306       153         0         4         1         0         0
                 307       154         0         4         0         0         0
                 308       154         0         4         1         0         0
                 309       155         0         4         0         0         0
                 310       155         0         4         1         0         0
                 311       156         0         4         0         0         0
                 312       156         0         4         1         0         0
                 313       157         0         4         0         0         0
                 314       157         0         4         1         0         0
                 315       158         0         4         0         0         0
                 316       158         0         4         1         0         0
                 317       159         0         4         0         0         0
                 318       159         0         4         1         0         0
                 319       160         0         4         0         0         0
                 320       160         0         4         1         0         0
                 321       161         0         5         0         0         1
                 322       161         0         5         1         0         1
                 323       162         0         5         0         0         1
                 324       162         0         5         1         0         1
                 325       163         0         5         0         0         1
                 326       163         0         5         1         0         1
                 327       164         0         5         0         0         1
                 328       164         0         5         1         0         1
                 329       165         0         5         0         0         1
                 330       165         0         5         1         0         1
                 331       166         0         5         0         0         1
                 332       166         0         5         1         0         1
                 333       167         0         5         0         0         0
                 334       167         0         5         1         0         0
                 335       168         0         5         0         0         0
                 336       168         0         5         1         0         0
                 337       169         0         5         0         0         0
                 338       169         0         5         1         0         0
                 339       170         0         5         0         0         0
                 340       170         0         5         1         0         0
                 341       171         0         5         0         0         0
                 342       171         0         5         1         0         0
                 343       172         0         5         0         0         0
                 344       172         0         5         1         0         0
                 345       173         0         5         0         0         0
                 346       173         0         5         1         0         0
                 347       174         0         5         0         0         0
                 348       174         0         5         1         0         0
                 349       175         0         5         0         0         0
                 350       175         0         5         1         0         0
                 351       176         0         5         0         0         0
                 352       176         0         5         1         0         0
                 353       177         0         5         0         0         0
                 354       177         0         5         1         0         0
                 355       178         0         5         0         0         0
                 356       178         0         5         1         0         0
                 357       179         0         5         0         0         0
                 358       179         0         5         1         0         0
                 359       180         0         5         0         0         0
                 360       180         0         5         1         0         0
                 361       181         0         5         0         0         0
                 362       181         0         5         1         0         0
                 363       182         0         5         0         0         0
                 364       182         0         5         1         0         0
                 365       183         0         5         0         0         0
                 366       183         0         5         1         0         0
                 367       184         0         6         0         0         1
                 368       184         0         6         1         0         1
                 369       185         0         6         0         0         1
                 370       185         0         6         1         0         1
                 371       186         0         6         0         0         1
                 372       186         0         6         1         0         1
                 373       187         0         6         0         0         1
                 374       187         0         6         1         0         1
                 375       188         0         6         0         0         1
                 376       188         0         6         1         0         1
                 377       189         0         6         0         0         1
                 378       189         0         6         1         0         1
                 379       190         0         6         0         0         0
                 380       190         0         6         1         0         0
                 381       191         0         6         0         0         0
                 382       191         0         6         1         0         0
                 383       192         0         6         0         0         0
                 384       192         0         6         1         0         0
                 385       193         0         6         0         0         0
                 386       193         0         6         1         0         0
                 387       194         0         6         0         0         0
                 388       194         0         6         1         0         0
                 389       195         0         6         0         0         0
                 390       195         0         6         1         0         0
                 391       196         0         6         0         0         0
                 392       196         0         6         1         0         0
                 393       197         0         6         0         0         0
                 394       197         0         6         1         0         0
                 395       198         0         6         0         0         0
                 396       198         0         6         1         0         0
                 397       199         0         6         0         0         0
                 398       199         0         6         1         0         0
                 399       200         0         6         0         0         0
                 400       200         0         6         1         0         0
                 401       201         0         6         0         0         0
                 402       201         0         6         1         0         0
                 403       202         0         6         0         0         0
                 404       202         0         6         1         0         0
                 405       203         0         6         0         0         0
                 406       203         0         6         1         0         0
                 407       204         0         6         0         0         0
                 408       204         0         6         1         0         0
                 409       205         0         6         0         0         0
                 410       205         0         6         1         0         0
                 411       206         0         6         0         0         0
                 412       206         0         6         1         0         0
                 413       207         0         7         0         0         0
                 414       207         0         7         1         0         0
                 415       208         0         7         0         0         0
                 416       208         0         7         1         0         0
                 417       209         0         7         0         0         0
                 418       209         0         7         1         0         0
                 419       210         0         7         0         0         0
                 420       210         0         7         1         0         0
                 421       211         0         7         0         0         0
                 422       211         0         7         1         0         0
                 423       212         0         7         0         0         0
                 424       212         0         7         1         0         0
 GIVEN NSRBD=                   424
 CALCULATED NSRB=                   424

          Assuming UKRMol+ integrals on input.
 Smallest positive magnitude:  2.225073858507201E-308
 Largest magnitude:  1.797693134862316E+308
 Smallest relative spacing:  1.110223024625157E-016
 Largest relative spacing:  2.220446049250313E-016
 Log10(Base)  0.301029995663981     
 Decimal precision for real(kind=cfp):                    15
 Number of bits in default integer:                    64

 On input SCATCI expects:
 1-electron integrals, NINT1e =0
 2-electron integrals, NINT2e =0

One electron integrals read-in.

Two electron integrals read-in.

 UKRMol+ integrals read successfully:
 1-electron integrals, NINT1e =22578
 2-electron integrals, NINT2e =11221651

          Nuclear repulsion energy =       0.7137540

          Finished reading UKRMol+ integrals.

Using an enhancement factor of  1.0000000


 TOTAL H Matrix     ELEMENTS      =      5460
 NON-ZERO ELEMENTS evaluated      =      4545
 Number integrals evaluated       =     11024
 ===================================================
  inside subroutine --> 'dgmain' --> begins. 
 

  ************************************************************************************************************************

 MATRIX DIAGONALIZATION SECTION
 (RUN)     H2 CI calculation - singlet Ag                                                                                          
  DATA SET FILE NUMBERS AND LENGTH SPECIFICATIONS :
      NFTE =810      NFTW =     26

 NPFLG :      0     0
 NCISET:      1

 NPCVC =    1
 THRHM = 0.10D-14


 (EMX)     H2 - singlet Ag                                                                                                         

     6 Eigenvectors to be computed for
   104 dimensional final Hamiltonian matrix

      4545 Hamiltonian elements read from unit NFTE =810

      4545 Hamiltonian elements read from unit NFTE =810
 CI data stored as set number  1

 SET   1    H2 CI calculation - singlet Ag                                                                                          

 MGVN = 0    s =   0.0    sz =   0.0    NELT =    2    NNUC =  3

 Nuclear data     X         Y         Z       Charge
   H  1        0.000000  0.000000 -0.700521  1.000000
   H  1        0.000000  0.000000  0.700521  1.000000
   sc 2        0.000000  0.000000  0.000000  0.000000

 NOCSF=  104    NSTAT=    6    EN   =        0.7137539911

 EIGEN-ENERGIES
                       -1.1694761440       -0.5889945846       -0.4442617014       -0.4279116648       -0.0928068499
                       -0.0310178827
