
 Primary working directories    : /tmp/slurm.6857818
 Secondary working directories  : /tmp/slurm.6857818
 Wavefunction directory         : /home/houfek/wfu/
 Main file repository           : /tmp/slurm.6857818/

 SHA1      : 2c68d29c09da70e1723824271fadde4bcd5f07a0
 ARCHNAME  : Linux/x86_64
 FC        : /opt/intel/oneapi/compiler/2022.0.2/linux/bin/intel64/ifort
 FCVERSION : 2021.5.0
 BLASLIB   : -L/opt/intel/oneapi/mkl/2022.0.2/lib/intel64 -lmkl_intel_ilp64 -lmkl_sequential -lmkl_core
 id        : houfek

 Nodes                          nprocs
 utf-asus3.hpc.troja.mff.cuni.cz    1

 Using customized tuning parameters: mindgm=1; mindgv=20; mindgc=4; mindgr=1; noblas=0; minvec=7
 default implementation of scratch files=df  

 ***,H2O with cc-pVTZ basis
 Gprint,basis;                                                                   ! Print basis information
 Gprint,civector;                                                                ! Print CI vector in MCSCF
 Gprint,orbital;                                                                 ! Print orbitals in SCF and MCSCF
 
 SYMMETRY,X
 basis={
                                                                                 ! OXYGEN       (10s,5p,2d,1f) -&gt; [4s,3p,2d,1f]
                                                                                 ! OXYGEN       (10s,5p,2d,1f) -&gt; [4s,3p,2d,1f]
 s, O, 15330.0000000, 2299.0000000, 522.4000000, 147.3000000, 47.5500000, 16.7600000, 6.2070000, 0.6882000, 1.7520000, 0.2384000
 c, 1.8, 0.0005080, 0.0039290, 0.0202430, 0.0791810, 0.2306870, 0.4331180, 0.3502600, -0.0081540
 c, 1.8, -0.0001150, -0.0008950, -0.0046360, -0.0187240, -0.0584630, -0.1364630, -0.1757400, 0.6034180
 c, 9.9, 1
 c, 10.10, 1
 p, O, 34.4600000, 7.7490000, 2.2800000, 0.7156000, 0.2140000
 c, 1.3, 0.0159280, 0.0997400, 0.3104920
 c, 4.4, 1
 c, 5.5, 1
 d, O, 2.3140000, 0.6450000
 c, 1.1, 1
 c, 2.2, 1
 f, O, 1.4280000
 c, 1.1, 1
                                                                    !  cc-pVTZ  EMSL  Basis Set Exchange Library   5/27/13 12:11 PM
                                                                                 ! Elements                             References
                                                                        ! H     : T.H. Dunning, Jr. J. Chem. Phys. 90, 1007 (1989).
                                                         ! He    : D.E. Woon and T.H. Dunning, Jr. J. Chem. Phys. 100, 2975 (1994).
                                                                       ! Li - Ne: T.H. Dunning, Jr. J. Chem. Phys. 90, 1007 (1989).
                                                                      ! Na - Mg: D.E. Woon and T.H. Dunning, Jr.  (to be published)
                                                        ! Al - Ar: D.E. Woon and T.H. Dunning, Jr.  J. Chem. Phys. 98, 1358 (1993).
                                                         ! Ca     : J. Koput and K.A. Peterson, J. Phys. Chem. A, 106, 9595 (2002).
                                                     ! Sc - Zn: N.B. Balabanov and K.A. Peterson, J. Chem. Phys, 123, 064107 (2005)
                              ! Ga - Kr: A.K. Wilson, D.E. Woon, K.A. Peterson, T.H. Dunning, Jr., J. Chem. Phys., 110, 7667 (1999)
                                                                                 !
                                                                                 !
                                                                                 ! HYDROGEN       (5s,2p,1d) -&gt; [3s,2p,1d]
                                                                                 ! HYDROGEN       (5s,2p,1d) -&gt; [3s,2p,1d]
 s, H, 33.8700000, 5.0950000, 1.1590000, 0.3258000, 0.1027000
 c, 1.3, 0.0060680, 0.0453080, 0.2028220
 c, 4.4, 1
 c, 5.5, 1
 p, H, 1.4070000, 0.3880000
 c, 1.1, 1
 c, 2.2, 1
 d, H, 1.0570000
 c, 1.1, 1
 
 }
 geometry={
 O,,   0.000000000,   0.000000000,   0.116474816
 H,,   0.000000000,   1.343990606,  -0.924529146
 H,,   0.000000000,  -1.343990606,  -0.924529146
 }
 
 method = 'CASSCF'                                                               ! set to HF or CASSCF in scripts
 
 IF (method.eq.'HF') THEN
 
 {hf;
 wf,nelec=10;
 orbprint,1000;
 }
 
 ELSE
 
 {hf;
 wf,nelec=10;
 orbprint,-1;
 }
 
                                                   ! First CASSCF run only for target states for which orbitals should be optimised
 {multi;
 closed,1,0;
 occ,6,1;
 wf,nelec=10,sym=1,spin=0; state,1;
 natorb,print=1000;
 }
 
                                                           ! Second CASSCF run for all target states without orbital optimalisation
                                                                                 !{multi;
                                                                                 !closed,1,0;
                                                                                 !occ,6,1;
 !wf,nelec=10,sym=1,spin=0; state,2; wf,nelec=10,sym=1,spin=2; state,1; wf,nelec=10,sym=2,spin=0; state,1; wf,nelec=10,sym=2,spin=2; state,1;
                                                                                 !dont,orbital;
                                                                                 !dm;
                                                                                 !}
 
                                                                                 ! Saving density matrix for radden
                                                                                 !{matrop;
                                                                                 !load,dm,den,2140.2;
                                                                                 !write,dm;}!save,dm,2140.2,DENSITY;}
 
 ENDIF
 
 put,molden,H2O.molden;

 Variables initialized (766), CPU time= 0.00 sec
 Commands  initialized (545), CPU time= 0.00 sec, 513 directives.
 Default parameters read. Elapsed time= 0.11 sec

 Checking input...
 Passed
1


                                         ***  PROGRAM SYSTEM MOLPRO  ***
                         Copyright, University College Cardiff Consultants Limited, 2008

                                    Version 2012.1 linked 4 Jan 2023 19:06:47 


 **********************************************************************************************************************************
 LABEL *   H2O with cc-pVTZ basis                                                        
 Linux-4.18.0-372.26.1.el8_6.x86_64/utf-asus3.hpc.troja.mff.cuni.cz(x86_64) (4 PROC) 64 bDATE: 16-Apr-23          TIME: 14:44:37  
 **********************************************************************************************************************************

 SHA1:             2c68d29c09da70e1723824271fadde4bcd5f07a0
 **********************************************************************************************************************************




 Variable memory set to    8000000 words,  buffer space   230000 words

 SETTING BASIS          =    USERDEF
 ZSYMEL=X  
 
 SETTING METHOD         =    CASSCF


 Recomputing integrals since basis changed


 Using spherical harmonics


1PROGRAM * SEWARD (Integral evaluation for generally contracted gaussian basis sets)     Author: Roland Lindh, 1990

 Geometry written to block  1 of record 700


 Point group  Cs  



 ATOMIC COORDINATES

 NR  ATOM    CHARGE       X              Y              Z

   1  O       8.00    0.000000000    0.000000000    0.116474816
   2  H       1.00    0.000000000    1.343990606   -0.924529146
   3  H       1.00    0.000000000   -1.343990606   -0.924529146

 Bond lengths in Bohr (Angstrom)

 1-2  1.699999999  1-3  1.699999999
     ( 0.899601255)     ( 0.899601255)

 Bond angles

  2-1-3  104.48000001


 BASIS DATA

   Nr Sym  Nuc  Type         Exponents   Contraction coefficients

   1.1 A'    1  1s        15330.000000     0.000508   -0.000115
   2.1 A'                  2299.000000     0.003929   -0.000895
                            522.400000     0.020243   -0.004636
                            147.300000     0.079181   -0.018724
                             47.550000     0.230687   -0.058463
                             16.760000     0.433118   -0.136463
                              6.207000     0.350260   -0.175740
                              0.688200    -0.008154    0.603418
   3.1 A'    1  1s            1.752000     1.000000
   4.1 A'    1  1s            0.238400     1.000000
   5.1 A'    1  2py          34.460000     0.015928
                              7.749000     0.099740
                              2.280000     0.310492
   6.1 A'    1  2pz          34.460000     0.015928
                              7.749000     0.099740
                              2.280000     0.310492
   7.1 A'    1  2py           0.715600     1.000000
   8.1 A'    1  2pz           0.715600     1.000000
   9.1 A'    1  2py           0.214000     1.000000
  10.1 A'    1  2pz           0.214000     1.000000
  11.1 A'    1  3d0           2.314000     1.000000
  12.1 A'    1  3d2+          2.314000     1.000000
  13.1 A'    1  3d1-          2.314000     1.000000
  14.1 A'    1  3d0           0.645000     1.000000
  15.1 A'    1  3d2+          0.645000     1.000000
  16.1 A'    1  3d1-          0.645000     1.000000
  17.1 A'    1  4f1-          1.428000     1.000000
  18.1 A'    1  4f0           1.428000     1.000000
  19.1 A'    1  4f3-          1.428000     1.000000
  20.1 A'    1  4f2+          1.428000     1.000000
  21.1 A'    2  1s           33.870000     0.006068
                              5.095000     0.045308
                              1.159000     0.202822
  22.1 A'    2  1s            0.325800     1.000000
  23.1 A'    2  1s            0.102700     1.000000
  24.1 A'    2  2py           1.407000     1.000000
  25.1 A'    2  2pz           1.407000     1.000000
  26.1 A'    2  2py           0.388000     1.000000
  27.1 A'    2  2pz           0.388000     1.000000
  28.1 A'    2  3d0           1.057000     1.000000
  29.1 A'    2  3d2+          1.057000     1.000000
  30.1 A'    2  3d1-          1.057000     1.000000
  31.1 A'    3  1s           33.870000     0.006068
                              5.095000     0.045308
                              1.159000     0.202822
  32.1 A'    3  1s            0.325800     1.000000
  33.1 A'    3  1s            0.102700     1.000000
  34.1 A'    3  2py           1.407000     1.000000
  35.1 A'    3  2pz           1.407000     1.000000
  36.1 A'    3  2py           0.388000     1.000000
  37.1 A'    3  2pz           0.388000     1.000000
  38.1 A'    3  3d0           1.057000     1.000000
  39.1 A'    3  3d2+          1.057000     1.000000
  40.1 A'    3  3d1-          1.057000     1.000000
   1.2 A"    1  2px          34.460000     0.015928
                              7.749000     0.099740
                              2.280000     0.310492
   2.2 A"    1  2px           0.715600     1.000000
   3.2 A"    1  2px           0.214000     1.000000
   4.2 A"    1  3d2-          2.314000     1.000000
   5.2 A"    1  3d1+          2.314000     1.000000
   6.2 A"    1  3d2-          0.645000     1.000000
   7.2 A"    1  3d1+          0.645000     1.000000
   8.2 A"    1  4f1+          1.428000     1.000000
   9.2 A"    1  4f3+          1.428000     1.000000
  10.2 A"    1  4f2-          1.428000     1.000000
  11.2 A"    2  2px           1.407000     1.000000
  12.2 A"    2  2px           0.388000     1.000000
  13.2 A"    2  3d2-          1.057000     1.000000
  14.2 A"    2  3d1+          1.057000     1.000000
  15.2 A"    3  2px           1.407000     1.000000
  16.2 A"    3  2px           0.388000     1.000000
  17.2 A"    3  3d2-          1.057000     1.000000
  18.2 A"    3  3d1+          1.057000     1.000000

 NUCLEAR CHARGE:                   10
 NUMBER OF PRIMITIVE AOS:          81
 NUMBER OF SYMMETRY AOS:           74
 NUMBER OF CONTRACTIONS:           58   (  40A'  +  18A"  )
 NUMBER OF CORE ORBITALS:           1   (   1A'  +   0A"  )
 NUMBER OF VALENCE ORBITALS:        6   (   5A'  +   1A"  )


 NUCLEAR REPULSION ENERGY    9.78379112


 Eigenvalues of metric

         1 0.207E-02 0.428E-02 0.149E-01 0.432E-01 0.525E-01 0.637E-01 0.850E-01 0.868E-01
         2 0.686E-01 0.908E-01 0.139E+00 0.291E+00 0.350E+00 0.470E+00 0.505E+00 0.654E+00


 Contracted 2-electron integrals neglected if value below      1.0D-11
 AO integral compression algorithm  1   Integral accuracy      1.0D-11

     4.456 MB (compressed) written to integral file ( 60.8%)


 NUMBER OF SORTED TWO-ELECTRON INTEGRALS:     771976.     BUFFER LENGTH:  32768
 NUMBER OF SEGMENTS:   1  SEGMENT LENGTH:     771976      RECORD LENGTH: 524288

 Memory used in sort:       1.33 MW

 SORT1 READ      946216. AND WROTE      700083. INTEGRALS IN      3 RECORDS. CPU TIME:     0.00 SEC, REAL TIME:     0.01 SEC
 SORT2 READ      700083. AND WROTE      771976. INTEGRALS IN     17 RECORDS. CPU TIME:     0.03 SEC, REAL TIME:     0.03 SEC

 FILE SIZES:   FILE 1:    12.1 MBYTE,  FILE 4:    12.6 MBYTE,   TOTAL:     24.7 MBYTE

 OPERATOR DM      FOR CENTER  0  COORDINATES:    0.000000    0.000000    0.000000


 **********************************************************************************************************************************
 DATASETS  * FILE   NREC   LENGTH (MB)   RECORD NAMES
              1      19       11.14       500      610      700      900      950      970     1000      129      960     1100   
                                          VAR    BASINP    GEOM    SYMINP    ZMAT    AOBASIS   BASIS     P2S    ABASIS      S 
                                         1400     1410     1200     1210     1080     1600     1650     1300     1700   
                                           T        V       H0       H01     AOSYM     SMH    MOLCAS    ERIS     OPER   

 PROGRAMS   *        TOTAL       INT
 CPU TIMES  *         0.20      0.13
 REAL TIME  *         0.37 SEC
 DISK USED  *        24.98 MB      
 **********************************************************************************************************************************

1PROGRAM * RHF-SCF (CLOSED SHELL)       Authors: W. Meyer, H.-J. Werner


 NUMBER OF ELECTRONS:       5+    5-
 CONVERGENCE THRESHOLDS:    1.00E-05 (Density)    1.00E-07 (Energy)
 MAX. NUMBER OF ITERATIONS:       60
 INTERPOLATION TYPE:            DIIS
 INTERPOLATION STEPS:              2 (START)      1 (STEP)
 LEVEL SHIFTS:                  0.00 (CLOSED)  0.00 (OPEN) 




   Atom=O  basis=cc-pVTZ           lmin=0  lmax=1
   Atom=H  basis=cc-pVTZ           lmin=0  lmax=1

 Orbital guess generated from atomic densities. Full valence occupancy:    6   1

 Molecular orbital dump at record        2101.2

 Initial alpha occupancy:   4   1
 Initial beta  occupancy:   4   1
 Wave function symmetry:    1

 ITERATION    DDIFF          GRAD             ENERGY        2-EL.EN.            DIPOLE MOMENTS         DIIS   ORB.
    1      0.000D+00      0.000D+00       -76.01655630     78.622553    0.00000   -0.00000   -1.06961    0    start
    2      0.000D+00      0.174D-01       -76.04451899     75.324547    0.00000    0.00000   -0.69636    1    diag
    3      0.793D-02      0.971D-02       -76.05328954     76.687012    0.00000    0.00000   -0.78080    2    diag
    4      0.243D-02      0.932D-03       -76.05344887     76.613064    0.00000    0.00000   -0.77938    3    diag
    5      0.528D-03      0.230D-03       -76.05346158     76.623217    0.00000    0.00000   -0.77821    4    diag
    6      0.203D-03      0.404D-04       -76.05346214     76.622445    0.00000   -0.00000   -0.77802    5    diag
    7      0.468D-04      0.655D-05       -76.05346216     76.622520    0.00000   -0.00000   -0.77794    6    diag
    8      0.682D-05      0.114D-05       -76.05346216     76.622483    0.00000    0.00000   -0.77793    0    orth

 Final occupancy:   4   1

 !RHF STATE 1.1 Energy                -76.053462156884
 Nuclear energy                         9.78379112
 One-electron energy                 -124.14849484
 Two-electron energy                   38.31124156
 Virial quotient                       -0.99730168
 !RHF STATE 1.1 Dipole moment           0.00000000     0.00000000    -0.77792821
 Dipole moment /Debye                   0.00000000     0.00000000    -1.97716677

 Orbital energies:

         1.1          2.1          3.1          4.1          5.1          6.1
    -20.544106    -1.377838    -0.742685    -0.588711     0.147620     0.208619

         1.2          2.2          3.2
     -0.509665     0.784430     0.873181

 HOMO      1.2    -0.509665 =     -13.8687eV
 LUMO      5.1     0.147620 =       4.0170eV
 LUMO-HOMO         0.657285 =      17.8856eV


 **********************************************************************************************************************************
 DATASETS  * FILE   NREC   LENGTH (MB)   RECORD NAMES
              1      19       11.14       500      610      700      900      950      970     1000      129      960     1100   
                                          VAR    BASINP    GEOM    SYMINP    ZMAT    AOBASIS   BASIS     P2S    ABASIS      S 
                                         1400     1410     1200     1210     1080     1600     1650     1300     1700   
                                           T        V       H0       H01     AOSYM     SMH    MOLCAS    ERIS     OPER   

              2       4        0.34       700     1000      520     2101   
                                         GEOM     BASIS   MCVARS     RHF  

 PROGRAMS   *        TOTAL        HF       INT
 CPU TIMES  *         0.57      0.36      0.13
 REAL TIME  *         0.49 SEC
 DISK USED  *        24.98 MB      
 **********************************************************************************************************************************

1PROGRAM * MULTI (Direct Multiconfiguration SCF)       Authors: P.J. Knowles, H.-J. Werner (1984)     S.T. Elbert (1988)


 Number of closed-shell orbitals:   1 (   1   0 )
 Number of active  orbitals:        6 (   5   1 )
 Number of external orbitals:      51 (  34  17 )

 State symmetry 1

 Number of electrons:     8    Spin symmetry=Singlet   Space symmetry=1
 Number of states:        1
 Number of CSFs:         65   (125 determinants, 225 intermediate states)

 Molecular orbitals read from record     2101.2  Type=RHF/CANONICAL (state 1.1)

 Wavefunction dump at record             2140.2

 Convergence thresholds  0.10E-01 (gradient)  0.10E-05 (energy)  0.10E-02 (step length)

 Number of orbital rotations:      226   (     5 Core/Active     34 Core/Virtual   0 Active/Active    187 Active/Virtual)
 Total number of variables:        351


 ITER. MIC  NCI  NEG     ENERGY(VAR)     ENERGY(PROJ)   ENERGY CHANGE     GRAD(0)  GRAD(ORB)   GRAD(CI)     STEP       TIME

   1   40   21    0     -76.05542888     -76.10266187   -0.04723298    0.00848276 0.00093696 0.00043812  0.12D+01      0.49
   2   35   20    0     -76.10132279     -76.10193652   -0.00061373    0.02867485 0.00000880 0.00002510  0.11D+00      0.84
   3   38   14    0     -76.10193701     -76.10193701   -0.00000000    0.00006446 0.00000042 0.00000093  0.29D-03      1.11

 ** WVFN ****  CONVERGENCE REACHED, FINAL GRADIENT:  0.17D-06


 First order charge density matrix for state 1.1 saved on record  2140.2 (density set 1)

 Results for state 1.1
 =====================

 !MCSCF STATE 1.1 Energy              -76.101937014989
 Nuclear energy                         9.78379112
 Kinetic energy                        76.38187805
 One electron energy                 -124.11099368
 Two electron energy                   38.22526555
 Virial ratio                           1.99633498

 !MCSCF STATE 1.1 Dipole moment         0.00000000    -0.00000000    -0.73075150
 Dipole moment /Debye                   0.00000000    -0.00000000    -1.85726340


 NATURAL ORBITALS
 ================

   Orb     Occ        Energy       Coefficients

                                   1 1s      1 1s      1 1s      1 1s      1 2py     1 2pz     1 2py     1 2pz     1 2py     1 2pz  
                                   1 3d0     1 3d2+    1 3d1-    1 3d0     1 3d2+    1 3d1-    1 4f1-    1 4f0     1 4f3-    1 4f2+ 
                                   2 1s      2 1s      2 1s      2 2py     2 2pz     2 2py     2 2pz     2 3d0     2 3d2+    2 3d1- 
                                   3 1s      3 1s      3 1s      3 2py     3 2pz     3 2py     3 2pz     3 3d0     3 3d2+    3 3d1- 


   1.1  2.00000   -20.340099     0.971541 -0.051827  0.029884 -0.037700 -0.000000 -0.016383 -0.000000 -0.015890 -0.000000 -0.014884
                                 0.000296  0.000028  0.000000  0.000646  0.000658  0.000000  0.000000 -0.000070  0.000000 -0.000070
                                -0.002405  0.002748  0.000544  0.000254 -0.000770 -0.000723 -0.001014 -0.000212  0.000050  0.000440
                                -0.002405  0.002748  0.000544 -0.000254 -0.000770  0.000723 -0.001014 -0.000212  0.000050 -0.000440

   2.1  1.99933    -1.291565     0.091740  0.507545  0.140370  0.390003  0.000000  0.146397  0.000000  0.173078  0.000000  0.150096
                                -0.002689 -0.001723 -0.000000 -0.008433 -0.002435 -0.000000 -0.000000  0.001084 -0.000000  0.000395
                                 0.027713 -0.022875 -0.008101 -0.003245  0.007409  0.004547  0.011823  0.001394  0.000651 -0.001398
                                 0.027713 -0.022875 -0.008101  0.003245  0.007409 -0.004547  0.011823  0.001394  0.000651  0.001398

   3.1  1.98306    -0.868468     0.008720 -0.147853 -0.037252  0.076913  0.000000  0.287579  0.000000  0.345483  0.000000  0.221203
                                -0.005948  0.005193 -0.000000 -0.015304  0.009657 -0.000000 -0.000000 -0.000106 -0.000000 -0.004446
                                -0.129832 -0.153869 -0.020154  0.015031 -0.003052  0.019933  0.011877  0.002208  0.003967  0.001627
                                -0.129832 -0.153869 -0.020154 -0.015031 -0.003052 -0.019933  0.011877  0.002208  0.003967 -0.001627

   4.1  1.98208    -0.739052    -0.000000 -0.000000 -0.000000 -0.000000  0.292736 -0.000000  0.331872 -0.000000  0.136913 -0.000000
                                 0.000000  0.000000 -0.013842  0.000000  0.000000 -0.019212 -0.000140 -0.000000 -0.003205  0.000000
                                 0.152251  0.232007  0.056075 -0.011213  0.014428 -0.020221  0.022874  0.002035 -0.003851 -0.006891
                                -0.152251 -0.232007 -0.056075 -0.011213 -0.014428 -0.020221 -0.022874 -0.002035  0.003851 -0.006891

   5.1  0.01825     0.897076     0.000000  0.000000  0.000000 -0.000000 -0.553996  0.000000 -0.483680  0.000000  0.023781 -0.000000
                                -0.000000 -0.000000  0.031246 -0.000000 -0.000000  0.014467 -0.005792  0.000000  0.015248 -0.000000
                                 0.264127  0.504257  0.087319  0.011288 -0.011170 -0.043274  0.031667 -0.000132  0.009367  0.015846
                                -0.264127 -0.504257 -0.087319  0.011288  0.011170 -0.043274 -0.031667  0.000132 -0.009367  0.015846

   6.1  0.01766     0.920690    -0.042436 -0.426115 -0.217429 -0.361761  0.000000  0.507576  0.000000  0.414642 -0.000000 -0.088763
                                -0.025361  0.017877 -0.000000  0.005891  0.019800 -0.000000 -0.000000 -0.002018 -0.000000 -0.016795
                                 0.243703  0.506321  0.040264 -0.003608 -0.023117 -0.102408 -0.027988 -0.010652 -0.000778  0.021337
                                 0.243703  0.506321  0.040264  0.003608 -0.023117  0.102408 -0.027988 -0.010652 -0.000778 -0.021337

   7.1  0.00000     0.282507     0.026129 -0.000643 -0.000103 -2.580797 -0.000000 -0.090954 -0.000000  0.015012 -0.000000  0.879321
                                 0.002816 -0.002967  0.000000 -0.016641  0.124154  0.000000  0.000000 -0.007065 -0.000000 -0.010661
                                -0.030266  0.430646  1.171590  0.000312  0.001749 -0.378687  0.321035  0.005681 -0.013937 -0.035553
                                -0.030266  0.430646  1.171590 -0.000312  0.001749  0.378687  0.321035  0.005681 -0.013937  0.035553

   8.1  0.00000     0.326864    -0.000000 -0.000000 -0.000000  0.000000  0.031676  0.000000  0.031872 -0.000000 -0.774929 -0.000000
                                 0.000000  0.000000  0.003878  0.000000 -0.000000  0.070033  0.000896  0.000000 -0.001937  0.000000
                                -0.060451 -0.266075  2.179916  0.020810 -0.014488 -0.252139  0.223585  0.001290 -0.012523 -0.010631
                                 0.060451  0.266075 -2.179916  0.020810  0.014488 -0.252139 -0.223585 -0.001290  0.012523 -0.010631

   9.1  0.00000     0.633341    -0.062370 -0.233060 -0.006685 -4.254287  0.000000 -0.089166 -0.000000  0.108917 -0.000000  2.401280
                                 0.005451 -0.028735 -0.000000 -0.041397  0.221921  0.000000 -0.000000 -0.015495  0.000000 -0.032576
                                 0.049770  2.895234 -0.057241 -0.048842  0.034599 -0.462982  0.450312  0.013120 -0.034052 -0.046857
                                 0.049770  2.895234 -0.057241  0.048842  0.034599  0.462982  0.450312  0.013120 -0.034052  0.046857

  10.1  0.00000     0.659813    -0.000000 -0.000000  0.000000 -0.000000 -0.118795 -0.000000  0.282236  0.000000  3.194589  0.000000
                                 0.000000 -0.000000  0.029585 -0.000000  0.000000 -0.426701  0.032003 -0.000000 -0.024350 -0.000000
                                -0.055869 -2.454681 -1.009477  0.081387 -0.052956  0.657028 -0.496926  0.006730  0.053787  0.078822
                                 0.055869  2.454681  1.009477  0.081387  0.052956  0.657028  0.496926 -0.006730 -0.053787  0.078822

  11.1  0.00000     0.781248     0.035049  0.117900  0.017192  1.570823  0.000000  0.035239 -0.000000 -0.095724 -0.000000 -1.808290
                                -0.041317 -0.009118 -0.000000  0.208693  0.051233  0.000000 -0.000000 -0.022662  0.000000 -0.001264
                                 0.027120 -1.132816  0.021256 -0.016958 -0.018629  0.776301  0.550100  0.060312  0.041217 -0.021021
                                 0.027120 -1.132816  0.021256  0.016958 -0.018629 -0.776301  0.550100  0.060312  0.041217  0.021021

  12.1  0.00000     1.092443    -0.155036 -0.623398 -0.191789  7.694464 -0.000000 -0.060553  0.000000 -1.140294  0.000000 -1.793313
                                 0.000957  0.003215 -0.000000 -0.048601 -0.298191 -0.000000  0.000000  0.039564 -0.000000  0.069096
                                -0.006405 -3.280950 -0.672645  0.086709 -0.092092  1.229596 -0.778093 -0.037453  0.086258  0.143397
                                -0.006405 -3.280950 -0.672645 -0.086709 -0.092092 -1.229596 -0.778093 -0.037453  0.086258 -0.143397

  13.1  0.00000     1.228940    -0.000000 -0.000000 -0.000000  0.000000 -0.015353 -0.000000 -0.225362 -0.000000 -1.893362 -0.000000
                                 0.000000 -0.000000  0.000480 -0.000000 -0.000000  0.066524  0.008493  0.000000  0.012957  0.000000
                                -0.004069  1.017538  0.200947 -0.070772 -0.059594  0.633903  1.168803  0.024331  0.005775 -0.018094
                                 0.004069 -1.017538 -0.200947 -0.070772  0.059594  0.633903 -1.168803 -0.024331 -0.005775 -0.018094

  14.1  0.00000     1.438432    -0.000000 -0.000000 -0.000000 -0.000000  0.091570  0.000000  1.233239  0.000000  1.500482  0.000000
                                -0.000000 -0.000000 -0.010429  0.000000  0.000000 -0.082953 -0.002373  0.000000  0.003769  0.000000
                                -0.110498 -2.094892 -1.095045 -0.052205  0.028134  1.888879 -1.305388  0.002885  0.087017  0.120037
                                 0.110498  2.094892  1.095045 -0.052205 -0.028134  1.888879  1.305388 -0.002885 -0.087017  0.120037

  15.1  0.00000     1.486232     0.324284  0.856644  0.272965  2.510439  0.000000 -0.105385  0.000000 -0.305046  0.000000 -0.514616
                                 0.003699  0.017195 -0.000000 -0.002821  0.180671  0.000000 -0.000000 -0.032872  0.000000 -0.071904
                                -0.103585 -0.942368 -0.429989 -0.144830  0.133484  1.134124 -1.014089  0.002415 -0.015428 -0.029752
                                -0.103585 -0.942368 -0.429989  0.144830  0.133484 -1.134124 -1.014089  0.002415 -0.015428  0.029752

  16.1  0.00000     1.970800    -0.000000 -0.000000 -0.000000  0.000000  0.011829  0.000000 -2.002609 -0.000000 -2.895688 -0.000000
                                 0.000000 -0.000000  0.046987 -0.000000 -0.000000  1.700853 -0.124470  0.000000  0.085564  0.000000
                                -0.335975  5.024346  0.256078 -0.227641  0.213152 -1.841984  1.254251 -0.017230 -0.161862 -0.254530
                                 0.335975 -5.024346 -0.256078 -0.227641 -0.213152 -1.841984 -1.254251  0.017230  0.161862 -0.254530

  17.1  0.00000     2.152679    -0.262264 -0.579878 -0.080706 -6.145647 -0.000000  0.096214 -0.000000  0.670163 -0.000000  1.796251
                                -0.007476  0.000143  0.000000  0.416626  1.448695  0.000000 -0.000000 -0.057686  0.000000 -0.087077
                                -0.239374  3.860632  0.141656 -0.126069  0.020785 -0.944714  1.241058  0.064106  0.006544 -0.100328
                                -0.239374  3.860632  0.141656  0.126069  0.020785  0.944714  1.241058  0.064106  0.006544  0.100328

  18.1  0.00000     2.209235    -0.013933 -0.004307  0.036364 -4.119512  0.000000  0.063096  0.000000  0.513705  0.000000  2.084039
                                 0.007453  0.001879 -0.000000 -1.401761  0.326740  0.000000 -0.000000  0.021313 -0.000000 -0.020800
                                -0.005245  2.384450  0.126384 -0.003146  0.062861 -1.032610 -0.126339 -0.080915 -0.058306 -0.033236
                                -0.005245  2.384450  0.126384  0.003146  0.062861  1.032610 -0.126339 -0.080915 -0.058306  0.033236

  19.1  0.00000     2.569579     0.317270  0.671362  0.072233  1.359985  0.000000  0.185854 -0.000000 -0.640303 -0.000000 -0.540550
                                -0.003768 -0.034505 -0.000000  0.295379  0.363768  0.000000 -0.000000  0.040467  0.000000  0.119350
                                 0.884342 -1.953093  0.297112  0.150763 -0.103910  0.449833 -0.109503 -0.022163  0.164447 -0.077911
                                 0.884342 -1.953093  0.297112 -0.150763 -0.103910 -0.449833 -0.109503 -0.022163  0.164447  0.077911

  20.1  0.00000     2.925294    -0.000000 -0.000000 -0.000000  0.000000 -0.332579  0.000000  0.946121 -0.000000 -0.431219  0.000000
                                -0.000000 -0.000000 -0.034305  0.000000  0.000000  0.650707  0.092310  0.000000 -0.103395  0.000000
                                 0.765192 -1.100494  0.546118  0.200164 -0.121501  0.183704 -0.211232  0.109996 -0.077876  0.197692
                                -0.765192  1.100494 -0.546118  0.200164  0.121501  0.183704  0.211232 -0.109996  0.077876  0.197692

  21.1  0.00000     3.519730    -0.074726 -0.182488 -0.026029 -1.343534  0.000000 -0.097185  0.000000  0.096609  0.000000  0.386427
                                -0.041102 -0.015702  0.000000  0.500911 -0.100845 -0.000000 -0.000000  0.014243  0.000000 -0.105466
                                -0.297234  1.062634 -0.024212 -0.026104  0.132800 -0.229538  0.238134 -0.107002  0.606281 -0.351573
                                -0.297234  1.062634 -0.024212  0.026104  0.132800  0.229538  0.238134 -0.107002  0.606281  0.351573

  22.1  0.00000     3.738274     0.000000  0.000000  0.000000 -0.000000  0.076806 -0.000000 -0.236343  0.000000 -0.100890  0.000000
                                 0.000000  0.000000 -0.051939 -0.000000 -0.000000 -0.316274  0.046551 -0.000000  0.005567 -0.000000
                                -0.308991  0.322905 -0.184999 -0.316883 -0.035811  0.279444  0.137831  0.553202 -0.145348  0.378019
                                 0.308991 -0.322905  0.184999 -0.316883  0.035811  0.279444 -0.137831 -0.553202  0.145348  0.378019

  23.1  0.00000     3.909335     0.101337  0.229438  0.104136  0.029744  0.000000 -0.012779 -0.000000  0.320612 -0.000000  0.376506
                                 0.005229 -0.009221  0.000000 -0.393587 -0.226734  0.000000  0.000000  0.191516 -0.000000  0.036939
                                -0.017466 -0.005335 -0.041884  0.310502  0.517060 -0.250099 -0.637823 -0.578591 -0.157823  0.227907
                                -0.017466 -0.005335 -0.041884 -0.310502  0.517060  0.250099 -0.637823 -0.578591 -0.157823 -0.227907

  24.1  0.00000     3.936693     0.000000  0.000000  0.000000  0.000000 -0.034501  0.000000  0.048514 -0.000000  0.916657 -0.000000
                                 0.000000 -0.000000  0.023596 -0.000000 -0.000000 -0.426921 -0.166065  0.000000 -0.076321 -0.000000
                                -0.144074 -0.453546 -0.081640  0.540770  0.629316 -0.443632 -0.653910  0.144761 -0.108084  0.049219
                                 0.144074  0.453546  0.081640  0.540770 -0.629316 -0.443632  0.653910 -0.144761  0.108084  0.049219

  25.1  0.00000     4.070008     0.000000  0.000000  0.000000  0.000000 -0.535911  0.000000  2.040059 -0.000000  0.937203 -0.000000
                                 0.000000 -0.000000 -0.188769 -0.000000 -0.000000  0.093475 -0.014507  0.000000 -0.029588  0.000000
                                 0.147223 -2.382960 -0.426932 -0.310787  0.361537  1.468674 -1.306324 -0.323070  0.419961  0.528441
                                -0.147223  2.382960  0.426932 -0.310787 -0.361537  1.468674  1.306324  0.323070 -0.419961  0.528441

  26.1  0.00000     4.218825     0.365880  0.900414  0.477928  4.638094  0.000000  0.759020 -0.000000 -1.718770 -0.000000 -0.838449
                                 0.039293 -0.127629  0.000000 -0.169756 -0.312179 -0.000000 -0.000000 -0.042096  0.000000  0.018662
                                 0.032633 -2.631350 -0.330924 -0.484984  0.112725  1.451510 -1.054807 -0.097545  0.224089  0.464300
                                 0.032633 -2.631350 -0.330924  0.484984  0.112725 -1.451510 -1.054807 -0.097545  0.224089 -0.464300

  27.1  0.00000     4.460307     0.203442  0.186857 -0.036333 -1.543289 -0.000000 -0.456480  0.000000  0.398712  0.000000  0.096443
                                -0.091067 -0.119378 -0.000000  0.797650  1.170964  0.000000  0.000000  0.009491 -0.000000  0.108049
                                 0.313944  0.784483  0.007698 -0.183939  0.607468  0.192325  0.244942  0.625104  0.268135  0.192952
                                 0.313944  0.784483  0.007698  0.183939  0.607468 -0.192325  0.244942  0.625104  0.268135 -0.192952

  28.1  0.00000     4.710123    -0.000000 -0.000000 -0.000000 -0.000000 -0.448756 -0.000000  1.101304  0.000000  0.416765  0.000000
                                -0.000000 -0.000000  0.062296  0.000000  0.000000 -0.749879  0.079497  0.000000  0.108195  0.000000
                                -0.041313 -1.868882 -0.114813  0.046312 -0.236241  1.317531 -0.064203  0.581970  0.697330 -0.245165
                                 0.041313  1.868882  0.114813  0.046312  0.236241  1.317531  0.064203 -0.581970 -0.697330 -0.245165

  29.1  0.00000     5.022361     0.000000  0.000000  0.000000  0.000000  0.352829  0.000000  2.318140 -0.000000  1.516585 -0.000000
                                 0.000000  0.000000  0.222406 -0.000000 -0.000000 -1.244172  0.168305 -0.000000 -0.208547  0.000000
                                -0.326445 -3.251955 -0.192076  0.672801 -0.468097  1.349062 -1.006540 -0.093003  0.632434  0.828898
                                 0.326445  3.251955  0.192076  0.672801  0.468097  1.349062  1.006540  0.093003 -0.632434  0.828898

  30.1  0.00000     5.289635    -0.101761  0.100032  0.301684  2.283227  0.000000  0.644261  0.000000 -1.960403  0.000000 -0.677130
                                -0.132606  0.011432  0.000000  1.046555  0.184699 -0.000000 -0.000000  0.373380  0.000000 -0.254244
                                -0.231351 -1.306092 -0.060930  0.607040  0.071689  0.525684  0.081692  0.622358  0.163430 -0.001471
                                -0.231351 -1.306092 -0.060930 -0.607040  0.071689 -0.525684  0.081692  0.622358  0.163430  0.001471

  31.1  0.00000     5.381699     0.354524  1.377303  1.046800  3.851195 -0.000000 -0.249095  0.000000 -1.382100 -0.000000 -1.015717
                                 0.004198  0.195100  0.000000  0.001357 -0.811752 -0.000000 -0.000000  0.044625  0.000000  0.450787
                                -0.274677 -2.639155 -0.113963  0.547881 -0.566814  0.937575 -0.711691 -0.088125  0.505024  0.764955
                                -0.274677 -2.639155 -0.113963 -0.547881 -0.566814 -0.937575 -0.711691 -0.088125  0.505024 -0.764955

  32.1  0.00000     5.578213    -0.000000 -0.000000 -0.000000 -0.000000 -0.665228 -0.000000  2.306964  0.000000  0.792359  0.000000
                                -0.000000 -0.000000  0.124672 -0.000000  0.000000 -1.001931 -0.228882 -0.000000  0.576090  0.000000
                                -0.457376 -1.709568  0.002915  0.386301 -0.321531  0.423361 -0.634394 -0.111972 -0.303470  0.319001
                                 0.457376  1.709568 -0.002915  0.386301  0.321531  0.423361  0.634394  0.111972  0.303470  0.319001

  33.1  0.00000     6.774081    -0.528827 -0.814922  0.113090 -0.934822  0.000000  0.456422 -0.000000 -0.979697 -0.000000  0.123795
                                -0.009777 -0.341030  0.000000  1.142634  0.457989 -0.000000 -0.000000 -0.657543 -0.000000  0.676831
                                -0.535162  0.935067  0.038497  0.651263  0.212107 -0.362885  0.727159  0.418674  0.252876 -0.447207
                                -0.535162  0.935067  0.038497 -0.651263  0.212107  0.362885  0.727159  0.418674  0.252876  0.447207

  34.1  0.00000     7.096207    -0.153936 -0.204152  0.143011 -1.173732 -0.000000 -0.040397 -0.000000  0.204195 -0.000000  0.660852
                                 1.190930 -0.046124 -0.000000 -0.878717  0.020757  0.000000  0.000000  0.231216  0.000000  0.060362
                                -0.085391  0.805433  0.013764 -0.005242 -0.071443 -0.366655 -0.043051  0.060203 -0.032453  0.013542
                                -0.085391  0.805433  0.013764  0.005242 -0.071443  0.366655 -0.043051  0.060203 -0.032453 -0.013542

  35.1  0.00000     7.274814     0.000000  0.000000 -0.000000  0.000000  0.664859  0.000000 -1.903854 -0.000000 -0.554110 -0.000000
                                 0.000000  0.000000 -0.257129  0.000000  0.000000  0.832626  0.578469 -0.000000  1.001471 -0.000000
                                 0.764270  0.593909  0.000071 -0.111534  0.599278  0.150010  0.291395  0.552641  0.331493 -0.009229
                                -0.764270 -0.593909 -0.000071 -0.111534 -0.599278  0.150010 -0.291395 -0.552641 -0.331493 -0.009229

  36.1  0.00000     7.311208     0.678620  0.896129 -0.540729  0.986589 -0.000000  0.159915  0.000000 -0.727414  0.000000 -0.482870
                                 0.168522  0.674985  0.000000  0.761526  0.211748 -0.000000 -0.000000 -0.841308 -0.000000 -0.513051
                                 0.417800 -1.001516  0.016083  0.069298  0.577798  0.557788 -0.187159  0.386251  0.355976 -0.128469
                                 0.417800 -1.001516  0.016083 -0.069298  0.577798 -0.557788 -0.187159  0.386251  0.355976  0.128469

  37.1  0.00000     7.516341    -0.342359 -0.778925 -0.384012  0.792787 -0.000000  0.305008  0.000000  0.018432  0.000000 -0.246288
                                -0.054812  0.937424 -0.000000 -0.221369 -1.069309 -0.000000 -0.000000  0.438779 -0.000000  0.672541
                                -0.593532  0.129749 -0.086355 -0.119093 -0.158049 -0.299478  0.112130 -0.114086 -0.291289 -0.371619
                                -0.593532  0.129749 -0.086355  0.119093 -0.158049  0.299478  0.112130 -0.114086 -0.291289  0.371619

  38.1  0.00000     7.954786     0.000000 -0.000000 -0.000000  0.000000 -0.471289  0.000000  0.608930  0.000000  0.565632 -0.000000
                                 0.000000  0.000000  0.704122  0.000000 -0.000000 -1.640281  1.189034 -0.000000 -0.075915 -0.000000
                                -0.964961 -0.259040 -0.083062  0.477141  0.142639 -0.077407  0.127338  0.403596 -0.077783 -0.301147
                                 0.964961  0.259040  0.083062  0.477141 -0.142639 -0.077407 -0.127338 -0.403596  0.077783 -0.301147

  39.1  0.00000     8.545909     0.000000 -0.000000 -0.000000  0.000000  0.346070  0.000000 -2.985558  0.000000 -0.716793  0.000000
                                 0.000000  0.000000  1.120869  0.000000 -0.000000  1.070214 -0.700300 -0.000000  0.331369 -0.000000
                                 0.894656  2.374755 -0.076377 -1.049041  0.648953 -0.930656  0.614917 -0.091069 -0.446289 -0.473178
                                -0.894656 -2.374755  0.076377 -1.049041 -0.648953 -0.930656 -0.614917  0.091069  0.446289 -0.473178

  40.1  0.00000    13.879379     4.202440  6.735089 -2.518785  4.885122 -0.000000  0.288381 -0.000000 -3.064196  0.000000 -1.425907
                                 0.056792 -0.343705  0.000000 -0.122216 -1.296802  0.000000 -0.000000  0.440284  0.000000  0.728455
                                -0.871941 -4.439461  0.040819  0.937635 -0.897824  1.616314 -1.349476 -0.146537  0.400465  0.795583
                                -0.871941 -4.439461  0.040819 -0.937635 -0.897824 -1.616314 -1.349476 -0.146537  0.400465 -0.795583

                                   1 2px     1 2px     1 2px     1 3d2-    1 3d1+    1 3d2-    1 3d1+    1 4f1+    1 4f3+    1 4f2- 
                                   2 2px     2 2px     2 3d2-    2 3d1+    3 2px     3 2px     3 3d2-    3 3d1+ 

   1.2  1.99961    -0.511053     0.355450  0.443529  0.372262 -0.000000 -0.005775 -0.000000 -0.018037  0.001595 -0.004086 -0.000000
                                 0.011712  0.031566 -0.004295  0.002988  0.011712  0.031566  0.004295  0.002988

   2.2  0.00000     0.782982    -0.252072 -0.745337  1.328152 -0.000000  0.012769  0.000000 -0.053938  0.004438 -0.009939 -0.000000
                                -0.004110 -0.134448  0.024617 -0.013656 -0.004110 -0.134448 -0.024617 -0.013656

   3.2  0.00000     0.873520    -0.000000 -0.000000  0.000000  0.030005  0.000000 -0.067743 -0.000000  0.000000 -0.000000  0.021395
                                -0.054910  0.888217 -0.023911  0.035503  0.054910 -0.888217 -0.023911 -0.035503

   4.2  0.00000     0.964882    -0.059795 -0.236927 -1.050487  0.000000 -0.024800 -0.000000  0.027302 -0.007592  0.020172  0.000000
                                -0.069399  1.048369 -0.049362  0.007728 -0.069399  1.048369  0.049362  0.007728

   5.2  0.00000     2.057879    -0.003747 -0.133233 -0.803124  0.000000 -0.015031 -0.000000  1.228618 -0.016440  0.015071  0.000000
                                -0.029738  0.760277 -0.004137  0.089179 -0.029738  0.760277  0.004137  0.089179

   6.2  0.00000     2.084047     0.000000 -0.000000 -0.000000 -0.015805 -0.000000  1.329708  0.000000 -0.000000  0.000000 -0.041361
                                 0.041611 -0.696206  0.089360 -0.018543 -0.041611  0.696206  0.089360  0.018543

   7.2  0.00000     3.354401    -0.057080  0.079883  0.208282  0.000000 -0.014461  0.000000 -0.455435 -0.073141 -0.076442 -0.000000
                                 0.195693 -0.269392  0.429724  0.493919  0.195693 -0.269392 -0.429724  0.493919

   8.2  0.00000     3.622316     0.000000 -0.000000 -0.000000  0.052810  0.000000  0.152414  0.000000  0.000000  0.000000 -0.135828
                                 0.533225 -0.385340 -0.277098 -0.463412 -0.533225  0.385340 -0.277098  0.463412

   9.2  0.00000     3.844711     0.747894 -0.764484  0.039279 -0.000000  0.049750  0.000000 -0.200918 -0.086507  0.073442  0.000000
                                -0.651506  0.439087  0.097204  0.150134 -0.651506  0.439087 -0.097204  0.150134

  10.2  0.00000     4.009241    -0.000000  0.000000 -0.000000  0.016700 -0.000000 -0.083218  0.000000 -0.000000  0.000000 -0.181901
                                 0.604374 -0.490211  0.572600  0.188264 -0.604374  0.490211  0.572600 -0.188264

  11.2  0.00000     4.039535     0.678506 -0.168086  0.762377  0.000000  0.006685 -0.000000 -0.445573  0.082289 -0.156848 -0.000000
                                 0.392999 -0.668883  0.493174 -0.450656  0.392999 -0.668883 -0.493174 -0.450656

  12.2  0.00000     4.406148    -0.000000  0.000000 -0.000000  0.129522 -0.000000 -1.233360 -0.000000 -0.000000  0.000000 -0.018766
                                 0.213062  0.533675 -0.619360  0.764997 -0.213062 -0.533675 -0.619360 -0.764997

  13.2  0.00000     4.729525    -0.681128  1.589834 -0.052797 -0.000000  0.108657  0.000000 -0.775061 -0.183419  0.197140  0.000000
                                -0.281471 -0.355085  0.640411 -0.376525 -0.281471 -0.355085 -0.640411 -0.376525

  14.2  0.00000     6.172208    -0.049529  0.153389 -0.018529  0.000000 -0.163143 -0.000000 -0.164997  0.956640  0.456498 -0.000000
                                -0.072040 -0.006704  0.296306  0.242690 -0.072040 -0.006704 -0.296306  0.242690

  15.2  0.00000     6.948390    -0.146248  0.513574  0.339671 -0.000000  1.080395  0.000000 -1.057828  0.365857 -0.437822 -0.000000
                                -0.212827 -0.382484  0.276410 -0.071247 -0.212827 -0.382484 -0.276410 -0.071247

  16.2  0.00000     6.974373    -0.000000  0.000000  0.000000  1.154479  0.000000 -0.940137 -0.000000  0.000000 -0.000000  0.390966
                                 0.134687  0.256856 -0.031781  0.085585 -0.134687 -0.256856 -0.031781 -0.085585

  17.2  0.00000     7.193792     0.358194 -1.284100 -0.136455 -0.000000  0.469965 -0.000000  0.580609 -0.350416  1.073815  0.000000
                                 0.593648  0.307901 -0.587765  0.485173  0.593648  0.307901  0.587765  0.485173

  18.2  0.00000     7.431994    -0.000000  0.000000  0.000000 -0.298474  0.000000 -0.991153 -0.000000  0.000000 -0.000000  1.330466
                                 0.653786  0.331516 -0.612518  0.485860 -0.653786 -0.331516 -0.612518 -0.485860
 

 Natural orbital dump at molpro section  2140.2    (Orbital set 2)


 CI vector
 =========

 22200 2      0.9910307
 22020 2     -0.0670880
 20202 2     -0.0647788
 2baba 2     -0.0504602
 2abab 2     -0.0504602

 TOTAL ENERGIES                       -76.10193701



 **********************************************************************************************************************************
 DATASETS  * FILE   NREC   LENGTH (MB)   RECORD NAMES
              1      20       11.79       500      610      700      900      950      970     1000      129      960     1100   
                                          VAR    BASINP    GEOM    SYMINP    ZMAT    AOBASIS   BASIS     P2S    ABASIS      S 
                                         1400     1410     1200     1210     1080     1600     1650     1300     1700     1380   
                                           T        V       H0       H01     AOSYM     SMH    MOLCAS    ERIS     OPER     JKOP   

              2       5        0.46       700     1000      520     2101     2140   
                                         GEOM     BASIS   MCVARS     RHF     MCSCF   

 PROGRAMS   *        TOTAL     MULTI        HF       INT
 CPU TIMES  *         1.97      1.40      0.36      0.13
 REAL TIME  *         0.91 SEC
 DISK USED  *        24.98 MB      
 **********************************************************************************************************************************

 Dump information in style MOLDEN to h2o.molden                                                                      

 Molecular orbitals read from record     2140.2  Type=MCSCF/NATURAL (state 1.1)
 Occupation numbers read from record     2140.2  Type=MCSCF/NATURAL (state 1.1)
 Orbital energies read from record       2140.2  Type=MCSCF/NATURAL (state 1.1)
 Redundancy group numbers read from rec  2140.2  Type=MCSCF/NATURAL (state 1.1)
 
 DUMP ORBITAL  1.1 AS ORBITAL    1  occ=    2.0000  eig=  -20.3401  GROUP=   2
 DUMP ORBITAL  1.2 AS ORBITAL    2  occ=    1.9996  eig=   -0.5111  GROUP=   3
 DUMP ORBITAL  2.1 AS ORBITAL    3  occ=    1.9993  eig=   -1.2916  GROUP=   3
 DUMP ORBITAL  3.1 AS ORBITAL    4  occ=    1.9831  eig=   -0.8685  GROUP=   3
 DUMP ORBITAL  4.1 AS ORBITAL    5  occ=    1.9821  eig=   -0.7391  GROUP=   3
 DUMP ORBITAL  5.1 AS ORBITAL    6  occ=    0.0183  eig=    0.8971  GROUP=   3
 DUMP ORBITAL  6.1 AS ORBITAL    7  occ=    0.0177  eig=    0.9207  GROUP=   3

 Total charge:      10.000000

 **********************************************************************************************************************************

        MULTI           HF-SCF  
    -76.10193701    -76.05346216
 **********************************************************************************************************************************
 Variable memory released
