
 Primary working directories    : /tmp/slurm.6857818
 Secondary working directories  : /tmp/slurm.6857818
 Wavefunction directory         : /home/houfek/wfu/
 Main file repository           : /tmp/slurm.6857818/

 SHA1      : 2c68d29c09da70e1723824271fadde4bcd5f07a0
 ARCHNAME  : Linux/x86_64
 FC        : /opt/intel/oneapi/compiler/2022.0.2/linux/bin/intel64/ifort
 FCVERSION : 2021.5.0
 BLASLIB   : -L/opt/intel/oneapi/mkl/2022.0.2/lib/intel64 -lmkl_intel_ilp64 -lmkl_sequential -lmkl_core
 id        : houfek

 Nodes                          nprocs
 utf-asus3.hpc.troja.mff.cuni.cz    1

 Using customized tuning parameters: mindgm=1; mindgv=20; mindgc=4; mindgr=1; noblas=0; minvec=7
 default implementation of scratch files=df  

 ***,H2O with cc-pVTZ basis
 Gprint,basis;                                                                   ! Print basis information
 Gprint,civector;                                                                ! Print CI vector in MCSCF
 Gprint,orbital;                                                                 ! Print orbitals in SCF and MCSCF
 
 SYMMETRY,X
 basis={
                                                                                 ! OXYGEN       (10s,5p,2d,1f) -&gt; [4s,3p,2d,1f]
                                                                                 ! OXYGEN       (10s,5p,2d,1f) -&gt; [4s,3p,2d,1f]
 s, O, 15330.0000000, 2299.0000000, 522.4000000, 147.3000000, 47.5500000, 16.7600000, 6.2070000, 0.6882000, 1.7520000, 0.2384000
 c, 1.8, 0.0005080, 0.0039290, 0.0202430, 0.0791810, 0.2306870, 0.4331180, 0.3502600, -0.0081540
 c, 1.8, -0.0001150, -0.0008950, -0.0046360, -0.0187240, -0.0584630, -0.1364630, -0.1757400, 0.6034180
 c, 9.9, 1
 c, 10.10, 1
 p, O, 34.4600000, 7.7490000, 2.2800000, 0.7156000, 0.2140000
 c, 1.3, 0.0159280, 0.0997400, 0.3104920
 c, 4.4, 1
 c, 5.5, 1
 d, O, 2.3140000, 0.6450000
 c, 1.1, 1
 c, 2.2, 1
 f, O, 1.4280000
 c, 1.1, 1
                                                                    !  cc-pVTZ  EMSL  Basis Set Exchange Library   5/27/13 12:11 PM
                                                                                 ! Elements                             References
                                                                        ! H     : T.H. Dunning, Jr. J. Chem. Phys. 90, 1007 (1989).
                                                         ! He    : D.E. Woon and T.H. Dunning, Jr. J. Chem. Phys. 100, 2975 (1994).
                                                                       ! Li - Ne: T.H. Dunning, Jr. J. Chem. Phys. 90, 1007 (1989).
                                                                      ! Na - Mg: D.E. Woon and T.H. Dunning, Jr.  (to be published)
                                                        ! Al - Ar: D.E. Woon and T.H. Dunning, Jr.  J. Chem. Phys. 98, 1358 (1993).
                                                         ! Ca     : J. Koput and K.A. Peterson, J. Phys. Chem. A, 106, 9595 (2002).
                                                     ! Sc - Zn: N.B. Balabanov and K.A. Peterson, J. Chem. Phys, 123, 064107 (2005)
                              ! Ga - Kr: A.K. Wilson, D.E. Woon, K.A. Peterson, T.H. Dunning, Jr., J. Chem. Phys., 110, 7667 (1999)
                                                                                 !
                                                                                 !
                                                                                 ! HYDROGEN       (5s,2p,1d) -&gt; [3s,2p,1d]
                                                                                 ! HYDROGEN       (5s,2p,1d) -&gt; [3s,2p,1d]
 s, H, 33.8700000, 5.0950000, 1.1590000, 0.3258000, 0.1027000
 c, 1.3, 0.0060680, 0.0453080, 0.2028220
 c, 4.4, 1
 c, 5.5, 1
 p, H, 1.4070000, 0.3880000
 c, 1.1, 1
 c, 2.2, 1
 d, H, 1.0570000
 c, 1.1, 1
 
 }
 geometry={
 O,,   0.000000000,   0.000000000,   0.130177736
 H,,   0.000000000,   1.502107148,  -1.033297281
 H,,   0.000000000,  -1.502107148,  -1.033297281
 }
 
 method = 'CASSCF'                                                               ! set to HF or CASSCF in scripts
 
 IF (method.eq.'HF') THEN
 
 {hf;
 wf,nelec=10;
 orbprint,1000;
 }
 
 ELSE
 
 {hf;
 wf,nelec=10;
 orbprint,-1;
 }
 
                                                   ! First CASSCF run only for target states for which orbitals should be optimised
 {multi;
 closed,1,0;
 occ,6,1;
 wf,nelec=10,sym=1,spin=0; state,1;
 natorb,print=1000;
 }
 
                                                           ! Second CASSCF run for all target states without orbital optimalisation
                                                                                 !{multi;
                                                                                 !closed,1,0;
                                                                                 !occ,6,1;
 !wf,nelec=10,sym=1,spin=0; state,2; wf,nelec=10,sym=1,spin=2; state,1; wf,nelec=10,sym=2,spin=0; state,1; wf,nelec=10,sym=2,spin=2; state,1;
                                                                                 !dont,orbital;
                                                                                 !dm;
                                                                                 !}
 
                                                                                 ! Saving density matrix for radden
                                                                                 !{matrop;
                                                                                 !load,dm,den,2140.2;
                                                                                 !write,dm;}!save,dm,2140.2,DENSITY;}
 
 ENDIF
 
 put,molden,H2O.molden;

 Variables initialized (766), CPU time= 0.01 sec
 Commands  initialized (545), CPU time= 0.00 sec, 513 directives.
 Default parameters read. Elapsed time= 0.11 sec

 Checking input...
 Passed
1


                                         ***  PROGRAM SYSTEM MOLPRO  ***
                         Copyright, University College Cardiff Consultants Limited, 2008

                                    Version 2012.1 linked 4 Jan 2023 19:06:47 


 **********************************************************************************************************************************
 LABEL *   H2O with cc-pVTZ basis                                                        
 Linux-4.18.0-372.26.1.el8_6.x86_64/utf-asus3.hpc.troja.mff.cuni.cz(x86_64) (4 PROC) 64 bDATE: 16-Apr-23          TIME: 14:48:26  
 **********************************************************************************************************************************

 SHA1:             2c68d29c09da70e1723824271fadde4bcd5f07a0
 **********************************************************************************************************************************




 Variable memory set to    8000000 words,  buffer space   230000 words

 SETTING BASIS          =    USERDEF
 ZSYMEL=X  
 
 SETTING METHOD         =    CASSCF


 Recomputing integrals since basis changed


 Using spherical harmonics


1PROGRAM * SEWARD (Integral evaluation for generally contracted gaussian basis sets)     Author: Roland Lindh, 1990

 Geometry written to block  1 of record 700


 Point group  Cs  



 ATOMIC COORDINATES

 NR  ATOM    CHARGE       X              Y              Z

   1  O       8.00    0.000000000    0.000000000    0.130177736
   2  H       1.00    0.000000000    1.502107148   -1.033297281
   3  H       1.00    0.000000000   -1.502107148   -1.033297281

 Bond lengths in Bohr (Angstrom)

 1-2  1.900000000  1-3  1.900000000
     ( 1.005436697)     ( 1.005436697)

 Bond angles

  2-1-3  104.47999999


 BASIS DATA

   Nr Sym  Nuc  Type         Exponents   Contraction coefficients

   1.1 A'    1  1s        15330.000000     0.000508   -0.000115
   2.1 A'                  2299.000000     0.003929   -0.000895
                            522.400000     0.020243   -0.004636
                            147.300000     0.079181   -0.018724
                             47.550000     0.230687   -0.058463
                             16.760000     0.433118   -0.136463
                              6.207000     0.350260   -0.175740
                              0.688200    -0.008154    0.603418
   3.1 A'    1  1s            1.752000     1.000000
   4.1 A'    1  1s            0.238400     1.000000
   5.1 A'    1  2py          34.460000     0.015928
                              7.749000     0.099740
                              2.280000     0.310492
   6.1 A'    1  2pz          34.460000     0.015928
                              7.749000     0.099740
                              2.280000     0.310492
   7.1 A'    1  2py           0.715600     1.000000
   8.1 A'    1  2pz           0.715600     1.000000
   9.1 A'    1  2py           0.214000     1.000000
  10.1 A'    1  2pz           0.214000     1.000000
  11.1 A'    1  3d0           2.314000     1.000000
  12.1 A'    1  3d2+          2.314000     1.000000
  13.1 A'    1  3d1-          2.314000     1.000000
  14.1 A'    1  3d0           0.645000     1.000000
  15.1 A'    1  3d2+          0.645000     1.000000
  16.1 A'    1  3d1-          0.645000     1.000000
  17.1 A'    1  4f1-          1.428000     1.000000
  18.1 A'    1  4f0           1.428000     1.000000
  19.1 A'    1  4f3-          1.428000     1.000000
  20.1 A'    1  4f2+          1.428000     1.000000
  21.1 A'    2  1s           33.870000     0.006068
                              5.095000     0.045308
                              1.159000     0.202822
  22.1 A'    2  1s            0.325800     1.000000
  23.1 A'    2  1s            0.102700     1.000000
  24.1 A'    2  2py           1.407000     1.000000
  25.1 A'    2  2pz           1.407000     1.000000
  26.1 A'    2  2py           0.388000     1.000000
  27.1 A'    2  2pz           0.388000     1.000000
  28.1 A'    2  3d0           1.057000     1.000000
  29.1 A'    2  3d2+          1.057000     1.000000
  30.1 A'    2  3d1-          1.057000     1.000000
  31.1 A'    3  1s           33.870000     0.006068
                              5.095000     0.045308
                              1.159000     0.202822
  32.1 A'    3  1s            0.325800     1.000000
  33.1 A'    3  1s            0.102700     1.000000
  34.1 A'    3  2py           1.407000     1.000000
  35.1 A'    3  2pz           1.407000     1.000000
  36.1 A'    3  2py           0.388000     1.000000
  37.1 A'    3  2pz           0.388000     1.000000
  38.1 A'    3  3d0           1.057000     1.000000
  39.1 A'    3  3d2+          1.057000     1.000000
  40.1 A'    3  3d1-          1.057000     1.000000
   1.2 A"    1  2px          34.460000     0.015928
                              7.749000     0.099740
                              2.280000     0.310492
   2.2 A"    1  2px           0.715600     1.000000
   3.2 A"    1  2px           0.214000     1.000000
   4.2 A"    1  3d2-          2.314000     1.000000
   5.2 A"    1  3d1+          2.314000     1.000000
   6.2 A"    1  3d2-          0.645000     1.000000
   7.2 A"    1  3d1+          0.645000     1.000000
   8.2 A"    1  4f1+          1.428000     1.000000
   9.2 A"    1  4f3+          1.428000     1.000000
  10.2 A"    1  4f2-          1.428000     1.000000
  11.2 A"    2  2px           1.407000     1.000000
  12.2 A"    2  2px           0.388000     1.000000
  13.2 A"    2  3d2-          1.057000     1.000000
  14.2 A"    2  3d1+          1.057000     1.000000
  15.2 A"    3  2px           1.407000     1.000000
  16.2 A"    3  2px           0.388000     1.000000
  17.2 A"    3  3d2-          1.057000     1.000000
  18.2 A"    3  3d1+          1.057000     1.000000

 NUCLEAR CHARGE:                   10
 NUMBER OF PRIMITIVE AOS:          81
 NUMBER OF SYMMETRY AOS:           74
 NUMBER OF CONTRACTIONS:           58   (  40A'  +  18A"  )
 NUMBER OF CORE ORBITALS:           1   (   1A'  +   0A"  )
 NUMBER OF VALENCE ORBITALS:        6   (   5A'  +   1A"  )


 NUCLEAR REPULSION ENERGY    8.75391837


 Eigenvalues of metric

         1 0.296E-02 0.620E-02 0.181E-01 0.540E-01 0.799E-01 0.933E-01 0.999E-01 0.107E+00
         2 0.107E+00 0.136E+00 0.161E+00 0.337E+00 0.379E+00 0.542E+00 0.568E+00 0.739E+00


 Contracted 2-electron integrals neglected if value below      1.0D-11
 AO integral compression algorithm  1   Integral accuracy      1.0D-11

     4.456 MB (compressed) written to integral file ( 58.2%)


 NUMBER OF SORTED TWO-ELECTRON INTEGRALS:     771976.     BUFFER LENGTH:  32768
 NUMBER OF SEGMENTS:   1  SEGMENT LENGTH:     771976      RECORD LENGTH: 524288

 Memory used in sort:       1.33 MW

 SORT1 READ      946216. AND WROTE      700083. INTEGRALS IN      3 RECORDS. CPU TIME:     0.01 SEC, REAL TIME:     0.01 SEC
 SORT2 READ      700083. AND WROTE      771976. INTEGRALS IN     17 RECORDS. CPU TIME:     0.02 SEC, REAL TIME:     0.03 SEC

 FILE SIZES:   FILE 1:    12.1 MBYTE,  FILE 4:    12.6 MBYTE,   TOTAL:     24.7 MBYTE

 OPERATOR DM      FOR CENTER  0  COORDINATES:    0.000000    0.000000    0.000000


 **********************************************************************************************************************************
 DATASETS  * FILE   NREC   LENGTH (MB)   RECORD NAMES
              1      19       11.04       500      610      700      900      950      970     1000      129      960     1100   
                                          VAR    BASINP    GEOM    SYMINP    ZMAT    AOBASIS   BASIS     P2S    ABASIS      S 
                                         1400     1410     1200     1210     1080     1600     1650     1300     1700   
                                           T        V       H0       H01     AOSYM     SMH    MOLCAS    ERIS     OPER   

 PROGRAMS   *        TOTAL       INT
 CPU TIMES  *         0.18      0.12
 REAL TIME  *         0.38 SEC
 DISK USED  *        24.98 MB      
 **********************************************************************************************************************************

1PROGRAM * RHF-SCF (CLOSED SHELL)       Authors: W. Meyer, H.-J. Werner


 NUMBER OF ELECTRONS:       5+    5-
 CONVERGENCE THRESHOLDS:    1.00E-05 (Density)    1.00E-07 (Energy)
 MAX. NUMBER OF ITERATIONS:       60
 INTERPOLATION TYPE:            DIIS
 INTERPOLATION STEPS:              2 (START)      1 (STEP)
 LEVEL SHIFTS:                  0.00 (CLOSED)  0.00 (OPEN) 




   Atom=O  basis=cc-pVTZ           lmin=0  lmax=1
   Atom=H  basis=cc-pVTZ           lmin=0  lmax=1

 Orbital guess generated from atomic densities. Full valence occupancy:    6   1

 Molecular orbital dump at record        2101.2

 Initial alpha occupancy:   4   1
 Initial beta  occupancy:   4   1
 Wave function symmetry:    1

 ITERATION    DDIFF          GRAD             ENERGY        2-EL.EN.            DIPOLE MOMENTS         DIIS   ORB.
    1      0.000D+00      0.000D+00       -76.01009606     77.159666    0.00000   -0.00000   -1.20507    0    start
    2      0.000D+00      0.172D-01       -76.03821674     73.564176    0.00000   -0.00000   -0.71293    1    diag
    3      0.834D-02      0.108D-01       -76.04953196     75.122403    0.00000   -0.00000   -0.82545    2    diag
    4      0.283D-02      0.101D-02       -76.04975510     75.040230    0.00000   -0.00000   -0.81699    3    diag
    5      0.525D-03      0.313D-03       -76.04978283     75.053090    0.00000   -0.00000   -0.81290    4    diag
    6      0.248D-03      0.610D-04       -76.04978436     75.051145    0.00000   -0.00000   -0.81183    5    diag
    7      0.597D-04      0.105D-04       -76.04978440     75.051290    0.00000    0.00000   -0.81163    6    diag
    8      0.106D-04      0.146D-05       -76.04978440     75.051251    0.00000    0.00000   -0.81160    7    diag
    9      0.149D-05      0.168D-06       -76.04978440     75.051246    0.00000   -0.00000   -0.81160    0    orth

 Final occupancy:   4   1

 !RHF STATE 1.1 Energy                -76.049784403488
 Nuclear energy                         8.75391837
 One-electron energy                 -122.32932569
 Two-electron energy                   37.52562292
 Virial quotient                       -1.00288860
 !RHF STATE 1.1 Dipole moment           0.00000000    -0.00000000    -0.81160352
 Dipole moment /Debye                   0.00000000    -0.00000000    -2.06275527

 Orbital energies:

         1.1          2.1          3.1          4.1          5.1          6.1
    -20.563059    -1.322236    -0.684213    -0.568638     0.136811     0.199229

         1.2          2.2          3.2
     -0.500894     0.785481     0.851087

 HOMO      1.2    -0.500894 =     -13.6300eV
 LUMO      5.1     0.136811 =       3.7228eV
 LUMO-HOMO         0.637705 =      17.3528eV


 **********************************************************************************************************************************
 DATASETS  * FILE   NREC   LENGTH (MB)   RECORD NAMES
              1      19       11.04       500      610      700      900      950      970     1000      129      960     1100   
                                          VAR    BASINP    GEOM    SYMINP    ZMAT    AOBASIS   BASIS     P2S    ABASIS      S 
                                         1400     1410     1200     1210     1080     1600     1650     1300     1700   
                                           T        V       H0       H01     AOSYM     SMH    MOLCAS    ERIS     OPER   

              2       4        0.34       700     1000      520     2101   
                                         GEOM     BASIS   MCVARS     RHF  

 PROGRAMS   *        TOTAL        HF       INT
 CPU TIMES  *         0.42      0.23      0.12
 REAL TIME  *         0.49 SEC
 DISK USED  *        24.98 MB      
 **********************************************************************************************************************************

1PROGRAM * MULTI (Direct Multiconfiguration SCF)       Authors: P.J. Knowles, H.-J. Werner (1984)     S.T. Elbert (1988)


 Number of closed-shell orbitals:   1 (   1   0 )
 Number of active  orbitals:        6 (   5   1 )
 Number of external orbitals:      51 (  34  17 )

 State symmetry 1

 Number of electrons:     8    Spin symmetry=Singlet   Space symmetry=1
 Number of states:        1
 Number of CSFs:         65   (125 determinants, 225 intermediate states)

 Molecular orbitals read from record     2101.2  Type=RHF/CANONICAL (state 1.1)

 Wavefunction dump at record             2140.2

 Convergence thresholds  0.10E-01 (gradient)  0.10E-05 (energy)  0.10E-02 (step length)

 Number of orbital rotations:      226   (     5 Core/Active     34 Core/Virtual   0 Active/Active    187 Active/Virtual)
 Total number of variables:        351


 ITER. MIC  NCI  NEG     ENERGY(VAR)     ENERGY(PROJ)   ENERGY CHANGE     GRAD(0)  GRAD(ORB)   GRAD(CI)     STEP       TIME

   1   40   22    0     -76.05389231     -76.10841467   -0.05452236    0.01638827 0.00057905 0.00033505  0.11D+01      0.22
   2   33   21    0     -76.10676881     -76.10742748   -0.00065867    0.02838465 0.00000305 0.00000849  0.10D+00      0.43
   3   33   13    0     -76.10742798     -76.10742798   -0.00000000    0.00006589 0.00000017 0.00000026  0.21D-03      0.66

 ** WVFN ****  CONVERGENCE REACHED, FINAL GRADIENT:  0.91D-07


 First order charge density matrix for state 1.1 saved on record  2140.2 (density set 1)

 Results for state 1.1
 =====================

 !MCSCF STATE 1.1 Energy              -76.107427982846
 Nuclear energy                         8.75391837
 Kinetic energy                        75.98552945
 One electron energy                 -122.27902251
 Two electron energy                   37.41767616
 Virial ratio                           2.00160423

 !MCSCF STATE 1.1 Dipole moment         0.00000000    -0.00000000    -0.74185895
 Dipole moment /Debye                   0.00000000    -0.00000000    -1.88549387


 NATURAL ORBITALS
 ================

   Orb     Occ        Energy       Coefficients

                                   1 1s      1 1s      1 1s      1 1s      1 2py     1 2pz     1 2py     1 2pz     1 2py     1 2pz  
                                   1 3d0     1 3d2+    1 3d1-    1 3d0     1 3d2+    1 3d1-    1 4f1-    1 4f0     1 4f3-    1 4f2+ 
                                   2 1s      2 1s      2 1s      2 2py     2 2pz     2 2py     2 2pz     2 3d0     2 3d2+    2 3d1- 
                                   3 1s      3 1s      3 1s      3 2py     3 2pz     3 2py     3 2pz     3 3d0     3 3d2+    3 3d1- 


   1.1  2.00000   -20.459740     0.973673 -0.037970  0.033480 -0.026886 -0.000000 -0.010773 -0.000000 -0.008686 -0.000000 -0.009058
                                 0.000154  0.000076  0.000000  0.000345  0.000814  0.000000  0.000000 -0.000119  0.000000 -0.000197
                                -0.001266  0.002478  0.000665 -0.000052 -0.000213 -0.000767 -0.000314 -0.000106 -0.000105  0.000068
                                -0.001266  0.002478  0.000665  0.000052 -0.000213  0.000767 -0.000314 -0.000106 -0.000105 -0.000068

   2.1  1.99896    -1.206239     0.063393  0.524198  0.144388  0.397194  0.000000  0.131689  0.000000  0.153168  0.000000  0.135555
                                -0.002096 -0.001241 -0.000000 -0.007325 -0.002987 -0.000000 -0.000000  0.001066 -0.000000  0.000570
                                 0.022145 -0.020207 -0.013769 -0.003481  0.005889  0.003345  0.010269  0.001028  0.000707 -0.001142
                                 0.022145 -0.020207 -0.013769  0.003481  0.005889 -0.003345  0.010269  0.001028  0.000707  0.001142

   3.1  1.97518    -0.776477     0.003426 -0.126707 -0.029068  0.076231  0.000000  0.285241  0.000000  0.350229  0.000000  0.234627
                                -0.005140  0.004827 -0.000000 -0.016037  0.009937 -0.000000  0.000000 -0.000059 -0.000000 -0.004667
                                -0.119176 -0.165911 -0.035825  0.011360 -0.002708  0.021411  0.009834  0.001605  0.002818  0.000894
                                -0.119176 -0.165911 -0.035825 -0.011360 -0.002708 -0.021411  0.009834  0.001605  0.002818 -0.000894

   4.1  1.97383    -0.679358    -0.000000 -0.000000 -0.000000 -0.000000  0.282282 -0.000000  0.342228 -0.000000  0.159724 -0.000000
                                 0.000000 -0.000000 -0.013081  0.000000 -0.000000 -0.024308  0.000772 -0.000000 -0.003772  0.000000
                                 0.138163  0.219881  0.070461 -0.007140  0.010214 -0.015646  0.019167  0.001813 -0.002307 -0.004298
                                -0.138163 -0.219881 -0.070461 -0.007140 -0.010214 -0.015646 -0.019167 -0.001813  0.002307 -0.004298

   5.1  0.02664     0.700419    -0.000000 -0.000000 -0.000000 -0.000000 -0.497457  0.000000 -0.528293  0.000000 -0.020430 -0.000000
                                -0.000000 -0.000000  0.021412 -0.000000 -0.000000  0.022756 -0.009589 -0.000000  0.014576 -0.000000
                                 0.239575  0.498197  0.108119 -0.004624  0.000823 -0.050485  0.034786 -0.000062 -0.000019  0.001345
                                -0.239575 -0.498197 -0.108119 -0.004624 -0.000823 -0.050485 -0.034786  0.000062  0.000019  0.001345

   6.1  0.02595     0.702859    -0.048622 -0.398843 -0.167622 -0.334006  0.000000  0.458520  0.000000  0.449226 -0.000000 -0.065053
                                -0.020926  0.011757 -0.000000  0.001463  0.019792 -0.000000  0.000000 -0.002521 -0.000000 -0.017001
                                 0.224863  0.489184  0.061696 -0.010137 -0.006026 -0.093958 -0.018712 -0.007991 -0.006155  0.007923
                                 0.224863  0.489184  0.061696  0.010137 -0.006026  0.093958 -0.018712 -0.007991 -0.006155 -0.007923

   7.1  0.00000     0.303503    -0.056798 -0.070885 -0.019809  1.924080  0.000000  0.083450  0.000000  0.034300  0.000000 -0.708346
                                -0.002743  0.002008 -0.000000  0.021811 -0.111398 -0.000000 -0.000000  0.006200 -0.000000  0.012902
                                 0.044881 -0.021830 -1.157341 -0.002958  0.005080  0.317612 -0.262225 -0.001846  0.016786  0.033035
                                 0.044881 -0.021830 -1.157341  0.002958  0.005080 -0.317612 -0.262225 -0.001846  0.016786 -0.033035

   8.1  0.00000     0.328528    -0.000000 -0.000000 -0.000000  0.000000  0.023819  0.000000  0.042189 -0.000000 -0.625790 -0.000000
                                 0.000000  0.000000  0.005068  0.000000 -0.000000  0.069054  0.000300  0.000000 -0.000285  0.000000
                                -0.056026 -0.454144  1.974061  0.020941 -0.013594 -0.198941  0.183016  0.002301 -0.009357 -0.009101
                                 0.056026  0.454144 -1.974061  0.020941  0.013594 -0.198941 -0.183016 -0.002301  0.009357 -0.009101

   9.1  0.00000     0.633348    -0.010998 -0.136356  0.019013 -3.041629  0.000000 -0.111787 -0.000000 -0.053297 -0.000000  2.011243
                                 0.002601 -0.030764 -0.000000 -0.038293  0.205297  0.000000 -0.000000 -0.015577  0.000000 -0.033216
                                 0.023298  2.160194 -0.049177 -0.033010  0.007906 -0.380725  0.514019  0.007433 -0.040321 -0.051853
                                 0.023298  2.160194 -0.049177  0.033010  0.007906  0.380725  0.514019  0.007433 -0.040321  0.051853

  10.1  0.00000     0.688030     0.000000  0.000000  0.000000 -0.000000 -0.134588 -0.000000  0.035387  0.000000  2.889306  0.000000
                                -0.000000 -0.000000  0.042109  0.000000  0.000000 -0.396991  0.025993 -0.000000 -0.025564 -0.000000
                                -0.010386 -1.856999 -0.887803  0.046487 -0.036693  0.595571 -0.419041 -0.000510  0.046662  0.079744
                                 0.010386  1.856999  0.887803  0.046487  0.036693  0.595571  0.419041  0.000510 -0.046662  0.079744

  11.1  0.00000     0.777210     0.027880  0.118760 -0.001811  2.011500  0.000000  0.042625  0.000000 -0.061155 -0.000000 -1.982710
                                -0.037950 -0.001517 -0.000000  0.128297 -0.057508  0.000000 -0.000000 -0.008735  0.000000  0.012541
                                 0.031787 -1.431130  0.029054 -0.027219 -0.038125  0.909082  0.362165  0.034982  0.045588  0.002744
                                 0.031787 -1.431130  0.029054  0.027219 -0.038125 -0.909082  0.362165  0.034982  0.045588 -0.002744

  12.1  0.00000     1.166968    -0.341759 -1.009250 -0.305523  6.619422 -0.000000 -0.038722  0.000000 -0.931277  0.000000 -1.675297
                                -0.000322  0.017762  0.000000 -0.037451 -0.265339 -0.000000 -0.000000  0.039876 -0.000000  0.077830
                                 0.047373 -2.645806 -0.603856  0.059246 -0.059780  1.141287 -0.724657 -0.036509  0.107351  0.152149
                                 0.047373 -2.645806 -0.603856 -0.059246 -0.059780 -1.141287 -0.724656 -0.036509  0.107351 -0.152149

  13.1  0.00000     1.168537    -0.000000 -0.000000 -0.000000  0.000001 -0.008243 -0.000000 -0.178064 -0.000000 -1.763275 -0.000000
                                -0.000000  0.000000 -0.006750 -0.000000 -0.000000  0.114910  0.001283  0.000000  0.012563  0.000000
                                -0.009149  0.997557  0.177057 -0.061780 -0.059505  0.417790  1.119070  0.006460 -0.016113 -0.021071
                                 0.009149 -0.997558 -0.177057 -0.061780  0.059505  0.417790 -1.119071 -0.006460  0.016113 -0.021071

  14.1  0.00000     1.364587     0.276331  0.738815  0.166618  2.549797 -0.000000 -0.087535 -0.000000 -0.510754 -0.000000 -0.568597
                                 0.003712  0.011385 -0.000000  0.016378  0.002585  0.000000 -0.000000 -0.010493  0.000000 -0.024759
                                -0.089358 -0.977949 -0.398545 -0.089224  0.085089  1.165524 -1.025161 -0.004729  0.005135 -0.000760
                                -0.089358 -0.977949 -0.398545  0.089224  0.085089 -1.165524 -1.025161 -0.004729  0.005135  0.000760

  15.1  0.00000     1.383566     0.000000  0.000000  0.000000  0.000000  0.080203 -0.000000  0.950798 -0.000000  1.162722 -0.000000
                                 0.000000  0.000000  0.007612  0.000000  0.000000 -0.119892  0.003199 -0.000000 -0.003682 -0.000000
                                -0.112338 -1.160897 -0.984536 -0.068371  0.041784  1.545794 -1.052762  0.005323  0.052608  0.087087
                                 0.112338  1.160897  0.984536 -0.068371 -0.041784  1.545794  1.052762 -0.005323 -0.052608  0.087087

  16.1  0.00000     2.115137     0.000000 -0.000000 -0.000000  0.000000 -0.018546 -0.000000 -1.513797 -0.000000 -2.687234 -0.000000
                                 0.000000  0.000000 -0.007796 -0.000000 -0.000000  1.766525 -0.103931  0.000000  0.081755  0.000000
                                -0.450149  3.963456  0.246385 -0.108439  0.131758 -1.590272  1.168989  0.006072 -0.137360 -0.247706
                                 0.450149 -3.963456 -0.246385 -0.108439 -0.131758 -1.590272 -1.168989 -0.006072  0.137360 -0.247706

  17.1  0.00000     2.148814    -0.109450 -0.248566 -0.013566 -1.735531 -0.000000  0.037551 -0.000000  0.296061 -0.000000  0.114437
                                -0.006886 -0.004258 -0.000000  1.013045  0.826489  0.000000 -0.000000 -0.034037  0.000000 -0.051393
                                -0.211800  1.213102  0.006515 -0.096206 -0.060037 -0.105542  0.862694  0.016951 -0.028843 -0.049677
                                -0.211800  1.213102  0.006515  0.096206 -0.060037  0.105542  0.862694  0.016951 -0.028843  0.049677

  18.1  0.00000     2.234031    -0.012804  0.008159  0.127418 -6.450372 -0.000000  0.105649 -0.000000  0.752090 -0.000000  2.631420
                                 0.001080 -0.009478 -0.000000 -0.775940  1.313487  0.000000 -0.000000 -0.028423  0.000000 -0.082724
                                -0.174954  3.793671  0.178509 -0.053895  0.042537 -1.465235  0.766553 -0.012647 -0.068010 -0.152718
                                -0.174954  3.793671  0.178509  0.053895  0.042537  1.465235  0.766553 -0.012647 -0.068010  0.152718

  19.1  0.00000     2.538321     0.217160  0.465022  0.021929  1.460533  0.000000  0.134817 -0.000000 -0.520939 -0.000000 -0.661118
                                -0.002821 -0.012891 -0.000000  0.256391  0.204333  0.000000 -0.000000  0.055611  0.000000  0.114545
                                 0.980269 -2.061862  0.337792  0.059039 -0.068759  0.476805 -0.159543 -0.046465  0.132584 -0.059461
                                 0.980269 -2.061862  0.337792 -0.059039 -0.068759 -0.476805 -0.159543 -0.046465  0.132584  0.059461

  20.1  0.00000     2.880046    -0.000000 -0.000000 -0.000000  0.000000 -0.237011  0.000000  0.530104 -0.000000 -0.437633  0.000000
                                -0.000000 -0.000000  0.012577  0.000000  0.000000  0.647880  0.072039  0.000000 -0.090265  0.000000
                                 0.888866 -0.871849  0.557340  0.114625 -0.054168  0.013769 -0.052843  0.117569 -0.126092  0.090190
                                -0.888866  0.871849 -0.557340  0.114625  0.054168  0.013769  0.052843 -0.117569  0.126092  0.090190

  21.1  0.00000     3.467572     0.011286  0.013120  0.017309 -0.863363  0.000000 -0.043386  0.000000  0.023710  0.000000  0.294404
                                -0.028288 -0.033617  0.000000  0.368038 -0.066351 -0.000000 -0.000000  0.059726  0.000000 -0.065311
                                -0.288703  0.748548 -0.052171 -0.098423  0.044236 -0.107301  0.154167 -0.144249  0.602842 -0.299915
                                -0.288703  0.748548 -0.052171  0.098423  0.044236  0.107301  0.154167 -0.144249  0.602842  0.299915

  22.1  0.00000     3.594744     0.000000  0.000000  0.000000  0.000000 -0.043342 -0.000000  0.180713 -0.000000  0.134317 -0.000000
                                 0.000000 -0.000000 -0.055995 -0.000000 -0.000000 -0.336787  0.014112 -0.000000 -0.064223 -0.000000
                                -0.294893 -0.011476 -0.204456 -0.234634  0.051987  0.326754 -0.134127  0.476324 -0.190539  0.434495
                                 0.294893  0.011476  0.204456 -0.234634 -0.051987  0.326754  0.134127 -0.476324  0.190539  0.434495

  23.1  0.00000     3.817735    -0.000000 -0.000000  0.000000  0.000000 -0.126922  0.000000  0.166628 -0.000000  0.732246 -0.000000
                                -0.000000 -0.000000  0.016409 -0.000000 -0.000000 -0.406875 -0.157858 -0.000000 -0.053857 -0.000000
                                -0.022221 -0.635373 -0.029496  0.499602  0.566616 -0.150511 -0.576102  0.231238  0.117738 -0.100644
                                 0.022221  0.635373  0.029496  0.499602 -0.566616 -0.150511  0.576102 -0.231238 -0.117738 -0.100644

  24.1  0.00000     3.877231     0.082429  0.191111  0.060447  0.059542  0.000000  0.000738 -0.000000  0.095400  0.000000  0.340936
                                 0.015869  0.000625  0.000000 -0.280608 -0.172160 -0.000000 -0.000000  0.158788 -0.000000  0.049296
                                -0.025606  0.016946 -0.053301  0.376192  0.627826 -0.227950 -0.596687 -0.447349 -0.077743  0.169996
                                -0.025606  0.016946 -0.053301 -0.376192  0.627826  0.227950 -0.596687 -0.447349 -0.077743 -0.169996

  25.1  0.00000     4.031106     0.000000  0.000000 -0.000000 -0.000000  0.629105 -0.000000 -1.441401  0.000000 -0.475711  0.000000
                                -0.000000  0.000000  0.149893  0.000000  0.000000 -0.209011 -0.045097  0.000000  0.030940 -0.000000
                                -0.189513  1.191236  0.314911  0.434326 -0.486639 -0.969931  0.917822  0.306642 -0.240273 -0.260495
                                 0.189513 -1.191236 -0.314911  0.434326  0.486639 -0.969931 -0.917822 -0.306642  0.240273 -0.260495

  26.1  0.00000     4.096637     0.222208  0.458269  0.102006  3.144978  0.000000  0.744939 -0.000000 -1.374716 -0.000000 -0.524380
                                 0.030247 -0.106994  0.000000 -0.219651 -0.266441  0.000000 -0.000000 -0.037771  0.000000  0.063437
                                 0.041106 -1.642064 -0.262674 -0.583691  0.209834  1.152830 -0.858561 -0.115293  0.063060  0.347816
                                 0.041106 -1.642064 -0.262674  0.583691  0.209834 -1.152830 -0.858561 -0.115293  0.063060 -0.347816

  27.1  0.00000     4.305156     0.243614  0.383377  0.000127 -0.734759 -0.000000 -0.455127  0.000000  0.290098  0.000000 -0.112531
                                -0.061588 -0.064055 -0.000000  0.647728  0.826497  0.000000  0.000000  0.088950 -0.000000  0.178870
                                 0.134303  0.341017 -0.026745 -0.191473  0.423749  0.243542  0.121332  0.587706  0.272907  0.220264
                                 0.134303  0.341017 -0.026745  0.191473  0.423749 -0.243542  0.121332  0.587706  0.272907 -0.220264

  28.1  0.00000     4.458834     0.000000  0.000000 -0.000000  0.000000  0.439815  0.000000 -0.059573 -0.000000  0.480315  0.000000
                                 0.000000  0.000000  0.025457 -0.000000 -0.000000  0.039128  0.000587 -0.000000 -0.129686 -0.000000
                                -0.047115 -0.045908  0.003893  0.396812  0.301645 -0.502577 -0.497430 -0.451303 -0.283944  0.492378
                                 0.047115  0.045908 -0.003893  0.396812 -0.301645 -0.502577  0.497430  0.451303  0.283944  0.492378

  29.1  0.00000     4.767044     0.000000  0.000000  0.000000  0.000000  0.197943  0.000000  1.688191 -0.000000  1.225171 -0.000000
                                 0.000000  0.000000  0.197978 -0.000000 -0.000000 -1.015557  0.177607 -0.000000 -0.222260  0.000000
                                 0.174312 -2.641091 -0.255396  0.144429 -0.261643  1.565929 -0.817409  0.109196  0.894084  0.654093
                                -0.174312  2.641091  0.255396  0.144429  0.261643  1.565929  0.817409 -0.109196 -0.894084  0.654093

  30.1  0.00000     4.987095     0.225310  0.925443  0.571855  3.160649  0.000000 -0.288694  0.000000 -0.739502  0.000000 -0.838673
                                 0.036593  0.141553  0.000000 -0.430065 -0.922556 -0.000000 -0.000000 -0.100110  0.000000  0.374362
                                 0.075121 -2.154293 -0.106648  0.137930 -0.428010  0.871342 -0.826613 -0.403128  0.355362  0.806447
                                 0.075121 -2.154293 -0.106648 -0.137930 -0.428010 -0.871342 -0.826613 -0.403128  0.355362 -0.806447

  31.1  0.00000     5.222038     0.098537 -0.293405 -0.513293 -3.794221 -0.000000 -0.720677 -0.000000  2.231399 -0.000000  0.996695
                                 0.035801 -0.091280 -0.000000 -0.664029  0.394593  0.000000  0.000000 -0.337852 -0.000000  0.137176
                                 0.053405  2.299450  0.114908 -0.544338  0.166894 -0.970035  0.457607 -0.408890 -0.375333 -0.371420
                                 0.053405  2.299450  0.114908  0.544338  0.166894  0.970035  0.457607 -0.408890 -0.375333  0.371420

  32.1  0.00000     5.501529    -0.000000 -0.000000 -0.000000 -0.000000 -0.724301 -0.000000  2.589091  0.000000  1.004072  0.000000
                                -0.000000 -0.000000  0.228641 -0.000000  0.000000 -1.260093 -0.186844 -0.000000  0.527972  0.000000
                                -0.156094 -2.262360 -0.043105  0.437287 -0.329201  0.914899 -0.821379 -0.054896  0.073972  0.520920
                                 0.156094  2.262360  0.043105  0.437287  0.329201  0.914899  0.821379  0.054896 -0.073972  0.520920

  33.1  0.00000     6.387764     0.340554  0.479984 -0.193111 -0.047094 -0.000000 -0.411354  0.000000  0.777367  0.000000  0.028195
                                -0.318271  0.093400 -0.000000 -0.580911 -0.202822  0.000000 -0.000000  0.657309  0.000000 -0.600656
                                 0.286264 -0.196138  0.001875 -0.467758 -0.079614  0.123949 -0.314739 -0.365504 -0.287437  0.279037
                                 0.286264 -0.196138  0.001875  0.467758 -0.079614 -0.123949 -0.314739 -0.365504 -0.287437 -0.279037

  34.1  0.00000     6.879064     0.693574  0.899229 -0.580623 -0.320340  0.000000 -0.069942 -0.000000  0.045560 -0.000000  0.049394
                                 0.446454  0.567234 -0.000000 -0.071263  0.070361  0.000000  0.000000 -0.529929  0.000000 -0.675222
                                 0.379519 -0.215486  0.049327 -0.229076  0.388205  0.213771 -0.246484  0.143328  0.146088 -0.042266
                                 0.379519 -0.215486  0.049327  0.229076  0.388205 -0.213771 -0.246484  0.143328  0.146088  0.042266

  35.1  0.00000     6.910016    -0.000000 -0.000000  0.000000  0.000000  0.577279  0.000000 -1.580916 -0.000000 -0.628700 -0.000000
                                -0.000000 -0.000000 -0.258775  0.000000 -0.000000  0.765535  0.572146  0.000000  0.916832  0.000000
                                 0.407677  0.856464  0.008662 -0.224756  0.475149 -0.088130  0.373599  0.470907  0.156833 -0.149227
                                -0.407677 -0.856464 -0.008662 -0.224756 -0.475149 -0.088130 -0.373599 -0.470907 -0.156833 -0.149227

  36.1  0.00000     7.153584    -0.193337 -0.202980  0.297784 -1.303185  0.000000 -0.210184 -0.000000  0.574002 -0.000000  0.763588
                                 1.065289 -0.383534  0.000000 -1.166341  0.115903 -0.000000  0.000000  0.436660 -0.000000 -0.043775
                                -0.003328  0.856196  0.005734 -0.132214 -0.163357 -0.437605 -0.073487 -0.196389 -0.188455  0.153563
                                -0.003328  0.856196  0.005734  0.132214 -0.163357  0.437605 -0.073487 -0.196389 -0.188455 -0.153563

  37.1  0.00000     7.421750    -0.256333 -0.487547 -0.067538  1.363529 -0.000000  0.137590  0.000000 -0.036231  0.000000 -0.350197
                                 0.208660  0.992231 -0.000000 -0.497514 -1.143572 -0.000000 -0.000000  0.513424 -0.000000  0.556962
                                -0.398963 -0.419728 -0.085860  0.003344 -0.289286 -0.059329 -0.161489 -0.218318 -0.235809 -0.122045
                                -0.398963 -0.419728 -0.085860 -0.003344 -0.289286  0.059329 -0.161489 -0.218318 -0.235809  0.122045

  38.1  0.00000     7.678731     0.000000 -0.000000 -0.000000 -0.000000 -0.517696  0.000000  1.355928  0.000000  0.816736 -0.000000
                                -0.000000  0.000000  0.636190  0.000000 -0.000000 -1.754009  1.104411 -0.000000 -0.233722 -0.000000
                                -0.764622 -1.079069 -0.046328  0.684034 -0.209051  0.307107 -0.185234  0.302043  0.116629 -0.012592
                                 0.764622  1.079069  0.046328  0.684034  0.209051  0.307107  0.185234 -0.302043 -0.116629 -0.012592

  39.1  0.00000     8.071238    -0.000000 -0.000000 -0.000000  0.000000  0.448486  0.000000 -2.474201  0.000000 -0.492164 -0.000000
                                 0.000000  0.000000  1.050749  0.000000 -0.000000  0.714871 -0.475168 -0.000000  0.305075 -0.000000
                                 0.278804  1.870751 -0.083618 -0.731114  0.531561 -0.839145  0.572497 -0.006106 -0.477890 -0.575801
                                -0.278804 -1.870751  0.083618 -0.731114 -0.531561 -0.839145 -0.572497  0.006106  0.477890 -0.575801

  40.1  0.00000    12.112746     3.441716  5.237062 -2.676875  2.713428 -0.000000  0.381865 -0.000000 -2.343615 -0.000000 -0.910087
                                 0.062346 -0.200428  0.000000 -0.080845 -1.085514  0.000000 -0.000000  0.375486  0.000000  0.649159
                                -0.332621 -2.972219  0.126732  0.708612 -0.643843  1.203689 -1.012761 -0.141325  0.402557  0.770902
                                -0.332621 -2.972219  0.126732 -0.708612 -0.643843 -1.203689 -1.012761 -0.141325  0.402557 -0.770902

                                   1 2px     1 2px     1 2px     1 3d2-    1 3d1+    1 3d2-    1 3d1+    1 4f1+    1 4f3+    1 4f2- 
                                   2 2px     2 2px     2 3d2-    2 3d1+    3 2px     3 2px     3 3d2-    3 3d1+ 

   1.2  1.99944    -0.503445     0.357746  0.446621  0.378434 -0.000000 -0.004926 -0.000000 -0.017392  0.001616 -0.004010 -0.000000
                                 0.008828  0.029358 -0.003927  0.002773  0.008828  0.029358  0.003927  0.002773

   2.2  0.00000     0.783585    -0.259005 -0.773235  1.065304 -0.000000  0.006099  0.000000 -0.027722  0.001863 -0.004036 -0.000000
                                -0.018732  0.105140  0.017053 -0.014423 -0.018732  0.105140 -0.017053 -0.014423

   3.2  0.00000     0.851940    -0.000000 -0.000000  0.000000  0.024886  0.000000 -0.007651 -0.000000  0.000000 -0.000000  0.013816
                                -0.062145  0.821722 -0.006907  0.019755  0.062145 -0.821722 -0.006907 -0.019755

   4.2  0.00000     0.950908     0.001924  0.061129 -1.183052  0.000000 -0.022590  0.000000 -0.016987 -0.004475  0.016809  0.000000
                                -0.072916  0.967147 -0.034619  0.001565 -0.072916  0.967147  0.034619  0.001565

   5.2  0.00000     2.013424     0.013406 -0.005742 -0.644192  0.000000 -0.013892 -0.000000  1.133121 -0.012269 -0.003680 -0.000000
                                -0.044396  0.618105  0.038215  0.060880 -0.044396  0.618105 -0.038215  0.060880

   6.2  0.00000     2.043108     0.000000  0.000000 -0.000000 -0.013379 -0.000000  1.185940  0.000000 -0.000000  0.000000 -0.010661
                                 0.061805 -0.560365  0.038557  0.030488 -0.061805  0.560365  0.038557 -0.030488

   7.2  0.00000     3.356299    -0.119017  0.059311  0.084151  0.000000 -0.024563  0.000000 -0.269389 -0.095891 -0.087755 -0.000000
                                 0.205575 -0.178114  0.330471  0.550957  0.205575 -0.178114 -0.330471  0.550957

   8.2  0.00000     3.548652    -0.000000  0.000000  0.000000 -0.045457 -0.000000 -0.051710 -0.000000 -0.000000 -0.000000  0.102824
                                -0.391983  0.223838  0.452681  0.415996  0.391983 -0.223838  0.452681 -0.415996

   9.2  0.00000     3.761143     0.783581 -0.670644  0.285959 -0.000000  0.033891  0.000000 -0.369207 -0.083493  0.048357  0.000000
                                -0.514356  0.186611  0.334826  0.009938 -0.514356  0.186611 -0.334826  0.009938

  10.2  0.00000     3.934197    -0.000000 -0.000000 -0.000000  0.017229 -0.000000 -0.161994  0.000000 -0.000000  0.000000 -0.179945
                                 0.761329 -0.475740  0.324643  0.215630 -0.761329  0.475740  0.324643 -0.215630

  11.2  0.00000     4.018242     0.432533 -0.172812  0.693843  0.000000  0.003826 -0.000000 -0.367651  0.060788 -0.110393 -0.000000
                                 0.656668 -0.724044  0.405780 -0.368221  0.656668 -0.724044 -0.405780 -0.368221

  12.2  0.00000     4.239152    -0.000000  0.000000 -0.000000  0.086050 -0.000000 -0.950076 -0.000000 -0.000000  0.000000 -0.078464
                                -0.064464  0.479842 -0.567089  0.679183  0.064464 -0.479842 -0.567089 -0.679183

  13.2  0.00000     4.638130    -0.819888  1.387017 -0.178191 -0.000000  0.063393  0.000000 -0.552295 -0.170281  0.234555  0.000000
                                -0.144616 -0.226700  0.542155 -0.297605 -0.144616 -0.226700 -0.542155 -0.297605

  14.2  0.00000     5.957596    -0.050205  0.109706 -0.014372  0.000000 -0.139967  0.000000 -0.086971  0.947867  0.370315 -0.000000
                                -0.050197 -0.001514  0.237057  0.189720 -0.050197 -0.001514 -0.237057  0.189720

  15.2  0.00000     6.744377     0.293993 -0.724793 -0.058091 -0.000000  0.576199 -0.000000  0.171666 -0.239144  0.919125  0.000000
                                 0.321212  0.146132 -0.390421  0.375539  0.321212  0.146132  0.390421  0.375539

  16.2  0.00000     6.824617     0.000000 -0.000000 -0.000000  0.957275  0.000000 -0.152193  0.000000 -0.000000  0.000000 -0.638547
                                -0.224968  0.005195  0.309139 -0.187067  0.224968 -0.005195  0.309139  0.187067

  17.2  0.00000     7.003742    -0.178553  0.475365  0.299811 -0.000000  1.032770  0.000000 -1.006366  0.328807 -0.551291 -0.000000
                                -0.183071 -0.347894  0.339516 -0.153782 -0.183071 -0.347894 -0.339516 -0.153782

  18.2  0.00000     7.167920    -0.000000  0.000000  0.000000  0.715599  0.000000 -1.147619 -0.000000  0.000000 -0.000000  1.053071
                                 0.349894  0.325300 -0.406815  0.365782 -0.349894 -0.325300 -0.406815 -0.365782
 

 Natural orbital dump at molpro section  2140.2    (Orbital set 2)


 CI vector
 =========

 22200 2      0.9868741
 22020 2     -0.0800872
 20202 2     -0.0776396
 2baba 2     -0.0606876
 2abab 2     -0.0606876

 TOTAL ENERGIES                       -76.10742798



 **********************************************************************************************************************************
 DATASETS  * FILE   NREC   LENGTH (MB)   RECORD NAMES
              1      20       11.69       500      610      700      900      950      970     1000      129      960     1100   
                                          VAR    BASINP    GEOM    SYMINP    ZMAT    AOBASIS   BASIS     P2S    ABASIS      S 
                                         1400     1410     1200     1210     1080     1600     1650     1300     1700     1380   
                                           T        V       H0       H01     AOSYM     SMH    MOLCAS    ERIS     OPER     JKOP   

              2       5        0.46       700     1000      520     2101     2140   
                                         GEOM     BASIS   MCVARS     RHF     MCSCF   

 PROGRAMS   *        TOTAL     MULTI        HF       INT
 CPU TIMES  *         1.36      0.93      0.23      0.12
 REAL TIME  *         0.84 SEC
 DISK USED  *        24.98 MB      
 **********************************************************************************************************************************

 Dump information in style MOLDEN to h2o.molden                                                                      

 Molecular orbitals read from record     2140.2  Type=MCSCF/NATURAL (state 1.1)
 Occupation numbers read from record     2140.2  Type=MCSCF/NATURAL (state 1.1)
 Orbital energies read from record       2140.2  Type=MCSCF/NATURAL (state 1.1)
 Redundancy group numbers read from rec  2140.2  Type=MCSCF/NATURAL (state 1.1)
 
 DUMP ORBITAL  1.1 AS ORBITAL    1  occ=    2.0000  eig=  -20.4597  GROUP=   2
 DUMP ORBITAL  1.2 AS ORBITAL    2  occ=    1.9994  eig=   -0.5034  GROUP=   3
 DUMP ORBITAL  2.1 AS ORBITAL    3  occ=    1.9990  eig=   -1.2062  GROUP=   3
 DUMP ORBITAL  3.1 AS ORBITAL    4  occ=    1.9752  eig=   -0.7765  GROUP=   3
 DUMP ORBITAL  4.1 AS ORBITAL    5  occ=    1.9738  eig=   -0.6794  GROUP=   3
 DUMP ORBITAL  5.1 AS ORBITAL    6  occ=    0.0266  eig=    0.7004  GROUP=   3
 DUMP ORBITAL  6.1 AS ORBITAL    7  occ=    0.0260  eig=    0.7029  GROUP=   3

 Total charge:      10.000000

 **********************************************************************************************************************************

        MULTI           HF-SCF  
    -76.10742798    -76.04978440
 **********************************************************************************************************************************
 Variable memory released
