+-------------------------------------------------------------------------+
|              _              |                                           |
| || || ||//  | \          |  | University College London (C) 1994 - 2020 |
| || || ||    | / |/\/\ /\ |  | Open University           (C) 2007 - 2020 |
| \\_// ||\\  | \ | | | \/ |  |                                           |
|                             |                                           |
+-------------------------------------------------------------------------+
| Last revision: 3.2                                                      |
| Last author:   Jimena Gorfinkiel                                        |
| Last date:     Tue Dec 21 17:59:46 2021 +0000                           |
+-------------------------------------------------------------------------+


 PROGRAM SCATCI (19 Oct 2009) : 

                         DATE = 20230416

                         TIME = 145119.527


 CONGEN: e + H2O - doublet Ap                                                                                                    
 SCATCI: e + H2O - doublet Ap                                                                                                    
 MGVN =         0     S    =  0.5
 NELT =        11     SZ   =  0.5
 IDIAG=         2     R    =  0.0
 THRES=   0.1D-09     NSYM =    2
 MEGUL=720, NOCSF=      1065
 NPFLG         0   0   0   0   0   0
 NOB(i)=                    97
 setting NOBE(i)=                    97
 NOB(i)=                    58
 setting NOBE(i)=                    58
 NOB  =        97  58
 NOB0 =        11   1
 NOBC =        11   1
 NDTRF=         1   2   3   4   5   6   7   8   9  10  11
 NSRB=  310    LNDOF=     26823    LCDOF=      3705
 nfte =  820        nfti =    16       lembf=  5000       iodr =   1
 MOLECULE SYMMETRY CASE,  SYMTYP = 2

 Prototype CSF option requested

 CI target option requested,
 Vectors to be read from unit NFTG = 26
 Phases for target vectors read in from CONGEN

 Number of target symmetries in expansion,   NTGSYM =    4
 Number of continuum orbitals for each state, NOTGT =   86   86   57   57
 Number of CI components for each state,      NCTGT =        65        55        40        50
 Number of target states of each symmetry,   NUMTGT =    2    1    1    1
 Continuum M projection  for each state,      MCONT =    0    0    1    1

 Diagonalisation of Hamiltonian matrix requested
 SCATCI will expand NOCSF =   1065 prototype CSFs
               into MXCSF =  16095 actual configurations
               and  MOCSF =   1017 dimension final Hamiltonian

 Number of last continuum CSF, NCONT =    420
     ENERGY EXPRESSIONS COMPUTED FOR MOLECULE SYMMETRY CASE - SYMTYP=  2
 All IIII blocks of integrals
                     1                     0                     0
                     0                     0
                     2                     1                     1
                     1                     1
 All IJIJ blocks
                     3                     1                     0
                     1                     0
 The IIJJ blocks of integrals
                     4                     1                     1
                     0                     0
 NOBE =        97        58
 MBAS =         0         6
 NBASH=         1      4754      6465
   Read wavefunctions from CONGEN and load integrals
                   I         N         G         M         S      MPOS      MCON
                   1         1         0         0         0         0         1
                   2         1         0         0         1         0         1
                   3         2         0         0         0         0         1
                   4         2         0         0         1         0         1
                   5         3         0         0         0         0         1
                   6         3         0         0         1         0         1
                   7         4         0         0         0         0         1
                   8         4         0         0         1         0         1
                   9         5         0         0         0         0         1
                  10         5         0         0         1         0         1
                  11         6         0         0         0         0         1
                  12         6         0         0         1         0         1
                  13         7         0         0         0         0         1
                  14         7         0         0         1         0         1
                  15         8         0         0         0         0         1
                  16         8         0         0         1         0         1
                  17         9         0         0         0         0         1
                  18         9         0         0         1         0         1
                  19        10         0         0         0         0         1
                  20        10         0         0         1         0         1
                  21        11         0         0         0         0         1
                  22        11         0         0         1         0         1
                  23        12         0         0         0         0         0
                  24        12         0         0         1         0         0
                  25        13         0         0         0         0         0
                  26        13         0         0         1         0         0
                  27        14         0         0         0         0         0
                  28        14         0         0         1         0         0
                  29        15         0         0         0         0         0
                  30        15         0         0         1         0         0
                  31        16         0         0         0         0         0
                  32        16         0         0         1         0         0
                  33        17         0         0         0         0         0
                  34        17         0         0         1         0         0
                  35        18         0         0         0         0         0
                  36        18         0         0         1         0         0
                  37        19         0         0         0         0         0
                  38        19         0         0         1         0         0
                  39        20         0         0         0         0         0
                  40        20         0         0         1         0         0
                  41        21         0         0         0         0         0
                  42        21         0         0         1         0         0
                  43        22         0         0         0         0         0
                  44        22         0         0         1         0         0
                  45        23         0         0         0         0         0
                  46        23         0         0         1         0         0
                  47        24         0         0         0         0         0
                  48        24         0         0         1         0         0
                  49        25         0         0         0         0         0
                  50        25         0         0         1         0         0
                  51        26         0         0         0         0         0
                  52        26         0         0         1         0         0
                  53        27         0         0         0         0         0
                  54        27         0         0         1         0         0
                  55        28         0         0         0         0         0
                  56        28         0         0         1         0         0
                  57        29         0         0         0         0         0
                  58        29         0         0         1         0         0
                  59        30         0         0         0         0         0
                  60        30         0         0         1         0         0
                  61        31         0         0         0         0         0
                  62        31         0         0         1         0         0
                  63        32         0         0         0         0         0
                  64        32         0         0         1         0         0
                  65        33         0         0         0         0         0
                  66        33         0         0         1         0         0
                  67        34         0         0         0         0         0
                  68        34         0         0         1         0         0
                  69        35         0         0         0         0         0
                  70        35         0         0         1         0         0
                  71        36         0         0         0         0         0
                  72        36         0         0         1         0         0
                  73        37         0         0         0         0         0
                  74        37         0         0         1         0         0
                  75        38         0         0         0         0         0
                  76        38         0         0         1         0         0
                  77        39         0         0         0         0         0
                  78        39         0         0         1         0         0
                  79        40         0         0         0         0         0
                  80        40         0         0         1         0         0
                  81        41         0         0         0         0         0
                  82        41         0         0         1         0         0
                  83        42         0         0         0         0         0
                  84        42         0         0         1         0         0
                  85        43         0         0         0         0         0
                  86        43         0         0         1         0         0
                  87        44         0         0         0         0         0
                  88        44         0         0         1         0         0
                  89        45         0         0         0         0         0
                  90        45         0         0         1         0         0
                  91        46         0         0         0         0         0
                  92        46         0         0         1         0         0
                  93        47         0         0         0         0         0
                  94        47         0         0         1         0         0
                  95        48         0         0         0         0         0
                  96        48         0         0         1         0         0
                  97        49         0         0         0         0         0
                  98        49         0         0         1         0         0
                  99        50         0         0         0         0         0
                 100        50         0         0         1         0         0
                 101        51         0         0         0         0         0
                 102        51         0         0         1         0         0
                 103        52         0         0         0         0         0
                 104        52         0         0         1         0         0
                 105        53         0         0         0         0         0
                 106        53         0         0         1         0         0
                 107        54         0         0         0         0         0
                 108        54         0         0         1         0         0
                 109        55         0         0         0         0         0
                 110        55         0         0         1         0         0
                 111        56         0         0         0         0         0
                 112        56         0         0         1         0         0
                 113        57         0         0         0         0         0
                 114        57         0         0         1         0         0
                 115        58         0         0         0         0         0
                 116        58         0         0         1         0         0
                 117        59         0         0         0         0         0
                 118        59         0         0         1         0         0
                 119        60         0         0         0         0         0
                 120        60         0         0         1         0         0
                 121        61         0         0         0         0         0
                 122        61         0         0         1         0         0
                 123        62         0         0         0         0         0
                 124        62         0         0         1         0         0
                 125        63         0         0         0         0         0
                 126        63         0         0         1         0         0
                 127        64         0         0         0         0         0
                 128        64         0         0         1         0         0
                 129        65         0         0         0         0         0
                 130        65         0         0         1         0         0
                 131        66         0         0         0         0         0
                 132        66         0         0         1         0         0
                 133        67         0         0         0         0         0
                 134        67         0         0         1         0         0
                 135        68         0         0         0         0         0
                 136        68         0         0         1         0         0
                 137        69         0         0         0         0         0
                 138        69         0         0         1         0         0
                 139        70         0         0         0         0         0
                 140        70         0         0         1         0         0
                 141        71         0         0         0         0         0
                 142        71         0         0         1         0         0
                 143        72         0         0         0         0         0
                 144        72         0         0         1         0         0
                 145        73         0         0         0         0         0
                 146        73         0         0         1         0         0
                 147        74         0         0         0         0         0
                 148        74         0         0         1         0         0
                 149        75         0         0         0         0         0
                 150        75         0         0         1         0         0
                 151        76         0         0         0         0         0
                 152        76         0         0         1         0         0
                 153        77         0         0         0         0         0
                 154        77         0         0         1         0         0
                 155        78         0         0         0         0         0
                 156        78         0         0         1         0         0
                 157        79         0         0         0         0         0
                 158        79         0         0         1         0         0
                 159        80         0         0         0         0         0
                 160        80         0         0         1         0         0
                 161        81         0         0         0         0         0
                 162        81         0         0         1         0         0
                 163        82         0         0         0         0         0
                 164        82         0         0         1         0         0
                 165        83         0         0         0         0         0
                 166        83         0         0         1         0         0
                 167        84         0         0         0         0         0
                 168        84         0         0         1         0         0
                 169        85         0         0         0         0         0
                 170        85         0         0         1         0         0
                 171        86         0         0         0         0         0
                 172        86         0         0         1         0         0
                 173        87         0         0         0         0         0
                 174        87         0         0         1         0         0
                 175        88         0         0         0         0         0
                 176        88         0         0         1         0         0
                 177        89         0         0         0         0         0
                 178        89         0         0         1         0         0
                 179        90         0         0         0         0         0
                 180        90         0         0         1         0         0
                 181        91         0         0         0         0         0
                 182        91         0         0         1         0         0
                 183        92         0         0         0         0         0
                 184        92         0         0         1         0         0
                 185        93         0         0         0         0         0
                 186        93         0         0         1         0         0
                 187        94         0         0         0         0         0
                 188        94         0         0         1         0         0
                 189        95         0         0         0         0         0
                 190        95         0         0         1         0         0
                 191        96         0         0         0         0         0
                 192        96         0         0         1         0         0
                 193        97         0         0         0         0         0
                 194        97         0         0         1         0         0
                 195        98         0         1         0         0         1
                 196        98         0         1         1         0         1
                 197        99         0         1         0         0         0
                 198        99         0         1         1         0         0
                 199       100         0         1         0         0         0
                 200       100         0         1         1         0         0
                 201       101         0         1         0         0         0
                 202       101         0         1         1         0         0
                 203       102         0         1         0         0         0
                 204       102         0         1         1         0         0
                 205       103         0         1         0         0         0
                 206       103         0         1         1         0         0
                 207       104         0         1         0         0         0
                 208       104         0         1         1         0         0
                 209       105         0         1         0         0         0
                 210       105         0         1         1         0         0
                 211       106         0         1         0         0         0
                 212       106         0         1         1         0         0
                 213       107         0         1         0         0         0
                 214       107         0         1         1         0         0
                 215       108         0         1         0         0         0
                 216       108         0         1         1         0         0
                 217       109         0         1         0         0         0
                 218       109         0         1         1         0         0
                 219       110         0         1         0         0         0
                 220       110         0         1         1         0         0
                 221       111         0         1         0         0         0
                 222       111         0         1         1         0         0
                 223       112         0         1         0         0         0
                 224       112         0         1         1         0         0
                 225       113         0         1         0         0         0
                 226       113         0         1         1         0         0
                 227       114         0         1         0         0         0
                 228       114         0         1         1         0         0
                 229       115         0         1         0         0         0
                 230       115         0         1         1         0         0
                 231       116         0         1         0         0         0
                 232       116         0         1         1         0         0
                 233       117         0         1         0         0         0
                 234       117         0         1         1         0         0
                 235       118         0         1         0         0         0
                 236       118         0         1         1         0         0
                 237       119         0         1         0         0         0
                 238       119         0         1         1         0         0
                 239       120         0         1         0         0         0
                 240       120         0         1         1         0         0
                 241       121         0         1         0         0         0
                 242       121         0         1         1         0         0
                 243       122         0         1         0         0         0
                 244       122         0         1         1         0         0
                 245       123         0         1         0         0         0
                 246       123         0         1         1         0         0
                 247       124         0         1         0         0         0
                 248       124         0         1         1         0         0
                 249       125         0         1         0         0         0
                 250       125         0         1         1         0         0
                 251       126         0         1         0         0         0
                 252       126         0         1         1         0         0
                 253       127         0         1         0         0         0
                 254       127         0         1         1         0         0
                 255       128         0         1         0         0         0
                 256       128         0         1         1         0         0
                 257       129         0         1         0         0         0
                 258       129         0         1         1         0         0
                 259       130         0         1         0         0         0
                 260       130         0         1         1         0         0
                 261       131         0         1         0         0         0
                 262       131         0         1         1         0         0
                 263       132         0         1         0         0         0
                 264       132         0         1         1         0         0
                 265       133         0         1         0         0         0
                 266       133         0         1         1         0         0
                 267       134         0         1         0         0         0
                 268       134         0         1         1         0         0
                 269       135         0         1         0         0         0
                 270       135         0         1         1         0         0
                 271       136         0         1         0         0         0
                 272       136         0         1         1         0         0
                 273       137         0         1         0         0         0
                 274       137         0         1         1         0         0
                 275       138         0         1         0         0         0
                 276       138         0         1         1         0         0
                 277       139         0         1         0         0         0
                 278       139         0         1         1         0         0
                 279       140         0         1         0         0         0
                 280       140         0         1         1         0         0
                 281       141         0         1         0         0         0
                 282       141         0         1         1         0         0
                 283       142         0         1         0         0         0
                 284       142         0         1         1         0         0
                 285       143         0         1         0         0         0
                 286       143         0         1         1         0         0
                 287       144         0         1         0         0         0
                 288       144         0         1         1         0         0
                 289       145         0         1         0         0         0
                 290       145         0         1         1         0         0
                 291       146         0         1         0         0         0
                 292       146         0         1         1         0         0
                 293       147         0         1         0         0         0
                 294       147         0         1         1         0         0
                 295       148         0         1         0         0         0
                 296       148         0         1         1         0         0
                 297       149         0         1         0         0         0
                 298       149         0         1         1         0         0
                 299       150         0         1         0         0         0
                 300       150         0         1         1         0         0
                 301       151         0         1         0         0         0
                 302       151         0         1         1         0         0
                 303       152         0         1         0         0         0
                 304       152         0         1         1         0         0
                 305       153         0         1         0         0         0
                 306       153         0         1         1         0         0
                 307       154         0         1         0         0         0
                 308       154         0         1         1         0         0
                 309       155         0         1         0         0         0
                 310       155         0         1         1         0         0
 GIVEN NSRBD=                   310
 CALCULATED NSRB=                   310

          Assuming UKRMol+ integrals on input.
MPI startup(): PMI server not found. Please set I_MPI_PMI_LIBRARY variable if it is not a singleton case.

 On input SCATCI expects:
 1-electron integrals, NINT1e =0
 2-electron integrals, NINT2e =0

One electron integrals read-in.

Two electron integrals read-in.

 UKRMol+ integrals read successfully:
 1-electron integrals, NINT1e =12090
 2-electron integrals, NINT2e =1237987

          Nuclear repulsion energy =       8.3162224

          Finished reading UKRMol+ integrals.
   Load CI target and construct matrix elements

 TRANSFORMATION VECTOR   1 FROM SET  1 STATE  1
 SET   1    H2O CI calculation - singlet Ap                                                                                         
          NOCSF=   65    NSTAT=    2    NNUC =    4

 Nuclear data     X         Y         Z       Charge
   O  1        0.000000  0.000000  0.137029  8.000000
   H  2        0.000000  1.581165 -1.087681  1.000000
   H  3        0.000000 -1.581165 -1.087681  1.000000
   sc 4        0.000000  0.000000  0.000000  0.000000
          EIGEN-ENERGIES OF THE REQ. STATES
                      -76.0969731990      -75.3679222327

 TRANSFORMATION VECTOR   2 FROM SET  1 STATE  2

 TRANSFORMATION VECTOR   3 FROM SET  2 STATE  1
 SET   2    H2O CI calculation - triplet Ap                                                                                         
          NOCSF=   55    NSTAT=    1    NNUC =    4

 Nuclear data     X         Y         Z       Charge
   O  1        0.000000  0.000000  0.137029  8.000000
   H  2        0.000000  1.581165 -1.087681  1.000000
   H  3        0.000000 -1.581165 -1.087681  1.000000
   sc 4        0.000000  0.000000  0.000000  0.000000
          EIGEN-ENERGIES OF THE REQ. STATES
                      -75.5125584059

 TRANSFORMATION VECTOR   4 FROM SET  3 STATE  1
 SET   3    H2O CI calculation - singlet App                                                                                        
          NOCSF=   40    NSTAT=    1    NNUC =    4

 Nuclear data     X         Y         Z       Charge
   O  1        0.000000  0.000000  0.137029  8.000000
   H  2        0.000000  1.581165 -1.087681  1.000000
   H  3        0.000000 -1.581165 -1.087681  1.000000
   sc 4        0.000000  0.000000  0.000000  0.000000
          EIGEN-ENERGIES OF THE REQ. STATES
                      -75.5259921979

 TRANSFORMATION VECTOR   5 FROM SET  4 STATE  1
 SET   4    H2O CI calculation - triplet App                                                                                        
          NOCSF=   50    NSTAT=    1    NNUC =    4

 Nuclear data     X         Y         Z       Charge
   O  1        0.000000  0.000000  0.137029  8.000000
   H  2        0.000000  1.581165 -1.087681  1.000000
   H  3        0.000000 -1.581165 -1.087681  1.000000
   sc 4        0.000000  0.000000  0.000000  0.000000
          EIGEN-ENERGIES OF THE REQ. STATES
                      -75.5666161635
     MXCORB SET TO:       100000000


 TOTAL H Matrix     ELEMENTS      =    517653
 NON-ZERO ELEMENTS evaluated      =    356532
 Total    prototype ELEMENTS      =    567645
 Non-zero prototype ELEMENTS      =     60215

 Number (prototype) integrals     =    257660
 Compressed (prototype) integrals =    232849
 Number integrals evaluated       =   4368031
 ===================================================
  inside subroutine --> 'dgmain' --> begins. 
 

  ************************************************************************************************************************

 MATRIX DIAGONALIZATION SECTION
 (RUN)     H2O CI calculation - doublet Ap                                                                                         
  DATA SET FILE NUMBERS AND LENGTH SPECIFICATIONS :
      NFTE =820      NFTW =     25

 NPFLG :      0     0
 NCISET:      1

 NPCVC =    1
 THRHM = 0.10D-14


 (EMX)     e + H2O - doublet Ap                                                                                                    

  1017 Eigenvectors to be computed for
  1017 dimensional final Hamiltonian matrix

    356532 Hamiltonian elements read from unit NFTE =820
 CI data stored as set number  1

 SET   1    H2O CI calculation - doublet Ap                                                                                         

 MGVN = 0    s =   0.5    sz =   0.5    NELT =   11    NNUC =  4

 Nuclear data     X         Y         Z       Charge
   O  1        0.000000  0.000000  0.137029  8.000000
   H  2        0.000000  1.581165 -1.087681  1.000000
   H  3        0.000000 -1.581165 -1.087681  1.000000
   sc 4        0.000000  0.000000  0.000000  0.000000

 NOCSF= 1017    NSTAT= 1017    EN   =        8.3162224495

 NTGSYM=   4
  I   MCONT  NOTGT
  1      0     86
  2      0     86
  3      1     57
  4      1     57

 EIGEN-ENERGIES
                      -76.0874293027      -76.0617867049      -76.0560029039      -76.0246715103      -76.0242700660
                      -76.0208609452      -75.9778610329      -75.9747304672      -75.9735685782      -75.9732495356
                      -75.9718302428      -75.9142365727      -75.9141470546      -75.9131962628      -75.9125992988
                      -75.9115134079      -75.9102119346      -75.8872249156      -75.8463191513      -75.8421950460
                      -75.8212740995      -75.7478763702      -75.7225620225      -75.7188869339      -75.7186820925
                      -75.7126115030      -75.6844477531      -75.6081053295      -75.6028837661      -75.6024371071
                      -75.6004259242      -75.5984159051      -75.5955554905      -75.5864106383      -75.5786255638
                      -75.5357588715      -75.5258769564      -75.5072311195      -75.4926496956      -75.4911463442
                      -75.4868203731      -75.4786669806      -75.4740146025      -75.4517539092      -75.4511869748
                      -75.4437416581      -75.4429687970      -75.4422436642      -75.4409410389      -75.4405137053
                      -75.4370720496      -75.4220604904      -75.4123081078      -75.4026769317      -75.4023927783
                      -75.4021582715      -75.3900372393      -75.3898999297      -75.3895571430      -75.3879170815
                      -75.3878537216      -75.3852911269      -75.3836176252      -75.3830963877      -75.3826357695
                      -75.3821824779      -75.3821787219      -75.3702795428      -75.3620570633      -75.3505399777
                      -75.3425208320      -75.3423263788      -75.3421512221      -75.3420354727      -75.3384192630
                      -75.3368832630      -75.3299916012      -75.3298680530      -75.3296620812      -75.3295752121
                      -75.3287583828      -75.3285216612      -75.3279011318      -75.3240144951      -75.3115050737
                      -75.3084943191      -75.2953799651      -75.2945667504      -75.2942934280      -75.2918483332
                      -75.2900709297      -75.2860282585      -75.2660905513      -75.2568557006      -75.2533299955
                      -75.2488671788      -75.2453063451      -75.2452284113      -75.2437305238      -75.2436751775
                      -75.2395236527      -75.2376044378      -75.2231440864      -75.2193112502      -75.2162742785
                      -75.2148587957      -75.2051419391      -75.2037138926      -75.1963838374      -75.1961625489
                      -75.1902269886      -75.1888755325      -75.1867249799      -75.1861613658      -75.1850489851
                      -75.1850317608      -75.1841507565      -75.1840210213      -75.1839032974      -75.1838829372
                      -75.1835182139      -75.1777517342      -75.1631725826      -75.1573466374      -75.1477342427
                      -75.1471850109      -75.1453515367      -75.1432669647      -75.1375121145      -75.1364221970
                      -75.1315851956      -75.1310963946      -75.1289676062      -75.1283157795      -75.1150943962
                      -75.0980745920      -75.0949817417      -75.0822454699      -75.0715105934      -75.0702268485
                      -75.0688109756      -75.0674960936      -75.0621539811      -75.0591846932      -75.0537892180
                      -75.0351026996      -75.0305422997      -75.0300116596      -75.0298170067      -75.0287024100
                      -75.0282857328      -75.0280700306      -75.0193004026      -75.0179510761      -75.0178024741
                      -75.0153019453      -75.0146337435      -75.0128944390      -75.0119511859      -75.0020818903
                      -74.9967599179      -74.9924611997      -74.9901505942      -74.9896426080      -74.9862284730
                      -74.9858802268      -74.9855936177      -74.9810131772      -74.9705937808      -74.9702501565
                      -74.9602694529      -74.9531944815      -74.9418510412      -74.9369132242      -74.9266029641
                      -74.9190794126      -74.9166394678      -74.8950664887      -74.8874944896      -74.8743928175
                      -74.8737412229      -74.8716293165      -74.8703181474      -74.8698050941      -74.8684563523
                      -74.8567543842      -74.8546052619      -74.8538705514      -74.8522240765      -74.8439438235
                      -74.8429015917      -74.8402844031      -74.8361430302      -74.8337541199      -74.8233384977
                      -74.8230627187      -74.8054059317      -74.8032818367      -74.8014469887      -74.7974068589
                      -74.7946905271      -74.7935480914      -74.7819435388      -74.7792881302      -74.7595120751
                      -74.7553413954      -74.7508115390      -74.7347311420      -74.7323011884      -74.7269472934
                      -74.7151772502      -74.7047156955      -74.7015963429      -74.6969198071      -74.6952110199
                      -74.6890132766      -74.6859175746      -74.6840343049      -74.6819598020      -74.6808649901
                      -74.6789129194      -74.6733802453      -74.6707049356      -74.6703877306      -74.6691493738
                      -74.6674169604      -74.6659441174      -74.6639674182      -74.6632804680      -74.6551711572
                      -74.6486928142      -74.6483388670      -74.6472181521      -74.6413375339      -74.6374228447
                      -74.6371026630      -74.6346601843      -74.6321746686      -74.6298825921      -74.6291818698
                      -74.6280166501      -74.6276924027      -74.6266540402      -74.6251120496      -74.6197285914
                      -74.6172056067      -74.6172040507      -74.6116628539      -74.6113075381      -74.6091915222
                      -74.6081120523      -74.6040943430      -74.5962979530      -74.5939831353      -74.5915033485
                      -74.5870819101      -74.5852687052      -74.5841624837      -74.5729578838      -74.5672106665
                      -74.5613664209      -74.5599447542      -74.5566766064      -74.5529053616      -74.5462729701
                      -74.5396481600      -74.5240018820      -74.5181047998      -74.5142010057      -74.5048854826
                      -74.5010586118      -74.4993473441      -74.4930621595      -74.4839398770      -74.4798275236
                      -74.4757366032      -74.4747357346      -74.4745729825      -74.4679269242      -74.4665955095
                      -74.4652706366      -74.4636290802      -74.4616096229      -74.4485530507      -74.4418394207
                      -74.4381480924      -74.4337967449      -74.4312149739      -74.4270169317      -74.4183706550
                      -74.4145230728      -74.4128188207      -74.4077441614      -74.3973434814      -74.3921874848
                      -74.3828669384      -74.3819564997      -74.3782134455      -74.3739718560      -74.3730550689
                      -74.3707162332      -74.3663895641      -74.3574845002      -74.3527724297      -74.3454334408
                      -74.3442304357      -74.3406500537      -74.3404534865      -74.3338012880      -74.3328476474
                      -74.3264080069      -74.3262831232      -74.3201543028      -74.3119710433      -74.3074265942
                      -74.3063673278      -74.3056490747      -74.3013410866      -74.2874536603      -74.2825721138
                      -74.2746202583      -74.2728536833      -74.2717890939      -74.2657144578      -74.2624281184
                      -74.2600268821      -74.2600043097      -74.2571168733      -74.2546780774      -74.2458816612
                      -74.2415941281      -74.2329977817      -74.2295130262      -74.2237956167      -74.2196633752
                      -74.2158149322      -74.2150001190      -74.2095552887      -74.1995889767      -74.1957262907
                      -74.1952130803      -74.1935509770      -74.1931256149      -74.1898445428      -74.1796768536
                      -74.1744699344      -74.1741194276      -74.1685084196      -74.1644521327      -74.1630494762
                      -74.1608714261      -74.1569377341      -74.1510021843      -74.1462991576      -74.1433095401
                      -74.1427804038      -74.1380309314      -74.1354877848      -74.1344555830      -74.1320573904
                      -74.1315618596      -74.1293073733      -74.1266420318      -74.1260229673      -74.1251843094
                      -74.1234837503      -74.1215784128      -74.1203606495      -74.1167342831      -74.1154633747
                      -74.1149906517      -74.1118698054      -74.1046950008      -74.1024798750      -74.0993882446
                      -74.0977164873      -74.0975922547      -74.0965662138      -74.0947417607      -74.0942342177
                      -74.0927797740      -74.0897853505      -74.0854363007      -74.0813785706      -74.0803989804
                      -74.0783259798      -74.0773758972      -74.0735804913      -74.0690001351      -74.0682447194
                      -74.0612539585      -74.0595935692      -74.0540616161      -74.0522236474      -74.0437482380
                      -74.0432150805      -74.0223256818      -74.0158591149      -74.0107447174      -74.0101454771
