+-------------------------------------------------------------------------+
|              _              |                                           |
| || || ||//  | \          |  | University College London (C) 1994 - 2020 |
| || || ||    | / |/\/\ /\ |  | Open University           (C) 2007 - 2020 |
| \\_// ||\\  | \ | | | \/ |  |                                           |
|                             |                                           |
+-------------------------------------------------------------------------+
| Last revision: unknown                                                  |
| Last author:   unknown                                                  |
| Last date:     unknown                                                  |
+-------------------------------------------------------------------------+
MPI startup(): PMI server not found. Please set I_MPI_PMI_LIBRARY variable if it is not a singleton case.


 Program SWINTERF  ( last modified 12-Jan-2004 )

e + H2O - doublet App                                       20230416  145152.495


 Symmetry data   MGVN = 1 STOT = 2

 Input datasets:             Unit  Set number
 Target data          LUTARG  24       1       FORMATTED
 Boundary amplitudes  LUAMP   16       1     UNFORMATTED
 CI data              LUCI    25       1     UNFORMATTED
 Buttle corrections   LUBUT    0       1     UNFORMATTED

 Output datasets:            Unit  Set number
 Channel data         LUCHAN  10       1     UNFORMATTED
 R-Matrix data        LURMT   21       1     UNFORMATTED

 We are using UKRmol+ input

 Assuming full CI vectors have been saved on LUCI 

 Target rotational constants (a.u.)   0.102158D-03   0.544303D-04   0.355103D-04

 Nuclear centres 
    Atom  Charge      X         Y         Z         Mass
  1   O      8     0.000000  0.000000  0.137029   15.994900
  2   H      1     0.000000  1.581165 -1.087681    1.007800
  3   H      1     0.000000 -1.581165 -1.087681    1.007800

 Reduced mass     890.471806 au

 Transition moments
    1    0    1    0    1   -1  -0.00000
    1    0    1    0    1    0   0.74101
    1    0    1    0    2   -1   0.00000
    1    0    1    0    2    0   0.10942
    1    0    1    0    2    2   2.18070
    5    0    1    0    1   -1  -0.47522
    5    0    1    0    1    0   0.00000
    5    0    1    0    2   -1   0.71065
    5    0    1    0    2    0  -0.00000
    5    0    1    0    2    2  -0.00000
    5    0    5    0    1   -1   0.00000
    5    0    5    0    1    0   0.22126
    5    0    5    0    2   -1  -0.00000
    5    0    5    0    2    0  -0.77190
    5    0    5    0    2    2   1.11249
    4    0    4    0    1   -1  -0.00000
    4    0    4    0    1    0   0.17072
    4    0    4    0    2   -1   0.00000
    4    0    4    0    2    0  -0.04319
    4    0    4    0    2    2   1.52258
    3    1    1    0    1    1  -0.00000
    3    1    1    0    2   -2  -0.33948
    3    1    1    0    2    1   0.00000
    3    1    5    0    1    1   0.08857
    3    1    5    0    2   -2   0.00000
    3    1    5    0    2    1   0.75527
    3    1    3    1    1   -1   0.00000
    3    1    3    1    1    0   0.22280
    3    1    3    1    2   -1  -0.00000
    3    1    3    1    2    0   0.38957
    3    1    3    1    2    2   0.04582
    2    1    4    0    1    1   0.00716
    2    1    4    0    2   -2   0.00000
    2    1    4    0    2    1  -0.64963
    2    1    2    1    1   -1   0.00000
    2    1    2    1    1    0  -0.11107
    2    1    2    1    2   -1  -0.00000
    2    1    2    1    2    0   1.10756
    2    1    2    1    2    2   0.47375

 READCIP start

 CI file header data:
 --------------------
 MGVN  =  1
 NSET  =  1
 NSTAT =        818
 NOCSF =        818

 READCIP end

 R-matrix radius  =   10.00
 Residual charge on system = 0

 Channel Target  l  m  q       Irr  Energy   Energy(eV)
    1       1    1  1  1  N/A   2  0.000000  0.000000
    2       1    2  2 -1  N/A   2  0.000000  0.000000
    3       1    2  1  1  N/A   2  0.000000  0.000000
    4       1    3  2 -1  N/A   2  0.000000  0.000000
    5       1    3  1  1  N/A   2  0.000000  0.000000
    6       1    3  3  1  N/A   2  0.000000  0.000000
    7       1    4  4 -1  N/A   2  0.000000  0.000000
    8       1    4  2 -1  N/A   2  0.000000  0.000000
    9       1    4  1  1  N/A   2  0.000000  0.000000
   10       1    4  3  1  N/A   2  0.000000  0.000000
   11       2    0  0  0  N/A   1  1.060714 14.431484
   12       2    1  1 -1  N/A   1  1.060714 14.431484
   13       2    1  0  0  N/A   1  1.060714 14.431484
   14       2    2  1 -1  N/A   1  1.060714 14.431484
   15       2    2  0  0  N/A   1  1.060714 14.431484
   16       2    2  2  1  N/A   1  1.060714 14.431484
   17       2    3  3 -1  N/A   1  1.060714 14.431484
   18       2    3  1 -1  N/A   1  1.060714 14.431484
   19       2    3  0  0  N/A   1  1.060714 14.431484
   20       2    3  2  1  N/A   1  1.060714 14.431484
   21       2    4  3 -1  N/A   1  1.060714 14.431484
   22       2    4  1 -1  N/A   1  1.060714 14.431484
   23       2    4  0  0  N/A   1  1.060714 14.431484
   24       2    4  2  1  N/A   1  1.060714 14.431484
   25       2    4  4  1  N/A   1  1.060714 14.431484
   26       3    0  0  0  N/A   1  1.141962 15.536898
   27       3    1  1 -1  N/A   1  1.141962 15.536898
   28       3    1  0  0  N/A   1  1.141962 15.536898
   29       3    2  1 -1  N/A   1  1.141962 15.536898
   30       3    2  0  0  N/A   1  1.141962 15.536898
   31       3    2  2  1  N/A   1  1.141962 15.536898
   32       3    3  3 -1  N/A   1  1.141962 15.536898
   33       3    3  1 -1  N/A   1  1.141962 15.536898
   34       3    3  0  0  N/A   1  1.141962 15.536898
   35       3    3  2  1  N/A   1  1.141962 15.536898
   36       3    4  3 -1  N/A   1  1.141962 15.536898
   37       3    4  1 -1  N/A   1  1.141962 15.536898
   38       3    4  0  0  N/A   1  1.141962 15.536898
   39       3    4  2  1  N/A   1  1.141962 15.536898
   40       3    4  4  1  N/A   1  1.141962 15.536898
   41       4    1  1  1  N/A   2  1.168830 15.902443
   42       4    2  2 -1  N/A   2  1.168830 15.902443
   43       4    2  1  1  N/A   2  1.168830 15.902443
   44       4    3  2 -1  N/A   2  1.168830 15.902443
   45       4    3  1  1  N/A   2  1.168830 15.902443
   46       4    3  3  1  N/A   2  1.168830 15.902443
   47       4    4  4 -1  N/A   2  1.168830 15.902443
   48       4    4  2 -1  N/A   2  1.168830 15.902443
   49       4    4  1  1  N/A   2  1.168830 15.902443
   50       4    4  3  1  N/A   2  1.168830 15.902443
   51       5    1  1  1  N/A   2  1.458102 19.838122
   52       5    2  2 -1  N/A   2  1.458102 19.838122
   53       5    2  1  1  N/A   2  1.458102 19.838122
   54       5    3  2 -1  N/A   2  1.458102 19.838122
   55       5    3  1  1  N/A   2  1.458102 19.838122
   56       5    3  3  1  N/A   2  1.458102 19.838122
   57       5    4  4 -1  N/A   2  1.458102 19.838122
   58       5    4  2 -1  N/A   2  1.458102 19.838122
   59       5    4  1  1  N/A   2  1.458102 19.838122
   60       5    4  3  1  N/A   2  1.458102 19.838122

 Dimension of Hamiltonian matrix           NOCSF =       818
 Number of CSFs used to construct R-matrix NSTAT =  818
 Number of eigenvectors to be retained     NPOLE =    0
 Number of multipoles in potential         ISMAX =    2

 READCIP start

 Reading CI coefficients...
 Last pole include at                   818  is   -69.2431250494663       Ryd

 READCIP end

     R-matrix boundary amplitudes 

     At radial distance RMATR -      0.00000000 Bohr radii
     No. of channels     =    60
     No. of eigenvectors =   818
     No. of correction terms =     0


     First 30 R-matrix amplitudes

     Channel =   1     -0.37417302      0.00000000     -0.06882837
                        0.01149526     -0.00000000      0.00282803
                        0.00000000     -0.00309860     -0.00000000
                        0.00073394     -0.33227787     -0.00000000
                        0.07548760      0.01561185     -0.00000000
                       -0.00482379      0.15648390     -0.00000000
                        0.00000002     -0.26312193      0.04614669
                       -0.00915942      0.00000000      0.00000000
                       -0.10944849      0.04005716      0.00000000
                       -0.00630738      0.00000000      0.00128928
     Channel =   2     -0.00000000     -0.40466621     -0.00000000
                        0.00000000      0.04316727     -0.00000000
                        0.00843053     -0.00000000      0.00356274
                        0.00000000     -0.00000000      0.32676624
                        0.00000000     -0.00000000     -0.03930952
                        0.00000000     -0.00000000     -0.01584298
                       -0.01375361     -0.00000000     -0.00000000
                       -0.00000000      0.31271608     -0.02527067
                        0.00000000     -0.00000000     -0.00109746
                       -0.00000000     -0.00188681     -0.00000000
     Channel =   3      0.06204015      0.00000000     -0.40107447
                        0.01419720     -0.00000000     -0.04735155
                        0.00000000      0.00643589      0.00000000
                       -0.00242851      0.06944406     -0.00000000
                        0.32135818      0.00313194      0.00000000
                        0.03583216     -0.06401495      0.00000000
                       -0.00000001      0.08807288     -0.01025847
                        0.01510151      0.00000000     -0.00000000
                       -0.28070796      0.09427526      0.00000000
                       -0.00378053      0.00000000      0.00077138
     Channel =   4     -0.00000000      0.03916533      0.00000000
                        0.00000001      0.43695114     -0.00000000
                        0.01879211      0.00000000     -0.03302756
                       -0.00000000      0.00000000     -0.03543242
                       -0.00000000     -0.00000001     -0.34110132
                        0.00000000     -0.00000000     -0.01231618
                        0.02817235      0.00000000     -0.00000000
                        0.00000000     -0.03891590      0.00166497
                       -0.00000000      0.00000000      0.00075634
                       -0.00000000     -0.00037610     -0.00000000
     Channel =   5     -0.00574976      0.00000000      0.04563658
                        0.14534449     -0.00000000     -0.41240977
                        0.00000000      0.01599986     -0.00000000
                        0.03680438     -0.00712882      0.00000000
                       -0.03401190      0.10742704     -0.00000000
                        0.32556446     -0.00239063      0.00000000
                        0.00000000     -0.01773461     -0.02479585
                       -0.00156881     -0.00000000      0.00000000
                        0.02598685     -0.00843520     -0.00000000
                        0.00035690     -0.00000000      0.00012659
     Channel =   6      0.00780724      0.00000000      0.00041467
                        0.41395627     -0.00000000      0.14689152
                       -0.00000000      0.02823120      0.00000000
                       -0.01141202      0.01334758     -0.00000000
                        0.00186616      0.32587850     -0.00000001
                       -0.10747556     -0.03222417      0.00000000
                       -0.00000000      0.00628206      0.00613937
                        0.00174518      0.00000000     -0.00000000
                       -0.00359750      0.00105379     -0.00000000
                        0.00017278     -0.00000000      0.00014170
     Channel =   7     -0.00000000      0.00606390      0.00000000
                        0.00000000      0.00015797      0.00000000
                        0.39882645     -0.00000000      0.24579115
                        0.00000000      0.00000000     -0.00954194
                       -0.00000000      0.00000000     -0.00145638
                       -0.00000000     -0.00000001     -0.29679102
                       -0.19153604     -0.00000002      0.00000000
                        0.00000000     -0.02364518      0.00133112
                       -0.00000000      0.00000000      0.00005545
                       -0.00000000     -0.00002916      0.00000000
     Channel =   8      0.00000000     -0.00180737      0.00000000
                       -0.00000000     -0.03559315      0.00000000
                        0.24473563     -0.00000000     -0.39801299
                       -0.00000000      0.00000000      0.00233151
                        0.00000000      0.00000000      0.02830179
                       -0.00000000     -0.00000001     -0.19162284
                        0.29620612      0.00000002     -0.00000000
                       -0.00000000      0.00758831      0.00005628
                        0.00000000     -0.00000000     -0.00017927
                        0.00000000      0.00041599      0.00000000
     Channel =   9      0.00021879     -0.00000000     -0.00344772
                       -0.01338602      0.00000000      0.03541627
                        0.00000000      0.19007921     -0.00000000
                        0.42731846     -0.00020254     -0.00000000
                        0.00301395     -0.01039591      0.00000000
                       -0.02619567     -0.10691027      0.00000001
                        0.00000001     -0.11773655     -0.31569654
                        0.00050336     -0.00000000     -0.00000000
                       -0.00326893      0.00098373      0.00000000
                        0.00012301      0.00000000     -0.00013011
     Channel =  10     -0.00152504     -0.00000000      0.00416814
                       -0.02669417      0.00000000     -0.00901677
                        0.00000000      0.42684768      0.00000000
                       -0.19086053     -0.00673471      0.00000000
                       -0.00654609     -0.02258154      0.00000000
                        0.00749435     -0.28156896      0.00000001
                        0.00000001     -0.14885180      0.15160654
                       -0.00289085      0.00000000     -0.00000000
                        0.01190908     -0.00384452      0.00000000
                        0.00024199     -0.00000000     -0.00006454
     Channel =  11     -0.00003359     -0.00000001      0.00001237
                       -0.00000408      0.00000002     -0.00000118
                        0.00000002      0.00000189     -0.00000001
                       -0.00000031      0.00014248     -0.00000078
                        0.00002604     -0.00002638     -0.00000003
                        0.00001943      0.00216190      0.00000011
                       -0.00000005     -0.00524029      0.00138826
                        0.22235547     -0.00000448     -0.00009085
                        0.05634463      0.10820945      0.00005316
                       -0.20911247      0.00000478      0.01580428
     Channel =  12      0.00000000     -0.00000038     -0.00000000
                        0.00000000      0.00000061      0.00000000
                        0.00000021     -0.00000000      0.00000036
                       -0.00000000     -0.00000000      0.00000573
                       -0.00000000      0.00000000      0.00003880
                        0.00000000     -0.00000000      0.00007003
                        0.00016844      0.00000000     -0.00000000
                       -0.00000000     -0.01642628     -0.20797433
                        0.00000000      0.00000000     -0.30078037
                        0.00000001      0.01779008      0.00000000
     Channel =  13     -0.00002935     -0.00000001      0.00001691
                       -0.00000564      0.00000002     -0.00000201
                        0.00000003      0.00000270     -0.00000002
                       -0.00000070      0.00010867     -0.00000084
                        0.00010654      0.00004133     -0.00000003
                       -0.00003114     -0.00058488      0.00000012
                       -0.00000005      0.00143127     -0.00038765
                       -0.04430488     -0.00000483     -0.00009811
                        0.09604440      0.30339712      0.00005741
                        0.13912123      0.00000515     -0.00132810
     Channel =  14     -0.00000000      0.00000356     -0.00000000
                       -0.00000000      0.00000137     -0.00000000
                        0.00000012      0.00000000      0.00000028
                        0.00000000     -0.00000000      0.00001041
                       -0.00000000     -0.00000000     -0.00001493
                        0.00000000     -0.00000000      0.00000352
                       -0.00007903     -0.00000000      0.00000000
                        0.00000000      0.00307845      0.03198361
                       -0.00000000     -0.00000000     -0.06015544
                        0.00000001      0.34762334      0.00000001
     Channel =  15      0.00002345     -0.00000000     -0.00000322
                        0.00000252      0.00000000      0.00000125
                        0.00000000     -0.00000125     -0.00000000
                        0.00000042     -0.00006960     -0.00000003
                       -0.00000647      0.00000383     -0.00000000
                        0.00000740      0.00005783      0.00000000
                       -0.00000000     -0.00002830      0.00002175
                       -0.00515372     -0.00000015     -0.00000313
                        0.00083385      0.00466477      0.00000183
                        0.00981717      0.00000018     -0.40548069
     Channel =  16     -0.00003392     -0.00000001      0.00001472
                       -0.00000423      0.00000002     -0.00000163
                        0.00000002      0.00000186     -0.00000001
                       -0.00000050      0.00011397     -0.00000062
                        0.00006543      0.00002327     -0.00000002
                       -0.00000165     -0.00046747      0.00000009
                       -0.00000004      0.00094221     -0.00021520
                       -0.01985451     -0.00000354     -0.00007185
                       -0.00184377      0.00039261      0.00004204
                       -0.25490806      0.00000379     -0.03829113
     Channel =  17      0.00000000     -0.00000552     -0.00000000
                       -0.00000000     -0.00000152     -0.00000000
                       -0.00000043      0.00000000     -0.00000033
                        0.00000000     -0.00000000     -0.00002250
                        0.00000000     -0.00000000     -0.00000484
                        0.00000000     -0.00000000     -0.00000164
                       -0.00000539      0.00000000     -0.00000000
                        0.00000000      0.00021931      0.00369184
                       -0.00000000     -0.00000000     -0.00109515
                        0.00000000      0.00212484      0.00000000
     Channel =  18     -0.00000000      0.00000064     -0.00000000
                        0.00000000     -0.00000010      0.00000000
                        0.00000009     -0.00000000     -0.00000003
                       -0.00000000     -0.00000000      0.00000127
                        0.00000000      0.00000000     -0.00000028
                       -0.00000000     -0.00000000     -0.00000663
                        0.00000301      0.00000000     -0.00000000
                       -0.00000000      0.00012777      0.00094762
                        0.00000000     -0.00000000      0.00379092
                        0.00000000      0.00465697      0.00000000
     Channel =  19     -0.00001282      0.00000000      0.00000311
                       -0.00000104     -0.00000000     -0.00000146
                       -0.00000000      0.00000091      0.00000000
                       -0.00000040      0.00004416      0.00000005
                        0.00001005      0.00000320      0.00000000
                       -0.00000535      0.00005853     -0.00000001
                        0.00000000     -0.00012676      0.00002578
                        0.00279878      0.00000030      0.00000604
                       -0.00111081     -0.00351541     -0.00000354
                        0.00421351     -0.00000032     -0.00915445
     Channel =  20     -0.00000093      0.00000000     -0.00000127
                       -0.00000114     -0.00000000      0.00000020
                       -0.00000000      0.00000023      0.00000000
                        0.00000005      0.00000336      0.00000005
                       -0.00000589      0.00000309      0.00000000
                       -0.00000227      0.00010541     -0.00000001
                        0.00000000     -0.00020709      0.00004664
                        0.00398512      0.00000029      0.00000593
                       -0.00056353     -0.00225815     -0.00000347
                        0.00681724     -0.00000031     -0.00231009
     Channel =  21     -0.00000000     -0.00000399     -0.00000000
                       -0.00000000     -0.00000209     -0.00000000
                        0.00000037     -0.00000000     -0.00000052
                        0.00000000      0.00000000     -0.00001968
                       -0.00000000      0.00000000     -0.00001311
                        0.00000000     -0.00000000      0.00000349
                       -0.00000592      0.00000000     -0.00000000
                       -0.00000000     -0.00000166     -0.00062299
                       -0.00000000     -0.00000000      0.00030506
                       -0.00000000     -0.00098392     -0.00000000
     Channel =  22     -0.00000000      0.00000414     -0.00000000
                       -0.00000000      0.00000164     -0.00000000
                        0.00000023     -0.00000000      0.00000034
                        0.00000000      0.00000000      0.00001921
                       -0.00000000      0.00000000      0.00000981
                        0.00000000     -0.00000000      0.00000238
                        0.00000465      0.00000000     -0.00000000
                       -0.00000000     -0.00010579     -0.00071778
                        0.00000000      0.00000000      0.00043280
                        0.00000000     -0.00279430     -0.00000000
     Channel =  23     -0.00001497      0.00000000      0.00000529
                       -0.00000105     -0.00000000     -0.00000204
                       -0.00000000      0.00000109      0.00000000
                       -0.00000064      0.00005153      0.00000002
                        0.00002099      0.00000311      0.00000000
                       -0.00001060      0.00003314     -0.00000000
                        0.00000000     -0.00004761      0.00000339
                       -0.00016107      0.00000013      0.00000259
                        0.00033344      0.00089833     -0.00000152
                       -0.00053991     -0.00000014      0.00312642
     Channel =  24     -0.00001323      0.00000000     -0.00000224
                       -0.00000170     -0.00000000      0.00000030
                       -0.00000000      0.00000110      0.00000000
                        0.00000017      0.00004230      0.00000004
                       -0.00001411      0.00000656      0.00000000
                        0.00000351      0.00002040     -0.00000000
                        0.00000000     -0.00002578      0.00000798
                        0.00001734      0.00000021      0.00000417
                        0.00036288      0.00121886     -0.00000244
                        0.00041338     -0.00000022      0.00110642
     Channel =  25      0.00001416     -0.00000000      0.00000005
                       -0.00000092      0.00000000      0.00000051
                        0.00000000     -0.00000014     -0.00000000
                        0.00000005     -0.00004520     -0.00000000
                        0.00000292      0.00000825     -0.00000000
                        0.00000168     -0.00000941      0.00000000
                       -0.00000000      0.00002322     -0.00000391
                        0.00037752     -0.00000001     -0.00000018
                       -0.00003716     -0.00022598      0.00000010
                        0.00134517      0.00000001      0.00017827
     Channel =  26     -0.00000471     -0.00017913      0.00000215
                       -0.00000055     -0.00005808     -0.00000049
                       -0.00000895      0.00000028     -0.00000989
                       -0.00000012      0.00001937     -0.00000435
                        0.00001110      0.00000332     -0.00011788
                       -0.00000342      0.00002199     -0.00005461
                       -0.00014680     -0.00003415      0.00000486
                       -0.00001580      0.00856205      0.12089350
                        0.00001943     -0.00000139     -0.18435502
                       -0.00001821     -0.15032851      0.00000295
     Channel =  27     -0.00012105      0.00000000      0.00001314
                       -0.00015536     -0.00000000     -0.00001175
                       -0.00000000      0.00004542      0.00000000
                       -0.00000262     -0.00004810     -0.00000000
                        0.00001788      0.00002802     -0.00000000
                       -0.00000018      0.00020146     -0.00000000
                       -0.00000000      0.00001521      0.00001742
                        0.00859737      0.00000000     -0.00000000
                       -0.00159020     -0.00831538      0.00000000
                        0.09493277      0.00000001     -0.01290646
     Channel =  28     -0.00000509      0.00003306      0.00000232
                       -0.00000060      0.00011057     -0.00000053
                       -0.00002916      0.00000030      0.00002991
                       -0.00000013      0.00002092     -0.00007524
                        0.00001199      0.00000359     -0.00002380
                       -0.00000369      0.00002374     -0.00012529
                        0.00013733     -0.00003688      0.00000525
                       -0.00001706     -0.00310704     -0.04072382
                        0.00002098     -0.00000150      0.03671103
                       -0.00001966     -0.08663881      0.00000318
     Channel =  29      0.00004579     -0.00000000     -0.00008242
                        0.00003305      0.00000000      0.00002167
                       -0.00000000     -0.00013012      0.00000000
                        0.00000729      0.00002041      0.00000000
                        0.00002752     -0.00001375     -0.00000000
                        0.00001244     -0.00016116     -0.00000000
                       -0.00000000      0.00001916     -0.00001048
                       -0.00360367      0.00000000      0.00000000
                        0.00067896      0.00267475     -0.00000000
                       -0.01679023      0.00000000      0.00163764
     Channel =  30     -0.00000016      0.00009892      0.00000007
                       -0.00000002     -0.00001710     -0.00000002
                        0.00006190      0.00000001     -0.00009313
                       -0.00000000      0.00000067     -0.00001949
                        0.00000038      0.00000011     -0.00000026
                       -0.00000012      0.00000076      0.00007812
                       -0.00010129     -0.00000118      0.00000017
                       -0.00000054      0.00022032      0.00088087
                        0.00000067     -0.00000005      0.00113720
                       -0.00000063      0.00798867      0.00000010
     Channel =  31     -0.00000373     -0.00000974      0.00000170
                       -0.00000044     -0.00001018     -0.00000039
                        0.00014084      0.00000022      0.00007958
                       -0.00000010      0.00001532     -0.00007427
                        0.00000878      0.00000263     -0.00004041
                       -0.00000270      0.00001739      0.00013497
                        0.00004613     -0.00002701      0.00000385
                       -0.00001249     -0.00090370     -0.01098296
                        0.00001537     -0.00000110      0.00922968
                       -0.00001440     -0.00169692      0.00000233
     Channel =  32     -0.00009995     -0.00000000      0.00000307
                       -0.00001577      0.00000000      0.00005064
                       -0.00000000      0.00000696      0.00000000
                        0.00001500     -0.00004866     -0.00000000
                        0.00001605      0.00000194     -0.00000000
                       -0.00001632      0.00003813     -0.00000000
                       -0.00000000     -0.00003733      0.00002454
                       -0.00037878     -0.00000000      0.00000000
                        0.00008084      0.00023648     -0.00000000
                       -0.00103802     -0.00000000      0.00005721
     Channel =  33      0.00002289      0.00000000      0.00003088
                        0.00007637     -0.00000000     -0.00005951
                        0.00000000      0.00001221     -0.00000000
                       -0.00002058      0.00000428     -0.00000000
                       -0.00001819      0.00001568      0.00000000
                        0.00001405      0.00000452      0.00000000
                        0.00000000      0.00001174     -0.00002966
                        0.00024378      0.00000000     -0.00000000
                       -0.00003692     -0.00021205      0.00000000
                        0.00061786     -0.00000000     -0.00013120
     Channel =  34      0.00000031     -0.00004104     -0.00000014
                        0.00000004     -0.00010265      0.00000003
                       -0.00000015     -0.00000002      0.00000065
                        0.00000001     -0.00000129      0.00001443
                       -0.00000074     -0.00000022      0.00002563
                        0.00000023     -0.00000146     -0.00000035
                       -0.00000204      0.00000227     -0.00000032
                        0.00000105      0.00011792      0.00157257
                       -0.00000129      0.00000009     -0.00130928
                        0.00000121      0.00022312     -0.00000020
     Channel =  35      0.00000031     -0.00000050     -0.00000014
                        0.00000004     -0.00000187      0.00000003
                       -0.00002971     -0.00000002     -0.00001702
                        0.00000001     -0.00000126      0.00000841
                       -0.00000072     -0.00000022      0.00000033
                        0.00000022     -0.00000144     -0.00003639
                       -0.00001925      0.00000223     -0.00000032
                        0.00000103      0.00021812      0.00300297
                       -0.00000127      0.00000009     -0.00206398
                        0.00000119      0.00075374     -0.00000019
     Channel =  36      0.00003626      0.00000000     -0.00006589
                       -0.00000114      0.00000000     -0.00000359
                        0.00000000     -0.00002292     -0.00000000
                       -0.00005993      0.00002714     -0.00000000
                        0.00005225      0.00000487      0.00000000
                        0.00000125     -0.00000245     -0.00000000
                       -0.00000000      0.00001731      0.00000244
                        0.00016941     -0.00000000     -0.00000000
                       -0.00001428     -0.00008080      0.00000000
                        0.00031028      0.00000000     -0.00002521
     Channel =  37     -0.00001477     -0.00000000      0.00002239
                       -0.00002987      0.00000000      0.00001939
                        0.00000000      0.00009337      0.00000000
                        0.00004871     -0.00000912      0.00000000
                       -0.00001953     -0.00000204      0.00000000
                       -0.00000260     -0.00000285      0.00000000
                       -0.00000000     -0.00001456     -0.00000068
                        0.00009631     -0.00000000     -0.00000000
                       -0.00001464     -0.00003106      0.00000000
                        0.00019635      0.00000000      0.00001629
     Channel =  38      0.00000013     -0.00001275     -0.00000006
                        0.00000002      0.00004163      0.00000001
                       -0.00005849     -0.00000001      0.00009220
                        0.00000000     -0.00000055      0.00001009
                       -0.00000032     -0.00000009     -0.00000324
                        0.00000010     -0.00000063      0.00000487
                       -0.00000887      0.00000097     -0.00000014
                        0.00000045     -0.00001652     -0.00020849
                       -0.00000055      0.00000004      0.00007335
                        0.00000052     -0.00036100     -0.00000008
     Channel =  39      0.00000022     -0.00000183     -0.00000010
                        0.00000003      0.00000202      0.00000002
                       -0.00003790     -0.00000001     -0.00001831
                        0.00000001     -0.00000089     -0.00000096
                       -0.00000051     -0.00000015      0.00000354
                        0.00000016     -0.00000101      0.00000219
                        0.00001205      0.00000157     -0.00000022
                        0.00000072     -0.00001045     -0.00018699
                       -0.00000089      0.00000006      0.00001427
                        0.00000084     -0.00053240     -0.00000014
     Channel =  40     -0.00000001      0.00010355      0.00000000
                       -0.00000000      0.00001131     -0.00000000
                        0.00001935      0.00000000     -0.00004049
                       -0.00000000      0.00000004     -0.00007516
                        0.00000002      0.00000001      0.00000359
                       -0.00000001      0.00000004     -0.00000607
                       -0.00000001     -0.00000007      0.00000001
                       -0.00000003      0.00000152      0.00018351
                        0.00000004     -0.00000000     -0.00015807
                       -0.00000004      0.00004697      0.00000001
     Channel =  41     -0.00000899     -0.00000000     -0.00000001
                       -0.00000140      0.00000000     -0.00000096
                        0.00000000      0.00000115     -0.00000000
                       -0.00000033      0.00003025     -0.00000000
                        0.00001654      0.00003177      0.00000000
                       -0.00002428      0.00013191     -0.00000000
                        0.00000000     -0.00005834     -0.00001747
                       -0.00047525      0.00000000      0.00000000
                        0.00247251      0.00230035      0.00000000
                        0.00265214      0.00000000     -0.00004769
     Channel =  42     -0.00000000      0.00000941     -0.00000000
                        0.00000000      0.00000275      0.00000000
                       -0.00000004      0.00000000      0.00000009
                       -0.00000000      0.00000000      0.00001816
                        0.00000000      0.00000000     -0.00002019
                       -0.00000000      0.00000000     -0.00004491
                       -0.00006734     -0.00000000     -0.00000000
                       -0.00000000      0.00097549      0.00031522
                        0.00000000     -0.00000000     -0.00012635
                        0.00000000      0.00216889      0.00000000
     Channel =  43     -0.00002314     -0.00000000      0.00000568
                       -0.00000176     -0.00000000     -0.00000122
                       -0.00000000      0.00000035      0.00000000
                       -0.00000001      0.00006807     -0.00000000
                        0.00000481     -0.00000917      0.00000000
                        0.00001553     -0.00019254     -0.00000000
                       -0.00000000      0.00022310     -0.00000419
                        0.00129153     -0.00000000     -0.00000000
                       -0.00058238      0.00080703     -0.00000000
                       -0.00240707      0.00000000     -0.00183562
     Channel =  44     -0.00000000     -0.00001433     -0.00000000
                       -0.00000000     -0.00000360     -0.00000000
                       -0.00000061      0.00000000     -0.00000056
                       -0.00000000     -0.00000000     -0.00006183
                       -0.00000000     -0.00000000     -0.00000277
                       -0.00000000      0.00000000     -0.00000030
                        0.00002270     -0.00000000      0.00000000
                       -0.00000000     -0.00017555     -0.00055658
                       -0.00000000      0.00000000     -0.00079813
                        0.00000000     -0.00013765      0.00000000
     Channel =  45      0.00000969      0.00000000     -0.00000620
                        0.00000028     -0.00000000      0.00000138
                       -0.00000000     -0.00000065      0.00000000
                        0.00000019     -0.00003636     -0.00000000
                       -0.00002597     -0.00000344      0.00000000
                       -0.00000061     -0.00000916      0.00000000
                        0.00000000      0.00001701     -0.00001372
                       -0.00014858      0.00000000      0.00000000
                        0.00044149      0.00109284      0.00000000
                        0.00044756      0.00000000      0.00018835
     Channel =  46     -0.00001164      0.00000000      0.00000533
                       -0.00000235      0.00000000     -0.00000074
                        0.00000000      0.00000063      0.00000000
                       -0.00000020      0.00004238      0.00000000
                        0.00002251     -0.00000117      0.00000000
                       -0.00000003     -0.00001649      0.00000000
                        0.00000000     -0.00001365      0.00000520
                        0.00001587     -0.00000000     -0.00000000
                       -0.00007430      0.00000762     -0.00000000
                        0.00003221      0.00000000      0.00006697
     Channel =  47      0.00000000      0.00001745      0.00000000
                       -0.00000000      0.00000510     -0.00000000
                        0.00000287      0.00000000      0.00000205
                        0.00000000     -0.00000000      0.00008144
                        0.00000000      0.00000000      0.00003037
                       -0.00000000      0.00000000      0.00002881
                        0.00002341     -0.00000000     -0.00000000
                        0.00000000     -0.00017235     -0.00001733
                        0.00000000     -0.00000000     -0.00001897
                        0.00000000     -0.00002040      0.00000000
     Channel =  48     -0.00000000     -0.00001244     -0.00000000
                       -0.00000000     -0.00000840      0.00000000
                        0.00000124     -0.00000000     -0.00000337
                        0.00000000     -0.00000000     -0.00005844
                       -0.00000000     -0.00000000     -0.00005026
                       -0.00000000      0.00000000      0.00001361
                       -0.00003496     -0.00000000     -0.00000000
                       -0.00000000      0.00012507      0.00005839
                       -0.00000000     -0.00000000     -0.00013022
                        0.00000000      0.00072325      0.00000000
     Channel =  49      0.00000120      0.00000000     -0.00000512
                       -0.00000278      0.00000000      0.00000286
                        0.00000000      0.00000108      0.00000000
                        0.00000149     -0.00000557      0.00000000
                       -0.00002342      0.00001685      0.00000000
                        0.00001770      0.00000279      0.00000000
                       -0.00000000      0.00001903      0.00001285
                        0.00001599     -0.00000000     -0.00000000
                       -0.00004438      0.00001609     -0.00000000
                        0.00021501      0.00000000     -0.00100244
     Channel =  50     -0.00001164     -0.00000000      0.00001216
                       -0.00000738      0.00000000     -0.00000330
                       -0.00000000      0.00000433     -0.00000000
                       -0.00000117      0.00004845     -0.00000000
                        0.00005730      0.00004499     -0.00000000
                       -0.00002006      0.00009118     -0.00000000
                        0.00000000     -0.00007441      0.00000378
                       -0.00005908      0.00000000      0.00000000
                        0.00012755      0.00001227     -0.00000000
                       -0.00047783      0.00000000     -0.00006472
     Channel =  51      0.00000000     -0.00133146      0.00000000
                       -0.00000000     -0.00013129     -0.00000000
                        0.00005812      0.00000000     -0.00000625
                       -0.00000000      0.00000000      0.00101106
                       -0.00000000     -0.00000000      0.00018928
                       -0.00000000     -0.00000000     -0.00009570
                       -0.00007667      0.00000000     -0.00000000
                        0.00000000      0.00086329     -0.00043613
                        0.00000000     -0.00000000      0.00069160
                       -0.00000000      0.00105821      0.00000000
     Channel =  52     -0.00124717      0.00000000      0.00002960
                       -0.00166339      0.00000000     -0.00023384
                        0.00000000      0.00007552     -0.00000000
                        0.00002195     -0.00106994     -0.00000000
                       -0.00047115     -0.00083658      0.00000000
                        0.00025019      0.00046542     -0.00000000
                        0.00000000     -0.00076713      0.00008317
                       -0.00001294     -0.00000000      0.00000000
                       -0.00031274      0.00012007     -0.00000000
                       -0.00021517     -0.00000000      0.00003133
     Channel =  53     -0.00000000      0.00056008      0.00000000
                        0.00000000      0.00115491      0.00000000
                       -0.00003495      0.00000000      0.00015522
                        0.00000000     -0.00000000     -0.00044217
                       -0.00000000     -0.00000000     -0.00007719
                       -0.00000000      0.00000000      0.00001418
                       -0.00012800     -0.00000000      0.00000000
                       -0.00000000     -0.00001895     -0.00023578
                        0.00000000     -0.00000000      0.00045639
                       -0.00000000      0.00075946      0.00000000
     Channel =  54      0.00037510     -0.00000000     -0.00086591
                        0.00010801     -0.00000000      0.00015029
                       -0.00000000     -0.00172617      0.00000000
                        0.00006541      0.00036824      0.00000000
                        0.00046806     -0.00012555      0.00000000
                       -0.00020057      0.00060798     -0.00000000
                       -0.00000000      0.00071374     -0.00004604
                       -0.00002635      0.00000000      0.00000000
                       -0.00040407      0.00016585     -0.00000000
                       -0.00017578     -0.00000000      0.00002322
     Channel =  55     -0.00000000      0.00016339     -0.00000000
                       -0.00000000     -0.00047069      0.00000000
                        0.00071635     -0.00000000     -0.00118705
                       -0.00000000     -0.00000000     -0.00006026
                        0.00000000     -0.00000000      0.00022862
                       -0.00000000     -0.00000000     -0.00037274
                        0.00061349      0.00000000      0.00000000
                       -0.00000000     -0.00006469      0.00010309
                       -0.00000000      0.00000000     -0.00006700
                        0.00000000      0.00018810      0.00000000
     Channel =  56     -0.00000000      0.00140168     -0.00000000
                       -0.00000000     -0.00016125     -0.00000000
                        0.00167446     -0.00000000      0.00063746
                        0.00000000     -0.00000000     -0.00103693
                       -0.00000000     -0.00000000      0.00013720
                        0.00000000     -0.00000000     -0.00079589
                       -0.00026990     -0.00000000     -0.00000000
                        0.00000000     -0.00070108      0.00007364
                        0.00000000     -0.00000000      0.00000632
                        0.00000000      0.00003662      0.00000000
     Channel =  57      0.00002482     -0.00000000     -0.00004566
                        0.00139659     -0.00000000      0.00049700
                       -0.00000000     -0.00003096     -0.00000000
                        0.00001449      0.00001817      0.00000000
                        0.00006689      0.00087426     -0.00000000
                       -0.00030052     -0.00000903      0.00000000
                        0.00000000      0.00007357     -0.00002671
                       -0.00000582      0.00000000     -0.00000000
                       -0.00007448      0.00003043      0.00000000
                       -0.00001529      0.00000000      0.00000232
     Channel =  58     -0.00007736     -0.00000000      0.00028284
                        0.00064156     -0.00000000     -0.00099495
                       -0.00000000      0.00013232      0.00000000
                       -0.00004914     -0.00006157      0.00000000
                       -0.00019707      0.00044687     -0.00000000
                        0.00067280      0.00007979      0.00000000
                       -0.00000000     -0.00011157      0.00005177
                        0.00001112     -0.00000000      0.00000000
                        0.00016036     -0.00006325     -0.00000000
                        0.00004071     -0.00000000     -0.00000393
     Channel =  59      0.00000000     -0.00010179     -0.00000000
                        0.00000000     -0.00049305     -0.00000000
                       -0.00009013     -0.00000000      0.00014772
                       -0.00000000     -0.00000000      0.00007502
                        0.00000000      0.00000000      0.00035644
                        0.00000000      0.00000000      0.00005826
                       -0.00010084      0.00000000      0.00000000
                       -0.00000000      0.00008226     -0.00002465
                       -0.00000000      0.00000000      0.00000356
                       -0.00000000     -0.00001913     -0.00000000
     Channel =  60      0.00000000     -0.00026345     -0.00000000
                       -0.00000000     -0.00132592      0.00000000
                       -0.00013360     -0.00000000     -0.00006205
                        0.00000000     -0.00000000      0.00016043
                        0.00000000      0.00000000      0.00086020
                       -0.00000000      0.00000000      0.00010041
                       -0.00000469      0.00000000     -0.00000000
                        0.00000000      0.00021291      0.00002295
                       -0.00000000      0.00000000     -0.00001729
                       -0.00000000      0.00001583     -0.00000000

 Channel data will be written UNFORMATTED to set number  1 on unit number 10
 Header :e + H2O - doublet App                                       20230416  145152.495

 Target state    Spin    M    G/U  Energy (au)
         1         1     0     0  -76.096973
         2         3     1     0  -75.566616
         3         1     1     0  -75.525992
         4         3     0     0  -75.512558
         5         1     0     0  -75.367922

 Residual charge on system = 0

 Channel   Target state  L   M  Threshold (Ryd)
    1            1       1   1    0.000000
    2            1       2  -2    0.000000
    3            1       2   1    0.000000
    4            1       3  -2    0.000000
    5            1       3   1    0.000000
    6            1       3   3    0.000000
    7            1       4  -4    0.000000
    8            1       4  -2    0.000000
    9            1       4   1    0.000000
   10            1       4   3    0.000000
   11            2       0   0    1.060714
   12            2       1  -1    1.060714
   13            2       1   0    1.060714
   14            2       2  -1    1.060714
   15            2       2   0    1.060714
   16            2       2   2    1.060714
   17            2       3  -3    1.060714
   18            2       3  -1    1.060714
   19            2       3   0    1.060714
   20            2       3   2    1.060714
   21            2       4  -3    1.060714
   22            2       4  -1    1.060714
   23            2       4   0    1.060714
   24            2       4   2    1.060714
   25            2       4   4    1.060714
   26            3       0   0    1.141962
   27            3       1  -1    1.141962
   28            3       1   0    1.141962
   29            3       2  -1    1.141962
   30            3       2   0    1.141962
   31            3       2   2    1.141962
   32            3       3  -3    1.141962
   33            3       3  -1    1.141962
   34            3       3   0    1.141962
   35            3       3   2    1.141962
   36            3       4  -3    1.141962
   37            3       4  -1    1.141962
   38            3       4   0    1.141962
   39            3       4   2    1.141962
   40            3       4   4    1.141962
   41            4       1   1    1.168830
   42            4       2  -2    1.168830
   43            4       2   1    1.168830
   44            4       3  -2    1.168830
   45            4       3   1    1.168830
   46            4       3   3    1.168830
   47            4       4  -4    1.168830
   48            4       4  -2    1.168830
   49            4       4   1    1.168830
   50            4       4   3    1.168830
   51            5       1   1    1.458102
   52            5       2  -2    1.458102
   53            5       2   1    1.458102
   54            5       3  -2    1.458102
   55            5       3   1    1.458102
   56            5       3   3    1.458102
   57            5       4  -4    1.458102
   58            5       4  -2    1.458102
   59            5       4   1    1.458102
   60            5       4   3    1.458102

 R-matrix data will be written UNFORMATTED to set number  1 on unit number 21
 Header :e + H2O - doublet App                                       20230416  145152.495


 *** Task has been successfully completed ***
