+-------------------------------------------------------------------------+
|              _              |                                           |
| || || ||//  | \          |  | University College London (C) 1994 - 2020 |
| || || ||    | / |/\/\ /\ |  | Open University           (C) 2007 - 2020 |
| \\_// ||\\  | \ | | | \/ |  |                                           |
|                             |                                           |
+-------------------------------------------------------------------------+
| Last revision: unknown                                                  |
| Last author:   unknown                                                  |
| Last date:     unknown                                                  |
+-------------------------------------------------------------------------+
MPI startup(): PMI server not found. Please set I_MPI_PMI_LIBRARY variable if it is not a singleton case.
1

 Program XSECS  (last modified 30-Nov-1998 )

e + H2O - doublet Ap                                        20230416  145147.834


 T-matrices will be read from set  1 on unit***
  (e + H2O - doublet Ap                                        20230416  145146.887 )

 Symmetry data  MGVN = 0   STOT = 2   GUTOT = 2

 T-matrices have been calculated from non-adiabatic K-matrices

 Number of target states       =   5
 Number of scattering channels =  65
 Channel data corresponding to stored T-matrix elements
  Element  Target   L    M    Energy
    1         1     0    0   0.00000
    2         1     1   -1   0.00000
    3         1     1    0   0.00000
    4         1     2   -1   0.00000
    5         1     2    0   0.00000
    6         1     2    2   0.00000
    7         1     3   -3   0.00000
    8         1     3   -1   0.00000
    9         1     3    0   0.00000
   10         1     3    2   0.00000
   11         1     4   -3   0.00000
   12         1     4   -1   0.00000
   13         1     4    0   0.00000
   14         1     4    2   0.00000
   15         1     4    4   0.00000
   16         2     1    1   1.06071
   17         2     2   -2   1.06071
   18         2     2    1   1.06071
   19         2     3   -2   1.06071
   20         2     3    1   1.06071
   21         2     3    3   1.06071
   22         2     4   -4   1.06071
   23         2     4   -2   1.06071
   24         2     4    1   1.06071
   25         2     4    3   1.06071
   26         3     1    1   1.14196
   27         3     2   -2   1.14196
   28         3     2    1   1.14196
   29         3     3   -2   1.14196
   30         3     3    1   1.14196
   31         3     3    3   1.14196
   32         3     4   -4   1.14196
   33         3     4   -2   1.14196
   34         3     4    1   1.14196
   35         3     4    3   1.14196
   36         4     0    0   1.16883
   37         4     1   -1   1.16883
   38         4     1    0   1.16883
   39         4     2   -1   1.16883
   40         4     2    0   1.16883
   41         4     2    2   1.16883
   42         4     3   -3   1.16883
   43         4     3   -1   1.16883
   44         4     3    0   1.16883
   45         4     3    2   1.16883
   46         4     4   -3   1.16883
   47         4     4   -1   1.16883
   48         4     4    0   1.16883
   49         4     4    2   1.16883
   50         4     4    4   1.16883
   51         5     0    0   1.45810
   52         5     1   -1   1.45810
   53         5     1    0   1.45810
   54         5     2   -1   1.45810
   55         5     2    0   1.45810
   56         5     2    2   1.45810
   57         5     3   -3   1.45810
   58         5     3   -1   1.45810
   59         5     3    0   1.45810
   60         5     3    2   1.45810
   61         5     4   -3   1.45810
   62         5     4   -1   1.45810
   63         5     4    0   1.45810
   64         5     4    2   1.45810
   65         5     4    4   1.45810

 Input Energy grid (Ryd) 
 Number of points        20       400
 Initial values     0.00001   0.00007
 Increments         0.00004   0.00367

 Cross-sections will be computed for 420 energies in the T-matrix file from  0.0001 to 19.9510 EV 

 Target and channel data is read from set  1 on unit 10
#1 e + H2O - doublet Ap                                        20230416  145146.887

#                              CROSS SECTIONS IN BOHR**2  FOR INITIAL STATE  1

#     I    E(EV )         TOTAL               1               2               3               4               5
    1   0.15000E-03  0.16459719E+07  0.16459719E+07  0.00000000E+00  0.00000000E+00  0.00000000E+00  0.00000000E+00
    2   0.65000E-03  0.23142022E+06  0.23142022E+06  0.00000000E+00  0.00000000E+00  0.00000000E+00  0.00000000E+00
    3   0.11500E-02  0.12645601E+06  0.12645601E+06  0.00000000E+00  0.00000000E+00  0.00000000E+00  0.00000000E+00
    4   0.16500E-02  0.86574984E+05  0.86574984E+05  0.00000000E+00  0.00000000E+00  0.00000000E+00  0.00000000E+00
    5   0.21500E-02  0.65556021E+05  0.65556021E+05  0.00000000E+00  0.00000000E+00  0.00000000E+00  0.00000000E+00
    6   0.26500E-02  0.52608185E+05  0.52608185E+05  0.00000000E+00  0.00000000E+00  0.00000000E+00  0.00000000E+00
    7   0.31500E-02  0.43848326E+05  0.43848326E+05  0.00000000E+00  0.00000000E+00  0.00000000E+00  0.00000000E+00
    8   0.36500E-02  0.37537279E+05  0.37537279E+05  0.00000000E+00  0.00000000E+00  0.00000000E+00  0.00000000E+00
    9   0.41500E-02  0.32779541E+05  0.32779541E+05  0.00000000E+00  0.00000000E+00  0.00000000E+00  0.00000000E+00
   10   0.46500E-02  0.29067729E+05  0.29067729E+05  0.00000000E+00  0.00000000E+00  0.00000000E+00  0.00000000E+00
   11   0.51500E-02  0.26093189E+05  0.26093189E+05  0.00000000E+00  0.00000000E+00  0.00000000E+00  0.00000000E+00
   12   0.56500E-02  0.23657447E+05  0.23657447E+05  0.00000000E+00  0.00000000E+00  0.00000000E+00  0.00000000E+00
   13   0.61500E-02  0.21627235E+05  0.21627235E+05  0.00000000E+00  0.00000000E+00  0.00000000E+00  0.00000000E+00
   14   0.66500E-02  0.19909741E+05  0.19909741E+05  0.00000000E+00  0.00000000E+00  0.00000000E+00  0.00000000E+00
   15   0.71500E-02  0.18438307E+05  0.18438307E+05  0.00000000E+00  0.00000000E+00  0.00000000E+00  0.00000000E+00
   16   0.76500E-02  0.17163979E+05  0.17163979E+05  0.00000000E+00  0.00000000E+00  0.00000000E+00  0.00000000E+00
   17   0.81500E-02  0.16049952E+05  0.16049952E+05  0.00000000E+00  0.00000000E+00  0.00000000E+00  0.00000000E+00
   18   0.86500E-02  0.15068002E+05  0.15068002E+05  0.00000000E+00  0.00000000E+00  0.00000000E+00  0.00000000E+00
   19   0.91500E-02  0.14196073E+05  0.14196073E+05  0.00000000E+00  0.00000000E+00  0.00000000E+00  0.00000000E+00
   20   0.96500E-02  0.13416840E+05  0.13416840E+05  0.00000000E+00  0.00000000E+00  0.00000000E+00  0.00000000E+00
   21   0.10000E-02  0.14646903E+06  0.14646903E+06  0.00000000E+00  0.00000000E+00  0.00000000E+00  0.00000000E+00
   22   0.51000E-01  0.22670320E+04  0.22670320E+04  0.00000000E+00  0.00000000E+00  0.00000000E+00  0.00000000E+00
   23   0.10100E+00  0.10841554E+04  0.10841554E+04  0.00000000E+00  0.00000000E+00  0.00000000E+00  0.00000000E+00
   24   0.15100E+00  0.70026035E+03  0.70026035E+03  0.00000000E+00  0.00000000E+00  0.00000000E+00  0.00000000E+00
   25   0.20100E+00  0.51223776E+03  0.51223776E+03  0.00000000E+00  0.00000000E+00  0.00000000E+00  0.00000000E+00
   26   0.25100E+00  0.40125111E+03  0.40125111E+03  0.00000000E+00  0.00000000E+00  0.00000000E+00  0.00000000E+00
   27   0.30100E+00  0.32823854E+03  0.32823854E+03  0.00000000E+00  0.00000000E+00  0.00000000E+00  0.00000000E+00
   28   0.35100E+00  0.27666304E+03  0.27666304E+03  0.00000000E+00  0.00000000E+00  0.00000000E+00  0.00000000E+00
   29   0.40100E+00  0.23834502E+03  0.23834502E+03  0.00000000E+00  0.00000000E+00  0.00000000E+00  0.00000000E+00
   30   0.45100E+00  0.20878407E+03  0.20878407E+03  0.00000000E+00  0.00000000E+00  0.00000000E+00  0.00000000E+00
   31   0.50100E+00  0.18530362E+03  0.18530362E+03  0.00000000E+00  0.00000000E+00  0.00000000E+00  0.00000000E+00
   32   0.55100E+00  0.16621422E+03  0.16621422E+03  0.00000000E+00  0.00000000E+00  0.00000000E+00  0.00000000E+00
   33   0.60100E+00  0.15039814E+03  0.15039814E+03  0.00000000E+00  0.00000000E+00  0.00000000E+00  0.00000000E+00
   34   0.65100E+00  0.13708720E+03  0.13708720E+03  0.00000000E+00  0.00000000E+00  0.00000000E+00  0.00000000E+00
   35   0.70100E+00  0.12573655E+03  0.12573655E+03  0.00000000E+00  0.00000000E+00  0.00000000E+00  0.00000000E+00
   36   0.75100E+00  0.11594941E+03  0.11594941E+03  0.00000000E+00  0.00000000E+00  0.00000000E+00  0.00000000E+00
   37   0.80100E+00  0.10743021E+03  0.10743021E+03  0.00000000E+00  0.00000000E+00  0.00000000E+00  0.00000000E+00
   38   0.85100E+00  0.99954500E+02  0.99954500E+02  0.00000000E+00  0.00000000E+00  0.00000000E+00  0.00000000E+00
   39   0.90100E+00  0.93348870E+02  0.93348870E+02  0.00000000E+00  0.00000000E+00  0.00000000E+00  0.00000000E+00
   40   0.95100E+00  0.87477355E+02  0.87477355E+02  0.00000000E+00  0.00000000E+00  0.00000000E+00  0.00000000E+00
   41   0.10010E+01  0.82231898E+02  0.82231898E+02  0.00000000E+00  0.00000000E+00  0.00000000E+00  0.00000000E+00
   42   0.10510E+01  0.77525572E+02  0.77525572E+02  0.00000000E+00  0.00000000E+00  0.00000000E+00  0.00000000E+00
   43   0.11010E+01  0.73287664E+02  0.73287664E+02  0.00000000E+00  0.00000000E+00  0.00000000E+00  0.00000000E+00
   44   0.11510E+01  0.69460043E+02  0.69460043E+02  0.00000000E+00  0.00000000E+00  0.00000000E+00  0.00000000E+00
   45   0.12010E+01  0.65994448E+02  0.65994448E+02  0.00000000E+00  0.00000000E+00  0.00000000E+00  0.00000000E+00
   46   0.12510E+01  0.62850423E+02  0.62850423E+02  0.00000000E+00  0.00000000E+00  0.00000000E+00  0.00000000E+00
   47   0.13010E+01  0.59993740E+02  0.59993740E+02  0.00000000E+00  0.00000000E+00  0.00000000E+00  0.00000000E+00
   48   0.13510E+01  0.57395171E+02  0.57395171E+02  0.00000000E+00  0.00000000E+00  0.00000000E+00  0.00000000E+00
   49   0.14010E+01  0.55029532E+02  0.55029532E+02  0.00000000E+00  0.00000000E+00  0.00000000E+00  0.00000000E+00
   50   0.14510E+01  0.52874928E+02  0.52874928E+02  0.00000000E+00  0.00000000E+00  0.00000000E+00  0.00000000E+00
   51   0.15010E+01  0.50912155E+02  0.50912155E+02  0.00000000E+00  0.00000000E+00  0.00000000E+00  0.00000000E+00
   52   0.15510E+01  0.49124227E+02  0.49124227E+02  0.00000000E+00  0.00000000E+00  0.00000000E+00  0.00000000E+00
   53   0.16010E+01  0.47495999E+02  0.47495999E+02  0.00000000E+00  0.00000000E+00  0.00000000E+00  0.00000000E+00
   54   0.16510E+01  0.46013865E+02  0.46013865E+02  0.00000000E+00  0.00000000E+00  0.00000000E+00  0.00000000E+00
   55   0.17010E+01  0.44665519E+02  0.44665519E+02  0.00000000E+00  0.00000000E+00  0.00000000E+00  0.00000000E+00
   56   0.17510E+01  0.43439763E+02  0.43439763E+02  0.00000000E+00  0.00000000E+00  0.00000000E+00  0.00000000E+00
   57   0.18010E+01  0.42326353E+02  0.42326353E+02  0.00000000E+00  0.00000000E+00  0.00000000E+00  0.00000000E+00
   58   0.18510E+01  0.41315882E+02  0.41315882E+02  0.00000000E+00  0.00000000E+00  0.00000000E+00  0.00000000E+00
   59   0.19010E+01  0.40399684E+02  0.40399684E+02  0.00000000E+00  0.00000000E+00  0.00000000E+00  0.00000000E+00
   60   0.19510E+01  0.39569750E+02  0.39569750E+02  0.00000000E+00  0.00000000E+00  0.00000000E+00  0.00000000E+00
   61   0.20010E+01  0.38818678E+02  0.38818678E+02  0.00000000E+00  0.00000000E+00  0.00000000E+00  0.00000000E+00
   62   0.20510E+01  0.38139614E+02  0.38139614E+02  0.00000000E+00  0.00000000E+00  0.00000000E+00  0.00000000E+00
   63   0.21010E+01  0.37526215E+02  0.37526215E+02  0.00000000E+00  0.00000000E+00  0.00000000E+00  0.00000000E+00
   64   0.21510E+01  0.36972615E+02  0.36972615E+02  0.00000000E+00  0.00000000E+00  0.00000000E+00  0.00000000E+00
   65   0.22010E+01  0.36473394E+02  0.36473394E+02  0.00000000E+00  0.00000000E+00  0.00000000E+00  0.00000000E+00
   66   0.22510E+01  0.36023555E+02  0.36023555E+02  0.00000000E+00  0.00000000E+00  0.00000000E+00  0.00000000E+00
   67   0.23010E+01  0.35618496E+02  0.35618496E+02  0.00000000E+00  0.00000000E+00  0.00000000E+00  0.00000000E+00
   68   0.23510E+01  0.35253991E+02  0.35253991E+02  0.00000000E+00  0.00000000E+00  0.00000000E+00  0.00000000E+00
   69   0.24010E+01  0.34926169E+02  0.34926169E+02  0.00000000E+00  0.00000000E+00  0.00000000E+00  0.00000000E+00
   70   0.24510E+01  0.34631490E+02  0.34631490E+02  0.00000000E+00  0.00000000E+00  0.00000000E+00  0.00000000E+00
   71   0.25010E+01  0.34366730E+02  0.34366730E+02  0.00000000E+00  0.00000000E+00  0.00000000E+00  0.00000000E+00
   72   0.25510E+01  0.34128957E+02  0.34128957E+02  0.00000000E+00  0.00000000E+00  0.00000000E+00  0.00000000E+00
   73   0.26010E+01  0.33915514E+02  0.33915514E+02  0.00000000E+00  0.00000000E+00  0.00000000E+00  0.00000000E+00
   74   0.26510E+01  0.33723997E+02  0.33723997E+02  0.00000000E+00  0.00000000E+00  0.00000000E+00  0.00000000E+00
   75   0.27010E+01  0.33552243E+02  0.33552243E+02  0.00000000E+00  0.00000000E+00  0.00000000E+00  0.00000000E+00
   76   0.27510E+01  0.33398303E+02  0.33398303E+02  0.00000000E+00  0.00000000E+00  0.00000000E+00  0.00000000E+00
   77   0.28010E+01  0.33260433E+02  0.33260433E+02  0.00000000E+00  0.00000000E+00  0.00000000E+00  0.00000000E+00
   78   0.28510E+01  0.33137069E+02  0.33137069E+02  0.00000000E+00  0.00000000E+00  0.00000000E+00  0.00000000E+00
   79   0.29010E+01  0.33026819E+02  0.33026819E+02  0.00000000E+00  0.00000000E+00  0.00000000E+00  0.00000000E+00
   80   0.29510E+01  0.32928443E+02  0.32928443E+02  0.00000000E+00  0.00000000E+00  0.00000000E+00  0.00000000E+00
   81   0.30010E+01  0.32840838E+02  0.32840838E+02  0.00000000E+00  0.00000000E+00  0.00000000E+00  0.00000000E+00
   82   0.30510E+01  0.32763029E+02  0.32763029E+02  0.00000000E+00  0.00000000E+00  0.00000000E+00  0.00000000E+00
   83   0.31010E+01  0.32694152E+02  0.32694152E+02  0.00000000E+00  0.00000000E+00  0.00000000E+00  0.00000000E+00
   84   0.31510E+01  0.32633444E+02  0.32633444E+02  0.00000000E+00  0.00000000E+00  0.00000000E+00  0.00000000E+00
   85   0.32010E+01  0.32580234E+02  0.32580234E+02  0.00000000E+00  0.00000000E+00  0.00000000E+00  0.00000000E+00
   86   0.32510E+01  0.32533929E+02  0.32533929E+02  0.00000000E+00  0.00000000E+00  0.00000000E+00  0.00000000E+00
   87   0.33010E+01  0.32494011E+02  0.32494011E+02  0.00000000E+00  0.00000000E+00  0.00000000E+00  0.00000000E+00
   88   0.33510E+01  0.32460022E+02  0.32460022E+02  0.00000000E+00  0.00000000E+00  0.00000000E+00  0.00000000E+00
   89   0.34010E+01  0.32431562E+02  0.32431562E+02  0.00000000E+00  0.00000000E+00  0.00000000E+00  0.00000000E+00
   90   0.34510E+01  0.32408278E+02  0.32408278E+02  0.00000000E+00  0.00000000E+00  0.00000000E+00  0.00000000E+00
   91   0.35010E+01  0.32389863E+02  0.32389863E+02  0.00000000E+00  0.00000000E+00  0.00000000E+00  0.00000000E+00
   92   0.35510E+01  0.32376045E+02  0.32376045E+02  0.00000000E+00  0.00000000E+00  0.00000000E+00  0.00000000E+00
   93   0.36010E+01  0.32366585E+02  0.32366585E+02  0.00000000E+00  0.00000000E+00  0.00000000E+00  0.00000000E+00
   94   0.36510E+01  0.32361273E+02  0.32361273E+02  0.00000000E+00  0.00000000E+00  0.00000000E+00  0.00000000E+00
   95   0.37010E+01  0.32359924E+02  0.32359924E+02  0.00000000E+00  0.00000000E+00  0.00000000E+00  0.00000000E+00
   96   0.37510E+01  0.32362373E+02  0.32362373E+02  0.00000000E+00  0.00000000E+00  0.00000000E+00  0.00000000E+00
   97   0.38010E+01  0.32368473E+02  0.32368473E+02  0.00000000E+00  0.00000000E+00  0.00000000E+00  0.00000000E+00
   98   0.38510E+01  0.32378092E+02  0.32378092E+02  0.00000000E+00  0.00000000E+00  0.00000000E+00  0.00000000E+00
   99   0.39010E+01  0.32391112E+02  0.32391112E+02  0.00000000E+00  0.00000000E+00  0.00000000E+00  0.00000000E+00
  100   0.39510E+01  0.32407425E+02  0.32407425E+02  0.00000000E+00  0.00000000E+00  0.00000000E+00  0.00000000E+00
  101   0.40010E+01  0.32426932E+02  0.32426932E+02  0.00000000E+00  0.00000000E+00  0.00000000E+00  0.00000000E+00
  102   0.40510E+01  0.32449541E+02  0.32449541E+02  0.00000000E+00  0.00000000E+00  0.00000000E+00  0.00000000E+00
  103   0.41010E+01  0.32475167E+02  0.32475167E+02  0.00000000E+00  0.00000000E+00  0.00000000E+00  0.00000000E+00
  104   0.41510E+01  0.32503729E+02  0.32503729E+02  0.00000000E+00  0.00000000E+00  0.00000000E+00  0.00000000E+00
  105   0.42010E+01  0.32535150E+02  0.32535150E+02  0.00000000E+00  0.00000000E+00  0.00000000E+00  0.00000000E+00
  106   0.42510E+01  0.32569357E+02  0.32569357E+02  0.00000000E+00  0.00000000E+00  0.00000000E+00  0.00000000E+00
  107   0.43010E+01  0.32606278E+02  0.32606278E+02  0.00000000E+00  0.00000000E+00  0.00000000E+00  0.00000000E+00
  108   0.43510E+01  0.32645842E+02  0.32645842E+02  0.00000000E+00  0.00000000E+00  0.00000000E+00  0.00000000E+00
  109   0.44010E+01  0.32687980E+02  0.32687980E+02  0.00000000E+00  0.00000000E+00  0.00000000E+00  0.00000000E+00
  110   0.44510E+01  0.32732624E+02  0.32732624E+02  0.00000000E+00  0.00000000E+00  0.00000000E+00  0.00000000E+00
  111   0.45010E+01  0.32779705E+02  0.32779705E+02  0.00000000E+00  0.00000000E+00  0.00000000E+00  0.00000000E+00
  112   0.45510E+01  0.32829154E+02  0.32829154E+02  0.00000000E+00  0.00000000E+00  0.00000000E+00  0.00000000E+00
  113   0.46010E+01  0.32880902E+02  0.32880902E+02  0.00000000E+00  0.00000000E+00  0.00000000E+00  0.00000000E+00
  114   0.46510E+01  0.32934880E+02  0.32934880E+02  0.00000000E+00  0.00000000E+00  0.00000000E+00  0.00000000E+00
  115   0.47010E+01  0.32991016E+02  0.32991016E+02  0.00000000E+00  0.00000000E+00  0.00000000E+00  0.00000000E+00
  116   0.47510E+01  0.33049239E+02  0.33049239E+02  0.00000000E+00  0.00000000E+00  0.00000000E+00  0.00000000E+00
  117   0.48010E+01  0.33109478E+02  0.33109478E+02  0.00000000E+00  0.00000000E+00  0.00000000E+00  0.00000000E+00
  118   0.48510E+01  0.33171658E+02  0.33171658E+02  0.00000000E+00  0.00000000E+00  0.00000000E+00  0.00000000E+00
  119   0.49010E+01  0.33235706E+02  0.33235706E+02  0.00000000E+00  0.00000000E+00  0.00000000E+00  0.00000000E+00
  120   0.49510E+01  0.33301545E+02  0.33301545E+02  0.00000000E+00  0.00000000E+00  0.00000000E+00  0.00000000E+00
  121   0.50010E+01  0.33369099E+02  0.33369099E+02  0.00000000E+00  0.00000000E+00  0.00000000E+00  0.00000000E+00
  122   0.50510E+01  0.33438291E+02  0.33438291E+02  0.00000000E+00  0.00000000E+00  0.00000000E+00  0.00000000E+00
  123   0.51010E+01  0.33509042E+02  0.33509042E+02  0.00000000E+00  0.00000000E+00  0.00000000E+00  0.00000000E+00
  124   0.51510E+01  0.33581272E+02  0.33581272E+02  0.00000000E+00  0.00000000E+00  0.00000000E+00  0.00000000E+00
  125   0.52010E+01  0.33654902E+02  0.33654902E+02  0.00000000E+00  0.00000000E+00  0.00000000E+00  0.00000000E+00
  126   0.52510E+01  0.33729849E+02  0.33729849E+02  0.00000000E+00  0.00000000E+00  0.00000000E+00  0.00000000E+00
  127   0.53010E+01  0.33806033E+02  0.33806033E+02  0.00000000E+00  0.00000000E+00  0.00000000E+00  0.00000000E+00
  128   0.53510E+01  0.33883370E+02  0.33883370E+02  0.00000000E+00  0.00000000E+00  0.00000000E+00  0.00000000E+00
  129   0.54010E+01  0.33961778E+02  0.33961778E+02  0.00000000E+00  0.00000000E+00  0.00000000E+00  0.00000000E+00
  130   0.54510E+01  0.34041173E+02  0.34041173E+02  0.00000000E+00  0.00000000E+00  0.00000000E+00  0.00000000E+00
  131   0.55010E+01  0.34121471E+02  0.34121471E+02  0.00000000E+00  0.00000000E+00  0.00000000E+00  0.00000000E+00
  132   0.55510E+01  0.34202589E+02  0.34202589E+02  0.00000000E+00  0.00000000E+00  0.00000000E+00  0.00000000E+00
  133   0.56010E+01  0.34284441E+02  0.34284441E+02  0.00000000E+00  0.00000000E+00  0.00000000E+00  0.00000000E+00
  134   0.56510E+01  0.34366944E+02  0.34366944E+02  0.00000000E+00  0.00000000E+00  0.00000000E+00  0.00000000E+00
  135   0.57010E+01  0.34450013E+02  0.34450013E+02  0.00000000E+00  0.00000000E+00  0.00000000E+00  0.00000000E+00
  136   0.57510E+01  0.34533565E+02  0.34533565E+02  0.00000000E+00  0.00000000E+00  0.00000000E+00  0.00000000E+00
  137   0.58010E+01  0.34617514E+02  0.34617514E+02  0.00000000E+00  0.00000000E+00  0.00000000E+00  0.00000000E+00
  138   0.58510E+01  0.34701779E+02  0.34701779E+02  0.00000000E+00  0.00000000E+00  0.00000000E+00  0.00000000E+00
  139   0.59010E+01  0.34786275E+02  0.34786275E+02  0.00000000E+00  0.00000000E+00  0.00000000E+00  0.00000000E+00
  140   0.59510E+01  0.34870921E+02  0.34870921E+02  0.00000000E+00  0.00000000E+00  0.00000000E+00  0.00000000E+00
  141   0.60010E+01  0.34955634E+02  0.34955634E+02  0.00000000E+00  0.00000000E+00  0.00000000E+00  0.00000000E+00
  142   0.60510E+01  0.35040333E+02  0.35040333E+02  0.00000000E+00  0.00000000E+00  0.00000000E+00  0.00000000E+00
  143   0.61010E+01  0.35124940E+02  0.35124940E+02  0.00000000E+00  0.00000000E+00  0.00000000E+00  0.00000000E+00
  144   0.61510E+01  0.35209373E+02  0.35209373E+02  0.00000000E+00  0.00000000E+00  0.00000000E+00  0.00000000E+00
  145   0.62010E+01  0.35293556E+02  0.35293556E+02  0.00000000E+00  0.00000000E+00  0.00000000E+00  0.00000000E+00
  146   0.62510E+01  0.35377411E+02  0.35377411E+02  0.00000000E+00  0.00000000E+00  0.00000000E+00  0.00000000E+00
  147   0.63010E+01  0.35460863E+02  0.35460863E+02  0.00000000E+00  0.00000000E+00  0.00000000E+00  0.00000000E+00
  148   0.63510E+01  0.35543838E+02  0.35543838E+02  0.00000000E+00  0.00000000E+00  0.00000000E+00  0.00000000E+00
  149   0.64010E+01  0.35626263E+02  0.35626263E+02  0.00000000E+00  0.00000000E+00  0.00000000E+00  0.00000000E+00
  150   0.64510E+01  0.35708067E+02  0.35708067E+02  0.00000000E+00  0.00000000E+00  0.00000000E+00  0.00000000E+00
  151   0.65010E+01  0.35789180E+02  0.35789180E+02  0.00000000E+00  0.00000000E+00  0.00000000E+00  0.00000000E+00
  152   0.65510E+01  0.35869534E+02  0.35869534E+02  0.00000000E+00  0.00000000E+00  0.00000000E+00  0.00000000E+00
  153   0.66010E+01  0.35949065E+02  0.35949065E+02  0.00000000E+00  0.00000000E+00  0.00000000E+00  0.00000000E+00
  154   0.66510E+01  0.36027706E+02  0.36027706E+02  0.00000000E+00  0.00000000E+00  0.00000000E+00  0.00000000E+00
  155   0.67010E+01  0.36105398E+02  0.36105398E+02  0.00000000E+00  0.00000000E+00  0.00000000E+00  0.00000000E+00
  156   0.67510E+01  0.36182079E+02  0.36182079E+02  0.00000000E+00  0.00000000E+00  0.00000000E+00  0.00000000E+00
  157   0.68010E+01  0.36257691E+02  0.36257691E+02  0.00000000E+00  0.00000000E+00  0.00000000E+00  0.00000000E+00
  158   0.68510E+01  0.36332179E+02  0.36332179E+02  0.00000000E+00  0.00000000E+00  0.00000000E+00  0.00000000E+00
  159   0.69010E+01  0.36405489E+02  0.36405489E+02  0.00000000E+00  0.00000000E+00  0.00000000E+00  0.00000000E+00
  160   0.69510E+01  0.36477570E+02  0.36477570E+02  0.00000000E+00  0.00000000E+00  0.00000000E+00  0.00000000E+00
  161   0.70010E+01  0.36548373E+02  0.36548373E+02  0.00000000E+00  0.00000000E+00  0.00000000E+00  0.00000000E+00
  162   0.70510E+01  0.36617851E+02  0.36617851E+02  0.00000000E+00  0.00000000E+00  0.00000000E+00  0.00000000E+00
  163   0.71010E+01  0.36685961E+02  0.36685961E+02  0.00000000E+00  0.00000000E+00  0.00000000E+00  0.00000000E+00
  164   0.71510E+01  0.36752659E+02  0.36752659E+02  0.00000000E+00  0.00000000E+00  0.00000000E+00  0.00000000E+00
  165   0.72010E+01  0.36817908E+02  0.36817908E+02  0.00000000E+00  0.00000000E+00  0.00000000E+00  0.00000000E+00
  166   0.72510E+01  0.36881670E+02  0.36881670E+02  0.00000000E+00  0.00000000E+00  0.00000000E+00  0.00000000E+00
  167   0.73010E+01  0.36943910E+02  0.36943910E+02  0.00000000E+00  0.00000000E+00  0.00000000E+00  0.00000000E+00
  168   0.73510E+01  0.37004598E+02  0.37004598E+02  0.00000000E+00  0.00000000E+00  0.00000000E+00  0.00000000E+00
  169   0.74010E+01  0.37063704E+02  0.37063704E+02  0.00000000E+00  0.00000000E+00  0.00000000E+00  0.00000000E+00
  170   0.74510E+01  0.37121200E+02  0.37121200E+02  0.00000000E+00  0.00000000E+00  0.00000000E+00  0.00000000E+00
  171   0.75010E+01  0.37177062E+02  0.37177062E+02  0.00000000E+00  0.00000000E+00  0.00000000E+00  0.00000000E+00
  172   0.75510E+01  0.37231270E+02  0.37231270E+02  0.00000000E+00  0.00000000E+00  0.00000000E+00  0.00000000E+00
  173   0.76010E+01  0.37283802E+02  0.37283802E+02  0.00000000E+00  0.00000000E+00  0.00000000E+00  0.00000000E+00
  174   0.76510E+01  0.37334642E+02  0.37334642E+02  0.00000000E+00  0.00000000E+00  0.00000000E+00  0.00000000E+00
  175   0.77010E+01  0.37383776E+02  0.37383776E+02  0.00000000E+00  0.00000000E+00  0.00000000E+00  0.00000000E+00
  176   0.77510E+01  0.37431190E+02  0.37431190E+02  0.00000000E+00  0.00000000E+00  0.00000000E+00  0.00000000E+00
  177   0.78010E+01  0.37476876E+02  0.37476876E+02  0.00000000E+00  0.00000000E+00  0.00000000E+00  0.00000000E+00
  178   0.78510E+01  0.37520825E+02  0.37520825E+02  0.00000000E+00  0.00000000E+00  0.00000000E+00  0.00000000E+00
  179   0.79010E+01  0.37563032E+02  0.37563032E+02  0.00000000E+00  0.00000000E+00  0.00000000E+00  0.00000000E+00
  180   0.79510E+01  0.37603493E+02  0.37603493E+02  0.00000000E+00  0.00000000E+00  0.00000000E+00  0.00000000E+00
  181   0.80010E+01  0.37642206E+02  0.37642206E+02  0.00000000E+00  0.00000000E+00  0.00000000E+00  0.00000000E+00
  182   0.80510E+01  0.37679174E+02  0.37679174E+02  0.00000000E+00  0.00000000E+00  0.00000000E+00  0.00000000E+00
  183   0.81010E+01  0.37714397E+02  0.37714397E+02  0.00000000E+00  0.00000000E+00  0.00000000E+00  0.00000000E+00
  184   0.81510E+01  0.37747880E+02  0.37747880E+02  0.00000000E+00  0.00000000E+00  0.00000000E+00  0.00000000E+00
  185   0.82010E+01  0.37779629E+02  0.37779629E+02  0.00000000E+00  0.00000000E+00  0.00000000E+00  0.00000000E+00
  186   0.82510E+01  0.37809653E+02  0.37809653E+02  0.00000000E+00  0.00000000E+00  0.00000000E+00  0.00000000E+00
  187   0.83010E+01  0.37837961E+02  0.37837961E+02  0.00000000E+00  0.00000000E+00  0.00000000E+00  0.00000000E+00
  188   0.83510E+01  0.37864563E+02  0.37864563E+02  0.00000000E+00  0.00000000E+00  0.00000000E+00  0.00000000E+00
  189   0.84010E+01  0.37889472E+02  0.37889472E+02  0.00000000E+00  0.00000000E+00  0.00000000E+00  0.00000000E+00
  190   0.84510E+01  0.37912702E+02  0.37912702E+02  0.00000000E+00  0.00000000E+00  0.00000000E+00  0.00000000E+00
  191   0.85010E+01  0.37934267E+02  0.37934267E+02  0.00000000E+00  0.00000000E+00  0.00000000E+00  0.00000000E+00
  192   0.85510E+01  0.37954184E+02  0.37954184E+02  0.00000000E+00  0.00000000E+00  0.00000000E+00  0.00000000E+00
  193   0.86010E+01  0.37972469E+02  0.37972469E+02  0.00000000E+00  0.00000000E+00  0.00000000E+00  0.00000000E+00
  194   0.86510E+01  0.37989141E+02  0.37989141E+02  0.00000000E+00  0.00000000E+00  0.00000000E+00  0.00000000E+00
  195   0.87010E+01  0.38004220E+02  0.38004220E+02  0.00000000E+00  0.00000000E+00  0.00000000E+00  0.00000000E+00
  196   0.87510E+01  0.38017724E+02  0.38017724E+02  0.00000000E+00  0.00000000E+00  0.00000000E+00  0.00000000E+00
  197   0.88010E+01  0.38029674E+02  0.38029674E+02  0.00000000E+00  0.00000000E+00  0.00000000E+00  0.00000000E+00
  198   0.88510E+01  0.38040091E+02  0.38040091E+02  0.00000000E+00  0.00000000E+00  0.00000000E+00  0.00000000E+00
  199   0.89010E+01  0.38048998E+02  0.38048998E+02  0.00000000E+00  0.00000000E+00  0.00000000E+00  0.00000000E+00
  200   0.89510E+01  0.38056415E+02  0.38056415E+02  0.00000000E+00  0.00000000E+00  0.00000000E+00  0.00000000E+00
  201   0.90010E+01  0.38062366E+02  0.38062366E+02  0.00000000E+00  0.00000000E+00  0.00000000E+00  0.00000000E+00
  202   0.90510E+01  0.38066874E+02  0.38066874E+02  0.00000000E+00  0.00000000E+00  0.00000000E+00  0.00000000E+00
  203   0.91010E+01  0.38069961E+02  0.38069961E+02  0.00000000E+00  0.00000000E+00  0.00000000E+00  0.00000000E+00
  204   0.91510E+01  0.38071651E+02  0.38071651E+02  0.00000000E+00  0.00000000E+00  0.00000000E+00  0.00000000E+00
  205   0.92010E+01  0.38071967E+02  0.38071967E+02  0.00000000E+00  0.00000000E+00  0.00000000E+00  0.00000000E+00
  206   0.92510E+01  0.38070932E+02  0.38070932E+02  0.00000000E+00  0.00000000E+00  0.00000000E+00  0.00000000E+00
  207   0.93010E+01  0.38068571E+02  0.38068571E+02  0.00000000E+00  0.00000000E+00  0.00000000E+00  0.00000000E+00
  208   0.93510E+01  0.38064905E+02  0.38064905E+02  0.00000000E+00  0.00000000E+00  0.00000000E+00  0.00000000E+00
  209   0.94010E+01  0.38059959E+02  0.38059959E+02  0.00000000E+00  0.00000000E+00  0.00000000E+00  0.00000000E+00
  210   0.94510E+01  0.38053754E+02  0.38053754E+02  0.00000000E+00  0.00000000E+00  0.00000000E+00  0.00000000E+00
  211   0.95010E+01  0.38046315E+02  0.38046315E+02  0.00000000E+00  0.00000000E+00  0.00000000E+00  0.00000000E+00
  212   0.95510E+01  0.38037664E+02  0.38037664E+02  0.00000000E+00  0.00000000E+00  0.00000000E+00  0.00000000E+00
  213   0.96010E+01  0.38027822E+02  0.38027822E+02  0.00000000E+00  0.00000000E+00  0.00000000E+00  0.00000000E+00
  214   0.96510E+01  0.38016812E+02  0.38016812E+02  0.00000000E+00  0.00000000E+00  0.00000000E+00  0.00000000E+00
  215   0.97010E+01  0.38004656E+02  0.38004656E+02  0.00000000E+00  0.00000000E+00  0.00000000E+00  0.00000000E+00
  216   0.97510E+01  0.37991375E+02  0.37991375E+02  0.00000000E+00  0.00000000E+00  0.00000000E+00  0.00000000E+00
  217   0.98010E+01  0.37976989E+02  0.37976989E+02  0.00000000E+00  0.00000000E+00  0.00000000E+00  0.00000000E+00
  218   0.98510E+01  0.37961519E+02  0.37961519E+02  0.00000000E+00  0.00000000E+00  0.00000000E+00  0.00000000E+00
  219   0.99010E+01  0.37944986E+02  0.37944986E+02  0.00000000E+00  0.00000000E+00  0.00000000E+00  0.00000000E+00
  220   0.99510E+01  0.37927410E+02  0.37927410E+02  0.00000000E+00  0.00000000E+00  0.00000000E+00  0.00000000E+00
  221   0.10001E+02  0.37908808E+02  0.37908808E+02  0.00000000E+00  0.00000000E+00  0.00000000E+00  0.00000000E+00
  222   0.10051E+02  0.37889201E+02  0.37889201E+02  0.00000000E+00  0.00000000E+00  0.00000000E+00  0.00000000E+00
  223   0.10101E+02  0.37868607E+02  0.37868607E+02  0.00000000E+00  0.00000000E+00  0.00000000E+00  0.00000000E+00
  224   0.10151E+02  0.37847044E+02  0.37847044E+02  0.00000000E+00  0.00000000E+00  0.00000000E+00  0.00000000E+00
  225   0.10201E+02  0.37824529E+02  0.37824529E+02  0.00000000E+00  0.00000000E+00  0.00000000E+00  0.00000000E+00
  226   0.10251E+02  0.37801081E+02  0.37801081E+02  0.00000000E+00  0.00000000E+00  0.00000000E+00  0.00000000E+00
  227   0.10301E+02  0.37776715E+02  0.37776715E+02  0.00000000E+00  0.00000000E+00  0.00000000E+00  0.00000000E+00
  228   0.10351E+02  0.37751449E+02  0.37751449E+02  0.00000000E+00  0.00000000E+00  0.00000000E+00  0.00000000E+00
  229   0.10401E+02  0.37725298E+02  0.37725298E+02  0.00000000E+00  0.00000000E+00  0.00000000E+00  0.00000000E+00
  230   0.10451E+02  0.37698279E+02  0.37698279E+02  0.00000000E+00  0.00000000E+00  0.00000000E+00  0.00000000E+00
  231   0.10501E+02  0.37670406E+02  0.37670406E+02  0.00000000E+00  0.00000000E+00  0.00000000E+00  0.00000000E+00
  232   0.10551E+02  0.37641696E+02  0.37641696E+02  0.00000000E+00  0.00000000E+00  0.00000000E+00  0.00000000E+00
  233   0.10601E+02  0.37612161E+02  0.37612161E+02  0.00000000E+00  0.00000000E+00  0.00000000E+00  0.00000000E+00
  234   0.10651E+02  0.37581819E+02  0.37581819E+02  0.00000000E+00  0.00000000E+00  0.00000000E+00  0.00000000E+00
  235   0.10701E+02  0.37550681E+02  0.37550681E+02  0.00000000E+00  0.00000000E+00  0.00000000E+00  0.00000000E+00
  236   0.10751E+02  0.37518763E+02  0.37518763E+02  0.00000000E+00  0.00000000E+00  0.00000000E+00  0.00000000E+00
  237   0.10801E+02  0.37486078E+02  0.37486078E+02  0.00000000E+00  0.00000000E+00  0.00000000E+00  0.00000000E+00
  238   0.10851E+02  0.37452639E+02  0.37452639E+02  0.00000000E+00  0.00000000E+00  0.00000000E+00  0.00000000E+00
  239   0.10901E+02  0.37418460E+02  0.37418460E+02  0.00000000E+00  0.00000000E+00  0.00000000E+00  0.00000000E+00
  240   0.10951E+02  0.37383554E+02  0.37383554E+02  0.00000000E+00  0.00000000E+00  0.00000000E+00  0.00000000E+00
  241   0.11001E+02  0.37347933E+02  0.37347933E+02  0.00000000E+00  0.00000000E+00  0.00000000E+00  0.00000000E+00
  242   0.11051E+02  0.37311610E+02  0.37311610E+02  0.00000000E+00  0.00000000E+00  0.00000000E+00  0.00000000E+00
  243   0.11101E+02  0.37274598E+02  0.37274598E+02  0.00000000E+00  0.00000000E+00  0.00000000E+00  0.00000000E+00
  244   0.11151E+02  0.37236908E+02  0.37236908E+02  0.00000000E+00  0.00000000E+00  0.00000000E+00  0.00000000E+00
  245   0.11201E+02  0.37198554E+02  0.37198554E+02  0.00000000E+00  0.00000000E+00  0.00000000E+00  0.00000000E+00
  246   0.11251E+02  0.37159546E+02  0.37159546E+02  0.00000000E+00  0.00000000E+00  0.00000000E+00  0.00000000E+00
  247   0.11301E+02  0.37119897E+02  0.37119897E+02  0.00000000E+00  0.00000000E+00  0.00000000E+00  0.00000000E+00
  248   0.11351E+02  0.37079618E+02  0.37079618E+02  0.00000000E+00  0.00000000E+00  0.00000000E+00  0.00000000E+00
  249   0.11401E+02  0.37038721E+02  0.37038721E+02  0.00000000E+00  0.00000000E+00  0.00000000E+00  0.00000000E+00
  250   0.11451E+02  0.36997217E+02  0.36997217E+02  0.00000000E+00  0.00000000E+00  0.00000000E+00  0.00000000E+00
  251   0.11501E+02  0.36955118E+02  0.36955118E+02  0.00000000E+00  0.00000000E+00  0.00000000E+00  0.00000000E+00
  252   0.11551E+02  0.36912435E+02  0.36912435E+02  0.00000000E+00  0.00000000E+00  0.00000000E+00  0.00000000E+00
  253   0.11601E+02  0.36869179E+02  0.36869179E+02  0.00000000E+00  0.00000000E+00  0.00000000E+00  0.00000000E+00
  254   0.11651E+02  0.36825361E+02  0.36825361E+02  0.00000000E+00  0.00000000E+00  0.00000000E+00  0.00000000E+00
  255   0.11701E+02  0.36780992E+02  0.36780992E+02  0.00000000E+00  0.00000000E+00  0.00000000E+00  0.00000000E+00
  256   0.11751E+02  0.36736082E+02  0.36736082E+02  0.00000000E+00  0.00000000E+00  0.00000000E+00  0.00000000E+00
  257   0.11801E+02  0.36690643E+02  0.36690643E+02  0.00000000E+00  0.00000000E+00  0.00000000E+00  0.00000000E+00
  258   0.11851E+02  0.36644685E+02  0.36644685E+02  0.00000000E+00  0.00000000E+00  0.00000000E+00  0.00000000E+00
  259   0.11901E+02  0.36598218E+02  0.36598218E+02  0.00000000E+00  0.00000000E+00  0.00000000E+00  0.00000000E+00
  260   0.11951E+02  0.36551252E+02  0.36551252E+02  0.00000000E+00  0.00000000E+00  0.00000000E+00  0.00000000E+00
  261   0.12001E+02  0.36503799E+02  0.36503799E+02  0.00000000E+00  0.00000000E+00  0.00000000E+00  0.00000000E+00
  262   0.12051E+02  0.36455867E+02  0.36455867E+02  0.00000000E+00  0.00000000E+00  0.00000000E+00  0.00000000E+00
  263   0.12101E+02  0.36407467E+02  0.36407467E+02  0.00000000E+00  0.00000000E+00  0.00000000E+00  0.00000000E+00
  264   0.12151E+02  0.36358609E+02  0.36358609E+02  0.00000000E+00  0.00000000E+00  0.00000000E+00  0.00000000E+00
  265   0.12201E+02  0.36309302E+02  0.36309302E+02  0.00000000E+00  0.00000000E+00  0.00000000E+00  0.00000000E+00
  266   0.12251E+02  0.36259556E+02  0.36259556E+02  0.00000000E+00  0.00000000E+00  0.00000000E+00  0.00000000E+00
  267   0.12301E+02  0.36209380E+02  0.36209380E+02  0.00000000E+00  0.00000000E+00  0.00000000E+00  0.00000000E+00
  268   0.12351E+02  0.36158784E+02  0.36158784E+02  0.00000000E+00  0.00000000E+00  0.00000000E+00  0.00000000E+00
  269   0.12401E+02  0.36107776E+02  0.36107776E+02  0.00000000E+00  0.00000000E+00  0.00000000E+00  0.00000000E+00
  270   0.12451E+02  0.36056366E+02  0.36056366E+02  0.00000000E+00  0.00000000E+00  0.00000000E+00  0.00000000E+00
  271   0.12501E+02  0.36004562E+02  0.36004562E+02  0.00000000E+00  0.00000000E+00  0.00000000E+00  0.00000000E+00
  272   0.12551E+02  0.35952372E+02  0.35952372E+02  0.00000000E+00  0.00000000E+00  0.00000000E+00  0.00000000E+00
  273   0.12601E+02  0.35899804E+02  0.35899804E+02  0.00000000E+00  0.00000000E+00  0.00000000E+00  0.00000000E+00
  274   0.12651E+02  0.35846868E+02  0.35846868E+02  0.00000000E+00  0.00000000E+00  0.00000000E+00  0.00000000E+00
  275   0.12701E+02  0.35793570E+02  0.35793570E+02  0.00000000E+00  0.00000000E+00  0.00000000E+00  0.00000000E+00
  276   0.12751E+02  0.35739918E+02  0.35739918E+02  0.00000000E+00  0.00000000E+00  0.00000000E+00  0.00000000E+00
  277   0.12801E+02  0.35685920E+02  0.35685920E+02  0.00000000E+00  0.00000000E+00  0.00000000E+00  0.00000000E+00
  278   0.12851E+02  0.35631583E+02  0.35631583E+02  0.00000000E+00  0.00000000E+00  0.00000000E+00  0.00000000E+00
  279   0.12901E+02  0.35576913E+02  0.35576913E+02  0.00000000E+00  0.00000000E+00  0.00000000E+00  0.00000000E+00
  280   0.12951E+02  0.35521917E+02  0.35521917E+02  0.00000000E+00  0.00000000E+00  0.00000000E+00  0.00000000E+00
  281   0.13001E+02  0.35466602E+02  0.35466602E+02  0.00000000E+00  0.00000000E+00  0.00000000E+00  0.00000000E+00
  282   0.13051E+02  0.35410973E+02  0.35410973E+02  0.00000000E+00  0.00000000E+00  0.00000000E+00  0.00000000E+00
  283   0.13101E+02  0.35355036E+02  0.35355036E+02  0.00000000E+00  0.00000000E+00  0.00000000E+00  0.00000000E+00
  284   0.13151E+02  0.35298796E+02  0.35298796E+02  0.00000000E+00  0.00000000E+00  0.00000000E+00  0.00000000E+00
  285   0.13201E+02  0.35242259E+02  0.35242259E+02  0.00000000E+00  0.00000000E+00  0.00000000E+00  0.00000000E+00
  286   0.13251E+02  0.35185428E+02  0.35185428E+02  0.00000000E+00  0.00000000E+00  0.00000000E+00  0.00000000E+00
  287   0.13301E+02  0.35128309E+02  0.35128309E+02  0.00000000E+00  0.00000000E+00  0.00000000E+00  0.00000000E+00
  288   0.13351E+02  0.35070905E+02  0.35070905E+02  0.00000000E+00  0.00000000E+00  0.00000000E+00  0.00000000E+00
  289   0.13401E+02  0.35013220E+02  0.35013220E+02  0.00000000E+00  0.00000000E+00  0.00000000E+00  0.00000000E+00
  290   0.13451E+02  0.34955256E+02  0.34955256E+02  0.00000000E+00  0.00000000E+00  0.00000000E+00  0.00000000E+00
  291   0.13501E+02  0.34897016E+02  0.34897016E+02  0.00000000E+00  0.00000000E+00  0.00000000E+00  0.00000000E+00
  292   0.13551E+02  0.34838502E+02  0.34838502E+02  0.00000000E+00  0.00000000E+00  0.00000000E+00  0.00000000E+00
  293   0.13601E+02  0.34779715E+02  0.34779715E+02  0.00000000E+00  0.00000000E+00  0.00000000E+00  0.00000000E+00
  294   0.13651E+02  0.34720657E+02  0.34720657E+02  0.00000000E+00  0.00000000E+00  0.00000000E+00  0.00000000E+00
  295   0.13701E+02  0.34661326E+02  0.34661326E+02  0.00000000E+00  0.00000000E+00  0.00000000E+00  0.00000000E+00
  296   0.13751E+02  0.34601723E+02  0.34601723E+02  0.00000000E+00  0.00000000E+00  0.00000000E+00  0.00000000E+00
  297   0.13801E+02  0.34541845E+02  0.34541845E+02  0.00000000E+00  0.00000000E+00  0.00000000E+00  0.00000000E+00
  298   0.13851E+02  0.34481691E+02  0.34481691E+02  0.00000000E+00  0.00000000E+00  0.00000000E+00  0.00000000E+00
  299   0.13901E+02  0.34421255E+02  0.34421255E+02  0.00000000E+00  0.00000000E+00  0.00000000E+00  0.00000000E+00
  300   0.13951E+02  0.34360532E+02  0.34360532E+02  0.00000000E+00  0.00000000E+00  0.00000000E+00  0.00000000E+00
  301   0.14001E+02  0.34299516E+02  0.34299516E+02  0.00000000E+00  0.00000000E+00  0.00000000E+00  0.00000000E+00
  302   0.14051E+02  0.34238197E+02  0.34238197E+02  0.00000000E+00  0.00000000E+00  0.00000000E+00  0.00000000E+00
  303   0.14101E+02  0.34176561E+02  0.34176561E+02  0.00000000E+00  0.00000000E+00  0.00000000E+00  0.00000000E+00
  304   0.14151E+02  0.34114593E+02  0.34114593E+02  0.00000000E+00  0.00000000E+00  0.00000000E+00  0.00000000E+00
  305   0.14201E+02  0.34052270E+02  0.34052270E+02  0.00000000E+00  0.00000000E+00  0.00000000E+00  0.00000000E+00
  306   0.14251E+02  0.33989559E+02  0.33989559E+02  0.00000000E+00  0.00000000E+00  0.00000000E+00  0.00000000E+00
  307   0.14301E+02  0.33926415E+02  0.33926415E+02  0.00000000E+00  0.00000000E+00  0.00000000E+00  0.00000000E+00
  308   0.14351E+02  0.33862761E+02  0.33862761E+02  0.00000000E+00  0.00000000E+00  0.00000000E+00  0.00000000E+00
  309   0.14401E+02  0.33798437E+02  0.33798437E+02  0.00000000E+00  0.00000000E+00  0.00000000E+00  0.00000000E+00
  310   0.14451E+02  0.33733555E+02  0.33732078E+02  0.14761343E-02  0.00000000E+00  0.00000000E+00  0.00000000E+00
  311   0.14501E+02  0.33671411E+02  0.33661870E+02  0.95413042E-02  0.00000000E+00  0.00000000E+00  0.00000000E+00
  312   0.14551E+02  0.33610957E+02  0.33590260E+02  0.20696496E-01  0.00000000E+00  0.00000000E+00  0.00000000E+00
  313   0.14601E+02  0.33551551E+02  0.33517895E+02  0.33656410E-01  0.00000000E+00  0.00000000E+00  0.00000000E+00
  314   0.14651E+02  0.33492855E+02  0.33445085E+02  0.47769699E-01  0.00000000E+00  0.00000000E+00  0.00000000E+00
  315   0.14701E+02  0.33434642E+02  0.33372019E+02  0.62623460E-01  0.00000000E+00  0.00000000E+00  0.00000000E+00
  316   0.14751E+02  0.33376748E+02  0.33298817E+02  0.77930843E-01  0.00000000E+00  0.00000000E+00  0.00000000E+00
  317   0.14801E+02  0.33319045E+02  0.33225562E+02  0.93482524E-01  0.00000000E+00  0.00000000E+00  0.00000000E+00
  318   0.14851E+02  0.33261429E+02  0.33152308E+02  0.10912117E+00  0.00000000E+00  0.00000000E+00  0.00000000E+00
  319   0.14901E+02  0.33203815E+02  0.33079088E+02  0.12472627E+00  0.00000000E+00  0.00000000E+00  0.00000000E+00
  320   0.14951E+02  0.33146126E+02  0.33005922E+02  0.14020442E+00  0.00000000E+00  0.00000000E+00  0.00000000E+00
  321   0.15001E+02  0.33088296E+02  0.32932814E+02  0.15548263E+00  0.00000000E+00  0.00000000E+00  0.00000000E+00
  322   0.15051E+02  0.33030263E+02  0.32859759E+02  0.17050363E+00  0.00000000E+00  0.00000000E+00  0.00000000E+00
  323   0.15101E+02  0.32971966E+02  0.32786744E+02  0.18522227E+00  0.00000000E+00  0.00000000E+00  0.00000000E+00
  324   0.15151E+02  0.32913344E+02  0.32713741E+02  0.19960294E+00  0.00000000E+00  0.00000000E+00  0.00000000E+00
  325   0.15201E+02  0.32854334E+02  0.32640716E+02  0.21361734E+00  0.00000000E+00  0.00000000E+00  0.00000000E+00
  326   0.15251E+02  0.32794864E+02  0.32567621E+02  0.22724285E+00  0.00000000E+00  0.00000000E+00  0.00000000E+00
  327   0.15301E+02  0.32734855E+02  0.32494394E+02  0.24046099E+00  0.00000000E+00  0.00000000E+00  0.00000000E+00
  328   0.15351E+02  0.32674210E+02  0.32420954E+02  0.25325611E+00  0.00000000E+00  0.00000000E+00  0.00000000E+00
  329   0.15401E+02  0.32612808E+02  0.32347194E+02  0.26561409E+00  0.00000000E+00  0.00000000E+00  0.00000000E+00
  330   0.15451E+02  0.32550494E+02  0.32272974E+02  0.27752094E+00  0.00000000E+00  0.00000000E+00  0.00000000E+00
  331   0.15501E+02  0.32487049E+02  0.32198088E+02  0.28896107E+00  0.00000000E+00  0.00000000E+00  0.00000000E+00
  332   0.15551E+02  0.32421997E+02  0.32121792E+02  0.29991488E+00  0.29014029E-03  0.00000000E+00  0.00000000E+00
  333   0.15601E+02  0.32354652E+02  0.32041597E+02  0.31035527E+00  0.26997705E-02  0.00000000E+00  0.00000000E+00
  334   0.15651E+02  0.32284979E+02  0.31958562E+02  0.32024122E+00  0.61760124E-02  0.00000000E+00  0.00000000E+00
  335   0.15701E+02  0.32212220E+02  0.31872445E+02  0.32950467E+00  0.10270202E-01  0.00000000E+00  0.00000000E+00
  336   0.15751E+02  0.32134841E+02  0.31782056E+02  0.33802109E+00  0.14763764E-01  0.00000000E+00  0.00000000E+00
  337   0.15801E+02  0.32049512E+02  0.31684469E+02  0.34552549E+00  0.19517406E-01  0.00000000E+00  0.00000000E+00
  338   0.15851E+02  0.31946683E+02  0.31570985E+02  0.35126659E+00  0.24431393E-01  0.00000000E+00  0.00000000E+00
  339   0.15901E+02  0.31736741E+02  0.31358937E+02  0.34837812E+00  0.29425703E-01  0.00000000E+00  0.00000000E+00
  340   0.15951E+02  0.31909009E+02  0.31207901E+02  0.34682709E+00  0.34424451E-01  0.31985640E+00  0.00000000E+00
  341   0.16001E+02  0.31945386E+02  0.31182135E+02  0.35804893E+00  0.39407981E-01  0.36579435E+00  0.00000000E+00
  342   0.16051E+02  0.31941261E+02  0.31149474E+02  0.36894199E+00  0.44348284E-01  0.37849682E+00  0.00000000E+00
  343   0.16101E+02  0.31917343E+02  0.31108670E+02  0.37910206E+00  0.49223009E-01  0.38034785E+00  0.00000000E+00
  344   0.16151E+02  0.31882107E+02  0.31061109E+02  0.38851300E+00  0.54015078E-01  0.37847022E+00  0.00000000E+00
  345   0.16201E+02  0.31839888E+02  0.31008237E+02  0.39722498E+00  0.58711631E-01  0.37571346E+00  0.00000000E+00
  346   0.16251E+02  0.31793170E+02  0.30951243E+02  0.40529687E+00  0.63303185E-01  0.37332702E+00  0.00000000E+00
  347   0.16301E+02  0.31743496E+02  0.30891063E+02  0.41278367E+00  0.67782957E-01  0.37186625E+00  0.00000000E+00
  348   0.16351E+02  0.31691868E+02  0.30828430E+02  0.41973447E+00  0.72146331E-01  0.37155765E+00  0.00000000E+00
  349   0.16401E+02  0.31638973E+02  0.30763927E+02  0.42619293E+00  0.76390441E-01  0.37246293E+00  0.00000000E+00
  350   0.16451E+02  0.31585292E+02  0.30698021E+02  0.43219832E+00  0.80513820E-01  0.37455827E+00  0.00000000E+00
  351   0.16501E+02  0.31531171E+02  0.30631094E+02  0.43778660E+00  0.84516125E-01  0.37777455E+00  0.00000000E+00
  352   0.16551E+02  0.31476869E+02  0.30563461E+02  0.44299114E+00  0.88397913E-01  0.38201847E+00  0.00000000E+00
  353   0.16601E+02  0.31422575E+02  0.30495387E+02  0.44784344E+00  0.92160451E-01  0.38718399E+00  0.00000000E+00
  354   0.16651E+02  0.31368435E+02  0.30427097E+02  0.45237348E+00  0.95805565E-01  0.39315847E+00  0.00000000E+00
  355   0.16701E+02  0.31314557E+02  0.30358786E+02  0.45661010E+00  0.99335509E-01  0.39982617E+00  0.00000000E+00
  356   0.16751E+02  0.31261025E+02  0.30290620E+02  0.46058112E+00  0.10275287E+00  0.40707014E+00  0.00000000E+00
  357   0.16801E+02  0.31207896E+02  0.30222749E+02  0.46431346E+00  0.10606046E+00  0.41477349E+00  0.00000000E+00
  358   0.16851E+02  0.31155215E+02  0.30155301E+02  0.46783313E+00  0.10926128E+00  0.42282016E+00  0.00000000E+00
  359   0.16901E+02  0.31103008E+02  0.30088388E+02  0.47116517E+00  0.11235841E+00  0.43109565E+00  0.00000000E+00
  360   0.16951E+02  0.31051288E+02  0.30022112E+02  0.47433357E+00  0.11535500E+00  0.43948769E+00  0.00000000E+00
  361   0.17001E+02  0.31000059E+02  0.29956557E+02  0.47736107E+00  0.11825421E+00  0.44788699E+00  0.00000000E+00
  362   0.17051E+02  0.30949313E+02  0.29891797E+02  0.48026903E+00  0.12105918E+00  0.45618805E+00  0.00000000E+00
  363   0.17101E+02  0.30899034E+02  0.29827894E+02  0.48307726E+00  0.12377299E+00  0.46429003E+00  0.00000000E+00
  364   0.17151E+02  0.30849198E+02  0.29764898E+02  0.48580382E+00  0.12639864E+00  0.47209772E+00  0.00000000E+00
  365   0.17201E+02  0.30799774E+02  0.29702848E+02  0.48846485E+00  0.12893901E+00  0.47952245E+00  0.00000000E+00
  366   0.17251E+02  0.30750725E+02  0.29641771E+02  0.49107444E+00  0.13139689E+00  0.48648306E+00  0.00000000E+00
  367   0.17301E+02  0.30702010E+02  0.29581684E+02  0.49364452E+00  0.13377489E+00  0.49290670E+00  0.00000000E+00
  368   0.17351E+02  0.30653585E+02  0.29522595E+02  0.49618477E+00  0.13607548E+00  0.49872963E+00  0.00000000E+00
  369   0.17401E+02  0.30605400E+02  0.29464499E+02  0.49870262E+00  0.13830093E+00  0.50389775E+00  0.00000000E+00
  370   0.17451E+02  0.30557408E+02  0.29407384E+02  0.50120328E+00  0.14045334E+00  0.50836707E+00  0.00000000E+00
  371   0.17501E+02  0.30509558E+02  0.29351229E+02  0.50368979E+00  0.14253458E+00  0.51210386E+00  0.00000000E+00
  372   0.17551E+02  0.30461800E+02  0.29296006E+02  0.50616314E+00  0.14454630E+00  0.51508468E+00  0.00000000E+00
  373   0.17601E+02  0.30414086E+02  0.29241677E+02  0.50862246E+00  0.14648992E+00  0.51729619E+00  0.00000000E+00
  374   0.17651E+02  0.30366369E+02  0.29188203E+02  0.51106521E+00  0.14836656E+00  0.51873468E+00  0.00000000E+00
  375   0.17701E+02  0.30318606E+02  0.29135536E+02  0.51348737E+00  0.15017710E+00  0.51940559E+00  0.00000000E+00
  376   0.17751E+02  0.30270756E+02  0.29083628E+02  0.51588372E+00  0.15192211E+00  0.51932270E+00  0.00000000E+00
  377   0.17801E+02  0.30222781E+02  0.29032423E+02  0.51824808E+00  0.15360183E+00  0.51850739E+00  0.00000000E+00
  378   0.17851E+02  0.30174646E+02  0.28981869E+02  0.52057353E+00  0.15521619E+00  0.51698772E+00  0.00000000E+00
  379   0.17901E+02  0.30126323E+02  0.28931908E+02  0.52285269E+00  0.15676475E+00  0.51479752E+00  0.00000000E+00
  380   0.17951E+02  0.30077783E+02  0.28882483E+02  0.52507791E+00  0.15824668E+00  0.51197553E+00  0.00000000E+00
  381   0.18001E+02  0.30029005E+02  0.28833538E+02  0.52724151E+00  0.15966078E+00  0.50856447E+00  0.00000000E+00
  382   0.18051E+02  0.29979968E+02  0.28785016E+02  0.52933592E+00  0.16100540E+00  0.50461035E+00  0.00000000E+00
  383   0.18101E+02  0.29930656E+02  0.28736862E+02  0.53135383E+00  0.16227847E+00  0.50016165E+00  0.00000000E+00
  384   0.18151E+02  0.29881055E+02  0.28689020E+02  0.53328836E+00  0.16347747E+00  0.49526882E+00  0.00000000E+00
  385   0.18201E+02  0.29831153E+02  0.28641437E+02  0.53513312E+00  0.16459939E+00  0.48998370E+00  0.00000000E+00
  386   0.18251E+02  0.29780942E+02  0.28594060E+02  0.53688228E+00  0.16564075E+00  0.48435918E+00  0.00000000E+00
  387   0.18301E+02  0.29730414E+02  0.28546837E+02  0.53853064E+00  0.16659756E+00  0.47844891E+00  0.00000000E+00
  388   0.18351E+02  0.29679562E+02  0.28499716E+02  0.54007361E+00  0.16746535E+00  0.47230712E+00  0.00000000E+00
  389   0.18401E+02  0.29628383E+02  0.28452648E+02  0.54150730E+00  0.16823914E+00  0.46598849E+00  0.00000000E+00
  390   0.18451E+02  0.29576873E+02  0.28405582E+02  0.54282843E+00  0.16891349E+00  0.45954816E+00  0.00000000E+00
  391   0.18501E+02  0.29525028E+02  0.28358470E+02  0.54403435E+00  0.16948248E+00  0.45304175E+00  0.00000000E+00
  392   0.18551E+02  0.29472849E+02  0.28311260E+02  0.54512300E+00  0.16993975E+00  0.44652545E+00  0.00000000E+00
  393   0.18601E+02  0.29420333E+02  0.28263905E+02  0.54609288E+00  0.17027860E+00  0.44005609E+00  0.00000000E+00
  394   0.18651E+02  0.29367480E+02  0.28216354E+02  0.54694301E+00  0.17049195E+00  0.43369124E+00  0.00000000E+00
  395   0.18701E+02  0.29314293E+02  0.28168559E+02  0.54767286E+00  0.17057252E+00  0.42748935E+00  0.00000000E+00
  396   0.18751E+02  0.29260774E+02  0.28120469E+02  0.54828232E+00  0.17051285E+00  0.42150974E+00  0.00000000E+00
  397   0.18801E+02  0.29206927E+02  0.28072037E+02  0.54877167E+00  0.17030543E+00  0.41581270E+00  0.00000000E+00
  398   0.18851E+02  0.29152757E+02  0.28023214E+02  0.54914149E+00  0.16994285E+00  0.41045940E+00  0.00000000E+00
  399   0.18901E+02  0.29098274E+02  0.27973952E+02  0.54939264E+00  0.16941790E+00  0.40551187E+00  0.00000000E+00
  400   0.18951E+02  0.29043489E+02  0.27924207E+02  0.54952619E+00  0.16872378E+00  0.40103280E+00  0.00000000E+00
  401   0.19001E+02  0.28988417E+02  0.27873934E+02  0.54954339E+00  0.16785426E+00  0.39708536E+00  0.00000000E+00
  402   0.19051E+02  0.28933075E+02  0.27823092E+02  0.54944564E+00  0.16680383E+00  0.39373294E+00  0.00000000E+00
  403   0.19101E+02  0.28877487E+02  0.27771645E+02  0.54923438E+00  0.16556796E+00  0.39103889E+00  0.00000000E+00
  404   0.19151E+02  0.28821680E+02  0.27719560E+02  0.54891112E+00  0.16414326E+00  0.38906617E+00  0.00000000E+00
  405   0.19201E+02  0.28765689E+02  0.27666807E+02  0.54847735E+00  0.16252767E+00  0.38787719E+00  0.00000000E+00
  406   0.19251E+02  0.28709553E+02  0.27613365E+02  0.54793448E+00  0.16072067E+00  0.38753358E+00  0.00000000E+00
  407   0.19301E+02  0.28653321E+02  0.27559217E+02  0.54728385E+00  0.15872345E+00  0.38809635E+00  0.00000000E+00
  408   0.19351E+02  0.28597047E+02  0.27504356E+02  0.54652661E+00  0.15653904E+00  0.38962621E+00  0.00000000E+00
  409   0.19401E+02  0.28540798E+02  0.27448777E+02  0.54566372E+00  0.15417242E+00  0.39218463E+00  0.00000000E+00
  410   0.19451E+02  0.28484650E+02  0.27392488E+02  0.54469583E+00  0.15163059E+00  0.39583582E+00  0.00000000E+00
  411   0.19501E+02  0.28428694E+02  0.27335498E+02  0.54362329E+00  0.14892251E+00  0.40065036E+00  0.00000000E+00
  412   0.19551E+02  0.28373040E+02  0.27277823E+02  0.54244599E+00  0.14605893E+00  0.40671211E+00  0.00000000E+00
  413   0.19601E+02  0.28317823E+02  0.27219476E+02  0.54116337E+00  0.14305184E+00  0.41413147E+00  0.00000000E+00
  414   0.19651E+02  0.28263222E+02  0.27160461E+02  0.53977426E+00  0.13991315E+00  0.42307320E+00  0.00000000E+00
  415   0.19701E+02  0.28209492E+02  0.27100741E+02  0.53827699E+00  0.13665113E+00  0.43382324E+00  0.00000000E+00
  416   0.19751E+02  0.28157072E+02  0.27040154E+02  0.53666997E+00  0.13325840E+00  0.44698883E+00  0.00000000E+00
  417   0.19801E+02  0.28107041E+02  0.26977997E+02  0.53495664E+00  0.12965067E+00  0.46443643E+00  0.00000000E+00
  418   0.19851E+02  0.28072729E+02  0.26922258E+02  0.53310509E+00  0.12828564E+00  0.47351126E+00  0.15569203E-01
  419   0.19901E+02  0.28028065E+02  0.26881535E+02  0.53069698E+00  0.12976903E+00  0.45711341E+00  0.28950166E-01
  420   0.19951E+02  0.27979540E+02  0.26835863E+02  0.52812745E+00  0.13006534E+00  0.44949350E+00  0.35991095E-01


 *** Task has been successfully completed ***
