+-------------------------------------------------------------------------+
|              _              |                                           |
| || || ||//  | \          |  | University College London (C) 1994 - 2020 |
| || || ||    | / |/\/\ /\ |  | Open University           (C) 2007 - 2020 |
| \\_// ||\\  | \ | | | \/ |  |                                           |
|                             |                                           |
+-------------------------------------------------------------------------+
| Last revision: unknown                                                  |
| Last author:   unknown                                                  |
| Last date:     unknown                                                  |
+-------------------------------------------------------------------------+
MPI startup(): PMI server not found. Please set I_MPI_PMI_LIBRARY variable if it is not a singleton case.


 Program EIGENP

e + H2O - doublet App                                       20230416  145210.982


 K-matrix input, set  1 on unit921

 Symmetry data  MGVN = 1   STOT = 2   GUTOT = 2

 K-matrices are vibrationally resolved

 Number of target states       =   5
 Number of scattering channels =  60

 Input Energy grid (Ryd) 
 Number of points        20       400
 Initial values     0.00001   0.00007
 Increments         0.00004   0.00367

 Target and channel data is read from set  1 on unit 10

 Target state    Spin    M    G/U  Energy (au)
         1         1     0     0  -76.096973
         2         3     1     0  -75.566616
         3         1     1     0  -75.525992
         4         3     0     0  -75.512558
         5         1     0     0  -75.367922

 Channel   Vibronic level   L   M  Threshold (Ryd)
    1              1        1   1    0.000000
    2              1        2  -2    0.000000
    3              1        2   1    0.000000
    4              1        3  -2    0.000000
    5              1        3   1    0.000000
    6              1        3   3    0.000000
    7              1        4  -4    0.000000
    8              1        4  -2    0.000000
    9              1        4   1    0.000000
   10              1        4   3    0.000000
   11              2        0   0    1.060714
   12              2        1  -1    1.060714
   13              2        1   0    1.060714
   14              2        2  -1    1.060714
   15              2        2   0    1.060714
   16              2        2   2    1.060714
   17              2        3  -3    1.060714
   18              2        3  -1    1.060714
   19              2        3   0    1.060714
   20              2        3   2    1.060714
   21              2        4  -3    1.060714
   22              2        4  -1    1.060714
   23              2        4   0    1.060714
   24              2        4   2    1.060714
   25              2        4   4    1.060714
   26              3        0   0    1.141962
   27              3        1  -1    1.141962
   28              3        1   0    1.141962
   29              3        2  -1    1.141962
   30              3        2   0    1.141962
   31              3        2   2    1.141962
   32              3        3  -3    1.141962
   33              3        3  -1    1.141962
   34              3        3   0    1.141962
   35              3        3   2    1.141962
   36              3        4  -3    1.141962
   37              3        4  -1    1.141962
   38              3        4   0    1.141962
   39              3        4   2    1.141962
   40              3        4   4    1.141962
   41              4        1   1    1.168830
   42              4        2  -2    1.168830
   43              4        2   1    1.168830
   44              4        3  -2    1.168830
   45              4        3   1    1.168830
   46              4        3   3    1.168830
   47              4        4  -4    1.168830
   48              4        4  -2    1.168830
   49              4        4   1    1.168830
   50              4        4   3    1.168830
   51              5        1   1    1.458102
   52              5        2  -2    1.458102
   53              5        2   1    1.458102
   54              5        3  -2    1.458102
   55              5        3   1    1.458102
   56              5        3   3    1.458102
   57              5        4  -4    1.458102
   58              5        4  -2    1.458102
   59              5        4   1    1.458102
   60              5        4   3    1.458102

 Eigenphases will be computed for 420 energies in the K-matrix file from  0.0001 to 19.9510 EV 


 e + H2O - doublet App                                       20230416  145210.982

                              TABLE OF EIGENPHASES

    I   E(EV )       EIGENPHASE SUM  CHANNEL :
    1   0.15000E-03  0.24858096E-01
    2   0.65000E-03  0.40339586E-01
    3   0.11500E-02  0.38403732E-01
    4   0.16500E-02  0.37156864E-01
    5   0.21500E-02  0.36253387E-01
    6   0.26500E-02  0.35508069E-01
    7   0.31500E-02  0.34848228E-01
    8   0.36500E-02  0.34242936E-01
    9   0.41500E-02  0.33677327E-01
   10   0.46500E-02  0.33143232E-01
   11   0.51500E-02  0.32635537E-01
   12   0.56500E-02  0.32150669E-01
   13   0.61500E-02  0.31685906E-01
   14   0.66500E-02  0.31239074E-01
   15   0.71500E-02  0.30808398E-01
   16   0.76500E-02  0.30392363E-01
   17   0.81500E-02  0.29989641E-01
   18   0.86500E-02  0.29599088E-01
   19   0.91500E-02  0.29219704E-01
   20   0.96500E-02  0.28850613E-01
   21   0.10000E-02  0.38900031E-01
   22   0.51000E-01  0.10546725E-01
   23   0.10100E+00 -0.29388615E-02
   24   0.15100E+00 -0.13623093E-01
   25   0.20100E+00 -0.22905890E-01
   26   0.25100E+00 -0.31320756E-01
   27   0.30100E+00 -0.39136259E-01
   28   0.35100E+00 -0.46508929E-01
   29   0.40100E+00 -0.53538777E-01
   30   0.45100E+00 -0.60293841E-01
   31   0.50100E+00 -0.66822541E-01
   32   0.55100E+00 -0.73160490E-01
   33   0.60100E+00 -0.79334540E-01
   34   0.65100E+00 -0.85365306E-01
   35   0.70100E+00 -0.91268831E-01
   36   0.75100E+00 -0.97057716E-01
   37   0.80100E+00 -0.10274192E+00
   38   0.85100E+00 -0.10832936E+00
   39   0.90100E+00 -0.11382630E+00
   40   0.95100E+00 -0.11923772E+00
   41   0.10010E+01 -0.12456757E+00
   42   0.10510E+01 -0.12981897E+00
   43   0.11010E+01 -0.13499434E+00
   44   0.11510E+01 -0.14009559E+00
   45   0.12010E+01 -0.14512420E+00
   46   0.12510E+01 -0.15008130E+00
   47   0.13010E+01 -0.15496776E+00
   48   0.13510E+01 -0.15978425E+00
   49   0.14010E+01 -0.16453130E+00
   50   0.14510E+01 -0.16920932E+00
   51   0.15010E+01 -0.17381868E+00
   52   0.15510E+01 -0.17835971E+00
   53   0.16010E+01 -0.18283271E+00
   54   0.16510E+01 -0.18723802E+00
   55   0.17010E+01 -0.19157600E+00
   56   0.17510E+01 -0.19584705E+00
   57   0.18010E+01 -0.20005164E+00
   58   0.18510E+01 -0.20419029E+00
   59   0.19010E+01 -0.20826360E+00
   60   0.19510E+01 -0.21227225E+00
   61   0.20010E+01 -0.21621698E+00
   62   0.20510E+01 -0.22009862E+00
   63   0.21010E+01 -0.22391806E+00
   64   0.21510E+01 -0.22767629E+00
   65   0.22010E+01 -0.23137435E+00
   66   0.22510E+01 -0.23501336E+00
   67   0.23010E+01 -0.23859449E+00
   68   0.23510E+01 -0.24211898E+00
   69   0.24010E+01 -0.24558812E+00
   70   0.24510E+01 -0.24900323E+00
   71   0.25010E+01 -0.25236570E+00
   72   0.25510E+01 -0.25567692E+00
   73   0.26010E+01 -0.25893833E+00
   74   0.26510E+01 -0.26215138E+00
   75   0.27010E+01 -0.26531753E+00
   76   0.27510E+01 -0.26843826E+00
   77   0.28010E+01 -0.27151503E+00
   78   0.28510E+01 -0.27454931E+00
   79   0.29010E+01 -0.27754254E+00
   80   0.29510E+01 -0.28049617E+00
   81   0.30010E+01 -0.28341159E+00
   82   0.30510E+01 -0.28629019E+00
   83   0.31010E+01 -0.28913331E+00
   84   0.31510E+01 -0.29194225E+00
   85   0.32010E+01 -0.29471828E+00
   86   0.32510E+01 -0.29746260E+00
   87   0.33010E+01 -0.30017638E+00
   88   0.33510E+01 -0.30286073E+00
   89   0.34010E+01 -0.30551669E+00
   90   0.34510E+01 -0.30814525E+00
   91   0.35010E+01 -0.31074735E+00
   92   0.35510E+01 -0.31332383E+00
   93   0.36010E+01 -0.31587551E+00
   94   0.36510E+01 -0.31840311E+00
   95   0.37010E+01 -0.32090729E+00
   96   0.37510E+01 -0.32338865E+00
   97   0.38010E+01 -0.32584772E+00
   98   0.38510E+01 -0.32828497E+00
   99   0.39010E+01 -0.33070077E+00
  100   0.39510E+01 -0.33309545E+00
  101   0.40010E+01 -0.33546929E+00
  102   0.40510E+01 -0.33782247E+00
  103   0.41010E+01 -0.34015512E+00
  104   0.41510E+01 -0.34246732E+00
  105   0.42010E+01 -0.34475908E+00
  106   0.42510E+01 -0.34703036E+00
  107   0.43010E+01 -0.34928105E+00
  108   0.43510E+01 -0.35151101E+00
  109   0.44010E+01 -0.35372002E+00
  110   0.44510E+01 -0.35590785E+00
  111   0.45010E+01 -0.35807419E+00
  112   0.45510E+01 -0.36021872E+00
  113   0.46010E+01 -0.36234105E+00
  114   0.46510E+01 -0.36444078E+00
  115   0.47010E+01 -0.36651746E+00
  116   0.47510E+01 -0.36857064E+00
  117   0.48010E+01 -0.37059980E+00
  118   0.48510E+01 -0.37260444E+00
  119   0.49010E+01 -0.37458401E+00
  120   0.49510E+01 -0.37653797E+00
  121   0.50010E+01 -0.37846574E+00
  122   0.50510E+01 -0.38036675E+00
  123   0.51010E+01 -0.38224042E+00
  124   0.51510E+01 -0.38408617E+00
  125   0.52010E+01 -0.38590341E+00
  126   0.52510E+01 -0.38769157E+00
  127   0.53010E+01 -0.38945007E+00
  128   0.53510E+01 -0.39117835E+00
  129   0.54010E+01 -0.39287586E+00
  130   0.54510E+01 -0.39454206E+00
  131   0.55010E+01 -0.39617644E+00
  132   0.55510E+01 -0.39777850E+00
  133   0.56010E+01 -0.39934775E+00
  134   0.56510E+01 -0.40088377E+00
  135   0.57010E+01 -0.40238611E+00
  136   0.57510E+01 -0.40385440E+00
  137   0.58010E+01 -0.40528826E+00
  138   0.58510E+01 -0.40668737E+00
  139   0.59010E+01 -0.40805145E+00
  140   0.59510E+01 -0.40938022E+00
  141   0.60010E+01 -0.41067348E+00
  142   0.60510E+01 -0.41193104E+00
  143   0.61010E+01 -0.41315277E+00
  144   0.61510E+01 -0.41433856E+00
  145   0.62010E+01 -0.41548836E+00
  146   0.62510E+01 -0.41660215E+00
  147   0.63010E+01 -0.41767996E+00
  148   0.63510E+01 -0.41872187E+00
  149   0.64010E+01 -0.41972798E+00
  150   0.64510E+01 -0.42069846E+00
  151   0.65010E+01 -0.42163350E+00
  152   0.65510E+01 -0.42253336E+00
  153   0.66010E+01 -0.42339831E+00
  154   0.66510E+01 -0.42422869E+00
  155   0.67010E+01 -0.42502487E+00
  156   0.67510E+01 -0.42578725E+00
  157   0.68010E+01 -0.42651630E+00
  158   0.68510E+01 -0.42721250E+00
  159   0.69010E+01 -0.42787638E+00
  160   0.69510E+01 -0.42850850E+00
  161   0.70010E+01 -0.42910947E+00
  162   0.70510E+01 -0.42967992E+00
  163   0.71010E+01 -0.43022051E+00
  164   0.71510E+01 -0.43073195E+00
  165   0.72010E+01 -0.43121496E+00
  166   0.72510E+01 -0.43167030E+00
  167   0.73010E+01 -0.43209874E+00
  168   0.73510E+01 -0.43250110E+00
  169   0.74010E+01 -0.43287821E+00
  170   0.74510E+01 -0.43323090E+00
  171   0.75010E+01 -0.43356005E+00
  172   0.75510E+01 -0.43386654E+00
  173   0.76010E+01 -0.43415128E+00
  174   0.76510E+01 -0.43441516E+00
  175   0.77010E+01 -0.43465912E+00
  176   0.77510E+01 -0.43488407E+00
  177   0.78010E+01 -0.43509097E+00
  178   0.78510E+01 -0.43528075E+00
  179   0.79010E+01 -0.43545435E+00
  180   0.79510E+01 -0.43561272E+00
  181   0.80010E+01 -0.43575680E+00
  182   0.80510E+01 -0.43588752E+00
  183   0.81010E+01 -0.43600583E+00
  184   0.81510E+01 -0.43611264E+00
  185   0.82010E+01 -0.43620887E+00
  186   0.82510E+01 -0.43629543E+00
  187   0.83010E+01 -0.43637321E+00
  188   0.83510E+01 -0.43644308E+00
  189   0.84010E+01 -0.43650590E+00
  190   0.84510E+01 -0.43656251E+00
  191   0.85010E+01 -0.43661373E+00
  192   0.85510E+01 -0.43666036E+00
  193   0.86010E+01 -0.43670317E+00
  194   0.86510E+01 -0.43674292E+00
  195   0.87010E+01 -0.43678032E+00
  196   0.87510E+01 -0.43681606E+00
  197   0.88010E+01 -0.43685082E+00
  198   0.88510E+01 -0.43688523E+00
  199   0.89010E+01 -0.43691989E+00
  200   0.89510E+01 -0.43695536E+00
  201   0.90010E+01 -0.43699219E+00
  202   0.90510E+01 -0.43703088E+00
  203   0.91010E+01 -0.43707188E+00
  204   0.91510E+01 -0.43711562E+00
  205   0.92010E+01 -0.43716250E+00
  206   0.92510E+01 -0.43721286E+00
  207   0.93010E+01 -0.43726701E+00
  208   0.93510E+01 -0.43732524E+00
  209   0.94010E+01 -0.43738776E+00
  210   0.94510E+01 -0.43745477E+00
  211   0.95010E+01 -0.43752643E+00
  212   0.95510E+01 -0.43760283E+00
  213   0.96010E+01 -0.43768405E+00
  214   0.96510E+01 -0.43777012E+00
  215   0.97010E+01 -0.43786102E+00
  216   0.97510E+01 -0.43795669E+00
  217   0.98010E+01 -0.43805704E+00
  218   0.98510E+01 -0.43816193E+00
  219   0.99010E+01 -0.43827119E+00
  220   0.99510E+01 -0.43838459E+00
  221   0.10001E+02 -0.43850188E+00
  222   0.10051E+02 -0.43862277E+00
  223   0.10101E+02 -0.43874691E+00
  224   0.10151E+02 -0.43887394E+00
  225   0.10201E+02 -0.43900345E+00
  226   0.10251E+02 -0.43913499E+00
  227   0.10301E+02 -0.43926809E+00
  228   0.10351E+02 -0.43940223E+00
  229   0.10401E+02 -0.43953686E+00
  230   0.10451E+02 -0.43967141E+00
  231   0.10501E+02 -0.43980527E+00
  232   0.10551E+02 -0.43993780E+00
  233   0.10601E+02 -0.44006834E+00
  234   0.10651E+02 -0.44019620E+00
  235   0.10701E+02 -0.44032066E+00
  236   0.10751E+02 -0.44044098E+00
  237   0.10801E+02 -0.44055640E+00
  238   0.10851E+02 -0.44066613E+00
  239   0.10901E+02 -0.44076939E+00
  240   0.10951E+02 -0.44086534E+00
  241   0.11001E+02 -0.44095316E+00
  242   0.11051E+02 -0.44103201E+00
  243   0.11101E+02 -0.44110101E+00
  244   0.11151E+02 -0.44115932E+00
  245   0.11201E+02 -0.44120605E+00
  246   0.11251E+02 -0.44124031E+00
  247   0.11301E+02 -0.44126124E+00
  248   0.11351E+02 -0.44126792E+00
  249   0.11401E+02 -0.44125949E+00
  250   0.11451E+02 -0.44123504E+00
  251   0.11501E+02 -0.44119370E+00
  252   0.11551E+02 -0.44113459E+00
  253   0.11601E+02 -0.44105683E+00
  254   0.11651E+02 -0.44095956E+00
  255   0.11701E+02 -0.44084193E+00
  256   0.11751E+02 -0.44070309E+00
  257   0.11801E+02 -0.44054222E+00
  258   0.11851E+02 -0.44035852E+00
  259   0.11901E+02 -0.44015118E+00
  260   0.11951E+02 -0.43991943E+00
  261   0.12001E+02 -0.43966252E+00
  262   0.12051E+02 -0.43937972E+00
  263   0.12101E+02 -0.43907033E+00
  264   0.12151E+02 -0.43873365E+00
  265   0.12201E+02 -0.43836905E+00
  266   0.12251E+02 -0.43797588E+00
  267   0.12301E+02 -0.43755356E+00
  268   0.12351E+02 -0.43710152E+00
  269   0.12401E+02 -0.43661921E+00
  270   0.12451E+02 -0.43610614E+00
  271   0.12501E+02 -0.43556184E+00
  272   0.12551E+02 -0.43498587E+00
  273   0.12601E+02 -0.43437782E+00
  274   0.12651E+02 -0.43373732E+00
  275   0.12701E+02 -0.43306405E+00
  276   0.12751E+02 -0.43235769E+00
  277   0.12801E+02 -0.43161798E+00
  278   0.12851E+02 -0.43084468E+00
  279   0.12901E+02 -0.43003759E+00
  280   0.12951E+02 -0.42919654E+00
  281   0.13001E+02 -0.42832137E+00
  282   0.13051E+02 -0.42741196E+00
  283   0.13101E+02 -0.42646821E+00
  284   0.13151E+02 -0.42549004E+00
  285   0.13201E+02 -0.42447736E+00
  286   0.13251E+02 -0.42343010E+00
  287   0.13301E+02 -0.42234817E+00
  288   0.13351E+02 -0.42123147E+00
  289   0.13401E+02 -0.42007984E+00
  290   0.13451E+02 -0.41889308E+00
  291   0.13501E+02 -0.41767087E+00
  292   0.13551E+02 -0.41641276E+00
  293   0.13601E+02 -0.41511810E+00
  294   0.13651E+02 -0.41378596E+00
  295   0.13701E+02 -0.41241500E+00
  296   0.13751E+02 -0.41100328E+00
  297   0.13801E+02 -0.40954801E+00
  298   0.13851E+02 -0.40804507E+00
  299   0.13901E+02 -0.40648832E+00
  300   0.13951E+02 -0.40486833E+00
  301   0.14001E+02 -0.40317008E+00
  302   0.14051E+02 -0.40136847E+00
  303   0.14101E+02 -0.39941850E+00
  304   0.14151E+02 -0.39723142E+00
  305   0.14201E+02 -0.39460489E+00
  306   0.14251E+02 -0.39095503E+00
  307   0.14301E+02 -0.38359189E+00
  308   0.14351E+02 -0.26147782E+00
  309   0.14401E+02 -0.40601460E+00
  310   0.14451E+02  0.21994700E+01
  311   0.14501E+02  0.18360004E+01
  312   0.14551E+02  0.16576553E+01
  313   0.14601E+02  0.15425426E+01
  314   0.14651E+02  0.14615425E+01
  315   0.14701E+02  0.14035787E+01
  316   0.14751E+02  0.13638901E+01
  317   0.14801E+02  0.13407687E+01
  318   0.14851E+02  0.13345261E+01
  319   0.14901E+02  0.13473460E+01
  320   0.14951E+02  0.13837011E+01
  321   0.15001E+02  0.14513024E+01
  322   0.15051E+02  0.15624072E+01
  323   0.15101E+02  0.17339200E+01
  324   0.15151E+02  0.19799314E+01
  325   0.15201E+02  0.22872971E+01
  326   0.15251E+02  0.25986004E+01
  327   0.15301E+02  0.28564230E+01
  328   0.15351E+02  0.30479295E+01
  329   0.15401E+02  0.31882523E+01
  330   0.15451E+02  0.32967555E+01
  331   0.15501E+02  0.33931638E+01
  332   0.15551E+02  0.12842278E+00
  333   0.15601E+02 -0.15869415E+00
  334   0.15651E+02 -0.32903670E+00
  335   0.15701E+02 -0.45978426E+00
  336   0.15751E+02 -0.56853791E+00
  337   0.15801E+02 -0.66271495E+00
  338   0.15851E+02 -0.74625466E+00
  339   0.15901E+02 -0.82154277E+00
  340   0.15951E+02  0.22308570E+01
  341   0.16001E+02  0.21575160E+01
  342   0.16051E+02  0.20908762E+01
  343   0.16101E+02  0.20292627E+01
  344   0.16151E+02  0.19717848E+01
  345   0.16201E+02  0.19178400E+01
  346   0.16251E+02  0.18669748E+01
  347   0.16301E+02  0.18188276E+01
  348   0.16351E+02  0.17730989E+01
  349   0.16401E+02  0.17295335E+01
  350   0.16451E+02  0.16879098E+01
  351   0.16501E+02  0.16480319E+01
  352   0.16551E+02  0.16097241E+01
  353   0.16601E+02  0.15728281E+01
  354   0.16651E+02  0.15371995E+01
  355   0.16701E+02  0.15027068E+01
  356   0.16751E+02  0.14692298E+01
  357   0.16801E+02  0.14366596E+01
  358   0.16851E+02  0.14048975E+01
  359   0.16901E+02  0.13738556E+01
  360   0.16951E+02  0.13434566E+01
  361   0.17001E+02  0.13136342E+01
  362   0.17051E+02  0.12843334E+01
  363   0.17101E+02  0.12555107E+01
  364   0.17151E+02  0.12271344E+01
  365   0.17201E+02  0.11991853E+01
  366   0.17251E+02  0.11716568E+01
  367   0.17301E+02  0.11445556E+01
  368   0.17351E+02  0.11179019E+01
  369   0.17401E+02  0.10917308E+01
  370   0.17451E+02  0.10660925E+01
  371   0.17501E+02  0.10410544E+01
  372   0.17551E+02  0.10167027E+01
  373   0.17601E+02  0.99314465E+00
  374   0.17651E+02  0.97051270E+00
  375   0.17701E+02  0.94896884E+00
  376   0.17751E+02  0.92871156E+00
  377   0.17801E+02  0.90998514E+00
  378   0.17851E+02  0.89309287E+00
  379   0.17901E+02  0.87841578E+00
  380   0.17951E+02  0.86644001E+00
  381   0.18001E+02  0.85779703E+00
  382   0.18051E+02  0.85332468E+00
  383   0.18101E+02  0.85416153E+00
  384   0.18151E+02  0.86189695E+00
  385   0.18201E+02  0.87881630E+00
  386   0.18251E+02  0.90831091E+00
  387   0.18301E+02  0.95557303E+00
  388   0.18351E+02  0.10287517E+01
  389   0.18401E+02  0.11406520E+01
  390   0.18451E+02  0.13099800E+01
  391   0.18501E+02  0.15562902E+01
  392   0.18551E+02  0.18749878E+01
  393   0.18601E+02  0.22077091E+01
  394   0.18651E+02  0.24838615E+01
  395   0.18701E+02  0.26838279E+01
  396   0.18751E+02  0.28237087E+01
  397   0.18801E+02  0.29237021E+01
  398   0.18851E+02  0.29984808E+01
  399   0.18901E+02  0.30575271E+01
  400   0.18951E+02  0.31069035E+01
  401   0.19001E+02  0.31505710E+01
  402   0.19051E+02  0.31911906E+01
  403   0.19101E+02  0.32305873E+01
  404   0.19151E+02  0.32700154E+01
  405   0.19201E+02  0.33103093E+01
  406   0.19251E+02  0.33519685E+01
  407   0.19301E+02  0.33952064E+01
  408   0.19351E+02  0.34399840E+01
  409   0.19401E+02  0.34860389E+01
  410   0.19451E+02  0.35329221E+01
  411   0.19501E+02  0.35800445E+01
  412   0.19551E+02  0.48514063E+00
  413   0.19601E+02  0.53070140E+00
  414   0.19651E+02  0.57447704E+00
  415   0.19701E+02  0.61589667E+00
  416   0.19751E+02  0.65450880E+00
  417   0.19801E+02  0.68999714E+00
  418   0.19851E+02  0.71420033E+00
  419   0.19901E+02  0.72831721E+00
  420   0.19951E+02  0.74415991E+00

 *** Task successfully completed ***
