+-------------------------------------------------------------------------+
|              _              |                                           |
| || || ||//  | \          |  | University College London (C) 1994 - 2020 |
| || || ||    | / |/\/\ /\ |  | Open University           (C) 2007 - 2020 |
| \\_// ||\\  | \ | | | \/ |  |                                           |
|                             |                                           |
+-------------------------------------------------------------------------+
| Last revision: unknown                                                  |
| Last author:   unknown                                                  |
| Last date:     unknown                                                  |
+-------------------------------------------------------------------------+
MPI startup(): PMI server not found. Please set I_MPI_PMI_LIBRARY variable if it is not a singleton case.


 Program EIGENP

e + H2O - doublet Ap                                        20230416  145145.964


 K-matrix input, set  1 on unit920

 Symmetry data  MGVN = 0   STOT = 2   GUTOT = 2

 K-matrices are vibrationally resolved

 Number of target states       =   5
 Number of scattering channels =  65

 Input Energy grid (Ryd) 
 Number of points        20       400
 Initial values     0.00001   0.00007
 Increments         0.00004   0.00367

 Target and channel data is read from set  1 on unit 10

 Target state    Spin    M    G/U  Energy (au)
         1         1     0     0  -76.096973
         2         3     1     0  -75.566616
         3         1     1     0  -75.525992
         4         3     0     0  -75.512558
         5         1     0     0  -75.367922

 Channel   Vibronic level   L   M  Threshold (Ryd)
    1              1        0   0    0.000000
    2              1        1  -1    0.000000
    3              1        1   0    0.000000
    4              1        2  -1    0.000000
    5              1        2   0    0.000000
    6              1        2   2    0.000000
    7              1        3  -3    0.000000
    8              1        3  -1    0.000000
    9              1        3   0    0.000000
   10              1        3   2    0.000000
   11              1        4  -3    0.000000
   12              1        4  -1    0.000000
   13              1        4   0    0.000000
   14              1        4   2    0.000000
   15              1        4   4    0.000000
   16              2        1   1    1.060714
   17              2        2  -2    1.060714
   18              2        2   1    1.060714
   19              2        3  -2    1.060714
   20              2        3   1    1.060714
   21              2        3   3    1.060714
   22              2        4  -4    1.060714
   23              2        4  -2    1.060714
   24              2        4   1    1.060714
   25              2        4   3    1.060714
   26              3        1   1    1.141962
   27              3        2  -2    1.141962
   28              3        2   1    1.141962
   29              3        3  -2    1.141962
   30              3        3   1    1.141962
   31              3        3   3    1.141962
   32              3        4  -4    1.141962
   33              3        4  -2    1.141962
   34              3        4   1    1.141962
   35              3        4   3    1.141962
   36              4        0   0    1.168830
   37              4        1  -1    1.168830
   38              4        1   0    1.168830
   39              4        2  -1    1.168830
   40              4        2   0    1.168830
   41              4        2   2    1.168830
   42              4        3  -3    1.168830
   43              4        3  -1    1.168830
   44              4        3   0    1.168830
   45              4        3   2    1.168830
   46              4        4  -3    1.168830
   47              4        4  -1    1.168830
   48              4        4   0    1.168830
   49              4        4   2    1.168830
   50              4        4   4    1.168830
   51              5        0   0    1.458102
   52              5        1  -1    1.458102
   53              5        1   0    1.458102
   54              5        2  -1    1.458102
   55              5        2   0    1.458102
   56              5        2   2    1.458102
   57              5        3  -3    1.458102
   58              5        3  -1    1.458102
   59              5        3   0    1.458102
   60              5        3   2    1.458102
   61              5        4  -3    1.458102
   62              5        4  -1    1.458102
   63              5        4   0    1.458102
   64              5        4   2    1.458102
   65              5        4   4    1.458102

 Eigenphases will be computed for 420 energies in the K-matrix file from  0.0001 to 19.9510 EV 


 e + H2O - doublet Ap                                        20230416  145145.964

                              TABLE OF EIGENPHASES

    I   E(EV )       EIGENPHASE SUM  CHANNEL :
    1   0.15000E-03  0.49182925E+00
    2   0.65000E-03  0.68654360E+00
    3   0.11500E-02  0.65387820E+00
    4   0.16500E-02  0.63404757E+00
    5   0.21500E-02  0.61947537E+00
    6   0.26500E-02  0.60783038E+00
    7   0.31500E-02  0.59811590E+00
    8   0.36500E-02  0.58977160E+00
    9   0.41500E-02  0.58245531E+00
   10   0.46500E-02  0.57593726E+00
   11   0.51500E-02  0.57005797E+00
   12   0.56500E-02  0.56469984E+00
   13   0.61500E-02  0.55977538E+00
   14   0.66500E-02  0.55521854E+00
   15   0.71500E-02  0.55097589E+00
   16   0.76500E-02  0.54700534E+00
   17   0.81500E-02  0.54327311E+00
   18   0.86500E-02  0.53975122E+00
   19   0.91500E-02  0.53641615E+00
   20   0.96500E-02  0.53324846E+00
   21   0.10000E-02  0.66169120E+00
   22   0.51000E-01  0.42624513E+00
   23   0.10100E+00  0.37352395E+00
   24   0.15100E+00  0.33719343E+00
   25   0.20100E+00  0.30774263E+00
   26   0.25100E+00  0.28225631E+00
   27   0.30100E+00  0.25948888E+00
   28   0.35100E+00  0.23880745E+00
   29   0.40100E+00  0.21985212E+00
   30   0.45100E+00  0.20240028E+00
   31   0.50100E+00  0.18630440E+00
   32   0.55100E+00  0.17146042E+00
   33   0.60100E+00  0.15779048E+00
   34   0.65100E+00  0.14523297E+00
   35   0.70100E+00  0.13373643E+00
   36   0.75100E+00  0.12325566E+00
   37   0.80100E+00  0.11374927E+00
   38   0.85100E+00  0.10517793E+00
   39   0.90100E+00  0.97503250E-01
   40   0.95100E+00  0.90686975E-01
   41   0.10010E+01  0.84690448E-01
   42   0.10510E+01  0.79474254E-01
   43   0.11010E+01  0.74998012E-01
   44   0.11510E+01  0.71220262E-01
   45   0.12010E+01  0.68098461E-01
   46   0.12510E+01  0.65589038E-01
   47   0.13010E+01  0.63647516E-01
   48   0.13510E+01  0.62228689E-01
   49   0.14010E+01  0.61286831E-01
   50   0.14510E+01  0.60775948E-01
   51   0.15010E+01  0.60650044E-01
   52   0.15510E+01  0.60863411E-01
   53   0.16010E+01  0.61370922E-01
   54   0.16510E+01  0.62128319E-01
   55   0.17010E+01  0.63092498E-01
   56   0.17510E+01  0.64221777E-01
   57   0.18010E+01  0.65476142E-01
   58   0.18510E+01  0.66817467E-01
   59   0.19010E+01  0.68209705E-01
   60   0.19510E+01  0.69619044E-01
   61   0.20010E+01  0.71014032E-01
   62   0.20510E+01  0.72365664E-01
   63   0.21010E+01  0.73647439E-01
   64   0.21510E+01  0.74835381E-01
   65   0.22010E+01  0.75908030E-01
   66   0.22510E+01  0.76846410E-01
   67   0.23010E+01  0.77633965E-01
   68   0.23510E+01  0.78256480E-01
   69   0.24010E+01  0.78701986E-01
   70   0.24510E+01  0.78960640E-01
   71   0.25010E+01  0.79024610E-01
   72   0.25510E+01  0.78887942E-01
   73   0.26010E+01  0.78546423E-01
   74   0.26510E+01  0.77997451E-01
   75   0.27010E+01  0.77239891E-01
   76   0.27510E+01  0.76273947E-01
   77   0.28010E+01  0.75101031E-01
   78   0.28510E+01  0.73723634E-01
   79   0.29010E+01  0.72145214E-01
   80   0.29510E+01  0.70370075E-01
   81   0.30010E+01  0.68403271E-01
   82   0.30510E+01  0.66250502E-01
   83   0.31010E+01  0.63918023E-01
   84   0.31510E+01  0.61412568E-01
   85   0.32010E+01  0.58741267E-01
   86   0.32510E+01  0.55911581E-01
   87   0.33010E+01  0.52931238E-01
   88   0.33510E+01  0.49808182E-01
   89   0.34010E+01  0.46550515E-01
   90   0.34510E+01  0.43166461E-01
   91   0.35010E+01  0.39664322E-01
   92   0.35510E+01  0.36052443E-01
   93   0.36010E+01  0.32339184E-01
   94   0.36510E+01  0.28532891E-01
   95   0.37010E+01  0.24641876E-01
   96   0.37510E+01  0.20674391E-01
   97   0.38010E+01  0.16638617E-01
   98   0.38510E+01  0.12542644E-01
   99   0.39010E+01  0.83944612E-02
  100   0.39510E+01  0.42019436E-02
  101   0.40010E+01 -0.27155729E-04
  102   0.40510E+01 -0.42852143E-02
  103   0.41010E+01 -0.85647469E-02
  104   0.41510E+01 -0.12858411E-01
  105   0.42010E+01 -0.17159013E-01
  106   0.42510E+01 -0.21459508E-01
  107   0.43010E+01 -0.25753009E-01
  108   0.43510E+01 -0.30032786E-01
  109   0.44010E+01 -0.34292268E-01
  110   0.44510E+01 -0.38525046E-01
  111   0.45010E+01 -0.42724876E-01
  112   0.45510E+01 -0.46885677E-01
  113   0.46010E+01 -0.51001534E-01
  114   0.46510E+01 -0.55066701E-01
  115   0.47010E+01 -0.59075597E-01
  116   0.47510E+01 -0.63022810E-01
  117   0.48010E+01 -0.66903097E-01
  118   0.48510E+01 -0.70711385E-01
  119   0.49010E+01 -0.74442771E-01
  120   0.49510E+01 -0.78092520E-01
  121   0.50010E+01 -0.81656070E-01
  122   0.50510E+01 -0.85129028E-01
  123   0.51010E+01 -0.88507175E-01
  124   0.51510E+01 -0.91786460E-01
  125   0.52010E+01 -0.94963006E-01
  126   0.52510E+01 -0.98033106E-01
  127   0.53010E+01 -0.10099323E+00
  128   0.53510E+01 -0.10384000E+00
  129   0.54010E+01 -0.10657025E+00
  130   0.54510E+01 -0.10918094E+00
  131   0.55010E+01 -0.11166922E+00
  132   0.55510E+01 -0.11403243E+00
  133   0.56010E+01 -0.11626805E+00
  134   0.56510E+01 -0.11837375E+00
  135   0.57010E+01 -0.12034736E+00
  136   0.57510E+01 -0.12218689E+00
  137   0.58010E+01 -0.12389049E+00
  138   0.58510E+01 -0.12545650E+00
  139   0.59010E+01 -0.12688344E+00
  140   0.59510E+01 -0.12816995E+00
  141   0.60010E+01 -0.12931488E+00
  142   0.60510E+01 -0.13031720E+00
  143   0.61010E+01 -0.13117607E+00
  144   0.61510E+01 -0.13189079E+00
  145   0.62010E+01 -0.13246083E+00
  146   0.62510E+01 -0.13288579E+00
  147   0.63010E+01 -0.13316546E+00
  148   0.63510E+01 -0.13329973E+00
  149   0.64010E+01 -0.13328867E+00
  150   0.64510E+01 -0.13313248E+00
  151   0.65010E+01 -0.13283151E+00
  152   0.65510E+01 -0.13238624E+00
  153   0.66010E+01 -0.13179727E+00
  154   0.66510E+01 -0.13106537E+00
  155   0.67010E+01 -0.13019139E+00
  156   0.67510E+01 -0.12917634E+00
  157   0.68010E+01 -0.12802134E+00
  158   0.68510E+01 -0.12672761E+00
  159   0.69010E+01 -0.12529651E+00
  160   0.69510E+01 -0.12372949E+00
  161   0.70010E+01 -0.12202811E+00
  162   0.70510E+01 -0.12019404E+00
  163   0.71010E+01 -0.11822904E+00
  164   0.71510E+01 -0.11613496E+00
  165   0.72010E+01 -0.11391374E+00
  166   0.72510E+01 -0.11156741E+00
  167   0.73010E+01 -0.10909808E+00
  168   0.73510E+01 -0.10650794E+00
  169   0.74010E+01 -0.10379925E+00
  170   0.74510E+01 -0.10097433E+00
  171   0.75010E+01 -0.98035573E-01
  172   0.75510E+01 -0.94985436E-01
  173   0.76010E+01 -0.91826427E-01
  174   0.76510E+01 -0.88561105E-01
  175   0.77010E+01 -0.85192081E-01
  176   0.77510E+01 -0.81722008E-01
  177   0.78010E+01 -0.78153579E-01
  178   0.78510E+01 -0.74489523E-01
  179   0.79010E+01 -0.70732603E-01
  180   0.79510E+01 -0.66885608E-01
  181   0.80010E+01 -0.62951354E-01
  182   0.80510E+01 -0.58932675E-01
  183   0.81010E+01 -0.54832423E-01
  184   0.81510E+01 -0.50653464E-01
  185   0.82010E+01 -0.46398673E-01
  186   0.82510E+01 -0.42070930E-01
  187   0.83010E+01 -0.37673119E-01
  188   0.83510E+01 -0.33208122E-01
  189   0.84010E+01 -0.28678816E-01
  190   0.84510E+01 -0.24088071E-01
  191   0.85010E+01 -0.19438744E-01
  192   0.85510E+01 -0.14733680E-01
  193   0.86010E+01 -0.99757037E-02
  194   0.86510E+01 -0.51676195E-02
  195   0.87010E+01 -0.31220754E-03
  196   0.87510E+01  0.45877792E-02
  197   0.88010E+01  0.95296183E-02
  198   0.88510E+01  0.14510620E-01
  199   0.89010E+01  0.19528133E-01
  200   0.89510E+01  0.24579541E-01
  201   0.90010E+01  0.29662273E-01
  202   0.90510E+01  0.34773800E-01
  203   0.91010E+01  0.39911643E-01
  204   0.91510E+01  0.45073369E-01
  205   0.92010E+01  0.50256599E-01
  206   0.92510E+01  0.55459008E-01
  207   0.93010E+01  0.60678328E-01
  208   0.93510E+01  0.65912348E-01
  209   0.94010E+01  0.71158921E-01
  210   0.94510E+01  0.76415959E-01
  211   0.95010E+01  0.81681441E-01
  212   0.95510E+01  0.86953411E-01
  213   0.96010E+01  0.92229983E-01
  214   0.96510E+01  0.97509337E-01
  215   0.97010E+01  0.10278973E+00
  216   0.97510E+01  0.10806947E+00
  217   0.98010E+01  0.11334698E+00
  218   0.98510E+01  0.11862071E+00
  219   0.99010E+01  0.12388922E+00
  220   0.99510E+01  0.12915112E+00
  221   0.10001E+02  0.13440511E+00
  222   0.10051E+02  0.13964996E+00
  223   0.10101E+02  0.14488452E+00
  224   0.10151E+02  0.15010772E+00
  225   0.10201E+02  0.15531856E+00
  226   0.10251E+02  0.16051611E+00
  227   0.10301E+02  0.16569952E+00
  228   0.10351E+02  0.17086803E+00
  229   0.10401E+02  0.17602092E+00
  230   0.10451E+02  0.18115758E+00
  231   0.10501E+02  0.18627744E+00
  232   0.10551E+02  0.19138003E+00
  233   0.10601E+02  0.19646491E+00
  234   0.10651E+02  0.20153175E+00
  235   0.10701E+02  0.20658026E+00
  236   0.10751E+02  0.21161021E+00
  237   0.10801E+02  0.21662146E+00
  238   0.10851E+02  0.22161389E+00
  239   0.10901E+02  0.22658748E+00
  240   0.10951E+02  0.23154222E+00
  241   0.11001E+02  0.23647820E+00
  242   0.11051E+02  0.24139552E+00
  243   0.11101E+02  0.24629435E+00
  244   0.11151E+02  0.25117491E+00
  245   0.11201E+02  0.25603744E+00
  246   0.11251E+02  0.26088223E+00
  247   0.11301E+02  0.26570962E+00
  248   0.11351E+02  0.27051996E+00
  249   0.11401E+02  0.27531366E+00
  250   0.11451E+02  0.28009114E+00
  251   0.11501E+02  0.28485283E+00
  252   0.11551E+02  0.28959922E+00
  253   0.11601E+02  0.29433080E+00
  254   0.11651E+02  0.29904807E+00
  255   0.11701E+02  0.30375156E+00
  256   0.11751E+02  0.30844179E+00
  257   0.11801E+02  0.31311932E+00
  258   0.11851E+02  0.31778469E+00
  259   0.11901E+02  0.32243845E+00
  260   0.11951E+02  0.32708116E+00
  261   0.12001E+02  0.33171336E+00
  262   0.12051E+02  0.33633561E+00
  263   0.12101E+02  0.34094846E+00
  264   0.12151E+02  0.34555243E+00
  265   0.12201E+02  0.35014805E+00
  266   0.12251E+02  0.35473584E+00
  267   0.12301E+02  0.35931630E+00
  268   0.12351E+02  0.36388993E+00
  269   0.12401E+02  0.36845718E+00
  270   0.12451E+02  0.37301852E+00
  271   0.12501E+02  0.37757439E+00
  272   0.12551E+02  0.38212521E+00
  273   0.12601E+02  0.38667137E+00
  274   0.12651E+02  0.39121327E+00
  275   0.12701E+02  0.39575127E+00
  276   0.12751E+02  0.40028572E+00
  277   0.12801E+02  0.40481693E+00
  278   0.12851E+02  0.40934524E+00
  279   0.12901E+02  0.41387092E+00
  280   0.12951E+02  0.41839428E+00
  281   0.13001E+02  0.42291557E+00
  282   0.13051E+02  0.42743507E+00
  283   0.13101E+02  0.43195302E+00
  284   0.13151E+02  0.43646969E+00
  285   0.13201E+02  0.44098533E+00
  286   0.13251E+02  0.44550021E+00
  287   0.13301E+02  0.45001462E+00
  288   0.13351E+02  0.45452884E+00
  289   0.13401E+02  0.45904321E+00
  290   0.13451E+02  0.46355811E+00
  291   0.13501E+02  0.46807397E+00
  292   0.13551E+02  0.47259126E+00
  293   0.13601E+02  0.47711058E+00
  294   0.13651E+02  0.48163260E+00
  295   0.13701E+02  0.48615814E+00
  296   0.13751E+02  0.49068818E+00
  297   0.13801E+02  0.49522392E+00
  298   0.13851E+02  0.49976679E+00
  299   0.13901E+02  0.50431859E+00
  300   0.13951E+02  0.50888151E+00
  301   0.14001E+02  0.51345830E+00
  302   0.14051E+02  0.51805246E+00
  303   0.14101E+02  0.52266845E+00
  304   0.14151E+02  0.52731219E+00
  305   0.14201E+02  0.53199165E+00
  306   0.14251E+02  0.53671811E+00
  307   0.14301E+02  0.54150857E+00
  308   0.14351E+02  0.54639151E+00
  309   0.14401E+02  0.55142648E+00
  310   0.14451E+02 -0.25825869E+01
  311   0.14501E+02 -0.25776704E+01
  312   0.14551E+02 -0.25742501E+01
  313   0.14601E+02 -0.25717530E+01
  314   0.14651E+02 -0.25699554E+01
  315   0.14701E+02 -0.25687262E+01
  316   0.14751E+02 -0.25679757E+01
  317   0.14801E+02 -0.25676366E+01
  318   0.14851E+02 -0.25676559E+01
  319   0.14901E+02 -0.25679897E+01
  320   0.14951E+02 -0.25686006E+01
  321   0.15001E+02 -0.25694556E+01
  322   0.15051E+02 -0.25705253E+01
  323   0.15101E+02 -0.25717821E+01
  324   0.15151E+02 -0.25732000E+01
  325   0.15201E+02 -0.25747537E+01
  326   0.15251E+02 -0.25764174E+01
  327   0.15301E+02 -0.25781645E+01
  328   0.15351E+02 -0.25799659E+01
  329   0.15401E+02 -0.25817884E+01
  330   0.15451E+02 -0.25835914E+01
  331   0.15501E+02 -0.25853185E+01
  332   0.15551E+02 -0.25817035E+01
  333   0.15601E+02 -0.25825631E+01
  334   0.15651E+02 -0.25844147E+01
  335   0.15701E+02 -0.25865271E+01
  336   0.15751E+02 -0.25884614E+01
  337   0.15801E+02 -0.25895944E+01
  338   0.15851E+02 -0.25883859E+01
  339   0.15901E+02 -0.25709595E+01
  340   0.15951E+02 -0.22005231E+01
  341   0.16001E+02 -0.21164149E+01
  342   0.16051E+02 -0.20745929E+01
  343   0.16101E+02 -0.20529035E+01
  344   0.16151E+02 -0.20427832E+01
  345   0.16201E+02 -0.20398938E+01
  346   0.16251E+02 -0.20417150E+01
  347   0.16301E+02 -0.20466544E+01
  348   0.16351E+02 -0.20536467E+01
  349   0.16401E+02 -0.20619496E+01
  350   0.16451E+02 -0.20710295E+01
  351   0.16501E+02 -0.20804943E+01
  352   0.16551E+02 -0.20900506E+01
  353   0.16601E+02 -0.20994764E+01
  354   0.16651E+02 -0.21086028E+01
  355   0.16701E+02 -0.21173011E+01
  356   0.16751E+02 -0.21254738E+01
  357   0.16801E+02 -0.21330483E+01
  358   0.16851E+02 -0.21399717E+01
  359   0.16901E+02 -0.21462077E+01
  360   0.16951E+02 -0.21517335E+01
  361   0.17001E+02 -0.21565377E+01
  362   0.17051E+02 -0.21606184E+01
  363   0.17101E+02 -0.21639817E+01
  364   0.17151E+02 -0.21666403E+01
  365   0.17201E+02 -0.21686126E+01
  366   0.17251E+02 -0.21699211E+01
  367   0.17301E+02 -0.21705917E+01
  368   0.17351E+02 -0.21706527E+01
  369   0.17401E+02 -0.21701336E+01
  370   0.17451E+02 -0.21690649E+01
  371   0.17501E+02 -0.21674764E+01
  372   0.17551E+02 -0.21653970E+01
  373   0.17601E+02 -0.21628542E+01
  374   0.17651E+02 -0.21598729E+01
  375   0.17701E+02 -0.21564754E+01
  376   0.17751E+02 -0.21526807E+01
  377   0.17801E+02 -0.21485043E+01
  378   0.17851E+02 -0.21439579E+01
  379   0.17901E+02 -0.21390491E+01
  380   0.17951E+02 -0.21337818E+01
  381   0.18001E+02 -0.21281554E+01
  382   0.18051E+02 -0.21221656E+01
  383   0.18101E+02 -0.21158039E+01
  384   0.18151E+02 -0.21090584E+01
  385   0.18201E+02 -0.21019134E+01
  386   0.18251E+02 -0.20943497E+01
  387   0.18301E+02 -0.20863454E+01
  388   0.18351E+02 -0.20778753E+01
  389   0.18401E+02 -0.20689119E+01
  390   0.18451E+02 -0.20594252E+01
  391   0.18501E+02 -0.20493831E+01
  392   0.18551E+02 -0.20387515E+01
  393   0.18601E+02 -0.20274944E+01
  394   0.18651E+02 -0.20155744E+01
  395   0.18701E+02 -0.20029525E+01
  396   0.18751E+02 -0.19895878E+01
  397   0.18801E+02 -0.19754380E+01
  398   0.18851E+02 -0.19604589E+01
  399   0.18901E+02 -0.19446040E+01
  400   0.18951E+02 -0.19278241E+01
  401   0.19001E+02 -0.19100662E+01
  402   0.19051E+02 -0.18912733E+01
  403   0.19101E+02 -0.18713819E+01
  404   0.19151E+02 -0.18503209E+01
  405   0.19201E+02 -0.18280085E+01
  406   0.19251E+02 -0.18043490E+01
  407   0.19301E+02 -0.17792273E+01
  408   0.19351E+02 -0.17525025E+01
  409   0.19401E+02 -0.17239970E+01
  410   0.19451E+02 -0.16934811E+01
  411   0.19501E+02 -0.16606483E+01
  412   0.19551E+02 -0.16250735E+01
  413   0.19601E+02 -0.15861364E+01
  414   0.19651E+02 -0.15428675E+01
  415   0.19701E+02 -0.14935872E+01
  416   0.19751E+02 -0.14348405E+01
  417   0.19801E+02 -0.13564735E+01
  418   0.19851E+02  0.18146802E+01
  419   0.19901E+02  0.16400026E+01
  420   0.19951E+02  0.15314690E+01

 *** Task successfully completed ***
