+-------------------------------------------------------------------------+
|              _              |                                           |
| || || ||//  | \          |  | University College London (C) 1994 - 2020 |
| || || ||    | / |/\/\ /\ |  | Open University           (C) 2007 - 2020 |
| \\_// ||\\  | \ | | | \/ |  |                                           |
|                             |                                           |
+-------------------------------------------------------------------------+
| Last revision: unknown                                                  |
| Last author:   unknown                                                  |
| Last date:     unknown                                                  |
+-------------------------------------------------------------------------+
MPI startup(): PMI server not found. Please set I_MPI_PMI_LIBRARY variable if it is not a singleton case.


 Program RSOLVE  (last modified 05-Jan-2004 )

e + H2O - doublet Ap - K-matrices                           20230416  145123.766

 Symmetry data  MGVN = 0 STOT = 2 GUTOT = 0

 Fixed nuclei calculation for R = 0.000

 Input datasets:                                 Unit  Set numbers
 Target and channel data     LUCHAN (UNFORMATTED) 10       1
 Fixed nuclei R-matrix data  LURMT  (UNFORMATTED) 21       1

 Output datasets:                                Unit  Set number
 K-matrices                  LUKMT  (UNFORMATTED)920       1

 K-matrices will be calculated for  420 energies in the range [  0.0001, 20.0010] EV 

 *** FIXED NUCLEI DATA ***

 R-matrix data has been read from set number  1 on unit number 21
 Header :e + H2O - doublet Ap                                        20230416  145122.807

 Dimension of Hamiltonian matrix           =      1017
 Number of CI vectors stored on file       =    0
 Maximum multipole in asymptotic potential =    2
 R-matrix radius                           =   10.0000

 Maximum multipole USED in asymptotic scattering potentials   ISMAX =  2

 *** FIXED NUCLEI DATA ***

 Target and channel data is read from set  1 on unit 10

 Target state    Spin    M    G/U  Energy (au)
         1         1     0     0  -76.096973
         2         3     1     0  -75.566616
         3         1     1     0  -75.525992
         4         3     0     0  -75.512558
         5         1     0     0  -75.367922

 Channel   Vibronic level   L   M  Threshold (Ryd)
    1              1        0   0    0.000000
    2              1        1  -1    0.000000
    3              1        1   0    0.000000
    4              1        2  -1    0.000000
    5              1        2   0    0.000000
    6              1        2   2    0.000000
    7              1        3  -3    0.000000
    8              1        3  -1    0.000000
    9              1        3   0    0.000000
   10              1        3   2    0.000000
   11              1        4  -3    0.000000
   12              1        4  -1    0.000000
   13              1        4   0    0.000000
   14              1        4   2    0.000000
   15              1        4   4    0.000000
   16              2        1   1    1.060714
   17              2        2  -2    1.060714
   18              2        2   1    1.060714
   19              2        3  -2    1.060714
   20              2        3   1    1.060714
   21              2        3   3    1.060714
   22              2        4  -4    1.060714
   23              2        4  -2    1.060714
   24              2        4   1    1.060714
   25              2        4   3    1.060714
   26              3        1   1    1.141962
   27              3        2  -2    1.141962
   28              3        2   1    1.141962
   29              3        3  -2    1.141962
   30              3        3   1    1.141962
   31              3        3   3    1.141962
   32              3        4  -4    1.141962
   33              3        4  -2    1.141962
   34              3        4   1    1.141962
   35              3        4   3    1.141962
   36              4        0   0    1.168830
   37              4        1  -1    1.168830
   38              4        1   0    1.168830
   39              4        2  -1    1.168830
   40              4        2   0    1.168830
   41              4        2   2    1.168830
   42              4        3  -3    1.168830
   43              4        3  -1    1.168830
   44              4        3   0    1.168830
   45              4        3   2    1.168830
   46              4        4  -3    1.168830
   47              4        4  -1    1.168830
   48              4        4   0    1.168830
   49              4        4   2    1.168830
   50              4        4   4    1.168830
   51              5        0   0    1.458102
   52              5        1  -1    1.458102
   53              5        1   0    1.458102
   54              5        2  -1    1.458102
   55              5        2   0    1.458102
   56              5        2   2    1.458102
   57              5        3  -3    1.458102
   58              5        3  -1    1.458102
   59              5        3   0    1.458102
   60              5        3   2    1.458102
   61              5        4  -3    1.458102
   62              5        4  -1    1.458102
   63              5        4   0    1.458102
   64              5        4   2    1.458102
   65              5        4   4    1.458102

 R-matrix data has been read from set number  1 on unit number 21
 Header :e + H2O - doublet Ap                                        20230416  145122.807

 Dimension of Hamiltonian matrix           =      1017
 Number of CI vectors stored on file       =    0
 Maximum multipole in asymptotic potential =    2
 R-matrix radius                           =   10.0000
 IWRON                     0

 ASYMPTOTIC METHOD SELECTED : GAILITIS      
 EXPANSION USED AT RADIUS =   70.0000

 R-MATRIX WILL BE PROPAGATED ACROSS 12 SUBRANGES

 K-matrices will be written to set 1 on unit 920
 ASYWFN WARNING IN CHANNEL J =  1  LJ =  0  ET(J) =    0.00001   ET(1) =    0.00001 RYD
 ASYWFN WARNING IN CHANNEL J =  2  LJ =  1  ET(J) =    0.00001   ET(1) =    0.00001 RYD
 ASYWFN WARNING IN CHANNEL J =  3  LJ =  1  ET(J) =    0.00001   ET(1) =    0.00001 RYD
 ASYWFN WARNING IN CHANNEL J =  4  LJ =  2  ET(J) =    0.00001   ET(1) =    0.00001 RYD
 ASYWFN WARNING IN CHANNEL J =  5  LJ =  2  ET(J) =    0.00001   ET(1) =    0.00001 RYD
 ASYWFN WARNING IN CHANNEL J =  6  LJ =  2  ET(J) =    0.00001   ET(1) =    0.00001 RYD
 ASYWFN WARNING IN CHANNEL J =  7  LJ =  3  ET(J) =    0.00001   ET(1) =    0.00001 RYD
 ASYWFN WARNING IN CHANNEL J =  8  LJ =  3  ET(J) =    0.00001   ET(1) =    0.00001 RYD
 ASYWFN WARNING IN CHANNEL J =  9  LJ =  3  ET(J) =    0.00001   ET(1) =    0.00001 RYD
 ASYWFN WARNING IN CHANNEL J = 10  LJ =  3  ET(J) =    0.00001   ET(1) =    0.00001 RYD
 ASYWFN WARNING IN CHANNEL J = 11  LJ =  4  ET(J) =    0.00001   ET(1) =    0.00001 RYD
 ASYWFN WARNING IN CHANNEL J = 12  LJ =  4  ET(J) =    0.00001   ET(1) =    0.00001 RYD
 ASYWFN WARNING IN CHANNEL J = 13  LJ =  4  ET(J) =    0.00001   ET(1) =    0.00001 RYD
 ASYWFN WARNING IN CHANNEL J = 14  LJ =  4  ET(J) =    0.00001   ET(1) =    0.00001 RYD
 ASYWFN WARNING IN CHANNEL J = 15  LJ =  4  ET(J) =    0.00001   ET(1) =    0.00001 RYD
 ASYWFN WARNING IN CHANNEL J =  1  LJ =  0  ET(J) =    0.00005   ET(1) =    0.00005 RYD
 ASYWFN WARNING IN CHANNEL J =  2  LJ =  1  ET(J) =    0.00005   ET(1) =    0.00005 RYD
 ASYWFN WARNING IN CHANNEL J =  3  LJ =  1  ET(J) =    0.00005   ET(1) =    0.00005 RYD
 ASYWFN WARNING IN CHANNEL J =  4  LJ =  2  ET(J) =    0.00005   ET(1) =    0.00005 RYD
 ASYWFN WARNING IN CHANNEL J =  5  LJ =  2  ET(J) =    0.00005   ET(1) =    0.00005 RYD
 ASYWFN WARNING IN CHANNEL J =  6  LJ =  2  ET(J) =    0.00005   ET(1) =    0.00005 RYD
 ASYWFN WARNING IN CHANNEL J =  7  LJ =  3  ET(J) =    0.00005   ET(1) =    0.00005 RYD
 ASYWFN WARNING IN CHANNEL J =  8  LJ =  3  ET(J) =    0.00005   ET(1) =    0.00005 RYD
 ASYWFN WARNING IN CHANNEL J =  9  LJ =  3  ET(J) =    0.00005   ET(1) =    0.00005 RYD
 ASYWFN WARNING IN CHANNEL J = 10  LJ =  3  ET(J) =    0.00005   ET(1) =    0.00005 RYD
 ASYWFN WARNING IN CHANNEL J = 11  LJ =  4  ET(J) =    0.00005   ET(1) =    0.00005 RYD
 ASYWFN WARNING IN CHANNEL J = 12  LJ =  4  ET(J) =    0.00005   ET(1) =    0.00005 RYD
 ASYWFN WARNING IN CHANNEL J = 13  LJ =  4  ET(J) =    0.00005   ET(1) =    0.00005 RYD
 ASYWFN WARNING IN CHANNEL J = 14  LJ =  4  ET(J) =    0.00005   ET(1) =    0.00005 RYD
 ASYWFN WARNING IN CHANNEL J = 15  LJ =  4  ET(J) =    0.00005   ET(1) =    0.00005 RYD
 ASYWFN WARNING IN CHANNEL J =  1  LJ =  0  ET(J) =    0.00008   ET(1) =    0.00008 RYD
 ASYWFN WARNING IN CHANNEL J =  2  LJ =  1  ET(J) =    0.00008   ET(1) =    0.00008 RYD
 ASYWFN WARNING IN CHANNEL J =  3  LJ =  1  ET(J) =    0.00008   ET(1) =    0.00008 RYD
 ASYWFN WARNING IN CHANNEL J =  4  LJ =  2  ET(J) =    0.00008   ET(1) =    0.00008 RYD
 ASYWFN WARNING IN CHANNEL J =  5  LJ =  2  ET(J) =    0.00008   ET(1) =    0.00008 RYD
 ASYWFN WARNING IN CHANNEL J =  6  LJ =  2  ET(J) =    0.00008   ET(1) =    0.00008 RYD
 ASYWFN WARNING IN CHANNEL J =  7  LJ =  3  ET(J) =    0.00008   ET(1) =    0.00008 RYD
 ASYWFN WARNING IN CHANNEL J =  8  LJ =  3  ET(J) =    0.00008   ET(1) =    0.00008 RYD
 ASYWFN WARNING IN CHANNEL J =  9  LJ =  3  ET(J) =    0.00008   ET(1) =    0.00008 RYD
 ASYWFN WARNING IN CHANNEL J = 10  LJ =  3  ET(J) =    0.00008   ET(1) =    0.00008 RYD
 ASYWFN WARNING IN CHANNEL J = 11  LJ =  4  ET(J) =    0.00008   ET(1) =    0.00008 RYD
 ASYWFN WARNING IN CHANNEL J = 12  LJ =  4  ET(J) =    0.00008   ET(1) =    0.00008 RYD
 ASYWFN WARNING IN CHANNEL J = 13  LJ =  4  ET(J) =    0.00008   ET(1) =    0.00008 RYD
 ASYWFN WARNING IN CHANNEL J = 14  LJ =  4  ET(J) =    0.00008   ET(1) =    0.00008 RYD
 ASYWFN WARNING IN CHANNEL J = 15  LJ =  4  ET(J) =    0.00008   ET(1) =    0.00008 RYD
 ASYWFN WARNING IN CHANNEL J =  1  LJ =  0  ET(J) =    0.00012   ET(1) =    0.00012 RYD
 ASYWFN WARNING IN CHANNEL J =  2  LJ =  1  ET(J) =    0.00012   ET(1) =    0.00012 RYD
 ASYWFN WARNING IN CHANNEL J =  3  LJ =  1  ET(J) =    0.00012   ET(1) =    0.00012 RYD
 ASYWFN WARNING IN CHANNEL J =  4  LJ =  2  ET(J) =    0.00012   ET(1) =    0.00012 RYD
 ASYWFN WARNING IN CHANNEL J =  5  LJ =  2  ET(J) =    0.00012   ET(1) =    0.00012 RYD
 ASYWFN WARNING IN CHANNEL J =  6  LJ =  2  ET(J) =    0.00012   ET(1) =    0.00012 RYD
 ASYWFN WARNING IN CHANNEL J =  7  LJ =  3  ET(J) =    0.00012   ET(1) =    0.00012 RYD
 ASYWFN WARNING IN CHANNEL J =  8  LJ =  3  ET(J) =    0.00012   ET(1) =    0.00012 RYD
 ASYWFN WARNING IN CHANNEL J =  9  LJ =  3  ET(J) =    0.00012   ET(1) =    0.00012 RYD
 ASYWFN WARNING IN CHANNEL J = 10  LJ =  3  ET(J) =    0.00012   ET(1) =    0.00012 RYD
 ASYWFN WARNING IN CHANNEL J = 11  LJ =  4  ET(J) =    0.00012   ET(1) =    0.00012 RYD
 ASYWFN WARNING IN CHANNEL J = 12  LJ =  4  ET(J) =    0.00012   ET(1) =    0.00012 RYD
 ASYWFN WARNING IN CHANNEL J = 13  LJ =  4  ET(J) =    0.00012   ET(1) =    0.00012 RYD
 ASYWFN WARNING IN CHANNEL J = 14  LJ =  4  ET(J) =    0.00012   ET(1) =    0.00012 RYD
 ASYWFN WARNING IN CHANNEL J = 15  LJ =  4  ET(J) =    0.00012   ET(1) =    0.00012 RYD
 ASYWFN WARNING IN CHANNEL J =  1  LJ =  0  ET(J) =    0.00016   ET(1) =    0.00016 RYD
 ASYWFN WARNING IN CHANNEL J =  2  LJ =  1  ET(J) =    0.00016   ET(1) =    0.00016 RYD
 ASYWFN WARNING IN CHANNEL J =  3  LJ =  1  ET(J) =    0.00016   ET(1) =    0.00016 RYD
 ASYWFN WARNING IN CHANNEL J =  4  LJ =  2  ET(J) =    0.00016   ET(1) =    0.00016 RYD
 ASYWFN WARNING IN CHANNEL J =  5  LJ =  2  ET(J) =    0.00016   ET(1) =    0.00016 RYD
 ASYWFN WARNING IN CHANNEL J =  6  LJ =  2  ET(J) =    0.00016   ET(1) =    0.00016 RYD
 ASYWFN WARNING IN CHANNEL J =  7  LJ =  3  ET(J) =    0.00016   ET(1) =    0.00016 RYD
 ASYWFN WARNING IN CHANNEL J =  8  LJ =  3  ET(J) =    0.00016   ET(1) =    0.00016 RYD
 ASYWFN WARNING IN CHANNEL J =  9  LJ =  3  ET(J) =    0.00016   ET(1) =    0.00016 RYD
 ASYWFN WARNING IN CHANNEL J = 10  LJ =  3  ET(J) =    0.00016   ET(1) =    0.00016 RYD
 ASYWFN WARNING IN CHANNEL J = 11  LJ =  4  ET(J) =    0.00016   ET(1) =    0.00016 RYD
 ASYWFN WARNING IN CHANNEL J = 12  LJ =  4  ET(J) =    0.00016   ET(1) =    0.00016 RYD
 ASYWFN WARNING IN CHANNEL J = 13  LJ =  4  ET(J) =    0.00016   ET(1) =    0.00016 RYD
 ASYWFN WARNING IN CHANNEL J = 14  LJ =  4  ET(J) =    0.00016   ET(1) =    0.00016 RYD
 ASYWFN WARNING IN CHANNEL J = 15  LJ =  4  ET(J) =    0.00016   ET(1) =    0.00016 RYD
 ASYWFN WARNING IN CHANNEL J =  1  LJ =  0  ET(J) =    0.00019   ET(1) =    0.00019 RYD
 ASYWFN WARNING IN CHANNEL J =  2  LJ =  1  ET(J) =    0.00019   ET(1) =    0.00019 RYD
 ASYWFN WARNING IN CHANNEL J =  3  LJ =  1  ET(J) =    0.00019   ET(1) =    0.00019 RYD
 ASYWFN WARNING IN CHANNEL J =  4  LJ =  2  ET(J) =    0.00019   ET(1) =    0.00019 RYD
 ASYWFN WARNING IN CHANNEL J =  5  LJ =  2  ET(J) =    0.00019   ET(1) =    0.00019 RYD
 ASYWFN WARNING IN CHANNEL J =  6  LJ =  2  ET(J) =    0.00019   ET(1) =    0.00019 RYD
 ASYWFN WARNING IN CHANNEL J =  7  LJ =  3  ET(J) =    0.00019   ET(1) =    0.00019 RYD
 ASYWFN WARNING IN CHANNEL J =  8  LJ =  3  ET(J) =    0.00019   ET(1) =    0.00019 RYD
 ASYWFN WARNING IN CHANNEL J =  9  LJ =  3  ET(J) =    0.00019   ET(1) =    0.00019 RYD
 ASYWFN WARNING IN CHANNEL J = 10  LJ =  3  ET(J) =    0.00019   ET(1) =    0.00019 RYD
 ASYWFN WARNING IN CHANNEL J = 11  LJ =  4  ET(J) =    0.00019   ET(1) =    0.00019 RYD
 ASYWFN WARNING IN CHANNEL J = 12  LJ =  4  ET(J) =    0.00019   ET(1) =    0.00019 RYD
 ASYWFN WARNING IN CHANNEL J = 13  LJ =  4  ET(J) =    0.00019   ET(1) =    0.00019 RYD
 ASYWFN WARNING IN CHANNEL J = 14  LJ =  4  ET(J) =    0.00019   ET(1) =    0.00019 RYD
 ASYWFN WARNING IN CHANNEL J = 15  LJ =  4  ET(J) =    0.00019   ET(1) =    0.00019 RYD
 ASYWFN WARNING IN CHANNEL J =  1  LJ =  0  ET(J) =    0.00023   ET(1) =    0.00023 RYD
 ASYWFN WARNING IN CHANNEL J =  4  LJ =  2  ET(J) =    0.00023   ET(1) =    0.00023 RYD
 ASYWFN WARNING IN CHANNEL J =  5  LJ =  2  ET(J) =    0.00023   ET(1) =    0.00023 RYD
 ASYWFN WARNING IN CHANNEL J =  6  LJ =  2  ET(J) =    0.00023   ET(1) =    0.00023 RYD
 ASYWFN WARNING IN CHANNEL J =  7  LJ =  3  ET(J) =    0.00023   ET(1) =    0.00023 RYD
 ASYWFN WARNING IN CHANNEL J =  8  LJ =  3  ET(J) =    0.00023   ET(1) =    0.00023 RYD
 ASYWFN WARNING IN CHANNEL J =  9  LJ =  3  ET(J) =    0.00023   ET(1) =    0.00023 RYD
 ASYWFN WARNING IN CHANNEL J = 10  LJ =  3  ET(J) =    0.00023   ET(1) =    0.00023 RYD
 ASYWFN WARNING IN CHANNEL J = 11  LJ =  4  ET(J) =    0.00023   ET(1) =    0.00023 RYD
 ASYWFN WARNING IN CHANNEL J = 12  LJ =  4  ET(J) =    0.00023   ET(1) =    0.00023 RYD
 ASYWFN WARNING IN CHANNEL J = 13  LJ =  4  ET(J) =    0.00023   ET(1) =    0.00023 RYD
 ASYWFN WARNING IN CHANNEL J = 14  LJ =  4  ET(J) =    0.00023   ET(1) =    0.00023 RYD
 ASYWFN WARNING IN CHANNEL J =  1  LJ =  0  ET(J) =    0.00027   ET(1) =    0.00027 RYD
 ASYWFN WARNING IN CHANNEL J =  4  LJ =  2  ET(J) =    0.00027   ET(1) =    0.00027 RYD
 ASYWFN WARNING IN CHANNEL J =  5  LJ =  2  ET(J) =    0.00027   ET(1) =    0.00027 RYD
 ASYWFN WARNING IN CHANNEL J =  6  LJ =  2  ET(J) =    0.00027   ET(1) =    0.00027 RYD
 ASYWFN WARNING IN CHANNEL J =  7  LJ =  3  ET(J) =    0.00027   ET(1) =    0.00027 RYD
 ASYWFN WARNING IN CHANNEL J =  8  LJ =  3  ET(J) =    0.00027   ET(1) =    0.00027 RYD
 ASYWFN WARNING IN CHANNEL J =  9  LJ =  3  ET(J) =    0.00027   ET(1) =    0.00027 RYD
 ASYWFN WARNING IN CHANNEL J = 10  LJ =  3  ET(J) =    0.00027   ET(1) =    0.00027 RYD
 ASYWFN WARNING IN CHANNEL J = 11  LJ =  4  ET(J) =    0.00027   ET(1) =    0.00027 RYD
 ASYWFN WARNING IN CHANNEL J = 12  LJ =  4  ET(J) =    0.00027   ET(1) =    0.00027 RYD
 ASYWFN WARNING IN CHANNEL J = 13  LJ =  4  ET(J) =    0.00027   ET(1) =    0.00027 RYD
 ASYWFN WARNING IN CHANNEL J = 14  LJ =  4  ET(J) =    0.00027   ET(1) =    0.00027 RYD
 ASYWFN WARNING IN CHANNEL J =  1  LJ =  0  ET(J) =    0.00031   ET(1) =    0.00031 RYD
 ASYWFN WARNING IN CHANNEL J =  4  LJ =  2  ET(J) =    0.00031   ET(1) =    0.00031 RYD
 ASYWFN WARNING IN CHANNEL J =  5  LJ =  2  ET(J) =    0.00031   ET(1) =    0.00031 RYD
 ASYWFN WARNING IN CHANNEL J =  6  LJ =  2  ET(J) =    0.00031   ET(1) =    0.00031 RYD
 ASYWFN WARNING IN CHANNEL J =  7  LJ =  3  ET(J) =    0.00031   ET(1) =    0.00031 RYD
 ASYWFN WARNING IN CHANNEL J =  8  LJ =  3  ET(J) =    0.00031   ET(1) =    0.00031 RYD
 ASYWFN WARNING IN CHANNEL J =  9  LJ =  3  ET(J) =    0.00031   ET(1) =    0.00031 RYD
 ASYWFN WARNING IN CHANNEL J = 10  LJ =  3  ET(J) =    0.00031   ET(1) =    0.00031 RYD
 ASYWFN WARNING IN CHANNEL J = 11  LJ =  4  ET(J) =    0.00031   ET(1) =    0.00031 RYD
 ASYWFN WARNING IN CHANNEL J = 12  LJ =  4  ET(J) =    0.00031   ET(1) =    0.00031 RYD
 ASYWFN WARNING IN CHANNEL J = 13  LJ =  4  ET(J) =    0.00031   ET(1) =    0.00031 RYD
 ASYWFN WARNING IN CHANNEL J = 14  LJ =  4  ET(J) =    0.00031   ET(1) =    0.00031 RYD
 ASYWFN WARNING IN CHANNEL J =  4  LJ =  2  ET(J) =    0.00034   ET(1) =    0.00034 RYD
 ASYWFN WARNING IN CHANNEL J =  7  LJ =  3  ET(J) =    0.00034   ET(1) =    0.00034 RYD
 ASYWFN WARNING IN CHANNEL J =  8  LJ =  3  ET(J) =    0.00034   ET(1) =    0.00034 RYD
 ASYWFN WARNING IN CHANNEL J =  9  LJ =  3  ET(J) =    0.00034   ET(1) =    0.00034 RYD
 ASYWFN WARNING IN CHANNEL J = 10  LJ =  3  ET(J) =    0.00034   ET(1) =    0.00034 RYD
 ASYWFN WARNING IN CHANNEL J = 11  LJ =  4  ET(J) =    0.00034   ET(1) =    0.00034 RYD
 ASYWFN WARNING IN CHANNEL J = 12  LJ =  4  ET(J) =    0.00034   ET(1) =    0.00034 RYD
 ASYWFN WARNING IN CHANNEL J = 13  LJ =  4  ET(J) =    0.00034   ET(1) =    0.00034 RYD
 ASYWFN WARNING IN CHANNEL J = 14  LJ =  4  ET(J) =    0.00034   ET(1) =    0.00034 RYD
 ASYWFN WARNING IN CHANNEL J =  7  LJ =  3  ET(J) =    0.00038   ET(1) =    0.00038 RYD
 ASYWFN WARNING IN CHANNEL J =  9  LJ =  3  ET(J) =    0.00038   ET(1) =    0.00038 RYD
 ASYWFN WARNING IN CHANNEL J = 11  LJ =  4  ET(J) =    0.00038   ET(1) =    0.00038 RYD
 ASYWFN WARNING IN CHANNEL J = 12  LJ =  4  ET(J) =    0.00038   ET(1) =    0.00038 RYD
 ASYWFN WARNING IN CHANNEL J = 13  LJ =  4  ET(J) =    0.00038   ET(1) =    0.00038 RYD
 ASYWFN WARNING IN CHANNEL J = 14  LJ =  4  ET(J) =    0.00038   ET(1) =    0.00038 RYD
 ASYWFN WARNING IN CHANNEL J =  9  LJ =  3  ET(J) =    0.00042   ET(1) =    0.00042 RYD
 ASYWFN WARNING IN CHANNEL J = 11  LJ =  4  ET(J) =    0.00042   ET(1) =    0.00042 RYD
 ASYWFN WARNING IN CHANNEL J = 12  LJ =  4  ET(J) =    0.00042   ET(1) =    0.00042 RYD
 ASYWFN WARNING IN CHANNEL J = 13  LJ =  4  ET(J) =    0.00042   ET(1) =    0.00042 RYD
 ASYWFN WARNING IN CHANNEL J = 14  LJ =  4  ET(J) =    0.00042   ET(1) =    0.00042 RYD
 ASYWFN WARNING IN CHANNEL J = 11  LJ =  4  ET(J) =    0.00045   ET(1) =    0.00045 RYD
 ASYWFN WARNING IN CHANNEL J = 12  LJ =  4  ET(J) =    0.00045   ET(1) =    0.00045 RYD
 ASYWFN WARNING IN CHANNEL J = 13  LJ =  4  ET(J) =    0.00045   ET(1) =    0.00045 RYD
 ASYWFN WARNING IN CHANNEL J = 14  LJ =  4  ET(J) =    0.00045   ET(1) =    0.00045 RYD
 ASYWFN WARNING IN CHANNEL J = 11  LJ =  4  ET(J) =    0.00049   ET(1) =    0.00049 RYD
 ASYWFN WARNING IN CHANNEL J = 12  LJ =  4  ET(J) =    0.00049   ET(1) =    0.00049 RYD
 ASYWFN WARNING IN CHANNEL J = 13  LJ =  4  ET(J) =    0.00049   ET(1) =    0.00049 RYD
 ASYWFN WARNING IN CHANNEL J = 14  LJ =  4  ET(J) =    0.00049   ET(1) =    0.00049 RYD
 ASYWFN WARNING IN CHANNEL J = 11  LJ =  4  ET(J) =    0.00053   ET(1) =    0.00053 RYD
 ASYWFN WARNING IN CHANNEL J = 12  LJ =  4  ET(J) =    0.00053   ET(1) =    0.00053 RYD
 ASYWFN WARNING IN CHANNEL J = 13  LJ =  4  ET(J) =    0.00053   ET(1) =    0.00053 RYD
 ASYWFN WARNING IN CHANNEL J = 14  LJ =  4  ET(J) =    0.00053   ET(1) =    0.00053 RYD
 ASYWFN WARNING IN CHANNEL J = 11  LJ =  4  ET(J) =    0.00056   ET(1) =    0.00056 RYD
 ASYWFN WARNING IN CHANNEL J = 12  LJ =  4  ET(J) =    0.00056   ET(1) =    0.00056 RYD
 ASYWFN WARNING IN CHANNEL J = 13  LJ =  4  ET(J) =    0.00056   ET(1) =    0.00056 RYD
 ASYWFN WARNING IN CHANNEL J = 14  LJ =  4  ET(J) =    0.00056   ET(1) =    0.00056 RYD
 ASYWFN WARNING IN CHANNEL J = 11  LJ =  4  ET(J) =    0.00060   ET(1) =    0.00060 RYD
 ASYWFN WARNING IN CHANNEL J = 12  LJ =  4  ET(J) =    0.00060   ET(1) =    0.00060 RYD
 ASYWFN WARNING IN CHANNEL J = 13  LJ =  4  ET(J) =    0.00060   ET(1) =    0.00060 RYD
 ASYWFN WARNING IN CHANNEL J = 14  LJ =  4  ET(J) =    0.00060   ET(1) =    0.00060 RYD
 ASYWFN WARNING IN CHANNEL J = 11  LJ =  4  ET(J) =    0.00064   ET(1) =    0.00064 RYD
 ASYWFN WARNING IN CHANNEL J = 12  LJ =  4  ET(J) =    0.00064   ET(1) =    0.00064 RYD
 ASYWFN WARNING IN CHANNEL J = 13  LJ =  4  ET(J) =    0.00064   ET(1) =    0.00064 RYD
 ASYWFN WARNING IN CHANNEL J = 14  LJ =  4  ET(J) =    0.00064   ET(1) =    0.00064 RYD
 ASYWFN WARNING IN CHANNEL J = 12  LJ =  4  ET(J) =    0.00067   ET(1) =    0.00067 RYD
 ASYWFN WARNING IN CHANNEL J = 13  LJ =  4  ET(J) =    0.00067   ET(1) =    0.00067 RYD
 ASYWFN WARNING IN CHANNEL J = 14  LJ =  4  ET(J) =    0.00067   ET(1) =    0.00067 RYD
 ASYWFN WARNING IN CHANNEL J = 12  LJ =  4  ET(J) =    0.00071   ET(1) =    0.00071 RYD
 ASYWFN WARNING IN CHANNEL J = 13  LJ =  4  ET(J) =    0.00071   ET(1) =    0.00071 RYD
 ASYWFN WARNING IN CHANNEL J = 14  LJ =  4  ET(J) =    0.00071   ET(1) =    0.00071 RYD
 ASYWFN WARNING IN CHANNEL J =  1  LJ =  0  ET(J) =    0.00007   ET(1) =    0.00007 RYD
 ASYWFN WARNING IN CHANNEL J =  2  LJ =  1  ET(J) =    0.00007   ET(1) =    0.00007 RYD
 ASYWFN WARNING IN CHANNEL J =  3  LJ =  1  ET(J) =    0.00007   ET(1) =    0.00007 RYD
 ASYWFN WARNING IN CHANNEL J =  4  LJ =  2  ET(J) =    0.00007   ET(1) =    0.00007 RYD
 ASYWFN WARNING IN CHANNEL J =  5  LJ =  2  ET(J) =    0.00007   ET(1) =    0.00007 RYD
 ASYWFN WARNING IN CHANNEL J =  6  LJ =  2  ET(J) =    0.00007   ET(1) =    0.00007 RYD
 ASYWFN WARNING IN CHANNEL J =  7  LJ =  3  ET(J) =    0.00007   ET(1) =    0.00007 RYD
 ASYWFN WARNING IN CHANNEL J =  8  LJ =  3  ET(J) =    0.00007   ET(1) =    0.00007 RYD
 ASYWFN WARNING IN CHANNEL J =  9  LJ =  3  ET(J) =    0.00007   ET(1) =    0.00007 RYD
 ASYWFN WARNING IN CHANNEL J = 10  LJ =  3  ET(J) =    0.00007   ET(1) =    0.00007 RYD
 ASYWFN WARNING IN CHANNEL J = 11  LJ =  4  ET(J) =    0.00007   ET(1) =    0.00007 RYD
 ASYWFN WARNING IN CHANNEL J = 12  LJ =  4  ET(J) =    0.00007   ET(1) =    0.00007 RYD
 ASYWFN WARNING IN CHANNEL J = 13  LJ =  4  ET(J) =    0.00007   ET(1) =    0.00007 RYD
 ASYWFN WARNING IN CHANNEL J = 14  LJ =  4  ET(J) =    0.00007   ET(1) =    0.00007 RYD
 ASYWFN WARNING IN CHANNEL J = 15  LJ =  4  ET(J) =    0.00007   ET(1) =    0.00007 RYD
 ASYWFN WARNING IN CHANNEL J = 43  LJ =  3  ET(J) =   -0.00011   ET(1) =    1.16872 RYD
 ASYWFN WARNING IN CHANNEL J = 44  LJ =  3  ET(J) =   -0.00011   ET(1) =    1.16872 RYD
 ASYWFN WARNING IN CHANNEL J = 45  LJ =  3  ET(J) =   -0.00011   ET(1) =    1.16872 RYD
 ASYWFN WARNING IN CHANNEL J = 46  LJ =  4  ET(J) =   -0.00011   ET(1) =    1.16872 RYD
 ASYWFN WARNING IN CHANNEL J = 47  LJ =  4  ET(J) =   -0.00011   ET(1) =    1.16872 RYD
 ASYWFN WARNING IN CHANNEL J = 48  LJ =  4  ET(J) =   -0.00011   ET(1) =    1.16872 RYD
 ASYWFN WARNING IN CHANNEL J = 49  LJ =  4  ET(J) =   -0.00011   ET(1) =    1.16872 RYD
 ASYWFN WARNING IN CHANNEL J = 50  LJ =  4  ET(J) =   -0.00011   ET(1) =    1.16872 RYD

Number of energy points for which the K matrices have actually been calculated:      0

 *** Task successfully completed ***
