+-------------------------------------------------------------------------+
|              _              |                                           |
| || || ||//  | \          |  | University College London (C) 1994 - 2020 |
| || || ||    | / |/\/\ /\ |  | Open University           (C) 2007 - 2020 |
| \\_// ||\\  | \ | | | \/ |  |                                           |
|                             |                                           |
+-------------------------------------------------------------------------+
| Last revision: 3.2                                                      |
| Last author:   Jimena Gorfinkiel                                        |
| Last date:     Tue Dec 21 17:59:46 2021 +0000                           |
+-------------------------------------------------------------------------+


 PROGRAM SCATCI (19 Oct 2009) : 

                         DATE = 20230416

                         TIME = 145149.420


 CONGEN: e + H2O - doublet App                                                                                                   
 SCATCI: e + H2O - doublet App                                                                                                   
 MGVN =         1     S    =  0.5
 NELT =        11     SZ   =  0.5
 IDIAG=         2     R    =  0.0
 THRES=   0.1D-09     NSYM =    2
 MEGUL=721, NOCSF=       895
 NPFLG         0   0   0   0   0   0
 NOB(i)=                    97
 setting NOBE(i)=                    97
 NOB(i)=                    58
 setting NOBE(i)=                    58
 NOB  =        97  58
 NOB0 =        11   1
 NOBC =        11   1
 NDTRF=         1   2   3   4   5   6   7   8   9  10 195
 NSRB=  310    LNDOF=     26681    LCDOF=      3985
 nfte =  821        nfti =    16       lembf=  5000       iodr =   1
 MOLECULE SYMMETRY CASE,  SYMTYP = 2

 Prototype CSF option requested

 CI target option requested,
 Vectors to be read from unit NFTG = 26
 Phases for target vectors read in from CONGEN

 Number of target symmetries in expansion,   NTGSYM =    4
 Number of continuum orbitals for each state, NOTGT =   57   57   86   86
 Number of CI components for each state,      NCTGT =        65        55        40        50
 Number of target states of each symmetry,   NUMTGT =    2    1    1    1
 Continuum M projection  for each state,      MCONT =    1    1    0    0

 Diagonalisation of Hamiltonian matrix requested
 SCATCI will expand NOCSF =    895 prototype CSFs
               into MXCSF =  15055 actual configurations
               and  MOCSF =    818 dimension final Hamiltonian

 Number of last continuum CSF, NCONT =    420
     ENERGY EXPRESSIONS COMPUTED FOR MOLECULE SYMMETRY CASE - SYMTYP=  2
 All IIII blocks of integrals
                     1                     0                     0
                     0                     0
                     2                     1                     1
                     1                     1
 All IJIJ blocks
                     3                     1                     0
                     1                     0
 The IIJJ blocks of integrals
                     4                     1                     1
                     0                     0
 NOBE =        97        58
 MBAS =         0         6
 NBASH=         1      4754      6465
   Read wavefunctions from CONGEN and load integrals
                   I         N         G         M         S      MPOS      MCON
                   1         1         0         0         0         0         1
                   2         1         0         0         1         0         1
                   3         2         0         0         0         0         1
                   4         2         0         0         1         0         1
                   5         3         0         0         0         0         1
                   6         3         0         0         1         0         1
                   7         4         0         0         0         0         1
                   8         4         0         0         1         0         1
                   9         5         0         0         0         0         1
                  10         5         0         0         1         0         1
                  11         6         0         0         0         0         1
                  12         6         0         0         1         0         1
                  13         7         0         0         0         0         1
                  14         7         0         0         1         0         1
                  15         8         0         0         0         0         1
                  16         8         0         0         1         0         1
                  17         9         0         0         0         0         1
                  18         9         0         0         1         0         1
                  19        10         0         0         0         0         1
                  20        10         0         0         1         0         1
                  21        11         0         0         0         0         1
                  22        11         0         0         1         0         1
                  23        12         0         0         0         0         0
                  24        12         0         0         1         0         0
                  25        13         0         0         0         0         0
                  26        13         0         0         1         0         0
                  27        14         0         0         0         0         0
                  28        14         0         0         1         0         0
                  29        15         0         0         0         0         0
                  30        15         0         0         1         0         0
                  31        16         0         0         0         0         0
                  32        16         0         0         1         0         0
                  33        17         0         0         0         0         0
                  34        17         0         0         1         0         0
                  35        18         0         0         0         0         0
                  36        18         0         0         1         0         0
                  37        19         0         0         0         0         0
                  38        19         0         0         1         0         0
                  39        20         0         0         0         0         0
                  40        20         0         0         1         0         0
                  41        21         0         0         0         0         0
                  42        21         0         0         1         0         0
                  43        22         0         0         0         0         0
                  44        22         0         0         1         0         0
                  45        23         0         0         0         0         0
                  46        23         0         0         1         0         0
                  47        24         0         0         0         0         0
                  48        24         0         0         1         0         0
                  49        25         0         0         0         0         0
                  50        25         0         0         1         0         0
                  51        26         0         0         0         0         0
                  52        26         0         0         1         0         0
                  53        27         0         0         0         0         0
                  54        27         0         0         1         0         0
                  55        28         0         0         0         0         0
                  56        28         0         0         1         0         0
                  57        29         0         0         0         0         0
                  58        29         0         0         1         0         0
                  59        30         0         0         0         0         0
                  60        30         0         0         1         0         0
                  61        31         0         0         0         0         0
                  62        31         0         0         1         0         0
                  63        32         0         0         0         0         0
                  64        32         0         0         1         0         0
                  65        33         0         0         0         0         0
                  66        33         0         0         1         0         0
                  67        34         0         0         0         0         0
                  68        34         0         0         1         0         0
                  69        35         0         0         0         0         0
                  70        35         0         0         1         0         0
                  71        36         0         0         0         0         0
                  72        36         0         0         1         0         0
                  73        37         0         0         0         0         0
                  74        37         0         0         1         0         0
                  75        38         0         0         0         0         0
                  76        38         0         0         1         0         0
                  77        39         0         0         0         0         0
                  78        39         0         0         1         0         0
                  79        40         0         0         0         0         0
                  80        40         0         0         1         0         0
                  81        41         0         0         0         0         0
                  82        41         0         0         1         0         0
                  83        42         0         0         0         0         0
                  84        42         0         0         1         0         0
                  85        43         0         0         0         0         0
                  86        43         0         0         1         0         0
                  87        44         0         0         0         0         0
                  88        44         0         0         1         0         0
                  89        45         0         0         0         0         0
                  90        45         0         0         1         0         0
                  91        46         0         0         0         0         0
                  92        46         0         0         1         0         0
                  93        47         0         0         0         0         0
                  94        47         0         0         1         0         0
                  95        48         0         0         0         0         0
                  96        48         0         0         1         0         0
                  97        49         0         0         0         0         0
                  98        49         0         0         1         0         0
                  99        50         0         0         0         0         0
                 100        50         0         0         1         0         0
                 101        51         0         0         0         0         0
                 102        51         0         0         1         0         0
                 103        52         0         0         0         0         0
                 104        52         0         0         1         0         0
                 105        53         0         0         0         0         0
                 106        53         0         0         1         0         0
                 107        54         0         0         0         0         0
                 108        54         0         0         1         0         0
                 109        55         0         0         0         0         0
                 110        55         0         0         1         0         0
                 111        56         0         0         0         0         0
                 112        56         0         0         1         0         0
                 113        57         0         0         0         0         0
                 114        57         0         0         1         0         0
                 115        58         0         0         0         0         0
                 116        58         0         0         1         0         0
                 117        59         0         0         0         0         0
                 118        59         0         0         1         0         0
                 119        60         0         0         0         0         0
                 120        60         0         0         1         0         0
                 121        61         0         0         0         0         0
                 122        61         0         0         1         0         0
                 123        62         0         0         0         0         0
                 124        62         0         0         1         0         0
                 125        63         0         0         0         0         0
                 126        63         0         0         1         0         0
                 127        64         0         0         0         0         0
                 128        64         0         0         1         0         0
                 129        65         0         0         0         0         0
                 130        65         0         0         1         0         0
                 131        66         0         0         0         0         0
                 132        66         0         0         1         0         0
                 133        67         0         0         0         0         0
                 134        67         0         0         1         0         0
                 135        68         0         0         0         0         0
                 136        68         0         0         1         0         0
                 137        69         0         0         0         0         0
                 138        69         0         0         1         0         0
                 139        70         0         0         0         0         0
                 140        70         0         0         1         0         0
                 141        71         0         0         0         0         0
                 142        71         0         0         1         0         0
                 143        72         0         0         0         0         0
                 144        72         0         0         1         0         0
                 145        73         0         0         0         0         0
                 146        73         0         0         1         0         0
                 147        74         0         0         0         0         0
                 148        74         0         0         1         0         0
                 149        75         0         0         0         0         0
                 150        75         0         0         1         0         0
                 151        76         0         0         0         0         0
                 152        76         0         0         1         0         0
                 153        77         0         0         0         0         0
                 154        77         0         0         1         0         0
                 155        78         0         0         0         0         0
                 156        78         0         0         1         0         0
                 157        79         0         0         0         0         0
                 158        79         0         0         1         0         0
                 159        80         0         0         0         0         0
                 160        80         0         0         1         0         0
                 161        81         0         0         0         0         0
                 162        81         0         0         1         0         0
                 163        82         0         0         0         0         0
                 164        82         0         0         1         0         0
                 165        83         0         0         0         0         0
                 166        83         0         0         1         0         0
                 167        84         0         0         0         0         0
                 168        84         0         0         1         0         0
                 169        85         0         0         0         0         0
                 170        85         0         0         1         0         0
                 171        86         0         0         0         0         0
                 172        86         0         0         1         0         0
                 173        87         0         0         0         0         0
                 174        87         0         0         1         0         0
                 175        88         0         0         0         0         0
                 176        88         0         0         1         0         0
                 177        89         0         0         0         0         0
                 178        89         0         0         1         0         0
                 179        90         0         0         0         0         0
                 180        90         0         0         1         0         0
                 181        91         0         0         0         0         0
                 182        91         0         0         1         0         0
                 183        92         0         0         0         0         0
                 184        92         0         0         1         0         0
                 185        93         0         0         0         0         0
                 186        93         0         0         1         0         0
                 187        94         0         0         0         0         0
                 188        94         0         0         1         0         0
                 189        95         0         0         0         0         0
                 190        95         0         0         1         0         0
                 191        96         0         0         0         0         0
                 192        96         0         0         1         0         0
                 193        97         0         0         0         0         0
                 194        97         0         0         1         0         0
                 195        98         0         1         0         0         1
                 196        98         0         1         1         0         1
                 197        99         0         1         0         0         0
                 198        99         0         1         1         0         0
                 199       100         0         1         0         0         0
                 200       100         0         1         1         0         0
                 201       101         0         1         0         0         0
                 202       101         0         1         1         0         0
                 203       102         0         1         0         0         0
                 204       102         0         1         1         0         0
                 205       103         0         1         0         0         0
                 206       103         0         1         1         0         0
                 207       104         0         1         0         0         0
                 208       104         0         1         1         0         0
                 209       105         0         1         0         0         0
                 210       105         0         1         1         0         0
                 211       106         0         1         0         0         0
                 212       106         0         1         1         0         0
                 213       107         0         1         0         0         0
                 214       107         0         1         1         0         0
                 215       108         0         1         0         0         0
                 216       108         0         1         1         0         0
                 217       109         0         1         0         0         0
                 218       109         0         1         1         0         0
                 219       110         0         1         0         0         0
                 220       110         0         1         1         0         0
                 221       111         0         1         0         0         0
                 222       111         0         1         1         0         0
                 223       112         0         1         0         0         0
                 224       112         0         1         1         0         0
                 225       113         0         1         0         0         0
                 226       113         0         1         1         0         0
                 227       114         0         1         0         0         0
                 228       114         0         1         1         0         0
                 229       115         0         1         0         0         0
                 230       115         0         1         1         0         0
                 231       116         0         1         0         0         0
                 232       116         0         1         1         0         0
                 233       117         0         1         0         0         0
                 234       117         0         1         1         0         0
                 235       118         0         1         0         0         0
                 236       118         0         1         1         0         0
                 237       119         0         1         0         0         0
                 238       119         0         1         1         0         0
                 239       120         0         1         0         0         0
                 240       120         0         1         1         0         0
                 241       121         0         1         0         0         0
                 242       121         0         1         1         0         0
                 243       122         0         1         0         0         0
                 244       122         0         1         1         0         0
                 245       123         0         1         0         0         0
                 246       123         0         1         1         0         0
                 247       124         0         1         0         0         0
                 248       124         0         1         1         0         0
                 249       125         0         1         0         0         0
                 250       125         0         1         1         0         0
                 251       126         0         1         0         0         0
                 252       126         0         1         1         0         0
                 253       127         0         1         0         0         0
                 254       127         0         1         1         0         0
                 255       128         0         1         0         0         0
                 256       128         0         1         1         0         0
                 257       129         0         1         0         0         0
                 258       129         0         1         1         0         0
                 259       130         0         1         0         0         0
                 260       130         0         1         1         0         0
                 261       131         0         1         0         0         0
                 262       131         0         1         1         0         0
                 263       132         0         1         0         0         0
                 264       132         0         1         1         0         0
                 265       133         0         1         0         0         0
                 266       133         0         1         1         0         0
                 267       134         0         1         0         0         0
                 268       134         0         1         1         0         0
                 269       135         0         1         0         0         0
                 270       135         0         1         1         0         0
                 271       136         0         1         0         0         0
                 272       136         0         1         1         0         0
                 273       137         0         1         0         0         0
                 274       137         0         1         1         0         0
                 275       138         0         1         0         0         0
                 276       138         0         1         1         0         0
                 277       139         0         1         0         0         0
                 278       139         0         1         1         0         0
                 279       140         0         1         0         0         0
                 280       140         0         1         1         0         0
                 281       141         0         1         0         0         0
                 282       141         0         1         1         0         0
                 283       142         0         1         0         0         0
                 284       142         0         1         1         0         0
                 285       143         0         1         0         0         0
                 286       143         0         1         1         0         0
                 287       144         0         1         0         0         0
                 288       144         0         1         1         0         0
                 289       145         0         1         0         0         0
                 290       145         0         1         1         0         0
                 291       146         0         1         0         0         0
                 292       146         0         1         1         0         0
                 293       147         0         1         0         0         0
                 294       147         0         1         1         0         0
                 295       148         0         1         0         0         0
                 296       148         0         1         1         0         0
                 297       149         0         1         0         0         0
                 298       149         0         1         1         0         0
                 299       150         0         1         0         0         0
                 300       150         0         1         1         0         0
                 301       151         0         1         0         0         0
                 302       151         0         1         1         0         0
                 303       152         0         1         0         0         0
                 304       152         0         1         1         0         0
                 305       153         0         1         0         0         0
                 306       153         0         1         1         0         0
                 307       154         0         1         0         0         0
                 308       154         0         1         1         0         0
                 309       155         0         1         0         0         0
                 310       155         0         1         1         0         0
 GIVEN NSRBD=                   310
 CALCULATED NSRB=                   310

          Assuming UKRMol+ integrals on input.
MPI startup(): PMI server not found. Please set I_MPI_PMI_LIBRARY variable if it is not a singleton case.

 On input SCATCI expects:
 1-electron integrals, NINT1e =0
 2-electron integrals, NINT2e =0

One electron integrals read-in.

Two electron integrals read-in.

 UKRMol+ integrals read successfully:
 1-electron integrals, NINT1e =12090
 2-electron integrals, NINT2e =1237987

          Nuclear repulsion energy =       8.3162224

          Finished reading UKRMol+ integrals.
   Load CI target and construct matrix elements

 TRANSFORMATION VECTOR   1 FROM SET  1 STATE  1
 SET   1    H2O CI calculation - singlet Ap                                                                                         
          NOCSF=   65    NSTAT=    2    NNUC =    4

 Nuclear data     X         Y         Z       Charge
   O  1        0.000000  0.000000  0.137029  8.000000
   H  2        0.000000  1.581165 -1.087681  1.000000
   H  3        0.000000 -1.581165 -1.087681  1.000000
   sc 4        0.000000  0.000000  0.000000  0.000000
          EIGEN-ENERGIES OF THE REQ. STATES
                      -76.0969731990      -75.3679222327

 TRANSFORMATION VECTOR   2 FROM SET  1 STATE  2

 TRANSFORMATION VECTOR   3 FROM SET  2 STATE  1
 SET   2    H2O CI calculation - triplet Ap                                                                                         
          NOCSF=   55    NSTAT=    1    NNUC =    4

 Nuclear data     X         Y         Z       Charge
   O  1        0.000000  0.000000  0.137029  8.000000
   H  2        0.000000  1.581165 -1.087681  1.000000
   H  3        0.000000 -1.581165 -1.087681  1.000000
   sc 4        0.000000  0.000000  0.000000  0.000000
          EIGEN-ENERGIES OF THE REQ. STATES
                      -75.5125584059

 TRANSFORMATION VECTOR   4 FROM SET  3 STATE  1
 SET   3    H2O CI calculation - singlet App                                                                                        
          NOCSF=   40    NSTAT=    1    NNUC =    4

 Nuclear data     X         Y         Z       Charge
   O  1        0.000000  0.000000  0.137029  8.000000
   H  2        0.000000  1.581165 -1.087681  1.000000
   H  3        0.000000 -1.581165 -1.087681  1.000000
   sc 4        0.000000  0.000000  0.000000  0.000000
          EIGEN-ENERGIES OF THE REQ. STATES
                      -75.5259921979

 TRANSFORMATION VECTOR   5 FROM SET  4 STATE  1
 SET   4    H2O CI calculation - triplet App                                                                                        
          NOCSF=   50    NSTAT=    1    NNUC =    4

 Nuclear data     X         Y         Z       Charge
   O  1        0.000000  0.000000  0.137029  8.000000
   H  2        0.000000  1.581165 -1.087681  1.000000
   H  3        0.000000 -1.581165 -1.087681  1.000000
   sc 4        0.000000  0.000000  0.000000  0.000000
          EIGEN-ENERGIES OF THE REQ. STATES
                      -75.5666161635
     MXCORB SET TO:       100000000


 TOTAL H Matrix     ELEMENTS      =    334971
 NON-ZERO ELEMENTS evaluated      =    258039
 Total    prototype ELEMENTS      =    400960
 Non-zero prototype ELEMENTS      =     50996

 Number (prototype) integrals     =    219345
 Compressed (prototype) integrals =    192322
 Number integrals evaluated       =   3671161
 ===================================================
  inside subroutine --> 'dgmain' --> begins. 
 

  ************************************************************************************************************************

 MATRIX DIAGONALIZATION SECTION
 (RUN)     H2O CI calculation - doublet App                                                                                        
  DATA SET FILE NUMBERS AND LENGTH SPECIFICATIONS :
      NFTE =821      NFTW =     25

 NPFLG :      0     0
 NCISET:      1

 NPCVC =    1
 THRHM = 0.10D-14


 (EMX)     e + H2O - doublet App                                                                                                   

   818 Eigenvectors to be computed for
   818 dimensional final Hamiltonian matrix

    258039 Hamiltonian elements read from unit NFTE =821
 CI data stored as set number  1

 SET   1    H2O CI calculation - doublet App                                                                                        

 MGVN = 1    s =   0.5    sz =   0.5    NELT =   11    NNUC =  4

 Nuclear data     X         Y         Z       Charge
   O  1        0.000000  0.000000  0.137029  8.000000
   H  2        0.000000  1.581165 -1.087681  1.000000
   H  3        0.000000 -1.581165 -1.087681  1.000000
   sc 4        0.000000  0.000000  0.000000  0.000000

 NOCSF=  818    NSTAT=  818    EN   =        8.3162224495

 NTGSYM=   4
  I   MCONT  NOTGT
  1      1     57
  2      1     57
  3      0     86
  4      0     86

 EIGEN-ENERGIES
                      -76.0565341492      -76.0229301571      -76.0206928505      -75.9738947423      -75.9733528637
                      -75.9718563226      -75.9135680924      -75.9133600839      -75.9125489354      -75.9115135499
                      -75.8849017781      -75.8274917227      -75.8190556250      -75.7187798608      -75.7174984335
                      -75.7126900190      -75.6014309034      -75.6008331316      -75.5983932609      -75.5982194340
                      -75.5954971629      -75.5727709814      -75.5501078844      -75.5465296255      -75.5310030649
                      -75.5300295240      -75.5184754022      -75.4993309769      -75.4934791466      -75.4912407746
                      -75.4885228603      -75.4868556133      -75.4800930177      -75.4714743787      -75.4598605823
                      -75.4513854032      -75.4511395675      -75.4466951339      -75.4436013866      -75.4430012616
                      -75.4426097734      -75.4422206911      -75.4377936810      -75.4368060170      -75.4128118909
                      -75.4027550698      -75.4022943194      -75.4022855483      -75.4020849325      -75.3891294323
                      -75.3888824682      -75.3879121378      -75.3867794301      -75.3836095799      -75.3831281608
                      -75.3827673301      -75.3825518664      -75.3821670712      -75.3742375794      -75.3725774595
                      -75.3700632061      -75.3624577308      -75.3447202386      -75.3425228553      -75.3423276149
                      -75.3421787594      -75.3420830472      -75.3420195513      -75.3291006191      -75.3290644381
                      -75.3284610859      -75.3281787742      -75.3279076907      -75.3263959798      -75.3116096583
                      -75.3012979426      -75.2963369320      -75.2927758387      -75.2927388566      -75.2916909499
                      -75.2849892968      -75.2831607416      -75.2724779630      -75.2540108099      -75.2501165613
                      -75.2442566472      -75.2442164656      -75.2435158022      -75.2394528449      -75.2354559704
                      -75.2335830843      -75.2132680714      -75.2062567647      -75.1994048067      -75.1986116151
                      -75.1959422870      -75.1954926516      -75.1901756632      -75.1891727826      -75.1862512747
                      -75.1843576243      -75.1843537882      -75.1842135310      -75.1837517198      -75.1836537356
                      -75.1835719898      -75.1687559269      -75.1548292854      -75.1480484221      -75.1479966629
                      -75.1464845043      -75.1452409238      -75.1425920570      -75.1379390232      -75.1328708041
                      -75.1322296296      -75.1293183113      -75.1181329960      -75.0954351438      -75.0939462988
                      -75.0716425742      -75.0706479955      -75.0705014960      -75.0686953132      -75.0674892582
                      -75.0607375634      -75.0553474289      -75.0542951031      -75.0427732643      -75.0300735308
                      -75.0295009391      -75.0292310053      -75.0287842112      -75.0282725836      -75.0245047321
                      -75.0160905848      -75.0160595009      -75.0144565512      -75.0129036735      -75.0124803805
                      -75.0103465988      -75.0031710323      -74.9954286325      -74.9883987961      -74.9877920921
                      -74.9859929303      -74.9747325707      -74.9588884701      -74.9486050613      -74.9463060794
                      -74.9139820757      -74.9120403074      -74.8948434634      -74.8905126198      -74.8792283027
                      -74.8742741159      -74.8715964411      -74.8713335562      -74.8695125106      -74.8693906441
                      -74.8646272567      -74.8572203624      -74.8470291360      -74.8407865320      -74.8337970293
                      -74.8321863410      -74.8256193472      -74.8167975094      -74.8100043841      -74.8069388995
                      -74.8053633692      -74.8028359281      -74.7986725502      -74.7976858923      -74.7945072923
                      -74.7863898128      -74.7850430831      -74.7835860031      -74.7790374334      -74.7759630540
                      -74.7712718436      -74.7618673762      -74.7301023057      -74.7011821859      -74.6858773064
                      -74.6851253580      -74.6831328511      -74.6747752075      -74.6746862365      -74.6708226195
                      -74.6688172012      -74.6684160428      -74.6670587970      -74.6659762949      -74.6640314483
                      -74.6632992440      -74.6597085430      -74.6588924454      -74.6567902530      -74.6540958668
                      -74.6533167134      -74.6481953328      -74.6456008402      -74.6427341059      -74.6403317822
                      -74.6374086960      -74.6373601023      -74.6337979013      -74.6292236811      -74.6277877529
                      -74.6261697179      -74.6250207385      -74.6243440990      -74.6178527197      -74.6143907926
                      -74.6139140693      -74.6112851782      -74.6087347454      -74.6082650591      -74.6019382186
                      -74.6007099490      -74.5901413673      -74.5872322571      -74.5749531015      -74.5693093400
                      -74.5664630886      -74.5597254301      -74.5563153247      -74.5524201026      -74.5374867426
                      -74.5354342071      -74.5197774736      -74.5197604704      -74.5108888464      -74.5020526237
                      -74.4953383599      -74.4906018159      -74.4897041642      -74.4725604244      -74.4697551821
                      -74.4676491866      -74.4666506755      -74.4655532379      -74.4557396573      -74.4435067308
                      -74.4356425882      -74.4231040960      -74.4228895158      -74.4182033878      -74.4116399896
                      -74.4085280830      -74.4044433456      -74.3988985480      -74.3928028781      -74.3852929575
                      -74.3792383207      -74.3688026830      -74.3674208036      -74.3578904557      -74.3540890828
                      -74.3531737259      -74.3412138175      -74.3379669725      -74.3344787682      -74.3311376108
                      -74.3237227203      -74.3227890268      -74.3158985561      -74.3131952276      -74.3118492109
                      -74.3109947589      -74.3019872323      -74.2967700659      -74.2893090389      -74.2838089362
                      -74.2765918408      -74.2746909242      -74.2730507169      -74.2691178764      -74.2611172052
                      -74.2569140118      -74.2522633677      -74.2489533541      -74.2471360397      -74.2451362565
                      -74.2420063503      -74.2373472482      -74.2246863874      -74.2240507204      -74.2167934054
                      -74.2106349184      -74.2085851117      -74.2060833168      -74.2035854934      -74.1951455433
                      -74.1842798490      -74.1838536989      -74.1804241188      -74.1798656082      -74.1734678442
                      -74.1693134131      -74.1686560740      -74.1559846534      -74.1516471725      -74.1515282886
                      -74.1479562117      -74.1442505888      -74.1436967369      -74.1408382095      -74.1354313614
                      -74.1342853831      -74.1304957490      -74.1266579533      -74.1240612044      -74.1221017325
                      -74.1180208199      -74.1112402631      -74.1099557612      -74.1088872753      -74.0997531212
                      -74.0985083876      -74.0924877789      -74.0903363781      -74.0900987735      -74.0888893183
                      -74.0877793001      -74.0862304538      -74.0821655734      -74.0800247337      -74.0750099206
                      -74.0749533440      -74.0739639579      -74.0735525140      -74.0696787819      -74.0678811956
                      -74.0594664580      -74.0513538388      -74.0511379566      -74.0463361247      -74.0261347646
                      -74.0175895982      -74.0111065190      -74.0072424958      -74.0068806835      -73.9963507718
                      -73.9817863605      -73.9798137276      -73.9672058557      -73.9563764942      -73.9551276225
                      -73.9522133140      -73.9495574002      -73.9491940634      -73.9478350892      -73.9396994533
                      -73.9386655201      -73.9332258692      -73.9293984734      -73.9288449663      -73.9251193443
                      -73.9197189224      -73.9141972029      -73.9017966024      -73.9002910554      -73.8986272747
                      -73.8897340302      -73.8840743083      -73.8798328531      -73.8710027200      -73.8678698384
                      -73.8671024644      -73.8624615441      -73.8535532086      -73.8518700368      -73.8409950975
                      -73.8381921711      -73.8331000587      -73.8303851090      -73.8287412955      -73.8255011757
                      -73.8191856353      -73.8124234460      -73.8068101038      -73.7988951222      -73.7975770803
                      -73.7968770336      -73.7929002125      -73.7859257835      -73.7842342451      -73.7776974156
                      -73.7724791697      -73.7612922732      -73.7607988847      -73.7577959156      -73.7526019115
                      -73.7484980363      -73.7484975773      -73.7342526662      -73.7238868805      -73.7231455533
