+-------------------------------------------------------------------------+
|              _              |                                           |
| || || ||//  | \          |  | University College London (C) 1994 - 2020 |
| || || ||    | / |/\/\ /\ |  | Open University           (C) 2007 - 2020 |
| \\_// ||\\  | \ | | | \/ |  |                                           |
|                             |                                           |
+-------------------------------------------------------------------------+
| Last revision: unknown                                                  |
| Last author:   unknown                                                  |
| Last date:     unknown                                                  |
+-------------------------------------------------------------------------+
MPI startup(): PMI server not found. Please set I_MPI_PMI_LIBRARY variable if it is not a singleton case.


 Program SWINTERF  ( last modified 12-Jan-2004 )

e + H2O - doublet Ap                                        20230416  145122.807


 Symmetry data   MGVN = 0 STOT = 2

 Input datasets:             Unit  Set number
 Target data          LUTARG  24       1       FORMATTED
 Boundary amplitudes  LUAMP   16       1     UNFORMATTED
 CI data              LUCI    25       1     UNFORMATTED
 Buttle corrections   LUBUT    0       1     UNFORMATTED

 Output datasets:            Unit  Set number
 Channel data         LUCHAN  10       1     UNFORMATTED
 R-Matrix data        LURMT   21       1     UNFORMATTED

 We are using UKRmol+ input

 Assuming full CI vectors have been saved on LUCI 

 Target rotational constants (a.u.)   0.102158D-03   0.544303D-04   0.355103D-04

 Nuclear centres 
    Atom  Charge      X         Y         Z         Mass
  1   O      8     0.000000  0.000000  0.137029   15.994900
  2   H      1     0.000000  1.581165 -1.087681    1.007800
  3   H      1     0.000000 -1.581165 -1.087681    1.007800

 Reduced mass     890.471806 au

 Transition moments
    1    0    1    0    1   -1  -0.00000
    1    0    1    0    1    0   0.74101
    1    0    1    0    2   -1   0.00000
    1    0    1    0    2    0   0.10942
    1    0    1    0    2    2   2.18070
    5    0    1    0    1   -1  -0.47522
    5    0    1    0    1    0   0.00000
    5    0    1    0    2   -1   0.71065
    5    0    1    0    2    0  -0.00000
    5    0    1    0    2    2  -0.00000
    5    0    5    0    1   -1   0.00000
    5    0    5    0    1    0   0.22126
    5    0    5    0    2   -1  -0.00000
    5    0    5    0    2    0  -0.77190
    5    0    5    0    2    2   1.11249
    4    0    4    0    1   -1  -0.00000
    4    0    4    0    1    0   0.17072
    4    0    4    0    2   -1   0.00000
    4    0    4    0    2    0  -0.04319
    4    0    4    0    2    2   1.52258
    3    1    1    0    1    1  -0.00000
    3    1    1    0    2   -2  -0.33948
    3    1    1    0    2    1   0.00000
    3    1    5    0    1    1   0.08857
    3    1    5    0    2   -2   0.00000
    3    1    5    0    2    1   0.75527
    3    1    3    1    1   -1   0.00000
    3    1    3    1    1    0   0.22280
    3    1    3    1    2   -1  -0.00000
    3    1    3    1    2    0   0.38957
    3    1    3    1    2    2   0.04582
    2    1    4    0    1    1   0.00716
    2    1    4    0    2   -2   0.00000
    2    1    4    0    2    1  -0.64963
    2    1    2    1    1   -1   0.00000
    2    1    2    1    1    0  -0.11107
    2    1    2    1    2   -1  -0.00000
    2    1    2    1    2    0   1.10756
    2    1    2    1    2    2   0.47375

 READCIP start

 CI file header data:
 --------------------
 MGVN  =  0
 NSET  =  1
 NSTAT =       1017
 NOCSF =       1017

 READCIP end

 R-matrix radius  =   10.00
 Residual charge on system = 0

 Channel Target  l  m  q       Irr  Energy   Energy(eV)
    1       1    0  0  0  N/A   1  0.000000  0.000000
    2       1    1  1 -1  N/A   1  0.000000  0.000000
    3       1    1  0  0  N/A   1  0.000000  0.000000
    4       1    2  1 -1  N/A   1  0.000000  0.000000
    5       1    2  0  0  N/A   1  0.000000  0.000000
    6       1    2  2  1  N/A   1  0.000000  0.000000
    7       1    3  3 -1  N/A   1  0.000000  0.000000
    8       1    3  1 -1  N/A   1  0.000000  0.000000
    9       1    3  0  0  N/A   1  0.000000  0.000000
   10       1    3  2  1  N/A   1  0.000000  0.000000
   11       1    4  3 -1  N/A   1  0.000000  0.000000
   12       1    4  1 -1  N/A   1  0.000000  0.000000
   13       1    4  0  0  N/A   1  0.000000  0.000000
   14       1    4  2  1  N/A   1  0.000000  0.000000
   15       1    4  4  1  N/A   1  0.000000  0.000000
   16       2    1  1  1  N/A   2  1.060714 14.431484
   17       2    2  2 -1  N/A   2  1.060714 14.431484
   18       2    2  1  1  N/A   2  1.060714 14.431484
   19       2    3  2 -1  N/A   2  1.060714 14.431484
   20       2    3  1  1  N/A   2  1.060714 14.431484
   21       2    3  3  1  N/A   2  1.060714 14.431484
   22       2    4  4 -1  N/A   2  1.060714 14.431484
   23       2    4  2 -1  N/A   2  1.060714 14.431484
   24       2    4  1  1  N/A   2  1.060714 14.431484
   25       2    4  3  1  N/A   2  1.060714 14.431484
   26       3    1  1  1  N/A   2  1.141962 15.536898
   27       3    2  2 -1  N/A   2  1.141962 15.536898
   28       3    2  1  1  N/A   2  1.141962 15.536898
   29       3    3  2 -1  N/A   2  1.141962 15.536898
   30       3    3  1  1  N/A   2  1.141962 15.536898
   31       3    3  3  1  N/A   2  1.141962 15.536898
   32       3    4  4 -1  N/A   2  1.141962 15.536898
   33       3    4  2 -1  N/A   2  1.141962 15.536898
   34       3    4  1  1  N/A   2  1.141962 15.536898
   35       3    4  3  1  N/A   2  1.141962 15.536898
   36       4    0  0  0  N/A   1  1.168830 15.902443
   37       4    1  1 -1  N/A   1  1.168830 15.902443
   38       4    1  0  0  N/A   1  1.168830 15.902443
   39       4    2  1 -1  N/A   1  1.168830 15.902443
   40       4    2  0  0  N/A   1  1.168830 15.902443
   41       4    2  2  1  N/A   1  1.168830 15.902443
   42       4    3  3 -1  N/A   1  1.168830 15.902443
   43       4    3  1 -1  N/A   1  1.168830 15.902443
   44       4    3  0  0  N/A   1  1.168830 15.902443
   45       4    3  2  1  N/A   1  1.168830 15.902443
   46       4    4  3 -1  N/A   1  1.168830 15.902443
   47       4    4  1 -1  N/A   1  1.168830 15.902443
   48       4    4  0  0  N/A   1  1.168830 15.902443
   49       4    4  2  1  N/A   1  1.168830 15.902443
   50       4    4  4  1  N/A   1  1.168830 15.902443
   51       5    0  0  0  N/A   1  1.458102 19.838122
   52       5    1  1 -1  N/A   1  1.458102 19.838122
   53       5    1  0  0  N/A   1  1.458102 19.838122
   54       5    2  1 -1  N/A   1  1.458102 19.838122
   55       5    2  0  0  N/A   1  1.458102 19.838122
   56       5    2  2  1  N/A   1  1.458102 19.838122
   57       5    3  3 -1  N/A   1  1.458102 19.838122
   58       5    3  1 -1  N/A   1  1.458102 19.838122
   59       5    3  0  0  N/A   1  1.458102 19.838122
   60       5    3  2  1  N/A   1  1.458102 19.838122
   61       5    4  3 -1  N/A   1  1.458102 19.838122
   62       5    4  1 -1  N/A   1  1.458102 19.838122
   63       5    4  0  0  N/A   1  1.458102 19.838122
   64       5    4  2  1  N/A   1  1.458102 19.838122
   65       5    4  4  1  N/A   1  1.458102 19.838122

 Dimension of Hamiltonian matrix           NOCSF =      1017
 Number of CSFs used to construct R-matrix NSTAT = 1017
 Number of eigenvectors to be retained     NPOLE =    0
 Number of multipoles in potential         ISMAX =    2

 READCIP start

 Reading CI coefficients...
 Last pole include at                  1017  is   -69.0864677195709       Ryd

 READCIP end

     R-matrix boundary amplitudes 

     At radial distance RMATR -      0.00000000 Bohr radii
     No. of channels     =    65
     No. of eigenvectors =  1017
     No. of correction terms =     0


     First 30 R-matrix amplitudes

     Channel =   1      0.29844150      0.00002201     -0.09915004
                       -0.04014505      0.00000819      0.01205026
                       -0.26688354      0.00004367     -0.16128442
                        0.00002406      0.02937116     -0.00000408
                       -0.00194301     -0.00292356      0.00000017
                        0.00071567     -0.00000003      0.11436824
                        0.00001184      0.12201254     -0.02795258
                       -0.24306888     -0.00005613     -0.00000003
                       -0.12077538     -0.02530876     -0.00000322
                       -0.11322359      0.00000835     -0.03268002
     Channel =   2     -0.00000000      0.36207474     -0.00000000
                        0.00000000     -0.08284734      0.00000000
                       -0.00000000      0.01386676     -0.00000000
                        0.00892535     -0.00000000      0.04851175
                        0.00000002      0.00000001      0.03469470
                       -0.00000000     -0.29219173      0.00000000
                        0.16084524     -0.00000000      0.00000000
                       -0.00000000     -0.02848296     -0.04243276
                        0.00000001     -0.00000000      0.18481549
                       -0.00000000     -0.01786827      0.00000000
     Channel =   3     -0.10570023      0.00002377     -0.33293025
                       -0.02246445      0.00000884     -0.07271664
                        0.08607874      0.00004715      0.03905290
                        0.00002600     -0.00626257     -0.00000441
                       -0.00309284     -0.00011530      0.00000018
                        0.00045868     -0.00000003      0.33119670
                        0.00001278      0.02867471      0.08807997
                        0.10969319     -0.00006061      0.00000001
                        0.03469174      0.00244251     -0.00000347
                       -0.25714402      0.00000901     -0.09114397
     Channel =   4     -0.00000000     -0.06860399      0.00000000
                        0.00000000     -0.39023820      0.00000000
                        0.00000000      0.04164152      0.00000001
                       -0.03499111     -0.00000000     -0.02839348
                       -0.00000001     -0.00000000     -0.01747638
                       -0.00000000      0.11833755     -0.00000000
                        0.26682063     -0.00000001      0.00000000
                        0.00000000     -0.01376455      0.08876614
                       -0.00000002      0.00000000     -0.22387859
                        0.00000000      0.00008499      0.00000000
     Channel =   5      0.01017361      0.00000076      0.07198392
                       -0.20130046      0.00000028     -0.34166100
                        0.01154107      0.00000151     -0.03733992
                        0.00000083     -0.03692996     -0.00000014
                        0.00703835      0.00173618      0.00000001
                       -0.00207558     -0.00000000     -0.07971090
                        0.00000041      0.12006469      0.29233412
                       -0.00213125     -0.00000193     -0.00000001
                       -0.03157120      0.02789944     -0.00000011
                        0.11947570      0.00000029      0.03059889
     Channel =   6     -0.01967666      0.00001740      0.02353386
                       -0.32962286      0.00000647      0.20592032
                        0.08389800      0.00003453      0.00805232
                        0.00001904      0.02148303     -0.00000323
                        0.00594579     -0.00746479      0.00000013
                        0.00116693     -0.00000002     -0.00216038
                        0.00000937      0.28128558     -0.11809886
                        0.15663558     -0.00004439      0.00000000
                        0.01063280     -0.01364426     -0.00000254
                        0.02548514      0.00000660      0.00439727
     Channel =   7      0.00000000     -0.00815464      0.00000000
                       -0.00000000     -0.00002400      0.00000000
                       -0.00000000      0.24566674     -0.00000003
                        0.36372905      0.00000001     -0.02235130
                       -0.00000001     -0.00000000     -0.02586379
                        0.00000000      0.01522874     -0.00000000
                        0.00400114     -0.00000000     -0.00000000
                       -0.00000000     -0.20286243     -0.26060351
                        0.00000006     -0.00000000     -0.09596479
                       -0.00000000     -0.01541745      0.00000000
     Channel =   8      0.00000000      0.00321531      0.00000000
                       -0.00000000      0.04867351     -0.00000000
                       -0.00000000      0.35940380      0.00000005
                       -0.24381843     -0.00000001     -0.03179949
                       -0.00000001      0.00000000      0.02752636
                       -0.00000000     -0.01460381      0.00000000
                       -0.04099740      0.00000000      0.00000000
                        0.00000000     -0.27231236      0.19559386
                       -0.00000005     -0.00000000      0.05195411
                       -0.00000000     -0.02942686      0.00000000
     Channel =   9      0.00119859     -0.00000146     -0.00625725
                        0.02708811     -0.00000054      0.04108795
                        0.12871804     -0.00000289     -0.27995106
                       -0.00000163     -0.30774847      0.00000026
                        0.02558274      0.01681285     -0.00000001
                        0.02940443      0.00000000      0.00471464
                       -0.00000079     -0.02730472     -0.03076391
                        0.06870184      0.00000373     -0.00000005
                       -0.22544097      0.24525169      0.00000021
                       -0.00126032     -0.00000056     -0.02242939
     Channel =  10      0.00510979     -0.00000144      0.00374767
                        0.03453471     -0.00000053     -0.01892535
                        0.17057136     -0.00000283     -0.25620258
                       -0.00000161      0.30954138      0.00000026
                        0.02782613      0.00876296     -0.00000001
                       -0.02486146      0.00000000     -0.00911249
                       -0.00000077     -0.04096224      0.01413068
                        0.08875724      0.00000367     -0.00000005
                       -0.22204691     -0.23904506      0.00000021
                        0.02122848     -0.00000055     -0.01886548
     Channel =  11     -0.00000000      0.00171470      0.00000000
                       -0.00000000      0.00430220     -0.00000000
                        0.00000000     -0.01621192      0.00000000
                       -0.02309078     -0.00000000     -0.26983082
                       -0.00000008     -0.00000005     -0.36979746
                        0.00000000     -0.09516242      0.00000000
                       -0.00950576      0.00000000      0.00000000
                       -0.00000000      0.01474870      0.01950360
                       -0.00000000      0.00000000     -0.00444086
                       -0.00000000     -0.19130170      0.00000001
     Channel =  12     -0.00000000      0.00087312     -0.00000000
                        0.00000000     -0.00087192     -0.00000000
                        0.00000000     -0.03388589     -0.00000000
                        0.02177015      0.00000000     -0.37152399
                       -0.00000010      0.00000003      0.28011230
                       -0.00000000     -0.02960127     -0.00000000
                       -0.00046453      0.00000000     -0.00000000
                       -0.00000000      0.02801583     -0.01647488
                        0.00000000      0.00000000     -0.00925613
                       -0.00000000     -0.29439923      0.00000002
     Channel =  13     -0.00032193     -0.00000063     -0.00086734
                       -0.00105894     -0.00000023     -0.00210830
                       -0.01358427     -0.00000125      0.02621981
                       -0.00000068      0.02714765      0.00000003
                        0.27507417      0.18037992     -0.00000003
                        0.33129706      0.00000000      0.00296418
                       -0.00000034      0.00181868      0.00037112
                       -0.01079715      0.00000160      0.00000000
                        0.02153901     -0.01978875      0.00000009
                        0.06408824     -0.00000025     -0.20830733
     Channel =  14     -0.00059465     -0.00000101     -0.00228758
                       -0.00025481     -0.00000038      0.00420357
                       -0.01564130     -0.00000200      0.02113588
                       -0.00000110     -0.02411347      0.00000009
                        0.32961496      0.08123649     -0.00000002
                       -0.32072378      0.00000000      0.00658637
                       -0.00000054      0.00085476     -0.00679973
                       -0.01234060      0.00000257      0.00000000
                        0.01867649      0.01853559      0.00000015
                        0.08670422     -0.00000040     -0.23770483
     Channel =  15      0.00042949      0.00000004     -0.00013251
                        0.00520063      0.00000002     -0.00302209
                        0.00028553      0.00000008      0.00012359
                        0.00000005      0.00005396     -0.00000005
                        0.18176854     -0.42424498      0.00000005
                        0.08005004     -0.00000000      0.00126449
                        0.00000002     -0.01045014      0.00313472
                        0.00052329     -0.00000011     -0.00000000
                       -0.00069898     -0.00073829     -0.00000001
                        0.02440404      0.00000001     -0.10776834
     Channel =  16     -0.00013926     -0.00000000     -0.00003433
                       -0.00001993      0.00000000      0.00000142
                        0.00002744     -0.00000000      0.00002390
                        0.00000000     -0.00000456      0.00000000
                       -0.00000115     -0.00000105      0.00000000
                        0.00000053      0.00000000      0.00015101
                        0.00000000      0.00043565     -0.00022834
                       -0.00316282      0.00000000     -0.00000000
                       -0.00164368     -0.00027828      0.00000000
                        0.01149596      0.00000000      0.00428590
     Channel =  17      0.00000000      0.00005158      0.00000000
                        0.00000000      0.00003406     -0.00000000
                        0.00000000     -0.00000422      0.00000000
                       -0.00000851     -0.00000000     -0.00003688
                       -0.00000000     -0.00000000     -0.00002625
                       -0.00000000      0.00020488     -0.00000000
                        0.00010919     -0.00000000     -0.00000000
                        0.00000000     -0.00001280     -0.00003952
                        0.00000000      0.00000000      0.00001937
                       -0.00000000      0.00000853     -0.00000000
     Channel =  18     -0.00012822     -0.00000000      0.00000187
                       -0.00002443     -0.00000000      0.00002642
                       -0.00025074      0.00000000     -0.00014445
                       -0.00000000      0.00002531     -0.00000000
                        0.00000029     -0.00000039     -0.00000000
                       -0.00000016      0.00000000     -0.00001578
                       -0.00000000     -0.00005731      0.00005941
                        0.00014744     -0.00000000      0.00000000
                        0.00004229      0.00000206      0.00000000
                        0.00044000     -0.00000000      0.00013589
     Channel =  19     -0.00000000     -0.00001472     -0.00000000
                        0.00000000     -0.00002024      0.00000000
                       -0.00000000     -0.00000056     -0.00000000
                        0.00000413     -0.00000000      0.00001646
                        0.00000000      0.00000000      0.00001205
                       -0.00000000     -0.00009065     -0.00000000
                       -0.00009277      0.00000000      0.00000000
                        0.00000000      0.00001017      0.00004104
                       -0.00000000      0.00000000     -0.00014624
                        0.00000000      0.00000515      0.00000000
     Channel =  20     -0.00002053     -0.00000000      0.00001030
                       -0.00001022     -0.00000000     -0.00000083
                       -0.00003690      0.00000000     -0.00002004
                       -0.00000000      0.00000484      0.00000000
                       -0.00000072     -0.00000005      0.00000000
                        0.00000034     -0.00000000      0.00003447
                       -0.00000000     -0.00003004     -0.00001200
                        0.00003361      0.00000000      0.00000000
                        0.00001169      0.00000527      0.00000000
                       -0.00003391     -0.00000000     -0.00001190
     Channel =  21      0.00005943     -0.00000000      0.00002083
                        0.00000769     -0.00000000     -0.00000573
                        0.00008805     -0.00000000      0.00005129
                        0.00000000     -0.00000924      0.00000000
                       -0.00000123      0.00000045     -0.00000000
                        0.00000009     -0.00000000      0.00007102
                       -0.00000000     -0.00000625     -0.00000391
                       -0.00002439      0.00000000     -0.00000000
                       -0.00000694     -0.00000074     -0.00000000
                       -0.00006028     -0.00000000     -0.00002509
     Channel =  22      0.00000000      0.00000867      0.00000000
                        0.00000000      0.00000775      0.00000000
                        0.00000000     -0.00000312      0.00000000
                       -0.00000362     -0.00000000     -0.00000941
                       -0.00000000     -0.00000000     -0.00000667
                        0.00000000      0.00004765     -0.00000000
                        0.00003517     -0.00000000      0.00000000
                        0.00000000     -0.00002262     -0.00003124
                        0.00000000      0.00000000      0.00008351
                        0.00000000      0.00000487      0.00000000
     Channel =  23     -0.00000000     -0.00000274     -0.00000000
                       -0.00000000     -0.00001100     -0.00000000
                       -0.00000000     -0.00000292     -0.00000000
                        0.00000292      0.00000000      0.00000420
                        0.00000000      0.00000000      0.00000408
                        0.00000000     -0.00002690      0.00000000
                       -0.00005106      0.00000000     -0.00000000
                       -0.00000000     -0.00001401      0.00002486
                       -0.00000000     -0.00000000     -0.00005509
                       -0.00000000      0.00000917      0.00000000
     Channel =  24      0.00000696      0.00000000      0.00000444
                       -0.00000233     -0.00000000     -0.00000551
                        0.00001174     -0.00000000      0.00000894
                        0.00000000      0.00000015      0.00000000
                        0.00000003      0.00000021     -0.00000000
                        0.00000053      0.00000000      0.00001883
                       -0.00000000     -0.00001065     -0.00002443
                       -0.00001062     -0.00000000     -0.00000000
                       -0.00001666      0.00000745      0.00000000
                        0.00003817      0.00000000      0.00001622
     Channel =  25      0.00002924     -0.00000000      0.00001232
                        0.00000171     -0.00000000      0.00000081
                        0.00004524     -0.00000000      0.00002999
                        0.00000000     -0.00000566     -0.00000000
                        0.00000044      0.00000045     -0.00000000
                       -0.00000026      0.00000000      0.00004310
                       -0.00000000     -0.00001200      0.00001174
                       -0.00004112      0.00000000     -0.00000000
                       -0.00003999     -0.00000906     -0.00000000
                        0.00006521      0.00000000      0.00003281
     Channel =  26      0.00000000      0.00004589     -0.00000000
                       -0.00000000     -0.00000924      0.00000000
                       -0.00000000      0.00004978     -0.00000000
                        0.00014631     -0.00000000      0.00000989
                        0.00000000      0.00000000      0.00004118
                       -0.00000000      0.00002395     -0.00000000
                        0.00019902      0.00000000     -0.00000000
                       -0.00000000     -0.00017035     -0.00049762
                        0.00000000     -0.00000000      0.00299961
                        0.00000000     -0.00040509      0.00000000
     Channel =  27      0.00018501      0.00000000     -0.00004177
                        0.00006573     -0.00000000      0.00008183
                        0.00007735      0.00000000      0.00002116
                        0.00000000     -0.00002416      0.00000000
                       -0.00004748      0.00016326     -0.00000000
                       -0.00000856      0.00000000      0.00000394
                       -0.00000000      0.00008944     -0.00005151
                       -0.00017651      0.00000000     -0.00000000
                       -0.00004521     -0.00002657     -0.00000000
                        0.00006886      0.00000000     -0.00000757
     Channel =  28     -0.00000000     -0.00004642     -0.00000000
                        0.00000000     -0.00009284     -0.00000000
                       -0.00000000     -0.00003239     -0.00000000
                       -0.00002399      0.00000000     -0.00002825
                       -0.00000000     -0.00000000     -0.00011740
                        0.00000000     -0.00003694      0.00000000
                       -0.00004189     -0.00000000      0.00000000
                        0.00000000     -0.00001421      0.00002954
                        0.00000000      0.00000000     -0.00012959
                       -0.00000000      0.00003032     -0.00000000
     Channel =  29     -0.00006716     -0.00000000     -0.00006272
                       -0.00001404     -0.00000000     -0.00002281
                       -0.00002108     -0.00000000      0.00007835
                        0.00000000      0.00007308     -0.00000000
                        0.00003091     -0.00001957      0.00000000
                        0.00002583      0.00000000      0.00003634
                        0.00000000     -0.00001942      0.00002963
                        0.00005293      0.00000000      0.00000000
                        0.00002852     -0.00001443     -0.00000000
                       -0.00003307     -0.00000000      0.00003025
     Channel =  30      0.00000000     -0.00002653     -0.00000000
                       -0.00000000      0.00003074     -0.00000000
                       -0.00000000      0.00004086      0.00000000
                       -0.00008546     -0.00000000      0.00002633
                        0.00000000      0.00000000      0.00000881
                        0.00000000     -0.00001325     -0.00000000
                       -0.00002013     -0.00000000     -0.00000000
                        0.00000000     -0.00000214      0.00002700
                        0.00000000      0.00000000     -0.00002192
                        0.00000000     -0.00002778      0.00000000
     Channel =  31      0.00000000     -0.00007665      0.00000000
                       -0.00000000      0.00001439     -0.00000000
                       -0.00000000      0.00004411      0.00000000
                       -0.00003711     -0.00000000     -0.00000822
                       -0.00000000     -0.00000000     -0.00002565
                        0.00000000      0.00012963     -0.00000000
                        0.00000108      0.00000000      0.00000000
                        0.00000000     -0.00000466      0.00000387
                        0.00000000      0.00000000      0.00000854
                       -0.00000000     -0.00001975      0.00000000
     Channel =  32     -0.00000700      0.00000000      0.00000255
                       -0.00008656     -0.00000000      0.00004925
                        0.00001731     -0.00000000      0.00001796
                        0.00000000     -0.00001098      0.00000000
                       -0.00003005     -0.00001297      0.00000000
                        0.00002982      0.00000000     -0.00000834
                        0.00000000      0.00007107     -0.00002812
                        0.00002414     -0.00000000      0.00000000
                        0.00000226     -0.00000157      0.00000000
                       -0.00000386     -0.00000000      0.00000466
     Channel =  33      0.00001422      0.00000000      0.00003962
                       -0.00003056      0.00000000     -0.00005022
                        0.00000886      0.00000000     -0.00001619
                       -0.00000000     -0.00001869      0.00000000
                       -0.00004856     -0.00008084      0.00000000
                       -0.00007093     -0.00000000     -0.00001890
                       -0.00000000      0.00001695      0.00003998
                       -0.00001573      0.00000000      0.00000000
                       -0.00001466      0.00000172      0.00000000
                        0.00003165     -0.00000000      0.00001720
     Channel =  34      0.00000000      0.00001625     -0.00000000
                        0.00000000      0.00002077      0.00000000
                       -0.00000000     -0.00001110     -0.00000000
                        0.00003314      0.00000000     -0.00002783
                       -0.00000000      0.00000000      0.00009820
                       -0.00000000      0.00000278     -0.00000000
                       -0.00001400      0.00000000     -0.00000000
                       -0.00000000      0.00000176     -0.00000947
                       -0.00000000     -0.00000000      0.00001782
                       -0.00000000     -0.00000427      0.00000000
     Channel =  35      0.00000000      0.00005606      0.00000000
                        0.00000000      0.00007137      0.00000000
                        0.00000000     -0.00000246     -0.00000000
                        0.00000312      0.00000000     -0.00005533
                       -0.00000000      0.00000000      0.00004073
                       -0.00000000      0.00001569      0.00000000
                       -0.00003400     -0.00000000     -0.00000000
                        0.00000000     -0.00000020     -0.00002470
                        0.00000000      0.00000000      0.00009846
                        0.00000000     -0.00001252      0.00000000
     Channel =  36     -0.00039008      0.00000083     -0.00011666
                       -0.00010445      0.00000066      0.00006703
                       -0.00091975      0.00000017     -0.00053719
                       -0.00000012      0.00009537     -0.00000033
                        0.00000746     -0.00000174     -0.00000069
                       -0.00000126      0.00000466     -0.00065478
                        0.00000137     -0.00049891      0.00024394
                        0.00225981      0.00000254     -0.00000165
                        0.00117702      0.00023519      0.00000505
                       -0.00291923     -0.00000359     -0.00126552
     Channel =  37     -0.00000000      0.00003177     -0.00000000
                       -0.00000000      0.00002847     -0.00000000
                       -0.00000000     -0.00000126      0.00000000
                       -0.00000792     -0.00000000      0.00000625
                       -0.00000000      0.00000000      0.00000590
                        0.00000000     -0.00006472      0.00000000
                       -0.00007174      0.00000000      0.00000000
                        0.00000000      0.00010607      0.00032421
                       -0.00000000      0.00000000     -0.00228460
                        0.00000000      0.00041207      0.00000000
     Channel =  38     -0.00032921      0.00000090     -0.00009948
                       -0.00009495      0.00000071      0.00005287
                       -0.00057447      0.00000019     -0.00031761
                       -0.00000013      0.00005502     -0.00000036
                        0.00000681      0.00000129     -0.00000075
                       -0.00000119      0.00000503     -0.00036412
                        0.00000148     -0.00014338      0.00007963
                       -0.00039923      0.00000274     -0.00000179
                       -0.00037452     -0.00009319      0.00000546
                        0.00249682     -0.00000388      0.00108374
     Channel =  39     -0.00000000      0.00003148      0.00000000
                        0.00000000      0.00001510     -0.00000000
                       -0.00000000     -0.00000109     -0.00000000
                       -0.00000156     -0.00000000     -0.00002349
                       -0.00000000     -0.00000000     -0.00001751
                       -0.00000000      0.00015321     -0.00000000
                        0.00006333     -0.00000000     -0.00000000
                        0.00000000     -0.00003968     -0.00000860
                       -0.00000000     -0.00000000      0.00023321
                        0.00000000     -0.00007618     -0.00000000
     Channel =  40     -0.00010143      0.00000003     -0.00000789
                       -0.00001613      0.00000002      0.00001808
                       -0.00020078      0.00000001     -0.00011931
                       -0.00000000      0.00002127     -0.00000001
                       -0.00000142     -0.00000086     -0.00000002
                        0.00000034      0.00000016     -0.00004600
                        0.00000005     -0.00005131      0.00003145
                        0.00022068      0.00000009     -0.00000006
                        0.00009073      0.00003608      0.00000017
                        0.00029545     -0.00000012      0.00003895
     Channel =  41     -0.00013141      0.00000066     -0.00004996
                       -0.00005258      0.00000052      0.00002296
                       -0.00031970      0.00000014     -0.00017900
                       -0.00000009      0.00003241     -0.00000026
                        0.00000176      0.00000253     -0.00000055
                       -0.00000069      0.00000369     -0.00026240
                        0.00000108     -0.00025739      0.00007706
                        0.00064706      0.00000200     -0.00000131
                        0.00020112      0.00003859      0.00000399
                       -0.00037287     -0.00000284     -0.00011251
     Channel =  42     -0.00000000     -0.00000518      0.00000000
                        0.00000000     -0.00000575      0.00000000
                        0.00000000     -0.00000164      0.00000000
                        0.00000166     -0.00000000      0.00000291
                        0.00000000     -0.00000000      0.00000211
                       -0.00000000     -0.00001180      0.00000000
                       -0.00001440      0.00000000     -0.00000000
                        0.00000000     -0.00000048      0.00001415
                        0.00000000     -0.00000000      0.00000639
                       -0.00000000     -0.00002702     -0.00000000
     Channel =  43     -0.00000000     -0.00000810      0.00000000
                       -0.00000000     -0.00002883      0.00000000
                       -0.00000000     -0.00000370     -0.00000000
                        0.00000476      0.00000000      0.00001634
                        0.00000000     -0.00000000      0.00001239
                        0.00000000     -0.00009289     -0.00000000
                       -0.00014681     -0.00000000     -0.00000000
                        0.00000000      0.00001317      0.00004727
                       -0.00000000     -0.00000000     -0.00020517
                        0.00000000     -0.00000539      0.00000000
     Channel =  44     -0.00002348     -0.00000006      0.00000741
                       -0.00001397     -0.00000004     -0.00000099
                       -0.00004514     -0.00000001     -0.00002477
                        0.00000001      0.00000541      0.00000002
                       -0.00000038     -0.00000026      0.00000005
                        0.00000012     -0.00000031      0.00002850
                       -0.00000009     -0.00004719     -0.00001667
                        0.00004578     -0.00000017      0.00000011
                        0.00003191      0.00000327     -0.00000034
                       -0.00003671      0.00000024     -0.00002586
     Channel =  45     -0.00002655     -0.00000005     -0.00001222
                       -0.00000406     -0.00000004      0.00000938
                       -0.00006386     -0.00000001     -0.00003878
                        0.00000001      0.00000579      0.00000002
                        0.00000111     -0.00000081      0.00000005
                       -0.00000017     -0.00000030     -0.00005467
                       -0.00000009     -0.00001979      0.00003650
                        0.00012016     -0.00000017      0.00000011
                        0.00008669      0.00001348     -0.00000033
                       -0.00016343      0.00000023     -0.00008331
     Channel =  46      0.00000000     -0.00002011      0.00000000
                        0.00000000     -0.00001429      0.00000000
                        0.00000000     -0.00000249      0.00000000
                        0.00000171     -0.00000000      0.00001489
                        0.00000000      0.00000000      0.00001020
                       -0.00000000     -0.00008798      0.00000000
                       -0.00005647      0.00000000     -0.00000000
                       -0.00000000     -0.00000978      0.00002455
                        0.00000000      0.00000000     -0.00014501
                        0.00000000      0.00002106     -0.00000000
     Channel =  47      0.00000000     -0.00001146     -0.00000000
                       -0.00000000     -0.00002680      0.00000000
                       -0.00000000     -0.00001181     -0.00000000
                        0.00000833      0.00000000      0.00000937
                        0.00000000      0.00000000      0.00001292
                       -0.00000000     -0.00007597      0.00000000
                       -0.00012342     -0.00000000      0.00000000
                        0.00000000     -0.00006188      0.00007116
                        0.00000000      0.00000000     -0.00015513
                        0.00000000      0.00005378      0.00000000
     Channel =  48      0.00003487     -0.00000002     -0.00000209
                        0.00001342     -0.00000002     -0.00001017
                        0.00007643     -0.00000000      0.00004767
                        0.00000000     -0.00000560      0.00000001
                        0.00000288      0.00000013      0.00000002
                        0.00000131     -0.00000013      0.00000630
                       -0.00000004      0.00005357     -0.00003436
                       -0.00011044     -0.00000007      0.00000005
                       -0.00006883      0.00000532     -0.00000014
                        0.00003641      0.00000010      0.00004492
     Channel =  49      0.00004636     -0.00000004     -0.00000601
                        0.00002462     -0.00000003     -0.00000214
                        0.00010206     -0.00000001      0.00005916
                        0.00000001     -0.00001261      0.00000002
                        0.00000337     -0.00000051      0.00000003
                       -0.00000099     -0.00000021     -0.00000901
                       -0.00000006      0.00009632      0.00001029
                       -0.00015468     -0.00000012      0.00000008
                       -0.00006931     -0.00002590     -0.00000023
                        0.00000590      0.00000016      0.00003906
     Channel =  50     -0.00001211      0.00000000      0.00001053
                       -0.00000313      0.00000000     -0.00000128
                       -0.00003145      0.00000000     -0.00001694
                       -0.00000000      0.00000438     -0.00000000
                       -0.00000012     -0.00000116     -0.00000000
                        0.00000040      0.00000001      0.00002856
                        0.00000000     -0.00000643     -0.00000601
                        0.00005824      0.00000000     -0.00000000
                        0.00001929      0.00001123      0.00000001
                        0.00000813     -0.00000001      0.00000813
     Channel =  51     -0.00007091      0.00186172      0.00002500
                       -0.00001459      0.00002721      0.00000321
                       -0.00014706      0.00027121     -0.00009323
                       -0.00008986      0.00001811      0.00005128
                       -0.00000588     -0.00000269      0.00004642
                        0.00000140     -0.00042402      0.00015358
                        0.00120766      0.00011653     -0.00005983
                       -0.00063597     -0.00072674     -0.00078236
                       -0.00035543     -0.00007134      0.00270019
                       -0.00060709     -0.00000896     -0.00018223
     Channel =  52      0.00143841     -0.00000000     -0.00041284
                        0.00144072      0.00000000      0.00028026
                       -0.00142804      0.00000000     -0.00093356
                       -0.00000000      0.00026727      0.00000000
                       -0.00012085     -0.00004184     -0.00000000
                        0.00000600      0.00000000      0.00018192
                       -0.00000000     -0.00073618     -0.00076345
                       -0.00175792      0.00000000     -0.00000000
                       -0.00075486     -0.00035523     -0.00000000
                       -0.00020100     -0.00000000      0.00009076
     Channel =  53     -0.00007658     -0.00029262      0.00002700
                       -0.00001575     -0.00100788      0.00000346
                       -0.00015881     -0.00009849     -0.00010067
                       -0.00002863      0.00001956     -0.00033399
                       -0.00000635     -0.00000291     -0.00017786
                        0.00000151      0.00131511      0.00016585
                        0.00104612      0.00012583     -0.00006461
                       -0.00068675     -0.00003836     -0.00013987
                       -0.00038381     -0.00007704     -0.00021941
                       -0.00065556     -0.00008524     -0.00019678
     Channel =  54     -0.00048964      0.00000000     -0.00098577
                       -0.00031341      0.00000000     -0.00014242
                       -0.00059228     -0.00000000      0.00172284
                        0.00000000     -0.00030207     -0.00000000
                        0.00007426      0.00004771      0.00000000
                       -0.00002236     -0.00000000      0.00085730
                       -0.00000000      0.00009968      0.00012971
                       -0.00026970     -0.00000000      0.00000000
                        0.00121838      0.00006203      0.00000000
                       -0.00047694     -0.00000000     -0.00014858
     Channel =  55     -0.00000244     -0.00073081      0.00000086
                       -0.00000050      0.00041166      0.00000011
                       -0.00000506      0.00098521     -0.00000321
                       -0.00079278      0.00000062      0.00000290
                       -0.00000020     -0.00000009     -0.00027695
                        0.00000005      0.00065923      0.00000529
                       -0.00043941      0.00000401     -0.00000206
                       -0.00002190      0.00015581      0.00033267
                       -0.00001224     -0.00000246     -0.00022184
                       -0.00002090     -0.00002232     -0.00000627
     Channel =  56     -0.00005608     -0.00113260      0.00001977
                       -0.00001154      0.00040631      0.00000253
                       -0.00011629      0.00140774     -0.00007372
                        0.00100099      0.00001432     -0.00023383
                       -0.00000465     -0.00000213     -0.00004067
                        0.00000111      0.00137863      0.00012145
                       -0.00010574      0.00009215     -0.00004731
                       -0.00050290     -0.00157482     -0.00049286
                       -0.00028106     -0.00005641      0.00006522
                       -0.00048007     -0.00021231     -0.00014410
     Channel =  57      0.00002336      0.00000000     -0.00005844
                       -0.00120550      0.00000000      0.00082702
                        0.00028460     -0.00000000      0.00002707
                       -0.00000000      0.00001960      0.00000000
                       -0.00092646      0.00152992     -0.00000000
                       -0.00007142     -0.00000000     -0.00000383
                        0.00000000      0.00100630     -0.00054394
                        0.00036099      0.00000000      0.00000000
                        0.00000557     -0.00007988      0.00000000
                        0.00005498      0.00000000      0.00040372
     Channel =  58      0.00023421     -0.00000000      0.00026947
                       -0.00095988     -0.00000000     -0.00042981
                        0.00005987     -0.00000000     -0.00035405
                        0.00000000      0.00010301      0.00000000
                       -0.00175741     -0.00073078      0.00000000
                        0.00006236     -0.00000000     -0.00032997
                        0.00000000      0.00078282      0.00020702
                        0.00042083      0.00000000     -0.00000000
                        0.00006781     -0.00013524     -0.00000000
                       -0.00003776      0.00000000      0.00096190
     Channel =  59      0.00000472      0.00023659     -0.00000166
                        0.00000097      0.00081728     -0.00000021
                        0.00000978     -0.00031697      0.00000620
                        0.00025752     -0.00000120     -0.00123170
                        0.00000039      0.00000018      0.00101742
                       -0.00000009     -0.00052630     -0.00001021
                       -0.00067778     -0.00000775      0.00000398
                        0.00004230      0.00011879     -0.00022939
                        0.00002364      0.00000474      0.00032001
                        0.00004038     -0.00068566      0.00001212
     Channel =  60      0.00000463      0.00039737     -0.00000163
                        0.00000095      0.00112718     -0.00000021
                        0.00000960     -0.00020702      0.00000609
                       -0.00008089     -0.00000118     -0.00127742
                        0.00000038      0.00000018     -0.00082436
                       -0.00000009     -0.00102235     -0.00001003
                       -0.00078954     -0.00000761      0.00000391
                        0.00004152     -0.00006682     -0.00020795
                        0.00002321      0.00000466      0.00058521
                        0.00003964     -0.00062098      0.00001190
     Channel =  61      0.00002907     -0.00000000      0.00000143
                        0.00020287     -0.00000000     -0.00025525
                        0.00060602      0.00000000     -0.00075905
                       -0.00000000      0.00090003      0.00000000
                        0.00000706     -0.00011064      0.00000000
                        0.00003972      0.00000000      0.00011681
                        0.00000000     -0.00010407      0.00030346
                        0.00019761      0.00000000     -0.00000000
                       -0.00062722     -0.00056493      0.00000000
                       -0.00027100      0.00000000      0.00004354
     Channel =  62     -0.00003214     -0.00000000     -0.00008883
                        0.00023590     -0.00000000      0.00027021
                        0.00062892      0.00000000     -0.00110999
                       -0.00000000     -0.00060314      0.00000000
                        0.00011452      0.00008699     -0.00000000
                       -0.00002980      0.00000000      0.00011663
                        0.00000000     -0.00008313     -0.00018092
                        0.00030893     -0.00000000     -0.00000000
                       -0.00080721      0.00043600      0.00000000
                       -0.00033740      0.00000000     -0.00006432
     Channel =  63      0.00000202     -0.00010502     -0.00000071
                        0.00000042     -0.00022576     -0.00000009
                        0.00000419     -0.00085523      0.00000266
                        0.00056302     -0.00000052      0.00016450
                        0.00000017      0.00000008     -0.00011458
                       -0.00000004      0.00006261     -0.00000438
                        0.00009822     -0.00000332      0.00000171
                        0.00001814      0.00057836     -0.00036718
                        0.00001014      0.00000203     -0.00032567
                        0.00001731      0.00016767      0.00000520
     Channel =  64      0.00000325     -0.00012293     -0.00000115
                        0.00000067     -0.00027881     -0.00000015
                        0.00000675     -0.00111416      0.00000428
                        0.00042864     -0.00000083      0.00016056
                        0.00000027      0.00000012      0.00010029
                       -0.00000006      0.00011259     -0.00000705
                        0.00014311     -0.00000535      0.00000274
                        0.00002917      0.00073383     -0.00025891
                        0.00001631      0.00000327     -0.00034101
                        0.00002785      0.00014760      0.00000836
     Channel =  65     -0.00000014      0.00007128      0.00000005
                       -0.00000003      0.00001689      0.00000001
                       -0.00000028     -0.00084905     -0.00000018
                       -0.00120466      0.00000004      0.00004534
                       -0.00000001     -0.00000001     -0.00002774
                        0.00000000      0.00001838      0.00000030
                        0.00000774      0.00000023     -0.00000012
                       -0.00000123      0.00058788      0.00065421
                       -0.00000069     -0.00000014      0.00040796
                       -0.00000118     -0.00001035     -0.00000035

 Channel data will be written UNFORMATTED to set number  1 on unit number 10
 Header :e + H2O - doublet Ap                                        20230416  145122.807

 Target state    Spin    M    G/U  Energy (au)
         1         1     0     0  -76.096973
         2         3     1     0  -75.566616
         3         1     1     0  -75.525992
         4         3     0     0  -75.512558
         5         1     0     0  -75.367922

 Residual charge on system = 0

 Channel   Target state  L   M  Threshold (Ryd)
    1            1       0   0    0.000000
    2            1       1  -1    0.000000
    3            1       1   0    0.000000
    4            1       2  -1    0.000000
    5            1       2   0    0.000000
    6            1       2   2    0.000000
    7            1       3  -3    0.000000
    8            1       3  -1    0.000000
    9            1       3   0    0.000000
   10            1       3   2    0.000000
   11            1       4  -3    0.000000
   12            1       4  -1    0.000000
   13            1       4   0    0.000000
   14            1       4   2    0.000000
   15            1       4   4    0.000000
   16            2       1   1    1.060714
   17            2       2  -2    1.060714
   18            2       2   1    1.060714
   19            2       3  -2    1.060714
   20            2       3   1    1.060714
   21            2       3   3    1.060714
   22            2       4  -4    1.060714
   23            2       4  -2    1.060714
   24            2       4   1    1.060714
   25            2       4   3    1.060714
   26            3       1   1    1.141962
   27            3       2  -2    1.141962
   28            3       2   1    1.141962
   29            3       3  -2    1.141962
   30            3       3   1    1.141962
   31            3       3   3    1.141962
   32            3       4  -4    1.141962
   33            3       4  -2    1.141962
   34            3       4   1    1.141962
   35            3       4   3    1.141962
   36            4       0   0    1.168830
   37            4       1  -1    1.168830
   38            4       1   0    1.168830
   39            4       2  -1    1.168830
   40            4       2   0    1.168830
   41            4       2   2    1.168830
   42            4       3  -3    1.168830
   43            4       3  -1    1.168830
   44            4       3   0    1.168830
   45            4       3   2    1.168830
   46            4       4  -3    1.168830
   47            4       4  -1    1.168830
   48            4       4   0    1.168830
   49            4       4   2    1.168830
   50            4       4   4    1.168830
   51            5       0   0    1.458102
   52            5       1  -1    1.458102
   53            5       1   0    1.458102
   54            5       2  -1    1.458102
   55            5       2   0    1.458102
   56            5       2   2    1.458102
   57            5       3  -3    1.458102
   58            5       3  -1    1.458102
   59            5       3   0    1.458102
   60            5       3   2    1.458102
   61            5       4  -3    1.458102
   62            5       4  -1    1.458102
   63            5       4   0    1.458102
   64            5       4   2    1.458102
   65            5       4   4    1.458102

 R-matrix data will be written UNFORMATTED to set number  1 on unit number 21
 Header :e + H2O - doublet Ap                                        20230416  145122.807


 *** Task has been successfully completed ***
