
 Primary working directories    : /tmp/slurm.6857818
 Secondary working directories  : /tmp/slurm.6857818
 Wavefunction directory         : /home/houfek/wfu/
 Main file repository           : /tmp/slurm.6857818/

 SHA1      : 2c68d29c09da70e1723824271fadde4bcd5f07a0
 ARCHNAME  : Linux/x86_64
 FC        : /opt/intel/oneapi/compiler/2022.0.2/linux/bin/intel64/ifort
 FCVERSION : 2021.5.0
 BLASLIB   : -L/opt/intel/oneapi/mkl/2022.0.2/lib/intel64 -lmkl_intel_ilp64 -lmkl_sequential -lmkl_core
 id        : houfek

 Nodes                          nprocs
 utf-asus3.hpc.troja.mff.cuni.cz    1

 Using customized tuning parameters: mindgm=1; mindgv=20; mindgc=4; mindgr=1; noblas=0; minvec=7
 default implementation of scratch files=df  

 ***,H2O with cc-pVTZ basis
 Gprint,basis;                                                                   ! Print basis information
 Gprint,civector;                                                                ! Print CI vector in MCSCF
 Gprint,orbital;                                                                 ! Print orbitals in SCF and MCSCF
 
 SYMMETRY,X
 basis={
                                                                                 ! OXYGEN       (10s,5p,2d,1f) -&gt; [4s,3p,2d,1f]
                                                                                 ! OXYGEN       (10s,5p,2d,1f) -&gt; [4s,3p,2d,1f]
 s, O, 15330.0000000, 2299.0000000, 522.4000000, 147.3000000, 47.5500000, 16.7600000, 6.2070000, 0.6882000, 1.7520000, 0.2384000
 c, 1.8, 0.0005080, 0.0039290, 0.0202430, 0.0791810, 0.2306870, 0.4331180, 0.3502600, -0.0081540
 c, 1.8, -0.0001150, -0.0008950, -0.0046360, -0.0187240, -0.0584630, -0.1364630, -0.1757400, 0.6034180
 c, 9.9, 1
 c, 10.10, 1
 p, O, 34.4600000, 7.7490000, 2.2800000, 0.7156000, 0.2140000
 c, 1.3, 0.0159280, 0.0997400, 0.3104920
 c, 4.4, 1
 c, 5.5, 1
 d, O, 2.3140000, 0.6450000
 c, 1.1, 1
 c, 2.2, 1
 f, O, 1.4280000
 c, 1.1, 1
                                                                    !  cc-pVTZ  EMSL  Basis Set Exchange Library   5/27/13 12:11 PM
                                                                                 ! Elements                             References
                                                                        ! H     : T.H. Dunning, Jr. J. Chem. Phys. 90, 1007 (1989).
                                                         ! He    : D.E. Woon and T.H. Dunning, Jr. J. Chem. Phys. 100, 2975 (1994).
                                                                       ! Li - Ne: T.H. Dunning, Jr. J. Chem. Phys. 90, 1007 (1989).
                                                                      ! Na - Mg: D.E. Woon and T.H. Dunning, Jr.  (to be published)
                                                        ! Al - Ar: D.E. Woon and T.H. Dunning, Jr.  J. Chem. Phys. 98, 1358 (1993).
                                                         ! Ca     : J. Koput and K.A. Peterson, J. Phys. Chem. A, 106, 9595 (2002).
                                                     ! Sc - Zn: N.B. Balabanov and K.A. Peterson, J. Chem. Phys, 123, 064107 (2005)
                              ! Ga - Kr: A.K. Wilson, D.E. Woon, K.A. Peterson, T.H. Dunning, Jr., J. Chem. Phys., 110, 7667 (1999)
                                                                                 !
                                                                                 !
                                                                                 ! HYDROGEN       (5s,2p,1d) -&gt; [3s,2p,1d]
                                                                                 ! HYDROGEN       (5s,2p,1d) -&gt; [3s,2p,1d]
 s, H, 33.8700000, 5.0950000, 1.1590000, 0.3258000, 0.1027000
 c, 1.3, 0.0060680, 0.0453080, 0.2028220
 c, 4.4, 1
 c, 5.5, 1
 p, H, 1.4070000, 0.3880000
 c, 1.1, 1
 c, 2.2, 1
 d, H, 1.0570000
 c, 1.1, 1
 
 }
 geometry={
 O,,   0.000000000,   0.000000000,   0.137029195
 H,,   0.000000000,   1.581165419,  -1.087681349
 H,,   0.000000000,  -1.581165419,  -1.087681349
 }
 
 method = 'CASSCF'                                                               ! set to HF or CASSCF in scripts
 
 IF (method.eq.'HF') THEN
 
 {hf;
 wf,nelec=10;
 orbprint,1000;
 }
 
 ELSE
 
 {hf;
 wf,nelec=10;
 orbprint,-1;
 }
 
                                                   ! First CASSCF run only for target states for which orbitals should be optimised
 {multi;
 closed,1,0;
 occ,6,1;
 wf,nelec=10,sym=1,spin=0; state,1;
 natorb,print=1000;
 }
 
                                                           ! Second CASSCF run for all target states without orbital optimalisation
                                                                                 !{multi;
                                                                                 !closed,1,0;
                                                                                 !occ,6,1;
 !wf,nelec=10,sym=1,spin=0; state,2; wf,nelec=10,sym=1,spin=2; state,1; wf,nelec=10,sym=2,spin=0; state,1; wf,nelec=10,sym=2,spin=2; state,1;
                                                                                 !dont,orbital;
                                                                                 !dm;
                                                                                 !}
 
                                                                                 ! Saving density matrix for radden
                                                                                 !{matrop;
                                                                                 !load,dm,den,2140.2;
                                                                                 !write,dm;}!save,dm,2140.2,DENSITY;}
 
 ENDIF
 
 put,molden,H2O.molden;

 Variables initialized (766), CPU time= 0.00 sec
 Commands  initialized (545), CPU time= 0.01 sec, 513 directives.
 Default parameters read. Elapsed time= 0.11 sec

 Checking input...
 Passed
1


                                         ***  PROGRAM SYSTEM MOLPRO  ***
                         Copyright, University College Cardiff Consultants Limited, 2008

                                    Version 2012.1 linked 4 Jan 2023 19:06:47 


 **********************************************************************************************************************************
 LABEL *   H2O with cc-pVTZ basis                                                        
 Linux-4.18.0-372.26.1.el8_6.x86_64/utf-asus3.hpc.troja.mff.cuni.cz(x86_64) (4 PROC) 64 bDATE: 16-Apr-23          TIME: 14:50:20  
 **********************************************************************************************************************************

 SHA1:             2c68d29c09da70e1723824271fadde4bcd5f07a0
 **********************************************************************************************************************************




 Variable memory set to    8000000 words,  buffer space   230000 words

 SETTING BASIS          =    USERDEF
 ZSYMEL=X  
 
 SETTING METHOD         =    CASSCF


 Recomputing integrals since basis changed


 Using spherical harmonics


1PROGRAM * SEWARD (Integral evaluation for generally contracted gaussian basis sets)     Author: Roland Lindh, 1990

 Geometry written to block  1 of record 700


 Point group  Cs  



 ATOMIC COORDINATES

 NR  ATOM    CHARGE       X              Y              Z

   1  O       8.00    0.000000000    0.000000000    0.137029195
   2  H       1.00    0.000000000    1.581165419   -1.087681349
   3  H       1.00    0.000000000   -1.581165419   -1.087681349

 Bond lengths in Bohr (Angstrom)

 1-2  2.000000000  1-3  2.000000000
     ( 1.058354418)     ( 1.058354418)

 Bond angles

  2-1-3  104.48000000


 BASIS DATA

   Nr Sym  Nuc  Type         Exponents   Contraction coefficients

   1.1 A'    1  1s        15330.000000     0.000508   -0.000115
   2.1 A'                  2299.000000     0.003929   -0.000895
                            522.400000     0.020243   -0.004636
                            147.300000     0.079181   -0.018724
                             47.550000     0.230687   -0.058463
                             16.760000     0.433118   -0.136463
                              6.207000     0.350260   -0.175740
                              0.688200    -0.008154    0.603418
   3.1 A'    1  1s            1.752000     1.000000
   4.1 A'    1  1s            0.238400     1.000000
   5.1 A'    1  2py          34.460000     0.015928
                              7.749000     0.099740
                              2.280000     0.310492
   6.1 A'    1  2pz          34.460000     0.015928
                              7.749000     0.099740
                              2.280000     0.310492
   7.1 A'    1  2py           0.715600     1.000000
   8.1 A'    1  2pz           0.715600     1.000000
   9.1 A'    1  2py           0.214000     1.000000
  10.1 A'    1  2pz           0.214000     1.000000
  11.1 A'    1  3d0           2.314000     1.000000
  12.1 A'    1  3d2+          2.314000     1.000000
  13.1 A'    1  3d1-          2.314000     1.000000
  14.1 A'    1  3d0           0.645000     1.000000
  15.1 A'    1  3d2+          0.645000     1.000000
  16.1 A'    1  3d1-          0.645000     1.000000
  17.1 A'    1  4f1-          1.428000     1.000000
  18.1 A'    1  4f0           1.428000     1.000000
  19.1 A'    1  4f3-          1.428000     1.000000
  20.1 A'    1  4f2+          1.428000     1.000000
  21.1 A'    2  1s           33.870000     0.006068
                              5.095000     0.045308
                              1.159000     0.202822
  22.1 A'    2  1s            0.325800     1.000000
  23.1 A'    2  1s            0.102700     1.000000
  24.1 A'    2  2py           1.407000     1.000000
  25.1 A'    2  2pz           1.407000     1.000000
  26.1 A'    2  2py           0.388000     1.000000
  27.1 A'    2  2pz           0.388000     1.000000
  28.1 A'    2  3d0           1.057000     1.000000
  29.1 A'    2  3d2+          1.057000     1.000000
  30.1 A'    2  3d1-          1.057000     1.000000
  31.1 A'    3  1s           33.870000     0.006068
                              5.095000     0.045308
                              1.159000     0.202822
  32.1 A'    3  1s            0.325800     1.000000
  33.1 A'    3  1s            0.102700     1.000000
  34.1 A'    3  2py           1.407000     1.000000
  35.1 A'    3  2pz           1.407000     1.000000
  36.1 A'    3  2py           0.388000     1.000000
  37.1 A'    3  2pz           0.388000     1.000000
  38.1 A'    3  3d0           1.057000     1.000000
  39.1 A'    3  3d2+          1.057000     1.000000
  40.1 A'    3  3d1-          1.057000     1.000000
   1.2 A"    1  2px          34.460000     0.015928
                              7.749000     0.099740
                              2.280000     0.310492
   2.2 A"    1  2px           0.715600     1.000000
   3.2 A"    1  2px           0.214000     1.000000
   4.2 A"    1  3d2-          2.314000     1.000000
   5.2 A"    1  3d1+          2.314000     1.000000
   6.2 A"    1  3d2-          0.645000     1.000000
   7.2 A"    1  3d1+          0.645000     1.000000
   8.2 A"    1  4f1+          1.428000     1.000000
   9.2 A"    1  4f3+          1.428000     1.000000
  10.2 A"    1  4f2-          1.428000     1.000000
  11.2 A"    2  2px           1.407000     1.000000
  12.2 A"    2  2px           0.388000     1.000000
  13.2 A"    2  3d2-          1.057000     1.000000
  14.2 A"    2  3d1+          1.057000     1.000000
  15.2 A"    3  2px           1.407000     1.000000
  16.2 A"    3  2px           0.388000     1.000000
  17.2 A"    3  3d2-          1.057000     1.000000
  18.2 A"    3  3d1+          1.057000     1.000000

 NUCLEAR CHARGE:                   10
 NUMBER OF PRIMITIVE AOS:          81
 NUMBER OF SYMMETRY AOS:           74
 NUMBER OF CONTRACTIONS:           58   (  40A'  +  18A"  )
 NUMBER OF CORE ORBITALS:           1   (   1A'  +   0A"  )
 NUMBER OF VALENCE ORBITALS:        6   (   5A'  +   1A"  )


 NUCLEAR REPULSION ENERGY    8.31622245


 Eigenvalues of metric

         1 0.361E-02 0.763E-02 0.203E-01 0.591E-01 0.906E-01 0.979E-01 0.119E+00 0.122E+00
         2 0.126E+00 0.161E+00 0.174E+00 0.358E+00 0.393E+00 0.575E+00 0.601E+00 0.777E+00


 Contracted 2-electron integrals neglected if value below      1.0D-11
 AO integral compression algorithm  1   Integral accuracy      1.0D-11

     4.456 MB (compressed) written to integral file ( 57.0%)


 NUMBER OF SORTED TWO-ELECTRON INTEGRALS:     771976.     BUFFER LENGTH:  32768
 NUMBER OF SEGMENTS:   1  SEGMENT LENGTH:     771976      RECORD LENGTH: 524288

 Memory used in sort:       1.33 MW

 SORT1 READ      946216. AND WROTE      700083. INTEGRALS IN      3 RECORDS. CPU TIME:     0.01 SEC, REAL TIME:     0.02 SEC
 SORT2 READ      700083. AND WROTE      771976. INTEGRALS IN     17 RECORDS. CPU TIME:     0.02 SEC, REAL TIME:     0.03 SEC

 FILE SIZES:   FILE 1:    12.1 MBYTE,  FILE 4:    12.6 MBYTE,   TOTAL:     24.7 MBYTE

 OPERATOR DM      FOR CENTER  0  COORDINATES:    0.000000    0.000000    0.000000


 **********************************************************************************************************************************
 DATASETS  * FILE   NREC   LENGTH (MB)   RECORD NAMES
              1      19       11.00       500      610      700      900      950      970     1000      129      960     1100   
                                          VAR    BASINP    GEOM    SYMINP    ZMAT    AOBASIS   BASIS     P2S    ABASIS      S 
                                         1400     1410     1200     1210     1080     1600     1650     1300     1700   
                                           T        V       H0       H01     AOSYM     SMH    MOLCAS    ERIS     OPER   

 PROGRAMS   *        TOTAL       INT
 CPU TIMES  *         0.18      0.12
 REAL TIME  *         0.38 SEC
 DISK USED  *        24.98 MB      
 **********************************************************************************************************************************

1PROGRAM * RHF-SCF (CLOSED SHELL)       Authors: W. Meyer, H.-J. Werner


 NUMBER OF ELECTRONS:       5+    5-
 CONVERGENCE THRESHOLDS:    1.00E-05 (Density)    1.00E-07 (Energy)
 MAX. NUMBER OF ITERATIONS:       60
 INTERPOLATION TYPE:            DIIS
 INTERPOLATION STEPS:              2 (START)      1 (STEP)
 LEVEL SHIFTS:                  0.00 (CLOSED)  0.00 (OPEN) 




   Atom=O  basis=cc-pVTZ           lmin=0  lmax=1
   Atom=H  basis=cc-pVTZ           lmin=0  lmax=1

 Orbital guess generated from atomic densities. Full valence occupancy:    6   1

 Molecular orbital dump at record        2101.2

 Initial alpha occupancy:   4   1
 Initial beta  occupancy:   4   1
 Wave function symmetry:    1

 ITERATION    DDIFF          GRAD             ENERGY        2-EL.EN.            DIPOLE MOMENTS         DIIS   ORB.
    1      0.000D+00      0.000D+00       -75.99175750     76.584731    0.00000   -0.00000   -1.27650    0    start
    2      0.000D+00      0.173D-01       -76.02036461     72.729680    0.00000   -0.00000   -0.71438    1    diag
    3      0.864D-02      0.116D-01       -76.03378586     74.427518    0.00000    0.00000   -0.84656    2    diag
    4      0.310D-02      0.107D-02       -76.03406208     74.344414    0.00000   -0.00000   -0.83409    3    diag
    5      0.555D-03      0.366D-03       -76.03410238     74.358928    0.00000   -0.00000   -0.82804    4    diag
    6      0.283D-03      0.711D-04       -76.03410459     74.356166    0.00000    0.00000   -0.82645    5    diag
    7      0.686D-04      0.122D-04       -76.03410464     74.356352    0.00000   -0.00000   -0.82620    6    diag
    8      0.124D-04      0.159D-05       -76.03410465     74.356308    0.00000    0.00000   -0.82618    7    diag
    9      0.156D-05      0.236D-06       -76.03410465     74.356301    0.00000    0.00000   -0.82618    0    orth

 Final occupancy:   4   1

 !RHF STATE 1.1 Energy                -76.034104645750
 Nuclear energy                         8.31622245
 One-electron energy                 -121.52847784
 Two-electron energy                   37.17815074
 Virial quotient                       -1.00479842
 !RHF STATE 1.1 Dipole moment           0.00000000     0.00000000    -0.82617662
 Dipole moment /Debye                   0.00000000     0.00000000    -2.09979398

 Orbital energies:

         1.1          2.1          3.1          4.1          5.1          6.1
    -20.571609    -1.299856    -0.658260    -0.558633     0.129744     0.192766

         1.2          2.2          3.2
     -0.497731     0.779766     0.840209

 HOMO      1.2    -0.497731 =     -13.5439eV
 LUMO      5.1     0.129744 =       3.5305eV
 LUMO-HOMO         0.627474 =      17.0744eV


 **********************************************************************************************************************************
 DATASETS  * FILE   NREC   LENGTH (MB)   RECORD NAMES
              1      19       11.00       500      610      700      900      950      970     1000      129      960     1100   
                                          VAR    BASINP    GEOM    SYMINP    ZMAT    AOBASIS   BASIS     P2S    ABASIS      S 
                                         1400     1410     1200     1210     1080     1600     1650     1300     1700   
                                           T        V       H0       H01     AOSYM     SMH    MOLCAS    ERIS     OPER   

              2       4        0.34       700     1000      520     2101   
                                         GEOM     BASIS   MCVARS     RHF  

 PROGRAMS   *        TOTAL        HF       INT
 CPU TIMES  *         0.59      0.39      0.12
 REAL TIME  *         0.50 SEC
 DISK USED  *        24.98 MB      
 **********************************************************************************************************************************

1PROGRAM * MULTI (Direct Multiconfiguration SCF)       Authors: P.J. Knowles, H.-J. Werner (1984)     S.T. Elbert (1988)


 Number of closed-shell orbitals:   1 (   1   0 )
 Number of active  orbitals:        6 (   5   1 )
 Number of external orbitals:      51 (  34  17 )

 State symmetry 1

 Number of electrons:     8    Spin symmetry=Singlet   Space symmetry=1
 Number of states:        1
 Number of CSFs:         65   (125 determinants, 225 intermediate states)

 Molecular orbitals read from record     2101.2  Type=RHF/CANONICAL (state 1.1)

 Wavefunction dump at record             2140.2

 Convergence thresholds  0.10E-01 (gradient)  0.10E-05 (energy)  0.10E-02 (step length)

 Number of orbital rotations:      226   (     5 Core/Active     34 Core/Virtual   0 Active/Active    187 Active/Virtual)
 Total number of variables:        351


 ITER. MIC  NCI  NEG     ENERGY(VAR)     ENERGY(PROJ)   ENERGY CHANGE     GRAD(0)  GRAD(ORB)   GRAD(CI)     STEP       TIME

   1   40   21    0     -76.04005371     -76.09807459   -0.05802087    0.02250195 0.00063871 0.00024466  0.11D+01      0.36
   2   30   21    0     -76.09630454     -76.09697263   -0.00066809    0.02846222 0.00000215 0.00000565  0.94D-01      0.69
   3   29   13    0     -76.09697320     -76.09697320   -0.00000000    0.00007591 0.00000019 0.00000028  0.19D-03      0.96

 ** WVFN ****  CONVERGENCE REACHED, FINAL GRADIENT:  0.12D-06


 First order charge density matrix for state 1.1 saved on record  2140.2 (density set 1)

 Results for state 1.1
 =====================

 !MCSCF STATE 1.1 Energy              -76.096973198799
 Nuclear energy                         8.31622245
 Kinetic energy                        75.84421025
 One electron energy                 -121.46870056
 Two electron energy                   37.05550491
 Virial ratio                           2.00333266

 !MCSCF STATE 1.1 Dipole moment         0.00000000     0.00000000    -0.74101193
 Dipole moment /Debye                   0.00000000     0.00000000    -1.88334110


 NATURAL ORBITALS
 ================

   Orb     Occ        Energy       Coefficients

                                   1 1s      1 1s      1 1s      1 1s      1 2py     1 2pz     1 2py     1 2pz     1 2py     1 2pz  
                                   1 3d0     1 3d2+    1 3d1-    1 3d0     1 3d2+    1 3d1-    1 4f1-    1 4f0     1 4f3-    1 4f2+ 
                                   2 1s      2 1s      2 1s      2 2py     2 2pz     2 2py     2 2pz     2 3d0     2 3d2+    2 3d1- 
                                   3 1s      3 1s      3 1s      3 2py     3 2pz     3 2py     3 2pz     3 3d0     3 3d2+    3 3d1- 


   1.1  2.00000   -20.494108     0.974278 -0.033159  0.034700 -0.022955  0.000000 -0.008861  0.000000 -0.006332  0.000000 -0.007126
                                 0.000106  0.000083 -0.000000  0.000249  0.000842 -0.000000 -0.000000 -0.000133 -0.000000 -0.000234
                                -0.001023  0.002193  0.000632 -0.000113 -0.000079 -0.000730 -0.000112 -0.000067 -0.000162 -0.000072
                                -0.001023  0.002193  0.000632  0.000113 -0.000079  0.000730 -0.000112 -0.000067 -0.000162  0.000072

   2.1  1.99874    -1.192873     0.053828  0.531954  0.146550  0.397635 -0.000000  0.122137 -0.000000  0.141357 -0.000000  0.126534
                                -0.001813 -0.001042  0.000000 -0.006685 -0.002888  0.000000  0.000000  0.001056  0.000000  0.000646
                                 0.020173 -0.016923 -0.015799 -0.003716  0.005361  0.002166  0.009690  0.000884  0.000605 -0.001156
                                 0.020173 -0.016923 -0.015799  0.003716  0.005361 -0.002166  0.009690  0.000884  0.000605  0.001156

   3.1  1.96983    -0.731680     0.001773 -0.111816 -0.024030  0.076984 -0.000000  0.284725 -0.000000  0.351942 -0.000000  0.241525
                                -0.004813  0.004549  0.000000 -0.015781  0.010217  0.000000 -0.000000 -0.000135  0.000000 -0.004830
                                -0.115180 -0.170351 -0.044516  0.010105 -0.002597  0.021326  0.009352  0.001529  0.002528  0.000565
                                -0.115180 -0.170351 -0.044516 -0.010105 -0.002597 -0.021326  0.009352  0.001529  0.002528 -0.000565

   4.1  1.96840    -0.652716     0.000000 -0.000000 -0.000000  0.000000  0.277810  0.000000  0.344363  0.000000  0.169153  0.000000
                                -0.000000  0.000000 -0.012428 -0.000000  0.000000 -0.025832  0.001211 -0.000000 -0.003998 -0.000000
                                 0.133096  0.216651  0.078052 -0.005841  0.008759 -0.014261  0.017906  0.001785 -0.001576 -0.003267
                                -0.133096 -0.216651 -0.078052 -0.005841 -0.008759 -0.014261 -0.017906 -0.001785  0.001576 -0.003267

   5.1  0.03213     0.617561     0.000000  0.000000  0.000000  0.000000 -0.473318 -0.000000 -0.531493 -0.000000 -0.038123  0.000000
                                 0.000000 -0.000000  0.016100  0.000000 -0.000000  0.022152 -0.010443  0.000000  0.013828  0.000000
                                 0.225638  0.484681  0.117323 -0.007048  0.002764 -0.048381  0.032674 -0.000181 -0.002757 -0.002988
                                -0.225638 -0.484681 -0.117323 -0.007048 -0.002764 -0.048381 -0.032674  0.000181  0.002757 -0.002988

   6.1  0.03154     0.609450    -0.045724 -0.372125 -0.144821 -0.319514 -0.000000  0.437645 -0.000000  0.456741 -0.000000 -0.053076
                                -0.018950  0.008495  0.000000 -0.000006  0.018228  0.000000 -0.000000 -0.002457  0.000000 -0.016605
                                 0.213700  0.475512  0.073307 -0.009959 -0.001725 -0.086622 -0.015641 -0.006426 -0.007478  0.003345
                                 0.213700  0.475512  0.073307  0.009959 -0.001725  0.086622 -0.015641 -0.006426 -0.007478 -0.003345

   7.1  0.00000     0.312341     0.066410  0.094171  0.022494 -1.620300  0.000000 -0.077265  0.000000 -0.062143 -0.000000  0.613397
                                 0.002694 -0.001353 -0.000000 -0.020987  0.097868  0.000000 -0.000000 -0.005411  0.000000 -0.012175
                                -0.049509 -0.168016  1.150923  0.005833 -0.008127 -0.275386  0.224671  0.000130 -0.016060 -0.029160
                                -0.049509 -0.168016  1.150923 -0.005833 -0.008127  0.275386  0.224671  0.000130 -0.016060  0.029160

   8.1  0.00000     0.330034    -0.000000 -0.000000 -0.000000  0.000000  0.020854  0.000000  0.045291  0.000000 -0.571155 -0.000000
                                -0.000000  0.000000  0.005175  0.000000 -0.000000  0.068052 -0.000360  0.000000  0.000500  0.000000
                                -0.053908 -0.523300  1.893576  0.020052 -0.013051 -0.176963  0.166642  0.002548 -0.008518 -0.008966
                                 0.053908  0.523300 -1.893576  0.020052  0.013051 -0.176963 -0.166642 -0.002548  0.008518 -0.008966

   9.1  0.00000     0.637445     0.007743 -0.100755  0.019180 -2.366969  0.000000 -0.117397  0.000000 -0.150904  0.000000  1.751249
                                 0.000795 -0.029935  0.000000 -0.032995  0.175390 -0.000000  0.000000 -0.014212 -0.000000 -0.029391
                                 0.017525  1.740791 -0.039820 -0.024074 -0.006971 -0.279227  0.516528  0.003806 -0.037040 -0.045631
                                 0.017525  1.740791 -0.039820  0.024074 -0.006971  0.279227  0.516528  0.003806 -0.037040  0.045631

  10.1  0.00000     0.703458    -0.000000 -0.000000 -0.000000 -0.000000 -0.138078 -0.000000 -0.093213 -0.000000  2.722171  0.000000
                                 0.000000  0.000000  0.045536 -0.000000  0.000000 -0.361508  0.022426  0.000000 -0.024147  0.000000
                                 0.003625 -1.585673 -0.829447  0.029162 -0.027825  0.558291 -0.363884 -0.004159  0.039855  0.075120
                                -0.003625  1.585673  0.829447  0.029162  0.027825  0.558291  0.363884  0.004159 -0.039855  0.075120

  11.1  0.00000     0.778543     0.020506  0.120652 -0.007638  1.973323 -0.000000  0.050404 -0.000000 -0.003821  0.000000 -2.018278
                                -0.035315  0.002827  0.000000  0.097562 -0.090630 -0.000000  0.000000 -0.003954 -0.000000  0.017431
                                 0.034514 -1.447683  0.043292 -0.035108 -0.038719  0.936211  0.294687  0.027665  0.048101  0.010205
                                 0.034514 -1.447683  0.043292  0.035108 -0.038719 -0.936211  0.294687  0.027665  0.048101 -0.010205

  12.1  0.00000     1.140048    -0.000000 -0.000000 -0.000000  0.000000 -0.003449 -0.000000 -0.132291 -0.000000 -1.707811 -0.000000
                                -0.000000  0.000000 -0.010616 -0.000000 -0.000000  0.127129 -0.000411  0.000000  0.012704  0.000000
                                -0.011278  0.945163  0.173592 -0.054731 -0.060200  0.352062  1.089362  0.001509 -0.021713 -0.021883
                                 0.011278 -0.945163 -0.173592 -0.054731  0.060200  0.352062 -1.089362 -0.001509  0.021713 -0.021883

  13.1  0.00000     1.213180    -0.448843 -1.240545 -0.344507  5.743522  0.000000 -0.025323 -0.000000 -0.708502 -0.000000 -1.534363
                                -0.002080  0.021418 -0.000000 -0.044364 -0.191167  0.000000 -0.000000  0.035754  0.000000  0.071965
                                 0.062535 -2.165425 -0.540942  0.040456 -0.044479  0.955304 -0.564070 -0.030807  0.106564  0.137447
                                 0.062535 -2.165425 -0.540942 -0.040456 -0.044479 -0.955304 -0.564070 -0.030807  0.106564 -0.137447

  14.1  0.00000     1.310976     0.194054  0.534416  0.088840  2.892328  0.000000 -0.084807  0.000000 -0.605810  0.000000 -0.665139
                                 0.003118  0.014155  0.000000  0.020301 -0.061566 -0.000000  0.000000  0.000438 -0.000000 -0.001456
                                -0.068638 -1.068193 -0.429156 -0.074343  0.070747  1.226016 -1.054551 -0.009151  0.022460  0.020802
                                -0.068638 -1.068193 -0.429156  0.074343  0.070747 -1.226016 -1.054551 -0.009151  0.022460 -0.020802

  15.1  0.00000     1.356388    -0.000000 -0.000000 -0.000000 -0.000000  0.079449  0.000000  0.822656  0.000000  1.041026  0.000000
                                -0.000000 -0.000000  0.014233 -0.000000 -0.000000 -0.119311  0.004577  0.000000 -0.006493  0.000000
                                -0.109883 -0.839564 -0.938937 -0.072821  0.046687  1.411801 -0.955815  0.005207  0.037263  0.070792
                                 0.109883  0.839564  0.938937 -0.072821 -0.046687  1.411801  0.955815 -0.005207 -0.037263  0.070792

  16.1  0.00000     2.124716    -0.072568 -0.170001 -0.014637 -0.623943  0.000000  0.030551 -0.000000  0.176789 -0.000000 -0.257481
                                -0.004222 -0.002666 -0.000000  1.053023  0.581384  0.000000 -0.000000 -0.021310  0.000000 -0.032145
                                -0.169780  0.517216 -0.016041 -0.074959 -0.075327  0.118031  0.661195 -0.013155 -0.036734 -0.015673
                                -0.169780  0.517216 -0.016041  0.074959 -0.075327 -0.118031  0.661195 -0.013155 -0.036734  0.015673

  17.1  0.00000     2.193353     0.000000  0.000000  0.000000 -0.000000 -0.045472  0.000000 -1.208300  0.000000 -2.556338  0.000000
                                 0.000000 -0.000000 -0.023905 -0.000000  0.000000  1.748801 -0.088646 -0.000000  0.071288 -0.000000
                                -0.471421  3.448056  0.244814 -0.044759  0.085465 -1.444229  1.098818  0.020826 -0.113295 -0.220308
                                 0.471421 -3.448056 -0.244814 -0.044759 -0.085465 -1.444229 -1.098818 -0.020826  0.113295 -0.220308

  18.1  0.00000     2.266930     0.090378  0.245660  0.195997 -6.084994  0.000000  0.120595  0.000000  0.646745  0.000000  2.462141
                                 0.000611 -0.015724  0.000000 -0.584827  1.444424 -0.000000  0.000000 -0.026595 -0.000000 -0.076109
                                -0.123924  3.394169  0.216508 -0.032843  0.003959 -1.416055  0.861703 -0.018362 -0.072938 -0.170172
                                -0.123924  3.394169  0.216508  0.032843  0.003959  1.416055  0.861703 -0.018362 -0.072938  0.170172

  19.1  0.00000     2.542267     0.153468  0.326142 -0.020625  2.082975 -0.000000  0.091696  0.000000 -0.520315  0.000000 -0.943698
                                -0.001091 -0.004865  0.000000  0.278550  0.000320 -0.000000  0.000000  0.060046 -0.000000  0.116185
                                 1.037847 -2.419182  0.331613  0.026368 -0.045391  0.624301 -0.271525 -0.048612  0.121983 -0.045657
                                 1.037847 -2.419182  0.331613 -0.026368 -0.045391 -0.624301 -0.271525 -0.048612  0.121983  0.045657

  20.1  0.00000     2.841951     0.000000  0.000000  0.000000  0.000000 -0.182179 -0.000000  0.405195 -0.000000 -0.385903 -0.000000
                                -0.000000  0.000000  0.021847 -0.000000 -0.000000  0.620021  0.060275 -0.000000 -0.079953 -0.000000
                                 0.933692 -0.886391  0.563813  0.090630 -0.039164 -0.024413 -0.017270  0.105579 -0.136262  0.042573
                                -0.933692  0.886391 -0.563813  0.090630  0.039164 -0.024413  0.017270 -0.105579  0.136262  0.042573

  21.1  0.00000     3.449001     0.037940  0.073599  0.022633 -0.656400  0.000000 -0.016812 -0.000000 -0.013558 -0.000000  0.251879
                                -0.019818 -0.035904  0.000000  0.304583 -0.061504  0.000000  0.000000  0.078135  0.000000 -0.042191
                                -0.273076  0.612330 -0.061391 -0.126824  0.026980 -0.055415  0.105987 -0.177201  0.594548 -0.277235
                                -0.273076  0.612330 -0.061391  0.126824  0.026980  0.055415  0.105987 -0.177201  0.594548  0.277235

  22.1  0.00000     3.537150     0.000000  0.000000  0.000000 -0.000000 -0.082090  0.000000  0.221910 -0.000000  0.146110 -0.000000
                                -0.000000 -0.000000 -0.048090  0.000000  0.000000 -0.303909  0.005339  0.000000 -0.084976  0.000000
                                -0.247852 -0.036968 -0.181339 -0.212341  0.081592  0.300050 -0.166883  0.470552 -0.224850  0.417870
                                 0.247852  0.036968  0.181339 -0.212341 -0.081592  0.300050  0.166883 -0.470552  0.224850  0.417870

  23.1  0.00000     3.741556     0.000000  0.000000 -0.000000  0.000000 -0.163833  0.000000  0.167256 -0.000000  0.581328 -0.000000
                                 0.000000 -0.000000  0.009461 -0.000000 -0.000000 -0.366057 -0.159253 -0.000000 -0.042747 -0.000000
                                 0.020087 -0.572479 -0.007499  0.432771  0.513808 -0.076658 -0.492709  0.273798  0.190307 -0.170783
                                -0.020087  0.572479  0.007499  0.432771 -0.513808 -0.076658  0.492709 -0.273798 -0.190307 -0.170783

  24.1  0.00000     3.870203     0.064672  0.149801  0.040929 -0.032648 -0.000000 -0.020233  0.000000  0.082705  0.000000  0.332809
                                 0.016170  0.005832 -0.000000 -0.227248 -0.122262  0.000000  0.000000  0.142186 -0.000000  0.052133
                                -0.019456  0.077928 -0.049103  0.407984  0.668829 -0.257202 -0.549622 -0.374192 -0.055083  0.134113
                                -0.019456  0.077928 -0.049103 -0.407984  0.668829  0.257202 -0.549622 -0.374192 -0.055083 -0.134113

  25.1  0.00000     3.992572    -0.000000 -0.000000  0.000000 -0.000000  0.667117 -0.000000 -1.144452  0.000000 -0.227175  0.000000
                                -0.000000  0.000000  0.138630  0.000000  0.000000 -0.290024 -0.063876  0.000000  0.020459 -0.000000
                                -0.149806  0.674662  0.263789  0.486382 -0.498183 -0.740844  0.698952  0.272528 -0.131898 -0.106701
                                 0.149806 -0.674662 -0.263789  0.486382  0.498183 -0.740844 -0.698952 -0.272528  0.131898 -0.106701

  26.1  0.00000     4.018013     0.158069  0.262801 -0.022121  2.372259  0.000000  0.741074 -0.000000 -1.176358 -0.000000 -0.318169
                                 0.023192 -0.095044  0.000000 -0.241736 -0.213386 -0.000000 -0.000000 -0.033219  0.000000  0.067056
                                 0.023635 -1.142258 -0.225679 -0.589831  0.264860  0.943365 -0.736382 -0.132970 -0.031428  0.249670
                                 0.023635 -1.142258 -0.225679  0.589831  0.264860 -0.943365 -0.736382 -0.132970 -0.031428 -0.249670

  27.1  0.00000     4.220406     0.241886  0.424731  0.003516 -0.169982  0.000000 -0.411319  0.000000  0.175040 -0.000000 -0.265368
                                -0.042941 -0.039914 -0.000000  0.569042  0.644530  0.000000  0.000000  0.112313  0.000000  0.205880
                                 0.100144  0.036612 -0.055046 -0.235170  0.359485  0.357880  0.009466  0.554861  0.279226  0.258231
                                 0.100144  0.036612 -0.055046  0.235170  0.359485 -0.357880  0.009466  0.554861  0.279226 -0.258231

  28.1  0.00000     4.348342    -0.000000 -0.000000  0.000000  0.000000  0.371520  0.000000  0.135384 -0.000000  0.690636 -0.000000
                                 0.000000 -0.000000  0.037635 -0.000000 -0.000000 -0.103405  0.018890 -0.000000 -0.126642  0.000000
                                 0.017505 -0.449248 -0.043660  0.422642  0.427631 -0.251283 -0.668757 -0.388462 -0.141295  0.516390
                                -0.017505  0.449248  0.043660  0.422642 -0.427631 -0.251283  0.668757  0.388462  0.141295  0.516390

  29.1  0.00000     4.671178    -0.000000  0.000000  0.000000  0.000000  0.184736 -0.000000  1.274638 -0.000000  1.030833 -0.000000
                                 0.000000  0.000000  0.171147 -0.000000 -0.000000 -0.806429  0.164712 -0.000000 -0.225152  0.000000
                                 0.295568 -2.102432 -0.276999 -0.130168 -0.148252  1.457861 -0.698640  0.122055  0.855798  0.565073
                                -0.295568  2.102432  0.276999 -0.130168  0.148252  1.457861  0.698640 -0.122055 -0.855798  0.565073

  30.1  0.00000     4.838855     0.146965  0.685977  0.402644  2.877459 -0.000000 -0.272780 -0.000000 -0.573988 -0.000000 -0.779493
                                 0.022822  0.116765 -0.000000 -0.482814 -0.893580  0.000000  0.000000 -0.126778 -0.000000  0.312746
                                 0.175289 -1.918904 -0.108752 -0.003605 -0.309655  0.847978 -0.820193 -0.471889  0.280442  0.790175
                                 0.175289 -1.918904 -0.108752  0.003605 -0.309655 -0.847978 -0.820193 -0.471889  0.280442 -0.790175

  31.1  0.00000     5.203508     0.159621 -0.170981 -0.469708 -3.996654  0.000000 -0.776509  0.000000  2.211371  0.000000  1.032682
                                -0.000241 -0.104316  0.000000 -0.518247  0.549307 -0.000000 -0.000000 -0.288661  0.000000  0.151859
                                -0.081041  2.410531  0.126860 -0.437261  0.159912 -1.080883  0.614087 -0.316773 -0.415536 -0.466456
                                -0.081041  2.410531  0.126860  0.437261  0.159912  1.080883  0.614087 -0.316773 -0.415536  0.466456

  32.1  0.00000     5.507235     0.000000  0.000000  0.000000  0.000000 -0.719143 -0.000000  2.446751 -0.000000  0.969090 -0.000000
                                -0.000000  0.000000  0.251889  0.000000 -0.000000 -1.232389 -0.198199 -0.000000  0.537899 -0.000000
                                 0.023483 -2.176190 -0.060358  0.337061 -0.267326  1.000898 -0.826330 -0.037073  0.187017  0.570430
                                -0.023483  2.176190  0.060358  0.337061  0.267326  1.000898  0.826330  0.037073 -0.187017  0.570430

  33.1  0.00000     6.214031     0.255037  0.336140 -0.181541 -0.422892  0.000000 -0.373629 -0.000000  0.712188  0.000000  0.133288
                                -0.332478  0.030966  0.000000 -0.429457 -0.102985 -0.000000 -0.000000  0.710355 -0.000000 -0.541409
                                 0.167365  0.105258  0.012237 -0.374996 -0.049828 -0.011846 -0.155738 -0.313570 -0.299215  0.191521
                                 0.167365  0.105258  0.012237  0.374996 -0.049828  0.011846 -0.155738 -0.313570 -0.299215 -0.191521

  34.1  0.00000     6.752887    -0.735599 -0.927883  0.664830  0.763897  0.000000  0.126872 -0.000000 -0.231091 -0.000000 -0.142183
                                -0.262432 -0.569485 -0.000000  0.041952 -0.078989  0.000000  0.000000  0.518170  0.000000  0.720906
                                -0.313529 -0.053346 -0.067648  0.281804 -0.375564 -0.099634  0.149774 -0.101242 -0.084480  0.093507
                                -0.313529 -0.053346 -0.067648 -0.281804 -0.375564  0.099634  0.149774 -0.101242 -0.084480 -0.093507

  35.1  0.00000     6.763855     0.000000  0.000000 -0.000000 -0.000000  0.518143 -0.000000 -1.379608  0.000000 -0.621461  0.000000
                                 0.000000  0.000000 -0.241151 -0.000000  0.000000  0.670591  0.632650 -0.000000  0.854396 -0.000000
                                 0.228758  0.870456  0.015338 -0.194222  0.390642 -0.159413  0.397852  0.448250  0.101054 -0.201349
                                -0.228758 -0.870456 -0.015338 -0.194222 -0.390642 -0.159413 -0.397852 -0.448250 -0.101054 -0.201349

  36.1  0.00000     7.156288    -0.059604 -0.025300  0.194367 -1.497474 -0.000000 -0.218763  0.000000  0.557748  0.000000  0.800608
                                 1.093814 -0.407530 -0.000000 -1.072460  0.269433  0.000000 -0.000000  0.283979 -0.000000 -0.181084
                                 0.045718  0.899842  0.018039 -0.154231 -0.046047 -0.439417 -0.037762 -0.167405 -0.169835  0.116259
                                 0.045718  0.899842  0.018039  0.154231 -0.046047  0.439417 -0.037762 -0.167405 -0.169835 -0.116259

  37.1  0.00000     7.402985    -0.282666 -0.474935  0.044007  1.516375  0.000000  0.110508 -0.000000 -0.112263 -0.000000 -0.380802
                                 0.334908  0.990172  0.000000 -0.546855 -1.133835  0.000000 -0.000000  0.500460  0.000000  0.513274
                                -0.303582 -0.569318 -0.083682  0.056986 -0.293684  0.028541 -0.237934 -0.237003 -0.196604 -0.032465
                                -0.303582 -0.569318 -0.083682 -0.056986 -0.293684 -0.028541 -0.237934 -0.237003 -0.196604  0.032465

  38.1  0.00000     7.600066    -0.000000  0.000000  0.000000  0.000000 -0.583921 -0.000000  1.628730 -0.000000  0.947691  0.000000
                                 0.000000  0.000000  0.674818 -0.000000 -0.000000 -1.831667  1.008356  0.000000 -0.314182  0.000000
                                -0.595976 -1.384186 -0.040669  0.705981 -0.312411  0.468835 -0.331288  0.235519  0.196777  0.133536
                                 0.595976  1.384186  0.040669  0.705981  0.312411  0.468835  0.331288 -0.235519 -0.196777  0.133536

  39.1  0.00000     7.827851     0.000000  0.000000  0.000000 -0.000000  0.486169 -0.000000 -2.185134 -0.000000 -0.380010  0.000000
                                 0.000000 -0.000000  1.001963 -0.000000  0.000000  0.576101 -0.409624  0.000000  0.292633  0.000000
                                 0.091962  1.578733 -0.080287 -0.579154  0.443031 -0.750094  0.515699  0.014867 -0.462924 -0.577668
                                -0.091962 -1.578733  0.080287 -0.579154 -0.443031 -0.750094 -0.515699 -0.014867  0.462924 -0.577668

  40.1  0.00000    11.352863     3.121443  4.613939 -2.667585  1.773024  0.000000  0.394727  0.000000 -1.968536  0.000000 -0.660152
                                 0.062532 -0.137038 -0.000000 -0.064815 -0.944874 -0.000000  0.000000  0.336982 -0.000000  0.596666
                                -0.150150 -2.320100  0.154989  0.585385 -0.516771  0.982164 -0.835023 -0.129812  0.385063  0.720939
                                -0.150150 -2.320100  0.154989 -0.585385 -0.516771 -0.982164 -0.835023 -0.129812  0.385063 -0.720939

                                   1 2px     1 2px     1 2px     1 3d2-    1 3d1+    1 3d2-    1 3d1+    1 4f1+    1 4f3+    1 4f2- 
                                   2 2px     2 2px     2 3d2-    2 3d1+    3 2px     3 2px     3 3d2-    3 3d1+ 

   1.2  1.99935    -0.501236     0.359251  0.448197  0.380460  0.000000 -0.004563  0.000000 -0.016829  0.001641 -0.003961  0.000000
                                 0.007607  0.028022 -0.003789  0.002687  0.007607  0.028022  0.003789  0.002687

   2.2  0.00000     0.777641    -0.256695 -0.756541  0.951182  0.000000  0.003646 -0.000000 -0.022720  0.000965 -0.001384  0.000000
                                -0.025332  0.199233  0.015184 -0.015056 -0.025332  0.199233 -0.015184 -0.015056

   3.2  0.00000     0.841436     0.000000  0.000000 -0.000000  0.022227 -0.000000  0.012366  0.000000 -0.000000  0.000000  0.011877
                                -0.063329  0.799486 -0.001826  0.014642  0.063329 -0.799486 -0.001826 -0.014642

   4.2  0.00000     0.949997     0.030659  0.182105 -1.223183 -0.000000 -0.020605 -0.000000 -0.035746 -0.003365  0.015026 -0.000000
                                -0.071370  0.919064 -0.029650  0.000632 -0.071370  0.919064  0.029650  0.000632

   5.2  0.00000     1.989419     0.021210  0.028848 -0.575411  0.000000 -0.012788 -0.000000  1.099014 -0.011312 -0.008108 -0.000000
                                -0.046669  0.560715  0.052132  0.048082 -0.046669  0.560715 -0.052132  0.048082

   6.2  0.00000     2.018777    -0.000000 -0.000000 -0.000000 -0.011225 -0.000000  1.136524  0.000000 -0.000000  0.000000 -0.003353
                                 0.064081 -0.508897  0.018853  0.046642 -0.064081  0.508897  0.018853 -0.046642

   7.2  0.00000     3.357129    -0.150560  0.080551  0.025890 -0.000000 -0.028228 -0.000000 -0.190641 -0.096222 -0.094819  0.000000
                                 0.201779 -0.141518  0.288302  0.574499  0.201779 -0.141518 -0.288302  0.574499

   8.2  0.00000     3.513400     0.000000 -0.000000  0.000000 -0.042135  0.000000 -0.018704  0.000000  0.000000  0.000000  0.096297
                                -0.324072  0.168505  0.500394  0.401357  0.324072 -0.168505  0.500394 -0.401357

   9.2  0.00000     3.720834     0.751010 -0.652503  0.333076  0.000000  0.023837 -0.000000 -0.392366 -0.088921  0.054237 -0.000000
                                -0.462096  0.131720  0.398027 -0.004504 -0.462096  0.131720 -0.398027 -0.004504

  10.2  0.00000     3.905886     0.000000 -0.000000  0.000000  0.016935  0.000000 -0.229710 -0.000000  0.000000 -0.000000 -0.183040
                                 0.781490 -0.436421  0.193260  0.268790 -0.781490  0.436421  0.193260 -0.268790

  11.2  0.00000     4.017341     0.377231 -0.207250  0.651099 -0.000000  0.003207  0.000000 -0.334320  0.045475 -0.084508  0.000000
                                 0.720975 -0.712612  0.365708 -0.321000  0.720975 -0.712612 -0.365708 -0.321000

  12.2  0.00000     4.161680     0.000000 -0.000000  0.000000  0.063583  0.000000 -0.822985 -0.000000  0.000000 -0.000000 -0.089481
                                -0.212962  0.483760 -0.542061  0.627520  0.212962 -0.483760 -0.542061 -0.627520

  13.2  0.00000     4.580986    -0.875009  1.334723 -0.229398  0.000000  0.042843 -0.000000 -0.464630 -0.154305  0.236422 -0.000000
                                -0.104356 -0.178223  0.501200 -0.269705 -0.104356 -0.178223 -0.501200 -0.269705

  14.2  0.00000     5.871516    -0.043582  0.084453 -0.010512  0.000000 -0.125299 -0.000000 -0.056880  0.947445  0.341159  0.000000
                                -0.038393 -0.000433  0.206447  0.168438 -0.038393 -0.000433 -0.206447  0.168438

  15.2  0.00000     6.561760     0.274629 -0.591663 -0.078501  0.000000  0.471000  0.000000  0.165767 -0.251736  0.936358 -0.000000
                                 0.251982  0.143473 -0.358960  0.347055  0.251982  0.143473  0.358960  0.347055

  16.2  0.00000     6.658723    -0.000000  0.000000  0.000000  0.753309 -0.000000  0.011220 -0.000000  0.000000 -0.000000 -0.828256
                                -0.229823 -0.042918  0.344057 -0.220890  0.229823  0.042918  0.344057  0.220890

  17.2  0.00000     7.005133    -0.137198  0.326936  0.269197  0.000000  1.087263 -0.000000 -0.933108  0.272150 -0.451538  0.000000
                                -0.114210 -0.301975  0.290399 -0.122727 -0.114210 -0.301975 -0.290399 -0.122727

  18.2  0.00000     7.141248     0.000000 -0.000000 -0.000000  0.930852 -0.000000 -1.068211  0.000000 -0.000000  0.000000  0.827017
                                 0.226690  0.284872 -0.313756  0.300758 -0.226690 -0.284872 -0.313756 -0.300758
 

 Natural orbital dump at molpro section  2140.2    (Orbital set 2)


 CI vector
 =========

 22200 2      0.9841144
 22020 2     -0.0872104
 20202 2     -0.0850397
 2abab 2     -0.0665378
 2baba 2     -0.0665378

 TOTAL ENERGIES                       -76.09697320



 **********************************************************************************************************************************
 DATASETS  * FILE   NREC   LENGTH (MB)   RECORD NAMES
              1      20       11.65       500      610      700      900      950      970     1000      129      960     1100   
                                          VAR    BASINP    GEOM    SYMINP    ZMAT    AOBASIS   BASIS     P2S    ABASIS      S 
                                         1400     1410     1200     1210     1080     1600     1650     1300     1700     1380   
                                           T        V       H0       H01     AOSYM     SMH    MOLCAS    ERIS     OPER     JKOP   

              2       5        0.46       700     1000      520     2101     2140   
                                         GEOM     BASIS   MCVARS     RHF     MCSCF   

 PROGRAMS   *        TOTAL     MULTI        HF       INT
 CPU TIMES  *         1.84      1.24      0.39      0.12
 REAL TIME  *         0.88 SEC
 DISK USED  *        24.98 MB      
 **********************************************************************************************************************************

 Dump information in style MOLDEN to h2o.molden                                                                      

 Molecular orbitals read from record     2140.2  Type=MCSCF/NATURAL (state 1.1)
 Occupation numbers read from record     2140.2  Type=MCSCF/NATURAL (state 1.1)
 Orbital energies read from record       2140.2  Type=MCSCF/NATURAL (state 1.1)
 Redundancy group numbers read from rec  2140.2  Type=MCSCF/NATURAL (state 1.1)
 
 DUMP ORBITAL  1.1 AS ORBITAL    1  occ=    2.0000  eig=  -20.4941  GROUP=   2
 DUMP ORBITAL  1.2 AS ORBITAL    2  occ=    1.9994  eig=   -0.5012  GROUP=   3
 DUMP ORBITAL  2.1 AS ORBITAL    3  occ=    1.9987  eig=   -1.1929  GROUP=   3
 DUMP ORBITAL  3.1 AS ORBITAL    4  occ=    1.9698  eig=   -0.7317  GROUP=   3
 DUMP ORBITAL  4.1 AS ORBITAL    5  occ=    1.9684  eig=   -0.6527  GROUP=   3
 DUMP ORBITAL  5.1 AS ORBITAL    6  occ=    0.0321  eig=    0.6176  GROUP=   3
 DUMP ORBITAL  6.1 AS ORBITAL    7  occ=    0.0315  eig=    0.6095  GROUP=   3

 Total charge:      10.000000

 **********************************************************************************************************************************

        MULTI           HF-SCF  
    -76.09697320    -76.03410465
 **********************************************************************************************************************************
 Variable memory released
