+-------------------------------------------------------------------------+
|              _              |                                           |
| || || ||//  | \          |  | University College London (C) 1994 - 2020 |
| || || ||    | / |/\/\ /\ |  | Open University           (C) 2007 - 2020 |
| \\_// ||\\  | \ | | | \/ |  |                                           |
|                             |                                           |
+-------------------------------------------------------------------------+
| Last revision: 3.2                                                      |
| Last author:   Jimena Gorfinkiel                                        |
| Last date:     Tue Dec 21 17:59:46 2021 +0000                           |
+-------------------------------------------------------------------------+


                     Density Matrix package
                     PROGRAM DENPROP

                     DATE =20230416


     H2O - Transition Moments                                                        


     No. of different wavefunction pairs to be computed =    10


          Assuming UKRMol+ integrals on input.


     Wavefunction location table
     ---------------------------

     Wavefunctions consist of two parts in the Alchemy
     and R-matrix codes. The parts are: 

       (i)  Slater determinants and Clebsch-Gordan 
            coefficients i.e. CSF definitions 
      (ii)  CI expansion coefficient over CSFs     

     Data corresponding to (i) is in a single dataset 
     for each different wavefunctions while data for (ii)
     is stored, for all wavefunctions, on a single library
     dataset

     No. of target states =   4

     No.  Determinants   CI vectors  Set. No.  Start/End
     ---  ------------   ----------  --------  ---------

       1      710           26            1    1   2
       2      730           26            2    1   1
       3      711           26            3    1   1
       4      731           26            4    1   1

     The print flags, NPFLG, are as follows: 
     --------------------------------------- 

     1. Wavefunction determinant data from SORT file =  0
     2. Diagonal density matrix formulae evaluation  =  0
     3. Off-diagonal density matrix form. evaluation =  0
     4. Summary of unsorted density matrix formulae  =  0
     5. Printing of transformed property integrals   =  0
     6. Sorting procedure for density matrix form.   =  0
     7.                                              =  0
     8.                                              =  0
     9.                                              =  1
     10. Summary of properties for external region   =  0
     11. Polarizibility calculation                  =  0



     Dataset information and logical unit association:
     -------------------------------------------------

     Un-sorted density matrix expressions (NFTD) = 21
     Sorted density matrix expressions    (NFTA) = 30
     Direct access file for sorting       (NFDA) = 20
     Molecular property integrals       (NFTINT) = 16
     Computed moments written to         (NFTMT) = 24
                           with set number NMSET =  1
     Old style moments as in TMTJT/CJG  (NFTMOM) = 61
                          with set number NMSET2 =  1


     Property operator information will be obtained 
     from the file of transformed integrals. To control
     the number evaluated modify your INTS input cards 


     Target Data File Construction for External Region
     -------------------------------------------------


     Logical unit for properties file     =  24
     Set number to be used for properties =   1
     Nuclear center (NUCCEN)  defined     =  -1
     Flag for add. of nuclear terms (ISW) =   0

MPI startup(): PMI server not found. Please set I_MPI_PMI_LIBRARY variable if it is not a singleton case.

1-electron integrals read-in.

Number of types of property integrals:    9


     **** &INPUT data has been verified 


          Loading UKRmol+ data...

     Molecule is Abelian using D2h subgroup with  2 elements 



          GROUP MULTIPLICATION TABLE FOR D2H SYMMETRY

                   1   2   3   4   5   6   7   8
                  AG  B3U B2U B1G B1U B2G B3G AU 
               ************************************  
               *                                  *  
           AG  *  AG  B3U B2U B1G B1U B2G B3G AU  *  
               *                                  *  
           B3U *  B3U AG  B1G B2U B2G B1U AU  B3G *  
               *                                  *  
           B2U *  B2U B1G AG  B3U B3G AU  B1U B2G *  
               *                                  *  
           B1G *  B1G B2U B3U AG  AU  B3G B2G B1U *  
               *                                  *  
           B1U *  B1U B2G B3G AU  AG  B3U B2U B1G *  
               *                                  *  
           B2G *  B2G B1U AU  B3G B3U AG  B1G B2U *  
               *                                  *  
           B3G *  B3G AU  B1U B2G B2U B1G AG  B3U *  
               *                                  *  
           AU  *  AU  B3G B2G B1U B1G B2U B3U AG  *  
               *                                  *  
               ************************************  


     Wavefunction symmetry numbers =   0   0

     Wavefunction symmetry difference =   0

     Target vectors read successfully

     Attempt to compute moments between states of  different spin
     S1 =1.0, S2 =0.0


     Wavefunction symmetry numbers =   0   0

     Wavefunction symmetry difference =   0

     Target vectors read successfully


     Wavefunction symmetry numbers =   1   0

     Wavefunction symmetry difference =   1

     Target vectors read successfully

     Attempt to compute moments between states of  different spin
     S1 =0.0, S2 =1.0


     Wavefunction symmetry numbers =   1   1

     Wavefunction symmetry difference =   0

     Target vectors read successfully

     Attempt to compute moments between states of  different spin
     S1 =1.0, S2 =0.0


     Wavefunction symmetry numbers =   1   0

     Wavefunction symmetry difference =   1

     Target vectors read successfully

     Attempt to compute moments between states of  different spin
     S1 =1.0, S2 =0.0


     Wavefunction symmetry numbers =   1   1

     Wavefunction symmetry difference =   0

     Target vectors read successfully

          Loading UKRmol+ data...

          Details of all     4 centers follows: 

  No.     X        Y        Z      Charge   Symbol    Mass     Spin     Quad  

    1    0.000    0.000    0.137    8.000       O    15.995    0.000    0.000
    2    0.000    1.581   -1.088    1.000       H     1.008    0.000    0.000
    3    0.000   -1.581   -1.088    1.000       H     1.008    0.000    0.000
    4    0.000    0.000    0.000    0.000             0.000    0.000    0.000

          Total Molecular Mass =       18.011 Dalton (amu)

          Co-ordinates of the Center of Mass in the present axis system: 

               0.00000      0.00000     -0.00003


          Moment of Inertia Tensor (Lower Half Triangle):

                  7.7242441972
                  0.0000000000         2.6849517168
                  0.0000000000         0.0000000000         5.0392924804


          Principal Moments of Inertia (Atomic units): 

               4894.3635801815      9186.0607516791     14080.4243318606


          Principal Moments of Inertia (amu angstrom^2): 

                  0.7512494904         1.4099940360         2.1612435264


          Principal Axes Transformation Matrix: 

               0.00000 x      1.00000 y      0.00000 z 
               0.00000 x      0.00000 y      1.00000 z 
               1.00000 x      0.00000 y      0.00000 z 

          Rotational Constants (Atomic Units): 

                  0.0001021583         0.0000544303         0.0000355103


          Rotational Constants (cm**(-1)): 

                 22.4211581756        11.9460673042         7.7936074520


          Rotational Constants (eV): 

                  0.0027798967         0.0014811381         0.0009662937




 The following target state and properties tables are now in energy order


          Unique Target State Table
          -------------------------

          There are     5 states in the table

     (2S+1)   Sz    Irrep   Energy (Hartrees)
     ------   --    -----   -----------------

    1     1      0      0    -76.0969731990
    2     3      1      1    -75.5666161635
    3     1      0      1    -75.5259921979
    4     3      1      0    -75.5125584059
    5     1      0      0    -75.3679222327


               ========================

               W A V E F U N C T I O N 
                 P R O P E R T I E S   
                      T A B L E        

               ========================




     No. of Expectation Values (Rows) in table =      48

     No. I-State J-State Property Operator Code Expectation Value
     --- ------- ------- ---------------------- -----------------

     1     1     1     2 0 0 0 0 0 0 0     0.1000D+02
     2     1     1     4 1 0 0 4 1 1-1    -0.2094D-08
     3     1     1     4 1 0 0 4 1 0 0    -0.3381D+00
     4     1     1     4 2 0 0 4 2 1-1     0.6775D-08
     5     1     1     4 2 0 0 4 2 0 0     0.1257D+00
     6     1     1     4 2 0 0 4 2 2 1    -0.2150D+01
     7     5     1     2 0 0 0 0 0 0 0     0.2332D-08
     8     5     1     4 1 0 0 4 1 1-1    -0.4752D+00
     9     5     1     4 1 0 0 4 1 0 0     0.1978D-08
    10     5     1     4 2 0 0 4 2 1-1     0.7106D+00
    11     5     1     4 2 0 0 4 2 0 0    -0.9336D-08
    12     5     1     4 2 0 0 4 2 2 1    -0.7738D-08
    13     5     5     2 0 0 0 0 0 0 0     0.1000D+02
    14     5     5     4 1 0 0 4 1 1-1     0.3670D-07
    15     5     5     4 1 0 0 4 1 0 0    -0.8579D+00
    16     5     5     4 2 0 0 4 2 1-1    -0.1024D-06
    17     5     5     4 2 0 0 4 2 0 0    -0.7557D+00
    18     5     5     4 2 0 0 4 2 2 1    -0.3218D+01
    19     4     4     2 0 0 0 0 0 0 0     0.1000D+02
    20     4     4     4 1 0 0 4 1 1-1    -0.2396D-09
    21     4     4     4 1 0 0 4 1 0 0    -0.9084D+00
    22     4     4     4 2 0 0 4 2 1-1     0.3838D-08
    23     4     4     4 2 0 0 4 2 0 0    -0.2696D-01
    24     4     4     4 2 0 0 4 2 2 1    -0.2808D+01
    25     3     1     2 0 0 0 0 0 0 0     0.0000D+00
    26     3     1     4 1 0 0 4 1 1 1    -0.7479D-09
    27     3     1     4 2 0 0 4 2 2-1    -0.3395D+00
    28     3     1     4 2 0 0 4 2 1 1     0.7950D-08
    29     3     5     2 0 0 0 0 0 0 0     0.0000D+00
    30     3     5     4 1 0 0 4 1 1 1     0.8857D-01
    31     3     5     4 2 0 0 4 2 2-1     0.1525D-07
    32     3     5     4 2 0 0 4 2 1 1     0.7553D+00
    33     3     3     2 0 0 0 0 0 0 0     0.1000D+02
    34     3     3     4 1 0 0 4 1 1-1     0.3362D-07
    35     3     3     4 1 0 0 4 1 0 0    -0.8563D+00
    36     3     3     4 2 0 0 4 2 1-1    -0.7403D-07
    37     3     3     4 2 0 0 4 2 0 0     0.4058D+00
    38     3     3     4 2 0 0 4 2 2 1    -0.4284D+01
    39     2     4     2 0 0 0 0 0 0 0     0.0000D+00
    40     2     4     4 1 0 0 4 1 1 1     0.7160D-02
    41     2     4     4 2 0 0 4 2 2-1     0.1163D-07
    42     2     4     4 2 0 0 4 2 1 1    -0.6496D+00
    43     2     2     2 0 0 0 0 0 0 0     0.1000D+02
    44     2     2     4 1 0 0 4 1 1-1     0.4925D-07
    45     2     2     4 1 0 0 4 1 0 0    -0.1190D+01
    46     2     2     4 2 0 0 4 2 1-1    -0.1091D-06
    47     2     2     4 2 0 0 4 2 0 0     0.1124D+01
    48     2     2     4 2 0 0 4 2 2 1    -0.3857D+01




           ====> Create/Update target property file <====



          Logical unit for target properties file   =  24
          Set number at which to write target data  =   1
          Format style for the target properties    = FORMATTED  


          No. of nuclear centers in molecular frame =   4
          Sequence number of the scattering center  =   4
          Number of target states in this dataset   =   5
          The number of properties computed         =     48
          Nuclear contribution switch (ISW) is set  =   0


 Output to unit 24 is as follows:

6  1    48  3   5    39  0   0.102158328005D-03  0.544302953699D-04  0.355102934553D-04
8  1 O   8   15.9949        0.0000000000        0.0000000000        0.1370291951
8  2 H   1    1.0078        0.0000000000        1.5811654190       -1.0876813489
8  3 H   1    1.0078        0.0000000000       -1.5811654190       -1.0876813489
5  1  0  0  0  1  0  0 -0.760969731990D+02  State No.   1 Singlet     A'        
5  2  0  0  1  3  0  0 -0.755666161635D+02  State No.   2 Triplet     A"        
5  3  0  0  1  1  0  0 -0.755259921979D+02  State No.   3 Singlet     A"        
5  4  0  0  0  3  0  0 -0.755125584059D+02  State No.   4 Triplet     A'        
5  5  0  0  0  1  0  0 -0.753679222327D+02  State No.   5 Singlet     A'        
1  1  0  1  0  4  1 -1 -0.209424122488D-08
1  1  0  1  0  4  1  0  0.741011926796D+00
1  1  0  1  0  4  2 -1  0.677520395342D-08
1  1  0  1  0  4  2  0  0.109419368305D+00
1  1  0  1  0  4  2  2  0.218070078383D+01
1  5  0  1  0  4  1 -1 -0.475222120675D+00
1  5  0  1  0  4  1  0  0.197783843623D-08
1  5  0  1  0  4  2 -1  0.710648362201D+00
1  5  0  1  0  4  2  0 -0.933572975233D-08
1  5  0  1  0  4  2  2 -0.773804379567D-08
1  5  0  5  0  4  1 -1  0.367031509629D-07
1  5  0  5  0  4  1  0  0.221263129905D+00
1  5  0  5  0  4  2 -1 -0.102377971434D-06
1  5  0  5  0  4  2  0 -0.771901547343D+00
1  5  0  5  0  4  2  2  0.111249107713D+01
1  4  0  4  0  4  1 -1 -0.239589681428D-09
1  4  0  4  0  4  1  0  0.170722372190D+00
1  4  0  4  0  4  2 -1  0.383824305672D-08
1  4  0  4  0  4  2  0 -0.431909905320D-01
1  4  0  4  0  4  2  2  0.152257831194D+01
1  3  1  1  0  4  1  1 -0.747907724759D-09
1  3  1  1  0  4  2 -2 -0.339482178438D+00
1  3  1  1  0  4  2  1  0.795041795050D-08
1  3  1  5  0  4  1  1  0.885712801137D-01
1  3  1  5  0  4  2 -2  0.152472302357D-07
1  3  1  5  0  4  2  1  0.755274005999D+00
1  3  1  3  1  4  1 -1  0.336206622542D-07
1  3  1  3  1  4  1  0  0.222795735638D+00
1  3  1  3  1  4  2 -1 -0.740307535274D-07
1  3  1  3  1  4  2  0  0.389572924408D+00
1  3  1  3  1  4  2  2  0.458242765701D-01
1  2  1  4  0  4  1  1  0.715969941704D-02
1  2  1  4  0  4  2 -2  0.116326028574D-07
1  2  1  4  0  4  2  1 -0.649634758658D+00
1  2  1  2  1  4  1 -1  0.492505967120D-07
1  2  1  2  1  4  1  0 -0.111072299321D+00
1  2  1  2  1  4  2 -1 -0.109134783433D-06
1  2  1  2  1  4  2  0  0.110756411222D+01
1  2  1  2  1  4  2  2  0.473747009024D+00
Calculating polarisabilities with M = -1 (Y), 0 (Z), 1 (X)
State     1 alpha_XX    0.195931550674D-17
State     1 alpha_YY    0.619534365684D+00
State     1 alpha_ZZ    0.107313344626D-16
State     1 alpha_MS    0.206511455228D+00
State     2 alpha_XX    0.189653800003D-02
State     2 alpha_YY    0.000000000000D+00
State     2 alpha_ZZ    0.000000000000D+00
State     2 alpha_MS    0.632179333343D-03
State     3 alpha_XX    0.992582196251D-01
State     3 alpha_YY    0.000000000000D+00
State     3 alpha_ZZ    0.000000000000D+00
State     3 alpha_MS    0.330860732084D-01
State     4 alpha_XX   -0.189653800003D-02
State     4 alpha_YY    0.000000000000D+00
State     4 alpha_ZZ    0.000000000000D+00
State     4 alpha_MS   -0.632179333343D-03
State     5 alpha_XX   -0.992582196251D-01
State     5 alpha_YY   -0.619534365684D+00
State     5 alpha_ZZ   -0.107313344626D-16
State     5 alpha_MS   -0.239597528436D+00

     END OF FILE ON READ. NO MORE INPUT
