
 Primary working directories    : /tmp/slurm.6857823
 Secondary working directories  : /tmp/slurm.6857823
 Wavefunction directory         : /home/houfek/wfu/
 Main file repository           : /tmp/slurm.6857823/

 SHA1      : 2c68d29c09da70e1723824271fadde4bcd5f07a0
 ARCHNAME  : Linux/x86_64
 FC        : /opt/intel/oneapi/compiler/2022.0.2/linux/bin/intel64/ifort
 FCVERSION : 2021.5.0
 BLASLIB   : -L/opt/intel/oneapi/mkl/2022.0.2/lib/intel64 -lmkl_intel_ilp64 -lmkl_sequential -lmkl_core
 id        : houfek

 Nodes                          nprocs
 utf-asus3.hpc.troja.mff.cuni.cz    1

 Using customized tuning parameters: mindgm=1; mindgv=20; mindgc=4; mindgr=1; noblas=0; minvec=7
 default implementation of scratch files=df  

 ***,H2O with cc-pVDZ basis
 Gprint,basis;                                                                   ! Print basis information
 Gprint,civector;                                                                ! Print CI vector in MCSCF
 Gprint,orbital;                                                                 ! Print orbitals in SCF and MCSCF
 
 SYMMETRY,X
 basis={
                                                                                 ! OXYGEN       (9s,4p,1d) -&gt; [3s,2p,1d]
                                                                                 ! OXYGEN       (9s,4p,1d) -&gt; [3s,2p,1d]
 s, O, 11720.0000000, 1759.0000000, 400.8000000, 113.7000000, 37.0300000, 13.2700000, 5.0250000, 1.0130000, 0.3023000
 c, 1.8, 0.0007100, 0.0054700, 0.0278370, 0.1048000, 0.2830620, 0.4487190, 0.2709520, 0.0154580
 c, 1.8, -0.0001600, -0.0012630, -0.0062670, -0.0257160, -0.0709240, -0.1654110, -0.1169550, 0.5573680
 c, 9.9, 1
 p, O, 17.7000000, 3.8540000, 1.0460000, 0.2753000
 c, 1.3, 0.0430180, 0.2289130, 0.5087280
 c, 4.4, 1
 d, O, 1.1850000
 c, 1.1, 1
                                                                    !  cc-pVDZ  EMSL  Basis Set Exchange Library   5/27/13 12:10 PM
                                                                                 ! Elements                             References
                                                                        ! H     : T.H. Dunning, Jr. J. Chem. Phys. 90, 1007 (1989).
                                                         ! He    : D.E. Woon and T.H. Dunning, Jr. J. Chem. Phys. 100, 2975 (1994).
                                                                       ! Li - Ne: T.H. Dunning, Jr. J. Chem. Phys. 90, 1007 (1989).
                                                                      ! Na - Mg: D.E. Woon and T.H. Dunning, Jr.  (to be published)
                                                        ! Al - Ar: D.E. Woon and T.H. Dunning, Jr.  J. Chem. Phys. 98, 1358 (1993).
                                                    ! Sc - Zn: N.B. Balabanov and K.A. Peterson, J. Chem. Phys. 123, 064107 (2005),
                                                              ! N.B. Balabanov and K.A. Peterson, J. Chem. Phys. 125, 074110 (2006)
                                                         ! Ca     : J. Koput and K.A. Peterson, J. Phys. Chem. A, 106, 9595 (2002).
                                                                                 !
                                                                                 !
                                                                                 ! HYDROGEN       (4s,1p) -&gt; [2s,1p]
                                                                                 ! HYDROGEN       (4s,1p) -&gt; [2s,1p]
 s, H, 13.0100000, 1.9620000, 0.4446000, 0.1220000
 c, 1.3, 0.0196850, 0.1379770, 0.4781480
 c, 4.4, 1
 p, H, 0.7270000
 c, 1.1, 1
 
 }
 geometry={
 O,,   0.000000000,   0.000000000,   0.124011422
 H,,   0.000000000,   1.430954704,  -0.984351621
 H,,   0.000000000,  -1.430954704,  -0.984351621
 }
 
 method = 'HF'                                                                   ! set to HF or CASSCF in scripts
 
 IF (method.eq.'HF') THEN
 
 {hf;
 wf,nelec=10;
 orbprint,1000;
 }
 
 ELSE
 
 {hf;
 wf,nelec=10;
 orbprint,-1;
 }
 
                                                   ! First CASSCF run only for target states for which orbitals should be optimised
 {multi;
 closed,1,0;
 occ,4,1;
 wf,nelec=10,sym=1,spin=0; state,1;
 natorb,print=1000;
 }
 
                                                           ! Second CASSCF run for all target states without orbital optimalisation
                                                                                 !{multi;
                                                                                 !closed,1,0;
                                                                                 !occ,4,1;
                                                                                 !wf,nelec=10,sym=1,spin=0; state,1;
                                                                                 !dont,orbital;
                                                                                 !dm;
                                                                                 !}
 
                                                                                 ! Saving density matrix for radden
                                                                                 !{matrop;
                                                                                 !load,dm,den,2140.2;
                                                                                 !write,dm;}!save,dm,2140.2,DENSITY;}
 
 ENDIF
 
 put,molden,H2O.molden;

 Variables initialized (766), CPU time= 0.00 sec
 Commands  initialized (545), CPU time= 0.01 sec, 513 directives.
 Default parameters read. Elapsed time= 0.11 sec

 Checking input...
 Passed
1


                                         ***  PROGRAM SYSTEM MOLPRO  ***
                         Copyright, University College Cardiff Consultants Limited, 2008

                                    Version 2012.1 linked 4 Jan 2023 19:06:47 


 **********************************************************************************************************************************
 LABEL *   H2O with cc-pVDZ basis                                                        
 Linux-4.18.0-372.26.1.el8_6.x86_64/utf-asus3.hpc.troja.mff.cuni.cz(x86_64) (4 PROC) 64 bDATE: 16-Apr-23          TIME: 15:29:13  
 **********************************************************************************************************************************

 SHA1:             2c68d29c09da70e1723824271fadde4bcd5f07a0
 **********************************************************************************************************************************




 Variable memory set to    8000000 words,  buffer space   230000 words

 SETTING BASIS          =    USERDEF
 ZSYMEL=X  
 
 SETTING METHOD         =    HF


 Recomputing integrals since basis changed


 Using spherical harmonics


1PROGRAM * SEWARD (Integral evaluation for generally contracted gaussian basis sets)     Author: Roland Lindh, 1990

 Geometry written to block  1 of record 700


 Point group  Cs  



 ATOMIC COORDINATES

 NR  ATOM    CHARGE       X              Y              Z

   1  O       8.00    0.000000000    0.000000000    0.124011422
   2  H       1.00    0.000000000    1.430954704   -0.984351621
   3  H       1.00    0.000000000   -1.430954704   -0.984351621

 Bond lengths in Bohr (Angstrom)

 1-2  1.810000000  1-3  1.810000000
     ( 0.957810748)     ( 0.957810748)

 Bond angles

  2-1-3  104.47999996


 BASIS DATA

   Nr Sym  Nuc  Type         Exponents   Contraction coefficients

   1.1 A'    1  1s        11720.000000     0.000710   -0.000160
   2.1 A'                  1759.000000     0.005470   -0.001263
                            400.800000     0.027837   -0.006267
                            113.700000     0.104800   -0.025716
                             37.030000     0.283062   -0.070924
                             13.270000     0.448719   -0.165411
                              5.025000     0.270952   -0.116955
                              1.013000     0.015458    0.557368
   3.1 A'    1  1s            0.302300     1.000000
   4.1 A'    1  2py          17.700000     0.043018
                              3.854000     0.228913
                              1.046000     0.508728
   5.1 A'    1  2pz          17.700000     0.043018
                              3.854000     0.228913
                              1.046000     0.508728
   6.1 A'    1  2py           0.275300     1.000000
   7.1 A'    1  2pz           0.275300     1.000000
   8.1 A'    1  3d0           1.185000     1.000000
   9.1 A'    1  3d2+          1.185000     1.000000
  10.1 A'    1  3d1-          1.185000     1.000000
  11.1 A'    2  1s           13.010000     0.019685
                              1.962000     0.137977
                              0.444600     0.478148
  12.1 A'    2  1s            0.122000     1.000000
  13.1 A'    2  2py           0.727000     1.000000
  14.1 A'    2  2pz           0.727000     1.000000
  15.1 A'    3  1s           13.010000     0.019685
                              1.962000     0.137977
                              0.444600     0.478148
  16.1 A'    3  1s            0.122000     1.000000
  17.1 A'    3  2py           0.727000     1.000000
  18.1 A'    3  2pz           0.727000     1.000000
   1.2 A"    1  2px          17.700000     0.043018
                              3.854000     0.228913
                              1.046000     0.508728
   2.2 A"    1  2px           0.275300     1.000000
   3.2 A"    1  3d2-          1.185000     1.000000
   4.2 A"    1  3d1+          1.185000     1.000000
   5.2 A"    2  2px           0.727000     1.000000
   6.2 A"    3  2px           0.727000     1.000000

 NUCLEAR CHARGE:                   10
 NUMBER OF PRIMITIVE AOS:          41
 NUMBER OF SYMMETRY AOS:           40
 NUMBER OF CONTRACTIONS:           24   (  18A'  +   6A"  )
 NUMBER OF CORE ORBITALS:           1   (   1A'  +   0A"  )
 NUMBER OF VALENCE ORBITALS:        6   (   5A'  +   1A"  )


 NUCLEAR REPULSION ENERGY    9.18919608


 Eigenvalues of metric

         1 0.342E-01 0.736E-01 0.165E+00 0.184E+00 0.290E+00 0.328E+00 0.412E+00 0.592E+00
         2 0.358E+00 0.618E+00 0.659E+00 0.109E+01 0.133E+01 0.194E+01


 Contracted 2-electron integrals neglected if value below      1.0D-11
 AO integral compression algorithm  1   Integral accuracy      1.0D-11

     0.262 MB (compressed) written to integral file (100.0%)


 NUMBER OF SORTED TWO-ELECTRON INTEGRALS:      25710.     BUFFER LENGTH:  32768
 NUMBER OF SEGMENTS:   1  SEGMENT LENGTH:      25710      RECORD LENGTH: 524288

 Memory used in sort:       0.58 MW

 SORT1 READ       31790. AND WROTE       22725. INTEGRALS IN      1 RECORDS. CPU TIME:     0.00 SEC, REAL TIME:     0.01 SEC
 SORT2 READ       22725. AND WROTE       25710. INTEGRALS IN      1 RECORDS. CPU TIME:     0.01 SEC, REAL TIME:     0.00 SEC

 FILE SIZES:   FILE 1:     7.8 MBYTE,  FILE 4:     4.2 MBYTE,   TOTAL:     12.0 MBYTE

 OPERATOR DM      FOR CENTER  0  COORDINATES:    0.000000    0.000000    0.000000


 **********************************************************************************************************************************
 DATASETS  * FILE   NREC   LENGTH (MB)   RECORD NAMES
              1      19        7.67       500      610      700      900      950      970     1000      129      960     1100   
                                          VAR    BASINP    GEOM    SYMINP    ZMAT    AOBASIS   BASIS     P2S    ABASIS      S 
                                         1400     1410     1200     1210     1080     1600     1650     1300     1700   
                                           T        V       H0       H01     AOSYM     SMH    MOLCAS    ERIS     OPER   

 PROGRAMS   *        TOTAL       INT
 CPU TIMES  *         0.09      0.02
 REAL TIME  *         0.22 SEC
 DISK USED  *        12.29 MB      
 **********************************************************************************************************************************

1PROGRAM * RHF-SCF (CLOSED SHELL)       Authors: W. Meyer, H.-J. Werner


 NUMBER OF ELECTRONS:       5+    5-
 CONVERGENCE THRESHOLDS:    1.00E-05 (Density)    1.00E-07 (Energy)
 MAX. NUMBER OF ITERATIONS:       60
 INTERPOLATION TYPE:            DIIS
 INTERPOLATION STEPS:              2 (START)      1 (STEP)
 LEVEL SHIFTS:                  0.00 (CLOSED)  0.00 (OPEN) 




   Atom=O  basis=cc-pVTZ           lmin=0  lmax=1
   Atom=H  basis=cc-pVTZ           lmin=0  lmax=1

 Orbital guess generated from atomic densities. Full valence occupancy:    6   1

 Molecular orbital dump at record        2100.2

 Initial alpha occupancy:   4   1
 Initial beta  occupancy:   4   1
 Wave function symmetry:    1

 ITERATION    DDIFF          GRAD             ENERGY        2-EL.EN.            DIPOLE MOMENTS         DIIS   ORB.
    1      0.000D+00      0.000D+00       -75.98768905     77.913146    0.00000   -0.00000   -1.14449    0    start
    2      0.000D+00      0.278D-01       -76.01780777     74.592463    0.00000   -0.00000   -0.75103    1    diag
    3      0.248D-01      0.146D-01       -76.02653827     75.932391    0.00000   -0.00000   -0.82582    2    diag
    4      0.854D-02      0.161D-02       -76.02675263     75.838144    0.00000   -0.00000   -0.81384    3    diag
    5      0.142D-02      0.429D-03       -76.02676978     75.849802    0.00000    0.00000   -0.81021    4    diag
    6      0.468D-03      0.675D-04       -76.02677033     75.849755    0.00000   -0.00000   -0.80957    5    diag
    7      0.945D-04      0.979D-05       -76.02677034     75.849697    0.00000   -0.00000   -0.80945    6    diag
    8      0.165D-04      0.825D-06       -76.02677034     75.849689    0.00000    0.00000   -0.80944    7    diag
    9      0.104D-05      0.955D-07       -76.02677034     75.849686    0.00000   -0.00000   -0.80944    0    orth

 Final occupancy:   4   1

 !RHF STATE 1.1 Energy                -76.026770342114
 Nuclear energy                         9.18919608
 One-electron energy                 -123.14080966
 Two-electron energy                   37.92484325
 Virial quotient                       -1.00052865
 !RHF STATE 1.1 Dipole moment           0.00000000    -0.00000000    -0.80944045
 Dipole moment /Debye                   0.00000000    -0.00000000    -2.05725766

 ELECTRON ORBITALS
 =================


   Orb  Occ    Energy  Couls-En    Coefficients

                                   1 1s      1 1s      1 1s      1 2py     1 2pz     1 2py     1 2pz     1 3d0     1 3d2+    1 3d1- 
                                   2 1s      2 1s      2 2py     2 2pz     3 1s      3 1s      3 2py     3 2pz  

   1.1   2   -20.5505  -53.5780  1.000899  0.001172 -0.002669  0.000000 -0.001762  0.000000  0.000486  0.000011 -0.000137 -0.000000
                                -0.000239  0.000421  0.000570 -0.000481 -0.000239  0.000421 -0.000570 -0.000481

   2.1   2    -1.3364   -9.1883 -0.008193  0.442940  0.376069 -0.000000 -0.078756  0.000000  0.013021  0.001245 -0.003007 -0.000000
                                 0.193395  0.010096 -0.037290  0.020479  0.193395  0.010096  0.037290  0.020479

   3.1   2    -0.6989   -7.3754  0.000000  0.000000 -0.000000  0.489921  0.000000  0.222079  0.000000  0.000000  0.000000 -0.026794
                                 0.327863  0.089899 -0.023310  0.032665 -0.327863 -0.089899 -0.023310 -0.032665

   4.1   2    -0.5665   -7.4837 -0.002166  0.150392  0.349723  0.000000  0.545398 -0.000000  0.365307 -0.017871  0.004594  0.000000
                                -0.206441 -0.040424  0.031763  0.007516 -0.206441 -0.040424 -0.031763  0.007516

   5.1   0     0.1855   -3.1698  0.052052 -0.072598 -1.002176  0.000000  0.190718  0.000000  0.337250 -0.007536  0.009958 -0.000000
                                 0.059023  0.829060 -0.017514  0.016310  0.059023  0.829060  0.017514  0.016310

   6.1   0     0.2562   -2.8878 -0.000000 -0.000000 -0.000000 -0.283333  0.000000 -0.670950  0.000000  0.000000 -0.000000  0.021223
                                 0.026083  1.443591 -0.020798  0.017116 -0.026083 -1.443591 -0.020798 -0.017116

   7.1   0     0.7888   -3.2887  0.000000 -0.000000 -0.000000 -0.268005  0.000000 -0.460362  0.000000  0.000000 -0.000000 -0.111683
                                 0.944294 -0.686987  0.073861 -0.152701 -0.944294  0.686987  0.073861  0.152701

   8.1   0     0.8540   -3.2165 -0.065286 -0.256031  0.320213  0.000000  0.329428  0.000000 -0.009684  0.000984 -0.106972  0.000000
                                 0.787741 -0.548071  0.295735 -0.059298  0.787741 -0.548071 -0.295735 -0.059298

   9.1   0     1.1636   -3.5716 -0.003229 -0.114923 -0.747747  0.000000 -0.754432  0.000000  1.278593 -0.012826 -0.006758  0.000000
                                 0.546330  0.112941 -0.084119  0.251125  0.546330  0.112941  0.084119  0.251125

  10.1   0     1.2534   -3.0912  0.000000  0.000000 -0.000000 -0.734371  0.000000  1.763633 -0.000000 -0.000000 -0.000000 -0.044480
                                -0.379038 -0.824781  0.302650 -0.186634  0.379038  0.824781  0.302650  0.186634

  11.1   0     1.4444   -2.1231  0.201742  0.528726 -0.504994  0.000000  0.132660 -0.000000 -0.740437 -0.117326 -0.004834  0.000000
                                -0.333733  0.209204  0.329909  0.545107 -0.333733  0.209204 -0.329909  0.545107

  12.1   0     1.8673   -2.1691 -0.724637 -1.593583  3.033936 -0.000000 -0.109287 -0.000000 -0.967827 -0.114128  0.108181 -0.000000
                                -0.828075 -0.387913  0.372824  0.022922 -0.828075 -0.387913 -0.372824  0.022922

  13.1   0     1.9345   -0.6960  0.000000  0.000000 -0.000000  0.010303  0.000000 -0.901072  0.000000  0.000000 -0.000000 -0.029361
                                 0.387404  0.091473  0.471556  0.693242 -0.387404 -0.091473  0.471556 -0.693242

  14.1   0     2.4515   -1.1560 -0.000000 -0.000000  0.000000  0.838640  0.000000  0.152318 -0.000000 -0.000000  0.000000  0.138343
                                -0.294645 -0.330068  0.724283 -0.554776  0.294645  0.330068  0.724283  0.554776

  15.1   0     2.4891   -1.1677  0.277408  0.727379  0.793567  0.000000 -0.669275  0.000000 -0.180052 -0.053043  0.217224  0.000000
                                -0.478361 -0.159023  0.744374 -0.537057 -0.478361 -0.159023 -0.744374 -0.537057

  16.1   0     3.5100    0.1159 -0.084188 -0.154172  0.557905  0.000000 -0.018954 -0.000000 -0.537583  1.084328  0.176203  0.000000
                                -0.306103 -0.037800  0.352366  0.315020 -0.306103 -0.037800 -0.352366  0.315020

  17.1   0     3.8650    0.8396  0.143382  0.177092 -2.267768  0.000000  0.404322  0.000000  0.921828 -0.135667  1.159555 -0.000000
                                 1.237265  0.191742 -0.620468  0.493095  1.237265  0.191742  0.620468  0.493095

  18.1   0     4.1471    1.2764  0.000000  0.000000 -0.000000 -0.468091  0.000000 -1.143819  0.000000 -0.000000  0.000000  1.325389
                                 1.085290  0.288444 -0.605671  0.493763 -1.085290 -0.288444 -0.605671 -0.493763

                                   1 2px     1 2px     1 3d2-    1 3d1+    2 2px     3 2px  

   1.2   2    -0.4931   -7.5906  0.631192  0.495671 -0.000000 -0.018201  0.031060  0.031060

   2.2   0     1.2004   -4.1349 -0.967827  1.024796  0.000000  0.003487  0.008625  0.008625

   3.2   0     1.4762   -1.9271  0.000000  0.000000  0.131347  0.000000  0.685589 -0.685589

   4.2   0     1.6744   -1.4792 -0.019306 -0.633928  0.000000 -0.160810  0.766964  0.766964

   5.2   0     3.2853   -0.3795  0.011689 -0.311415  0.000000  1.042706  0.398119  0.398119

   6.2   0     3.3382   -0.3071 -0.000000  0.000000  1.066038 -0.000000 -0.371173  0.371173

 HOMO      1.2    -0.493118 =     -13.4184eV
 LUMO      5.1     0.185468 =       5.0468eV
 LUMO-HOMO         0.678586 =      18.4653eV


 **********************************************************************************************************************************
 DATASETS  * FILE   NREC   LENGTH (MB)   RECORD NAMES
              1      19        7.67       500      610      700      900      950      970     1000      129      960     1100   
                                          VAR    BASINP    GEOM    SYMINP    ZMAT    AOBASIS   BASIS     P2S    ABASIS      S 
                                         1400     1410     1200     1210     1080     1600     1650     1300     1700   
                                           T        V       H0       H01     AOSYM     SMH    MOLCAS    ERIS     OPER   

              2       4        0.30       700     1000      520     2100   
                                         GEOM     BASIS   MCVARS     RHF  

 PROGRAMS   *        TOTAL        HF       INT
 CPU TIMES  *         0.13      0.04      0.02
 REAL TIME  *         0.25 SEC
 DISK USED  *        12.29 MB      
 **********************************************************************************************************************************

 Dump information in style MOLDEN to h2o.molden                                                                      

 Molecular orbitals read from record     2100.2  Type=RHF/CANONICAL (state 1.1)
 Occupation numbers read from record     2100.2  Type=RHF/RHF (state 1.1)
 Orbital energies read from record       2100.2  Type=RHF/CANONICAL (state 1.1)
 Redundancy group numbers read from rec  2100.2  Type=RHF/RHF (state 1.1)
 
 DUMP ORBITAL  1.1 AS ORBITAL    1  occ=    2.0000  eig=  -20.5505  GROUP=   2
 DUMP ORBITAL  2.1 AS ORBITAL    2  occ=    2.0000  eig=   -1.3364  GROUP=   2
 DUMP ORBITAL  3.1 AS ORBITAL    3  occ=    2.0000  eig=   -0.6989  GROUP=   2
 DUMP ORBITAL  4.1 AS ORBITAL    4  occ=    2.0000  eig=   -0.5665  GROUP=   2
 DUMP ORBITAL  1.2 AS ORBITAL    5  occ=    2.0000  eig=   -0.4931  GROUP=   2

 Total charge:      10.000000

 **********************************************************************************************************************************

        HF-SCF  
    -76.02677034
 **********************************************************************************************************************************
 Variable memory released
