
Geometry #1:
===========

Target calculations:

We have to run MOLPRO twice, first for HF only, then CASSCF...
Running molpro ...
Reading molpro output ...
Looking for ELECTRON ORBITALS in MOLPRO output...
  Total number of orbitals for each symmetry: 18, 6
  Occupancy from the Molpro output: 4, 1
  Hartree-Fock energy = -76.026770342114
  Found ELECTRON ORBITALS...
  Energies of the first 10 molecular orbitals: in X.Y  X stands for IR and Y counts MOs
    1.1    -20.5505
    1.2    -1.3364
    1.3    -0.6989
    1.4    -0.5665
    2.1    -0.4931
    1.5    0.1855
    1.6    0.2562
    1.7    0.7888
    1.8    0.8540
    1.9    1.1636
    2.2    1.2004
  Frozen orbitals: 1,0
  Active orbitals: 3,1
  Target  orbitals: 4,1
  Virtual orbitals: 5,0
  Used    orbitals: 9,1
  Reference orbitals: 9,1
 ... done.
Running molpro ...
Reading molpro output ...
Looking for ELECTRON ORBITALS in MOLPRO output...
  Total number of orbitals for each symmetry: 18, 6
  Occupancy from the Molpro output: 4, 1
  Hartree-Fock energy = -76.026770342114
  Found ELECTRON ORBITALS...
  Energies of the first 10 molecular orbitals: in X.Y  X stands for IR and Y counts MOs
    1.1    -20.5505
    1.2    -1.3364
    1.3    -0.6989
    1.4    -0.5665
    2.1    -0.4931
    1.5    0.1855
    1.6    0.2562
    1.7    0.7888
    1.8    0.8540
    1.9    1.1636
    2.2    1.2004
  Frozen orbitals: 1,0
  Active orbitals: 3,1
  Target  orbitals: 4,1
  Virtual orbitals: 5,0
  Used    orbitals: 9,1
  Reference orbitals: 9,1
 ... done.
Running scatci_integrals ...
Running command "mv log_file.0 outputs/target.scatci_integrals.out" ...
Running command "rm inp" ...
Reading scatci_integrals output ...
Final number of orbitals for target: 9, 1, 
Final number of orbitals for PCOs: 0, 0, 
Final number of orbitals for TGT+PCOs: 9, 1, 
Final number of orbitals for continuum: 87, 56, 
Number of molecular orbitals in each irreducible representation: 96, 57, 
  Cont used orbitals: 87,56
  All  used orbitals: 96,57
 ... done.

Searching for reference orbitals for singlet Ap state.
Putting 10 electrons into (9,1) orbitals
Reference orbitals found:
0,1,10,0,0

Running congen for singlet Ap ...
Reading congen output ...
  Total number of CSF's generated is 1
.
 ... done.
Running scatci for singlet Ap ...
Reading scatci output ...
:
  1.0.1 -> -76.0267703423
 ... done.
Running denprop ...
Reading denprop output ...
  Target states:
    No. 1 - Singlet(1)  A'(0)  -0.760267703423D+02
  Dipole moment (in a.u.) of the ground state:
   z component: 0.8094404523
   x component: 0.0000000000
   y component: 0.0000000000
 ... done.
Running command "cp fort.24 prop.out" ...

Scattering calculations with SEP model:


Searching for reference orbitals for doublet Ap state.
Putting 11 electrons into (9,1) orbitals
Reference orbitals found:
0,1,11,0,0

Running congen for doublet Ap ...
Reading congen output ...
  Total number of CSF's generated is 151
.
 ... done.
Running scatci for doublet Ap ...
Reading scatci output ...
, printing first 10 energies:
  2.0.1 -> -76.0174093681
  2.0.2 -> -75.9885252666
  2.0.3 -> -75.9871704632
  2.0.4 -> -75.9531030481
  2.0.5 -> -75.9507601597
  2.0.6 -> -75.9503699286
  2.0.7 -> -75.9056757350
  2.0.8 -> -75.9041295285
  2.0.9 -> -75.9035213912
  2.0.10 -> -75.9018388861
LCONT = 0
 ... done.
Running swinterf for doublet Ap ...
Running rsolve for doublet Ap ...
Running eigenp for doublet Ap ...
Running tmatrx for doublet Ap ...
Running ixsecs for doublet Ap ...
Running command "cp fort.1020 ../eigenph.doublet.Ap" ...
Running command "cp fort.1220 ../xsec.doublet.Ap" ...

Searching for reference orbitals for doublet App state.
Putting 11 electrons into (9,1) orbitals
Reference orbitals found:
0,1,10,0,0, 1,1,1,0,0

Running congen for doublet App ...
Reading congen output ...
  Total number of CSF's generated is 63
.
 ... done.
Running scatci for doublet App ...
Reading scatci output ...
, printing first 10 energies:
  2.1.1 -> -75.9923939945
  2.1.2 -> -75.9528451271
  2.1.3 -> -75.9524664974
  2.1.4 -> -75.9041723292
  2.1.5 -> -75.9030719395
  2.1.6 -> -75.9030512167
  2.1.7 -> -75.8468763895
  2.1.8 -> -75.8436687020
  2.1.9 -> -75.8431951430
  2.1.10 -> -75.8423710387
LCONT = 0
 ... done.
Running swinterf for doublet App ...
Running rsolve for doublet App ...
Running eigenp for doublet App ...
Running tmatrx for doublet App ...
Running ixsecs for doublet App ...
Running command "cp fort.1021 ../eigenph.doublet.App" ...
Running command "cp fort.1221 ../xsec.doublet.App" ...
