Current working directory: /home/houfek/ukrmol-scripts/examples/H2O-positron

Running UK R-matrix codes for e + H2O
Target charge q = 0
  the continuum basis swmol3.continuum.q0.r10.L6 will be loaded.

Output in /home/houfek/ukrmol-scripts/examples/H2O-positron/my_output/H2O/cc-pVDZ.SEP.e+.1frozen.4active.5virtual.1states.r10.Cs.equilibrium

Symmetry Cs with 2 IRs for all geometries.

Checking user settings given in model.pl ...
  ... done.
Number of geometries to run: 1

Starting main loop over geometries.
Logging continues into files corresponding to each geometry.

Start of collecting data for all geometries ...
Skipping running scatci.
Reading scatci output ...
:
  1.0.1 -> -76.0267703423
 ... done.
Skipping running scatci.
Reading scatci output ...
, printing first 10 energies:
  2.0.1 -> -76.0174093681
  2.0.2 -> -75.9885252666
  2.0.3 -> -75.9871704632
  2.0.4 -> -75.9531030481
  2.0.5 -> -75.9507601597
  2.0.6 -> -75.9503699286
  2.0.7 -> -75.9056757350
  2.0.8 -> -75.9041295285
  2.0.9 -> -75.9035213912
  2.0.10 -> -75.9018388861
LCONT = 0
 ... done.
Skipping running scatci.
Reading scatci output ...
, printing first 10 energies:
  2.1.1 -> -75.9923939945
  2.1.2 -> -75.9528451271
  2.1.3 -> -75.9524664974
  2.1.4 -> -75.9041723292
  2.1.5 -> -75.9030719395
  2.1.6 -> -75.9030512167
  2.1.7 -> -75.8468763895
  2.1.8 -> -75.8436687020
  2.1.9 -> -75.8431951430
  2.1.10 -> -75.8423710387
LCONT = 0
 ... done.
