6  1    48  3   5    39  0   0.113194823247D-03  0.603105765917D-04  0.393465855447D-04
8  1 O   8   15.9949        0.0000000000        0.0000000000        0.1301777360
8  2 H   1    1.0078        0.0000000000        1.5021071480       -1.0332972809
8  3 H   1    1.0078        0.0000000000       -1.5021071480       -1.0332972809
5  1  0  0  0  1  0  0 -0.761074279830D+02  State No.   1 Singlet     A'        
5  2  0  0  1  3  0  0 -0.754951661596D+02  State No.   2 Triplet     A"        
5  3  0  0  1  1  0  0 -0.754603809136D+02  State No.   3 Singlet     A"        
5  4  0  0  0  3  0  0 -0.754307320415D+02  State No.   4 Triplet     A'        
5  5  0  0  0  1  0  0 -0.752923882571D+02  State No.   5 Singlet     A'        
1  1  0  1  0  4  1 -1  0.539695488300D-08
1  1  0  1  0  4  1  0  0.741858948806D+00
1  1  0  1  0  4  2 -1 -0.215555666649D-07
1  1  0  1  0  4  2  0  0.109327889224D+00
1  1  0  1  0  4  2  2  0.206112783080D+01
1  5  0  1  0  4  1 -1  0.507683157755D+00
1  5  0  1  0  4  1  0 -0.135539494538D-08
1  5  0  1  0  4  2 -1 -0.779150312521D+00
1  5  0  1  0  4  2  0 -0.400696500279D-07
1  5  0  1  0  4  2  2 -0.436286663717D-07
1  5  0  5  0  4  1 -1 -0.142469140041D-06
1  5  0  5  0  4  1  0  0.206773077197D+00
1  5  0  5  0  4  2 -1  0.380588140558D-06
1  5  0  5  0  4  2  0 -0.855123414365D+00
1  5  0  5  0  4  2  2  0.968775895296D+00
1  4  0  4  0  4  1 -1  0.446644579100D-07
1  4  0  4  0  4  1  0  0.171496798528D+00
1  4  0  4  0  4  2 -1 -0.776852249196D-07
1  4  0  4  0  4  2  0  0.241326429934D-04
1  4  0  4  0  4  2  2  0.147287212009D+01
1  3  1  1  0  4  1  1  0.742345283628D-09
1  3  1  1  0  4  2 -2  0.387267436432D+00
1  3  1  1  0  4  2  1  0.145483591607D-07
1  3  1  5  0  4  1  1  0.946752426462D-01
1  3  1  5  0  4  2 -2 -0.484375885436D-07
1  3  1  5  0  4  2  1  0.768680009079D+00
1  3  1  3  1  4  1 -1 -0.492022620424D-07
1  3  1  3  1  4  1  0  0.226281840412D+00
1  3  1  3  1  4  2 -1  0.951561651696D-07
1  3  1  3  1  4  2  0  0.379467717650D+00
1  3  1  3  1  4  2  2 -0.216639132023D-01
1  2  1  4  0  4  1  1  0.400428658226D-08
1  2  1  4  0  4  2 -2 -0.393800630168D+00
1  2  1  4  0  4  2  1 -0.177502321676D-06
1  2  1  2  1  4  1 -1 -0.503981992361D-06
1  2  1  2  1  4  1  0  0.195403637121D+00
1  2  1  2  1  4  2 -1  0.108041093361D-05
1  2  1  2  1  4  2  0  0.354081069419D+00
1  2  1  2  1  4  2  2 -0.878761220426D-01
