6  1    48  3   5    39  0   0.102158328005D-03  0.544302953699D-04  0.355102934553D-04
8  1 O   8   15.9949        0.0000000000        0.0000000000        0.1370291951
8  2 H   1    1.0078        0.0000000000        1.5811654190       -1.0876813489
8  3 H   1    1.0078        0.0000000000       -1.5811654190       -1.0876813489
5  1  0  0  0  1  0  0 -0.760969731990D+02  State No.   1 Singlet     A'        
5  2  0  0  1  3  0  0 -0.755666161635D+02  State No.   2 Triplet     A"        
5  3  0  0  1  1  0  0 -0.755259921979D+02  State No.   3 Singlet     A"        
5  4  0  0  0  3  0  0 -0.755125584059D+02  State No.   4 Triplet     A'        
5  5  0  0  0  1  0  0 -0.753679222327D+02  State No.   5 Singlet     A'        
1  1  0  1  0  4  1 -1 -0.209424122488D-08
1  1  0  1  0  4  1  0  0.741011926796D+00
1  1  0  1  0  4  2 -1  0.677520395342D-08
1  1  0  1  0  4  2  0  0.109419368305D+00
1  1  0  1  0  4  2  2  0.218070078383D+01
1  5  0  1  0  4  1 -1 -0.475222120675D+00
1  5  0  1  0  4  1  0  0.197783843623D-08
1  5  0  1  0  4  2 -1  0.710648362201D+00
1  5  0  1  0  4  2  0 -0.933572975233D-08
1  5  0  1  0  4  2  2 -0.773804379567D-08
1  5  0  5  0  4  1 -1  0.367031509629D-07
1  5  0  5  0  4  1  0  0.221263129905D+00
1  5  0  5  0  4  2 -1 -0.102377971434D-06
1  5  0  5  0  4  2  0 -0.771901547343D+00
1  5  0  5  0  4  2  2  0.111249107713D+01
1  4  0  4  0  4  1 -1 -0.239589681428D-09
1  4  0  4  0  4  1  0  0.170722372190D+00
1  4  0  4  0  4  2 -1  0.383824305672D-08
1  4  0  4  0  4  2  0 -0.431909905320D-01
1  4  0  4  0  4  2  2  0.152257831194D+01
1  3  1  1  0  4  1  1 -0.747907724759D-09
1  3  1  1  0  4  2 -2 -0.339482178438D+00
1  3  1  1  0  4  2  1  0.795041795050D-08
1  3  1  5  0  4  1  1  0.885712801137D-01
1  3  1  5  0  4  2 -2  0.152472302357D-07
1  3  1  5  0  4  2  1  0.755274005999D+00
1  3  1  3  1  4  1 -1  0.336206622542D-07
1  3  1  3  1  4  1  0  0.222795735638D+00
1  3  1  3  1  4  2 -1 -0.740307535274D-07
1  3  1  3  1  4  2  0  0.389572924408D+00
1  3  1  3  1  4  2  2  0.458242765701D-01
1  2  1  4  0  4  1  1  0.715969941704D-02
1  2  1  4  0  4  2 -2  0.116326028574D-07
1  2  1  4  0  4  2  1 -0.649634758658D+00
1  2  1  2  1  4  1 -1  0.492505967120D-07
1  2  1  2  1  4  1  0 -0.111072299321D+00
1  2  1  2  1  4  2 -1 -0.109134783433D-06
1  2  1  2  1  4  2  0  0.110756411222D+01
1  2  1  2  1  4  2  2  0.473747009024D+00
