6  1    48  3   5    39  0   0.126121392534D-03  0.671978955291D-04  0.438398684601D-04
8  1 O   8   15.9949        0.0000000000        0.0000000000        0.1233262759
8  2 H   1    1.0078        0.0000000000        1.4230488770       -0.9789132139
8  3 H   1    1.0078        0.0000000000       -1.4230488770       -0.9789132139
5  1  0  0  0  1  0  0 -0.761102871106D+02  State No.   1 Singlet     A'        
5  2  0  0  1  3  0  0 -0.754127125521D+02  State No.   2 Triplet     A"        
5  3  0  0  1  1  0  0 -0.753769637784D+02  State No.   3 Singlet     A"        
5  4  0  0  0  3  0  0 -0.753283615603D+02  State No.   4 Triplet     A'        
5  5  0  0  0  1  0  0 -0.751955487001D+02  State No.   5 Singlet     A'        
1  1  0  1  0  4  1 -1  0.835377478303D-08
1  1  0  1  0  4  1  0  0.738209392879D+00
1  1  0  1  0  4  2 -1 -0.230544539015D-07
1  1  0  1  0  4  2  0  0.105970089995D+00
1  1  0  1  0  4  2  2  0.193466572691D+01
1  5  0  1  0  4  1 -1  0.516293073691D+00
1  5  0  1  0  4  1  0 -0.660921336351D-08
1  5  0  1  0  4  2 -1 -0.818226831428D+00
1  5  0  1  0  4  2  0 -0.477260650876D-07
1  5  0  1  0  4  2  2 -0.541060371888D-07
1  5  0  5  0  4  1 -1 -0.147078950574D-06
1  5  0  5  0  4  1  0  0.196512682217D+00
1  5  0  5  0  4  2 -1  0.389250447430D-06
1  5  0  5  0  4  2  0 -0.911453308947D+00
1  5  0  5  0  4  2  2  0.837540283420D+00
1  4  0  4  0  4  1 -1  0.645118749532D-07
1  4  0  4  0  4  1  0  0.182019323342D+00
1  4  0  4  0  4  2 -1 -0.979974794646D-07
1  4  0  4  0  4  2  0  0.434470557483D-01
1  4  0  4  0  4  2  2  0.141699121112D+01
1  3  1  1  0  4  1  1  0.172106194429D-08
1  3  1  1  0  4  2 -2  0.432274377890D+00
1  3  1  1  0  4  2  1  0.169657291266D-07
1  3  1  5  0  4  1  1  0.959713003068D-01
1  3  1  5  0  4  2 -2 -0.542078785055D-07
1  3  1  5  0  4  2  1  0.773000343889D+00
1  3  1  3  1  4  1 -1 -0.488081919325D-07
1  3  1  3  1  4  1  0  0.229189106723D+00
1  3  1  3  1  4  2 -1  0.934297936794D-07
1  3  1  3  1  4  2  0  0.364592201656D+00
1  3  1  3  1  4  2  2 -0.929864490075D-01
1  2  1  4  0  4  1  1 -0.387129280942D-08
1  2  1  4  0  4  2 -2  0.409177894330D+00
1  2  1  4  0  4  2  1  0.339524279704D-07
1  2  1  2  1  4  1 -1 -0.148881109219D-06
1  2  1  2  1  4  1  0  0.202866779438D+00
1  2  1  2  1  4  2 -1  0.303028982795D-06
1  2  1  2  1  4  2  0  0.342268519823D+00
1  2  1  2  1  4  2  2 -0.148937513738D+00
