6  1    30  5   4    20  1   0.241880529296D-04  0.241879527210D-04  0.241879527210D-04
8  1 C   6   12.0000        0.0000000000        0.0000000000        0.0000000000
8  2 H   1    1.0078        1.1859522469        1.1859522469        1.1859571601
8  3 H   1    1.0078       -1.1859522469       -1.1859522469        1.1859571601
8  4 H   1    1.0078       -1.1859522469        1.1859522469       -1.1859571601
8  5 H   1    1.0078        1.1859522469       -1.1859522469       -1.1859571601
5  1  0  0  1  2  0  0 -0.397708635684D+02  State No.   1 Doublet     B1        
5  2  0  0  2  2  0  0 -0.397708635678D+02  State No.   2 Doublet     B2        
5  3  0  0  3  2  0  0 -0.397708623922D+02  State No.   3 Doublet     A2        
5  4  0  0  0  2  0  0 -0.394096151656D+02  State No.   4 Doublet     A1        
1  4  0  4  0  6  2  0  0.260644949682D-04
1  4  0  4  0  6  2  2 -0.649673754065D-08
1  1  1  4  0  6  1  1 -0.697853365030D+00
1  1  1  4  0  6  2 -1 -0.422214253089D+00
1  1  1  1  1  6  2  0  0.481994402747D+00
1  1  1  1  1  6  2  2 -0.834793122998D+00
1  2  2  4  0  6  1 -1  0.697853350155D+00
1  2  2  4  0  6  2  1  0.422214249270D+00
1  2  2  1  1  6  1  0  0.370074388213D+00
1  2  2  1  1  6  2 -2  0.139030895920D+01
1  2  2  2  2  6  2  0  0.481994401508D+00
1  2  2  2  2  6  2  2  0.834793105351D+00
1  3  3  4  0  6  1  0 -0.697853167187D+00
1  3  3  4  0  6  2 -2 -0.422210338976D+00
1  3  3  1  1  6  1 -1 -0.370073515801D+00
1  3  3  1  1  6  2  1 -0.139031125251D+01
1  3  3  2  2  6  1  1  0.370073526587D+00
1  3  3  2  2  6  2 -1  0.139031125762D+01
1  3  3  3  3  6  2  0 -0.963909916677D+00
1  3  3  3  3  6  2  2 -0.751573603379D-08
