
Geometry #2:
===========

Target calculations:

Running molpro ...
Reading molpro output ...
Looking for NATURAL ORBITALS in MOLPRO output...
  Found NATURAL ORBITALS...
  Occupancy and energy of the first 10 molecular orbitals: in X.Y  X stands for IR and Y counts MOs
    1.1    2.000000    -20.4112
    2.1    1.999532    -0.5067
    1.2    1.999154    -1.2360
    1.3    1.979525    -0.8224
    1.4    1.978347    -0.7081
    1.5    0.022058    0.7932
    1.6    0.021384    0.8065
    1.7    0.000000    0.2935
    1.8    0.000000    0.3275
    1.9    0.000000    0.6313
    1.10    0.000000    0.6731
  Frozen orbitals: 1,0
  Active orbitals: 5,1
  Target  orbitals: 6,1
  Virtual orbitals: 5,0
  Used    orbitals: 11,1
  Reference orbitals: 9,1
 ... done.
Running scatci_integrals ...
Running command "mv log_file.0 outputs/target.scatci_integrals.out" ...
Running command "rm inp" ...
Reading scatci_integrals output ...
Final number of orbitals for target: 11, 1, 
Final number of orbitals for PCOs: 0, 0, 
Final number of orbitals for TGT+PCOs: 11, 1, 
Final number of orbitals for continuum: 87, 56, 
Number of molecular orbitals in each irreducible representation: 98, 57, 
  Cont used orbitals: 87,56
  All  used orbitals: 98,57
 ... done.
Target MAS:
Method: ORMAS
Space 0: [1,0,0,0,0,0,0,0], [2,2], closed
Space 1: [5,1,0,0,0,0,0,0], [8,8], active
L^2 MAS:
Method: ORMAS
Space 0: [1,0,0,0,0,0,0,0], [2,2], closed
Space 1: [5,1,0,0,0,0,0,0], [8,9], active
Space 2: [5,0,0,0,0,0,0,0], [0,1], active

Searching for reference orbitals for singlet Ap state.
Putting 10 electrons into (9,1) orbitals
Reference orbitals found:
0,1,10,0,0

Running congen for singlet Ap ...
Reading congen output ...
  Total number of CSF's generated is 65
.
 ... done.
Running scatci for singlet Ap ...
Reading scatci output ...
:
  1.0.1 -> -76.1102871106
  1.0.2 -> -75.1955487001
 ... done.

Searching for reference orbitals for triplet Ap state.
Putting 10 electrons into (9,1) orbitals
Reference orbitals found:
0,1,9,0,0, 0,6,1,0,0

Running congen for triplet Ap ...
Reading congen output ...
  Total number of CSF's generated is 55
.
 ... done.
Running scatci for triplet Ap ...
Reading scatci output ...
:
  3.0.1 -> -75.3283615603
 ... done.

Searching for reference orbitals for singlet App state.
Putting 10 electrons into (9,1) orbitals
Reference orbitals found:
0,1,9,0,0, 1,1,1,1,0

Running congen for singlet App ...
Reading congen output ...
  Total number of CSF's generated is 40
.
 ... done.
Running scatci for singlet App ...
Reading scatci output ...
:
  1.1.1 -> -75.3769637784
 ... done.

Searching for reference orbitals for triplet App state.
Putting 10 electrons into (9,1) orbitals
Reference orbitals found:
0,1,9,0,0, 1,1,1,0,0

Running congen for triplet App ...
Reading congen output ...
  Total number of CSF's generated is 50
.
 ... done.
Running scatci for triplet App ...
Reading scatci output ...
:
  3.1.1 -> -75.4127125521
 ... done.

MAS Analysis: Comparison of qchem and target states:
  Energy difference = target energy - qchem energy
   ---------------------------------------------------
    State  Spin.Sym  Energy diff.  No. CSFs  No. CSFs
     No.                 (Ha)       (qchem)  (target)
   ---------------------------------------------------
       1      1.0    -2.410019e-10        65        65
       2      3.1    0.000000e+00         0        50
       3      1.1    0.000000e+00         0        40
       4      3.0    0.000000e+00         0        55
       5      1.0    0.000000e+00        65        65
   ---------------------------------------------------
  Max. energy difference: -2.410019e-10 for state 1

Running denprop ...
Reading denprop output ...
  Target states:
    No. 1 - Singlet(1)  A'(0)  -0.761102871106D+02
    No. 2 - Triplet(3)  A"(1)  -0.754127125521D+02
    No. 3 - Singlet(1)  A"(1)  -0.753769637784D+02
    No. 4 - Triplet(3)  A'(0)  -0.753283615603D+02
    No. 5 - Singlet(1)  A'(0)  -0.751955487001D+02
  Dipole moment (in a.u.) of the ground state:
   z component: 0.7382093929
   x component: 0.0000000000
   y component: 0.0000000084
 ... done.
Running command "cp fort.24 prop.out" ...

Scattering calculations with CAS model:


Searching for reference orbitals for doublet Ap state.
Putting 11 electrons into (9,1) orbitals
Reference orbitals found:
0,1,11,0,0

Running congen for doublet Ap ...
Reading congen output ...
  Total number of CSF's generated is 1065
.
 ... done.
Running scatci for doublet Ap ...
Reading scatci output ...
, printing first 10 energies:
  2.0.1 -> -76.0988145999
  2.0.2 -> -76.0747373430
  2.0.3 -> -76.0692802852
  2.0.4 -> -76.0374376692
  2.0.5 -> -76.0370451936
  2.0.6 -> -76.0342220681
  2.0.7 -> -75.9879390410
  2.0.8 -> -75.9878613230
  2.0.9 -> -75.9865627256
  2.0.10 -> -75.9853266509
LCONT = 0
 ... done.
Running swinterf for doublet Ap ...
Running rsolve for doublet Ap ...
Running eigenp for doublet Ap ...
Running tmatrx for doublet Ap ...
Running ixsecs for doublet Ap ...
Running reson for doublet Ap ...
!!!!!!!!!!!!!!!!!!!!!!!!!!!!!!!!!!!!!!!!!!!!!!!!!!!!!!!!!!!!!!!!!!!!!!!!!!!!!!!!
Execution of "/work/utf/ukrmol/ukrmol-in-3.2/build_oneapi_central/bin/reson < /home/houfek/ukrmol-scripts/examples/H2O-electron/my_output/H2O/cc-pVTZ.CAS.e-.1frozen.6active.5virtual.5states.r10.Cs.sym_stretch/geom2/inputs/scattering.reson.doublet.Ap.inp 1> /home/houfek/ukrmol-scripts/examples/H2O-electron/my_output/H2O/cc-pVTZ.CAS.e-.1frozen.6active.5virtual.5states.r10.Cs.sym_stretch/geom2/outputs/scattering.reson.doublet.Ap.out 2> /home/houfek/ukrmol-scripts/examples/H2O-electron/my_output/H2O/cc-pVTZ.CAS.e-.1frozen.6active.5virtual.5states.r10.Cs.sym_stretch/geom2/outputs/scattering.reson.doublet.Ap.err" failed
Error output follows:
--------------------------------------------------------------------------------
 ***ERROR AND WARNING MESSAGE COUNTS FOR RANK:     0
 NUMBER OF WARNING MESSAGES: 0
 NUMBER OF ERROR MESSAGES: 0
 THE MESSAGES CAN BE FOUND INSPECTING THE STDOUT UNIT FOR THIS RANK.
[utf-asus3:524048:0:524048] Caught signal 11 (Segmentation fault: Sent by the kernel at address (nil))
==== backtrace (tid: 524048) ====
 0 0x0000000000012ce0 __funlockfile()  :0
 1 0x000000000015a49f rml::internal::FreeBlock::rightNeig()  /nfs/site/proj/openmp/promo/tbb/oneTBB-20210907/src/tbbmalloc/backend.cpp:228
 2 0x000000000015a49f rml::internal::GuardedSize::tryLock()  /nfs/site/proj/openmp/promo/tbb/oneTBB-20210907/src/tbbmalloc/backend.cpp:176
 3 0x000000000015a49f rml::internal::FreeBlock::trySetLeftUsed()  /nfs/site/proj/openmp/promo/tbb/oneTBB-20210907/src/tbbmalloc/backend.cpp:241
 4 0x000000000015a49f rml::internal::Backend::doCoalesc()  /nfs/site/proj/openmp/promo/tbb/oneTBB-20210907/src/tbbmalloc/backend.cpp:1072
 5 0x000000000015a102 rml::internal::Backend::coalescAndPutList()  /nfs/site/proj/openmp/promo/tbb/oneTBB-20210907/src/tbbmalloc/backend.cpp:1122
 6 0x000000000015bea2 rml::internal::Backend::genericPutBlock()  /nfs/site/proj/openmp/promo/tbb/oneTBB-20210907/src/tbbmalloc/backend.cpp:900
 7 0x000000000015bea2 std::__atomic_base<long>::operator++()  /usr/include/c++/4.8.2/bits/atomic_base.h:388
 8 0x000000000015bea2 rml::internal::BackendSync::blockReleased()  /nfs/site/proj/openmp/promo/tbb/oneTBB-20210907/src/tbbmalloc/backend.h:41
 9 0x000000000015bea2 rml::internal::Backend::genericPutBlock()  /nfs/site/proj/openmp/promo/tbb/oneTBB-20210907/src/tbbmalloc/backend.cpp:901
10 0x000000000014872a rml::internal::TLSData::release()  /nfs/site/proj/openmp/promo/tbb/oneTBB-20210907/src/tbbmalloc/frontend.cpp:1800
11 0x0000000000148538 rml::internal::MemoryPool::onThreadShutdown()  /nfs/site/proj/openmp/promo/tbb/oneTBB-20210907/src/tbbmalloc/frontend.cpp:1162
12 0x00000000001481fd doThreadShutdownNotification()  /nfs/site/proj/openmp/promo/tbb/oneTBB-20210907/src/tbbmalloc/frontend.cpp:2869
13 0x0000000000148b2e __TBB_mallocProcessShutdownNotification()  /nfs/site/proj/openmp/promo/tbb/oneTBB-20210907/src/tbbmalloc/frontend.cpp:2905
14 0x0000000000148b2e rml::internal::ShutdownSync::processExit()  /nfs/site/proj/openmp/promo/tbb/oneTBB-20210907/src/tbbmalloc/frontend.cpp:1981
15 0x0000000000148b2e __TBB_mallocProcessShutdownNotification()  /nfs/site/proj/openmp/promo/tbb/oneTBB-20210907/src/tbbmalloc/frontend.cpp:2913
16 0x00000000000c2ba8 _INTERNAL07dfff89::__kmp_fini_allocator()  /nfs/site/proj/openmp/promo/20211013/tmp/lin_32e-rtl_int_5_nor_dyn.rel.c0.s0.t1..h1.w1-fxilab153/../../src/kmp_runtime.cpp:666
17 0x00000000000c2ba8 __kmp_internal_end_library()  /nfs/site/proj/openmp/promo/20211013/tmp/lin_32e-rtl_int_5_nor_dyn.rel.c0.s0.t1..h1.w1-fxilab153/../../src/kmp_runtime.cpp:6738
18 0x00000000000151e6 _dl_fini()  /usr/src/debug/glibc-2.28-189.5.el8_6.x86_64/elf/dl-fini.c:138
19 0x000000000005123c __run_exit_handlers()  :0
20 0x0000000000051370 __GI_exit()  :0
21 0x00000000007244cc for_stop_core_quiet()  ???:0
22 0x00000000005cd8d5 mpi_gbl_mp_mpi_mod_finalize_()  ???:0
23 0x00000000004058a4 MAIN__()  ???:0
24 0x0000000000405822 main()  ???:0
25 0x000000000003acf3 __libc_start_main()  ???:0
26 0x000000000040572e _start()  ???:0
=================================
forrtl: severe (174): SIGSEGV, segmentation fault occurred
Image              PC                Routine            Line        Source             
reson              00000000006EB8BA  Unknown               Unknown  Unknown
libpthread-2.28.s  0000154D92F22CE0  Unknown               Unknown  Unknown
libiomp5.so        0000154D966E749F  Unknown               Unknown  Unknown
libiomp5.so        0000154D966E7102  Unknown               Unknown  Unknown
libiomp5.so        0000154D966E8EA2  Unknown               Unknown  Unknown
libiomp5.so        0000154D966D572A  Unknown               Unknown  Unknown
libiomp5.so        0000154D966D5538  Unknown               Unknown  Unknown
libiomp5.so        0000154D966D51FD  Unknown               Unknown  Unknown
libiomp5.so        0000154D966D5B2E  Unknown               Unknown  Unknown
libiomp5.so        0000154D9664FBA8  Unknown               Unknown  Unknown
ld-2.28.so         0000154D9F00A1E6  Unknown               Unknown  Unknown
libc-2.28.so       0000154D92B9C23C  Unknown               Unknown  Unknown
libc-2.28.so       0000154D92B9C370  on_exit               Unknown  Unknown
reson              00000000007244CC  Unknown               Unknown  Unknown
reson              00000000005CD8D5  Unknown               Unknown  Unknown
reson              00000000004058A4  Unknown               Unknown  Unknown
reson              0000000000405822  Unknown               Unknown  Unknown
libc-2.28.so       0000154D92B85CF3  __libc_start_main     Unknown  Unknown
reson              000000000040572E  Unknown               Unknown  Unknown
!!!!!!!!!!!!!!!!!!!!!!!!!!!!!!!!!!!!!!!!!!!!!!!!!!!!!!!!!!!!!!!!!!!!!!!!!!!!!!!!
Reading reson output ...
  Warning: there is no resonance in output of reson: file /home/houfek/ukrmol-scripts/examples/H2O-electron/my_output/H2O/cc-pVTZ.CAS.e-.1frozen.6active.5virtual.5states.r10.Cs.sym_stretch/geom2/outputs/scattering.reson.doublet.Ap.out !
 ... done.
Running command "cp fort.1020 ../eigenph.doublet.Ap" ...
Running command "cp fort.1220 ../xsec.doublet.Ap" ...

Searching for reference orbitals for doublet App state.
Putting 11 electrons into (9,1) orbitals
Reference orbitals found:
0,1,10,0,0, 1,1,1,0,0

Running congen for doublet App ...
Reading congen output ...
  Total number of CSF's generated is 895
.
 ... done.
Running scatci for doublet App ...
Reading scatci output ...
, printing first 10 energies:
  2.1.1 -> -76.0700406827
  2.1.2 -> -76.0361999376
  2.1.3 -> -76.0341431363
  2.1.4 -> -75.9871697524
  2.1.5 -> -75.9866580427
  2.1.6 -> -75.9853190883
  2.1.7 -> -75.9268449394
  2.1.8 -> -75.9266312216
  2.1.9 -> -75.9259086308
  2.1.10 -> -75.9249686789
LCONT = 0
 ... done.
Running swinterf for doublet App ...
Running rsolve for doublet App ...
Running eigenp for doublet App ...
Running tmatrx for doublet App ...
Running ixsecs for doublet App ...
Running reson for doublet App ...
!!!!!!!!!!!!!!!!!!!!!!!!!!!!!!!!!!!!!!!!!!!!!!!!!!!!!!!!!!!!!!!!!!!!!!!!!!!!!!!!
Execution of "/work/utf/ukrmol/ukrmol-in-3.2/build_oneapi_central/bin/reson < /home/houfek/ukrmol-scripts/examples/H2O-electron/my_output/H2O/cc-pVTZ.CAS.e-.1frozen.6active.5virtual.5states.r10.Cs.sym_stretch/geom2/inputs/scattering.reson.doublet.App.inp 1> /home/houfek/ukrmol-scripts/examples/H2O-electron/my_output/H2O/cc-pVTZ.CAS.e-.1frozen.6active.5virtual.5states.r10.Cs.sym_stretch/geom2/outputs/scattering.reson.doublet.App.out 2> /home/houfek/ukrmol-scripts/examples/H2O-electron/my_output/H2O/cc-pVTZ.CAS.e-.1frozen.6active.5virtual.5states.r10.Cs.sym_stretch/geom2/outputs/scattering.reson.doublet.App.err" failed
Error output follows:
--------------------------------------------------------------------------------
 ***ERROR AND WARNING MESSAGE COUNTS FOR RANK:     0
 NUMBER OF WARNING MESSAGES: 0
 NUMBER OF ERROR MESSAGES: 0
 THE MESSAGES CAN BE FOUND INSPECTING THE STDOUT UNIT FOR THIS RANK.
[utf-asus3:524088:0:524088] Caught signal 11 (Segmentation fault: Sent by the kernel at address (nil))
==== backtrace (tid: 524088) ====
 0 0x0000000000012ce0 __funlockfile()  :0
 1 0x000000000015a49f rml::internal::FreeBlock::rightNeig()  /nfs/site/proj/openmp/promo/tbb/oneTBB-20210907/src/tbbmalloc/backend.cpp:228
 2 0x000000000015a49f rml::internal::GuardedSize::tryLock()  /nfs/site/proj/openmp/promo/tbb/oneTBB-20210907/src/tbbmalloc/backend.cpp:176
 3 0x000000000015a49f rml::internal::FreeBlock::trySetLeftUsed()  /nfs/site/proj/openmp/promo/tbb/oneTBB-20210907/src/tbbmalloc/backend.cpp:241
 4 0x000000000015a49f rml::internal::Backend::doCoalesc()  /nfs/site/proj/openmp/promo/tbb/oneTBB-20210907/src/tbbmalloc/backend.cpp:1072
 5 0x000000000015a102 rml::internal::Backend::coalescAndPutList()  /nfs/site/proj/openmp/promo/tbb/oneTBB-20210907/src/tbbmalloc/backend.cpp:1122
 6 0x000000000015bea2 rml::internal::Backend::genericPutBlock()  /nfs/site/proj/openmp/promo/tbb/oneTBB-20210907/src/tbbmalloc/backend.cpp:900
 7 0x000000000015bea2 std::__atomic_base<long>::operator++()  /usr/include/c++/4.8.2/bits/atomic_base.h:388
 8 0x000000000015bea2 rml::internal::BackendSync::blockReleased()  /nfs/site/proj/openmp/promo/tbb/oneTBB-20210907/src/tbbmalloc/backend.h:41
 9 0x000000000015bea2 rml::internal::Backend::genericPutBlock()  /nfs/site/proj/openmp/promo/tbb/oneTBB-20210907/src/tbbmalloc/backend.cpp:901
10 0x000000000014872a rml::internal::TLSData::release()  /nfs/site/proj/openmp/promo/tbb/oneTBB-20210907/src/tbbmalloc/frontend.cpp:1800
11 0x0000000000148538 rml::internal::MemoryPool::onThreadShutdown()  /nfs/site/proj/openmp/promo/tbb/oneTBB-20210907/src/tbbmalloc/frontend.cpp:1162
12 0x00000000001481fd doThreadShutdownNotification()  /nfs/site/proj/openmp/promo/tbb/oneTBB-20210907/src/tbbmalloc/frontend.cpp:2869
13 0x0000000000148b2e __TBB_mallocProcessShutdownNotification()  /nfs/site/proj/openmp/promo/tbb/oneTBB-20210907/src/tbbmalloc/frontend.cpp:2905
14 0x0000000000148b2e rml::internal::ShutdownSync::processExit()  /nfs/site/proj/openmp/promo/tbb/oneTBB-20210907/src/tbbmalloc/frontend.cpp:1981
15 0x0000000000148b2e __TBB_mallocProcessShutdownNotification()  /nfs/site/proj/openmp/promo/tbb/oneTBB-20210907/src/tbbmalloc/frontend.cpp:2913
16 0x00000000000c2ba8 _INTERNAL07dfff89::__kmp_fini_allocator()  /nfs/site/proj/openmp/promo/20211013/tmp/lin_32e-rtl_int_5_nor_dyn.rel.c0.s0.t1..h1.w1-fxilab153/../../src/kmp_runtime.cpp:666
17 0x00000000000c2ba8 __kmp_internal_end_library()  /nfs/site/proj/openmp/promo/20211013/tmp/lin_32e-rtl_int_5_nor_dyn.rel.c0.s0.t1..h1.w1-fxilab153/../../src/kmp_runtime.cpp:6738
18 0x00000000000151e6 _dl_fini()  /usr/src/debug/glibc-2.28-189.5.el8_6.x86_64/elf/dl-fini.c:138
19 0x000000000005123c __run_exit_handlers()  :0
20 0x0000000000051370 __GI_exit()  :0
21 0x00000000007244cc for_stop_core_quiet()  ???:0
22 0x00000000005cd8d5 mpi_gbl_mp_mpi_mod_finalize_()  ???:0
23 0x00000000004058a4 MAIN__()  ???:0
24 0x0000000000405822 main()  ???:0
25 0x000000000003acf3 __libc_start_main()  ???:0
26 0x000000000040572e _start()  ???:0
=================================
forrtl: severe (174): SIGSEGV, segmentation fault occurred
Image              PC                Routine            Line        Source             
reson              00000000006EB8BA  Unknown               Unknown  Unknown
libpthread-2.28.s  000014E13E56DCE0  Unknown               Unknown  Unknown
libiomp5.so        000014E141D3249F  Unknown               Unknown  Unknown
libiomp5.so        000014E141D32102  Unknown               Unknown  Unknown
libiomp5.so        000014E141D33EA2  Unknown               Unknown  Unknown
libiomp5.so        000014E141D2072A  Unknown               Unknown  Unknown
libiomp5.so        000014E141D20538  Unknown               Unknown  Unknown
libiomp5.so        000014E141D201FD  Unknown               Unknown  Unknown
libiomp5.so        000014E141D20B2E  Unknown               Unknown  Unknown
libiomp5.so        000014E141C9ABA8  Unknown               Unknown  Unknown
ld-2.28.so         000014E14A6551E6  Unknown               Unknown  Unknown
libc-2.28.so       000014E13E1E723C  Unknown               Unknown  Unknown
libc-2.28.so       000014E13E1E7370  on_exit               Unknown  Unknown
reson              00000000007244CC  Unknown               Unknown  Unknown
reson              00000000005CD8D5  Unknown               Unknown  Unknown
reson              00000000004058A4  Unknown               Unknown  Unknown
reson              0000000000405822  Unknown               Unknown  Unknown
libc-2.28.so       000014E13E1D0CF3  __libc_start_main     Unknown  Unknown
reson              000000000040572E  Unknown               Unknown  Unknown
!!!!!!!!!!!!!!!!!!!!!!!!!!!!!!!!!!!!!!!!!!!!!!!!!!!!!!!!!!!!!!!!!!!!!!!!!!!!!!!!
Reading reson output ...
  Warning: there is no resonance in output of reson: file /home/houfek/ukrmol-scripts/examples/H2O-electron/my_output/H2O/cc-pVTZ.CAS.e-.1frozen.6active.5virtual.5states.r10.Cs.sym_stretch/geom2/outputs/scattering.reson.doublet.App.out !
 ... done.
Running command "cp fort.1021 ../eigenph.doublet.App" ...
Running command "cp fort.1221 ../xsec.doublet.App" ...
