+-------------------------------------------------------------------------+
|              _              |                                           |
| || || ||//  | \          |  | University College London (C) 1994 - 2020 |
| || || ||    | / |/\/\ /\ |  | Open University           (C) 2007 - 2020 |
| \\_// ||\\  | \ | | | \/ |  |                                           |
|                             |                                           |
+-------------------------------------------------------------------------+
| Last revision: unknown                                                  |
| Last author:   unknown                                                  |
| Last date:     unknown                                                  |
+-------------------------------------------------------------------------+
MPI startup(): PMI server not found. Please set I_MPI_PMI_LIBRARY variable if it is not a singleton case.


 Program EIGENP

e + H2O - doublet Ap                                        20230416  144951.810


 K-matrix input, set  1 on unit920

 Symmetry data  MGVN = 0   STOT = 2   GUTOT = 2

 K-matrices are vibrationally resolved

 Number of target states       =   5
 Number of scattering channels =  65

 Input Energy grid (Ryd) 
 Number of points        20       400
 Initial values     0.00001   0.00007
 Increments         0.00004   0.00367

 Target and channel data is read from set  1 on unit 10

 Target state    Spin    M    G/U  Energy (au)
         1         1     0     0  -76.107428
         2         3     1     0  -75.495166
         3         1     1     0  -75.460381
         4         3     0     0  -75.430732
         5         1     0     0  -75.292388

 Channel   Vibronic level   L   M  Threshold (Ryd)
    1              1        0   0    0.000000
    2              1        1  -1    0.000000
    3              1        1   0    0.000000
    4              1        2  -1    0.000000
    5              1        2   0    0.000000
    6              1        2   2    0.000000
    7              1        3  -3    0.000000
    8              1        3  -1    0.000000
    9              1        3   0    0.000000
   10              1        3   2    0.000000
   11              1        4  -3    0.000000
   12              1        4  -1    0.000000
   13              1        4   0    0.000000
   14              1        4   2    0.000000
   15              1        4   4    0.000000
   16              2        1   1    1.224524
   17              2        2  -2    1.224524
   18              2        2   1    1.224524
   19              2        3  -2    1.224524
   20              2        3   1    1.224524
   21              2        3   3    1.224524
   22              2        4  -4    1.224524
   23              2        4  -2    1.224524
   24              2        4   1    1.224524
   25              2        4   3    1.224524
   26              3        1   1    1.294094
   27              3        2  -2    1.294094
   28              3        2   1    1.294094
   29              3        3  -2    1.294094
   30              3        3   1    1.294094
   31              3        3   3    1.294094
   32              3        4  -4    1.294094
   33              3        4  -2    1.294094
   34              3        4   1    1.294094
   35              3        4   3    1.294094
   36              4        0   0    1.353392
   37              4        1  -1    1.353392
   38              4        1   0    1.353392
   39              4        2  -1    1.353392
   40              4        2   0    1.353392
   41              4        2   2    1.353392
   42              4        3  -3    1.353392
   43              4        3  -1    1.353392
   44              4        3   0    1.353392
   45              4        3   2    1.353392
   46              4        4  -3    1.353392
   47              4        4  -1    1.353392
   48              4        4   0    1.353392
   49              4        4   2    1.353392
   50              4        4   4    1.353392
   51              5        0   0    1.630079
   52              5        1  -1    1.630079
   53              5        1   0    1.630079
   54              5        2  -1    1.630079
   55              5        2   0    1.630079
   56              5        2   2    1.630079
   57              5        3  -3    1.630079
   58              5        3  -1    1.630079
   59              5        3   0    1.630079
   60              5        3   2    1.630079
   61              5        4  -3    1.630079
   62              5        4  -1    1.630079
   63              5        4   0    1.630079
   64              5        4   2    1.630079
   65              5        4   4    1.630079

 Eigenphases will be computed for 420 energies in the K-matrix file from  0.0001 to 19.9510 EV 


 e + H2O - doublet Ap                                        20230416  144951.810

                              TABLE OF EIGENPHASES

    I   E(EV )       EIGENPHASE SUM  CHANNEL :
    1   0.15000E-03  0.26239962E+00
    2   0.65000E-03  0.64766866E+00
    3   0.11500E-02  0.61249243E+00
    4   0.16500E-02  0.59170559E+00
    5   0.21500E-02  0.57631886E+00
    6   0.26500E-02  0.56396474E+00
    7   0.31500E-02  0.55360243E+00
    8   0.36500E-02  0.54466523E+00
    9   0.41500E-02  0.53679947E+00
   10   0.46500E-02  0.52976855E+00
   11   0.51500E-02  0.52340638E+00
   12   0.56500E-02  0.51759250E+00
   13   0.61500E-02  0.51223630E+00
   14   0.66500E-02  0.50726788E+00
   15   0.71500E-02  0.50263241E+00
   16   0.76500E-02  0.49828597E+00
   17   0.81500E-02  0.49419298E+00
   18   0.86500E-02  0.49032401E+00
   19   0.91500E-02  0.48665440E+00
   20   0.96500E-02  0.48316374E+00
   21   0.10000E-02  0.62066054E+00
   22   0.51000E-01  0.36333424E+00
   23   0.10100E+00  0.30524045E+00
   24   0.15100E+00  0.26688382E+00
   25   0.20100E+00  0.23691124E+00
   26   0.25100E+00  0.21160629E+00
   27   0.30100E+00  0.18927457E+00
   28   0.35100E+00  0.16900015E+00
   29   0.40100E+00  0.15023261E+00
   30   0.45100E+00  0.13261642E+00
   31   0.50100E+00  0.11590954E+00
   32   0.55100E+00  0.99940668E-01
   33   0.60100E+00  0.84584792E-01
   34   0.65100E+00  0.69748536E-01
   35   0.70100E+00  0.55360839E-01
   36   0.75100E+00  0.41366826E-01
   37   0.80100E+00  0.27723628E-01
   38   0.85100E+00  0.14397454E-01
   39   0.90100E+00  0.13614778E-02
   40   0.95100E+00 -0.11405709E-01
   41   0.10010E+01 -0.23921259E-01
   42   0.10510E+01 -0.36198955E-01
   43   0.11010E+01 -0.48249895E-01
   44   0.11510E+01 -0.60083031E-01
   45   0.12010E+01 -0.71705591E-01
   46   0.12510E+01 -0.83123423E-01
   47   0.13010E+01 -0.94341269E-01
   48   0.13510E+01 -0.10536299E+00
   49   0.14010E+01 -0.11619174E+00
   50   0.14510E+01 -0.12683014E+00
   51   0.15010E+01 -0.13728036E+00
   52   0.15510E+01 -0.14754425E+00
   53   0.16010E+01 -0.15762344E+00
   54   0.16510E+01 -0.16751937E+00
   55   0.17010E+01 -0.17723334E+00
   56   0.17510E+01 -0.18676661E+00
   57   0.18010E+01 -0.19612040E+00
   58   0.18510E+01 -0.20529591E+00
   59   0.19010E+01 -0.21429436E+00
   60   0.19510E+01 -0.22311701E+00
   61   0.20010E+01 -0.23176517E+00
   62   0.20510E+01 -0.24024019E+00
   63   0.21010E+01 -0.24854349E+00
   64   0.21510E+01 -0.25667658E+00
   65   0.22010E+01 -0.26464099E+00
   66   0.22510E+01 -0.27243835E+00
   67   0.23010E+01 -0.28007035E+00
   68   0.23510E+01 -0.28753871E+00
   69   0.24010E+01 -0.29484523E+00
   70   0.24510E+01 -0.30199175E+00
   71   0.25010E+01 -0.30898014E+00
   72   0.25510E+01 -0.31581231E+00
   73   0.26010E+01 -0.32249019E+00
   74   0.26510E+01 -0.32901574E+00
   75   0.27010E+01 -0.33539090E+00
   76   0.27510E+01 -0.34161765E+00
   77   0.28010E+01 -0.34769793E+00
   78   0.28510E+01 -0.35363368E+00
   79   0.29010E+01 -0.35942681E+00
   80   0.29510E+01 -0.36507922E+00
   81   0.30010E+01 -0.37059276E+00
   82   0.30510E+01 -0.37596923E+00
   83   0.31010E+01 -0.38121041E+00
   84   0.31510E+01 -0.38631801E+00
   85   0.32010E+01 -0.39129368E+00
   86   0.32510E+01 -0.39613902E+00
   87   0.33010E+01 -0.40085556E+00
   88   0.33510E+01 -0.40544476E+00
   89   0.34010E+01 -0.40990802E+00
   90   0.34510E+01 -0.41424665E+00
   91   0.35010E+01 -0.41846189E+00
   92   0.35510E+01 -0.42255491E+00
   93   0.36010E+01 -0.42652681E+00
   94   0.36510E+01 -0.43037859E+00
   95   0.37010E+01 -0.43411120E+00
   96   0.37510E+01 -0.43772549E+00
   97   0.38010E+01 -0.44122223E+00
   98   0.38510E+01 -0.44460215E+00
   99   0.39010E+01 -0.44786588E+00
  100   0.39510E+01 -0.45101398E+00
  101   0.40010E+01 -0.45404694E+00
  102   0.40510E+01 -0.45696519E+00
  103   0.41010E+01 -0.45976910E+00
  104   0.41510E+01 -0.46245897E+00
  105   0.42010E+01 -0.46503505E+00
  106   0.42510E+01 -0.46749754E+00
  107   0.43010E+01 -0.46984657E+00
  108   0.43510E+01 -0.47208224E+00
  109   0.44010E+01 -0.47420461E+00
  110   0.44510E+01 -0.47621370E+00
  111   0.45010E+01 -0.47810949E+00
  112   0.45510E+01 -0.47989194E+00
  113   0.46010E+01 -0.48156098E+00
  114   0.46510E+01 -0.48311651E+00
  115   0.47010E+01 -0.48455843E+00
  116   0.47510E+01 -0.48588662E+00
  117   0.48010E+01 -0.48710096E+00
  118   0.48510E+01 -0.48820132E+00
  119   0.49010E+01 -0.48918758E+00
  120   0.49510E+01 -0.49005963E+00
  121   0.50010E+01 -0.49081735E+00
  122   0.50510E+01 -0.49146065E+00
  123   0.51010E+01 -0.49198947E+00
  124   0.51510E+01 -0.49240376E+00
  125   0.52010E+01 -0.49270350E+00
  126   0.52510E+01 -0.49288871E+00
  127   0.53010E+01 -0.49295942E+00
  128   0.53510E+01 -0.49291575E+00
  129   0.54010E+01 -0.49275780E+00
  130   0.54510E+01 -0.49248577E+00
  131   0.55010E+01 -0.49209988E+00
  132   0.55510E+01 -0.49160041E+00
  133   0.56010E+01 -0.49098769E+00
  134   0.56510E+01 -0.49026213E+00
  135   0.57010E+01 -0.48942417E+00
  136   0.57510E+01 -0.48847433E+00
  137   0.58010E+01 -0.48741319E+00
  138   0.58510E+01 -0.48624140E+00
  139   0.59010E+01 -0.48495967E+00
  140   0.59510E+01 -0.48356880E+00
  141   0.60010E+01 -0.48206963E+00
  142   0.60510E+01 -0.48046309E+00
  143   0.61010E+01 -0.47875018E+00
  144   0.61510E+01 -0.47693197E+00
  145   0.62010E+01 -0.47500961E+00
  146   0.62510E+01 -0.47298432E+00
  147   0.63010E+01 -0.47085738E+00
  148   0.63510E+01 -0.46863016E+00
  149   0.64010E+01 -0.46630409E+00
  150   0.64510E+01 -0.46388067E+00
  151   0.65010E+01 -0.46136149E+00
  152   0.65510E+01 -0.45874818E+00
  153   0.66010E+01 -0.45604245E+00
  154   0.66510E+01 -0.45324609E+00
  155   0.67010E+01 -0.45036092E+00
  156   0.67510E+01 -0.44738886E+00
  157   0.68010E+01 -0.44433185E+00
  158   0.68510E+01 -0.44119193E+00
  159   0.69010E+01 -0.43797116E+00
  160   0.69510E+01 -0.43467166E+00
  161   0.70010E+01 -0.43129562E+00
  162   0.70510E+01 -0.42784524E+00
  163   0.71010E+01 -0.42432280E+00
  164   0.71510E+01 -0.42073060E+00
  165   0.72010E+01 -0.41707098E+00
  166   0.72510E+01 -0.41334631E+00
  167   0.73010E+01 -0.40955901E+00
  168   0.73510E+01 -0.40571149E+00
  169   0.74010E+01 -0.40180623E+00
  170   0.74510E+01 -0.39784568E+00
  171   0.75010E+01 -0.39383236E+00
  172   0.75510E+01 -0.38976876E+00
  173   0.76010E+01 -0.38565739E+00
  174   0.76510E+01 -0.38150078E+00
  175   0.77010E+01 -0.37730144E+00
  176   0.77510E+01 -0.37306189E+00
  177   0.78010E+01 -0.36878465E+00
  178   0.78510E+01 -0.36447222E+00
  179   0.79010E+01 -0.36012709E+00
  180   0.79510E+01 -0.35575173E+00
  181   0.80010E+01 -0.35134861E+00
  182   0.80510E+01 -0.34692013E+00
  183   0.81010E+01 -0.34246873E+00
  184   0.81510E+01 -0.33799675E+00
  185   0.82010E+01 -0.33350655E+00
  186   0.82510E+01 -0.32900043E+00
  187   0.83010E+01 -0.32448064E+00
  188   0.83510E+01 -0.31994942E+00
  189   0.84010E+01 -0.31540893E+00
  190   0.84510E+01 -0.31086129E+00
  191   0.85010E+01 -0.30630860E+00
  192   0.85510E+01 -0.30175285E+00
  193   0.86010E+01 -0.29719603E+00
  194   0.86510E+01 -0.29264002E+00
  195   0.87010E+01 -0.28808669E+00
  196   0.87510E+01 -0.28353781E+00
  197   0.88010E+01 -0.27899510E+00
  198   0.88510E+01 -0.27446021E+00
  199   0.89010E+01 -0.26993472E+00
  200   0.89510E+01 -0.26542015E+00
  201   0.90010E+01 -0.26091793E+00
  202   0.90510E+01 -0.25642945E+00
  203   0.91010E+01 -0.25195598E+00
  204   0.91510E+01 -0.24749876E+00
  205   0.92010E+01 -0.24305894E+00
  206   0.92510E+01 -0.23863758E+00
  207   0.93010E+01 -0.23423568E+00
  208   0.93510E+01 -0.22985416E+00
  209   0.94010E+01 -0.22549387E+00
  210   0.94510E+01 -0.22115557E+00
  211   0.95010E+01 -0.21683994E+00
  212   0.95510E+01 -0.21254761E+00
  213   0.96010E+01 -0.20827912E+00
  214   0.96510E+01 -0.20403492E+00
  215   0.97010E+01 -0.19981541E+00
  216   0.97510E+01 -0.19562090E+00
  217   0.98010E+01 -0.19145164E+00
  218   0.98510E+01 -0.18730779E+00
  219   0.99010E+01 -0.18318947E+00
  220   0.99510E+01 -0.17909671E+00
  221   0.10001E+02 -0.17502947E+00
  222   0.10051E+02 -0.17098765E+00
  223   0.10101E+02 -0.16697110E+00
  224   0.10151E+02 -0.16297959E+00
  225   0.10201E+02 -0.15901283E+00
  226   0.10251E+02 -0.15507050E+00
  227   0.10301E+02 -0.15115219E+00
  228   0.10351E+02 -0.14725745E+00
  229   0.10401E+02 -0.14338578E+00
  230   0.10451E+02 -0.13953664E+00
  231   0.10501E+02 -0.13570943E+00
  232   0.10551E+02 -0.13190351E+00
  233   0.10601E+02 -0.12811821E+00
  234   0.10651E+02 -0.12435281E+00
  235   0.10701E+02 -0.12060655E+00
  236   0.10751E+02 -0.11687867E+00
  237   0.10801E+02 -0.11316834E+00
  238   0.10851E+02 -0.10947472E+00
  239   0.10901E+02 -0.10579696E+00
  240   0.10951E+02 -0.10213417E+00
  241   0.11001E+02 -0.98485438E-01
  242   0.11051E+02 -0.94849861E-01
  243   0.11101E+02 -0.91226505E-01
  244   0.11151E+02 -0.87614435E-01
  245   0.11201E+02 -0.84012705E-01
  246   0.11251E+02 -0.80420369E-01
  247   0.11301E+02 -0.76836480E-01
  248   0.11351E+02 -0.73260093E-01
  249   0.11401E+02 -0.69690269E-01
  250   0.11451E+02 -0.66126076E-01
  251   0.11501E+02 -0.62566594E-01
  252   0.11551E+02 -0.59010916E-01
  253   0.11601E+02 -0.55458151E-01
  254   0.11651E+02 -0.51907426E-01
  255   0.11701E+02 -0.48357892E-01
  256   0.11751E+02 -0.44808719E-01
  257   0.11801E+02 -0.41259108E-01
  258   0.11851E+02 -0.37708285E-01
  259   0.11901E+02 -0.34155507E-01
  260   0.11951E+02 -0.30600064E-01
  261   0.12001E+02 -0.27041279E-01
  262   0.12051E+02 -0.23478515E-01
  263   0.12101E+02 -0.19911170E-01
  264   0.12151E+02 -0.16338683E-01
  265   0.12201E+02 -0.12760535E-01
  266   0.12251E+02 -0.91762491E-02
  267   0.12301E+02 -0.55853949E-02
  268   0.12351E+02 -0.19875863E-02
  269   0.12401E+02  0.16175150E-02
  270   0.12451E+02  0.52301994E-02
  271   0.12501E+02  0.88507080E-02
  272   0.12551E+02  0.12479232E-01
  273   0.12601E+02  0.16115911E-01
  274   0.12651E+02  0.19760835E-01
  275   0.12701E+02  0.23414039E-01
  276   0.12751E+02  0.27075509E-01
  277   0.12801E+02  0.30745176E-01
  278   0.12851E+02  0.34422918E-01
  279   0.12901E+02  0.38108562E-01
  280   0.12951E+02  0.41801879E-01
  281   0.13001E+02  0.45502590E-01
  282   0.13051E+02  0.49210361E-01
  283   0.13101E+02  0.52924808E-01
  284   0.13151E+02  0.56645492E-01
  285   0.13201E+02  0.60371926E-01
  286   0.13251E+02  0.64103570E-01
  287   0.13301E+02  0.67839834E-01
  288   0.13351E+02  0.71580080E-01
  289   0.13401E+02  0.75323622E-01
  290   0.13451E+02  0.79069725E-01
  291   0.13501E+02  0.82817609E-01
  292   0.13551E+02  0.86566449E-01
  293   0.13601E+02  0.90315377E-01
  294   0.13651E+02  0.94063482E-01
  295   0.13701E+02  0.97809811E-01
  296   0.13751E+02  0.10155337E+00
  297   0.13801E+02  0.10529314E+00
  298   0.13851E+02  0.10902805E+00
  299   0.13901E+02  0.11275700E+00
  300   0.13951E+02  0.11647885E+00
  301   0.14001E+02  0.12019246E+00
  302   0.14051E+02  0.12389662E+00
  303   0.14101E+02  0.12759012E+00
  304   0.14151E+02  0.13127171E+00
  305   0.14201E+02  0.13494014E+00
  306   0.14251E+02  0.13859412E+00
  307   0.14301E+02  0.14223235E+00
  308   0.14351E+02  0.14585350E+00
  309   0.14401E+02  0.14945626E+00
  310   0.14451E+02  0.15303927E+00
  311   0.14501E+02  0.15660120E+00
  312   0.14551E+02  0.16014068E+00
  313   0.14601E+02  0.16365636E+00
  314   0.14651E+02  0.16714689E+00
  315   0.14701E+02  0.17061091E+00
  316   0.14751E+02  0.17404707E+00
  317   0.14801E+02  0.17745405E+00
  318   0.14851E+02  0.18083051E+00
  319   0.14901E+02  0.18417515E+00
  320   0.14951E+02  0.18748668E+00
  321   0.15001E+02  0.19076383E+00
  322   0.15051E+02  0.19400537E+00
  323   0.15101E+02  0.19721009E+00
  324   0.15151E+02  0.20037681E+00
  325   0.15201E+02  0.20350441E+00
  326   0.15251E+02  0.20659180E+00
  327   0.15301E+02  0.20963795E+00
  328   0.15351E+02  0.21264187E+00
  329   0.15401E+02  0.21560264E+00
  330   0.15451E+02  0.21851942E+00
  331   0.15501E+02  0.22139143E+00
  332   0.15551E+02  0.22421798E+00
  333   0.15601E+02  0.22699849E+00
  334   0.15651E+02  0.22973246E+00
  335   0.15701E+02  0.23241951E+00
  336   0.15751E+02  0.23505941E+00
  337   0.15801E+02  0.23765207E+00
  338   0.15851E+02  0.24019756E+00
  339   0.15901E+02  0.24269615E+00
  340   0.15951E+02  0.24514833E+00
  341   0.16001E+02  0.24755485E+00
  342   0.16051E+02  0.24991675E+00
  343   0.16101E+02  0.25223546E+00
  344   0.16151E+02  0.25451284E+00
  345   0.16201E+02  0.25675130E+00
  346   0.16251E+02  0.25895395E+00
  347   0.16301E+02  0.26112482E+00
  348   0.16351E+02  0.26326915E+00
  349   0.16401E+02  0.26539396E+00
  350   0.16451E+02  0.26750886E+00
  351   0.16501E+02  0.26962771E+00
  352   0.16551E+02  0.27177204E+00
  353   0.16601E+02  0.27398039E+00
  354   0.16651E+02  0.27635160E+00
  355   0.16701E+02  0.28488619E+00
  356   0.16751E+02  0.28689230E+00
  357   0.16801E+02  0.28745388E+00
  358   0.16851E+02  0.28703992E+00
  359   0.16901E+02  0.28586772E+00
  360   0.16951E+02  0.28407019E+00
  361   0.17001E+02  0.28174002E+00
  362   0.17051E+02  0.27894718E+00
  363   0.17101E+02  0.27574730E+00
  364   0.17151E+02  0.27218640E+00
  365   0.17201E+02  0.26830376E+00
  366   0.17251E+02  0.26413381E+00
  367   0.17301E+02  0.25970742E+00
  368   0.17351E+02  0.25505298E+00
  369   0.17401E+02  0.25019723E+00
  370   0.17451E+02  0.24516624E+00
  371   0.17501E+02  0.23998665E+00
  372   0.17551E+02  0.23468844E+00
  373   0.17601E+02  0.22931728E+00
  374   0.17651E+02  0.23061413E+00
  375   0.17701E+02  0.22524272E+00
  376   0.17751E+02  0.21897297E+00
  377   0.17801E+02  0.21213064E+00
  378   0.17851E+02  0.20487398E+00
  379   0.17901E+02  0.19730707E+00
  380   0.17951E+02  0.18951112E+00
  381   0.18001E+02  0.18155788E+00
  382   0.18051E+02  0.17351808E+00
  383   0.18101E+02  0.16546904E+00
  384   0.18151E+02  0.15750465E+00
  385   0.18201E+02  0.14975243E+00
  386   0.18251E+02  0.14240959E+00
  387   0.18301E+02  0.13583675E+00
  388   0.18351E+02  0.13089502E+00
  389   0.18401E+02  0.13165686E+00
  390   0.18451E+02  0.34060654E+00
  391   0.18501E+02  0.40320211E+00
  392   0.18551E+02  0.43611145E+00
  393   0.18601E+02  0.45512272E+00
  394   0.18651E+02  0.46580355E+00
  395   0.18701E+02  0.47091098E+00
  396   0.18751E+02  0.47204987E+00
  397   0.18801E+02  0.47024973E+00
  398   0.18851E+02  0.46621593E+00
  399   0.18901E+02  0.46045530E+00
  400   0.18951E+02  0.45334576E+00
  401   0.19001E+02  0.44517754E+00
  402   0.19051E+02  0.43617904E+00
  403   0.19101E+02  0.42653382E+00
  404   0.19151E+02  0.41639223E+00
  405   0.19201E+02  0.40587933E+00
  406   0.19251E+02  0.39510085E+00
  407   0.19301E+02  0.38414736E+00
  408   0.19351E+02  0.37309746E+00
  409   0.19401E+02  0.36202021E+00
  410   0.19451E+02  0.35097693E+00
  411   0.19501E+02  0.34002274E+00
  412   0.19551E+02  0.32920759E+00
  413   0.19601E+02  0.31857728E+00
  414   0.19651E+02  0.30817408E+00
  415   0.19701E+02  0.29803745E+00
  416   0.19751E+02  0.28820443E+00
  417   0.19801E+02  0.27871010E+00
  418   0.19851E+02  0.26958792E+00
  419   0.19901E+02  0.26087000E+00
  420   0.19951E+02  0.25258739E+00

 *** Task successfully completed ***
