+-------------------------------------------------------------------------+
|              _              |                                           |
| || || ||//  | \          |  | University College London (C) 1994 - 2020 |
| || || ||    | / |/\/\ /\ |  | Open University           (C) 2007 - 2020 |
| \\_// ||\\  | \ | | | \/ |  |                                           |
|                             |                                           |
+-------------------------------------------------------------------------+
| Last revision: unknown                                                  |
| Last author:   unknown                                                  |
| Last date:     unknown                                                  |
+-------------------------------------------------------------------------+
MPI startup(): PMI server not found. Please set I_MPI_PMI_LIBRARY variable if it is not a singleton case.


 Program SWINTERF  ( last modified 12-Jan-2004 )

e + H2O - doublet Ap                                        20230416  144928.591


 Symmetry data   MGVN = 0 STOT = 2

 Input datasets:             Unit  Set number
 Target data          LUTARG  24       1       FORMATTED
 Boundary amplitudes  LUAMP   16       1     UNFORMATTED
 CI data              LUCI    25       1     UNFORMATTED
 Buttle corrections   LUBUT    0       1     UNFORMATTED

 Output datasets:            Unit  Set number
 Channel data         LUCHAN  10       1     UNFORMATTED
 R-Matrix data        LURMT   21       1     UNFORMATTED

 We are using UKRmol+ input

 Assuming full CI vectors have been saved on LUCI 

 Target rotational constants (a.u.)   0.113195D-03   0.603106D-04   0.393466D-04

 Nuclear centres 
    Atom  Charge      X         Y         Z         Mass
  1   O      8     0.000000  0.000000  0.130178   15.994900
  2   H      1     0.000000  1.502107 -1.033297    1.007800
  3   H      1     0.000000 -1.502107 -1.033297    1.007800

 Reduced mass     890.471806 au

 Transition moments
    1    0    1    0    1   -1   0.00000
    1    0    1    0    1    0   0.74186
    1    0    1    0    2   -1  -0.00000
    1    0    1    0    2    0   0.10933
    1    0    1    0    2    2   2.06113
    5    0    1    0    1   -1   0.50768
    5    0    1    0    1    0  -0.00000
    5    0    1    0    2   -1  -0.77915
    5    0    1    0    2    0  -0.00000
    5    0    1    0    2    2  -0.00000
    5    0    5    0    1   -1  -0.00000
    5    0    5    0    1    0   0.20677
    5    0    5    0    2   -1   0.00000
    5    0    5    0    2    0  -0.85512
    5    0    5    0    2    2   0.96878
    4    0    4    0    1   -1   0.00000
    4    0    4    0    1    0   0.17150
    4    0    4    0    2   -1  -0.00000
    4    0    4    0    2    0   0.00002
    4    0    4    0    2    2   1.47287
    3    1    1    0    1    1   0.00000
    3    1    1    0    2   -2   0.38727
    3    1    1    0    2    1   0.00000
    3    1    5    0    1    1   0.09468
    3    1    5    0    2   -2  -0.00000
    3    1    5    0    2    1   0.76868
    3    1    3    1    1   -1  -0.00000
    3    1    3    1    1    0   0.22628
    3    1    3    1    2   -1   0.00000
    3    1    3    1    2    0   0.37947
    3    1    3    1    2    2  -0.02166
    2    1    4    0    1    1   0.00000
    2    1    4    0    2   -2  -0.39380
    2    1    4    0    2    1  -0.00000
    2    1    2    1    1   -1  -0.00000
    2    1    2    1    1    0   0.19540
    2    1    2    1    2   -1   0.00000
    2    1    2    1    2    0   0.35408
    2    1    2    1    2    2  -0.08788

 READCIP start

 CI file header data:
 --------------------
 MGVN  =  0
 NSET  =  1
 NSTAT =       1018
 NOCSF =       1018

 READCIP end

 R-matrix radius  =   10.00
 Residual charge on system = 0

 Channel Target  l  m  q       Irr  Energy   Energy(eV)
    1       1    0  0  0  N/A   1  0.000000  0.000000
    2       1    1  1 -1  N/A   1  0.000000  0.000000
    3       1    1  0  0  N/A   1  0.000000  0.000000
    4       1    2  1 -1  N/A   1  0.000000  0.000000
    5       1    2  0  0  N/A   1  0.000000  0.000000
    6       1    2  2  1  N/A   1  0.000000  0.000000
    7       1    3  3 -1  N/A   1  0.000000  0.000000
    8       1    3  1 -1  N/A   1  0.000000  0.000000
    9       1    3  0  0  N/A   1  0.000000  0.000000
   10       1    3  2  1  N/A   1  0.000000  0.000000
   11       1    4  3 -1  N/A   1  0.000000  0.000000
   12       1    4  1 -1  N/A   1  0.000000  0.000000
   13       1    4  0  0  N/A   1  0.000000  0.000000
   14       1    4  2  1  N/A   1  0.000000  0.000000
   15       1    4  4  1  N/A   1  0.000000  0.000000
   16       2    1  1  1  N/A   2  1.224524 16.660186
   17       2    2  2 -1  N/A   2  1.224524 16.660186
   18       2    2  1  1  N/A   2  1.224524 16.660186
   19       2    3  2 -1  N/A   2  1.224524 16.660186
   20       2    3  1  1  N/A   2  1.224524 16.660186
   21       2    3  3  1  N/A   2  1.224524 16.660186
   22       2    4  4 -1  N/A   2  1.224524 16.660186
   23       2    4  2 -1  N/A   2  1.224524 16.660186
   24       2    4  1  1  N/A   2  1.224524 16.660186
   25       2    4  3  1  N/A   2  1.224524 16.660186
   26       3    1  1  1  N/A   2  1.294094 17.606723
   27       3    2  2 -1  N/A   2  1.294094 17.606723
   28       3    2  1  1  N/A   2  1.294094 17.606723
   29       3    3  2 -1  N/A   2  1.294094 17.606723
   30       3    3  1  1  N/A   2  1.294094 17.606723
   31       3    3  3  1  N/A   2  1.294094 17.606723
   32       3    4  4 -1  N/A   2  1.294094 17.606723
   33       3    4  2 -1  N/A   2  1.294094 17.606723
   34       3    4  1  1  N/A   2  1.294094 17.606723
   35       3    4  3  1  N/A   2  1.294094 17.606723
   36       4    0  0  0  N/A   1  1.353392 18.413495
   37       4    1  1 -1  N/A   1  1.353392 18.413495
   38       4    1  0  0  N/A   1  1.353392 18.413495
   39       4    2  1 -1  N/A   1  1.353392 18.413495
   40       4    2  0  0  N/A   1  1.353392 18.413495
   41       4    2  2  1  N/A   1  1.353392 18.413495
   42       4    3  3 -1  N/A   1  1.353392 18.413495
   43       4    3  1 -1  N/A   1  1.353392 18.413495
   44       4    3  0  0  N/A   1  1.353392 18.413495
   45       4    3  2  1  N/A   1  1.353392 18.413495
   46       4    4  3 -1  N/A   1  1.353392 18.413495
   47       4    4  1 -1  N/A   1  1.353392 18.413495
   48       4    4  0  0  N/A   1  1.353392 18.413495
   49       4    4  2  1  N/A   1  1.353392 18.413495
   50       4    4  4  1  N/A   1  1.353392 18.413495
   51       5    0  0  0  N/A   1  1.630079 22.177952
   52       5    1  1 -1  N/A   1  1.630079 22.177952
   53       5    1  0  0  N/A   1  1.630079 22.177952
   54       5    2  1 -1  N/A   1  1.630079 22.177952
   55       5    2  0  0  N/A   1  1.630079 22.177952
   56       5    2  2  1  N/A   1  1.630079 22.177952
   57       5    3  3 -1  N/A   1  1.630079 22.177952
   58       5    3  1 -1  N/A   1  1.630079 22.177952
   59       5    3  0  0  N/A   1  1.630079 22.177952
   60       5    3  2  1  N/A   1  1.630079 22.177952
   61       5    4  3 -1  N/A   1  1.630079 22.177952
   62       5    4  1 -1  N/A   1  1.630079 22.177952
   63       5    4  0  0  N/A   1  1.630079 22.177952
   64       5    4  2  1  N/A   1  1.630079 22.177952
   65       5    4  4  1  N/A   1  1.630079 22.177952

 Dimension of Hamiltonian matrix           NOCSF =      1018
 Number of CSFs used to construct R-matrix NSTAT = 1018
 Number of eigenvectors to be retained     NPOLE =    0
 Number of multipoles in potential         ISMAX =    2

 READCIP start

 Reading CI coefficients...
 Last pole include at                  1018  is   -68.3812662695412       Ryd

 READCIP end

     R-matrix boundary amplitudes 

     At radial distance RMATR -      0.00000000 Bohr radii
     No. of channels     =    65
     No. of eigenvectors =  1018
     No. of correction terms =     0


     First 30 R-matrix amplitudes

     Channel =   1      0.30664801      0.00000000     -0.11823724
                        0.04241011     -0.00000000      0.00912027
                        0.06411393     -0.00000000     -0.00000000
                        0.01473966      0.31191845     -0.00000000
                        0.00167726      0.00240823     -0.00000000
                       -0.00058705      0.00000001     -0.08919010
                       -0.00000001      0.08442492     -0.02112169
                       -0.22812108      0.00000000     -0.00000002
                        0.18435170     -0.04791618      0.00000002
                       -0.07014646      0.00000000     -0.04268118
     Channel =   2     -0.00000000      0.36274328      0.00000000
                       -0.00000001     -0.07920042      0.00000000
                       -0.00000000     -0.01307901      0.00763685
                       -0.00000000     -0.00000000     -0.02589721
                        0.00000001     -0.00000000     -0.01444093
                       -0.00000000      0.30653148      0.00000001
                        0.14000774      0.00000000     -0.00000000
                        0.00000001      0.02246588      0.03229823
                       -0.00000000      0.00000000      0.20018538
                        0.00000001     -0.01815442      0.00000001
     Channel =   3     -0.10738499      0.00000000     -0.35198410
                        0.03965192     -0.00000000     -0.06770830
                       -0.02857871      0.00000000      0.00000000
                       -0.00636142     -0.08799212      0.00000000
                        0.00293555      0.00029384     -0.00000000
                       -0.00044102      0.00000000     -0.31577005
                        0.00000000      0.03131425      0.08012002
                        0.08156601     -0.00000000      0.00000001
                       -0.04902611      0.00900600     -0.00000000
                       -0.22824727      0.00000000     -0.16432903
     Channel =   4      0.00000000     -0.06679535     -0.00000000
                       -0.00000003     -0.39212127      0.00000000
                       -0.00000000     -0.04200801     -0.03365280
                       -0.00000000      0.00000000      0.01717501
                       -0.00000001      0.00000000      0.00810305
                        0.00000000     -0.10779112     -0.00000000
                        0.27893198      0.00000002     -0.00000000
                       -0.00000001      0.02355034     -0.06776908
                        0.00000000     -0.00000000     -0.21716480
                       -0.00000000     -0.00150717     -0.00000000
     Channel =   5      0.01058161     -0.00000000      0.07182062
                        0.20635412     -0.00000002     -0.33882974
                       -0.03340564      0.00000000     -0.00000000
                        0.04105795      0.01015855     -0.00000000
                       -0.00660290     -0.00184558      0.00000000
                        0.00183748     -0.00000000      0.08116092
                       -0.00000001      0.12922484      0.28807453
                        0.00854121     -0.00000000     -0.00000001
                        0.03163818      0.02530432      0.00000000
                        0.11410975     -0.00000000      0.07032516
     Channel =   6     -0.01671185      0.00000000      0.00935159
                        0.33864487     -0.00000003      0.21389134
                       -0.04706749      0.00000000      0.00000000
                       -0.02837544     -0.04666803     -0.00000000
                       -0.00560401      0.00701044     -0.00000000
                       -0.00106003      0.00000000      0.01897173
                       -0.00000002      0.27496731     -0.13430666
                        0.11809195     -0.00000000      0.00000000
                       -0.03281294     -0.00884385     -0.00000000
                        0.04653729     -0.00000000      0.03094317
     Channel =   7      0.00000000     -0.00757398      0.00000000
                       -0.00000000      0.00034815      0.00000000
                       -0.00000002     -0.24718344      0.36291628
                        0.00000000      0.00000000      0.01991337
                       -0.00000001      0.00000000      0.02480226
                        0.00000000     -0.01563296      0.00000000
                        0.00322757      0.00000000      0.00000000
                        0.00000001      0.19007728      0.27775984
                        0.00000005     -0.00000000     -0.07121235
                       -0.00000000     -0.01494604      0.00000000
     Channel =   8     -0.00000000      0.00304928     -0.00000000
                        0.00000000      0.04866355      0.00000000
                       -0.00000003     -0.35852034     -0.24538603
                       -0.00000000     -0.00000000      0.03371383
                       -0.00000002      0.00000000     -0.02557463
                        0.00000000      0.01140608     -0.00000000
                       -0.04110575     -0.00000000      0.00000000
                       -0.00000000      0.28183250     -0.18450103
                       -0.00000003      0.00000000      0.04177616
                       -0.00000000     -0.02883952     -0.00000000
     Channel =   9      0.00077739      0.00000000     -0.00513455
                       -0.02800618      0.00000000      0.04105681
                       -0.27523755      0.00000002     -0.00000000
                        0.33458364      0.04444865     -0.00000001
                       -0.02537896     -0.01716114      0.00000000
                       -0.02964129     -0.00000000     -0.00640886
                        0.00000000     -0.02529095     -0.03094294
                        0.11809698     -0.00000000     -0.00000004
                        0.22393888      0.22738279      0.00000000
                        0.00000699     -0.00000000     -0.02634879
     Channel =  10      0.00424646     -0.00000000      0.00466854
                       -0.03462295      0.00000000     -0.01932455
                       -0.32144518      0.00000002      0.00000000
                       -0.28091280      0.09180434     -0.00000001
                       -0.02755399     -0.00891753      0.00000000
                        0.02496164     -0.00000000      0.00675259
                        0.00000000     -0.03754887      0.01446373
                        0.15093603     -0.00000000     -0.00000003
                        0.16767371     -0.25289829      0.00000000
                        0.01793206     -0.00000000     -0.01778200
     Channel =  11      0.00000000      0.00150631      0.00000000
                        0.00000000      0.00401007     -0.00000000
                        0.00000000      0.01624437     -0.02289467
                        0.00000000      0.00000000      0.26819658
                       -0.00000012      0.00000004      0.38031489
                        0.00000000      0.04563354      0.00000000
                       -0.00861993     -0.00000000      0.00000000
                       -0.00000000     -0.01345585     -0.01972464
                       -0.00000000      0.00000000     -0.00620140
                       -0.00000001     -0.19256467      0.00000001
     Channel =  12     -0.00000000      0.00076098      0.00000000
                       -0.00000000     -0.00093527     -0.00000000
                        0.00000000      0.03369316      0.02202118
                        0.00000000      0.00000000      0.37894148
                       -0.00000019      0.00000000     -0.27093450
                        0.00000001      0.02026418      0.00000000
                       -0.00038122      0.00000000      0.00000000
                       -0.00000000     -0.02833290      0.01572485
                        0.00000000     -0.00000000     -0.00845848
                       -0.00000000     -0.29377774     -0.00000000
     Channel =  13     -0.00030653     -0.00000000     -0.00027640
                        0.00072712      0.00000000     -0.00223755
                        0.02680656     -0.00000000      0.00000000
                       -0.02982230     -0.00341007     -0.00000011
                       -0.27209052     -0.18399839      0.00000002
                       -0.33176666     -0.00000000     -0.00283744
                       -0.00000000      0.00157733      0.00061108
                       -0.01457483      0.00000000      0.00000000
                       -0.02036051     -0.01866414      0.00000000
                        0.11412620     -0.00000001     -0.19182068
     Channel =  14     -0.00059061      0.00000000     -0.00131977
                       -0.00028237      0.00000000      0.00384704
                        0.02739513     -0.00000000     -0.00000000
                        0.02198055     -0.00632966     -0.00000016
                       -0.32841343     -0.08735875      0.00000002
                        0.32039401      0.00000000     -0.00640093
                       -0.00000000      0.00066006     -0.00626655
                       -0.01622593      0.00000000      0.00000000
                       -0.01350153      0.01956392      0.00000000
                        0.15057137     -0.00000000     -0.20502905
     Channel =  15      0.00032511     -0.00000000     -0.00014760
                       -0.00484579      0.00000000     -0.00293049
                       -0.00006100     -0.00000000      0.00000000
                       -0.00002930     -0.00039812     -0.00000011
                       -0.18855996      0.42147607     -0.00000002
                       -0.07907536      0.00000000     -0.00135755
                        0.00000000     -0.00948122      0.00331723
                        0.00100202     -0.00000000      0.00000000
                        0.00011335     -0.00053702     -0.00000000
                        0.06840210      0.00000001     -0.07005527
     Channel =  16     -0.00000000      0.00015126     -0.00000000
                        0.00000000      0.00003926      0.00000000
                        0.00000000      0.00000424     -0.00000874
                        0.00000000      0.00000000      0.00001573
                       -0.00000000      0.00000000      0.00000846
                        0.00000000     -0.00015531      0.00000000
                       -0.00014716      0.00000000     -0.00000000
                       -0.00000000     -0.00011469     -0.00039553
                        0.00000000     -0.00000000     -0.00345035
                        0.00000000      0.00031883      0.00000000
     Channel =  17     -0.00012840      0.00000000      0.00003864
                        0.00004209      0.00000000      0.00001653
                        0.00007644     -0.00000000     -0.00000000
                        0.00001557      0.00032437      0.00000000
                        0.00000199     -0.00000011     -0.00000000
                       -0.00000031     -0.00000000     -0.00008940
                        0.00000000     -0.00013409      0.00004514
                        0.00028602      0.00000000      0.00000000
                       -0.00017940      0.00004707     -0.00000000
                        0.00002249      0.00000000      0.00001168
     Channel =  18     -0.00000000      0.00001235     -0.00000000
                        0.00000000      0.00002769      0.00000000
                        0.00000000     -0.00000403     -0.00000511
                        0.00000000      0.00000000      0.00000768
                       -0.00000000     -0.00000000      0.00000510
                        0.00000000     -0.00008022      0.00000000
                        0.00011354     -0.00000000      0.00000000
                        0.00000000     -0.00000591      0.00003743
                       -0.00000000      0.00000000      0.00017295
                        0.00000000     -0.00000597      0.00000000
     Channel =  19      0.00003149     -0.00000000      0.00001021
                       -0.00001194     -0.00000000     -0.00000669
                       -0.00002307      0.00000000      0.00000000
                       -0.00000476     -0.00008644     -0.00000000
                        0.00000112      0.00000073     -0.00000000
                       -0.00000019      0.00000000     -0.00004443
                       -0.00000000      0.00005741     -0.00002459
                       -0.00011816      0.00000000     -0.00000000
                        0.00006309     -0.00001470     -0.00000000
                        0.00004602     -0.00000000      0.00002956
     Channel =  20     -0.00000000      0.00002295      0.00000000
                        0.00000000      0.00000297      0.00000000
                        0.00000000      0.00000267     -0.00000053
                       -0.00000000      0.00000000      0.00000635
                       -0.00000000      0.00000000      0.00000293
                        0.00000000     -0.00006511     -0.00000000
                       -0.00000384     -0.00000000     -0.00000000
                        0.00000000      0.00001144      0.00000522
                        0.00000000      0.00000000      0.00005174
                        0.00000000     -0.00000151      0.00000000
     Channel =  21      0.00000000     -0.00001132      0.00000000
                        0.00000000      0.00000104     -0.00000000
                       -0.00000000      0.00000213     -0.00000074
                        0.00000000     -0.00000000      0.00000048
                       -0.00000000     -0.00000000      0.00000023
                       -0.00000000      0.00000183     -0.00000000
                        0.00003078     -0.00000000     -0.00000000
                       -0.00000000      0.00001422      0.00001888
                        0.00000000     -0.00000000      0.00009908
                       -0.00000000     -0.00000372     -0.00000000
     Channel =  22     -0.00002067      0.00000000      0.00000466
                        0.00001583      0.00000000      0.00000522
                        0.00001498      0.00000000     -0.00000000
                        0.00000337      0.00005624      0.00000000
                        0.00000106     -0.00000121      0.00000000
                        0.00000001     -0.00000000     -0.00001242
                        0.00000000     -0.00006919      0.00001516
                        0.00007190     -0.00000000      0.00000000
                       -0.00003589      0.00000660      0.00000000
                        0.00002572      0.00000000      0.00001414
     Channel =  23      0.00000848     -0.00000000      0.00000341
                        0.00000127     -0.00000000     -0.00000542
                       -0.00000680      0.00000000      0.00000000
                       -0.00000165     -0.00002437     -0.00000000
                        0.00000139      0.00000076     -0.00000000
                        0.00000001      0.00000000     -0.00001834
                       -0.00000000     -0.00000180     -0.00002537
                       -0.00003840      0.00000000     -0.00000000
                        0.00001770     -0.00000247     -0.00000000
                        0.00003879      0.00000000      0.00001511
     Channel =  24      0.00000000      0.00000145     -0.00000000
                       -0.00000000      0.00000126     -0.00000000
                        0.00000000      0.00000107      0.00000097
                       -0.00000000      0.00000000      0.00000124
                       -0.00000000     -0.00000000     -0.00000047
                        0.00000000     -0.00000619      0.00000000
                        0.00000442      0.00000000     -0.00000000
                        0.00000000      0.00000626     -0.00000554
                       -0.00000000      0.00000000      0.00000677
                        0.00000000      0.00000540      0.00000000
     Channel =  25     -0.00000000      0.00001508     -0.00000000
                       -0.00000000      0.00001880      0.00000000
                        0.00000000      0.00000056     -0.00000362
                        0.00000000      0.00000000      0.00000758
                       -0.00000000      0.00000000      0.00000416
                       -0.00000000     -0.00006590      0.00000000
                        0.00007906     -0.00000000      0.00000000
                        0.00000000      0.00000417      0.00002537
                       -0.00000000      0.00000000      0.00009440
                        0.00000000      0.00000716      0.00000000
     Channel =  26     -0.00000000     -0.00003413      0.00000000
                       -0.00000000      0.00001993      0.00000000
                        0.00000000      0.00005092     -0.00014393
                        0.00000000     -0.00000000      0.00002164
                       -0.00000000      0.00000000      0.00004049
                        0.00000000     -0.00013753     -0.00000000
                       -0.00007112      0.00000000      0.00000000
                       -0.00000000     -0.00005439     -0.00017727
                        0.00000000     -0.00000000     -0.00133944
                       -0.00000000      0.00012492     -0.00000000
     Channel =  27     -0.00017659     -0.00000000      0.00004735
                        0.00006342      0.00000000     -0.00008059
                        0.00002920      0.00000000      0.00000000
                       -0.00001002      0.00006485     -0.00000000
                       -0.00004861      0.00015685     -0.00000000
                       -0.00000777     -0.00000000     -0.00000320
                        0.00000000     -0.00008124      0.00005550
                        0.00019036      0.00000000      0.00000000
                       -0.00011650      0.00003613     -0.00000000
                        0.00001867     -0.00000000      0.00001770
     Channel =  28     -0.00000000      0.00005329     -0.00000000
                        0.00000000      0.00009674      0.00000000
                       -0.00000000     -0.00002504      0.00002050
                        0.00000000     -0.00000000     -0.00002496
                        0.00000000     -0.00000000     -0.00011482
                        0.00000000     -0.00005729      0.00000000
                        0.00005291      0.00000000      0.00000000
                        0.00000000     -0.00000398      0.00003676
                       -0.00000000      0.00000000      0.00016710
                        0.00000000     -0.00001226      0.00000000
     Channel =  29      0.00006295      0.00000000      0.00006501
                       -0.00001630      0.00000000      0.00002210
                       -0.00006702      0.00000000      0.00000000
                        0.00008076      0.00002083      0.00000000
                        0.00002446     -0.00001634     -0.00000000
                        0.00001984     -0.00000000      0.00003859
                       -0.00000000      0.00001664     -0.00002872
                       -0.00004667     -0.00000000     -0.00000000
                        0.00005348      0.00001730     -0.00000000
                        0.00004263      0.00000000      0.00001093
     Channel =  30     -0.00000000      0.00002707      0.00000000
                       -0.00000000     -0.00002783      0.00000000
                        0.00000000      0.00003926      0.00008553
                       -0.00000000      0.00000000      0.00001968
                       -0.00000000     -0.00000000      0.00000786
                       -0.00000000     -0.00001215     -0.00000000
                        0.00002026      0.00000000     -0.00000000
                        0.00000000     -0.00000615      0.00003263
                        0.00000000     -0.00000000      0.00002161
                        0.00000000      0.00001012      0.00000000
     Channel =  31     -0.00000000      0.00008497      0.00000000
                        0.00000000     -0.00001314     -0.00000000
                        0.00000000      0.00004348      0.00003478
                        0.00000000     -0.00000000      0.00000137
                        0.00000000     -0.00000000     -0.00001252
                        0.00000000      0.00010781     -0.00000000
                        0.00000335     -0.00000000      0.00000000
                       -0.00000000     -0.00000765      0.00001401
                        0.00000000     -0.00000000      0.00001280
                       -0.00000000      0.00000620      0.00000000
     Channel =  32      0.00000326      0.00000000     -0.00000228
                       -0.00008724      0.00000000     -0.00005179
                        0.00000129      0.00000000     -0.00000000
                       -0.00000407      0.00002677     -0.00000000
                       -0.00002950     -0.00001289      0.00000000
                        0.00002970     -0.00000000     -0.00000847
                        0.00000000     -0.00007215      0.00003296
                       -0.00001112     -0.00000000     -0.00000000
                        0.00000265      0.00000052      0.00000000
                        0.00000399      0.00000000     -0.00001056
     Channel =  33     -0.00001060      0.00000000     -0.00003618
                       -0.00003302      0.00000000      0.00005120
                        0.00001484      0.00000000      0.00000000
                       -0.00001946     -0.00000624     -0.00000000
                       -0.00004650     -0.00008095      0.00000000
                       -0.00007065     -0.00000000     -0.00001694
                        0.00000000     -0.00001327     -0.00004065
                        0.00000293     -0.00000000      0.00000000
                       -0.00001462     -0.00000256     -0.00000000
                       -0.00002748      0.00000000     -0.00004068
     Channel =  34      0.00000000     -0.00001230     -0.00000000
                       -0.00000000     -0.00002133     -0.00000000
                       -0.00000000     -0.00001046     -0.00002967
                       -0.00000000      0.00000000     -0.00002856
                        0.00000000      0.00000000      0.00009780
                        0.00000000     -0.00000837      0.00000000
                        0.00001771      0.00000000     -0.00000000
                        0.00000000      0.00000386     -0.00000914
                       -0.00000000     -0.00000000     -0.00001152
                        0.00000000      0.00001048      0.00000000
     Channel =  35      0.00000000     -0.00003154     -0.00000000
                       -0.00000000     -0.00006554     -0.00000000
                       -0.00000000     -0.00000359     -0.00000568
                        0.00000000     -0.00000000     -0.00004889
                        0.00000000     -0.00000000      0.00004290
                       -0.00000000     -0.00003826      0.00000000
                        0.00005348      0.00000000     -0.00000000
                        0.00000000      0.00000414     -0.00000817
                       -0.00000000      0.00000000     -0.00005332
                        0.00000000      0.00002039      0.00000000
     Channel =  36     -0.00003544     -0.00000000     -0.00001885
                        0.00000432     -0.00000000      0.00000405
                        0.00002357     -0.00000000      0.00000000
                        0.00000623      0.00011769     -0.00000000
                       -0.00000097      0.00000053     -0.00000000
                        0.00000016      0.00000000      0.00009927
                       -0.00000000     -0.00004740      0.00002385
                        0.00037187      0.00000000      0.00000000
                       -0.00033625      0.00008488     -0.00000000
                       -0.00042869      0.00000000     -0.00034189
     Channel =  37     -0.00000000      0.00004380      0.00000000
                        0.00000000      0.00003627      0.00000000
                       -0.00000000      0.00000101     -0.00000953
                        0.00000000      0.00000000      0.00001093
                       -0.00000000     -0.00000000      0.00000615
                       -0.00000000     -0.00008384     -0.00000000
                        0.00006209      0.00000000     -0.00000000
                       -0.00000000     -0.00002400     -0.00005222
                        0.00000000     -0.00000000     -0.00083092
                        0.00000000      0.00011233     -0.00000000
     Channel =  38     -0.00007058      0.00000000     -0.00001212
                        0.00002306      0.00000000      0.00001100
                        0.00002235     -0.00000000     -0.00000000
                        0.00000491      0.00005496      0.00000000
                       -0.00000210     -0.00000153      0.00000000
                        0.00000043     -0.00000000     -0.00003059
                        0.00000000      0.00002271     -0.00001440
                       -0.00064592      0.00000000     -0.00000000
                        0.00057249     -0.00015066      0.00000000
                        0.00110544     -0.00000000      0.00082140
     Channel =  39      0.00000000      0.00002837      0.00000000
                        0.00000000      0.00001522     -0.00000000
                       -0.00000000      0.00000006     -0.00000174
                       -0.00000000     -0.00000000      0.00001065
                       -0.00000000      0.00000000      0.00000648
                       -0.00000000     -0.00014111     -0.00000000
                        0.00008121      0.00000000      0.00000000
                        0.00000000      0.00001648      0.00003396
                        0.00000000      0.00000000      0.00032919
                        0.00000000     -0.00004209      0.00000000
     Channel =  40     -0.00006378      0.00000000     -0.00000481
                        0.00000582      0.00000000      0.00001052
                        0.00003184      0.00000000     -0.00000000
                        0.00000812      0.00015492      0.00000000
                        0.00000180      0.00000055      0.00000000
                       -0.00000022     -0.00000000      0.00003396
                        0.00000000     -0.00001908      0.00003012
                        0.00014801     -0.00000000      0.00000000
                       -0.00011715      0.00003318      0.00000000
                        0.00005601      0.00000000      0.00001136
     Channel =  41      0.00006151      0.00000000      0.00002101
                       -0.00000781      0.00000000     -0.00000680
                       -0.00003026      0.00000000     -0.00000000
                       -0.00000773     -0.00014778      0.00000000
                        0.00000114     -0.00000155      0.00000000
                       -0.00000000     -0.00000000     -0.00009512
                        0.00000000      0.00002452     -0.00002457
                       -0.00019898      0.00000000      0.00000000
                        0.00018075     -0.00004390      0.00000000
                        0.00029893     -0.00000000      0.00021650
     Channel =  42      0.00000000     -0.00000238     -0.00000000
                       -0.00000000     -0.00000465     -0.00000000
                        0.00000000      0.00000236      0.00000054
                        0.00000000      0.00000000     -0.00000040
                        0.00000000      0.00000000     -0.00000037
                        0.00000000      0.00000096     -0.00000000
                       -0.00001272     -0.00000000      0.00000000
                       -0.00000000      0.00001234     -0.00000052
                       -0.00000000     -0.00000000      0.00002891
                       -0.00000000     -0.00000847     -0.00000000
     Channel =  43     -0.00000000     -0.00000532     -0.00000000
                        0.00000000     -0.00002736     -0.00000000
                        0.00000000      0.00000525      0.00000457
                       -0.00000000      0.00000000     -0.00000652
                        0.00000000     -0.00000000     -0.00000487
                       -0.00000000      0.00007177      0.00000000
                       -0.00015019     -0.00000000      0.00000000
                       -0.00000000      0.00001683     -0.00004500
                       -0.00000000     -0.00000000     -0.00021072
                       -0.00000000      0.00000867     -0.00000000
     Channel =  44     -0.00004026     -0.00000000      0.00000036
                        0.00001691     -0.00000000      0.00000091
                        0.00002438     -0.00000000      0.00000000
                        0.00000395      0.00009774     -0.00000000
                       -0.00000042     -0.00000002     -0.00000000
                       -0.00000013      0.00000000      0.00000278
                       -0.00000000     -0.00007020     -0.00000879
                        0.00011718     -0.00000000      0.00000000
                       -0.00007290      0.00002269     -0.00000000
                       -0.00002207      0.00000000     -0.00001319
     Channel =  45     -0.00001963     -0.00000000     -0.00001971
                        0.00000920     -0.00000000      0.00000563
                        0.00001357     -0.00000000      0.00000000
                        0.00000380      0.00005530     -0.00000000
                       -0.00000060     -0.00000017     -0.00000000
                        0.00000019      0.00000000      0.00007688
                       -0.00000000     -0.00005205      0.00002307
                        0.00010014     -0.00000000     -0.00000000
                       -0.00007551      0.00001506     -0.00000000
                       -0.00014189      0.00000000     -0.00010893
     Channel =  46      0.00000000     -0.00002242      0.00000000
                       -0.00000000     -0.00001484     -0.00000000
                       -0.00000000      0.00000210      0.00000166
                       -0.00000000     -0.00000000     -0.00000877
                        0.00000000     -0.00000000     -0.00000444
                        0.00000000      0.00010059     -0.00000000
                       -0.00006809      0.00000000      0.00000000
                        0.00000000      0.00000858     -0.00002483
                       -0.00000000      0.00000000     -0.00019068
                        0.00000000      0.00001491      0.00000000
     Channel =  47     -0.00000000     -0.00000972      0.00000000
                       -0.00000000     -0.00002295      0.00000000
                        0.00000000      0.00001019      0.00000686
                        0.00000000      0.00000000     -0.00000235
                        0.00000000     -0.00000000     -0.00000610
                       -0.00000000      0.00006287     -0.00000000
                       -0.00011195     -0.00000000      0.00000000
                        0.00000000      0.00005605     -0.00005243
                       -0.00000000     -0.00000000     -0.00015184
                       -0.00000000      0.00003920     -0.00000000
     Channel =  48      0.00004140      0.00000000     -0.00000339
                       -0.00000627      0.00000000     -0.00001227
                       -0.00002073      0.00000000      0.00000000
                       -0.00000854     -0.00010759      0.00000000
                       -0.00000170     -0.00000049      0.00000000
                       -0.00000139     -0.00000000     -0.00000317
                        0.00000000      0.00002428     -0.00005027
                       -0.00011014      0.00000000     -0.00000000
                        0.00010437     -0.00000616      0.00000000
                        0.00001213     -0.00000000      0.00002749
     Channel =  49      0.00006145      0.00000000     -0.00000813
                       -0.00001281      0.00000000     -0.00000714
                       -0.00003365      0.00000000     -0.00000000
                       -0.00000724     -0.00015795     -0.00000000
                       -0.00000133     -0.00000013      0.00000000
                        0.00000066     -0.00000000      0.00001118
                       -0.00000000      0.00004686     -0.00002096
                       -0.00017255      0.00000000     -0.00000000
                        0.00013191     -0.00003765      0.00000000
                       -0.00001312      0.00000000      0.00000489
     Channel =  50     -0.00000874      0.00000000      0.00001148
                        0.00000476      0.00000000     -0.00000286
                        0.00000724     -0.00000000     -0.00000000
                       -0.00000004      0.00002603      0.00000000
                        0.00000043      0.00000095      0.00000000
                       -0.00000042     -0.00000000     -0.00003720
                        0.00000000     -0.00001548     -0.00001393
                        0.00003911     -0.00000000      0.00000000
                       -0.00001601      0.00001229      0.00000000
                        0.00003844     -0.00000000      0.00002917
     Channel =  51     -0.00000000     -0.00153440      0.00000000
                       -0.00000000      0.00013936     -0.00000000
                       -0.00000000      0.00022752     -0.00001831
                       -0.00000000     -0.00000000      0.00012430
                       -0.00000000      0.00000000      0.00007639
                        0.00000000     -0.00127054      0.00000000
                       -0.00051327     -0.00000000      0.00000000
                        0.00000000     -0.00035138     -0.00020860
                       -0.00000000      0.00000000     -0.00128936
                        0.00000000      0.00000371      0.00000000
     Channel =  52     -0.00134516     -0.00000000      0.00042252
                        0.00138621      0.00000000     -0.00004637
                       -0.00028591      0.00000000      0.00000000
                       -0.00005289     -0.00156234     -0.00000000
                       -0.00012299     -0.00003277      0.00000000
                        0.00001508     -0.00000000      0.00023548
                       -0.00000000      0.00085806      0.00034654
                        0.00161065     -0.00000000      0.00000000
                       -0.00117670      0.00034389     -0.00000000
                        0.00018222      0.00000000     -0.00010089
     Channel =  53      0.00000000      0.00041096      0.00000000
                        0.00000000      0.00107197      0.00000000
                        0.00000000      0.00012226      0.00003139
                        0.00000000      0.00000000     -0.00013758
                        0.00000000     -0.00000000      0.00001161
                       -0.00000000      0.00048832      0.00000000
                       -0.00059364     -0.00000000     -0.00000000
                       -0.00000000     -0.00030885      0.00033010
                        0.00000000      0.00000000      0.00086026
                        0.00000000      0.00008929      0.00000000
     Channel =  54      0.00045868      0.00000000      0.00085441
                       -0.00030245      0.00000000      0.00018881
                       -0.00159524      0.00000000      0.00000000
                       -0.00006416      0.00069468      0.00000000
                        0.00008395      0.00004662     -0.00000000
                       -0.00002126      0.00000000      0.00082221
                       -0.00000000     -0.00015696     -0.00026371
                        0.00051258     -0.00000000     -0.00000000
                        0.00106202     -0.00016113      0.00000000
                        0.00035160     -0.00000000      0.00023510
     Channel =  55     -0.00000000      0.00065365     -0.00000000
                       -0.00000000     -0.00031475      0.00000000
                        0.00000000      0.00120388      0.00084513
                       -0.00000000      0.00000000      0.00007928
                       -0.00000000     -0.00000000     -0.00009999
                       -0.00000000      0.00057077     -0.00000000
                        0.00026942     -0.00000000     -0.00000000
                        0.00000000     -0.00077311      0.00061859
                        0.00000000     -0.00000000      0.00013982
                       -0.00000000     -0.00005576     -0.00000000
     Channel =  56     -0.00000000      0.00122428     -0.00000000
                       -0.00000000     -0.00028130     -0.00000000
                        0.00000000      0.00129258     -0.00103748
                        0.00000000      0.00000000     -0.00004838
                        0.00000000      0.00000000      0.00005933
                       -0.00000000      0.00090019      0.00000000
                        0.00048347     -0.00000000      0.00000000
                       -0.00000000     -0.00111023     -0.00039335
                       -0.00000000      0.00000000      0.00084059
                       -0.00000000      0.00010224     -0.00000000
     Channel =  57     -0.00001198      0.00000000      0.00005737
                       -0.00116872      0.00000000     -0.00073595
                        0.00019683      0.00000000     -0.00000000
                        0.00005123      0.00015100     -0.00000000
                       -0.00089802      0.00143311     -0.00000000
                       -0.00006393      0.00000000      0.00000446
                        0.00000000     -0.00101720      0.00045550
                       -0.00027564     -0.00000000     -0.00000000
                        0.00000521      0.00008061      0.00000000
                        0.00014951      0.00000000     -0.00037908
     Channel =  58     -0.00013000     -0.00000000     -0.00012662
                       -0.00104173     -0.00000000      0.00077671
                        0.00033261      0.00000000      0.00000000
                       -0.00005336     -0.00015412     -0.00000000
                       -0.00169618     -0.00069210      0.00000000
                        0.00007772     -0.00000000     -0.00019052
                        0.00000000     -0.00089545     -0.00073517
                       -0.00029783     -0.00000000      0.00000000
                       -0.00005206      0.00003828     -0.00000000
                        0.00039904      0.00000000     -0.00105919
     Channel =  59     -0.00000000     -0.00023997      0.00000000
                       -0.00000000     -0.00081630     -0.00000000
                        0.00000000     -0.00023810     -0.00021923
                       -0.00000000     -0.00000000     -0.00121615
                        0.00000000      0.00000000      0.00089304
                        0.00000000     -0.00043438     -0.00000000
                        0.00065473      0.00000000      0.00000000
                       -0.00000000      0.00008390     -0.00018781
                       -0.00000000     -0.00000000     -0.00040858
                        0.00000000      0.00073201      0.00000000
     Channel =  60      0.00000000     -0.00031661      0.00000000
                       -0.00000000     -0.00107647      0.00000000
                        0.00000000     -0.00023468      0.00001973
                        0.00000000     -0.00000000     -0.00126469
                        0.00000000     -0.00000000     -0.00087254
                       -0.00000000     -0.00071350     -0.00000000
                        0.00082474      0.00000000     -0.00000000
                       -0.00000000     -0.00003852     -0.00015444
                       -0.00000000      0.00000000     -0.00044130
                        0.00000000      0.00075002      0.00000000
     Channel =  61     -0.00002504     -0.00000000     -0.00001673
                        0.00024357     -0.00000000      0.00015088
                        0.00097259     -0.00000000      0.00000000
                        0.00080373     -0.00014875     -0.00000000
                        0.00004181     -0.00012792     -0.00000000
                        0.00003078     -0.00000000      0.00012260
                        0.00000000      0.00013638     -0.00011311
                       -0.00039161      0.00000000      0.00000000
                       -0.00044755      0.00061529      0.00000000
                        0.00022777      0.00000000      0.00008338
     Channel =  62      0.00002420     -0.00000000      0.00008688
                        0.00024660     -0.00000000     -0.00025722
                        0.00115313     -0.00000000     -0.00000000
                       -0.00066582     -0.00016457     -0.00000000
                        0.00017110      0.00005782      0.00000000
                       -0.00002742     -0.00000000      0.00010639
                        0.00000000      0.00008787      0.00018560
                       -0.00045924      0.00000000      0.00000000
                       -0.00073188     -0.00033567     -0.00000000
                        0.00023472      0.00000000      0.00026973
     Channel =  63      0.00000000      0.00009512     -0.00000000
                        0.00000000      0.00022048     -0.00000000
                       -0.00000000     -0.00082802     -0.00054760
                        0.00000000      0.00000000      0.00014030
                        0.00000000      0.00000000     -0.00009222
                        0.00000000      0.00004430     -0.00000000
                       -0.00010637     -0.00000000      0.00000000
                        0.00000000      0.00063172     -0.00036774
                       -0.00000000      0.00000000      0.00030810
                       -0.00000000     -0.00008381      0.00000000
     Channel =  64     -0.00000000      0.00011379     -0.00000000
                        0.00000000      0.00026622     -0.00000000
                       -0.00000000     -0.00110378     -0.00043072
                       -0.00000000      0.00000000      0.00012499
                        0.00000000      0.00000000      0.00010037
                       -0.00000000      0.00007948      0.00000000
                       -0.00014515     -0.00000000      0.00000000
                        0.00000000      0.00085739     -0.00027925
                       -0.00000000     -0.00000000      0.00035219
                       -0.00000000     -0.00002763      0.00000000
     Channel =  65     -0.00000000     -0.00006839     -0.00000000
                        0.00000000     -0.00000838      0.00000000
                       -0.00000000     -0.00084801      0.00113709
                        0.00000000      0.00000000     -0.00001104
                        0.00000000     -0.00000000     -0.00002673
                        0.00000000      0.00003382      0.00000000
                       -0.00001281      0.00000000      0.00000000
                        0.00000000      0.00062211      0.00068983
                        0.00000000     -0.00000000     -0.00029921
                       -0.00000000      0.00009014      0.00000000

 Channel data will be written UNFORMATTED to set number  1 on unit number 10
 Header :e + H2O - doublet Ap                                        20230416  144928.591

 Target state    Spin    M    G/U  Energy (au)
         1         1     0     0  -76.107428
         2         3     1     0  -75.495166
         3         1     1     0  -75.460381
         4         3     0     0  -75.430732
         5         1     0     0  -75.292388

 Residual charge on system = 0

 Channel   Target state  L   M  Threshold (Ryd)
    1            1       0   0    0.000000
    2            1       1  -1    0.000000
    3            1       1   0    0.000000
    4            1       2  -1    0.000000
    5            1       2   0    0.000000
    6            1       2   2    0.000000
    7            1       3  -3    0.000000
    8            1       3  -1    0.000000
    9            1       3   0    0.000000
   10            1       3   2    0.000000
   11            1       4  -3    0.000000
   12            1       4  -1    0.000000
   13            1       4   0    0.000000
   14            1       4   2    0.000000
   15            1       4   4    0.000000
   16            2       1   1    1.224524
   17            2       2  -2    1.224524
   18            2       2   1    1.224524
   19            2       3  -2    1.224524
   20            2       3   1    1.224524
   21            2       3   3    1.224524
   22            2       4  -4    1.224524
   23            2       4  -2    1.224524
   24            2       4   1    1.224524
   25            2       4   3    1.224524
   26            3       1   1    1.294094
   27            3       2  -2    1.294094
   28            3       2   1    1.294094
   29            3       3  -2    1.294094
   30            3       3   1    1.294094
   31            3       3   3    1.294094
   32            3       4  -4    1.294094
   33            3       4  -2    1.294094
   34            3       4   1    1.294094
   35            3       4   3    1.294094
   36            4       0   0    1.353392
   37            4       1  -1    1.353392
   38            4       1   0    1.353392
   39            4       2  -1    1.353392
   40            4       2   0    1.353392
   41            4       2   2    1.353392
   42            4       3  -3    1.353392
   43            4       3  -1    1.353392
   44            4       3   0    1.353392
   45            4       3   2    1.353392
   46            4       4  -3    1.353392
   47            4       4  -1    1.353392
   48            4       4   0    1.353392
   49            4       4   2    1.353392
   50            4       4   4    1.353392
   51            5       0   0    1.630079
   52            5       1  -1    1.630079
   53            5       1   0    1.630079
   54            5       2  -1    1.630079
   55            5       2   0    1.630079
   56            5       2   2    1.630079
   57            5       3  -3    1.630079
   58            5       3  -1    1.630079
   59            5       3   0    1.630079
   60            5       3   2    1.630079
   61            5       4  -3    1.630079
   62            5       4  -1    1.630079
   63            5       4   0    1.630079
   64            5       4   2    1.630079
   65            5       4   4    1.630079

 R-matrix data will be written UNFORMATTED to set number  1 on unit number 21
 Header :e + H2O - doublet Ap                                        20230416  144928.591


 *** Task has been successfully completed ***
