+-------------------------------------------------------------------------+
|              _              |                                           |
| || || ||//  | \          |  | University College London (C) 1994 - 2020 |
| || || ||    | / |/\/\ /\ |  | Open University           (C) 2007 - 2020 |
| \\_// ||\\  | \ | | | \/ |  |                                           |
|                             |                                           |
+-------------------------------------------------------------------------+
| Last revision: 3.2                                                      |
| Last author:   Jimena Gorfinkiel                                        |
| Last date:     Tue Dec 21 17:59:46 2021 +0000                           |
+-------------------------------------------------------------------------+


 PROGRAM SCATCI (19 Oct 2009) : 

                         DATE = 20230416

                         TIME = 144925.288


 CONGEN: e + H2O - doublet Ap                                                                                                    
 SCATCI: e + H2O - doublet Ap                                                                                                    
 MGVN =         0     S    =  0.5
 NELT =        11     SZ   =  0.5
 IDIAG=         2     R    =  0.0
 THRES=   0.1D-09     NSYM =    2
 MEGUL=720, NOCSF=      1065
 NPFLG         0   0   0   0   0   0
 NOB(i)=                    98
 setting NOBE(i)=                    98
 NOB(i)=                    57
 setting NOBE(i)=                    57
 NOB  =        98  57
 NOB0 =        11   1
 NOBC =        11   1
 NDTRF=         1   2   3   4   5   6   7   8   9  10  11
 NSRB=  310    LNDOF=     26823    LCDOF=      3705
 nfte =  820        nfti =    16       lembf=  5000       iodr =   1
 MOLECULE SYMMETRY CASE,  SYMTYP = 2

 Prototype CSF option requested

 CI target option requested,
 Vectors to be read from unit NFTG = 26
 Phases for target vectors read in from CONGEN

 Number of target symmetries in expansion,   NTGSYM =    4
 Number of continuum orbitals for each state, NOTGT =   87   87   56   56
 Number of CI components for each state,      NCTGT =        65        55        40        50
 Number of target states of each symmetry,   NUMTGT =    2    1    1    1
 Continuum M projection  for each state,      MCONT =    0    0    1    1

 Diagonalisation of Hamiltonian matrix requested
 SCATCI will expand NOCSF =   1065 prototype CSFs
               into MXCSF =  16125 actual configurations
               and  MOCSF =   1018 dimension final Hamiltonian

 Number of last continuum CSF, NCONT =    420
     ENERGY EXPRESSIONS COMPUTED FOR MOLECULE SYMMETRY CASE - SYMTYP=  2
 All IIII blocks of integrals
                     1                     0                     0
                     0                     0
                     2                     1                     1
                     1                     1
 All IJIJ blocks
                     3                     1                     0
                     1                     0
 The IIJJ blocks of integrals
                     4                     1                     1
                     0                     0
 NOBE =        98        57
 MBAS =         0         6
 NBASH=         1      4852      6505
   Read wavefunctions from CONGEN and load integrals
                   I         N         G         M         S      MPOS      MCON
                   1         1         0         0         0         0         1
                   2         1         0         0         1         0         1
                   3         2         0         0         0         0         1
                   4         2         0         0         1         0         1
                   5         3         0         0         0         0         1
                   6         3         0         0         1         0         1
                   7         4         0         0         0         0         1
                   8         4         0         0         1         0         1
                   9         5         0         0         0         0         1
                  10         5         0         0         1         0         1
                  11         6         0         0         0         0         1
                  12         6         0         0         1         0         1
                  13         7         0         0         0         0         1
                  14         7         0         0         1         0         1
                  15         8         0         0         0         0         1
                  16         8         0         0         1         0         1
                  17         9         0         0         0         0         1
                  18         9         0         0         1         0         1
                  19        10         0         0         0         0         1
                  20        10         0         0         1         0         1
                  21        11         0         0         0         0         1
                  22        11         0         0         1         0         1
                  23        12         0         0         0         0         0
                  24        12         0         0         1         0         0
                  25        13         0         0         0         0         0
                  26        13         0         0         1         0         0
                  27        14         0         0         0         0         0
                  28        14         0         0         1         0         0
                  29        15         0         0         0         0         0
                  30        15         0         0         1         0         0
                  31        16         0         0         0         0         0
                  32        16         0         0         1         0         0
                  33        17         0         0         0         0         0
                  34        17         0         0         1         0         0
                  35        18         0         0         0         0         0
                  36        18         0         0         1         0         0
                  37        19         0         0         0         0         0
                  38        19         0         0         1         0         0
                  39        20         0         0         0         0         0
                  40        20         0         0         1         0         0
                  41        21         0         0         0         0         0
                  42        21         0         0         1         0         0
                  43        22         0         0         0         0         0
                  44        22         0         0         1         0         0
                  45        23         0         0         0         0         0
                  46        23         0         0         1         0         0
                  47        24         0         0         0         0         0
                  48        24         0         0         1         0         0
                  49        25         0         0         0         0         0
                  50        25         0         0         1         0         0
                  51        26         0         0         0         0         0
                  52        26         0         0         1         0         0
                  53        27         0         0         0         0         0
                  54        27         0         0         1         0         0
                  55        28         0         0         0         0         0
                  56        28         0         0         1         0         0
                  57        29         0         0         0         0         0
                  58        29         0         0         1         0         0
                  59        30         0         0         0         0         0
                  60        30         0         0         1         0         0
                  61        31         0         0         0         0         0
                  62        31         0         0         1         0         0
                  63        32         0         0         0         0         0
                  64        32         0         0         1         0         0
                  65        33         0         0         0         0         0
                  66        33         0         0         1         0         0
                  67        34         0         0         0         0         0
                  68        34         0         0         1         0         0
                  69        35         0         0         0         0         0
                  70        35         0         0         1         0         0
                  71        36         0         0         0         0         0
                  72        36         0         0         1         0         0
                  73        37         0         0         0         0         0
                  74        37         0         0         1         0         0
                  75        38         0         0         0         0         0
                  76        38         0         0         1         0         0
                  77        39         0         0         0         0         0
                  78        39         0         0         1         0         0
                  79        40         0         0         0         0         0
                  80        40         0         0         1         0         0
                  81        41         0         0         0         0         0
                  82        41         0         0         1         0         0
                  83        42         0         0         0         0         0
                  84        42         0         0         1         0         0
                  85        43         0         0         0         0         0
                  86        43         0         0         1         0         0
                  87        44         0         0         0         0         0
                  88        44         0         0         1         0         0
                  89        45         0         0         0         0         0
                  90        45         0         0         1         0         0
                  91        46         0         0         0         0         0
                  92        46         0         0         1         0         0
                  93        47         0         0         0         0         0
                  94        47         0         0         1         0         0
                  95        48         0         0         0         0         0
                  96        48         0         0         1         0         0
                  97        49         0         0         0         0         0
                  98        49         0         0         1         0         0
                  99        50         0         0         0         0         0
                 100        50         0         0         1         0         0
                 101        51         0         0         0         0         0
                 102        51         0         0         1         0         0
                 103        52         0         0         0         0         0
                 104        52         0         0         1         0         0
                 105        53         0         0         0         0         0
                 106        53         0         0         1         0         0
                 107        54         0         0         0         0         0
                 108        54         0         0         1         0         0
                 109        55         0         0         0         0         0
                 110        55         0         0         1         0         0
                 111        56         0         0         0         0         0
                 112        56         0         0         1         0         0
                 113        57         0         0         0         0         0
                 114        57         0         0         1         0         0
                 115        58         0         0         0         0         0
                 116        58         0         0         1         0         0
                 117        59         0         0         0         0         0
                 118        59         0         0         1         0         0
                 119        60         0         0         0         0         0
                 120        60         0         0         1         0         0
                 121        61         0         0         0         0         0
                 122        61         0         0         1         0         0
                 123        62         0         0         0         0         0
                 124        62         0         0         1         0         0
                 125        63         0         0         0         0         0
                 126        63         0         0         1         0         0
                 127        64         0         0         0         0         0
                 128        64         0         0         1         0         0
                 129        65         0         0         0         0         0
                 130        65         0         0         1         0         0
                 131        66         0         0         0         0         0
                 132        66         0         0         1         0         0
                 133        67         0         0         0         0         0
                 134        67         0         0         1         0         0
                 135        68         0         0         0         0         0
                 136        68         0         0         1         0         0
                 137        69         0         0         0         0         0
                 138        69         0         0         1         0         0
                 139        70         0         0         0         0         0
                 140        70         0         0         1         0         0
                 141        71         0         0         0         0         0
                 142        71         0         0         1         0         0
                 143        72         0         0         0         0         0
                 144        72         0         0         1         0         0
                 145        73         0         0         0         0         0
                 146        73         0         0         1         0         0
                 147        74         0         0         0         0         0
                 148        74         0         0         1         0         0
                 149        75         0         0         0         0         0
                 150        75         0         0         1         0         0
                 151        76         0         0         0         0         0
                 152        76         0         0         1         0         0
                 153        77         0         0         0         0         0
                 154        77         0         0         1         0         0
                 155        78         0         0         0         0         0
                 156        78         0         0         1         0         0
                 157        79         0         0         0         0         0
                 158        79         0         0         1         0         0
                 159        80         0         0         0         0         0
                 160        80         0         0         1         0         0
                 161        81         0         0         0         0         0
                 162        81         0         0         1         0         0
                 163        82         0         0         0         0         0
                 164        82         0         0         1         0         0
                 165        83         0         0         0         0         0
                 166        83         0         0         1         0         0
                 167        84         0         0         0         0         0
                 168        84         0         0         1         0         0
                 169        85         0         0         0         0         0
                 170        85         0         0         1         0         0
                 171        86         0         0         0         0         0
                 172        86         0         0         1         0         0
                 173        87         0         0         0         0         0
                 174        87         0         0         1         0         0
                 175        88         0         0         0         0         0
                 176        88         0         0         1         0         0
                 177        89         0         0         0         0         0
                 178        89         0         0         1         0         0
                 179        90         0         0         0         0         0
                 180        90         0         0         1         0         0
                 181        91         0         0         0         0         0
                 182        91         0         0         1         0         0
                 183        92         0         0         0         0         0
                 184        92         0         0         1         0         0
                 185        93         0         0         0         0         0
                 186        93         0         0         1         0         0
                 187        94         0         0         0         0         0
                 188        94         0         0         1         0         0
                 189        95         0         0         0         0         0
                 190        95         0         0         1         0         0
                 191        96         0         0         0         0         0
                 192        96         0         0         1         0         0
                 193        97         0         0         0         0         0
                 194        97         0         0         1         0         0
                 195        98         0         0         0         0         0
                 196        98         0         0         1         0         0
                 197        99         0         1         0         0         1
                 198        99         0         1         1         0         1
                 199       100         0         1         0         0         0
                 200       100         0         1         1         0         0
                 201       101         0         1         0         0         0
                 202       101         0         1         1         0         0
                 203       102         0         1         0         0         0
                 204       102         0         1         1         0         0
                 205       103         0         1         0         0         0
                 206       103         0         1         1         0         0
                 207       104         0         1         0         0         0
                 208       104         0         1         1         0         0
                 209       105         0         1         0         0         0
                 210       105         0         1         1         0         0
                 211       106         0         1         0         0         0
                 212       106         0         1         1         0         0
                 213       107         0         1         0         0         0
                 214       107         0         1         1         0         0
                 215       108         0         1         0         0         0
                 216       108         0         1         1         0         0
                 217       109         0         1         0         0         0
                 218       109         0         1         1         0         0
                 219       110         0         1         0         0         0
                 220       110         0         1         1         0         0
                 221       111         0         1         0         0         0
                 222       111         0         1         1         0         0
                 223       112         0         1         0         0         0
                 224       112         0         1         1         0         0
                 225       113         0         1         0         0         0
                 226       113         0         1         1         0         0
                 227       114         0         1         0         0         0
                 228       114         0         1         1         0         0
                 229       115         0         1         0         0         0
                 230       115         0         1         1         0         0
                 231       116         0         1         0         0         0
                 232       116         0         1         1         0         0
                 233       117         0         1         0         0         0
                 234       117         0         1         1         0         0
                 235       118         0         1         0         0         0
                 236       118         0         1         1         0         0
                 237       119         0         1         0         0         0
                 238       119         0         1         1         0         0
                 239       120         0         1         0         0         0
                 240       120         0         1         1         0         0
                 241       121         0         1         0         0         0
                 242       121         0         1         1         0         0
                 243       122         0         1         0         0         0
                 244       122         0         1         1         0         0
                 245       123         0         1         0         0         0
                 246       123         0         1         1         0         0
                 247       124         0         1         0         0         0
                 248       124         0         1         1         0         0
                 249       125         0         1         0         0         0
                 250       125         0         1         1         0         0
                 251       126         0         1         0         0         0
                 252       126         0         1         1         0         0
                 253       127         0         1         0         0         0
                 254       127         0         1         1         0         0
                 255       128         0         1         0         0         0
                 256       128         0         1         1         0         0
                 257       129         0         1         0         0         0
                 258       129         0         1         1         0         0
                 259       130         0         1         0         0         0
                 260       130         0         1         1         0         0
                 261       131         0         1         0         0         0
                 262       131         0         1         1         0         0
                 263       132         0         1         0         0         0
                 264       132         0         1         1         0         0
                 265       133         0         1         0         0         0
                 266       133         0         1         1         0         0
                 267       134         0         1         0         0         0
                 268       134         0         1         1         0         0
                 269       135         0         1         0         0         0
                 270       135         0         1         1         0         0
                 271       136         0         1         0         0         0
                 272       136         0         1         1         0         0
                 273       137         0         1         0         0         0
                 274       137         0         1         1         0         0
                 275       138         0         1         0         0         0
                 276       138         0         1         1         0         0
                 277       139         0         1         0         0         0
                 278       139         0         1         1         0         0
                 279       140         0         1         0         0         0
                 280       140         0         1         1         0         0
                 281       141         0         1         0         0         0
                 282       141         0         1         1         0         0
                 283       142         0         1         0         0         0
                 284       142         0         1         1         0         0
                 285       143         0         1         0         0         0
                 286       143         0         1         1         0         0
                 287       144         0         1         0         0         0
                 288       144         0         1         1         0         0
                 289       145         0         1         0         0         0
                 290       145         0         1         1         0         0
                 291       146         0         1         0         0         0
                 292       146         0         1         1         0         0
                 293       147         0         1         0         0         0
                 294       147         0         1         1         0         0
                 295       148         0         1         0         0         0
                 296       148         0         1         1         0         0
                 297       149         0         1         0         0         0
                 298       149         0         1         1         0         0
                 299       150         0         1         0         0         0
                 300       150         0         1         1         0         0
                 301       151         0         1         0         0         0
                 302       151         0         1         1         0         0
                 303       152         0         1         0         0         0
                 304       152         0         1         1         0         0
                 305       153         0         1         0         0         0
                 306       153         0         1         1         0         0
                 307       154         0         1         0         0         0
                 308       154         0         1         1         0         0
                 309       155         0         1         0         0         0
                 310       155         0         1         1         0         0
 GIVEN NSRBD=                   310
 CALCULATED NSRB=                   310

          Assuming UKRMol+ integrals on input.
MPI startup(): PMI server not found. Please set I_MPI_PMI_LIBRARY variable if it is not a singleton case.

 On input SCATCI expects:
 1-electron integrals, NINT1e =0
 2-electron integrals, NINT2e =0

One electron integrals read-in.

Two electron integrals read-in.

 UKRMol+ integrals read successfully:
 1-electron integrals, NINT1e =12090
 2-electron integrals, NINT2e =1255995

          Nuclear repulsion energy =       8.7539184

          Finished reading UKRMol+ integrals.
   Load CI target and construct matrix elements

 TRANSFORMATION VECTOR   1 FROM SET  1 STATE  1
 SET   1    H2O CI calculation - singlet Ap                                                                                         
          NOCSF=   65    NSTAT=    2    NNUC =    4

 Nuclear data     X         Y         Z       Charge
   O  1        0.000000  0.000000  0.130178  8.000000
   H  2        0.000000  1.502107 -1.033297  1.000000
   H  3        0.000000 -1.502107 -1.033297  1.000000
   sc 4        0.000000  0.000000  0.000000  0.000000
          EIGEN-ENERGIES OF THE REQ. STATES
                      -76.1074279830      -75.2923882571

 TRANSFORMATION VECTOR   2 FROM SET  1 STATE  2

 TRANSFORMATION VECTOR   3 FROM SET  2 STATE  1
 SET   2    H2O CI calculation - triplet Ap                                                                                         
          NOCSF=   55    NSTAT=    1    NNUC =    4

 Nuclear data     X         Y         Z       Charge
   O  1        0.000000  0.000000  0.130178  8.000000
   H  2        0.000000  1.502107 -1.033297  1.000000
   H  3        0.000000 -1.502107 -1.033297  1.000000
   sc 4        0.000000  0.000000  0.000000  0.000000
          EIGEN-ENERGIES OF THE REQ. STATES
                      -75.4307320415

 TRANSFORMATION VECTOR   4 FROM SET  3 STATE  1
 SET   3    H2O CI calculation - singlet App                                                                                        
          NOCSF=   40    NSTAT=    1    NNUC =    4

 Nuclear data     X         Y         Z       Charge
   O  1        0.000000  0.000000  0.130178  8.000000
   H  2        0.000000  1.502107 -1.033297  1.000000
   H  3        0.000000 -1.502107 -1.033297  1.000000
   sc 4        0.000000  0.000000  0.000000  0.000000
          EIGEN-ENERGIES OF THE REQ. STATES
                      -75.4603809136

 TRANSFORMATION VECTOR   5 FROM SET  4 STATE  1
 SET   4    H2O CI calculation - triplet App                                                                                        
          NOCSF=   50    NSTAT=    1    NNUC =    4

 Nuclear data     X         Y         Z       Charge
   O  1        0.000000  0.000000  0.130178  8.000000
   H  2        0.000000  1.502107 -1.033297  1.000000
   H  3        0.000000 -1.502107 -1.033297  1.000000
   sc 4        0.000000  0.000000  0.000000  0.000000
          EIGEN-ENERGIES OF THE REQ. STATES
                      -75.4951661596
     MXCORB SET TO:       100000000


 TOTAL H Matrix     ELEMENTS      =    518671
 NON-ZERO ELEMENTS evaluated      =    364649
 Total    prototype ELEMENTS      =    567645
 Non-zero prototype ELEMENTS      =     60215

 Number (prototype) integrals     =    257660
 Compressed (prototype) integrals =    232849
 Number integrals evaluated       =   4392978
 ===================================================
  inside subroutine --> 'dgmain' --> begins. 
 

  ************************************************************************************************************************

 MATRIX DIAGONALIZATION SECTION
 (RUN)     H2O CI calculation - doublet Ap                                                                                         
  DATA SET FILE NUMBERS AND LENGTH SPECIFICATIONS :
      NFTE =820      NFTW =     25

 NPFLG :      0     0
 NCISET:      1

 NPCVC =    1
 THRHM = 0.10D-14


 (EMX)     e + H2O - doublet Ap                                                                                                    

  1018 Eigenvectors to be computed for
  1018 dimensional final Hamiltonian matrix

    364649 Hamiltonian elements read from unit NFTE =820
 CI data stored as set number  1

 SET   1    H2O CI calculation - doublet Ap                                                                                         

 MGVN = 0    s =   0.5    sz =   0.5    NELT =   11    NNUC =  4

 Nuclear data     X         Y         Z       Charge
   O  1        0.000000  0.000000  0.130178  8.000000
   H  2        0.000000  1.502107 -1.033297  1.000000
   H  3        0.000000 -1.502107 -1.033297  1.000000
   sc 4        0.000000  0.000000  0.000000  0.000000

 NOCSF= 1018    NSTAT= 1018    EN   =        8.7539183677

 NTGSYM=   4
  I   MCONT  NOTGT
  1      0     87
  2      0     87
  3      1     56
  4      1     56

 EIGEN-ENERGIES
                      -76.0964280804      -76.0721048861      -76.0664022298      -76.0348071992      -76.0344256937
                      -76.0313130035      -75.9853518785      -75.9850953694      -75.9837016411      -75.9823968491
                      -75.9782481174      -75.9245508976      -75.9245291901      -75.9236523369      -75.9230469886
                      -75.9220338180      -75.9185110535      -75.8968724027      -75.8536186118      -75.8490657632
                      -75.8314249028      -75.7441853952      -75.7324708954      -75.7285018999      -75.7265656789
                      -75.7231873407      -75.6859816537      -75.6152778702      -75.6130651114      -75.6121618433
                      -75.6106085444      -75.6088866822      -75.6061705568      -75.5911207311      -75.5899389036
                      -75.5468700850      -75.4556743737      -75.4251923890      -75.4216443072      -75.4207594921
                      -75.4202881087      -75.4164967017      -75.3982782443      -75.3944997506      -75.3917004645
                      -75.3905222508      -75.3861109578      -75.3855808696      -75.3736655996      -75.3717647049
                      -75.3715122137      -75.3713852741      -75.3655525513      -75.3587618292      -75.3578323524
                      -75.3564136417      -75.3553524785      -75.3370477983      -75.3367710035      -75.3365773251
                      -75.3247718050      -75.3116580960      -75.3114810585      -75.3113239129      -75.3112712486
                      -75.3081148775      -75.3080296642      -75.3077442544      -75.3060491259      -75.3052771492
                      -75.2769011278      -75.2767056838      -75.2765382638      -75.2764536395      -75.2730951994
                      -75.2606417225      -75.2539886191      -75.2509731091      -75.2478544133      -75.2478365702
                      -75.2469687483      -75.2467109312      -75.2460943221      -75.2447588456      -75.2374881147
                      -75.2340645440      -75.2329711338      -75.2238908833      -75.2218940582      -75.2202511546
                      -75.2185428467      -75.2179191035      -75.2165689351      -75.2145358440      -75.2127407812
                      -75.2077264239      -75.2064182768      -75.2016495643      -75.2003094950      -75.1967323433
                      -75.1906264477      -75.1881837744      -75.1831772699      -75.1696312369      -75.1696203754
                      -75.1682287207      -75.1680352774      -75.1635781824      -75.1571692431      -75.1545822797
                      -75.1489584451      -75.1297180977      -75.1263823485      -75.1157006035      -75.1150567374
                      -75.1144577925      -75.1094667165      -75.1094475897      -75.1084016025      -75.1083824040
                      -75.1079867929      -75.0986214336      -75.0904524693      -75.0819558229      -75.0812361712
                      -75.0796742745      -75.0711281528      -75.0602092508      -75.0596175053      -75.0537543349
                      -75.0501116120      -75.0493311362      -75.0472780878      -75.0372626782      -75.0225302919
                      -75.0052337869      -74.9986179918      -74.9982190441      -74.9977226188      -74.9975320229
                      -74.9866656730      -74.9816286992      -74.9786391685      -74.9647953662      -74.9641527502
                      -74.9630900979      -74.9629597238      -74.9626741217      -74.9574185837      -74.9462071794
                      -74.9422023430      -74.9381535291      -74.9360477733      -74.9359733467      -74.9339691256
                      -74.9334879798      -74.9329002921      -74.9311095486      -74.9277541134      -74.9182280876
                      -74.9164806379      -74.9148842056      -74.9142767150      -74.9107935391      -74.9104142752
                      -74.9083848430      -74.9069574283      -74.9035152555      -74.8954533637      -74.8889768336
                      -74.8861563399      -74.8706687306      -74.8552120060      -74.8538192969      -74.8446982371
                      -74.8267905679      -74.7979805010      -74.7979591680      -74.7947718439      -74.7946330657
                      -74.7937962183      -74.7798102299      -74.7797572758      -74.7756073393      -74.7687796967
                      -74.7683715009      -74.7659533836      -74.7494415613      -74.7415186844      -74.7384408538
                      -74.7368383953      -74.7358366550      -74.7323226516      -74.7254100861      -74.7180044605
                      -74.7090625124      -74.7075684846      -74.7039485113      -74.7003881758      -74.6977030536
                      -74.6953218629      -74.6934321187      -74.6905450894      -74.6768380907      -74.6750838743
                      -74.6734215096      -74.6717166835      -74.6666170875      -74.6602280287      -74.6594713605
                      -74.6461366634      -74.6215621785      -74.6168797983      -74.6099011855      -74.6079723465
                      -74.6051845718      -74.5966212328      -74.5962864957      -74.5954640733      -74.5950215553
                      -74.5944422761      -74.5926379252      -74.5883570974      -74.5810943009      -74.5799933553
                      -74.5653632241      -74.5648587481      -74.5634881835      -74.5632992909      -74.5614027894
                      -74.5603206075      -74.5595882551      -74.5592122509      -74.5549169912      -74.5546791855
                      -74.5521399580      -74.5439313684      -74.5404823236      -74.5375234410      -74.5360865365
                      -74.5356003282      -74.5304135629      -74.5303455541      -74.5270772286      -74.5265327025
                      -74.5261696335      -74.5199596453      -74.5187184306      -74.5135186852      -74.4925780836
                      -74.4893907470      -74.4893580930      -74.4681064315      -74.4578164079      -74.4574356506
                      -74.4555856269      -74.4514271958      -74.4416585596      -74.4389071433      -74.4267051763
                      -74.4223014167      -74.4149502533      -74.4093673040      -74.3997243426      -74.3994466892
                      -74.3961314484      -74.3920331737      -74.3915553820      -74.3896259018      -74.3723876558
                      -74.3637292667      -74.3587463551      -74.3585372402      -74.3536154576      -74.3482517541
                      -74.3454276394      -74.3343419398      -74.3333037246      -74.3273917141      -74.3243287271
                      -74.3127488104      -74.3065051650      -74.3054999944      -74.3034613698      -74.3000435750
                      -74.2942928647      -74.2928764000      -74.2884520074      -74.2790437720      -74.2780972779
                      -74.2724305230      -74.2698757534      -74.2688394871      -74.2658300145      -74.2601831077
                      -74.2540558179      -74.2487458216      -74.2479427705      -74.2454765427      -74.2312090339
                      -74.2302692939      -74.2238432439      -74.2100733648      -74.1986677120      -74.1882602349
                      -74.1839289778      -74.1672540593      -74.1659871441      -74.1604381763      -74.1537355021
                      -74.1518593433      -74.1503238078      -74.1404328364      -74.1346671326      -74.1237504252
                      -74.1230096120      -74.1190374404      -74.1133524816      -74.1115705793      -74.1075321152
                      -74.1004623125      -74.0991279236      -74.0928098383      -74.0863264519      -74.0860428172
                      -74.0770611945      -74.0763254049      -74.0735001479      -74.0722791828      -74.0708883773
                      -74.0649293081      -74.0634842379      -74.0609237732      -74.0579722128      -74.0536858865
                      -74.0506841161      -74.0486278569      -74.0432337986      -74.0401653099      -74.0375767886
                      -74.0340655771      -74.0333709323      -74.0290380627      -74.0282639803      -74.0257988053
                      -74.0255004943      -74.0242908479      -74.0230773649      -74.0168616640      -74.0143611327
                      -74.0121476302      -74.0106167176      -74.0072241047      -74.0025025018      -73.9990998471
                      -73.9959429978      -73.9956532136      -73.9926135174      -73.9898052079      -73.9862622189
                      -73.9834026320      -73.9808572949      -73.9749891868      -73.9696264784      -73.9682394978
                      -73.9670021626      -73.9638325170      -73.9633199536      -73.9564867336      -73.9472026463
                      -73.9414989034      -73.9369261207      -73.9322241209      -73.9237118970      -73.9172037226
                      -73.9161538500      -73.9129267693      -73.9082214891      -73.8969178604      -73.8961674367
                      -73.8899954985      -73.8863622358      -73.8852807808      -73.8833758840      -73.8801259611
                      -73.8776709537      -73.8718959544      -73.8672830992      -73.8643472117      -73.8623913732
                      -73.8621277177      -73.8589053041      -73.8583651541      -73.8546511434      -73.8491250594
                      -73.8478378411      -73.8388764131      -73.8384596120      -73.8302446692      -73.8290464161
