+-------------------------------------------------------------------------+
|              _              |                                           |
| || || ||//  | \          |  | University College London (C) 1994 - 2020 |
| || || ||    | / |/\/\ /\ |  | Open University           (C) 2007 - 2020 |
| \\_// ||\\  | \ | | | \/ |  |                                           |
|                             |                                           |
+-------------------------------------------------------------------------+
| Last revision: unknown                                                  |
| Last author:   unknown                                                  |
| Last date:     unknown                                                  |
+-------------------------------------------------------------------------+
MPI startup(): PMI server not found. Please set I_MPI_PMI_LIBRARY variable if it is not a singleton case.
1

 Program XSECS  (last modified 30-Nov-1998 )

e + H2O - doublet App                                       20230416  145018.667


 T-matrices will be read from set  1 on unit***
  (e + H2O - doublet App                                       20230416  145017.693 )

 Symmetry data  MGVN = 1   STOT = 2   GUTOT = 2

 T-matrices have been calculated from non-adiabatic K-matrices

 Number of target states       =   5
 Number of scattering channels =  60
 Channel data corresponding to stored T-matrix elements
  Element  Target   L    M    Energy
    1         1     1    1   0.00000
    2         1     2   -2   0.00000
    3         1     2    1   0.00000
    4         1     3   -2   0.00000
    5         1     3    1   0.00000
    6         1     3    3   0.00000
    7         1     4   -4   0.00000
    8         1     4   -2   0.00000
    9         1     4    1   0.00000
   10         1     4    3   0.00000
   11         2     0    0   1.22452
   12         2     1   -1   1.22452
   13         2     1    0   1.22452
   14         2     2   -1   1.22452
   15         2     2    0   1.22452
   16         2     2    2   1.22452
   17         2     3   -3   1.22452
   18         2     3   -1   1.22452
   19         2     3    0   1.22452
   20         2     3    2   1.22452
   21         2     4   -3   1.22452
   22         2     4   -1   1.22452
   23         2     4    0   1.22452
   24         2     4    2   1.22452
   25         2     4    4   1.22452
   26         3     0    0   1.29409
   27         3     1   -1   1.29409
   28         3     1    0   1.29409
   29         3     2   -1   1.29409
   30         3     2    0   1.29409
   31         3     2    2   1.29409
   32         3     3   -3   1.29409
   33         3     3   -1   1.29409
   34         3     3    0   1.29409
   35         3     3    2   1.29409
   36         3     4   -3   1.29409
   37         3     4   -1   1.29409
   38         3     4    0   1.29409
   39         3     4    2   1.29409
   40         3     4    4   1.29409
   41         4     1    1   1.35339
   42         4     2   -2   1.35339
   43         4     2    1   1.35339
   44         4     3   -2   1.35339
   45         4     3    1   1.35339
   46         4     3    3   1.35339
   47         4     4   -4   1.35339
   48         4     4   -2   1.35339
   49         4     4    1   1.35339
   50         4     4    3   1.35339
   51         5     1    1   1.63008
   52         5     2   -2   1.63008
   53         5     2    1   1.63008
   54         5     3   -2   1.63008
   55         5     3    1   1.63008
   56         5     3    3   1.63008
   57         5     4   -4   1.63008
   58         5     4   -2   1.63008
   59         5     4    1   1.63008
   60         5     4    3   1.63008

 Input Energy grid (Ryd) 
 Number of points        20       400
 Initial values     0.00001   0.00007
 Increments         0.00004   0.00367

 Cross-sections will be computed for 420 energies in the T-matrix file from  0.0001 to 19.9510 EV 

 Target and channel data is read from set  1 on unit 10
#1 e + H2O - doublet App                                       20230416  145017.693

#                              CROSS SECTIONS IN BOHR**2  FOR INITIAL STATE  1

#     I    E(EV )         TOTAL               1               2               3               4               5
    1   0.15000E-03  0.16272623E+06  0.16272623E+06  0.00000000E+00  0.00000000E+00  0.00000000E+00  0.00000000E+00
    2   0.65000E-03  0.36008487E+05  0.36008487E+05  0.00000000E+00  0.00000000E+00  0.00000000E+00  0.00000000E+00
    3   0.11500E-02  0.20349123E+05  0.20349123E+05  0.00000000E+00  0.00000000E+00  0.00000000E+00  0.00000000E+00
    4   0.16500E-02  0.14177527E+05  0.14177527E+05  0.00000000E+00  0.00000000E+00  0.00000000E+00  0.00000000E+00
    5   0.21500E-02  0.10876910E+05  0.10876910E+05  0.00000000E+00  0.00000000E+00  0.00000000E+00  0.00000000E+00
    6   0.26500E-02  0.88221644E+04  0.88221644E+04  0.00000000E+00  0.00000000E+00  0.00000000E+00  0.00000000E+00
    7   0.31500E-02  0.74199400E+04  0.74199400E+04  0.00000000E+00  0.00000000E+00  0.00000000E+00  0.00000000E+00
    8   0.36500E-02  0.64020319E+04  0.64020319E+04  0.00000000E+00  0.00000000E+00  0.00000000E+00  0.00000000E+00
    9   0.41500E-02  0.56295043E+04  0.56295043E+04  0.00000000E+00  0.00000000E+00  0.00000000E+00  0.00000000E+00
   10   0.46500E-02  0.50231858E+04  0.50231858E+04  0.00000000E+00  0.00000000E+00  0.00000000E+00  0.00000000E+00
   11   0.51500E-02  0.45346554E+04  0.45346554E+04  0.00000000E+00  0.00000000E+00  0.00000000E+00  0.00000000E+00
   12   0.56500E-02  0.41326345E+04  0.41326345E+04  0.00000000E+00  0.00000000E+00  0.00000000E+00  0.00000000E+00
   13   0.61500E-02  0.37960177E+04  0.37960177E+04  0.00000000E+00  0.00000000E+00  0.00000000E+00  0.00000000E+00
   14   0.66500E-02  0.35100482E+04  0.35100482E+04  0.00000000E+00  0.00000000E+00  0.00000000E+00  0.00000000E+00
   15   0.71500E-02  0.32640974E+04  0.32640974E+04  0.00000000E+00  0.00000000E+00  0.00000000E+00  0.00000000E+00
   16   0.76500E-02  0.30503166E+04  0.30503166E+04  0.00000000E+00  0.00000000E+00  0.00000000E+00  0.00000000E+00
   17   0.81500E-02  0.28627840E+04  0.28627840E+04  0.00000000E+00  0.00000000E+00  0.00000000E+00  0.00000000E+00
   18   0.86500E-02  0.26969462E+04  0.26969462E+04  0.00000000E+00  0.00000000E+00  0.00000000E+00  0.00000000E+00
   19   0.91500E-02  0.25492448E+04  0.25492448E+04  0.00000000E+00  0.00000000E+00  0.00000000E+00  0.00000000E+00
   20   0.96500E-02  0.24168599E+04  0.24168599E+04  0.00000000E+00  0.00000000E+00  0.00000000E+00  0.00000000E+00
   21   0.10000E-02  0.23403980E+05  0.23403980E+05  0.00000000E+00  0.00000000E+00  0.00000000E+00  0.00000000E+00
   22   0.51000E-01  0.45501266E+03  0.45501266E+03  0.00000000E+00  0.00000000E+00  0.00000000E+00  0.00000000E+00
   23   0.10100E+00  0.22922607E+03  0.22922607E+03  0.00000000E+00  0.00000000E+00  0.00000000E+00  0.00000000E+00
   24   0.15100E+00  0.15316937E+03  0.15316937E+03  0.00000000E+00  0.00000000E+00  0.00000000E+00  0.00000000E+00
   25   0.20100E+00  0.11503773E+03  0.11503773E+03  0.00000000E+00  0.00000000E+00  0.00000000E+00  0.00000000E+00
   26   0.25100E+00  0.92147223E+02  0.92147223E+02  0.00000000E+00  0.00000000E+00  0.00000000E+00  0.00000000E+00
   27   0.30100E+00  0.76894663E+02  0.76894663E+02  0.00000000E+00  0.00000000E+00  0.00000000E+00  0.00000000E+00
   28   0.35100E+00  0.66012140E+02  0.66012140E+02  0.00000000E+00  0.00000000E+00  0.00000000E+00  0.00000000E+00
   29   0.40100E+00  0.57862923E+02  0.57862923E+02  0.00000000E+00  0.00000000E+00  0.00000000E+00  0.00000000E+00
   30   0.45100E+00  0.51536746E+02  0.51536746E+02  0.00000000E+00  0.00000000E+00  0.00000000E+00  0.00000000E+00
   31   0.50100E+00  0.46487068E+02  0.46487068E+02  0.00000000E+00  0.00000000E+00  0.00000000E+00  0.00000000E+00
   32   0.55100E+00  0.42365931E+02  0.42365931E+02  0.00000000E+00  0.00000000E+00  0.00000000E+00  0.00000000E+00
   33   0.60100E+00  0.38941292E+02  0.38941292E+02  0.00000000E+00  0.00000000E+00  0.00000000E+00  0.00000000E+00
   34   0.65100E+00  0.36052469E+02  0.36052469E+02  0.00000000E+00  0.00000000E+00  0.00000000E+00  0.00000000E+00
   35   0.70100E+00  0.33584673E+02  0.33584673E+02  0.00000000E+00  0.00000000E+00  0.00000000E+00  0.00000000E+00
   36   0.75100E+00  0.31453713E+02  0.31453713E+02  0.00000000E+00  0.00000000E+00  0.00000000E+00  0.00000000E+00
   37   0.80100E+00  0.29596437E+02  0.29596437E+02  0.00000000E+00  0.00000000E+00  0.00000000E+00  0.00000000E+00
   38   0.85100E+00  0.27964546E+02  0.27964546E+02  0.00000000E+00  0.00000000E+00  0.00000000E+00  0.00000000E+00
   39   0.90100E+00  0.26520468E+02  0.26520468E+02  0.00000000E+00  0.00000000E+00  0.00000000E+00  0.00000000E+00
   40   0.95100E+00  0.25234532E+02  0.25234532E+02  0.00000000E+00  0.00000000E+00  0.00000000E+00  0.00000000E+00
   41   0.10010E+01  0.24082998E+02  0.24082998E+02  0.00000000E+00  0.00000000E+00  0.00000000E+00  0.00000000E+00
   42   0.10510E+01  0.23046637E+02  0.23046637E+02  0.00000000E+00  0.00000000E+00  0.00000000E+00  0.00000000E+00
   43   0.11010E+01  0.22109714E+02  0.22109714E+02  0.00000000E+00  0.00000000E+00  0.00000000E+00  0.00000000E+00
   44   0.11510E+01  0.21259221E+02  0.21259221E+02  0.00000000E+00  0.00000000E+00  0.00000000E+00  0.00000000E+00
   45   0.12010E+01  0.20484314E+02  0.20484314E+02  0.00000000E+00  0.00000000E+00  0.00000000E+00  0.00000000E+00
   46   0.12510E+01  0.19775878E+02  0.19775878E+02  0.00000000E+00  0.00000000E+00  0.00000000E+00  0.00000000E+00
   47   0.13010E+01  0.19126193E+02  0.19126193E+02  0.00000000E+00  0.00000000E+00  0.00000000E+00  0.00000000E+00
   48   0.13510E+01  0.18528682E+02  0.18528682E+02  0.00000000E+00  0.00000000E+00  0.00000000E+00  0.00000000E+00
   49   0.14010E+01  0.17977699E+02  0.17977699E+02  0.00000000E+00  0.00000000E+00  0.00000000E+00  0.00000000E+00
   50   0.14510E+01  0.17468375E+02  0.17468375E+02  0.00000000E+00  0.00000000E+00  0.00000000E+00  0.00000000E+00
   51   0.15010E+01  0.16996486E+02  0.16996486E+02  0.00000000E+00  0.00000000E+00  0.00000000E+00  0.00000000E+00
   52   0.15510E+01  0.16558351E+02  0.16558351E+02  0.00000000E+00  0.00000000E+00  0.00000000E+00  0.00000000E+00
   53   0.16010E+01  0.16150746E+02  0.16150746E+02  0.00000000E+00  0.00000000E+00  0.00000000E+00  0.00000000E+00
   54   0.16510E+01  0.15770834E+02  0.15770834E+02  0.00000000E+00  0.00000000E+00  0.00000000E+00  0.00000000E+00
   55   0.17010E+01  0.15416113E+02  0.15416113E+02  0.00000000E+00  0.00000000E+00  0.00000000E+00  0.00000000E+00
   56   0.17510E+01  0.15084363E+02  0.15084363E+02  0.00000000E+00  0.00000000E+00  0.00000000E+00  0.00000000E+00
   57   0.18010E+01  0.14773610E+02  0.14773610E+02  0.00000000E+00  0.00000000E+00  0.00000000E+00  0.00000000E+00
   58   0.18510E+01  0.14482094E+02  0.14482094E+02  0.00000000E+00  0.00000000E+00  0.00000000E+00  0.00000000E+00
   59   0.19010E+01  0.14208240E+02  0.14208240E+02  0.00000000E+00  0.00000000E+00  0.00000000E+00  0.00000000E+00
   60   0.19510E+01  0.13950631E+02  0.13950631E+02  0.00000000E+00  0.00000000E+00  0.00000000E+00  0.00000000E+00
   61   0.20010E+01  0.13707997E+02  0.13707997E+02  0.00000000E+00  0.00000000E+00  0.00000000E+00  0.00000000E+00
   62   0.20510E+01  0.13479187E+02  0.13479187E+02  0.00000000E+00  0.00000000E+00  0.00000000E+00  0.00000000E+00
   63   0.21010E+01  0.13263164E+02  0.13263164E+02  0.00000000E+00  0.00000000E+00  0.00000000E+00  0.00000000E+00
   64   0.21510E+01  0.13058986E+02  0.13058986E+02  0.00000000E+00  0.00000000E+00  0.00000000E+00  0.00000000E+00
   65   0.22010E+01  0.12865799E+02  0.12865799E+02  0.00000000E+00  0.00000000E+00  0.00000000E+00  0.00000000E+00
   66   0.22510E+01  0.12682823E+02  0.12682823E+02  0.00000000E+00  0.00000000E+00  0.00000000E+00  0.00000000E+00
   67   0.23010E+01  0.12509351E+02  0.12509351E+02  0.00000000E+00  0.00000000E+00  0.00000000E+00  0.00000000E+00
   68   0.23510E+01  0.12344735E+02  0.12344735E+02  0.00000000E+00  0.00000000E+00  0.00000000E+00  0.00000000E+00
   69   0.24010E+01  0.12188380E+02  0.12188380E+02  0.00000000E+00  0.00000000E+00  0.00000000E+00  0.00000000E+00
   70   0.24510E+01  0.12039746E+02  0.12039746E+02  0.00000000E+00  0.00000000E+00  0.00000000E+00  0.00000000E+00
   71   0.25010E+01  0.11898332E+02  0.11898332E+02  0.00000000E+00  0.00000000E+00  0.00000000E+00  0.00000000E+00
   72   0.25510E+01  0.11763682E+02  0.11763682E+02  0.00000000E+00  0.00000000E+00  0.00000000E+00  0.00000000E+00
   73   0.26010E+01  0.11635373E+02  0.11635373E+02  0.00000000E+00  0.00000000E+00  0.00000000E+00  0.00000000E+00
   74   0.26510E+01  0.11513019E+02  0.11513019E+02  0.00000000E+00  0.00000000E+00  0.00000000E+00  0.00000000E+00
   75   0.27010E+01  0.11396259E+02  0.11396259E+02  0.00000000E+00  0.00000000E+00  0.00000000E+00  0.00000000E+00
   76   0.27510E+01  0.11284763E+02  0.11284763E+02  0.00000000E+00  0.00000000E+00  0.00000000E+00  0.00000000E+00
   77   0.28010E+01  0.11178226E+02  0.11178226E+02  0.00000000E+00  0.00000000E+00  0.00000000E+00  0.00000000E+00
   78   0.28510E+01  0.11076363E+02  0.11076363E+02  0.00000000E+00  0.00000000E+00  0.00000000E+00  0.00000000E+00
   79   0.29010E+01  0.10978913E+02  0.10978913E+02  0.00000000E+00  0.00000000E+00  0.00000000E+00  0.00000000E+00
   80   0.29510E+01  0.10885630E+02  0.10885630E+02  0.00000000E+00  0.00000000E+00  0.00000000E+00  0.00000000E+00
   81   0.30010E+01  0.10796289E+02  0.10796289E+02  0.00000000E+00  0.00000000E+00  0.00000000E+00  0.00000000E+00
   82   0.30510E+01  0.10710679E+02  0.10710679E+02  0.00000000E+00  0.00000000E+00  0.00000000E+00  0.00000000E+00
   83   0.31010E+01  0.10628604E+02  0.10628604E+02  0.00000000E+00  0.00000000E+00  0.00000000E+00  0.00000000E+00
   84   0.31510E+01  0.10549881E+02  0.10549881E+02  0.00000000E+00  0.00000000E+00  0.00000000E+00  0.00000000E+00
   85   0.32010E+01  0.10474339E+02  0.10474339E+02  0.00000000E+00  0.00000000E+00  0.00000000E+00  0.00000000E+00
   86   0.32510E+01  0.10401819E+02  0.10401819E+02  0.00000000E+00  0.00000000E+00  0.00000000E+00  0.00000000E+00
   87   0.33010E+01  0.10332171E+02  0.10332171E+02  0.00000000E+00  0.00000000E+00  0.00000000E+00  0.00000000E+00
   88   0.33510E+01  0.10265257E+02  0.10265257E+02  0.00000000E+00  0.00000000E+00  0.00000000E+00  0.00000000E+00
   89   0.34010E+01  0.10200946E+02  0.10200946E+02  0.00000000E+00  0.00000000E+00  0.00000000E+00  0.00000000E+00
   90   0.34510E+01  0.10139115E+02  0.10139115E+02  0.00000000E+00  0.00000000E+00  0.00000000E+00  0.00000000E+00
   91   0.35010E+01  0.10079648E+02  0.10079648E+02  0.00000000E+00  0.00000000E+00  0.00000000E+00  0.00000000E+00
   92   0.35510E+01  0.10022437E+02  0.10022437E+02  0.00000000E+00  0.00000000E+00  0.00000000E+00  0.00000000E+00
   93   0.36010E+01  0.99673799E+01  0.99673799E+01  0.00000000E+00  0.00000000E+00  0.00000000E+00  0.00000000E+00
   94   0.36510E+01  0.99143807E+01  0.99143807E+01  0.00000000E+00  0.00000000E+00  0.00000000E+00  0.00000000E+00
   95   0.37010E+01  0.98633483E+01  0.98633483E+01  0.00000000E+00  0.00000000E+00  0.00000000E+00  0.00000000E+00
   96   0.37510E+01  0.98141967E+01  0.98141967E+01  0.00000000E+00  0.00000000E+00  0.00000000E+00  0.00000000E+00
   97   0.38010E+01  0.97668447E+01  0.97668447E+01  0.00000000E+00  0.00000000E+00  0.00000000E+00  0.00000000E+00
   98   0.38510E+01  0.97212152E+01  0.97212152E+01  0.00000000E+00  0.00000000E+00  0.00000000E+00  0.00000000E+00
   99   0.39010E+01  0.96772351E+01  0.96772351E+01  0.00000000E+00  0.00000000E+00  0.00000000E+00  0.00000000E+00
  100   0.39510E+01  0.96348349E+01  0.96348349E+01  0.00000000E+00  0.00000000E+00  0.00000000E+00  0.00000000E+00
  101   0.40010E+01  0.95939486E+01  0.95939486E+01  0.00000000E+00  0.00000000E+00  0.00000000E+00  0.00000000E+00
  102   0.40510E+01  0.95545133E+01  0.95545133E+01  0.00000000E+00  0.00000000E+00  0.00000000E+00  0.00000000E+00
  103   0.41010E+01  0.95164691E+01  0.95164691E+01  0.00000000E+00  0.00000000E+00  0.00000000E+00  0.00000000E+00
  104   0.41510E+01  0.94797586E+01  0.94797586E+01  0.00000000E+00  0.00000000E+00  0.00000000E+00  0.00000000E+00
  105   0.42010E+01  0.94443271E+01  0.94443271E+01  0.00000000E+00  0.00000000E+00  0.00000000E+00  0.00000000E+00
  106   0.42510E+01  0.94101225E+01  0.94101225E+01  0.00000000E+00  0.00000000E+00  0.00000000E+00  0.00000000E+00
  107   0.43010E+01  0.93770944E+01  0.93770944E+01  0.00000000E+00  0.00000000E+00  0.00000000E+00  0.00000000E+00
  108   0.43510E+01  0.93451949E+01  0.93451949E+01  0.00000000E+00  0.00000000E+00  0.00000000E+00  0.00000000E+00
  109   0.44010E+01  0.93143779E+01  0.93143779E+01  0.00000000E+00  0.00000000E+00  0.00000000E+00  0.00000000E+00
  110   0.44510E+01  0.92845990E+01  0.92845990E+01  0.00000000E+00  0.00000000E+00  0.00000000E+00  0.00000000E+00
  111   0.45010E+01  0.92558158E+01  0.92558158E+01  0.00000000E+00  0.00000000E+00  0.00000000E+00  0.00000000E+00
  112   0.45510E+01  0.92279874E+01  0.92279874E+01  0.00000000E+00  0.00000000E+00  0.00000000E+00  0.00000000E+00
  113   0.46010E+01  0.92010742E+01  0.92010742E+01  0.00000000E+00  0.00000000E+00  0.00000000E+00  0.00000000E+00
  114   0.46510E+01  0.91750384E+01  0.91750384E+01  0.00000000E+00  0.00000000E+00  0.00000000E+00  0.00000000E+00
  115   0.47010E+01  0.91498434E+01  0.91498434E+01  0.00000000E+00  0.00000000E+00  0.00000000E+00  0.00000000E+00
  116   0.47510E+01  0.91254540E+01  0.91254540E+01  0.00000000E+00  0.00000000E+00  0.00000000E+00  0.00000000E+00
  117   0.48010E+01  0.91018361E+01  0.91018361E+01  0.00000000E+00  0.00000000E+00  0.00000000E+00  0.00000000E+00
  118   0.48510E+01  0.90789571E+01  0.90789571E+01  0.00000000E+00  0.00000000E+00  0.00000000E+00  0.00000000E+00
  119   0.49010E+01  0.90567853E+01  0.90567853E+01  0.00000000E+00  0.00000000E+00  0.00000000E+00  0.00000000E+00
  120   0.49510E+01  0.90352901E+01  0.90352901E+01  0.00000000E+00  0.00000000E+00  0.00000000E+00  0.00000000E+00
  121   0.50010E+01  0.90144422E+01  0.90144422E+01  0.00000000E+00  0.00000000E+00  0.00000000E+00  0.00000000E+00
  122   0.50510E+01  0.89942131E+01  0.89942131E+01  0.00000000E+00  0.00000000E+00  0.00000000E+00  0.00000000E+00
  123   0.51010E+01  0.89745755E+01  0.89745755E+01  0.00000000E+00  0.00000000E+00  0.00000000E+00  0.00000000E+00
  124   0.51510E+01  0.89555028E+01  0.89555028E+01  0.00000000E+00  0.00000000E+00  0.00000000E+00  0.00000000E+00
  125   0.52010E+01  0.89369697E+01  0.89369697E+01  0.00000000E+00  0.00000000E+00  0.00000000E+00  0.00000000E+00
  126   0.52510E+01  0.89189515E+01  0.89189515E+01  0.00000000E+00  0.00000000E+00  0.00000000E+00  0.00000000E+00
  127   0.53010E+01  0.89014246E+01  0.89014246E+01  0.00000000E+00  0.00000000E+00  0.00000000E+00  0.00000000E+00
  128   0.53510E+01  0.88843662E+01  0.88843662E+01  0.00000000E+00  0.00000000E+00  0.00000000E+00  0.00000000E+00
  129   0.54010E+01  0.88677543E+01  0.88677543E+01  0.00000000E+00  0.00000000E+00  0.00000000E+00  0.00000000E+00
  130   0.54510E+01  0.88515679E+01  0.88515679E+01  0.00000000E+00  0.00000000E+00  0.00000000E+00  0.00000000E+00
  131   0.55010E+01  0.88357868E+01  0.88357868E+01  0.00000000E+00  0.00000000E+00  0.00000000E+00  0.00000000E+00
  132   0.55510E+01  0.88203913E+01  0.88203913E+01  0.00000000E+00  0.00000000E+00  0.00000000E+00  0.00000000E+00
  133   0.56010E+01  0.88053629E+01  0.88053629E+01  0.00000000E+00  0.00000000E+00  0.00000000E+00  0.00000000E+00
  134   0.56510E+01  0.87906836E+01  0.87906836E+01  0.00000000E+00  0.00000000E+00  0.00000000E+00  0.00000000E+00
  135   0.57010E+01  0.87763363E+01  0.87763363E+01  0.00000000E+00  0.00000000E+00  0.00000000E+00  0.00000000E+00
  136   0.57510E+01  0.87623047E+01  0.87623047E+01  0.00000000E+00  0.00000000E+00  0.00000000E+00  0.00000000E+00
  137   0.58010E+01  0.87485729E+01  0.87485729E+01  0.00000000E+00  0.00000000E+00  0.00000000E+00  0.00000000E+00
  138   0.58510E+01  0.87351261E+01  0.87351261E+01  0.00000000E+00  0.00000000E+00  0.00000000E+00  0.00000000E+00
  139   0.59010E+01  0.87219500E+01  0.87219500E+01  0.00000000E+00  0.00000000E+00  0.00000000E+00  0.00000000E+00
  140   0.59510E+01  0.87090311E+01  0.87090311E+01  0.00000000E+00  0.00000000E+00  0.00000000E+00  0.00000000E+00
  141   0.60010E+01  0.86963564E+01  0.86963564E+01  0.00000000E+00  0.00000000E+00  0.00000000E+00  0.00000000E+00
  142   0.60510E+01  0.86839138E+01  0.86839138E+01  0.00000000E+00  0.00000000E+00  0.00000000E+00  0.00000000E+00
  143   0.61010E+01  0.86716916E+01  0.86716916E+01  0.00000000E+00  0.00000000E+00  0.00000000E+00  0.00000000E+00
  144   0.61510E+01  0.86596790E+01  0.86596790E+01  0.00000000E+00  0.00000000E+00  0.00000000E+00  0.00000000E+00
  145   0.62010E+01  0.86478656E+01  0.86478656E+01  0.00000000E+00  0.00000000E+00  0.00000000E+00  0.00000000E+00
  146   0.62510E+01  0.86362417E+01  0.86362417E+01  0.00000000E+00  0.00000000E+00  0.00000000E+00  0.00000000E+00
  147   0.63010E+01  0.86247982E+01  0.86247982E+01  0.00000000E+00  0.00000000E+00  0.00000000E+00  0.00000000E+00
  148   0.63510E+01  0.86135266E+01  0.86135266E+01  0.00000000E+00  0.00000000E+00  0.00000000E+00  0.00000000E+00
  149   0.64010E+01  0.86024187E+01  0.86024187E+01  0.00000000E+00  0.00000000E+00  0.00000000E+00  0.00000000E+00
  150   0.64510E+01  0.85914673E+01  0.85914673E+01  0.00000000E+00  0.00000000E+00  0.00000000E+00  0.00000000E+00
  151   0.65010E+01  0.85806655E+01  0.85806655E+01  0.00000000E+00  0.00000000E+00  0.00000000E+00  0.00000000E+00
  152   0.65510E+01  0.85700067E+01  0.85700067E+01  0.00000000E+00  0.00000000E+00  0.00000000E+00  0.00000000E+00
  153   0.66010E+01  0.85594852E+01  0.85594852E+01  0.00000000E+00  0.00000000E+00  0.00000000E+00  0.00000000E+00
  154   0.66510E+01  0.85490956E+01  0.85490956E+01  0.00000000E+00  0.00000000E+00  0.00000000E+00  0.00000000E+00
  155   0.67010E+01  0.85388329E+01  0.85388329E+01  0.00000000E+00  0.00000000E+00  0.00000000E+00  0.00000000E+00
  156   0.67510E+01  0.85286927E+01  0.85286927E+01  0.00000000E+00  0.00000000E+00  0.00000000E+00  0.00000000E+00
  157   0.68010E+01  0.85186709E+01  0.85186709E+01  0.00000000E+00  0.00000000E+00  0.00000000E+00  0.00000000E+00
  158   0.68510E+01  0.85087639E+01  0.85087639E+01  0.00000000E+00  0.00000000E+00  0.00000000E+00  0.00000000E+00
  159   0.69010E+01  0.84989685E+01  0.84989685E+01  0.00000000E+00  0.00000000E+00  0.00000000E+00  0.00000000E+00
  160   0.69510E+01  0.84892819E+01  0.84892819E+01  0.00000000E+00  0.00000000E+00  0.00000000E+00  0.00000000E+00
  161   0.70010E+01  0.84797016E+01  0.84797016E+01  0.00000000E+00  0.00000000E+00  0.00000000E+00  0.00000000E+00
  162   0.70510E+01  0.84702257E+01  0.84702257E+01  0.00000000E+00  0.00000000E+00  0.00000000E+00  0.00000000E+00
  163   0.71010E+01  0.84608523E+01  0.84608523E+01  0.00000000E+00  0.00000000E+00  0.00000000E+00  0.00000000E+00
  164   0.71510E+01  0.84515799E+01  0.84515799E+01  0.00000000E+00  0.00000000E+00  0.00000000E+00  0.00000000E+00
  165   0.72010E+01  0.84424076E+01  0.84424076E+01  0.00000000E+00  0.00000000E+00  0.00000000E+00  0.00000000E+00
  166   0.72510E+01  0.84333345E+01  0.84333345E+01  0.00000000E+00  0.00000000E+00  0.00000000E+00  0.00000000E+00
  167   0.73010E+01  0.84243601E+01  0.84243601E+01  0.00000000E+00  0.00000000E+00  0.00000000E+00  0.00000000E+00
  168   0.73510E+01  0.84154840E+01  0.84154840E+01  0.00000000E+00  0.00000000E+00  0.00000000E+00  0.00000000E+00
  169   0.74010E+01  0.84067063E+01  0.84067063E+01  0.00000000E+00  0.00000000E+00  0.00000000E+00  0.00000000E+00
  170   0.74510E+01  0.83980271E+01  0.83980271E+01  0.00000000E+00  0.00000000E+00  0.00000000E+00  0.00000000E+00
  171   0.75010E+01  0.83894469E+01  0.83894469E+01  0.00000000E+00  0.00000000E+00  0.00000000E+00  0.00000000E+00
  172   0.75510E+01  0.83809662E+01  0.83809662E+01  0.00000000E+00  0.00000000E+00  0.00000000E+00  0.00000000E+00
  173   0.76010E+01  0.83725859E+01  0.83725859E+01  0.00000000E+00  0.00000000E+00  0.00000000E+00  0.00000000E+00
  174   0.76510E+01  0.83643068E+01  0.83643068E+01  0.00000000E+00  0.00000000E+00  0.00000000E+00  0.00000000E+00
  175   0.77010E+01  0.83561301E+01  0.83561301E+01  0.00000000E+00  0.00000000E+00  0.00000000E+00  0.00000000E+00
  176   0.77510E+01  0.83480570E+01  0.83480570E+01  0.00000000E+00  0.00000000E+00  0.00000000E+00  0.00000000E+00
  177   0.78010E+01  0.83400889E+01  0.83400889E+01  0.00000000E+00  0.00000000E+00  0.00000000E+00  0.00000000E+00
  178   0.78510E+01  0.83322271E+01  0.83322271E+01  0.00000000E+00  0.00000000E+00  0.00000000E+00  0.00000000E+00
  179   0.79010E+01  0.83244733E+01  0.83244733E+01  0.00000000E+00  0.00000000E+00  0.00000000E+00  0.00000000E+00
  180   0.79510E+01  0.83168290E+01  0.83168290E+01  0.00000000E+00  0.00000000E+00  0.00000000E+00  0.00000000E+00
  181   0.80010E+01  0.83092960E+01  0.83092960E+01  0.00000000E+00  0.00000000E+00  0.00000000E+00  0.00000000E+00
  182   0.80510E+01  0.83018758E+01  0.83018758E+01  0.00000000E+00  0.00000000E+00  0.00000000E+00  0.00000000E+00
  183   0.81010E+01  0.82945703E+01  0.82945703E+01  0.00000000E+00  0.00000000E+00  0.00000000E+00  0.00000000E+00
  184   0.81510E+01  0.82873813E+01  0.82873813E+01  0.00000000E+00  0.00000000E+00  0.00000000E+00  0.00000000E+00
  185   0.82010E+01  0.82803104E+01  0.82803104E+01  0.00000000E+00  0.00000000E+00  0.00000000E+00  0.00000000E+00
  186   0.82510E+01  0.82733595E+01  0.82733595E+01  0.00000000E+00  0.00000000E+00  0.00000000E+00  0.00000000E+00
  187   0.83010E+01  0.82665302E+01  0.82665302E+01  0.00000000E+00  0.00000000E+00  0.00000000E+00  0.00000000E+00
  188   0.83510E+01  0.82598243E+01  0.82598243E+01  0.00000000E+00  0.00000000E+00  0.00000000E+00  0.00000000E+00
  189   0.84010E+01  0.82532434E+01  0.82532434E+01  0.00000000E+00  0.00000000E+00  0.00000000E+00  0.00000000E+00
  190   0.84510E+01  0.82467892E+01  0.82467892E+01  0.00000000E+00  0.00000000E+00  0.00000000E+00  0.00000000E+00
  191   0.85010E+01  0.82404630E+01  0.82404630E+01  0.00000000E+00  0.00000000E+00  0.00000000E+00  0.00000000E+00
  192   0.85510E+01  0.82342665E+01  0.82342665E+01  0.00000000E+00  0.00000000E+00  0.00000000E+00  0.00000000E+00
  193   0.86010E+01  0.82282008E+01  0.82282008E+01  0.00000000E+00  0.00000000E+00  0.00000000E+00  0.00000000E+00
  194   0.86510E+01  0.82222674E+01  0.82222674E+01  0.00000000E+00  0.00000000E+00  0.00000000E+00  0.00000000E+00
  195   0.87010E+01  0.82164673E+01  0.82164673E+01  0.00000000E+00  0.00000000E+00  0.00000000E+00  0.00000000E+00
  196   0.87510E+01  0.82108015E+01  0.82108015E+01  0.00000000E+00  0.00000000E+00  0.00000000E+00  0.00000000E+00
  197   0.88010E+01  0.82052709E+01  0.82052709E+01  0.00000000E+00  0.00000000E+00  0.00000000E+00  0.00000000E+00
  198   0.88510E+01  0.81998764E+01  0.81998764E+01  0.00000000E+00  0.00000000E+00  0.00000000E+00  0.00000000E+00
  199   0.89010E+01  0.81946186E+01  0.81946186E+01  0.00000000E+00  0.00000000E+00  0.00000000E+00  0.00000000E+00
  200   0.89510E+01  0.81894978E+01  0.81894978E+01  0.00000000E+00  0.00000000E+00  0.00000000E+00  0.00000000E+00
  201   0.90010E+01  0.81845145E+01  0.81845145E+01  0.00000000E+00  0.00000000E+00  0.00000000E+00  0.00000000E+00
  202   0.90510E+01  0.81796688E+01  0.81796688E+01  0.00000000E+00  0.00000000E+00  0.00000000E+00  0.00000000E+00
  203   0.91010E+01  0.81749607E+01  0.81749607E+01  0.00000000E+00  0.00000000E+00  0.00000000E+00  0.00000000E+00
  204   0.91510E+01  0.81703900E+01  0.81703900E+01  0.00000000E+00  0.00000000E+00  0.00000000E+00  0.00000000E+00
  205   0.92010E+01  0.81659565E+01  0.81659565E+01  0.00000000E+00  0.00000000E+00  0.00000000E+00  0.00000000E+00
  206   0.92510E+01  0.81616595E+01  0.81616595E+01  0.00000000E+00  0.00000000E+00  0.00000000E+00  0.00000000E+00
  207   0.93010E+01  0.81574985E+01  0.81574985E+01  0.00000000E+00  0.00000000E+00  0.00000000E+00  0.00000000E+00
  208   0.93510E+01  0.81534726E+01  0.81534726E+01  0.00000000E+00  0.00000000E+00  0.00000000E+00  0.00000000E+00
  209   0.94010E+01  0.81495806E+01  0.81495806E+01  0.00000000E+00  0.00000000E+00  0.00000000E+00  0.00000000E+00
  210   0.94510E+01  0.81458215E+01  0.81458215E+01  0.00000000E+00  0.00000000E+00  0.00000000E+00  0.00000000E+00
  211   0.95010E+01  0.81421937E+01  0.81421937E+01  0.00000000E+00  0.00000000E+00  0.00000000E+00  0.00000000E+00
  212   0.95510E+01  0.81386958E+01  0.81386958E+01  0.00000000E+00  0.00000000E+00  0.00000000E+00  0.00000000E+00
  213   0.96010E+01  0.81353259E+01  0.81353259E+01  0.00000000E+00  0.00000000E+00  0.00000000E+00  0.00000000E+00
  214   0.96510E+01  0.81320822E+01  0.81320822E+01  0.00000000E+00  0.00000000E+00  0.00000000E+00  0.00000000E+00
  215   0.97010E+01  0.81289624E+01  0.81289624E+01  0.00000000E+00  0.00000000E+00  0.00000000E+00  0.00000000E+00
  216   0.97510E+01  0.81259645E+01  0.81259645E+01  0.00000000E+00  0.00000000E+00  0.00000000E+00  0.00000000E+00
  217   0.98010E+01  0.81230858E+01  0.81230858E+01  0.00000000E+00  0.00000000E+00  0.00000000E+00  0.00000000E+00
  218   0.98510E+01  0.81203238E+01  0.81203238E+01  0.00000000E+00  0.00000000E+00  0.00000000E+00  0.00000000E+00
  219   0.99010E+01  0.81176758E+01  0.81176758E+01  0.00000000E+00  0.00000000E+00  0.00000000E+00  0.00000000E+00
  220   0.99510E+01  0.81151387E+01  0.81151387E+01  0.00000000E+00  0.00000000E+00  0.00000000E+00  0.00000000E+00
  221   0.10001E+02  0.81127097E+01  0.81127097E+01  0.00000000E+00  0.00000000E+00  0.00000000E+00  0.00000000E+00
  222   0.10051E+02  0.81103853E+01  0.81103853E+01  0.00000000E+00  0.00000000E+00  0.00000000E+00  0.00000000E+00
  223   0.10101E+02  0.81081623E+01  0.81081623E+01  0.00000000E+00  0.00000000E+00  0.00000000E+00  0.00000000E+00
  224   0.10151E+02  0.81060373E+01  0.81060373E+01  0.00000000E+00  0.00000000E+00  0.00000000E+00  0.00000000E+00
  225   0.10201E+02  0.81040065E+01  0.81040065E+01  0.00000000E+00  0.00000000E+00  0.00000000E+00  0.00000000E+00
  226   0.10251E+02  0.81020664E+01  0.81020664E+01  0.00000000E+00  0.00000000E+00  0.00000000E+00  0.00000000E+00
  227   0.10301E+02  0.81002129E+01  0.81002129E+01  0.00000000E+00  0.00000000E+00  0.00000000E+00  0.00000000E+00
  228   0.10351E+02  0.80984423E+01  0.80984423E+01  0.00000000E+00  0.00000000E+00  0.00000000E+00  0.00000000E+00
  229   0.10401E+02  0.80967504E+01  0.80967504E+01  0.00000000E+00  0.00000000E+00  0.00000000E+00  0.00000000E+00
  230   0.10451E+02  0.80951332E+01  0.80951332E+01  0.00000000E+00  0.00000000E+00  0.00000000E+00  0.00000000E+00
  231   0.10501E+02  0.80935864E+01  0.80935864E+01  0.00000000E+00  0.00000000E+00  0.00000000E+00  0.00000000E+00
  232   0.10551E+02  0.80921058E+01  0.80921058E+01  0.00000000E+00  0.00000000E+00  0.00000000E+00  0.00000000E+00
  233   0.10601E+02  0.80906870E+01  0.80906870E+01  0.00000000E+00  0.00000000E+00  0.00000000E+00  0.00000000E+00
  234   0.10651E+02  0.80893256E+01  0.80893256E+01  0.00000000E+00  0.00000000E+00  0.00000000E+00  0.00000000E+00
  235   0.10701E+02  0.80880172E+01  0.80880172E+01  0.00000000E+00  0.00000000E+00  0.00000000E+00  0.00000000E+00
  236   0.10751E+02  0.80867574E+01  0.80867574E+01  0.00000000E+00  0.00000000E+00  0.00000000E+00  0.00000000E+00
  237   0.10801E+02  0.80855415E+01  0.80855415E+01  0.00000000E+00  0.00000000E+00  0.00000000E+00  0.00000000E+00
  238   0.10851E+02  0.80843650E+01  0.80843650E+01  0.00000000E+00  0.00000000E+00  0.00000000E+00  0.00000000E+00
  239   0.10901E+02  0.80832234E+01  0.80832234E+01  0.00000000E+00  0.00000000E+00  0.00000000E+00  0.00000000E+00
  240   0.10951E+02  0.80821122E+01  0.80821122E+01  0.00000000E+00  0.00000000E+00  0.00000000E+00  0.00000000E+00
  241   0.11001E+02  0.80810267E+01  0.80810267E+01  0.00000000E+00  0.00000000E+00  0.00000000E+00  0.00000000E+00
  242   0.11051E+02  0.80799623E+01  0.80799623E+01  0.00000000E+00  0.00000000E+00  0.00000000E+00  0.00000000E+00
  243   0.11101E+02  0.80789147E+01  0.80789147E+01  0.00000000E+00  0.00000000E+00  0.00000000E+00  0.00000000E+00
  244   0.11151E+02  0.80778791E+01  0.80778791E+01  0.00000000E+00  0.00000000E+00  0.00000000E+00  0.00000000E+00
  245   0.11201E+02  0.80768512E+01  0.80768512E+01  0.00000000E+00  0.00000000E+00  0.00000000E+00  0.00000000E+00
  246   0.11251E+02  0.80758264E+01  0.80758264E+01  0.00000000E+00  0.00000000E+00  0.00000000E+00  0.00000000E+00
  247   0.11301E+02  0.80748003E+01  0.80748003E+01  0.00000000E+00  0.00000000E+00  0.00000000E+00  0.00000000E+00
  248   0.11351E+02  0.80737687E+01  0.80737687E+01  0.00000000E+00  0.00000000E+00  0.00000000E+00  0.00000000E+00
  249   0.11401E+02  0.80727271E+01  0.80727271E+01  0.00000000E+00  0.00000000E+00  0.00000000E+00  0.00000000E+00
  250   0.11451E+02  0.80716713E+01  0.80716713E+01  0.00000000E+00  0.00000000E+00  0.00000000E+00  0.00000000E+00
  251   0.11501E+02  0.80705971E+01  0.80705971E+01  0.00000000E+00  0.00000000E+00  0.00000000E+00  0.00000000E+00
  252   0.11551E+02  0.80695004E+01  0.80695004E+01  0.00000000E+00  0.00000000E+00  0.00000000E+00  0.00000000E+00
  253   0.11601E+02  0.80683771E+01  0.80683771E+01  0.00000000E+00  0.00000000E+00  0.00000000E+00  0.00000000E+00
  254   0.11651E+02  0.80672234E+01  0.80672234E+01  0.00000000E+00  0.00000000E+00  0.00000000E+00  0.00000000E+00
  255   0.11701E+02  0.80660352E+01  0.80660352E+01  0.00000000E+00  0.00000000E+00  0.00000000E+00  0.00000000E+00
  256   0.11751E+02  0.80648089E+01  0.80648089E+01  0.00000000E+00  0.00000000E+00  0.00000000E+00  0.00000000E+00
  257   0.11801E+02  0.80635407E+01  0.80635407E+01  0.00000000E+00  0.00000000E+00  0.00000000E+00  0.00000000E+00
  258   0.11851E+02  0.80622270E+01  0.80622270E+01  0.00000000E+00  0.00000000E+00  0.00000000E+00  0.00000000E+00
  259   0.11901E+02  0.80608644E+01  0.80608644E+01  0.00000000E+00  0.00000000E+00  0.00000000E+00  0.00000000E+00
  260   0.11951E+02  0.80594493E+01  0.80594493E+01  0.00000000E+00  0.00000000E+00  0.00000000E+00  0.00000000E+00
  261   0.12001E+02  0.80579787E+01  0.80579787E+01  0.00000000E+00  0.00000000E+00  0.00000000E+00  0.00000000E+00
  262   0.12051E+02  0.80564491E+01  0.80564491E+01  0.00000000E+00  0.00000000E+00  0.00000000E+00  0.00000000E+00
  263   0.12101E+02  0.80548577E+01  0.80548577E+01  0.00000000E+00  0.00000000E+00  0.00000000E+00  0.00000000E+00
  264   0.12151E+02  0.80532013E+01  0.80532013E+01  0.00000000E+00  0.00000000E+00  0.00000000E+00  0.00000000E+00
  265   0.12201E+02  0.80514772E+01  0.80514772E+01  0.00000000E+00  0.00000000E+00  0.00000000E+00  0.00000000E+00
  266   0.12251E+02  0.80496827E+01  0.80496827E+01  0.00000000E+00  0.00000000E+00  0.00000000E+00  0.00000000E+00
  267   0.12301E+02  0.80478150E+01  0.80478150E+01  0.00000000E+00  0.00000000E+00  0.00000000E+00  0.00000000E+00
  268   0.12351E+02  0.80458717E+01  0.80458717E+01  0.00000000E+00  0.00000000E+00  0.00000000E+00  0.00000000E+00
  269   0.12401E+02  0.80438504E+01  0.80438504E+01  0.00000000E+00  0.00000000E+00  0.00000000E+00  0.00000000E+00
  270   0.12451E+02  0.80417489E+01  0.80417489E+01  0.00000000E+00  0.00000000E+00  0.00000000E+00  0.00000000E+00
  271   0.12501E+02  0.80395649E+01  0.80395649E+01  0.00000000E+00  0.00000000E+00  0.00000000E+00  0.00000000E+00
  272   0.12551E+02  0.80372964E+01  0.80372964E+01  0.00000000E+00  0.00000000E+00  0.00000000E+00  0.00000000E+00
  273   0.12601E+02  0.80349416E+01  0.80349416E+01  0.00000000E+00  0.00000000E+00  0.00000000E+00  0.00000000E+00
  274   0.12651E+02  0.80324985E+01  0.80324985E+01  0.00000000E+00  0.00000000E+00  0.00000000E+00  0.00000000E+00
  275   0.12701E+02  0.80299656E+01  0.80299656E+01  0.00000000E+00  0.00000000E+00  0.00000000E+00  0.00000000E+00
  276   0.12751E+02  0.80273411E+01  0.80273411E+01  0.00000000E+00  0.00000000E+00  0.00000000E+00  0.00000000E+00
  277   0.12801E+02  0.80246238E+01  0.80246238E+01  0.00000000E+00  0.00000000E+00  0.00000000E+00  0.00000000E+00
  278   0.12851E+02  0.80218122E+01  0.80218122E+01  0.00000000E+00  0.00000000E+00  0.00000000E+00  0.00000000E+00
  279   0.12901E+02  0.80189050E+01  0.80189050E+01  0.00000000E+00  0.00000000E+00  0.00000000E+00  0.00000000E+00
  280   0.12951E+02  0.80159012E+01  0.80159012E+01  0.00000000E+00  0.00000000E+00  0.00000000E+00  0.00000000E+00
  281   0.13001E+02  0.80127998E+01  0.80127998E+01  0.00000000E+00  0.00000000E+00  0.00000000E+00  0.00000000E+00
  282   0.13051E+02  0.80095998E+01  0.80095998E+01  0.00000000E+00  0.00000000E+00  0.00000000E+00  0.00000000E+00
  283   0.13101E+02  0.80063005E+01  0.80063005E+01  0.00000000E+00  0.00000000E+00  0.00000000E+00  0.00000000E+00
  284   0.13151E+02  0.80029012E+01  0.80029012E+01  0.00000000E+00  0.00000000E+00  0.00000000E+00  0.00000000E+00
  285   0.13201E+02  0.79994012E+01  0.79994012E+01  0.00000000E+00  0.00000000E+00  0.00000000E+00  0.00000000E+00
  286   0.13251E+02  0.79958002E+01  0.79958002E+01  0.00000000E+00  0.00000000E+00  0.00000000E+00  0.00000000E+00
  287   0.13301E+02  0.79920977E+01  0.79920977E+01  0.00000000E+00  0.00000000E+00  0.00000000E+00  0.00000000E+00
  288   0.13351E+02  0.79882935E+01  0.79882935E+01  0.00000000E+00  0.00000000E+00  0.00000000E+00  0.00000000E+00
  289   0.13401E+02  0.79843875E+01  0.79843875E+01  0.00000000E+00  0.00000000E+00  0.00000000E+00  0.00000000E+00
  290   0.13451E+02  0.79803794E+01  0.79803794E+01  0.00000000E+00  0.00000000E+00  0.00000000E+00  0.00000000E+00
  291   0.13501E+02  0.79762695E+01  0.79762695E+01  0.00000000E+00  0.00000000E+00  0.00000000E+00  0.00000000E+00
  292   0.13551E+02  0.79720577E+01  0.79720577E+01  0.00000000E+00  0.00000000E+00  0.00000000E+00  0.00000000E+00
  293   0.13601E+02  0.79677443E+01  0.79677443E+01  0.00000000E+00  0.00000000E+00  0.00000000E+00  0.00000000E+00
  294   0.13651E+02  0.79633297E+01  0.79633297E+01  0.00000000E+00  0.00000000E+00  0.00000000E+00  0.00000000E+00
  295   0.13701E+02  0.79588142E+01  0.79588142E+01  0.00000000E+00  0.00000000E+00  0.00000000E+00  0.00000000E+00
  296   0.13751E+02  0.79541984E+01  0.79541984E+01  0.00000000E+00  0.00000000E+00  0.00000000E+00  0.00000000E+00
  297   0.13801E+02  0.79494827E+01  0.79494827E+01  0.00000000E+00  0.00000000E+00  0.00000000E+00  0.00000000E+00
  298   0.13851E+02  0.79446680E+01  0.79446680E+01  0.00000000E+00  0.00000000E+00  0.00000000E+00  0.00000000E+00
  299   0.13901E+02  0.79397549E+01  0.79397549E+01  0.00000000E+00  0.00000000E+00  0.00000000E+00  0.00000000E+00
  300   0.13951E+02  0.79347444E+01  0.79347444E+01  0.00000000E+00  0.00000000E+00  0.00000000E+00  0.00000000E+00
  301   0.14001E+02  0.79296372E+01  0.79296372E+01  0.00000000E+00  0.00000000E+00  0.00000000E+00  0.00000000E+00
  302   0.14051E+02  0.79244345E+01  0.79244345E+01  0.00000000E+00  0.00000000E+00  0.00000000E+00  0.00000000E+00
  303   0.14101E+02  0.79191374E+01  0.79191374E+01  0.00000000E+00  0.00000000E+00  0.00000000E+00  0.00000000E+00
  304   0.14151E+02  0.79137469E+01  0.79137469E+01  0.00000000E+00  0.00000000E+00  0.00000000E+00  0.00000000E+00
  305   0.14201E+02  0.79082645E+01  0.79082645E+01  0.00000000E+00  0.00000000E+00  0.00000000E+00  0.00000000E+00
  306   0.14251E+02  0.79026913E+01  0.79026913E+01  0.00000000E+00  0.00000000E+00  0.00000000E+00  0.00000000E+00
  307   0.14301E+02  0.78970288E+01  0.78970288E+01  0.00000000E+00  0.00000000E+00  0.00000000E+00  0.00000000E+00
  308   0.14351E+02  0.78912785E+01  0.78912785E+01  0.00000000E+00  0.00000000E+00  0.00000000E+00  0.00000000E+00
  309   0.14401E+02  0.78854420E+01  0.78854420E+01  0.00000000E+00  0.00000000E+00  0.00000000E+00  0.00000000E+00
  310   0.14451E+02  0.78795207E+01  0.78795207E+01  0.00000000E+00  0.00000000E+00  0.00000000E+00  0.00000000E+00
  311   0.14501E+02  0.78735165E+01  0.78735165E+01  0.00000000E+00  0.00000000E+00  0.00000000E+00  0.00000000E+00
  312   0.14551E+02  0.78674311E+01  0.78674311E+01  0.00000000E+00  0.00000000E+00  0.00000000E+00  0.00000000E+00
  313   0.14601E+02  0.78612663E+01  0.78612663E+01  0.00000000E+00  0.00000000E+00  0.00000000E+00  0.00000000E+00
  314   0.14651E+02  0.78550239E+01  0.78550239E+01  0.00000000E+00  0.00000000E+00  0.00000000E+00  0.00000000E+00
  315   0.14701E+02  0.78487060E+01  0.78487060E+01  0.00000000E+00  0.00000000E+00  0.00000000E+00  0.00000000E+00
  316   0.14751E+02  0.78423145E+01  0.78423145E+01  0.00000000E+00  0.00000000E+00  0.00000000E+00  0.00000000E+00
  317   0.14801E+02  0.78358515E+01  0.78358515E+01  0.00000000E+00  0.00000000E+00  0.00000000E+00  0.00000000E+00
  318   0.14851E+02  0.78293190E+01  0.78293190E+01  0.00000000E+00  0.00000000E+00  0.00000000E+00  0.00000000E+00
  319   0.14901E+02  0.78227194E+01  0.78227194E+01  0.00000000E+00  0.00000000E+00  0.00000000E+00  0.00000000E+00
  320   0.14951E+02  0.78160547E+01  0.78160547E+01  0.00000000E+00  0.00000000E+00  0.00000000E+00  0.00000000E+00
  321   0.15001E+02  0.78093272E+01  0.78093272E+01  0.00000000E+00  0.00000000E+00  0.00000000E+00  0.00000000E+00
  322   0.15051E+02  0.78025393E+01  0.78025393E+01  0.00000000E+00  0.00000000E+00  0.00000000E+00  0.00000000E+00
  323   0.15101E+02  0.77956933E+01  0.77956933E+01  0.00000000E+00  0.00000000E+00  0.00000000E+00  0.00000000E+00
  324   0.15151E+02  0.77887916E+01  0.77887916E+01  0.00000000E+00  0.00000000E+00  0.00000000E+00  0.00000000E+00
  325   0.15201E+02  0.77818366E+01  0.77818366E+01  0.00000000E+00  0.00000000E+00  0.00000000E+00  0.00000000E+00
  326   0.15251E+02  0.77748308E+01  0.77748308E+01  0.00000000E+00  0.00000000E+00  0.00000000E+00  0.00000000E+00
  327   0.15301E+02  0.77677767E+01  0.77677767E+01  0.00000000E+00  0.00000000E+00  0.00000000E+00  0.00000000E+00
  328   0.15351E+02  0.77606769E+01  0.77606769E+01  0.00000000E+00  0.00000000E+00  0.00000000E+00  0.00000000E+00
  329   0.15401E+02  0.77535338E+01  0.77535338E+01  0.00000000E+00  0.00000000E+00  0.00000000E+00  0.00000000E+00
  330   0.15451E+02  0.77463502E+01  0.77463502E+01  0.00000000E+00  0.00000000E+00  0.00000000E+00  0.00000000E+00
  331   0.15501E+02  0.77391286E+01  0.77391286E+01  0.00000000E+00  0.00000000E+00  0.00000000E+00  0.00000000E+00
  332   0.15551E+02  0.77318717E+01  0.77318717E+01  0.00000000E+00  0.00000000E+00  0.00000000E+00  0.00000000E+00
  333   0.15601E+02  0.77245822E+01  0.77245822E+01  0.00000000E+00  0.00000000E+00  0.00000000E+00  0.00000000E+00
  334   0.15651E+02  0.77172628E+01  0.77172628E+01  0.00000000E+00  0.00000000E+00  0.00000000E+00  0.00000000E+00
  335   0.15701E+02  0.77099162E+01  0.77099162E+01  0.00000000E+00  0.00000000E+00  0.00000000E+00  0.00000000E+00
  336   0.15751E+02  0.77025452E+01  0.77025452E+01  0.00000000E+00  0.00000000E+00  0.00000000E+00  0.00000000E+00
  337   0.15801E+02  0.76951525E+01  0.76951525E+01  0.00000000E+00  0.00000000E+00  0.00000000E+00  0.00000000E+00
  338   0.15851E+02  0.76877411E+01  0.76877411E+01  0.00000000E+00  0.00000000E+00  0.00000000E+00  0.00000000E+00
  339   0.15901E+02  0.76803139E+01  0.76803139E+01  0.00000000E+00  0.00000000E+00  0.00000000E+00  0.00000000E+00
  340   0.15951E+02  0.76728737E+01  0.76728737E+01  0.00000000E+00  0.00000000E+00  0.00000000E+00  0.00000000E+00
  341   0.16001E+02  0.76654236E+01  0.76654236E+01  0.00000000E+00  0.00000000E+00  0.00000000E+00  0.00000000E+00
  342   0.16051E+02  0.76579667E+01  0.76579667E+01  0.00000000E+00  0.00000000E+00  0.00000000E+00  0.00000000E+00
  343   0.16101E+02  0.76505064E+01  0.76505064E+01  0.00000000E+00  0.00000000E+00  0.00000000E+00  0.00000000E+00
  344   0.16151E+02  0.76430461E+01  0.76430461E+01  0.00000000E+00  0.00000000E+00  0.00000000E+00  0.00000000E+00
  345   0.16201E+02  0.76355895E+01  0.76355895E+01  0.00000000E+00  0.00000000E+00  0.00000000E+00  0.00000000E+00
  346   0.16251E+02  0.76281408E+01  0.76281408E+01  0.00000000E+00  0.00000000E+00  0.00000000E+00  0.00000000E+00
  347   0.16301E+02  0.76207048E+01  0.76207048E+01  0.00000000E+00  0.00000000E+00  0.00000000E+00  0.00000000E+00
  348   0.16351E+02  0.76132870E+01  0.76132870E+01  0.00000000E+00  0.00000000E+00  0.00000000E+00  0.00000000E+00
  349   0.16401E+02  0.76058947E+01  0.76058947E+01  0.00000000E+00  0.00000000E+00  0.00000000E+00  0.00000000E+00
  350   0.16451E+02  0.75985378E+01  0.75985378E+01  0.00000000E+00  0.00000000E+00  0.00000000E+00  0.00000000E+00
  351   0.16501E+02  0.75912315E+01  0.75912315E+01  0.00000000E+00  0.00000000E+00  0.00000000E+00  0.00000000E+00
  352   0.16551E+02  0.75840032E+01  0.75840032E+01  0.00000000E+00  0.00000000E+00  0.00000000E+00  0.00000000E+00
  353   0.16601E+02  0.75769172E+01  0.75769172E+01  0.00000000E+00  0.00000000E+00  0.00000000E+00  0.00000000E+00
  354   0.16651E+02  0.75702965E+01  0.75702965E+01  0.00000000E+00  0.00000000E+00  0.00000000E+00  0.00000000E+00
  355   0.16701E+02  0.75652186E+01  0.75626789E+01  0.25396619E-02  0.00000000E+00  0.00000000E+00  0.00000000E+00
  356   0.16751E+02  0.75583463E+01  0.75546652E+01  0.36811255E-02  0.00000000E+00  0.00000000E+00  0.00000000E+00
  357   0.16801E+02  0.75512507E+01  0.75467551E+01  0.44956321E-02  0.00000000E+00  0.00000000E+00  0.00000000E+00
  358   0.16851E+02  0.75440592E+01  0.75389074E+01  0.51518249E-02  0.00000000E+00  0.00000000E+00  0.00000000E+00
  359   0.16901E+02  0.75368188E+01  0.75311087E+01  0.57100980E-02  0.00000000E+00  0.00000000E+00  0.00000000E+00
  360   0.16951E+02  0.75295535E+01  0.75233529E+01  0.62006027E-02  0.00000000E+00  0.00000000E+00  0.00000000E+00
  361   0.17001E+02  0.75222781E+01  0.75156371E+01  0.66410316E-02  0.00000000E+00  0.00000000E+00  0.00000000E+00
  362   0.17051E+02  0.75150025E+01  0.75079597E+01  0.70427727E-02  0.00000000E+00  0.00000000E+00  0.00000000E+00
  363   0.17101E+02  0.75077334E+01  0.75003198E+01  0.74135348E-02  0.00000000E+00  0.00000000E+00  0.00000000E+00
  364   0.17151E+02  0.75004756E+01  0.74927170E+01  0.77586021E-02  0.00000000E+00  0.00000000E+00  0.00000000E+00
  365   0.17201E+02  0.74932320E+01  0.74851505E+01  0.80814544E-02  0.00000000E+00  0.00000000E+00  0.00000000E+00
  366   0.17251E+02  0.74860038E+01  0.74776198E+01  0.83840378E-02  0.00000000E+00  0.00000000E+00  0.00000000E+00
  367   0.17301E+02  0.74787904E+01  0.74701236E+01  0.86667894E-02  0.00000000E+00  0.00000000E+00  0.00000000E+00
  368   0.17351E+02  0.74715884E+01  0.74626600E+01  0.89284038E-02  0.00000000E+00  0.00000000E+00  0.00000000E+00
  369   0.17401E+02  0.74643906E+01  0.74552255E+01  0.91651731E-02  0.00000000E+00  0.00000000E+00  0.00000000E+00
  370   0.17451E+02  0.74571832E+01  0.74478140E+01  0.93692901E-02  0.00000000E+00  0.00000000E+00  0.00000000E+00
  371   0.17501E+02  0.74499370E+01  0.74404132E+01  0.95237721E-02  0.00000000E+00  0.00000000E+00  0.00000000E+00
  372   0.17551E+02  0.74425743E+01  0.74329935E+01  0.95808676E-02  0.00000000E+00  0.00000000E+00  0.00000000E+00
  373   0.17601E+02  0.74346329E+01  0.74254504E+01  0.91825498E-02  0.00000000E+00  0.00000000E+00  0.00000000E+00
  374   0.17651E+02  0.74294904E+01  0.74200258E+01  0.67581877E-02  0.27064897E-02  0.00000000E+00  0.00000000E+00
  375   0.17701E+02  0.74229327E+01  0.74131016E+01  0.72182595E-02  0.26128580E-02  0.00000000E+00  0.00000000E+00
  376   0.17751E+02  0.74162228E+01  0.74061099E+01  0.75925071E-02  0.25203839E-02  0.00000000E+00  0.00000000E+00
  377   0.17801E+02  0.74094563E+01  0.73991131E+01  0.78889116E-02  0.24542626E-02  0.00000000E+00  0.00000000E+00
  378   0.17851E+02  0.74026614E+01  0.73921278E+01  0.81250045E-02  0.24086149E-02  0.00000000E+00  0.00000000E+00
  379   0.17901E+02  0.73958530E+01  0.73851606E+01  0.83150985E-02  0.23773047E-02  0.00000000E+00  0.00000000E+00
  380   0.17951E+02  0.73890420E+01  0.73782151E+01  0.84708757E-02  0.23560233E-02  0.00000000E+00  0.00000000E+00
  381   0.18001E+02  0.73822372E+01  0.73712933E+01  0.86018935E-02  0.23419919E-02  0.00000000E+00  0.00000000E+00
  382   0.18051E+02  0.73754460E+01  0.73643967E+01  0.87158474E-02  0.23334974E-02  0.00000000E+00  0.00000000E+00
  383   0.18101E+02  0.73686744E+01  0.73575261E+01  0.88187941E-02  0.23295260E-02  0.00000000E+00  0.00000000E+00
  384   0.18151E+02  0.73619269E+01  0.73506820E+01  0.89153970E-02  0.23295051E-02  0.00000000E+00  0.00000000E+00
  385   0.18201E+02  0.73552069E+01  0.73438645E+01  0.90091855E-02  0.23331332E-02  0.00000000E+00  0.00000000E+00
  386   0.18251E+02  0.73485168E+01  0.73370737E+01  0.91028033E-02  0.23402709E-02  0.00000000E+00  0.00000000E+00
  387   0.18301E+02  0.73418583E+01  0.73303092E+01  0.91982287E-02  0.23508751E-02  0.00000000E+00  0.00000000E+00
  388   0.18351E+02  0.73352325E+01  0.73235706E+01  0.92969583E-02  0.23649601E-02  0.00000000E+00  0.00000000E+00
  389   0.18401E+02  0.73286403E+01  0.73168575E+01  0.94001539E-02  0.23825754E-02  0.00000000E+00  0.00000000E+00
  390   0.18451E+02  0.73220865E+01  0.73101685E+01  0.95087502E-02  0.24038059E-02  0.54424757E-05  0.00000000E+00
  391   0.18501E+02  0.73155715E+01  0.73034995E+01  0.96235599E-02  0.24287740E-02  0.19604944E-04  0.00000000E+00
  392   0.18551E+02  0.73090918E+01  0.72968499E+01  0.97453170E-02  0.24575942E-02  0.39067642E-04  0.00000000E+00
  393   0.18601E+02  0.73026463E+01  0.72902182E+01  0.98747339E-02  0.24904081E-02  0.62956148E-04  0.00000000E+00
  394   0.18651E+02  0.72962336E+01  0.72836028E+01  0.10012550E-01  0.25273854E-02  0.90844505E-04  0.00000000E+00
  395   0.18701E+02  0.72898527E+01  0.72770019E+01  0.10159565E-01  0.25687275E-02  0.12248605E-03  0.00000000E+00
  396   0.18751E+02  0.72835025E+01  0.72704134E+01  0.10316674E-01  0.26146739E-02  0.15772669E-03  0.00000000E+00
  397   0.18801E+02  0.72771819E+01  0.72638350E+01  0.10484892E-01  0.26655074E-02  0.19646695E-03  0.00000000E+00
  398   0.18851E+02  0.72708897E+01  0.72572641E+01  0.10665386E-01  0.27215625E-02  0.23864239E-03  0.00000000E+00
  399   0.18901E+02  0.72646249E+01  0.72506980E+01  0.10859506E-01  0.27832338E-02  0.28421242E-03  0.00000000E+00
  400   0.18951E+02  0.72583863E+01  0.72441334E+01  0.11068819E-01  0.28509865E-02  0.33315341E-03  0.00000000E+00
  401   0.19001E+02  0.72521729E+01  0.72375669E+01  0.11295149E-01  0.29253686E-02  0.38545425E-03  0.00000000E+00
  402   0.19051E+02  0.72459834E+01  0.72309947E+01  0.11540624E-01  0.30070258E-02  0.44111340E-03  0.00000000E+00
  403   0.19101E+02  0.72398170E+01  0.72244124E+01  0.11807732E-01  0.30967191E-02  0.50013683E-03  0.00000000E+00
  404   0.19151E+02  0.72336725E+01  0.72178152E+01  0.12099388E-01  0.31953462E-02  0.56253663E-03  0.00000000E+00
  405   0.19201E+02  0.72275490E+01  0.72111977E+01  0.12419016E-01  0.33039673E-02  0.62832999E-03  0.00000000E+00
  406   0.19251E+02  0.72214459E+01  0.72045539E+01  0.12770644E-01  0.34238367E-02  0.69753853E-03  0.00000000E+00
  407   0.19301E+02  0.72153624E+01  0.71978768E+01  0.13159025E-01  0.35564410E-02  0.77018776E-03  0.00000000E+00
  408   0.19351E+02  0.72092983E+01  0.71911586E+01  0.13589784E-01  0.37035456E-02  0.84630671E-03  0.00000000E+00
  409   0.19401E+02  0.72032533E+01  0.71843905E+01  0.14069588E-01  0.38672516E-02  0.92592744E-03  0.00000000E+00
  410   0.19451E+02  0.71972280E+01  0.71775624E+01  0.14606368E-01  0.40500651E-02  0.10090847E-02  0.00000000E+00
  411   0.19501E+02  0.71912232E+01  0.71706628E+01  0.15209572E-01  0.42549805E-02  0.10958150E-02  0.00000000E+00
  412   0.19551E+02  0.71852407E+01  0.71636785E+01  0.15890479E-01  0.44855820E-02  0.11861557E-02  0.00000000E+00
  413   0.19601E+02  0.71792834E+01  0.71565945E+01  0.16662569E-01  0.47461633E-02  0.12801432E-02  0.00000000E+00
  414   0.19651E+02  0.71733555E+01  0.71493938E+01  0.17541956E-01  0.50418692E-02  0.13778098E-02  0.00000000E+00
  415   0.19701E+02  0.71674633E+01  0.71420574E+01  0.18547876E-01  0.53788558E-02  0.14791793E-02  0.00000000E+00
  416   0.19751E+02  0.71616157E+01  0.71345637E+01  0.19703218E-01  0.57644643E-02  0.15842601E-02  0.00000000E+00
  417   0.19801E+02  0.71558251E+01  0.71268896E+01  0.21035036E-01  0.62073935E-02  0.16930340E-02  0.00000000E+00
  418   0.19851E+02  0.71501086E+01  0.71190104E+01  0.22574945E-01  0.67178376E-02  0.18054399E-02  0.00000000E+00
  419   0.19901E+02  0.71444896E+01  0.71109015E+01  0.24359217E-01  0.73075281E-02  0.19213498E-02  0.00000000E+00
  420   0.19951E+02  0.71389993E+01  0.71025410E+01  0.26428195E-01  0.79895682E-02  0.20405340E-02  0.00000000E+00


 *** Task has been successfully completed ***
