+-------------------------------------------------------------------------+
|              _              |                                           |
| || || ||//  | \          |  | University College London (C) 1994 - 2020 |
| || || ||    | / |/\/\ /\ |  | Open University           (C) 2007 - 2020 |
| \\_// ||\\  | \ | | | \/ |  |                                           |
|                             |                                           |
+-------------------------------------------------------------------------+
| Last revision: unknown                                                  |
| Last author:   unknown                                                  |
| Last date:     unknown                                                  |
+-------------------------------------------------------------------------+
MPI startup(): PMI server not found. Please set I_MPI_PMI_LIBRARY variable if it is not a singleton case.


 Program EIGENP

e + H2O - doublet App                                       20230416  145016.779


 K-matrix input, set  1 on unit921

 Symmetry data  MGVN = 1   STOT = 2   GUTOT = 2

 K-matrices are vibrationally resolved

 Number of target states       =   5
 Number of scattering channels =  60

 Input Energy grid (Ryd) 
 Number of points        20       400
 Initial values     0.00001   0.00007
 Increments         0.00004   0.00367

 Target and channel data is read from set  1 on unit 10

 Target state    Spin    M    G/U  Energy (au)
         1         1     0     0  -76.107428
         2         3     1     0  -75.495166
         3         1     1     0  -75.460381
         4         3     0     0  -75.430732
         5         1     0     0  -75.292388

 Channel   Vibronic level   L   M  Threshold (Ryd)
    1              1        1   1    0.000000
    2              1        2  -2    0.000000
    3              1        2   1    0.000000
    4              1        3  -2    0.000000
    5              1        3   1    0.000000
    6              1        3   3    0.000000
    7              1        4  -4    0.000000
    8              1        4  -2    0.000000
    9              1        4   1    0.000000
   10              1        4   3    0.000000
   11              2        0   0    1.224524
   12              2        1  -1    1.224524
   13              2        1   0    1.224524
   14              2        2  -1    1.224524
   15              2        2   0    1.224524
   16              2        2   2    1.224524
   17              2        3  -3    1.224524
   18              2        3  -1    1.224524
   19              2        3   0    1.224524
   20              2        3   2    1.224524
   21              2        4  -3    1.224524
   22              2        4  -1    1.224524
   23              2        4   0    1.224524
   24              2        4   2    1.224524
   25              2        4   4    1.224524
   26              3        0   0    1.294094
   27              3        1  -1    1.294094
   28              3        1   0    1.294094
   29              3        2  -1    1.294094
   30              3        2   0    1.294094
   31              3        2   2    1.294094
   32              3        3  -3    1.294094
   33              3        3  -1    1.294094
   34              3        3   0    1.294094
   35              3        3   2    1.294094
   36              3        4  -3    1.294094
   37              3        4  -1    1.294094
   38              3        4   0    1.294094
   39              3        4   2    1.294094
   40              3        4   4    1.294094
   41              4        1   1    1.353392
   42              4        2  -2    1.353392
   43              4        2   1    1.353392
   44              4        3  -2    1.353392
   45              4        3   1    1.353392
   46              4        3   3    1.353392
   47              4        4  -4    1.353392
   48              4        4  -2    1.353392
   49              4        4   1    1.353392
   50              4        4   3    1.353392
   51              5        1   1    1.630079
   52              5        2  -2    1.630079
   53              5        2   1    1.630079
   54              5        3  -2    1.630079
   55              5        3   1    1.630079
   56              5        3   3    1.630079
   57              5        4  -4    1.630079
   58              5        4  -2    1.630079
   59              5        4   1    1.630079
   60              5        4   3    1.630079

 Eigenphases will be computed for 420 energies in the K-matrix file from  0.0001 to 19.9510 EV 


 e + H2O - doublet App                                       20230416  145016.779

                              TABLE OF EIGENPHASES

    I   E(EV )       EIGENPHASE SUM  CHANNEL :
    1   0.15000E-03  0.24917891E-01
    2   0.65000E-03  0.40652979E-01
    3   0.11500E-02  0.38782328E-01
    4   0.16500E-02  0.37586987E-01
    5   0.21500E-02  0.36728500E-01
    6   0.26500E-02  0.36023585E-01
    7   0.31500E-02  0.35400636E-01
    8   0.36500E-02  0.34829439E-01
    9   0.41500E-02  0.34295641E-01
   10   0.46500E-02  0.33791452E-01
   11   0.51500E-02  0.33312048E-01
   12   0.56500E-02  0.32854082E-01
   13   0.61500E-02  0.32415024E-01
   14   0.66500E-02  0.31992851E-01
   15   0.71500E-02  0.31585873E-01
   16   0.76500E-02  0.31192653E-01
   17   0.81500E-02  0.30811968E-01
   18   0.86500E-02  0.30442767E-01
   19   0.91500E-02  0.30084104E-01
   20   0.96500E-02  0.29735148E-01
   21   0.10000E-02  0.39261246E-01
   22   0.51000E-01  0.12395068E-01
   23   0.10100E+00 -0.43788229E-03
   24   0.15100E+00 -0.10646456E-01
   25   0.20100E+00 -0.19547524E-01
   26   0.25100E+00 -0.27642051E-01
   27   0.30100E+00 -0.35181756E-01
   28   0.35100E+00 -0.42313049E-01
   29   0.40100E+00 -0.49129265E-01
   30   0.45100E+00 -0.55693738E-01
   31   0.50100E+00 -0.62051409E-01
   32   0.55100E+00 -0.68235225E-01
   33   0.60100E+00 -0.74269929E-01
   34   0.65100E+00 -0.80174435E-01
   35   0.70100E+00 -0.85963384E-01
   36   0.75100E+00 -0.91648210E-01
   37   0.80100E+00 -0.97237883E-01
   38   0.85100E+00 -0.10273946E+00
   39   0.90100E+00 -0.10815850E+00
   40   0.95100E+00 -0.11349933E+00
   41   0.10010E+01 -0.11876537E+00
   42   0.10510E+01 -0.12395924E+00
   43   0.11010E+01 -0.12908294E+00
   44   0.11510E+01 -0.13413801E+00
   45   0.12010E+01 -0.13912559E+00
   46   0.12510E+01 -0.14404650E+00
   47   0.13010E+01 -0.14890137E+00
   48   0.13510E+01 -0.15369061E+00
   49   0.14010E+01 -0.15841455E+00
   50   0.14510E+01 -0.16307342E+00
   51   0.15010E+01 -0.16766739E+00
   52   0.15510E+01 -0.17219664E+00
   53   0.16010E+01 -0.17666134E+00
   54   0.16510E+01 -0.18106169E+00
   55   0.17010E+01 -0.18539794E+00
   56   0.17510E+01 -0.18967037E+00
   57   0.18010E+01 -0.19387936E+00
   58   0.18510E+01 -0.19802533E+00
   59   0.19010E+01 -0.20210881E+00
   60   0.19510E+01 -0.20613036E+00
   61   0.20010E+01 -0.21009068E+00
   62   0.20510E+01 -0.21399052E+00
   63   0.21010E+01 -0.21783070E+00
   64   0.21510E+01 -0.22161214E+00
   65   0.22010E+01 -0.22533582E+00
   66   0.22510E+01 -0.22900280E+00
   67   0.23010E+01 -0.23261420E+00
   68   0.23510E+01 -0.23617120E+00
   69   0.24010E+01 -0.23967503E+00
   70   0.24510E+01 -0.24312697E+00
   71   0.25010E+01 -0.24652835E+00
   72   0.25510E+01 -0.24988051E+00
   73   0.26010E+01 -0.25318485E+00
   74   0.26510E+01 -0.25644276E+00
   75   0.27010E+01 -0.25965566E+00
   76   0.27510E+01 -0.26282497E+00
   77   0.28010E+01 -0.26595212E+00
   78   0.28510E+01 -0.26903853E+00
   79   0.29010E+01 -0.27208561E+00
   80   0.29510E+01 -0.27509474E+00
   81   0.30010E+01 -0.27806728E+00
   82   0.30510E+01 -0.28100458E+00
   83   0.31010E+01 -0.28390793E+00
   84   0.31510E+01 -0.28677860E+00
   85   0.32010E+01 -0.28961781E+00
   86   0.32510E+01 -0.29242673E+00
   87   0.33010E+01 -0.29520649E+00
   88   0.33510E+01 -0.29795815E+00
   89   0.34010E+01 -0.30068273E+00
   90   0.34510E+01 -0.30338118E+00
   91   0.35010E+01 -0.30605439E+00
   92   0.35510E+01 -0.30870319E+00
   93   0.36010E+01 -0.31132835E+00
   94   0.36510E+01 -0.31393057E+00
   95   0.37010E+01 -0.31651047E+00
   96   0.37510E+01 -0.31906862E+00
   97   0.38010E+01 -0.32160553E+00
   98   0.38510E+01 -0.32412162E+00
   99   0.39010E+01 -0.32661726E+00
  100   0.39510E+01 -0.32909274E+00
  101   0.40010E+01 -0.33154831E+00
  102   0.40510E+01 -0.33398414E+00
  103   0.41010E+01 -0.33640033E+00
  104   0.41510E+01 -0.33879693E+00
  105   0.42010E+01 -0.34117394E+00
  106   0.42510E+01 -0.34353130E+00
  107   0.43010E+01 -0.34586887E+00
  108   0.43510E+01 -0.34818649E+00
  109   0.44010E+01 -0.35048394E+00
  110   0.44510E+01 -0.35276096E+00
  111   0.45010E+01 -0.35501723E+00
  112   0.45510E+01 -0.35725240E+00
  113   0.46010E+01 -0.35946609E+00
  114   0.46510E+01 -0.36165787E+00
  115   0.47010E+01 -0.36382728E+00
  116   0.47510E+01 -0.36597385E+00
  117   0.48010E+01 -0.36809706E+00
  118   0.48510E+01 -0.37019639E+00
  119   0.49010E+01 -0.37227128E+00
  120   0.49510E+01 -0.37432118E+00
  121   0.50010E+01 -0.37634550E+00
  122   0.50510E+01 -0.37834366E+00
  123   0.51010E+01 -0.38031508E+00
  124   0.51510E+01 -0.38225915E+00
  125   0.52010E+01 -0.38417530E+00
  126   0.52510E+01 -0.38606292E+00
  127   0.53010E+01 -0.38792144E+00
  128   0.53510E+01 -0.38975028E+00
  129   0.54010E+01 -0.39154889E+00
  130   0.54510E+01 -0.39331672E+00
  131   0.55010E+01 -0.39505325E+00
  132   0.55510E+01 -0.39675796E+00
  133   0.56010E+01 -0.39843039E+00
  134   0.56510E+01 -0.40007006E+00
  135   0.57010E+01 -0.40167655E+00
  136   0.57510E+01 -0.40324945E+00
  137   0.58010E+01 -0.40478840E+00
  138   0.58510E+01 -0.40629306E+00
  139   0.59010E+01 -0.40776313E+00
  140   0.59510E+01 -0.40919833E+00
  141   0.60010E+01 -0.41059844E+00
  142   0.60510E+01 -0.41196328E+00
  143   0.61010E+01 -0.41329268E+00
  144   0.61510E+01 -0.41458654E+00
  145   0.62010E+01 -0.41584479E+00
  146   0.62510E+01 -0.41706740E+00
  147   0.63010E+01 -0.41825439E+00
  148   0.63510E+01 -0.41940581E+00
  149   0.64010E+01 -0.42052178E+00
  150   0.64510E+01 -0.42160242E+00
  151   0.65010E+01 -0.42264793E+00
  152   0.65510E+01 -0.42365854E+00
  153   0.66010E+01 -0.42463452E+00
  154   0.66510E+01 -0.42557618E+00
  155   0.67010E+01 -0.42648388E+00
  156   0.67510E+01 -0.42735801E+00
  157   0.68010E+01 -0.42819900E+00
  158   0.68510E+01 -0.42900734E+00
  159   0.69010E+01 -0.42978352E+00
  160   0.69510E+01 -0.43052810E+00
  161   0.70010E+01 -0.43124166E+00
  162   0.70510E+01 -0.43192481E+00
  163   0.71010E+01 -0.43257820E+00
  164   0.71510E+01 -0.43320251E+00
  165   0.72010E+01 -0.43379844E+00
  166   0.72510E+01 -0.43436674E+00
  167   0.73010E+01 -0.43490815E+00
  168   0.73510E+01 -0.43542347E+00
  169   0.74010E+01 -0.43591350E+00
  170   0.74510E+01 -0.43637908E+00
  171   0.75010E+01 -0.43682103E+00
  172   0.75510E+01 -0.43724023E+00
  173   0.76010E+01 -0.43763756E+00
  174   0.76510E+01 -0.43801389E+00
  175   0.77010E+01 -0.43837013E+00
  176   0.77510E+01 -0.43870720E+00
  177   0.78010E+01 -0.43902599E+00
  178   0.78510E+01 -0.43932743E+00
  179   0.79010E+01 -0.43961245E+00
  180   0.79510E+01 -0.43988195E+00
  181   0.80010E+01 -0.44013688E+00
  182   0.80510E+01 -0.44037813E+00
  183   0.81010E+01 -0.44060662E+00
  184   0.81510E+01 -0.44082325E+00
  185   0.82010E+01 -0.44102892E+00
  186   0.82510E+01 -0.44122451E+00
  187   0.83010E+01 -0.44141090E+00
  188   0.83510E+01 -0.44158893E+00
  189   0.84010E+01 -0.44175944E+00
  190   0.84510E+01 -0.44192326E+00
  191   0.85010E+01 -0.44208119E+00
  192   0.85510E+01 -0.44223400E+00
  193   0.86010E+01 -0.44238244E+00
  194   0.86510E+01 -0.44252726E+00
  195   0.87010E+01 -0.44266915E+00
  196   0.87510E+01 -0.44280880E+00
  197   0.88010E+01 -0.44294685E+00
  198   0.88510E+01 -0.44308391E+00
  199   0.89010E+01 -0.44322058E+00
  200   0.89510E+01 -0.44335741E+00
  201   0.90010E+01 -0.44349492E+00
  202   0.90510E+01 -0.44363360E+00
  203   0.91010E+01 -0.44377390E+00
  204   0.91510E+01 -0.44391623E+00
  205   0.92010E+01 -0.44406098E+00
  206   0.92510E+01 -0.44420847E+00
  207   0.93010E+01 -0.44435902E+00
  208   0.93510E+01 -0.44451289E+00
  209   0.94010E+01 -0.44467030E+00
  210   0.94510E+01 -0.44483143E+00
  211   0.95010E+01 -0.44499643E+00
  212   0.95510E+01 -0.44516540E+00
  213   0.96010E+01 -0.44533841E+00
  214   0.96510E+01 -0.44551547E+00
  215   0.97010E+01 -0.44569657E+00
  216   0.97510E+01 -0.44588165E+00
  217   0.98010E+01 -0.44607061E+00
  218   0.98510E+01 -0.44626332E+00
  219   0.99010E+01 -0.44645959E+00
  220   0.99510E+01 -0.44665921E+00
  221   0.10001E+02 -0.44686192E+00
  222   0.10051E+02 -0.44706743E+00
  223   0.10101E+02 -0.44727541E+00
  224   0.10151E+02 -0.44748548E+00
  225   0.10201E+02 -0.44769724E+00
  226   0.10251E+02 -0.44791026E+00
  227   0.10301E+02 -0.44812405E+00
  228   0.10351E+02 -0.44833812E+00
  229   0.10401E+02 -0.44855192E+00
  230   0.10451E+02 -0.44876489E+00
  231   0.10501E+02 -0.44897641E+00
  232   0.10551E+02 -0.44918588E+00
  233   0.10601E+02 -0.44939262E+00
  234   0.10651E+02 -0.44959597E+00
  235   0.10701E+02 -0.44979520E+00
  236   0.10751E+02 -0.44998961E+00
  237   0.10801E+02 -0.45017843E+00
  238   0.10851E+02 -0.45036090E+00
  239   0.10901E+02 -0.45053623E+00
  240   0.10951E+02 -0.45070362E+00
  241   0.11001E+02 -0.45086225E+00
  242   0.11051E+02 -0.45101129E+00
  243   0.11101E+02 -0.45114990E+00
  244   0.11151E+02 -0.45127724E+00
  245   0.11201E+02 -0.45139243E+00
  246   0.11251E+02 -0.45149462E+00
  247   0.11301E+02 -0.45158294E+00
  248   0.11351E+02 -0.45165653E+00
  249   0.11401E+02 -0.45171450E+00
  250   0.11451E+02 -0.45175601E+00
  251   0.11501E+02 -0.45178018E+00
  252   0.11551E+02 -0.45178616E+00
  253   0.11601E+02 -0.45177310E+00
  254   0.11651E+02 -0.45174016E+00
  255   0.11701E+02 -0.45168651E+00
  256   0.11751E+02 -0.45161134E+00
  257   0.11801E+02 -0.45151386E+00
  258   0.11851E+02 -0.45139327E+00
  259   0.11901E+02 -0.45124882E+00
  260   0.11951E+02 -0.45107977E+00
  261   0.12001E+02 -0.45088539E+00
  262   0.12051E+02 -0.45066500E+00
  263   0.12101E+02 -0.45041792E+00
  264   0.12151E+02 -0.45014350E+00
  265   0.12201E+02 -0.44984115E+00
  266   0.12251E+02 -0.44951026E+00
  267   0.12301E+02 -0.44915031E+00
  268   0.12351E+02 -0.44876076E+00
  269   0.12401E+02 -0.44834114E+00
  270   0.12451E+02 -0.44789100E+00
  271   0.12501E+02 -0.44740993E+00
  272   0.12551E+02 -0.44689757E+00
  273   0.12601E+02 -0.44635358E+00
  274   0.12651E+02 -0.44577767E+00
  275   0.12701E+02 -0.44516960E+00
  276   0.12751E+02 -0.44452917E+00
  277   0.12801E+02 -0.44385620E+00
  278   0.12851E+02 -0.44315060E+00
  279   0.12901E+02 -0.44241227E+00
  280   0.12951E+02 -0.44164121E+00
  281   0.13001E+02 -0.44083742E+00
  282   0.13051E+02 -0.44000098E+00
  283   0.13101E+02 -0.43913200E+00
  284   0.13151E+02 -0.43823065E+00
  285   0.13201E+02 -0.43729713E+00
  286   0.13251E+02 -0.43633170E+00
  287   0.13301E+02 -0.43533467E+00
  288   0.13351E+02 -0.43430639E+00
  289   0.13401E+02 -0.43324727E+00
  290   0.13451E+02 -0.43215776E+00
  291   0.13501E+02 -0.43103836E+00
  292   0.13551E+02 -0.42988961E+00
  293   0.13601E+02 -0.42871211E+00
  294   0.13651E+02 -0.42750651E+00
  295   0.13701E+02 -0.42627348E+00
  296   0.13751E+02 -0.42501376E+00
  297   0.13801E+02 -0.42372815E+00
  298   0.13851E+02 -0.42241745E+00
  299   0.13901E+02 -0.42108254E+00
  300   0.13951E+02 -0.41972434E+00
  301   0.14001E+02 -0.41834380E+00
  302   0.14051E+02 -0.41694192E+00
  303   0.14101E+02 -0.41551973E+00
  304   0.14151E+02 -0.41407833E+00
  305   0.14201E+02 -0.41261882E+00
  306   0.14251E+02 -0.41114236E+00
  307   0.14301E+02 -0.40965015E+00
  308   0.14351E+02 -0.40814341E+00
  309   0.14401E+02 -0.40662341E+00
  310   0.14451E+02 -0.40509145E+00
  311   0.14501E+02 -0.40354884E+00
  312   0.14551E+02 -0.40199696E+00
  313   0.14601E+02 -0.40043719E+00
  314   0.14651E+02 -0.39887094E+00
  315   0.14701E+02 -0.39729965E+00
  316   0.14751E+02 -0.39572479E+00
  317   0.14801E+02 -0.39414786E+00
  318   0.14851E+02 -0.39257035E+00
  319   0.14901E+02 -0.39099381E+00
  320   0.14951E+02 -0.38941978E+00
  321   0.15001E+02 -0.38784982E+00
  322   0.15051E+02 -0.38628551E+00
  323   0.15101E+02 -0.38472845E+00
  324   0.15151E+02 -0.38318024E+00
  325   0.15201E+02 -0.38164250E+00
  326   0.15251E+02 -0.38011683E+00
  327   0.15301E+02 -0.37860488E+00
  328   0.15351E+02 -0.37710826E+00
  329   0.15401E+02 -0.37562861E+00
  330   0.15451E+02 -0.37416756E+00
  331   0.15501E+02 -0.37272673E+00
  332   0.15551E+02 -0.37130774E+00
  333   0.15601E+02 -0.36991222E+00
  334   0.15651E+02 -0.36854175E+00
  335   0.15701E+02 -0.36719794E+00
  336   0.15751E+02 -0.36588235E+00
  337   0.15801E+02 -0.36459655E+00
  338   0.15851E+02 -0.36334206E+00
  339   0.15901E+02 -0.36212040E+00
  340   0.15951E+02 -0.36093305E+00
  341   0.16001E+02 -0.35978144E+00
  342   0.16051E+02 -0.35866697E+00
  343   0.16101E+02 -0.35759100E+00
  344   0.16151E+02 -0.35655480E+00
  345   0.16201E+02 -0.35555959E+00
  346   0.16251E+02 -0.35460647E+00
  347   0.16301E+02 -0.35369641E+00
  348   0.16351E+02 -0.35283018E+00
  349   0.16401E+02 -0.35200826E+00
  350   0.16451E+02 -0.35123066E+00
  351   0.16501E+02 -0.35049644E+00
  352   0.16551E+02 -0.34980266E+00
  353   0.16601E+02 -0.34914032E+00
  354   0.16651E+02 -0.34845884E+00
  355   0.16701E+02 -0.34545961E+00
  356   0.16751E+02 -0.35225754E+00
  357   0.16801E+02 -0.35135750E+00
  358   0.16851E+02 -0.34529663E+00
  359   0.16901E+02 -0.33493508E+00
  360   0.16951E+02 -0.32063144E+00
  361   0.17001E+02 -0.30252048E+00
  362   0.17051E+02 -0.28061083E+00
  363   0.17101E+02 -0.25482494E+00
  364   0.17151E+02 -0.22501376E+00
  365   0.17201E+02 -0.19095471E+00
  366   0.17251E+02 -0.15233225E+00
  367   0.17301E+02 -0.10869073E+00
  368   0.17351E+02 -0.59332955E-01
  369   0.17401E+02 -0.30943889E-02
  370   0.17451E+02  0.62214772E-01
  371   0.17501E+02  0.14147904E+00
  372   0.17551E+02  0.24943165E+00
  373   0.17601E+02  0.50644759E+00
  374   0.17651E+02 -0.20556710E+01
  375   0.17701E+02 -0.19856352E+01
  376   0.17751E+02 -0.19355425E+01
  377   0.17801E+02 -0.18939409E+01
  378   0.17851E+02 -0.18583768E+01
  379   0.17901E+02 -0.18281472E+01
  380   0.17951E+02 -0.18029514E+01
  381   0.18001E+02 -0.17825361E+01
  382   0.18051E+02 -0.17666061E+01
  383   0.18101E+02 -0.17548164E+01
  384   0.18151E+02 -0.17467895E+01
  385   0.18201E+02 -0.17421359E+01
  386   0.18251E+02 -0.17404710E+01
  387   0.18301E+02 -0.17414267E+01
  388   0.18351E+02 -0.17446587E+01
  389   0.18401E+02 -0.17498494E+01
  390   0.18451E+02 -0.17735646E+01
  391   0.18501E+02 -0.17925967E+01
  392   0.18551E+02 -0.18104911E+01
  393   0.18601E+02 -0.18283388E+01
  394   0.18651E+02 -0.18463743E+01
  395   0.18701E+02 -0.18646217E+01
  396   0.18751E+02 -0.18830311E+01
  397   0.18801E+02 -0.19015230E+01
  398   0.18851E+02 -0.19200055E+01
  399   0.18901E+02 -0.19383813E+01
  400   0.18951E+02 -0.19565511E+01
  401   0.19001E+02 -0.19744147E+01
  402   0.19051E+02 -0.19918706E+01
  403   0.19101E+02 -0.20088156E+01
  404   0.19151E+02 -0.20251438E+01
  405   0.19201E+02 -0.20407451E+01
  406   0.19251E+02 -0.20555041E+01
  407   0.19301E+02 -0.20692978E+01
  408   0.19351E+02 -0.20819937E+01
  409   0.19401E+02 -0.20934476E+01
  410   0.19451E+02 -0.21035005E+01
  411   0.19501E+02 -0.21119757E+01
  412   0.19551E+02 -0.21186746E+01
  413   0.19601E+02 -0.21233726E+01
  414   0.19651E+02 -0.21258137E+01
  415   0.19701E+02 -0.21257045E+01
  416   0.19751E+02 -0.21227076E+01
  417   0.19801E+02 -0.21164335E+01
  418   0.19851E+02 -0.21064328E+01
  419   0.19901E+02 -0.20921882E+01
  420   0.19951E+02 -0.20731082E+01

 *** Task successfully completed ***
