+-------------------------------------------------------------------------+
|              _              |                                           |
| || || ||//  | \          |  | University College London (C) 1994 - 2020 |
| || || ||    | / |/\/\ /\ |  | Open University           (C) 2007 - 2020 |
| \\_// ||\\  | \ | | | \/ |  |                                           |
|                             |                                           |
+-------------------------------------------------------------------------+
| Last revision: unknown                                                  |
| Last author:   unknown                                                  |
| Last date:     unknown                                                  |
+-------------------------------------------------------------------------+
MPI startup(): PMI server not found. Please set I_MPI_PMI_LIBRARY variable if it is not a singleton case.


 Program SWINTERF  ( last modified 12-Jan-2004 )

e + H2O - doublet App                                       20230416  144958.283


 Symmetry data   MGVN = 1 STOT = 2

 Input datasets:             Unit  Set number
 Target data          LUTARG  24       1       FORMATTED
 Boundary amplitudes  LUAMP   16       1     UNFORMATTED
 CI data              LUCI    25       1     UNFORMATTED
 Buttle corrections   LUBUT    0       1     UNFORMATTED

 Output datasets:            Unit  Set number
 Channel data         LUCHAN  10       1     UNFORMATTED
 R-Matrix data        LURMT   21       1     UNFORMATTED

 We are using UKRmol+ input

 Assuming full CI vectors have been saved on LUCI 

 Target rotational constants (a.u.)   0.113195D-03   0.603106D-04   0.393466D-04

 Nuclear centres 
    Atom  Charge      X         Y         Z         Mass
  1   O      8     0.000000  0.000000  0.130178   15.994900
  2   H      1     0.000000  1.502107 -1.033297    1.007800
  3   H      1     0.000000 -1.502107 -1.033297    1.007800

 Reduced mass     890.471806 au

 Transition moments
    1    0    1    0    1   -1   0.00000
    1    0    1    0    1    0   0.74186
    1    0    1    0    2   -1  -0.00000
    1    0    1    0    2    0   0.10933
    1    0    1    0    2    2   2.06113
    5    0    1    0    1   -1   0.50768
    5    0    1    0    1    0  -0.00000
    5    0    1    0    2   -1  -0.77915
    5    0    1    0    2    0  -0.00000
    5    0    1    0    2    2  -0.00000
    5    0    5    0    1   -1  -0.00000
    5    0    5    0    1    0   0.20677
    5    0    5    0    2   -1   0.00000
    5    0    5    0    2    0  -0.85512
    5    0    5    0    2    2   0.96878
    4    0    4    0    1   -1   0.00000
    4    0    4    0    1    0   0.17150
    4    0    4    0    2   -1  -0.00000
    4    0    4    0    2    0   0.00002
    4    0    4    0    2    2   1.47287
    3    1    1    0    1    1   0.00000
    3    1    1    0    2   -2   0.38727
    3    1    1    0    2    1   0.00000
    3    1    5    0    1    1   0.09468
    3    1    5    0    2   -2  -0.00000
    3    1    5    0    2    1   0.76868
    3    1    3    1    1   -1  -0.00000
    3    1    3    1    1    0   0.22628
    3    1    3    1    2   -1   0.00000
    3    1    3    1    2    0   0.37947
    3    1    3    1    2    2  -0.02166
    2    1    4    0    1    1   0.00000
    2    1    4    0    2   -2  -0.39380
    2    1    4    0    2    1  -0.00000
    2    1    2    1    1   -1  -0.00000
    2    1    2    1    1    0   0.19540
    2    1    2    1    2   -1   0.00000
    2    1    2    1    2    0   0.35408
    2    1    2    1    2    2  -0.08788

 READCIP start

 CI file header data:
 --------------------
 MGVN  =  1
 NSET  =  1
 NSTAT =        817
 NOCSF =        817

 READCIP end

 R-matrix radius  =   10.00
 Residual charge on system = 0

 Channel Target  l  m  q       Irr  Energy   Energy(eV)
    1       1    1  1  1  N/A   2  0.000000  0.000000
    2       1    2  2 -1  N/A   2  0.000000  0.000000
    3       1    2  1  1  N/A   2  0.000000  0.000000
    4       1    3  2 -1  N/A   2  0.000000  0.000000
    5       1    3  1  1  N/A   2  0.000000  0.000000
    6       1    3  3  1  N/A   2  0.000000  0.000000
    7       1    4  4 -1  N/A   2  0.000000  0.000000
    8       1    4  2 -1  N/A   2  0.000000  0.000000
    9       1    4  1  1  N/A   2  0.000000  0.000000
   10       1    4  3  1  N/A   2  0.000000  0.000000
   11       2    0  0  0  N/A   1  1.224524 16.660186
   12       2    1  1 -1  N/A   1  1.224524 16.660186
   13       2    1  0  0  N/A   1  1.224524 16.660186
   14       2    2  1 -1  N/A   1  1.224524 16.660186
   15       2    2  0  0  N/A   1  1.224524 16.660186
   16       2    2  2  1  N/A   1  1.224524 16.660186
   17       2    3  3 -1  N/A   1  1.224524 16.660186
   18       2    3  1 -1  N/A   1  1.224524 16.660186
   19       2    3  0  0  N/A   1  1.224524 16.660186
   20       2    3  2  1  N/A   1  1.224524 16.660186
   21       2    4  3 -1  N/A   1  1.224524 16.660186
   22       2    4  1 -1  N/A   1  1.224524 16.660186
   23       2    4  0  0  N/A   1  1.224524 16.660186
   24       2    4  2  1  N/A   1  1.224524 16.660186
   25       2    4  4  1  N/A   1  1.224524 16.660186
   26       3    0  0  0  N/A   1  1.294094 17.606723
   27       3    1  1 -1  N/A   1  1.294094 17.606723
   28       3    1  0  0  N/A   1  1.294094 17.606723
   29       3    2  1 -1  N/A   1  1.294094 17.606723
   30       3    2  0  0  N/A   1  1.294094 17.606723
   31       3    2  2  1  N/A   1  1.294094 17.606723
   32       3    3  3 -1  N/A   1  1.294094 17.606723
   33       3    3  1 -1  N/A   1  1.294094 17.606723
   34       3    3  0  0  N/A   1  1.294094 17.606723
   35       3    3  2  1  N/A   1  1.294094 17.606723
   36       3    4  3 -1  N/A   1  1.294094 17.606723
   37       3    4  1 -1  N/A   1  1.294094 17.606723
   38       3    4  0  0  N/A   1  1.294094 17.606723
   39       3    4  2  1  N/A   1  1.294094 17.606723
   40       3    4  4  1  N/A   1  1.294094 17.606723
   41       4    1  1  1  N/A   2  1.353392 18.413495
   42       4    2  2 -1  N/A   2  1.353392 18.413495
   43       4    2  1  1  N/A   2  1.353392 18.413495
   44       4    3  2 -1  N/A   2  1.353392 18.413495
   45       4    3  1  1  N/A   2  1.353392 18.413495
   46       4    3  3  1  N/A   2  1.353392 18.413495
   47       4    4  4 -1  N/A   2  1.353392 18.413495
   48       4    4  2 -1  N/A   2  1.353392 18.413495
   49       4    4  1  1  N/A   2  1.353392 18.413495
   50       4    4  3  1  N/A   2  1.353392 18.413495
   51       5    1  1  1  N/A   2  1.630079 22.177952
   52       5    2  2 -1  N/A   2  1.630079 22.177952
   53       5    2  1  1  N/A   2  1.630079 22.177952
   54       5    3  2 -1  N/A   2  1.630079 22.177952
   55       5    3  1  1  N/A   2  1.630079 22.177952
   56       5    3  3  1  N/A   2  1.630079 22.177952
   57       5    4  4 -1  N/A   2  1.630079 22.177952
   58       5    4  2 -1  N/A   2  1.630079 22.177952
   59       5    4  1  1  N/A   2  1.630079 22.177952
   60       5    4  3  1  N/A   2  1.630079 22.177952

 Dimension of Hamiltonian matrix           NOCSF =       817
 Number of CSFs used to construct R-matrix NSTAT =  817
 Number of eigenvectors to be retained     NPOLE =    0
 Number of multipoles in potential         ISMAX =    2

 READCIP start

 Reading CI coefficients...
 Last pole include at                   817  is   -68.5635494335445       Ryd

 READCIP end

     R-matrix boundary amplitudes 

     At radial distance RMATR -      0.00000000 Bohr radii
     No. of channels     =    60
     No. of eigenvectors =   817
     No. of correction terms =     0


     First 30 R-matrix amplitudes

     Channel =   1      0.37410153      0.00000000     -0.06875382
                       -0.01092475      0.00000000     -0.00242042
                       -0.00000000      0.00260628     -0.00000000
                        0.00060711     -0.33278834      0.00000000
                       -0.07395932      0.01437534      0.00000000
                       -0.00427843     -0.12426650      0.00000002
                       -0.00000000      0.27922292     -0.05825433
                        0.00000000      0.11377889     -0.00000000
                        0.00045142     -0.00000000     -0.00000000
                        0.00048492      0.00000000      0.00000000
     Channel =   2     -0.00000000      0.40476491      0.00000000
                        0.00000000      0.04284871     -0.00000000
                       -0.00807266     -0.00000000      0.00312723
                        0.00000000      0.00000000      0.32707735
                        0.00000000      0.00000000     -0.03814500
                        0.00000000      0.00000000      0.01492648
                        0.01216031      0.00000000      0.00000000
                        0.31389792     -0.00000000     -0.00450607
                        0.00000000      0.00071200     -0.00053948
                       -0.00000000     -0.00074406     -0.00053045
     Channel =   3     -0.06208668      0.00000000     -0.40099187
                       -0.01458859      0.00000000      0.04756918
                        0.00000000     -0.00606521      0.00000000
                       -0.00214089      0.06853489      0.00000000
                       -0.32172486      0.00466529      0.00000000
                        0.03577954      0.05156537     -0.00000001
                        0.00000000     -0.09298898      0.01443871
                        0.00000000      0.29732447     -0.00000000
                       -0.00099395      0.00000000     -0.00000000
                        0.00055723     -0.00000000     -0.00000000
     Channel =   4      0.00000000     -0.03898141     -0.00000000
                        0.00000003      0.43700113     -0.00000000
                       -0.01860019     -0.00000001     -0.03311635
                        0.00000000      0.00000000     -0.03471101
                       -0.00000000      0.00000002     -0.34136034
                        0.00000000      0.00000000      0.01265957
                       -0.02756976     -0.00000000      0.00000000
                       -0.03756795      0.00000000     -0.00064607
                        0.00000000      0.00129303     -0.00173513
                       -0.00000000     -0.00162845     -0.00040689
     Channel =   5      0.00567531     -0.00000000      0.04593637
                       -0.14446483      0.00000001      0.41260135
                        0.00000001     -0.01613683      0.00000000
                        0.03705942     -0.00692438     -0.00000000
                        0.03447067      0.10910792      0.00000001
                        0.32492191      0.00474017     -0.00000000
                       -0.00000000      0.01822938      0.02441539
                       -0.00000000     -0.02791609      0.00000000
                       -0.00008904      0.00000000     -0.00000000
                        0.00010414     -0.00000000     -0.00000000
     Channel =   6     -0.00736953      0.00000000      0.00057734
                       -0.41430408      0.00000002     -0.14605753
                        0.00000001     -0.02799426      0.00000000
                       -0.01140230      0.01242881     -0.00000000
                       -0.00133470      0.32550411      0.00000002
                       -0.10937419      0.02982793     -0.00000000
                        0.00000000     -0.00877404     -0.00585832
                       -0.00000000      0.00309485     -0.00000000
                       -0.00123437      0.00000000      0.00000000
                        0.00110928     -0.00000000     -0.00000000
     Channel =   7      0.00000000     -0.00573186     -0.00000000
                        0.00000000      0.00003316      0.00000000
                       -0.40167669     -0.00000011      0.24112669
                        0.00000000      0.00000000     -0.00892523
                       -0.00000000     -0.00000000     -0.00113413
                       -0.00000000      0.00000004      0.29780447
                        0.19024931      0.00000000      0.00000000
                       -0.02170873      0.00000000     -0.00009089
                        0.00000000      0.00007493     -0.00008470
                       -0.00000000      0.00003738      0.00008890
     Channel =   8     -0.00000000      0.00176465      0.00000000
                       -0.00000000     -0.03560681      0.00000000
                       -0.24007893     -0.00000010     -0.40084159
                        0.00000001      0.00000000      0.00211144
                       -0.00000000     -0.00000000      0.02822206
                       -0.00000000      0.00000003      0.19016202
                       -0.29722226     -0.00000001      0.00000000
                        0.00649551     -0.00000000      0.00024062
                       -0.00000000     -0.00011263      0.00033753
                        0.00000000      0.00050990     -0.00013972
     Channel =   9     -0.00022780     -0.00000000     -0.00340676
                        0.01328797     -0.00000000     -0.03571311
                        0.00000007     -0.18924889      0.00000002
                        0.42762620     -0.00009834      0.00000000
                       -0.00299778     -0.01043327     -0.00000000
                       -0.02653117      0.11801424     -0.00000002
                       -0.00000000      0.11649717      0.31213373
                        0.00000000      0.00340205      0.00000000
                        0.00022104     -0.00000000      0.00000000
                       -0.00020625      0.00000000      0.00000000
     Channel =  10      0.00139928     -0.00000000      0.00394292
                        0.02660692     -0.00000000      0.00888607
                        0.00000013     -0.42726803      0.00000002
                       -0.19003025     -0.00578162     -0.00000000
                        0.00604831     -0.02219964     -0.00000000
                        0.00739036      0.29872544     -0.00000004
                       -0.00000000      0.10776176     -0.15387100
                       -0.00000000     -0.01167836      0.00000000
                        0.00063075     -0.00000000      0.00000000
                       -0.00054615      0.00000000      0.00000000
     Channel =  11      0.00000000     -0.00000001     -0.00000000
                        0.00000000     -0.00000000     -0.00000000
                        0.00000013     -0.00000000     -0.00000018
                        0.00000000      0.00000000     -0.00002074
                        0.00000000     -0.00000000     -0.00002249
                        0.00000000      0.00000000      0.00003344
                        0.00005524      0.00000000      0.00000000
                        0.00157334      0.00000000      0.31306425
                       -0.00000023     -0.11035941     -0.00436150
                        0.00000002      0.02482333      0.00689785
     Channel =  12     -0.00000004     -0.00000000     -0.00000073
                        0.00000044      0.00000000      0.00000023
                        0.00000000     -0.00000036     -0.00000000
                       -0.00000003     -0.00000982      0.00000000
                        0.00000332      0.00001382      0.00000000
                       -0.00000310      0.00006058      0.00000000
                        0.00000000     -0.00024119      0.00005174
                       -0.00000000      0.00003439      0.00000016
                        0.29648785     -0.00000011      0.00000004
                        0.18672833      0.00000002      0.00000003
     Channel =  13     -0.00000000      0.00000000     -0.00000000
                       -0.00000000      0.00000065      0.00000000
                       -0.00000004      0.00000000      0.00000027
                        0.00000000     -0.00000000      0.00000224
                       -0.00000000      0.00000000      0.00001478
                       -0.00000000     -0.00000000      0.00000317
                       -0.00002373     -0.00000000      0.00000000
                       -0.00019230     -0.00000000     -0.04795030
                        0.00000001     -0.19491448     -0.31411911
                       -0.00000006     -0.01007205     -0.00316792
     Channel =  14      0.00000492      0.00000000      0.00000260
                        0.00000121     -0.00000000      0.00000071
                        0.00000000     -0.00000046     -0.00000000
                       -0.00000012      0.00002151     -0.00000000
                       -0.00001070      0.00000478      0.00000000
                       -0.00000167     -0.00001726     -0.00000000
                       -0.00000000      0.00008670     -0.00001935
                       -0.00000000      0.00001716     -0.00000003
                       -0.04893319     -0.00000002     -0.00000004
                        0.24932917      0.00000002      0.00000005
     Channel =  15     -0.00000000      0.00000831      0.00000000
                       -0.00000000     -0.00000229     -0.00000000
                        0.00000037     -0.00000000     -0.00000046
                       -0.00000000      0.00000000     -0.00002847
                        0.00000000     -0.00000000     -0.00000797
                       -0.00000000      0.00000000     -0.00000942
                        0.00000420     -0.00000000     -0.00000000
                       -0.00015513     -0.00000000     -0.00042275
                       -0.00000001      0.00932556      0.01945823
                       -0.00000005      0.02517165     -0.00544613
     Channel =  16      0.00000000     -0.00000236     -0.00000000
                       -0.00000000      0.00000039      0.00000000
                        0.00000001     -0.00000000     -0.00000002
                        0.00000000     -0.00000000      0.00000212
                        0.00000000      0.00000000     -0.00000593
                       -0.00000000      0.00000000     -0.00000525
                        0.00000348     -0.00000000      0.00000000
                        0.00022162     -0.00000000     -0.00494639
                       -0.00000003     -0.01411117      0.00813999
                       -0.00000002      0.18334591      0.35816080
     Channel =  17     -0.00001642      0.00000000     -0.00000214
                       -0.00000269      0.00000000     -0.00000044
                        0.00000000      0.00000101      0.00000000
                        0.00000019     -0.00005702      0.00000000
                        0.00000906     -0.00001002     -0.00000000
                        0.00000131      0.00002348     -0.00000000
                       -0.00000000     -0.00004708      0.00000913
                       -0.00000000     -0.00001320     -0.00000000
                       -0.00218947     -0.00000000      0.00000000
                        0.00471827      0.00000001      0.00000003
     Channel =  18      0.00000136      0.00000000     -0.00000063
                        0.00000055      0.00000000     -0.00000009
                        0.00000000     -0.00000005      0.00000000
                        0.00000001      0.00000399      0.00000000
                        0.00000335      0.00000128     -0.00000000
                        0.00000015      0.00000240     -0.00000000
                        0.00000000     -0.00000682      0.00000183
                        0.00000000      0.00000399      0.00000000
                        0.00177675      0.00000000      0.00000000
                       -0.01083320      0.00000000      0.00000001
     Channel =  19      0.00000000     -0.00000661     -0.00000000
                        0.00000000      0.00000238      0.00000000
                       -0.00000013      0.00000000      0.00000061
                        0.00000000      0.00000000      0.00003096
                       -0.00000000     -0.00000000      0.00001071
                        0.00000000      0.00000000     -0.00000095
                       -0.00000353     -0.00000000      0.00000000
                       -0.00003157     -0.00000000      0.00062324
                        0.00000000      0.00195476     -0.00000636
                       -0.00000001     -0.00227396     -0.00025471
     Channel =  20     -0.00000000     -0.00000463     -0.00000000
                        0.00000000      0.00000118     -0.00000000
                       -0.00000055     -0.00000000      0.00000019
                       -0.00000000      0.00000000      0.00001854
                       -0.00000000     -0.00000000      0.00000808
                       -0.00000000     -0.00000000     -0.00000193
                       -0.00000319      0.00000000     -0.00000000
                       -0.00004402      0.00000000      0.00106258
                        0.00000000      0.00234906     -0.00132510
                       -0.00000001     -0.00672293     -0.00912215
     Channel =  21      0.00000017      0.00000000     -0.00000384
                       -0.00000068     -0.00000000     -0.00000044
                        0.00000000      0.00000086     -0.00000000
                       -0.00000004     -0.00000217     -0.00000000
                        0.00001802     -0.00000486      0.00000000
                        0.00000310      0.00001297     -0.00000000
                       -0.00000000     -0.00001082      0.00000280
                        0.00000000      0.00003652      0.00000000
                        0.00041572      0.00000000     -0.00000000
                       -0.00045842     -0.00000000     -0.00000000
     Channel =  22      0.00000310      0.00000000      0.00000226
                        0.00000131      0.00000000      0.00000020
                        0.00000000     -0.00000089     -0.00000000
                        0.00000003      0.00001194      0.00000000
                       -0.00001000      0.00000712     -0.00000000
                       -0.00000081     -0.00001461     -0.00000000
                       -0.00000000      0.00001616     -0.00000433
                       -0.00000000     -0.00001364      0.00000000
                        0.00033431     -0.00000000     -0.00000000
                       -0.00060497     -0.00000000     -0.00000000
     Channel =  23     -0.00000000     -0.00000637      0.00000000
                        0.00000000      0.00000346     -0.00000000
                        0.00000008     -0.00000000      0.00000109
                        0.00000000      0.00000000      0.00002634
                       -0.00000000     -0.00000000      0.00001812
                        0.00000000     -0.00000000      0.00000179
                       -0.00000857      0.00000000     -0.00000000
                       -0.00003252     -0.00000000     -0.00008910
                       -0.00000000     -0.00028341      0.00006713
                        0.00000000      0.00014493      0.00004966
     Channel =  24     -0.00000000     -0.00000732      0.00000000
                       -0.00000000      0.00000214      0.00000000
                       -0.00000049     -0.00000000      0.00000008
                        0.00000000      0.00000000      0.00002900
                        0.00000000     -0.00000000      0.00000989
                        0.00000000      0.00000000     -0.00000275
                        0.00000001      0.00000000     -0.00000000
                       -0.00003186     -0.00000000     -0.00012438
                       -0.00000000     -0.00031791      0.00005422
                        0.00000000     -0.00002483     -0.00047447
     Channel =  25      0.00000000     -0.00000319      0.00000000
                        0.00000000     -0.00000017      0.00000000
                       -0.00000085     -0.00000000      0.00000009
                       -0.00000000      0.00000000      0.00001699
                        0.00000000     -0.00000000      0.00000036
                       -0.00000000      0.00000000     -0.00000753
                       -0.00000207     -0.00000000      0.00000000
                       -0.00004452     -0.00000000      0.00006181
                        0.00000000      0.00019229     -0.00010520
                       -0.00000000      0.00001687      0.00022695
     Channel =  26      0.00000000     -0.00016102     -0.00000000
                        0.00000000      0.00003556     -0.00000000
                       -0.00000265     -0.00000000      0.00000075
                        0.00000000      0.00000000     -0.00008028
                        0.00000000     -0.00000000      0.00002177
                        0.00000000      0.00000000     -0.00000911
                       -0.00000466      0.00000000      0.00000000
                        0.00003706     -0.00000000      0.03072041
                        0.00000004      0.20757067     -0.15339087
                        0.00000002      0.12567488     -0.02113171
     Channel =  27     -0.00011821     -0.00000000     -0.00000693
                       -0.00014950      0.00000000     -0.00001128
                        0.00000000      0.00003441     -0.00000000
                        0.00000197      0.00005075      0.00000000
                        0.00001471      0.00001257      0.00000000
                        0.00000104      0.00007314      0.00000000
                        0.00000000      0.00002331     -0.00000683
                       -0.00000000      0.00006568     -0.00000002
                       -0.04463709      0.00000002     -0.00000001
                        0.19643255     -0.00000006     -0.00000003
     Channel =  28      0.00000000      0.00004216     -0.00000000
                       -0.00000000     -0.00011844      0.00000000
                       -0.00001798      0.00000000     -0.00002998
                        0.00000000     -0.00000000     -0.00000007
                       -0.00000000      0.00000000      0.00001004
                       -0.00000000     -0.00000000     -0.00003592
                        0.00006079     -0.00000000      0.00000000
                        0.00006331     -0.00000000     -0.00980788
                       -0.00000001     -0.04811557      0.03334732
                        0.00000002      0.30164923     -0.17611637
     Channel =  29      0.00003967      0.00000000      0.00008135
                        0.00002877     -0.00000000      0.00001593
                        0.00000000     -0.00012489     -0.00000000
                       -0.00000669     -0.00002096     -0.00000000
                        0.00003284      0.00000281      0.00000000
                       -0.00000370     -0.00004960     -0.00000000
                       -0.00000000      0.00000335      0.00000221
                       -0.00000000     -0.00003425      0.00000001
                        0.01322628     -0.00000000      0.00000000
                       -0.02243185      0.00000001     -0.00000000
     Channel =  30     -0.00000000      0.00009753      0.00000000
                       -0.00000000      0.00001693     -0.00000000
                        0.00005777     -0.00000000      0.00009079
                       -0.00000000      0.00000000      0.00002451
                        0.00000000     -0.00000000     -0.00000586
                       -0.00000000      0.00000000      0.00002592
                       -0.00002480     -0.00000000     -0.00000000
                        0.00001200     -0.00000000     -0.00030516
                        0.00000000     -0.00028026      0.00005874
                       -0.00000000     -0.01904156      0.01202553
     Channel =  31      0.00000000      0.00000143     -0.00000000
                       -0.00000000      0.00000120      0.00000000
                        0.00014041      0.00000000     -0.00008222
                        0.00000000     -0.00000000      0.00001704
                        0.00000000      0.00000000      0.00000675
                       -0.00000000      0.00000000      0.00003935
                        0.00002122     -0.00000000      0.00000000
                        0.00005217     -0.00000000     -0.00392689
                       -0.00000000     -0.00943199      0.00537695
                       -0.00000000      0.01007013      0.00034084
     Channel =  32     -0.00010108      0.00000000      0.00000118
                       -0.00001584     -0.00000000      0.00005013
                        0.00000000      0.00000539     -0.00000000
                       -0.00001153      0.00005040      0.00000000
                        0.00001553     -0.00000277     -0.00000000
                        0.00002106      0.00003397     -0.00000000
                       -0.00000000     -0.00006199      0.00001999
                       -0.00000000     -0.00000123      0.00000000
                        0.00085250     -0.00000000      0.00000000
                       -0.00081833      0.00000000      0.00000000
     Channel =  33      0.00002439      0.00000000     -0.00002778
                        0.00007549      0.00000000     -0.00005878
                        0.00000000      0.00001103      0.00000000
                        0.00001583     -0.00000291      0.00000000
                       -0.00001990     -0.00002351     -0.00000000
                       -0.00002189     -0.00001016     -0.00000000
                        0.00000000      0.00002885     -0.00001617
                        0.00000000      0.00000640     -0.00000000
                       -0.00075624      0.00000000     -0.00000000
                        0.00033903     -0.00000000      0.00000000
     Channel =  34      0.00000000     -0.00003662     -0.00000000
                        0.00000000      0.00010255     -0.00000000
                       -0.00000116      0.00000000     -0.00000148
                       -0.00000000      0.00000000     -0.00001119
                       -0.00000000     -0.00000000     -0.00003382
                        0.00000000      0.00000000     -0.00000098
                       -0.00000352     -0.00000000      0.00000000
                       -0.00001242     -0.00000000      0.00060412
                        0.00000000      0.00139936     -0.00075885
                        0.00000000     -0.00159621      0.00034029
     Channel =  35     -0.00000000     -0.00000221     -0.00000000
                        0.00000000      0.00000231     -0.00000000
                       -0.00002475     -0.00000000      0.00001423
                       -0.00000000     -0.00000000      0.00000039
                       -0.00000000     -0.00000000      0.00000114
                       -0.00000000     -0.00000000     -0.00001310
                       -0.00000657      0.00000000     -0.00000000
                        0.00000210      0.00000000      0.00098127
                        0.00000000      0.00235502     -0.00123513
                       -0.00000000     -0.00154079     -0.00012234
     Channel =  36      0.00003237      0.00000000      0.00006774
                       -0.00000031     -0.00000000     -0.00000545
                        0.00000000     -0.00002302      0.00000000
                        0.00005968     -0.00002636     -0.00000000
                        0.00005278     -0.00000512      0.00000000
                       -0.00000051     -0.00000068      0.00000000
                       -0.00000000      0.00002862      0.00000983
                       -0.00000000     -0.00000898     -0.00000000
                       -0.00008953      0.00000000     -0.00000000
                        0.00018258     -0.00000000      0.00000000
     Channel =  37     -0.00001381      0.00000000     -0.00002371
                       -0.00002630      0.00000000      0.00001769
                       -0.00000000      0.00009240     -0.00000000
                       -0.00004846      0.00000619     -0.00000000
                       -0.00001832      0.00000398     -0.00000000
                        0.00000459     -0.00001686      0.00000000
                       -0.00000000     -0.00002735     -0.00000870
                       -0.00000000      0.00000279     -0.00000000
                       -0.00012554      0.00000000      0.00000000
                        0.00019925     -0.00000000     -0.00000000
     Channel =  38     -0.00000000     -0.00001528      0.00000000
                        0.00000000     -0.00003623     -0.00000000
                       -0.00005678     -0.00000000     -0.00009209
                        0.00000000      0.00000000     -0.00000348
                        0.00000000     -0.00000000      0.00000906
                        0.00000000      0.00000000      0.00001619
                       -0.00002807      0.00000000      0.00000000
                       -0.00001517     -0.00000000     -0.00013032
                        0.00000000     -0.00020743      0.00009337
                       -0.00000000      0.00021012     -0.00004209
     Channel =  39     -0.00000000     -0.00000409      0.00000000
                       -0.00000000     -0.00000070      0.00000000
                       -0.00003784     -0.00000000      0.00001916
                       -0.00000000      0.00000000      0.00001171
                        0.00000000     -0.00000000      0.00000113
                        0.00000000      0.00000000      0.00000973
                        0.00000830      0.00000000     -0.00000000
                       -0.00002428     -0.00000000     -0.00013850
                       -0.00000000     -0.00022348      0.00009708
                        0.00000000      0.00024934     -0.00005512
     Channel =  40      0.00000000      0.00010512      0.00000000
                        0.00000000     -0.00000698      0.00000000
                        0.00001898      0.00000000      0.00004011
                       -0.00000000      0.00000000      0.00007430
                        0.00000000     -0.00000000     -0.00000130
                       -0.00000000      0.00000000     -0.00000754
                        0.00000823      0.00000000     -0.00000000
                        0.00003682     -0.00000000      0.00010874
                       -0.00000000      0.00012695     -0.00006486
                       -0.00000000     -0.00007233     -0.00004011
     Channel =  41      0.00001188      0.00000000     -0.00000078
                        0.00000124     -0.00000000      0.00000087
                        0.00000000     -0.00000096      0.00000000
                       -0.00000027      0.00003773      0.00000000
                       -0.00000180      0.00001362     -0.00000000
                       -0.00001049     -0.00003916      0.00000000
                        0.00000000      0.00003577     -0.00000071
                        0.00000000     -0.00024580      0.00000000
                        0.00132187     -0.00000000     -0.00000000
                        0.00099263      0.00000000      0.00000000
     Channel =  42      0.00000000     -0.00001282      0.00000000
                       -0.00000000      0.00000381      0.00000000
                       -0.00000041     -0.00000000      0.00000058
                        0.00000000     -0.00000000      0.00004942
                        0.00000000     -0.00000000      0.00000925
                        0.00000000      0.00000000      0.00000860
                        0.00001123     -0.00000000      0.00000000
                        0.00015570     -0.00000000      0.00096491
                       -0.00000000     -0.00048913      0.00006499
                        0.00000000     -0.00003405     -0.00011872
     Channel =  43      0.00003173      0.00000000      0.00001146
                        0.00000364     -0.00000000      0.00000269
                       -0.00000000     -0.00000166     -0.00000000
                       -0.00000055      0.00010840     -0.00000000
                       -0.00004215      0.00001148      0.00000000
                       -0.00000659     -0.00001302      0.00000000
                       -0.00000000      0.00004340     -0.00001513
                       -0.00000000      0.00016100      0.00000000
                       -0.00003796     -0.00000000      0.00000000
                        0.00049141      0.00000000      0.00000000
     Channel =  44      0.00000000      0.00001575      0.00000000
                        0.00000000     -0.00000467     -0.00000000
                        0.00000064      0.00000000     -0.00000097
                        0.00000000     -0.00000000     -0.00007539
                       -0.00000000      0.00000000     -0.00002124
                        0.00000000     -0.00000000      0.00000428
                        0.00000344      0.00000000     -0.00000000
                        0.00007576      0.00000000     -0.00008889
                        0.00000000     -0.00024956     -0.00052479
                       -0.00000000     -0.00005292      0.00001997
     Channel =  45     -0.00000981      0.00000000     -0.00000715
                        0.00000003     -0.00000000     -0.00000195
                        0.00000000      0.00000061      0.00000000
                        0.00000036     -0.00003882     -0.00000000
                        0.00003360     -0.00000022     -0.00000000
                        0.00000840      0.00002535     -0.00000000
                       -0.00000000     -0.00005211      0.00001074
                        0.00000000      0.00002267     -0.00000000
                       -0.00015724     -0.00000000     -0.00000000
                       -0.00008939     -0.00000000     -0.00000000
     Channel =  46      0.00001380      0.00000000      0.00000653
                        0.00000361     -0.00000000      0.00000116
                       -0.00000000     -0.00000119     -0.00000000
                       -0.00000032      0.00005300      0.00000000
                       -0.00003038      0.00001544     -0.00000000
                       -0.00000497     -0.00003181      0.00000000
                        0.00000000      0.00006821     -0.00001332
                        0.00000000     -0.00002302     -0.00000000
                       -0.00058050      0.00000000     -0.00000000
                       -0.00033383     -0.00000000     -0.00000000
     Channel =  47      0.00000000     -0.00001565      0.00000000
                        0.00000000      0.00000428     -0.00000000
                       -0.00000249     -0.00000000      0.00000167
                        0.00000000      0.00000000      0.00007359
                       -0.00000000      0.00000000      0.00002505
                        0.00000000     -0.00000000     -0.00002162
                       -0.00001708     -0.00000000     -0.00000000
                       -0.00013615     -0.00000000     -0.00001452
                       -0.00000000     -0.00001369      0.00000686
                       -0.00000000      0.00028424      0.00055923
     Channel =  48     -0.00000000      0.00001127     -0.00000000
                       -0.00000000     -0.00000742     -0.00000000
                       -0.00000115     -0.00000000     -0.00000297
                        0.00000000      0.00000000     -0.00005342
                        0.00000000      0.00000000     -0.00004351
                       -0.00000000     -0.00000000     -0.00001059
                        0.00002699     -0.00000000      0.00000000
                        0.00009897      0.00000000      0.00000923
                       -0.00000000      0.00000450      0.00004684
                        0.00000000      0.00003552     -0.00000981
     Channel =  49     -0.00000067      0.00000000     -0.00000498
                        0.00000268     -0.00000000     -0.00000258
                       -0.00000000     -0.00000108      0.00000000
                        0.00000141     -0.00000381     -0.00000000
                        0.00002328      0.00001570     -0.00000000
                        0.00001552     -0.00000372     -0.00000000
                        0.00000000     -0.00001688     -0.00000970
                        0.00000000      0.00004175      0.00000000
                        0.00003303      0.00000000      0.00000000
                       -0.00010813     -0.00000000     -0.00000000
     Channel =  50      0.00001678      0.00000000      0.00001403
                        0.00000805     -0.00000000      0.00000382
                        0.00000000     -0.00000455      0.00000000
                       -0.00000125      0.00006647     -0.00000000
                       -0.00006495      0.00004598      0.00000000
                       -0.00002193     -0.00008446      0.00000000
                        0.00000000      0.00010342     -0.00001263
                        0.00000000     -0.00010946      0.00000000
                        0.00007573     -0.00000000      0.00000000
                       -0.00027573      0.00000000      0.00000000
     Channel =  51     -0.00000000     -0.00134739      0.00000000
                        0.00000000      0.00004307      0.00000000
                        0.00003643      0.00000000      0.00003806
                       -0.00000000      0.00000000     -0.00072160
                        0.00000000     -0.00000000     -0.00001170
                        0.00000000      0.00000000     -0.00004439
                       -0.00000793     -0.00000000      0.00000000
                       -0.00071719     -0.00000000     -0.00008586
                       -0.00000000     -0.00075238      0.00055030
                       -0.00000000     -0.00156266      0.00064435
     Channel =  52     -0.00116301     -0.00000000     -0.00003194
                       -0.00155957      0.00000000     -0.00019701
                       -0.00000000      0.00003555      0.00000000
                       -0.00002753      0.00089840     -0.00000000
                       -0.00050735      0.00096722      0.00000000
                       -0.00024529      0.00043836     -0.00000000
                        0.00000000     -0.00087401      0.00012445
                       -0.00000000     -0.00018742      0.00000000
                        0.00010820     -0.00000000      0.00000000
                       -0.00052813      0.00000000      0.00000000
     Channel =  53      0.00000000      0.00054837      0.00000000
                       -0.00000000     -0.00108170     -0.00000000
                       -0.00003111     -0.00000000     -0.00013676
                        0.00000000     -0.00000000      0.00050391
                        0.00000000     -0.00000000      0.00020068
                       -0.00000000     -0.00000000      0.00001699
                       -0.00012122      0.00000000     -0.00000000
                        0.00007098     -0.00000000     -0.00001881
                       -0.00000000     -0.00046063      0.00034546
                       -0.00000000     -0.00127873      0.00059202
     Channel =  54      0.00026832      0.00000000      0.00083386
                        0.00007456     -0.00000000      0.00000244
                        0.00000000     -0.00161341      0.00000000
                       -0.00007368     -0.00023198      0.00000000
                        0.00049476      0.00013116      0.00000000
                        0.00008443      0.00075482     -0.00000000
                        0.00000000      0.00059098     -0.00007809
                        0.00000000     -0.00042192      0.00000000
                        0.00012127     -0.00000000      0.00000000
                       -0.00031207      0.00000000      0.00000000
     Channel =  55     -0.00000000      0.00018209     -0.00000000
                        0.00000000      0.00032476     -0.00000000
                        0.00066013      0.00000000      0.00112150
                       -0.00000000      0.00000000      0.00008590
                       -0.00000000     -0.00000000     -0.00016200
                       -0.00000000     -0.00000000     -0.00039442
                        0.00064506     -0.00000000     -0.00000000
                        0.00004748      0.00000000      0.00000699
                        0.00000000      0.00009105     -0.00008094
                       -0.00000000     -0.00056129      0.00032893
     Channel =  56      0.00000000      0.00132574      0.00000000
                        0.00000000      0.00022513      0.00000000
                        0.00158202      0.00000000     -0.00059112
                       -0.00000000     -0.00000000      0.00105904
                        0.00000000     -0.00000000     -0.00020735
                        0.00000000     -0.00000000     -0.00086010
                       -0.00031471      0.00000000      0.00000000
                        0.00069815     -0.00000000     -0.00000193
                        0.00000000      0.00000428     -0.00000194
                       -0.00000000     -0.00002995     -0.00000379
     Channel =  57      0.00004036      0.00000000      0.00003628
                        0.00133751     -0.00000000      0.00047229
                        0.00000000      0.00000004     -0.00000000
                       -0.00000711     -0.00004034      0.00000000
                        0.00004956     -0.00085796     -0.00000000
                        0.00029872     -0.00008085     -0.00000000
                       -0.00000000      0.00007863     -0.00001285
                        0.00000000     -0.00007053      0.00000000
                        0.00001195     -0.00000000      0.00000000
                       -0.00001650      0.00000000     -0.00000000
     Channel =  58     -0.00007624      0.00000000     -0.00026716
                        0.00060484      0.00000000     -0.00094221
                        0.00000000      0.00016844      0.00000000
                        0.00005547      0.00005921     -0.00000000
                       -0.00017873     -0.00042241     -0.00000000
                       -0.00064556     -0.00004113     -0.00000000
                        0.00000000     -0.00014362      0.00007929
                       -0.00000000      0.00020247     -0.00000000
                       -0.00005133      0.00000000     -0.00000000
                        0.00005021     -0.00000000     -0.00000000
     Channel =  59     -0.00000000     -0.00009236      0.00000000
                       -0.00000000      0.00046764      0.00000000
                       -0.00007286      0.00000000     -0.00013320
                       -0.00000000      0.00000000     -0.00006173
                        0.00000000      0.00000000     -0.00033724
                        0.00000000     -0.00000000      0.00004088
                       -0.00009410     -0.00000000     -0.00000000
                       -0.00009075     -0.00000000     -0.00000059
                       -0.00000000     -0.00000818      0.00000741
                        0.00000000      0.00003279     -0.00002020
     Channel =  60     -0.00000000     -0.00022034     -0.00000000
                        0.00000000      0.00126520     -0.00000000
                       -0.00008061      0.00000000      0.00008360
                        0.00000000      0.00000000     -0.00010956
                       -0.00000000      0.00000000     -0.00082744
                       -0.00000000     -0.00000000     -0.00000932
                        0.00003364     -0.00000000      0.00000000
                       -0.00022835      0.00000000      0.00001175
                       -0.00000000      0.00002840     -0.00001841
                        0.00000000     -0.00002921      0.00000486

 Channel data will be written UNFORMATTED to set number  1 on unit number 10
 Header :e + H2O - doublet App                                       20230416  144958.283

 Target state    Spin    M    G/U  Energy (au)
         1         1     0     0  -76.107428
         2         3     1     0  -75.495166
         3         1     1     0  -75.460381
         4         3     0     0  -75.430732
         5         1     0     0  -75.292388

 Residual charge on system = 0

 Channel   Target state  L   M  Threshold (Ryd)
    1            1       1   1    0.000000
    2            1       2  -2    0.000000
    3            1       2   1    0.000000
    4            1       3  -2    0.000000
    5            1       3   1    0.000000
    6            1       3   3    0.000000
    7            1       4  -4    0.000000
    8            1       4  -2    0.000000
    9            1       4   1    0.000000
   10            1       4   3    0.000000
   11            2       0   0    1.224524
   12            2       1  -1    1.224524
   13            2       1   0    1.224524
   14            2       2  -1    1.224524
   15            2       2   0    1.224524
   16            2       2   2    1.224524
   17            2       3  -3    1.224524
   18            2       3  -1    1.224524
   19            2       3   0    1.224524
   20            2       3   2    1.224524
   21            2       4  -3    1.224524
   22            2       4  -1    1.224524
   23            2       4   0    1.224524
   24            2       4   2    1.224524
   25            2       4   4    1.224524
   26            3       0   0    1.294094
   27            3       1  -1    1.294094
   28            3       1   0    1.294094
   29            3       2  -1    1.294094
   30            3       2   0    1.294094
   31            3       2   2    1.294094
   32            3       3  -3    1.294094
   33            3       3  -1    1.294094
   34            3       3   0    1.294094
   35            3       3   2    1.294094
   36            3       4  -3    1.294094
   37            3       4  -1    1.294094
   38            3       4   0    1.294094
   39            3       4   2    1.294094
   40            3       4   4    1.294094
   41            4       1   1    1.353392
   42            4       2  -2    1.353392
   43            4       2   1    1.353392
   44            4       3  -2    1.353392
   45            4       3   1    1.353392
   46            4       3   3    1.353392
   47            4       4  -4    1.353392
   48            4       4  -2    1.353392
   49            4       4   1    1.353392
   50            4       4   3    1.353392
   51            5       1   1    1.630079
   52            5       2  -2    1.630079
   53            5       2   1    1.630079
   54            5       3  -2    1.630079
   55            5       3   1    1.630079
   56            5       3   3    1.630079
   57            5       4  -4    1.630079
   58            5       4  -2    1.630079
   59            5       4   1    1.630079
   60            5       4   3    1.630079

 R-matrix data will be written UNFORMATTED to set number  1 on unit number 21
 Header :e + H2O - doublet App                                       20230416  144958.283


 *** Task has been successfully completed ***
