+-------------------------------------------------------------------------+
|              _              |                                           |
| || || ||//  | \          |  | University College London (C) 1994 - 2020 |
| || || ||    | / |/\/\ /\ |  | Open University           (C) 2007 - 2020 |
| \\_// ||\\  | \ | | | \/ |  |                                           |
|                             |                                           |
+-------------------------------------------------------------------------+
| Last revision: 3.2                                                      |
| Last author:   Jimena Gorfinkiel                                        |
| Last date:     Tue Dec 21 17:59:46 2021 +0000                           |
+-------------------------------------------------------------------------+


 PROGRAM SCATCI (19 Oct 2009) : 

                         DATE = 20230416

                         TIME = 144955.256


 CONGEN: e + H2O - doublet App                                                                                                   
 SCATCI: e + H2O - doublet App                                                                                                   
 MGVN =         1     S    =  0.5
 NELT =        11     SZ   =  0.5
 IDIAG=         2     R    =  0.0
 THRES=   0.1D-09     NSYM =    2
 MEGUL=721, NOCSF=       895
 NPFLG         0   0   0   0   0   0
 NOB(i)=                    98
 setting NOBE(i)=                    98
 NOB(i)=                    57
 setting NOBE(i)=                    57
 NOB  =        98  57
 NOB0 =        11   1
 NOBC =        11   1
 NDTRF=         1   2   3   4   5   6   7   8   9  10 197
 NSRB=  310    LNDOF=     26681    LCDOF=      3985
 nfte =  821        nfti =    16       lembf=  5000       iodr =   1
 MOLECULE SYMMETRY CASE,  SYMTYP = 2

 Prototype CSF option requested

 CI target option requested,
 Vectors to be read from unit NFTG = 26
 Phases for target vectors read in from CONGEN

 Number of target symmetries in expansion,   NTGSYM =    4
 Number of continuum orbitals for each state, NOTGT =   56   56   87   87
 Number of CI components for each state,      NCTGT =        65        55        40        50
 Number of target states of each symmetry,   NUMTGT =    2    1    1    1
 Continuum M projection  for each state,      MCONT =    1    1    0    0

 Diagonalisation of Hamiltonian matrix requested
 SCATCI will expand NOCSF =    895 prototype CSFs
               into MXCSF =  15025 actual configurations
               and  MOCSF =    817 dimension final Hamiltonian

 Number of last continuum CSF, NCONT =    420
     ENERGY EXPRESSIONS COMPUTED FOR MOLECULE SYMMETRY CASE - SYMTYP=  2
 All IIII blocks of integrals
                     1                     0                     0
                     0                     0
                     2                     1                     1
                     1                     1
 All IJIJ blocks
                     3                     1                     0
                     1                     0
 The IIJJ blocks of integrals
                     4                     1                     1
                     0                     0
 NOBE =        98        57
 MBAS =         0         6
 NBASH=         1      4852      6505
   Read wavefunctions from CONGEN and load integrals
                   I         N         G         M         S      MPOS      MCON
                   1         1         0         0         0         0         1
                   2         1         0         0         1         0         1
                   3         2         0         0         0         0         1
                   4         2         0         0         1         0         1
                   5         3         0         0         0         0         1
                   6         3         0         0         1         0         1
                   7         4         0         0         0         0         1
                   8         4         0         0         1         0         1
                   9         5         0         0         0         0         1
                  10         5         0         0         1         0         1
                  11         6         0         0         0         0         1
                  12         6         0         0         1         0         1
                  13         7         0         0         0         0         1
                  14         7         0         0         1         0         1
                  15         8         0         0         0         0         1
                  16         8         0         0         1         0         1
                  17         9         0         0         0         0         1
                  18         9         0         0         1         0         1
                  19        10         0         0         0         0         1
                  20        10         0         0         1         0         1
                  21        11         0         0         0         0         1
                  22        11         0         0         1         0         1
                  23        12         0         0         0         0         0
                  24        12         0         0         1         0         0
                  25        13         0         0         0         0         0
                  26        13         0         0         1         0         0
                  27        14         0         0         0         0         0
                  28        14         0         0         1         0         0
                  29        15         0         0         0         0         0
                  30        15         0         0         1         0         0
                  31        16         0         0         0         0         0
                  32        16         0         0         1         0         0
                  33        17         0         0         0         0         0
                  34        17         0         0         1         0         0
                  35        18         0         0         0         0         0
                  36        18         0         0         1         0         0
                  37        19         0         0         0         0         0
                  38        19         0         0         1         0         0
                  39        20         0         0         0         0         0
                  40        20         0         0         1         0         0
                  41        21         0         0         0         0         0
                  42        21         0         0         1         0         0
                  43        22         0         0         0         0         0
                  44        22         0         0         1         0         0
                  45        23         0         0         0         0         0
                  46        23         0         0         1         0         0
                  47        24         0         0         0         0         0
                  48        24         0         0         1         0         0
                  49        25         0         0         0         0         0
                  50        25         0         0         1         0         0
                  51        26         0         0         0         0         0
                  52        26         0         0         1         0         0
                  53        27         0         0         0         0         0
                  54        27         0         0         1         0         0
                  55        28         0         0         0         0         0
                  56        28         0         0         1         0         0
                  57        29         0         0         0         0         0
                  58        29         0         0         1         0         0
                  59        30         0         0         0         0         0
                  60        30         0         0         1         0         0
                  61        31         0         0         0         0         0
                  62        31         0         0         1         0         0
                  63        32         0         0         0         0         0
                  64        32         0         0         1         0         0
                  65        33         0         0         0         0         0
                  66        33         0         0         1         0         0
                  67        34         0         0         0         0         0
                  68        34         0         0         1         0         0
                  69        35         0         0         0         0         0
                  70        35         0         0         1         0         0
                  71        36         0         0         0         0         0
                  72        36         0         0         1         0         0
                  73        37         0         0         0         0         0
                  74        37         0         0         1         0         0
                  75        38         0         0         0         0         0
                  76        38         0         0         1         0         0
                  77        39         0         0         0         0         0
                  78        39         0         0         1         0         0
                  79        40         0         0         0         0         0
                  80        40         0         0         1         0         0
                  81        41         0         0         0         0         0
                  82        41         0         0         1         0         0
                  83        42         0         0         0         0         0
                  84        42         0         0         1         0         0
                  85        43         0         0         0         0         0
                  86        43         0         0         1         0         0
                  87        44         0         0         0         0         0
                  88        44         0         0         1         0         0
                  89        45         0         0         0         0         0
                  90        45         0         0         1         0         0
                  91        46         0         0         0         0         0
                  92        46         0         0         1         0         0
                  93        47         0         0         0         0         0
                  94        47         0         0         1         0         0
                  95        48         0         0         0         0         0
                  96        48         0         0         1         0         0
                  97        49         0         0         0         0         0
                  98        49         0         0         1         0         0
                  99        50         0         0         0         0         0
                 100        50         0         0         1         0         0
                 101        51         0         0         0         0         0
                 102        51         0         0         1         0         0
                 103        52         0         0         0         0         0
                 104        52         0         0         1         0         0
                 105        53         0         0         0         0         0
                 106        53         0         0         1         0         0
                 107        54         0         0         0         0         0
                 108        54         0         0         1         0         0
                 109        55         0         0         0         0         0
                 110        55         0         0         1         0         0
                 111        56         0         0         0         0         0
                 112        56         0         0         1         0         0
                 113        57         0         0         0         0         0
                 114        57         0         0         1         0         0
                 115        58         0         0         0         0         0
                 116        58         0         0         1         0         0
                 117        59         0         0         0         0         0
                 118        59         0         0         1         0         0
                 119        60         0         0         0         0         0
                 120        60         0         0         1         0         0
                 121        61         0         0         0         0         0
                 122        61         0         0         1         0         0
                 123        62         0         0         0         0         0
                 124        62         0         0         1         0         0
                 125        63         0         0         0         0         0
                 126        63         0         0         1         0         0
                 127        64         0         0         0         0         0
                 128        64         0         0         1         0         0
                 129        65         0         0         0         0         0
                 130        65         0         0         1         0         0
                 131        66         0         0         0         0         0
                 132        66         0         0         1         0         0
                 133        67         0         0         0         0         0
                 134        67         0         0         1         0         0
                 135        68         0         0         0         0         0
                 136        68         0         0         1         0         0
                 137        69         0         0         0         0         0
                 138        69         0         0         1         0         0
                 139        70         0         0         0         0         0
                 140        70         0         0         1         0         0
                 141        71         0         0         0         0         0
                 142        71         0         0         1         0         0
                 143        72         0         0         0         0         0
                 144        72         0         0         1         0         0
                 145        73         0         0         0         0         0
                 146        73         0         0         1         0         0
                 147        74         0         0         0         0         0
                 148        74         0         0         1         0         0
                 149        75         0         0         0         0         0
                 150        75         0         0         1         0         0
                 151        76         0         0         0         0         0
                 152        76         0         0         1         0         0
                 153        77         0         0         0         0         0
                 154        77         0         0         1         0         0
                 155        78         0         0         0         0         0
                 156        78         0         0         1         0         0
                 157        79         0         0         0         0         0
                 158        79         0         0         1         0         0
                 159        80         0         0         0         0         0
                 160        80         0         0         1         0         0
                 161        81         0         0         0         0         0
                 162        81         0         0         1         0         0
                 163        82         0         0         0         0         0
                 164        82         0         0         1         0         0
                 165        83         0         0         0         0         0
                 166        83         0         0         1         0         0
                 167        84         0         0         0         0         0
                 168        84         0         0         1         0         0
                 169        85         0         0         0         0         0
                 170        85         0         0         1         0         0
                 171        86         0         0         0         0         0
                 172        86         0         0         1         0         0
                 173        87         0         0         0         0         0
                 174        87         0         0         1         0         0
                 175        88         0         0         0         0         0
                 176        88         0         0         1         0         0
                 177        89         0         0         0         0         0
                 178        89         0         0         1         0         0
                 179        90         0         0         0         0         0
                 180        90         0         0         1         0         0
                 181        91         0         0         0         0         0
                 182        91         0         0         1         0         0
                 183        92         0         0         0         0         0
                 184        92         0         0         1         0         0
                 185        93         0         0         0         0         0
                 186        93         0         0         1         0         0
                 187        94         0         0         0         0         0
                 188        94         0         0         1         0         0
                 189        95         0         0         0         0         0
                 190        95         0         0         1         0         0
                 191        96         0         0         0         0         0
                 192        96         0         0         1         0         0
                 193        97         0         0         0         0         0
                 194        97         0         0         1         0         0
                 195        98         0         0         0         0         0
                 196        98         0         0         1         0         0
                 197        99         0         1         0         0         1
                 198        99         0         1         1         0         1
                 199       100         0         1         0         0         0
                 200       100         0         1         1         0         0
                 201       101         0         1         0         0         0
                 202       101         0         1         1         0         0
                 203       102         0         1         0         0         0
                 204       102         0         1         1         0         0
                 205       103         0         1         0         0         0
                 206       103         0         1         1         0         0
                 207       104         0         1         0         0         0
                 208       104         0         1         1         0         0
                 209       105         0         1         0         0         0
                 210       105         0         1         1         0         0
                 211       106         0         1         0         0         0
                 212       106         0         1         1         0         0
                 213       107         0         1         0         0         0
                 214       107         0         1         1         0         0
                 215       108         0         1         0         0         0
                 216       108         0         1         1         0         0
                 217       109         0         1         0         0         0
                 218       109         0         1         1         0         0
                 219       110         0         1         0         0         0
                 220       110         0         1         1         0         0
                 221       111         0         1         0         0         0
                 222       111         0         1         1         0         0
                 223       112         0         1         0         0         0
                 224       112         0         1         1         0         0
                 225       113         0         1         0         0         0
                 226       113         0         1         1         0         0
                 227       114         0         1         0         0         0
                 228       114         0         1         1         0         0
                 229       115         0         1         0         0         0
                 230       115         0         1         1         0         0
                 231       116         0         1         0         0         0
                 232       116         0         1         1         0         0
                 233       117         0         1         0         0         0
                 234       117         0         1         1         0         0
                 235       118         0         1         0         0         0
                 236       118         0         1         1         0         0
                 237       119         0         1         0         0         0
                 238       119         0         1         1         0         0
                 239       120         0         1         0         0         0
                 240       120         0         1         1         0         0
                 241       121         0         1         0         0         0
                 242       121         0         1         1         0         0
                 243       122         0         1         0         0         0
                 244       122         0         1         1         0         0
                 245       123         0         1         0         0         0
                 246       123         0         1         1         0         0
                 247       124         0         1         0         0         0
                 248       124         0         1         1         0         0
                 249       125         0         1         0         0         0
                 250       125         0         1         1         0         0
                 251       126         0         1         0         0         0
                 252       126         0         1         1         0         0
                 253       127         0         1         0         0         0
                 254       127         0         1         1         0         0
                 255       128         0         1         0         0         0
                 256       128         0         1         1         0         0
                 257       129         0         1         0         0         0
                 258       129         0         1         1         0         0
                 259       130         0         1         0         0         0
                 260       130         0         1         1         0         0
                 261       131         0         1         0         0         0
                 262       131         0         1         1         0         0
                 263       132         0         1         0         0         0
                 264       132         0         1         1         0         0
                 265       133         0         1         0         0         0
                 266       133         0         1         1         0         0
                 267       134         0         1         0         0         0
                 268       134         0         1         1         0         0
                 269       135         0         1         0         0         0
                 270       135         0         1         1         0         0
                 271       136         0         1         0         0         0
                 272       136         0         1         1         0         0
                 273       137         0         1         0         0         0
                 274       137         0         1         1         0         0
                 275       138         0         1         0         0         0
                 276       138         0         1         1         0         0
                 277       139         0         1         0         0         0
                 278       139         0         1         1         0         0
                 279       140         0         1         0         0         0
                 280       140         0         1         1         0         0
                 281       141         0         1         0         0         0
                 282       141         0         1         1         0         0
                 283       142         0         1         0         0         0
                 284       142         0         1         1         0         0
                 285       143         0         1         0         0         0
                 286       143         0         1         1         0         0
                 287       144         0         1         0         0         0
                 288       144         0         1         1         0         0
                 289       145         0         1         0         0         0
                 290       145         0         1         1         0         0
                 291       146         0         1         0         0         0
                 292       146         0         1         1         0         0
                 293       147         0         1         0         0         0
                 294       147         0         1         1         0         0
                 295       148         0         1         0         0         0
                 296       148         0         1         1         0         0
                 297       149         0         1         0         0         0
                 298       149         0         1         1         0         0
                 299       150         0         1         0         0         0
                 300       150         0         1         1         0         0
                 301       151         0         1         0         0         0
                 302       151         0         1         1         0         0
                 303       152         0         1         0         0         0
                 304       152         0         1         1         0         0
                 305       153         0         1         0         0         0
                 306       153         0         1         1         0         0
                 307       154         0         1         0         0         0
                 308       154         0         1         1         0         0
                 309       155         0         1         0         0         0
                 310       155         0         1         1         0         0
 GIVEN NSRBD=                   310
 CALCULATED NSRB=                   310

          Assuming UKRMol+ integrals on input.
MPI startup(): PMI server not found. Please set I_MPI_PMI_LIBRARY variable if it is not a singleton case.

 On input SCATCI expects:
 1-electron integrals, NINT1e =0
 2-electron integrals, NINT2e =0

One electron integrals read-in.

Two electron integrals read-in.

 UKRMol+ integrals read successfully:
 1-electron integrals, NINT1e =12090
 2-electron integrals, NINT2e =1255995

          Nuclear repulsion energy =       8.7539184

          Finished reading UKRMol+ integrals.
   Load CI target and construct matrix elements

 TRANSFORMATION VECTOR   1 FROM SET  1 STATE  1
 SET   1    H2O CI calculation - singlet Ap                                                                                         
          NOCSF=   65    NSTAT=    2    NNUC =    4

 Nuclear data     X         Y         Z       Charge
   O  1        0.000000  0.000000  0.130178  8.000000
   H  2        0.000000  1.502107 -1.033297  1.000000
   H  3        0.000000 -1.502107 -1.033297  1.000000
   sc 4        0.000000  0.000000  0.000000  0.000000
          EIGEN-ENERGIES OF THE REQ. STATES
                      -76.1074279830      -75.2923882571

 TRANSFORMATION VECTOR   2 FROM SET  1 STATE  2

 TRANSFORMATION VECTOR   3 FROM SET  2 STATE  1
 SET   2    H2O CI calculation - triplet Ap                                                                                         
          NOCSF=   55    NSTAT=    1    NNUC =    4

 Nuclear data     X         Y         Z       Charge
   O  1        0.000000  0.000000  0.130178  8.000000
   H  2        0.000000  1.502107 -1.033297  1.000000
   H  3        0.000000 -1.502107 -1.033297  1.000000
   sc 4        0.000000  0.000000  0.000000  0.000000
          EIGEN-ENERGIES OF THE REQ. STATES
                      -75.4307320415

 TRANSFORMATION VECTOR   4 FROM SET  3 STATE  1
 SET   3    H2O CI calculation - singlet App                                                                                        
          NOCSF=   40    NSTAT=    1    NNUC =    4

 Nuclear data     X         Y         Z       Charge
   O  1        0.000000  0.000000  0.130178  8.000000
   H  2        0.000000  1.502107 -1.033297  1.000000
   H  3        0.000000 -1.502107 -1.033297  1.000000
   sc 4        0.000000  0.000000  0.000000  0.000000
          EIGEN-ENERGIES OF THE REQ. STATES
                      -75.4603809136

 TRANSFORMATION VECTOR   5 FROM SET  4 STATE  1
 SET   4    H2O CI calculation - triplet App                                                                                        
          NOCSF=   50    NSTAT=    1    NNUC =    4

 Nuclear data     X         Y         Z       Charge
   O  1        0.000000  0.000000  0.130178  8.000000
   H  2        0.000000  1.502107 -1.033297  1.000000
   H  3        0.000000 -1.502107 -1.033297  1.000000
   sc 4        0.000000  0.000000  0.000000  0.000000
          EIGEN-ENERGIES OF THE REQ. STATES
                      -75.4951661596
     MXCORB SET TO:       100000000


 TOTAL H Matrix     ELEMENTS      =    334153
 NON-ZERO ELEMENTS evaluated      =    264033
 Total    prototype ELEMENTS      =    400960
 Non-zero prototype ELEMENTS      =     50996

 Number (prototype) integrals     =    219345
 Compressed (prototype) integrals =    192322
 Number integrals evaluated       =   3689229
 ===================================================
  inside subroutine --> 'dgmain' --> begins. 
 

  ************************************************************************************************************************

 MATRIX DIAGONALIZATION SECTION
 (RUN)     H2O CI calculation - doublet App                                                                                        
  DATA SET FILE NUMBERS AND LENGTH SPECIFICATIONS :
      NFTE =821      NFTW =     25

 NPFLG :      0     0
 NCISET:      1

 NPCVC =    1
 THRHM = 0.10D-14


 (EMX)     e + H2O - doublet App                                                                                                   

   817 Eigenvectors to be computed for
   817 dimensional final Hamiltonian matrix

    264033 Hamiltonian elements read from unit NFTE =821
 CI data stored as set number  1

 SET   1    H2O CI calculation - doublet App                                                                                        

 MGVN = 1    s =   0.5    sz =   0.5    NELT =   11    NNUC =  4

 Nuclear data     X         Y         Z       Charge
   O  1        0.000000  0.000000  0.130178  8.000000
   H  2        0.000000  1.502107 -1.033297  1.000000
   H  3        0.000000 -1.502107 -1.033297  1.000000
   sc 4        0.000000  0.000000  0.000000  0.000000

 NOCSF=  817    NSTAT=  817    EN   =        8.7539183677

 NTGSYM=   4
  I   MCONT  NOTGT
  1      1     56
  2      1     56
  3      0     87
  4      0     87

 EIGEN-ENERGIES
                      -76.0670874248      -76.0333696449      -76.0312112423      -75.9843337794      -75.9838039511
                      -75.9823823863      -75.9240060358      -75.9237927554      -75.9230247112      -75.9220337863
                      -75.8953368782      -75.8376371468      -75.8296028864      -75.7290848662      -75.7278221126
                      -75.7233092181      -75.6114679959      -75.6112210354      -75.6088488799      -75.6081553392
                      -75.6060984637      -75.5600337967      -75.5418188076      -75.4822385742      -75.4693944768
                      -75.4576658355      -75.4549351014      -75.4282059996      -75.4222717556      -75.4208077877
                      -75.4202295373      -75.4184536291      -75.3920148019      -75.3919078287      -75.3895909913
                      -75.3854959878      -75.3843551562      -75.3827161679      -75.3814812080      -75.3800728526
                      -75.3731226012      -75.3716429803      -75.3714664855      -75.3713234479      -75.3712010258
                      -75.3576378369      -75.3559414054      -75.3550848083      -75.3370606207      -75.3367247531
                      -75.3366294207      -75.3364973118      -75.3291447804      -75.3116605714      -75.3114725366
                      -75.3113514536      -75.3112129786      -75.3112019882      -75.3072609431      -75.3070557551
                      -75.3061439428      -75.2951180538      -75.2769026049      -75.2767053751      -75.2765646201
                      -75.2764449891      -75.2764190490      -75.2668947785      -75.2518786166      -75.2514219514
                      -75.2472782204      -75.2472322096      -75.2466542245      -75.2460994145      -75.2341400029
                      -75.2265333654      -75.2264932065      -75.2173733230      -75.2171475143      -75.2161781517
                      -75.2146743833      -75.2134358550      -75.2095805336      -75.2088848279      -75.2058718989
                      -75.2039022250      -75.2008597607      -75.1879161974      -75.1798795218      -75.1772600827
                      -75.1687054184      -75.1687013441      -75.1679938504      -75.1599294794      -75.1570616527
                      -75.1535066813      -75.1484627763      -75.1450042588      -75.1171917806      -75.1155177851
                      -75.1149442519      -75.1144369862      -75.1088191957      -75.1088175093      -75.1082073904
                      -75.1080045680      -75.0848603782      -75.0817464893      -75.0816923314      -75.0805894912
                      -75.0776456726      -75.0741705496      -75.0543134591      -75.0510559551      -75.0503840465
                      -75.0476196910      -75.0393584925      -75.0195406102      -75.0187314887      -74.9986818279
                      -74.9982696534      -74.9979842482      -74.9976667421      -74.9975119319      -74.9822463459
                      -74.9755241543      -74.9706498196      -74.9644224185      -74.9638194736      -74.9633084815
                      -74.9630706235      -74.9627173822      -74.9563928860      -74.9458357049      -74.9406069002
                      -74.9342706331      -74.9342560259      -74.9336196274      -74.9326716503      -74.9311149608
                      -74.9242513304      -74.9217937054      -74.9204126117      -74.9126836301      -74.9122937371
                      -74.9105008812      -74.9081443694      -74.9057892185      -74.8747721967      -74.8663153994
                      -74.8437857600      -74.8286298641      -74.8257792405      -74.8150547301      -74.8061783007
                      -74.7959196190      -74.7957719828      -74.7942107608      -74.7936837649      -74.7891538214
                      -74.7789008374      -74.7705254154      -74.7670702737      -74.7661285322      -74.7458664610
                      -74.7414362528      -74.7405781146      -74.7366896592      -74.7354977602      -74.7311777366
                      -74.7247305256      -74.7046025980      -74.7041734613      -74.6995372163      -74.6981873008
                      -74.6961817649      -74.6936904121      -74.6800849017      -74.6770371860      -74.6766865583
                      -74.6707255605      -74.6688995614      -74.6591792957      -74.6584187271      -74.6540376193
                      -74.6255340184      -74.6173243916      -74.6021588935      -74.5997149643      -74.5995158923
                      -74.5970885904      -74.5948375196      -74.5947301371      -74.5937099843      -74.5875484084
                      -74.5863768474      -74.5822295051      -74.5772984071      -74.5744433788      -74.5682562391
                      -74.5658189884      -74.5642397507      -74.5629639330      -74.5629547625      -74.5610006774
                      -74.5601842205      -74.5590117472      -74.5542741423      -74.5472009303      -74.5378716401
                      -74.5322982364      -74.5321231571      -74.5294229728      -74.5265482801      -74.5205787711
                      -74.5183599161      -74.4988713049      -74.4932677685      -74.4812717497      -74.4691994428
                      -74.4341087846      -74.4331230444      -74.4181262810      -74.4157601540      -74.4145514817
                      -74.3956154009      -74.3944167582      -74.3939747688      -74.3921311697      -74.3906750537
                      -74.3902414891      -74.3759304624      -74.3653502862      -74.3614865554      -74.3496130389
                      -74.3464467842      -74.3428721710      -74.3395315086      -74.3219634517      -74.3139453978
                      -74.3114191922      -74.3081794196      -74.3011003755      -74.2958124575      -74.2878852702
                      -74.2851090158      -74.2833795901      -74.2801542500      -74.2694084595      -74.2565353179
                      -74.2529758957      -74.2444551996      -74.2407665238      -74.2390085207      -74.2360233015
                      -74.2291010105      -74.2162113111      -74.2076177487      -74.2046629794      -74.1985337235
                      -74.1861297457      -74.1794186000      -74.1770035870      -74.1693574317      -74.1626381116
                      -74.1410073997      -74.1369121751      -74.1346244286      -74.1160905462      -74.1153758317
                      -74.1135987763      -74.1080624134      -74.1058870343      -74.1033050998      -74.0985286234
                      -74.0977429647      -74.0966885343      -74.0891760813      -74.0876658405      -74.0834846287
                      -74.0811734060      -74.0780413678      -74.0720432242      -74.0719144378      -74.0669062322
                      -74.0650179599      -74.0629727419      -74.0624345659      -74.0580049711      -74.0565377786
                      -74.0504334635      -74.0480500734      -74.0416076096      -74.0413234926      -74.0362718162
                      -74.0354745281      -74.0339629757      -74.0314978552      -74.0312479673      -74.0245299138
                      -74.0119231466      -74.0102686240      -74.0079996025      -74.0045565468      -74.0024524118
                      -73.9980110002      -73.9951029570      -73.9929166667      -73.9923243425      -73.9919213041
                      -73.9860156909      -73.9742601311      -73.9737228121      -73.9712880819      -73.9674837471
                      -73.9596960066      -73.9547363199      -73.9505864398      -73.9499879130      -73.9454334961
                      -73.9364295780      -73.9281120220      -73.9205968267      -73.9064027446      -73.8973014474
                      -73.8964448225      -73.8956984615      -73.8828130763      -73.8791148373      -73.8771331326
                      -73.8700573255      -73.8680909490      -73.8631303198      -73.8626313165      -73.8538701321
                      -73.8533340801      -73.8503636939      -73.8405819133      -73.8290308304      -73.8237477886
                      -73.8222397844      -73.8170364882      -73.8134100248      -73.8105381255      -73.8090826964
                      -73.7987037736      -73.7926712193      -73.7814292076      -73.7659196483      -73.7638784452
                      -73.7609909426      -73.7604599616      -73.7541629562      -73.7499306700      -73.7413955694
                      -73.7385934293      -73.7302492085      -73.7220249106      -73.7149003086      -73.7099338469
                      -73.7015913868      -73.7010746880      -73.6888949416      -73.6858405567      -73.6841432383
                      -73.6796876618      -73.6774048117      -73.6665336376      -73.6643455202      -73.6622173242
                      -73.6598546056      -73.6572005997      -73.6520922564      -73.6448539845      -73.6405752494
                      -73.6370274748      -73.6279107112      -73.6277605327      -73.6181439865      -73.6115834297
                      -73.6052655306      -73.6048817379      -73.5964478672      -73.5937705795      -73.5818529592
                      -73.5805955023      -73.5781170571      -73.5744398557      -73.5650647541      -73.5615277025
                      -73.5328592561      -73.5239952196      -73.5187472201      -73.5184468732      -73.4914519685
                      -73.4863694294      -73.4851290920      -73.4788994619      -73.4767226859      -73.4737653474
