+-------------------------------------------------------------------------+
|              _              |                                           |
| || || ||//  | \          |  | University College London (C) 1994 - 2020 |
| || || ||    | / |/\/\ /\ |  | Open University           (C) 2007 - 2020 |
| \\_// ||\\  | \ | | | \/ |  |                                           |
|                             |                                           |
+-------------------------------------------------------------------------+
| Last revision: 3.2                                                      |
| Last author:   Jimena Gorfinkiel                                        |
| Last date:     Tue Dec 21 17:59:46 2021 +0000                           |
+-------------------------------------------------------------------------+
1

 PROGRAM CONGEN :

                         DATE = 20230416

                         TIME = 144955.213




Using   8-byte integers
  and   8-byte reals

 NBMX =  2000000 WORDS
 ***** REGION USED FOR INPUT DATA    4501 WORDS     4 K
 ***** LEFT   1995500  WORDS
1CONGEN 1.0  IBM SAN JOSE      e + H2O - doublet App                                                                         PAGE 001

 NELECT  11   CONFPF  1   MULT   2   CDIMX   400   ICDI      1
 NTSO   310   SYMTYP  2   MVAL   1   NIDMX  4000   INDI    401
 NREFO    2               REFLC  0   NODIMX  100   INODI  4401
 NSYM     2               GUTOT  0   NCORE   2000000
                          ISZ    2   NAV     1995500


              DATA FOR SPEEDY INPUT

             IDIAG    1   MEGU  14   THRES   1.0000E-10
             LCDT   500   MEGUL721
             LNDT  5000   NFTO  15
             NRERUN   0   LTRI 300

             NPFLG =  0  0  0  0  0  0  NNDEL =      0
             BYPROJ 1   LNDO  10000000   LCDO       500
 
 
 NSYM    1    2
 NOB    98   57
 NSOI    1  197
 
 REFERENCE DETERMINANT INPUT DATA
         1   2
 MSHL    0   1
 PQN     1   1
 NES    10   1
 SO1     0   0
 SO2     0   0
 
 
 REFDET =  1,  2,  3,  4,  5,  6,  7,  8,  9, 10,197,
 lsquare =                     0

 Target state number  1
 TARGET MULTIPLICITY =    1     TARGET SYMMETRY =    0     TARGET INVERSION SYMMETRY =    0
 Coupling to continuum with M =  1
1CONGEN 1.0  IBM SAN JOSE      e + H2O - doublet App                                                                         PAGE 002

 WFN GROUP   1    singlet Ap (ORMAS distribution 1/1) x continuum^1                               
 NELECG  11   DEFLTC  0   IRFCON  4501
 NDPROD   3   NTCON   0   NAV     1995500
 NREFOG   2

           1  2  3
 NELECP =  2  8  1
 NSHLP  =  1  2  1
     TARGET MULTIPLICITY =    1     TARGET SYMMETRY =    0     TARGET INVERSION SYMMETRY =    0
 
   1 ORBITALS IN GROUP 1
            1
 MSHL       0
 PQN   ( 0, 1, 1)
 
   2 ORBITALS IN GROUP 2
            1           2
 MSHL       0           1
 PQN   ( 0, 2, 6)  ( 0, 1, 1)
 
   1 ORBITALS IN GROUP 3
            1
 MSHL       1
 PQN   ( 0, 2, 3)
 
 
 COUPLING DATA
            5           6           7
 CUP   ( 2, 3, 5)  ( 1, 5, 6)  ( 6, 4, 7)
 
 REFERENCE DETERMINANT INPUT DATA
         1   2
 MSHL    0   1
 PQN     1   1
 NES    10   1
 SO1     0   0
 SO2     0   0
 
 
 REFDET =  1,  2,  3,  4,  5,  6,  7,  8,  9, 10,197,
 
1CONGEN 1.0  IBM SAN JOSE      e + H2O - doublet App                                                                         PAGE 003

 NTYP=  1   SHELL NO       1           2           3           4           5           6
            OCCSHL         2           2           2           2           2           1
            SYM            0           0           0           0           0           1
            PQN      (  0, 1, 1) (  0, 2, 6) (  0, 2, 6) (  0, 2, 6) (  0, 2, 6) (  0, 2, 3)
            QNSHL          1           1           1           1           1           2
 
 *******************     TOTAL NUMBER OF DISTRIBUTIONS FOR NTYP =  1 IS   10
 *******************     TOTAL NUMBER OF STATES FOR NTYP=  1 IS   1
                    CSF NUMBERS         1 TO        10 (       10 CSFS) GENERATED
 ********************************************************************************************
 ********************************************************************************************
 
 
 NTYP=  2   SHELL NO       1           2           3           4           5           6           7
            OCCSHL         2           2           2           2           1           1           1
            SYM            0           0           0           0           0           0           1
            PQN      (  0, 1, 1) (  0, 2, 6) (  0, 2, 6) (  0, 2, 6) (  0, 2, 6) (  0, 2, 6) (  0, 2, 3)
            QNSHL          1           1           1           1           2           2           2
 
 *******************     TOTAL NUMBER OF DISTRIBUTIONS FOR NTYP =  2 IS   20
 *******************     TOTAL NUMBER OF STATES FOR NTYP=  2 IS   1
                    CSF NUMBERS        11 TO        30 (       20 CSFS) GENERATED
 ********************************************************************************************************
 ********************************************************************************************************
 
 
 NTYP=  3   SHELL NO       1           2           3           4           5           6
            OCCSHL         2           2           2           2           2           1
            SYM            0           0           0           0           1           1
            PQN      (  0, 1, 1) (  0, 2, 6) (  0, 2, 6) (  0, 2, 6) (  0, 1, 1) (  0, 2, 3)
            QNSHL          1           1           1           1           1           2
 
 *******************     TOTAL NUMBER OF DISTRIBUTIONS FOR NTYP =  3 IS   20
 *******************     TOTAL NUMBER OF STATES FOR NTYP=  3 IS   1
                    CSF NUMBERS        31 TO        50 (       20 CSFS) GENERATED
 ********************************************************************************************
 ********************************************************************************************
 
 
 NTYP=  4   SHELL NO       1           2           3           4           5           6           7
            OCCSHL         2           2           2           1           1           2           1
            SYM            0           0           0           0           0           1           1
            PQN      (  0, 1, 1) (  0, 2, 6) (  0, 2, 6) (  0, 2, 6) (  0, 2, 6) (  0, 1, 1) (  0, 2, 3)
            QNSHL          1           1           1           2           2           1           2
 
 *******************     TOTAL NUMBER OF DISTRIBUTIONS FOR NTYP =  4 IS   60
 *******************     TOTAL NUMBER OF STATES FOR NTYP=  4 IS   1
                    CSF NUMBERS        51 TO       110 (       60 CSFS) GENERATED
 ********************************************************************************************************
 ********************************************************************************************************
1CONGEN 1.0  IBM SAN JOSE      e + H2O - doublet App                                                                         PAGE 004

 NTYP=  5   SHELL NO       1           2           3           4           5           6           7           8
            OCCSHL         2           2           1           1           1           1           2           1
            SYM            0           0           0           0           0           0           1           1
            PQN      (  0, 1, 1) (  0, 2, 6) (  0, 2, 6) (  0, 2, 6) (  0, 2, 6) (  0, 2, 6) (  0, 1, 1) (  0, 2, 3)
            QNSHL          1           1           2           2           2           2           1           2
 
 *******************     TOTAL NUMBER OF DISTRIBUTIONS FOR NTYP =  5 IS   10
 *******************     TOTAL NUMBER OF STATES FOR NTYP=  5 IS   2
                    CSF NUMBERS       111 TO       130 (       20 CSFS) GENERATED
 ********************************************************************************************************************
 ********************************************************************************************************************
 lsquare =                     0

 Target state number  2
 TARGET MULTIPLICITY =    3     TARGET SYMMETRY =    0     TARGET INVERSION SYMMETRY =    0
 Coupling to continuum with M =  1
1CONGEN 1.0  IBM SAN JOSE      e + H2O - doublet App                                                                         PAGE 005

 WFN GROUP   2    triplet Ap (ORMAS distribution 1/1) x continuum^1                               
 NELECG  11   DEFLTC  0   IRFCON  4501
 NDPROD   3   NTCON   0   NAV     1995500
 NREFOG   2

           1  2  3
 NELECP =  2  8  1
 NSHLP  =  1  2  1
     TARGET MULTIPLICITY =    3     TARGET SYMMETRY =    0     TARGET INVERSION SYMMETRY =    0
 
   1 ORBITALS IN GROUP 1
            1
 MSHL       0
 PQN   ( 0, 1, 1)
 
   2 ORBITALS IN GROUP 2
            1           2
 MSHL       0           1
 PQN   ( 0, 2, 6)  ( 0, 1, 1)
 
   1 ORBITALS IN GROUP 3
            1
 MSHL       1
 PQN   ( 0, 2, 3)
 
 
 COUPLING DATA
            5           6           7
 CUP   ( 2, 3, 5)  ( 1, 5, 6)  ( 6, 4, 7)
 
 REFERENCE DETERMINANT INPUT DATA
         1   2
 MSHL    0   1
 PQN     1   1
 NES    10   1
 SO1     0   0
 SO2     0   0
 
 
 REFDET =  1,  2,  3,  4,  5,  6,  7,  8,  9, 10,197,
 
 *******************     TOTAL NUMBER OF STATES FOR NTYP=  1 IS   0
                    CSF NUMBERS       131 TO       130 (        0 CSFS) GENERATED
 ********************************************************************************************
 ********************************************************************************************
1CONGEN 1.0  IBM SAN JOSE      e + H2O - doublet App                                                                         PAGE 006

 NTYP=  1   SHELL NO       1           2           3           4           5           6           7
            OCCSHL         2           2           2           2           1           1           1
            SYM            0           0           0           0           0           0           1
            PQN      (  0, 1, 1) (  0, 2, 6) (  0, 2, 6) (  0, 2, 6) (  0, 2, 6) (  0, 2, 6) (  0, 2, 3)
            QNSHL          1           1           1           1           2           2           2
 
 *******************     TOTAL NUMBER OF DISTRIBUTIONS FOR NTYP =  1 IS   20
 *******************     TOTAL NUMBER OF STATES FOR NTYP=  1 IS   1
                    CSF NUMBERS       131 TO       150 (       20 CSFS) GENERATED
 ********************************************************************************************************
 ********************************************************************************************************
 *******************     TOTAL NUMBER OF STATES FOR NTYP=  2 IS   0
                    CSF NUMBERS       151 TO       150 (        0 CSFS) GENERATED
 ********************************************************************************************
 ********************************************************************************************
 
 
 NTYP=  2   SHELL NO       1           2           3           4           5           6           7
            OCCSHL         2           2           2           1           1           2           1
            SYM            0           0           0           0           0           1           1
            PQN      (  0, 1, 1) (  0, 2, 6) (  0, 2, 6) (  0, 2, 6) (  0, 2, 6) (  0, 1, 1) (  0, 2, 3)
            QNSHL          1           1           1           2           2           1           2
 
 *******************     TOTAL NUMBER OF DISTRIBUTIONS FOR NTYP =  2 IS   60
 *******************     TOTAL NUMBER OF STATES FOR NTYP=  2 IS   1
                    CSF NUMBERS       151 TO       210 (       60 CSFS) GENERATED
 ********************************************************************************************************
 ********************************************************************************************************
 
 
 NTYP=  3   SHELL NO       1           2           3           4           5           6           7           8
            OCCSHL         2           2           1           1           1           1           2           1
            SYM            0           0           0           0           0           0           1           1
            PQN      (  0, 1, 1) (  0, 2, 6) (  0, 2, 6) (  0, 2, 6) (  0, 2, 6) (  0, 2, 6) (  0, 1, 1) (  0, 2, 3)
            QNSHL          1           1           2           2           2           2           1           2
 
 *******************     TOTAL NUMBER OF DISTRIBUTIONS FOR NTYP =  3 IS   10
 *******************     TOTAL NUMBER OF STATES FOR NTYP=  3 IS   3
                    CSF NUMBERS       211 TO       240 (       30 CSFS) GENERATED
 ********************************************************************************************************************
 ********************************************************************************************************************
 lsquare =                     0

 Target state number  3
 TARGET MULTIPLICITY =    1     TARGET SYMMETRY =    1     TARGET INVERSION SYMMETRY =    0
 Coupling to continuum with M =  0
1CONGEN 1.0  IBM SAN JOSE      e + H2O - doublet App                                                                         PAGE 007

 WFN GROUP   3    singlet App (ORMAS distribution 1/1) x continuum^1                              
 NELECG  11   DEFLTC  0   IRFCON  4501
 NDPROD   3   NTCON   0   NAV     1995500
 NREFOG   2

           1  2  3
 NELECP =  2  8  1
 NSHLP  =  1  2  1
     TARGET MULTIPLICITY =    1     TARGET SYMMETRY =    1     TARGET INVERSION SYMMETRY =    0
 
   1 ORBITALS IN GROUP 1
            1
 MSHL       0
 PQN   ( 0, 1, 1)
 
   2 ORBITALS IN GROUP 2
            1           2
 MSHL       0           1
 PQN   ( 0, 2, 6)  ( 0, 1, 1)
 
   1 ORBITALS IN GROUP 3
            1
 MSHL       0
 PQN   ( 0,12,13)
 
 
 COUPLING DATA
            5           6           7
 CUP   ( 2, 3, 5)  ( 1, 5, 6)  ( 6, 4, 7)
 
 REFERENCE DETERMINANT INPUT DATA
         1   2
 MSHL    0   1
 PQN     1   1
 NES    10   1
 SO1     0   0
 SO2     0   0
 
 
 REFDET =  1,  2,  3,  4,  5,  6,  7,  8,  9, 10,197,
 
1CONGEN 1.0  IBM SAN JOSE      e + H2O - doublet App                                                                         PAGE 008

 NTYP=  1   SHELL NO       1           2           3           4           5           6           7
            OCCSHL         2           2           2           2           1           1           1
            SYM            0           0           0           0           0           1           0
            PQN      (  0, 1, 1) (  0, 2, 6) (  0, 2, 6) (  0, 2, 6) (  0, 2, 6) (  0, 1, 1) (  0,12,13)
            QNSHL          1           1           1           1           2           2           2
 
 *******************     TOTAL NUMBER OF DISTRIBUTIONS FOR NTYP =  1 IS   40
 *******************     TOTAL NUMBER OF STATES FOR NTYP=  1 IS   1
                    CSF NUMBERS       241 TO       280 (       40 CSFS) GENERATED
 ********************************************************************************************************
 ********************************************************************************************************
 
 
 NTYP=  2   SHELL NO       1           2           3           4           5           6           7           8
            OCCSHL         2           2           2           1           1           1           1           1
            SYM            0           0           0           0           0           0           1           0
            PQN      (  0, 1, 1) (  0, 2, 6) (  0, 2, 6) (  0, 2, 6) (  0, 2, 6) (  0, 2, 6) (  0, 1, 1) (  0,12,13)
            QNSHL          1           1           1           2           2           2           2           2
 
 *******************     TOTAL NUMBER OF DISTRIBUTIONS FOR NTYP =  2 IS   20
 *******************     TOTAL NUMBER OF STATES FOR NTYP=  2 IS   2
                    CSF NUMBERS       281 TO       320 (       40 CSFS) GENERATED
 ********************************************************************************************************************
 ********************************************************************************************************************
 lsquare =                     0

 Target state number  4
 TARGET MULTIPLICITY =    3     TARGET SYMMETRY =    1     TARGET INVERSION SYMMETRY =    0
 Coupling to continuum with M =  0
1CONGEN 1.0  IBM SAN JOSE      e + H2O - doublet App                                                                         PAGE 009

 WFN GROUP   4    triplet App (ORMAS distribution 1/1) x continuum^1                              
 NELECG  11   DEFLTC  0   IRFCON  4501
 NDPROD   3   NTCON   0   NAV     1995500
 NREFOG   2

           1  2  3
 NELECP =  2  8  1
 NSHLP  =  1  2  1
     TARGET MULTIPLICITY =    3     TARGET SYMMETRY =    1     TARGET INVERSION SYMMETRY =    0
 
   1 ORBITALS IN GROUP 1
            1
 MSHL       0
 PQN   ( 0, 1, 1)
 
   2 ORBITALS IN GROUP 2
            1           2
 MSHL       0           1
 PQN   ( 0, 2, 6)  ( 0, 1, 1)
 
   1 ORBITALS IN GROUP 3
            1
 MSHL       0
 PQN   ( 0,12,13)
 
 
 COUPLING DATA
            5           6           7
 CUP   ( 2, 3, 5)  ( 1, 5, 6)  ( 6, 4, 7)
 
 REFERENCE DETERMINANT INPUT DATA
         1   2
 MSHL    0   1
 PQN     1   1
 NES    10   1
 SO1     0   0
 SO2     0   0
 
 
 REFDET =  1,  2,  3,  4,  5,  6,  7,  8,  9, 10,197,
 
1CONGEN 1.0  IBM SAN JOSE      e + H2O - doublet App                                                                         PAGE 010

 NTYP=  1   SHELL NO       1           2           3           4           5           6           7
            OCCSHL         2           2           2           2           1           1           1
            SYM            0           0           0           0           0           1           0
            PQN      (  0, 1, 1) (  0, 2, 6) (  0, 2, 6) (  0, 2, 6) (  0, 2, 6) (  0, 1, 1) (  0,12,13)
            QNSHL          1           1           1           1           2           2           2
 
 *******************     TOTAL NUMBER OF DISTRIBUTIONS FOR NTYP =  1 IS   40
 *******************     TOTAL NUMBER OF STATES FOR NTYP=  1 IS   1
                    CSF NUMBERS       321 TO       360 (       40 CSFS) GENERATED
 ********************************************************************************************************
 ********************************************************************************************************
 
 
 NTYP=  2   SHELL NO       1           2           3           4           5           6           7           8
            OCCSHL         2           2           2           1           1           1           1           1
            SYM            0           0           0           0           0           0           1           0
            PQN      (  0, 1, 1) (  0, 2, 6) (  0, 2, 6) (  0, 2, 6) (  0, 2, 6) (  0, 2, 6) (  0, 1, 1) (  0,12,13)
            QNSHL          1           1           1           2           2           2           2           2
 
 *******************     TOTAL NUMBER OF DISTRIBUTIONS FOR NTYP =  2 IS   20
 *******************     TOTAL NUMBER OF STATES FOR NTYP=  2 IS   3
                    CSF NUMBERS       361 TO       420 (       60 CSFS) GENERATED
 ********************************************************************************************************************
 ********************************************************************************************************************
 lsquare =                     0
1CONGEN 1.0  IBM SAN JOSE      e + H2O - doublet App                                                                         PAGE 011

 WFN GROUP   5    L^2: ORMAS distribution 1/2                                                     
 NELECG  11   DEFLTC  0   IRFCON  4501
 NDPROD   2   NTCON   0   NAV     1995500
 NREFOG   2

           1  2
 NELECP =  2  9
 NSHLP  =  1  2
 
   1 ORBITALS IN GROUP 1
            1
 MSHL       0
 PQN   ( 0, 1, 1)
 
   2 ORBITALS IN GROUP 2
            1           2
 MSHL       0           1
 PQN   ( 0, 2, 6)  ( 0, 1, 1)
 
 
 COUPLING DATA
            4           5
 CUP   ( 2, 3, 4)  ( 1, 4, 5)
 
 REFERENCE DETERMINANT INPUT DATA
         1   2
 MSHL    0   1
 PQN     1   1
 NES    10   1
 SO1     0   0
 SO2     0   0
 
 
 REFDET =  1,  2,  3,  4,  5,  6,  7,  8,  9, 10,197,
 
1CONGEN 1.0  IBM SAN JOSE      e + H2O - doublet App                                                                         PAGE 012

 NTYP=  1   SHELL NO       1           2           3           4           5           6
            OCCSHL         2           2           2           2           2           1
            SYM            0           0           0           0           0           1
            PQN      (  0, 1, 1) (  0, 2, 6) (  0, 2, 6) (  0, 2, 6) (  0, 2, 6) (  0, 1, 1)
            QNSHL          1           1           1           1           1           2
 
 *******************     TOTAL NUMBER OF DISTRIBUTIONS FOR NTYP =  1 IS    5
 *******************     TOTAL NUMBER OF STATES FOR NTYP=  1 IS   1
                    CSF NUMBERS       421 TO       425 (        5 CSFS) GENERATED
 ********************************************************************************************
 ********************************************************************************************
 
 
 NTYP=  2   SHELL NO       1           2           3           4           5           6           7
            OCCSHL         2           2           2           2           1           1           1
            SYM            0           0           0           0           0           0           1
            PQN      (  0, 1, 1) (  0, 2, 6) (  0, 2, 6) (  0, 2, 6) (  0, 2, 6) (  0, 2, 6) (  0, 1, 1)
            QNSHL          1           1           1           1           2           2           2
 
 *******************     TOTAL NUMBER OF DISTRIBUTIONS FOR NTYP =  2 IS   10
 *******************     TOTAL NUMBER OF STATES FOR NTYP=  2 IS   2
                    CSF NUMBERS       426 TO       445 (       20 CSFS) GENERATED
 ********************************************************************************************************
 ********************************************************************************************************
 lsquare =                     0
1CONGEN 1.0  IBM SAN JOSE      e + H2O - doublet App                                                                         PAGE 013

 WFN GROUP   6    L^2: ORMAS distribution 2/2                                                     
 NELECG  11   DEFLTC  0   IRFCON  4501
 NDPROD   3   NTCON   0   NAV     1995500
 NREFOG   2

           1  2  3
 NELECP =  2  8  1
 NSHLP  =  1  2  1
 
   1 ORBITALS IN GROUP 1
            1
 MSHL       0
 PQN   ( 0, 1, 1)
 
   2 ORBITALS IN GROUP 2
            1           2
 MSHL       0           1
 PQN   ( 0, 2, 6)  ( 0, 1, 1)
 
   1 ORBITALS IN GROUP 3
            1
 MSHL       0
 PQN   ( 0, 7,11)
 
 
 COUPLING DATA
            5           6           7
 CUP   ( 2, 3, 5)  ( 1, 5, 6)  ( 6, 4, 7)
 
 REFERENCE DETERMINANT INPUT DATA
         1   2
 MSHL    0   1
 PQN     1   1
 NES    10   1
 SO1     0   0
 SO2     0   0
 
 
 REFDET =  1,  2,  3,  4,  5,  6,  7,  8,  9, 10,197,
 
1CONGEN 1.0  IBM SAN JOSE      e + H2O - doublet App                                                                         PAGE 014

 NTYP=  1   SHELL NO       1           2           3           4           5           6           7
            OCCSHL         2           2           2           2           1           1           1
            SYM            0           0           0           0           0           1           0
            PQN      (  0, 1, 1) (  0, 2, 6) (  0, 2, 6) (  0, 2, 6) (  0, 2, 6) (  0, 1, 1) (  0, 7,11)
            QNSHL          1           1           1           1           2           2           2
 
 *******************     TOTAL NUMBER OF DISTRIBUTIONS FOR NTYP =  1 IS  100
 *******************     TOTAL NUMBER OF STATES FOR NTYP=  1 IS   2
                    CSF NUMBERS       446 TO       645 (      200 CSFS) GENERATED
 ********************************************************************************************************
 ********************************************************************************************************
 
 
 NTYP=  2   SHELL NO       1           2           3           4           5           6           7           8
            OCCSHL         2           2           2           1           1           1           1           1
            SYM            0           0           0           0           0           0           1           0
            PQN      (  0, 1, 1) (  0, 2, 6) (  0, 2, 6) (  0, 2, 6) (  0, 2, 6) (  0, 2, 6) (  0, 1, 1) (  0, 7,11)
            QNSHL          1           1           1           2           2           2           2           2
 
 *******************     TOTAL NUMBER OF DISTRIBUTIONS FOR NTYP =  2 IS   50
 *******************     TOTAL NUMBER OF STATES FOR NTYP=  2 IS   5
                    CSF NUMBERS       646 TO       895 (      250 CSFS) GENERATED
 ********************************************************************************************************************
 ********************************************************************************************************************
 
 
 *****  END OF FILE ON INPUT
 
 
 ********** TOTAL NUMBER OF CSF'S GENERATED IS       895
1CONGEN 1.0  IBM SAN JOSE      e + H2O - doublet App                                                                         PAGE 015

 MOLECULE SYMMETRY CASE,  symtyp = 2
                   I         N         G         M         S      MPOS      
                   1         1         0         0         0         0
                   2         1         0         0         1         0
                   3         2         0         0         0         0
                   4         2         0         0         1         0
                   5         3         0         0         0         0
                   6         3         0         0         1         0
                   7         4         0         0         0         0
                   8         4         0         0         1         0
                   9         5         0         0         0         0
                  10         5         0         0         1         0
                  11         6         0         0         0         0
                  12         6         0         0         1         0
                  13         7         0         0         0         0
                  14         7         0         0         1         0
                  15         8         0         0         0         0
                  16         8         0         0         1         0
                  17         9         0         0         0         0
                  18         9         0         0         1         0
                  19        10         0         0         0         0
                  20        10         0         0         1         0
                  21        11         0         0         0         0
                  22        11         0         0         1         0
                  23        12         0         0         0         0
                  24        12         0         0         1         0
                  25        13         0         0         0         0
                  26        13         0         0         1         0
                  27        14         0         0         0         0
                  28        14         0         0         1         0
                  29        15         0         0         0         0
                  30        15         0         0         1         0
                  31        16         0         0         0         0
                  32        16         0         0         1         0
                  33        17         0         0         0         0
                  34        17         0         0         1         0
                  35        18         0         0         0         0
                  36        18         0         0         1         0
                  37        19         0         0         0         0
                  38        19         0         0         1         0
                  39        20         0         0         0         0
                  40        20         0         0         1         0
                  41        21         0         0         0         0
                  42        21         0         0         1         0
                  43        22         0         0         0         0
                  44        22         0         0         1         0
                  45        23         0         0         0         0
                  46        23         0         0         1         0
                  47        24         0         0         0         0
                  48        24         0         0         1         0
                  49        25         0         0         0         0
                  50        25         0         0         1         0
                  51        26         0         0         0         0
                  52        26         0         0         1         0
                  53        27         0         0         0         0
                  54        27         0         0         1         0
                  55        28         0         0         0         0
                  56        28         0         0         1         0
                  57        29         0         0         0         0
                  58        29         0         0         1         0
                  59        30         0         0         0         0
                  60        30         0         0         1         0
                  61        31         0         0         0         0
                  62        31         0         0         1         0
                  63        32         0         0         0         0
                  64        32         0         0         1         0
                  65        33         0         0         0         0
                  66        33         0         0         1         0
                  67        34         0         0         0         0
                  68        34         0         0         1         0
                  69        35         0         0         0         0
                  70        35         0         0         1         0
                  71        36         0         0         0         0
                  72        36         0         0         1         0
                  73        37         0         0         0         0
                  74        37         0         0         1         0
                  75        38         0         0         0         0
                  76        38         0         0         1         0
                  77        39         0         0         0         0
                  78        39         0         0         1         0
                  79        40         0         0         0         0
                  80        40         0         0         1         0
                  81        41         0         0         0         0
                  82        41         0         0         1         0
                  83        42         0         0         0         0
                  84        42         0         0         1         0
                  85        43         0         0         0         0
                  86        43         0         0         1         0
                  87        44         0         0         0         0
                  88        44         0         0         1         0
                  89        45         0         0         0         0
                  90        45         0         0         1         0
                  91        46         0         0         0         0
                  92        46         0         0         1         0
                  93        47         0         0         0         0
                  94        47         0         0         1         0
                  95        48         0         0         0         0
                  96        48         0         0         1         0
                  97        49         0         0         0         0
                  98        49         0         0         1         0
                  99        50         0         0         0         0
                 100        50         0         0         1         0
                 101        51         0         0         0         0
                 102        51         0         0         1         0
                 103        52         0         0         0         0
                 104        52         0         0         1         0
                 105        53         0         0         0         0
                 106        53         0         0         1         0
                 107        54         0         0         0         0
                 108        54         0         0         1         0
                 109        55         0         0         0         0
                 110        55         0         0         1         0
                 111        56         0         0         0         0
                 112        56         0         0         1         0
                 113        57         0         0         0         0
                 114        57         0         0         1         0
                 115        58         0         0         0         0
                 116        58         0         0         1         0
                 117        59         0         0         0         0
                 118        59         0         0         1         0
                 119        60         0         0         0         0
                 120        60         0         0         1         0
                 121        61         0         0         0         0
                 122        61         0         0         1         0
                 123        62         0         0         0         0
                 124        62         0         0         1         0
                 125        63         0         0         0         0
                 126        63         0         0         1         0
                 127        64         0         0         0         0
                 128        64         0         0         1         0
                 129        65         0         0         0         0
                 130        65         0         0         1         0
                 131        66         0         0         0         0
                 132        66         0         0         1         0
                 133        67         0         0         0         0
                 134        67         0         0         1         0
                 135        68         0         0         0         0
                 136        68         0         0         1         0
                 137        69         0         0         0         0
                 138        69         0         0         1         0
                 139        70         0         0         0         0
                 140        70         0         0         1         0
                 141        71         0         0         0         0
                 142        71         0         0         1         0
                 143        72         0         0         0         0
                 144        72         0         0         1         0
                 145        73         0         0         0         0
                 146        73         0         0         1         0
                 147        74         0         0         0         0
                 148        74         0         0         1         0
                 149        75         0         0         0         0
                 150        75         0         0         1         0
                 151        76         0         0         0         0
                 152        76         0         0         1         0
                 153        77         0         0         0         0
                 154        77         0         0         1         0
                 155        78         0         0         0         0
                 156        78         0         0         1         0
                 157        79         0         0         0         0
                 158        79         0         0         1         0
                 159        80         0         0         0         0
                 160        80         0         0         1         0
                 161        81         0         0         0         0
                 162        81         0         0         1         0
                 163        82         0         0         0         0
                 164        82         0         0         1         0
                 165        83         0         0         0         0
                 166        83         0         0         1         0
                 167        84         0         0         0         0
                 168        84         0         0         1         0
                 169        85         0         0         0         0
                 170        85         0         0         1         0
                 171        86         0         0         0         0
                 172        86         0         0         1         0
                 173        87         0         0         0         0
                 174        87         0         0         1         0
                 175        88         0         0         0         0
                 176        88         0         0         1         0
                 177        89         0         0         0         0
                 178        89         0         0         1         0
                 179        90         0         0         0         0
                 180        90         0         0         1         0
                 181        91         0         0         0         0
                 182        91         0         0         1         0
                 183        92         0         0         0         0
                 184        92         0         0         1         0
                 185        93         0         0         0         0
                 186        93         0         0         1         0
                 187        94         0         0         0         0
                 188        94         0         0         1         0
                 189        95         0         0         0         0
                 190        95         0         0         1         0
                 191        96         0         0         0         0
                 192        96         0         0         1         0
                 193        97         0         0         0         0
                 194        97         0         0         1         0
                 195        98         0         0         0         0
                 196        98         0         0         1         0
                 197        99         0         1         0         0
                 198        99         0         1         1         0
                 199       100         0         1         0         0
                 200       100         0         1         1         0
                 201       101         0         1         0         0
                 202       101         0         1         1         0
                 203       102         0         1         0         0
                 204       102         0         1         1         0
                 205       103         0         1         0         0
                 206       103         0         1         1         0
                 207       104         0         1         0         0
                 208       104         0         1         1         0
                 209       105         0         1         0         0
                 210       105         0         1         1         0
                 211       106         0         1         0         0
                 212       106         0         1         1         0
                 213       107         0         1         0         0
                 214       107         0         1         1         0
                 215       108         0         1         0         0
                 216       108         0         1         1         0
                 217       109         0         1         0         0
                 218       109         0         1         1         0
                 219       110         0         1         0         0
                 220       110         0         1         1         0
                 221       111         0         1         0         0
                 222       111         0         1         1         0
                 223       112         0         1         0         0
                 224       112         0         1         1         0
                 225       113         0         1         0         0
                 226       113         0         1         1         0
                 227       114         0         1         0         0
                 228       114         0         1         1         0
                 229       115         0         1         0         0
                 230       115         0         1         1         0
                 231       116         0         1         0         0
                 232       116         0         1         1         0
                 233       117         0         1         0         0
                 234       117         0         1         1         0
                 235       118         0         1         0         0
                 236       118         0         1         1         0
                 237       119         0         1         0         0
                 238       119         0         1         1         0
                 239       120         0         1         0         0
                 240       120         0         1         1         0
                 241       121         0         1         0         0
                 242       121         0         1         1         0
                 243       122         0         1         0         0
                 244       122         0         1         1         0
                 245       123         0         1         0         0
                 246       123         0         1         1         0
                 247       124         0         1         0         0
                 248       124         0         1         1         0
                 249       125         0         1         0         0
                 250       125         0         1         1         0
                 251       126         0         1         0         0
                 252       126         0         1         1         0
                 253       127         0         1         0         0
                 254       127         0         1         1         0
                 255       128         0         1         0         0
                 256       128         0         1         1         0
                 257       129         0         1         0         0
                 258       129         0         1         1         0
                 259       130         0         1         0         0
                 260       130         0         1         1         0
                 261       131         0         1         0         0
                 262       131         0         1         1         0
                 263       132         0         1         0         0
                 264       132         0         1         1         0
                 265       133         0         1         0         0
                 266       133         0         1         1         0
                 267       134         0         1         0         0
                 268       134         0         1         1         0
                 269       135         0         1         0         0
                 270       135         0         1         1         0
                 271       136         0         1         0         0
                 272       136         0         1         1         0
                 273       137         0         1         0         0
                 274       137         0         1         1         0
                 275       138         0         1         0         0
                 276       138         0         1         1         0
                 277       139         0         1         0         0
                 278       139         0         1         1         0
                 279       140         0         1         0         0
                 280       140         0         1         1         0
                 281       141         0         1         0         0
                 282       141         0         1         1         0
                 283       142         0         1         0         0
                 284       142         0         1         1         0
                 285       143         0         1         0         0
                 286       143         0         1         1         0
                 287       144         0         1         0         0
                 288       144         0         1         1         0
                 289       145         0         1         0         0
                 290       145         0         1         1         0
                 291       146         0         1         0         0
                 292       146         0         1         1         0
                 293       147         0         1         0         0
                 294       147         0         1         1         0
                 295       148         0         1         0         0
                 296       148         0         1         1         0
                 297       149         0         1         0         0
                 298       149         0         1         1         0
                 299       150         0         1         0         0
                 300       150         0         1         1         0
                 301       151         0         1         0         0
                 302       151         0         1         1         0
                 303       152         0         1         0         0
                 304       152         0         1         1         0
                 305       153         0         1         0         0
                 306       153         0         1         1         0
                 307       154         0         1         0         0
                 308       154         0         1         1         0
                 309       155         0         1         0         0
                 310       155         0         1         1         0

          On output CSF     211 has the largest 
          number of determinants =      10


          At end of wfgntr(), usage of memory in output
          arrays is as follows:                        

            Array     Used     Max avail               
            -----  ---------   ---------               
            ndo()      26681     266810
            cdo()       3985      39850


          **** WFGNTR() - completed 


     Performing phase correction for target
     states in a scattering run


 CI target data for SCATCI:

 Number of target symmetries in expansion,   NTGSYM =    4
 Number of continuum orbs for each state, NOTGT =    2    2    2    2
 Number of CI components for each state,      NCTGT =   65   55   40   50
 Continuum M projection  for each state,      MCONT =    1    1    0    0

     Phase analysis for total wavefunction:

      
       Number of CSFS           (nocsf) =      895
       Number of electrons       (nelt) =       11
       Number of target states (ntgsym) =        4
       Spatial group type      (symtyp) =        2
       Size of packed dets     (lenndo) =    26681
       Size of cdo (#dets)     (lencdo) =     3985
                               (nctarg) =      210

     Structure of wavefunction:

     Target   #CSFs    #Continuum  Spatial Sym 
     State     targ     functions  continuum   
     ------  -------   ----------  ----------- 
          1       65            2           1
          2       55            2           1
          3       40            2           0
          4       50            2           0

     **** End of structure of wavefunction

     Writing projected CSFs to unit   721 in format
     required by the SCATCI/DENPROP programs 


     Writing final results to disk (wrnfto) 
     -------------------------------------- 
       Logical unit         (nfto)   =      721
       Positrons present    (iposit) =        0
       Number of electrons  (nelt)   =       11
       Number of CSFs       (nocsf)  =      895
       Number of symmetries (nsym)   =        2
       Point group flag     (symtyp) =        2
       Orbitals per symm    (nob)    :   98  57
       Total # of orbitals  (norb)   =      155
       Total # of spin orbs (nsrb)   =      310

       Length of index  arrays - icdo,indo (m)    =      896
       Length of coeff. array  - cdo       (lcdi) =     3985
         (equals # dets in wfn)
       Length of packed dets array - ndo   (lndi) =    26681

       Spin quantum number  (s)      =     0.50
       Z-projection of spin (sz)     =     0.50
       Reflection quant. #  (r)      =     0.00
       Pin                  (pin)    =     0.00
                            (idiag)  =        1

     Data on CSFs has been written to file (MEGUL) =   721

     ***** Wavefn projection (projec()) - completed

 &INPUT
 NAME='e + H2O - doublet App                                                           ',
 NRERUN=  0,  MEGUL=721,  SYMTYP=  2,
 MGVN=  1,  S=   0.5,SZ=   0.5, R=   0.0,  PIN=   0.0,  NOCSF=   895,
 BYPROJ= 1,
 LCDI=           3985,  LNDI=          26681, LCDO=    500, LNDO=       10000000, LCDT=    500,  LNDT=   5000,
 NFTO= 15,  LTRI=  300, IDIAG=  1, NPFLG= 0, 0, 0, 0, 0, NPMSPD = 0,
 THRES= 1.00D-10,
 NELT=  11, NSYM=  2, NOB= 98, 57,
 NDTRF=   1,   2,   3,   4,   5,   6,   7,   8,   9,  10, 197,
 NOBL= 98, 57,  0,  0,  0,  0,  0,  0,  0,  0,
  0,  0,  0,  0,  0,  0,  0,  0,  0,  0,
 NOB0L= 11,  1,  0,  0,  0,  0,  0,  0,  0,  0,
  0,  0,  0,  0,  0,  0,  0,  0,  0,  0,
 /
