+-------------------------------------------------------------------------+
|              _              |                                           |
| || || ||//  | \          |  | University College London (C) 1994 - 2020 |
| || || ||    | / |/\/\ /\ |  | Open University           (C) 2007 - 2020 |
| \\_// ||\\  | \ | | | \/ |  |                                           |
|                             |                                           |
+-------------------------------------------------------------------------+
| Last revision: unknown                                                  |
| Last author:   unknown                                                  |
| Last date:     unknown                                                  |
+-------------------------------------------------------------------------+
MPI startup(): PMI server not found. Please set I_MPI_PMI_LIBRARY variable if it is not a singleton case.


 Program RESON  (last modified 12-May-1997 )

e + H2O - doublet Ap - Resonance fits                       20230416  144954.587

 Automatic resonance detection and fitting requested:
 For    NRESON =   20      lowest resonances
 From   ABVTHR =   0.00002 Ryd above each threshold
 Up to  BELTHR =   0.00002 Ryd below each threshold
 Using  NFIT   =   20      energy grid points
 And    NBACK  =    2      terms for the background
 Change DPHZ   =   1.00000 constitutes a resonance.
 Resonances fitted at supplied energy points.

 Fixed nuclei calculation for R = 0.000

 Input datasets:                                 Unit  Set numbers
 Target and channel data     LUCHAN (UNFORMATTED) 10       1
 Fixed nuclei R-matrix data  LURMT  (UNFORMATTED) 21       1
 K-matrices                  LUKMT  (UNFORMATTED)920       1

 Scratch dataset:                                Unit
 K-matrix/eigenphase data    LURES  (UNFORMATTED)***

 K-matrix input, set  1 on unit920

 Symmetry data  MGVN = 0   STOT = 2   GUTOT = 2

 K-matrices are vibrationally resolved

 Number of target states       =   5
 Number of scattering channels =  65

 Input Energy grid (Ryd) 
 Number of points        20       400
 Initial values     0.00001   0.00007
 Increments         0.00004   0.00367

 K-matrices will be scanned for  420 energies in the range [  0.0000,  1.4701] Ryd

 *** FIXED NUCLEI DATA ***

 R-matrix data has been read from set number  1 on unit number 21
 Header :e + H2O - doublet Ap                                        20230416  144928.591

 Maximum multipole USED in asymptotic scattering potentials   ISMAX =  2

 *** FIXED NUCLEI DATA ***

 Target and channel data is read from set  1 on unit 10

 R-matrix data has been read from set number  1 on unit number 21
 Header :e + H2O - doublet Ap                                        20230416  144928.591

 Automatic resonance fitting above target state  1
    3 resonances detected
    3 resonances to be fitted

 Resonance  1 is in the range ELOW =   0.00005 Ryd to EHIGH =   0.00012 Ryd

 Resonance  1 is NOT a real resonance


 WARNING: more than MAXFIT = 100 points in resonance fitting region

 Resonance  2 is in the range ELOW =   0.00002 Ryd to EHIGH =   1.22450 Ryd
 WARNING: LMDIF return INFO =                     1

 Fitted resonance parameters
 Positions / Ryd               0.28861564D+00      0.23075150D+00
 Widths    / Ryd               0.10438611D+00     -0.73839595D-01
 Background       0.33599163D+00      0.16108728D+01
 Residues
     0.0645435    0.5870742    0.9949584    0.8047066    0.3838755    0.1562932    0.0638572    0.0280553    0.0171179    0.0182666
     0.0258115    0.0369622    0.0502374    0.0647992    0.0801480    0.0959729    0.1120728    0.1283131    0.1446015    0.3016985
     0.0637610    0.0248221    0.0053707   -0.0059574   -0.0128869   -0.0171179   -0.0195707   -0.0207990   -0.0211606   -0.0208993
    -0.0201876   -0.0191511   -0.0178837   -0.0164564   -0.0149239   -0.0133284   -0.0117030   -0.0100733   -0.0084596   -0.0068774
    -0.0053388   -0.0038529   -0.0024267   -0.0010649    0.0002289    0.0014527    0.0026053    0.0036864    0.0046964    0.0056360
    -0.5037883   -0.5138675   -0.5237634    0.0087202    0.0093317    0.0098832    0.0103768    0.0108144    0.0111979    0.0115290
     0.0118093    0.0120404    0.0122235    0.0123600    0.0124507    0.0124966    0.0124984    0.0124565    0.0123712    0.0122429
     0.0120715    0.0118568    0.0115987    0.0112967    0.0109503    0.0105588    0.0101215    0.0096376    0.0091060    0.0085258
    -0.3580815   -0.3002611   -0.2429059   -0.1881205   -0.1379631   -0.0942371   -0.0583474   -0.0312417   -0.0134290   -0.0050433
    -0.0059231   -0.0156833   -0.0337705   -0.0595005   -0.0920819   -0.1306346   -0.1742075   -0.2218021   -0.2724026   -0.3250112
 Goodness factor:      0.37688326D+01

 WARNING: more than MAXFIT = 100 points in resonance fitting region

 Resonance  3 is in the range ELOW =   0.00002 Ryd to EHIGH =   1.22450 Ryd
 WARNING: LMDIF return INFO =                     1

 Fitting failure: fitted resonance outside energy grid


 Eigenphase search found NO resonances above ITARG =  2

 Automatic resonance fitting above target state  3
    1 resonances detected
    1 resonances to be fitted

 Resonance  1 is in the range ELOW =   1.32675 Ryd to EHIGH =   1.33410 Ryd

 Resonance  1 is NOT a real resonance


 Automatic resonance fitting above target state  4
    1 resonances detected
    1 resonances to be fitted

 Resonance  1 is in the range ELOW =   1.42230 Ryd to EHIGH =   1.42965 Ryd

 Resonance  1 is NOT a real resonance


 *** Task successfully completed ***
