
Geometry #1:
===========

Target calculations:

Skipping running molpro.
Reading molpro output ...
Looking for NATURAL ORBITALS in MOLPRO output...
  Found NATURAL ORBITALS...
  Occupancy and energy of the first 10 molecular orbitals: in X.Y  X stands for IR and Y counts MOs
    1.1    2.000000    -11.5929
    1.2    1.981146    -1.2931
    4.1    1.648140    -0.8327
    2.1    1.648140    -0.8327
    3.1    1.648140    -0.8327
    2.2    0.019064    0.3763
    3.2    0.019064    0.3763
    4.2    0.019064    0.3763
    1.3    0.017242    0.4668
    1.4    0.000000    0.1796
    4.3    0.000000    0.2138
  Frozen orbitals: 1,0,0,0
  Active orbitals: 2,2,2,2
  Target  orbitals: 3,2,2,2
  Virtual orbitals: 0,0,0,0
  Used    orbitals: 3,2,2,2
  Reference orbitals: 3,3,3,3
 ... done.
Running scatci_integrals ...
Running command "mv log_file.0 outputs/target.scatci_integrals.out" ...
Running command "rm inp" ...
Reading scatci_integrals output ...
Final number of orbitals for target: 3, 2, 2, 2, 
Final number of orbitals for PCOs: 0, 0, 0, 0, 
Final number of orbitals for TGT+PCOs: 3, 2, 2, 2, 
Final number of orbitals for continuum: 60, 52, 52, 52, 
Number of molecular orbitals in each irreducible representation: 63, 54, 54, 54, 
  Cont used orbitals: 60,52,52,52
  All  used orbitals: 63,54,54,54
 ... done.
Target MAS:
Method: ORMAS
Space 0: [1,0,0,0,0,0,0,0], [2,2], closed
Space 1: [2,2,2,2,0,0,0,0], [7,7], active
L^2 MAS:
Method: ORMAS
Space 0: [1,0,0,0,0,0,0,0], [2,2], closed
Space 1: [2,2,2,2,0,0,0,0], [7,8], active

Searching for reference orbitals for doublet A state.
Putting 9 electrons into (3,3,3,3) orbitals
Reference orbitals found:
0,1,6,0,0, 1,1,1,0,0, 2,1,1,0,0, 3,1,1,1,0

Running congen for doublet A ...
Reading congen output ...
  Total number of CSF's generated is 588
.
 ... done.
Running scatci for doublet A ...
Reading scatci output ...
:
  2.0.1 -> -39.4096151656
 ... done.

Searching for reference orbitals for doublet B3 state.
Putting 9 electrons into (3,3,3,3) orbitals
Reference orbitals found:
0,1,6,0,0, 1,1,3,0,0

Running congen for doublet B3 ...
Reading congen output ...
  Total number of CSF's generated is 588
.
 ... done.
Running scatci for doublet B3 ...
Reading scatci output ...
:
  2.1.1 -> -39.7708635684
 ... done.

Searching for reference orbitals for doublet B2 state.
Putting 9 electrons into (3,3,3,3) orbitals
Reference orbitals found:
0,1,6,0,0, 1,1,2,0,0, 2,1,1,0,0

Running congen for doublet B2 ...
Reading congen output ...
  Total number of CSF's generated is 588
.
 ... done.
Running scatci for doublet B2 ...
Reading scatci output ...
:
  2.2.1 -> -39.7708635678
 ... done.

Searching for reference orbitals for doublet B1 state.
Putting 9 electrons into (3,3,3,3) orbitals
Reference orbitals found:
0,1,6,0,0, 1,1,2,0,0, 3,1,1,0,0

Running congen for doublet B1 ...
Reading congen output ...
  Total number of CSF's generated is 588
.
 ... done.
Running scatci for doublet B1 ...
Reading scatci output ...
:
  2.3.1 -> -39.7708623922
 ... done.

MAS Analysis: Comparison of qchem and target states:
  Energy difference = target energy - qchem energy
   ---------------------------------------------------
    State  Spin.Sym  Energy diff.  No. CSFs  No. CSFs
     No.                 (Ha)       (qchem)  (target)
   ---------------------------------------------------
       1      2.1    -1.590053e-10       588       588
       2      2.2    2.500400e-11       588       588
       3      2.3    -1.169980e-10       588       588
       4      2.0    0.000000e+00         0       588
   ---------------------------------------------------
  Max. energy difference: -1.169980e-10 for state 3

Running denprop ...
Reading denprop output ...
  Target states:
    No. 1 - Doublet(2)  B1(1)  -0.397708635684D+02
    No. 2 - Doublet(2)  B2(2)  -0.397708635678D+02
    No. 3 - Doublet(2)  A2(3)  -0.397708623922D+02
    No. 4 - Doublet(2)  A1(0)  -0.394096151656D+02
  Dipole moment (in a.u.) of the ground state:
   z component: 0.0000000000
   x component: 0.0000000000
   y component: 0.0000000000
 ... done.
Running command "cp fort.24 prop.out" ...

Scattering calculations with CAS model:


Searching for reference orbitals for singlet A state.
Putting 10 electrons into (3,3,3,3) orbitals
Reference orbitals found:
0,1,6,0,0, 1,1,4,0,0

Running congen for singlet A ...
Reading congen output ...
  Total number of CSF's generated is 5172
.
 ... done.
Running scatci for singlet A ...
Reading scatci output ...
, printing first 10 energies:
  1.0.1 -> -40.2904691106
  1.0.2 -> -39.8710088518
  1.0.3 -> -39.8710086790
  1.0.4 -> -39.8631473567
  1.0.5 -> -39.8348717219
  1.0.6 -> -39.8338207376
  1.0.7 -> -39.8338196074
  1.0.8 -> -39.7741742660
  1.0.9 -> -39.7741716423
  1.0.10 -> -39.7731378912
LCONT = 0
 ... done.
Running command "cp fort.710 ../fort.700" ...
Running command "cp fort.25 ../fort.250" ...
Running cdenprop for singlet A ...
Running swinterf for singlet A ...
Running rsolve for singlet A ...

Searching for reference orbitals for singlet B3 state.
Putting 10 electrons into (3,3,3,3) orbitals
Reference orbitals found:
0,1,6,0,0, 1,1,2,0,0, 2,1,1,0,0, 3,1,1,1,0

Running congen for singlet B3 ...
Reading congen output ...
  Total number of CSF's generated is 5136
.
 ... done.
Running scatci for singlet B3 ...
Reading scatci output ...
, printing first 10 energies:
  1.1.1 -> -39.9079908566
  1.1.2 -> -39.8707297150
  1.1.3 -> -39.8696844411
  1.1.4 -> -39.8369070294
  1.1.5 -> -39.8341677788
  1.1.6 -> -39.8319623661
  1.1.7 -> -39.8302863371
  1.1.8 -> -39.7882113413
  1.1.9 -> -39.7742815603
  1.1.10 -> -39.7732848854
LCONT = 0
 ... done.
Running cdenprop for singlet B3 ...
Running swinterf for singlet B3 ...
Running rsolve for singlet B3 ...
Running command "cp fort.411 ../fort.411" ...

Searching for reference orbitals for singlet B2 state.
Putting 10 electrons into (3,3,3,3) orbitals
Reference orbitals found:
0,1,6,0,0, 1,1,3,0,0, 3,1,1,1,0

Running congen for singlet B2 ...
Reading congen output ...
  Total number of CSF's generated is 5136
.
 ... done.
Running scatci for singlet B2 ...
Reading scatci output ...
, printing first 10 energies:
  1.2.1 -> -39.9079908278
  1.2.2 -> -39.8707295806
  1.2.3 -> -39.8696843221
  1.2.4 -> -39.8369070842
  1.2.5 -> -39.8341678292
  1.2.6 -> -39.8319623405
  1.2.7 -> -39.8302863359
  1.2.8 -> -39.7882113254
  1.2.9 -> -39.7742815421
  1.2.10 -> -39.7732848937
LCONT = 0
 ... done.
Running cdenprop for singlet B2 ...
Running swinterf for singlet B2 ...
Running rsolve for singlet B2 ...
Running command "cp fort.412 ../fort.412" ...

Searching for reference orbitals for singlet B1 state.
Putting 10 electrons into (3,3,3,3) orbitals
Reference orbitals found:
0,1,6,0,0, 1,1,3,0,0, 2,1,1,1,0

Running congen for singlet B1 ...
Reading congen output ...
  Total number of CSF's generated is 5136
.
 ... done.
Running scatci for singlet B1 ...
Reading scatci output ...
, printing first 10 energies:
  1.3.1 -> -39.9079901954
  1.3.2 -> -39.8707302641
  1.3.3 -> -39.8696847932
  1.3.4 -> -39.8369096185
  1.3.5 -> -39.8341697817
  1.3.6 -> -39.8319614215
  1.3.7 -> -39.8302858719
  1.3.8 -> -39.7882104287
  1.3.9 -> -39.7742784519
  1.3.10 -> -39.7732718152
LCONT = 0
 ... done.
Running cdenprop for singlet B1 ...
Running swinterf for singlet B1 ...
Running rsolve for singlet B1 ...
Running command "cp fort.413 ../fort.413" ...
Running dipelm ...
Running command "cp fort.411 pwdips-x" ...
Running command "cp fort.412 pwdips-y" ...
Running command "cp fort.413 pwdips-z" ...
