+-------------------------------------------------------------------------+
|              _              |                                           |
| || || ||//  | \          |  | University College London (C) 1994 - 2020 |
| || || ||    | / |/\/\ /\ |  | Open University           (C) 2007 - 2020 |
| \\_// ||\\  | \ | | | \/ |  |                                           |
|                             |                                           |
+-------------------------------------------------------------------------+
| Last revision: 3.2                                                      |
| Last author:   Jimena Gorfinkiel                                        |
| Last date:     Tue Dec 21 18:07:16 2021 +0000                           |
+-------------------------------------------------------------------------+


 Program SWINTERF  ( last modified 12-Jan-2004 )

e + CH4+ - singlet B1                                       20230406  101136.203


 Symmetry data   MGVN = 3 STOT = 1

 Input datasets:             Unit  Set number
 Target data          LUTARG  24       1       FORMATTED
 Boundary amplitudes  LUAMP   16       1     UNFORMATTED
 CI data              LUCI    25       1     UNFORMATTED
 Buttle corrections   LUBUT    0       1     UNFORMATTED

 Output datasets:            Unit  Set number
 Channel data         LUCHAN  10       1     UNFORMATTED
 R-Matrix data        LURMT   21       1     UNFORMATTED

 We are using UKRmol+ input

 Assuming full CI vectors have been saved on LUCI 

 Target rotational constants (a.u.)   0.241881D-04   0.241880D-04   0.241880D-04

 Nuclear centres 
    Atom  Charge      X         Y         Z         Mass
  1   C      6     0.000000  0.000000  0.000000   12.000000
  2   H      1     1.185952  1.185952  1.185957    1.007800
  3   H      1    -1.185952 -1.185952  1.185957    1.007800
  4   H      1    -1.185952  1.185952 -1.185957    1.007800
  5   H      1     1.185952 -1.185952 -1.185957    1.007800

 Reduced mass     449.818214 au

 Transition moments
    4    0    4    0    2    0   0.00003
    4    0    4    0    2    2  -0.00000
    1    1    4    0    1    1  -0.69785
    1    1    4    0    2   -1  -0.42221
    1    1    1    1    2    0   0.48199
    1    1    1    1    2    2  -0.83479
    2    2    4    0    1   -1   0.69785
    2    2    4    0    2    1   0.42221
    2    2    1    1    1    0   0.37007
    2    2    1    1    2   -2   1.39031
    2    2    2    2    2    0   0.48199
    2    2    2    2    2    2   0.83479
    3    3    4    0    1    0  -0.69785
    3    3    4    0    2   -2  -0.42221
    3    3    1    1    1   -1  -0.37007
    3    3    1    1    2    1  -1.39031
    3    3    2    2    1    1   0.37007
    3    3    2    2    2   -1   1.39031
    3    3    3    3    2    0  -0.96391
    3    3    3    3    2    2  -0.00000

 READCIP start

 CI file header data:
 --------------------
 MGVN  =  3
 NSET  =  1
 NSTAT =        648
 NOCSF =        648

 READCIP end

 R-matrix radius  =   10.00
 Residual charge on system = 1

 Channel Target  l  m  q       Irr  Energy   Energy(eV)
    1       1    1  1 -1  N/A   3  0.000000  0.000000
    2       1    2  1  1  N/A   3  0.000000  0.000000
    3       1    3  3 -1  N/A   3  0.000000  0.000000
    4       1    3  1 -1  N/A   3  0.000000  0.000000
    5       1    4  1  1  N/A   3  0.000000  0.000000
    6       1    4  3  1  N/A   3  0.000000  0.000000
    7       2    1  1  1  N/A   2  0.000000  0.000000
    8       2    2  1 -1  N/A   2  0.000000  0.000000
    9       2    3  1  1  N/A   2  0.000000  0.000000
   10       2    3  3  1  N/A   2  0.000000  0.000000
   11       2    4  3 -1  N/A   2  0.000000  0.000000
   12       2    4  1 -1  N/A   2  0.000000  0.000000
   13       3    0  0  0  N/A   1  0.000002  0.000032
   14       3    2  0  0  N/A   1  0.000002  0.000032
   15       3    2  2  1  N/A   1  0.000002  0.000032
   16       3    3  2 -1  N/A   1  0.000002  0.000032
   17       3    4  0  0  N/A   1  0.000002  0.000032
   18       3    4  2  1  N/A   1  0.000002  0.000032
   19       3    4  4  1  N/A   1  0.000002  0.000032
   20       4    1  0  0  N/A   4  0.722497  9.829889
   21       4    2  2 -1  N/A   4  0.722497  9.829889
   22       4    3  0  0  N/A   4  0.722497  9.829889
   23       4    3  2  1  N/A   4  0.722497  9.829889
   24       4    4  4 -1  N/A   4  0.722497  9.829889
   25       4    4  2 -1  N/A   4  0.722497  9.829889

 Dimension of Hamiltonian matrix           NOCSF =       648
 Number of CSFs used to construct R-matrix NSTAT =  648
 Number of eigenvectors to be retained     NPOLE =    0
 Number of multipoles in potential         ISMAX =    2

 READCIP start

 Reading CI coefficients...
 Last pole include at         648  is    38.017464938447930       Ryd

 READCIP end

     R-matrix boundary amplitudes 

     At radial distance RMATR -      0.00000000 Bohr radii
     No. of channels     =    25
     No. of eigenvectors =   648
     No. of correction terms =     0


     First 30 R-matrix amplitudes

     Channel =   1      0.03827891     -0.20455781     -0.20895379
                        0.04012773      0.02633075      0.01535959
                        0.02321604     -0.04834895     -0.00740112
                       -0.00622702     -0.00205979     -0.00046492
                        0.00687550     -0.10846133      0.24928889
                       -0.23439731     -0.07178264      0.00668610
                        0.00173616      0.00021539      0.00002143
                       -0.00083414     -0.00111843      0.00357135
                        0.04607915     -0.00643149      0.00695358
                        0.00905749     -0.01043514      0.00431702
     Channel =   2      0.00900243     -0.01898982      0.02234078
                        0.20430199     -0.22651678      0.02435672
                       -0.06088712     -0.01501474     -0.01169064
                        0.02067077      0.02257092      0.00163113
                        0.01282638      0.20704570      0.05415131
                       -0.08859183      0.20105009      0.00919005
                       -0.00754148      0.01088781     -0.00150837
                        0.00519548     -0.00116226      0.00531146
                       -0.02130006     -0.10557800     -0.00170306
                        0.08400125     -0.01527339      0.04449573
     Channel =   3      0.00104270     -0.00532635      0.00271212
                        0.00948618     -0.00402092      0.00017871
                        0.01646175      0.00214916      0.22892996
                        0.05952397     -0.27438992      0.06352191
                       -0.15483377      0.03169161      0.01684750
                       -0.00992054      0.01517036      0.00656637
                        0.00195833     -0.01543716     -0.00709190
                        0.00554110     -0.01154559      0.00577153
                        0.01240403     -0.00789876     -0.00880832
                       -0.19682272      0.20235463     -0.12639443
     Channel =   4      0.00033777      0.00102568     -0.00087071
                       -0.00715690     -0.01335919      0.01741160
                        0.00698160     -0.00058192     -0.06091781
                       -0.21412702     -0.06111957     -0.27731388
                       -0.17403573      0.02106709      0.00093102
                       -0.00930109      0.01412942     -0.00763201
                       -0.00607774      0.00573475     -0.01635578
                        0.01955471      0.00204813     -0.00145408
                        0.00348051     -0.01786125     -0.02814067
                       -0.10825301     -0.13147724     -0.19945744
     Channel =   5     -0.00016895      0.00091628      0.00018440
                       -0.00089887      0.00191316      0.00333015
                       -0.00091344     -0.00060735     -0.00727964
                       -0.00781973      0.00392819      0.01015995
                       -0.01145683     -0.00093200      0.00213786
                       -0.00178656      0.01701614      0.06348915
                        0.24446959     -0.04343950     -0.22464179
                       -0.18818649     -0.01789000     -0.20931574
                       -0.00480740     -0.00262828      0.00213232
                        0.00621726     -0.01051873     -0.01041532
     Channel =   6     -0.00032709      0.00143400      0.00172453
                        0.00265264      0.00107001     -0.00027108
                        0.00178077     -0.00162093     -0.01459873
                        0.00805937     -0.00795969      0.00346313
                       -0.00313932      0.00658744      0.00423412
                       -0.01131088      0.01268173     -0.23849160
                        0.03243471     -0.25446167      0.09685662
                        0.08824960      0.15512901     -0.17754169
                        0.00291859      0.00442575      0.01009017
                        0.00037200     -0.00540249      0.00586262
     Channel =   7     -0.03827887      0.20455590     -0.20895562
                        0.04012766     -0.02633105     -0.01535786
                        0.02321726      0.04834886      0.00740095
                        0.00622751     -0.00205900     -0.00046477
                       -0.00687566     -0.10846087     -0.24928840
                       -0.23439800      0.07178263      0.00668634
                       -0.00173560     -0.00021572      0.00002138
                        0.00083396      0.00111834      0.00357156
                        0.04607939      0.00643238     -0.00695354
                        0.00905737      0.01043518     -0.00431737
     Channel =   8     -0.00900246      0.01899007      0.02234050
                        0.20430149      0.22651780     -0.02436338
                       -0.06088236      0.01501486      0.01169131
                       -0.02067481      0.02256680      0.00163095
                       -0.01282656      0.20704568     -0.05415067
                       -0.08859214     -0.20105005      0.00918933
                        0.00754245     -0.01088789     -0.00150794
                       -0.00519535      0.00116218      0.00531097
                       -0.02130328      0.10557751      0.00170262
                        0.08400136      0.01527379     -0.04449822
     Channel =   9     -0.00033777     -0.00102569     -0.00087074
                       -0.00715727      0.01335886     -0.01741096
                        0.00698327      0.00058177      0.06091488
                        0.21413897     -0.06108109     -0.27731486
                        0.17403397      0.02106722     -0.00093104
                       -0.00930120     -0.01412947     -0.00763261
                        0.00607701     -0.00573477     -0.01635584
                       -0.01955460     -0.00204815     -0.00145409
                        0.00347994      0.01786134      0.02814118
                       -0.10825425      0.13147638      0.19948331
     Channel =  10      0.00104270     -0.00532636     -0.00271208
                       -0.00948623     -0.00402086      0.00017749
                       -0.01646173      0.00214945      0.22893689
                        0.05947607      0.27439216     -0.06352126
                       -0.15483827     -0.03169154      0.01684741
                        0.00992060      0.01517040     -0.00656697
                        0.00195763     -0.01543687      0.00709205
                        0.00554104     -0.01154551     -0.00577181
                       -0.01240380     -0.00789910     -0.00880964
                        0.19682196      0.20235564     -0.12637779
     Channel =  11     -0.00032709      0.00143397     -0.00172453
                       -0.00265266      0.00107004     -0.00027121
                       -0.00178085     -0.00162092     -0.01459839
                        0.00805795      0.00796161     -0.00346297
                       -0.00313955     -0.00658736      0.00423416
                        0.01131096      0.01268133      0.23848206
                        0.03245979     -0.25446617     -0.09685449
                        0.08825126      0.15512540      0.17754697
                       -0.00291873      0.00442566      0.01009013
                       -0.00037192     -0.00540249      0.00586361
     Channel =  12      0.00016895     -0.00091627      0.00018439
                       -0.00089891     -0.00191318     -0.00333022
                       -0.00091313      0.00060737      0.00727979
                        0.00781901      0.00392949      0.01015980
                        0.01145695     -0.00093207     -0.00213786
                       -0.00178658     -0.01701589      0.06351497
                       -0.24446227      0.04343596     -0.22464075
                        0.18818893      0.01789537     -0.20931567
                       -0.00480741      0.00262823     -0.00213238
                        0.00621715      0.01051877      0.01041494
     Channel =  13      0.22036017      0.06230311     -0.00000025
                       -0.00000003      0.01150568     -0.01024382
                        0.00000041     -0.37722542      0.03445876
                       -0.03240820     -0.00000289     -0.00000022
                        0.02768267      0.00000007     -0.06485190
                       -0.00000010      0.00692420      0.00000004
                       -0.00092371     -0.00103781     -0.00000001
                       -0.00185469      0.00216678      0.00000004
                       -0.00000027      0.00898753      0.08648534
                        0.00000029      0.00257104     -0.02059484
     Channel =  14      0.00241642      0.02203370     -0.00000002
                        0.00000127      0.02348654      0.33185341
                       -0.00001366     -0.00333029      0.00620448
                        0.02018431      0.00000174     -0.00000001
                        0.01145610      0.00000012     -0.05080608
                        0.00000001     -0.13631249     -0.00000015
                        0.00092881     -0.00852652      0.00000002
                       -0.00281139      0.00860339     -0.00000001
                        0.00000355     -0.30999563      0.00526652
                       -0.00000002      0.00608283      0.00023835
     Channel =  15     -0.00000009      0.00000008      0.03807031
                        0.07862443     -0.00000167      0.00001301
                        0.32074505     -0.00000037     -0.00000102
                       -0.00000129      0.03281419      0.00223514
                       -0.00000168      0.05427433      0.00000014
                        0.04665660     -0.00000048      0.01251895
                        0.00000040     -0.00000033      0.00285044
                       -0.00000028     -0.00000012     -0.00793359
                        0.32898746      0.00000414      0.00000170
                        0.01959272     -0.00000002     -0.00000001
     Channel =  16      0.00474921     -0.00479995      0.00000024
                        0.00000066     -0.01936665      0.00481883
                        0.00000236      0.04722597      0.21304105
                       -0.24267929     -0.00002233     -0.00000214
                        0.22905973      0.00000011      0.00403056
                        0.00000013      0.00476984     -0.00000061
                        0.01356057     -0.01950736      0.00000044
                        0.00744523      0.00619549     -0.00000014
                        0.00000145     -0.00434888     -0.31526184
                       -0.00000095      0.01471113      0.03200058
     Channel =  17     -0.00050040      0.00030130     -0.00000002
                       -0.00000006      0.00372053      0.00108647
                       -0.00000026     -0.00134844      0.00139929
                        0.01464532      0.00000128     -0.00000001
                        0.00707274     -0.00000006     -0.00191646
                       -0.00000010     -0.00331540     -0.00001323
                        0.27079935      0.14889403      0.00000139
                        0.31660999      0.00723937     -0.00000011
                        0.00000082     -0.00072477      0.01528391
                        0.00000001      0.00736997      0.00699149
     Channel =  18     -0.00000004     -0.00000001      0.00069480
                        0.00380995     -0.00000001      0.00000014
                        0.00105485      0.00000002      0.00000047
                       -0.00000114      0.00870567      0.01688184
                        0.00000038     -0.00053886     -0.00000008
                       -0.00090543     -0.00000058     -0.27032220
                       -0.00001394      0.00000226     -0.27583690
                        0.00000093     -0.00000391      0.21580006
                        0.01617366      0.00000053     -0.00000009
                        0.01225273      0.00000004     -0.00000068
     Channel =  19     -0.00044988      0.00036241     -0.00000001
                       -0.00000001      0.00031247      0.00032661
                       -0.00000007     -0.00147126     -0.02086392
                       -0.00316389      0.00000007     -0.00000001
                        0.01134085     -0.00000000     -0.00218333
                        0.00000000      0.00159467     -0.00000152
                        0.00885296     -0.19819364      0.00000151
                        0.09435823     -0.38496910     -0.00000462
                       -0.00000030     -0.00707383      0.01194506
                        0.00000006     -0.01537093      0.00838562
     Channel =  20      0.00352562      0.00054524      0.00000000
                        0.00000003     -0.00528078      0.00532614
                       -0.00000025     -0.00490308      0.00022641
                        0.00006021      0.00000001      0.00000000
                        0.00062792      0.00000000     -0.00021652
                        0.00000000      0.00132169      0.00000000
                       -0.00006590      0.00004787     -0.00000000
                        0.00007764      0.00008423      0.00000000
                        0.00000003     -0.00289935     -0.00046894
                       -0.00000001      0.00048225      0.00071172
     Channel =  21      0.00101092     -0.00456505      0.00000002
                        0.00000000      0.00012625      0.00014861
                        0.00000002     -0.00054766      0.00863866
                        0.00029381     -0.00000009     -0.00000002
                       -0.00030729     -0.00000000      0.00434897
                        0.00000001     -0.00089430     -0.00000001
                        0.00018116     -0.00026786      0.00000001
                        0.00002979     -0.00014248     -0.00000001
                        0.00000000      0.00005083      0.00025101
                        0.00000001     -0.00392457      0.00188950
     Channel =  22     -0.00012283      0.00064775     -0.00000000
                        0.00000001      0.00337884      0.00357057
                       -0.00000013      0.00012335     -0.00003118
                        0.00004213      0.00000000      0.00000000
                       -0.00032152      0.00000000     -0.00115000
                       -0.00000000     -0.00302846     -0.00000049
                        0.00965818      0.00099567      0.00000001
                        0.00020499     -0.00021851     -0.00000001
                        0.00000003     -0.00176638      0.00020101
                        0.00000000      0.00019728     -0.00036718
     Channel =  23     -0.00000000      0.00000000      0.00090119
                        0.00430241     -0.00000001      0.00000006
                        0.00174408     -0.00000000     -0.00000001
                       -0.00000002      0.00037400      0.00039869
                       -0.00000001      0.00365972      0.00000000
                       -0.00108940     -0.00000001     -0.00939019
                       -0.00000049      0.00000010      0.00081788
                       -0.00000002     -0.00000003      0.00042218
                        0.00220871      0.00000003      0.00000001
                        0.00073322      0.00000000     -0.00000001
     Channel =  24     -0.00000000      0.00000000      0.00007125
                        0.00022918     -0.00000000      0.00000002
                        0.00047008     -0.00000000     -0.00000007
                        0.00000048     -0.00553263      0.00128223
                        0.00000004      0.00063554      0.00000000
                       -0.00018249     -0.00000000      0.00001901
                        0.00000000     -0.00000000     -0.00002898
                       -0.00000000      0.00000000     -0.00004140
                        0.00031713      0.00000000      0.00000001
                       -0.00254507     -0.00000001     -0.00000010
     Channel =  25      0.00003506     -0.00001325      0.00000000
                        0.00000001     -0.00051388      0.00041561
                        0.00000000      0.00039902      0.00022091
                       -0.00565423     -0.00000050     -0.00000001
                        0.00016805     -0.00000000      0.00000789
                        0.00000000      0.00022653      0.00000000
                       -0.00001029      0.00000187      0.00000000
                        0.00007787     -0.00004246     -0.00000000
                        0.00000001     -0.00031468     -0.00225684
                        0.00000000     -0.00167376     -0.00131912

 Channel data will be written UNFORMATTED to set number  1 on unit number 10
 Header :e + CH4+ - singlet B1                                       20230406  101136.203

 Target state    Spin    M    G/U  Energy (au)
         1         2     1     0  -39.770864
         2         2     2     0  -39.770864
         3         2     3     0  -39.770862
         4         2     0     0  -39.409615

 Residual charge on system = 1

 Channel   Target state  L   M  Threshold (Ryd)
    1            1       1  -1    0.000000
    2            1       2   1    0.000000
    3            1       3  -3    0.000000
    4            1       3  -1    0.000000
    5            1       4   1    0.000000
    6            1       4   3    0.000000
    7            2       1   1    0.000000
    8            2       2  -1    0.000000
    9            2       3   1    0.000000
   10            2       3   3    0.000000
   11            2       4  -3    0.000000
   12            2       4  -1    0.000000
   13            3       0   0    0.000002
   14            3       2   0    0.000002
   15            3       2   2    0.000002
   16            3       3  -2    0.000002
   17            3       4   0    0.000002
   18            3       4   2    0.000002
   19            3       4   4    0.000002
   20            4       1   0    0.722497
   21            4       2  -2    0.722497
   22            4       3   0    0.722497
   23            4       3   2    0.722497
   24            4       4  -4    0.722497
   25            4       4  -2    0.722497

 R-matrix data will be written UNFORMATTED to set number  1 on unit number 21
 Header :e + CH4+ - singlet B1                                       20230406  101136.203


 *** Task has been successfully completed ***
