+-------------------------------------------------------------------------+
|              _              |                                           |
| || || ||//  | \          |  | University College London (C) 1994 - 2020 |
| || || ||    | / |/\/\ /\ |  | Open University           (C) 2007 - 2020 |
| \\_// ||\\  | \ | | | \/ |  |                                           |
|                             |                                           |
+-------------------------------------------------------------------------+
| Last revision: 3.2                                                      |
| Last author:   Jimena Gorfinkiel                                        |
| Last date:     Tue Dec 21 18:07:16 2021 +0000                           |
+-------------------------------------------------------------------------+


 Program RSOLVE  (last modified 05-Jan-2004 )

e + CH4+ - singlet B2 - K-matrices                          20230406  101125.725

 Symmetry data  MGVN = 2 STOT = 1 GUTOT = 0

 Fixed nuclei calculation for R = 0.000

 Input datasets:                                 Unit  Set numbers
 Target and channel data     LUCHAN (UNFORMATTED) 10       1
 Fixed nuclei R-matrix data  LURMT  (UNFORMATTED) 21       1

 Output datasets:                                Unit  Set number
 K-matrices                  LUKMT  (UNFORMATTED)912       1

 K-matrices will be calculated for  600 energies in the range [  0.0500, 30.0500] EV 

 *** FIXED NUCLEI DATA ***

 R-matrix data has been read from set number  1 on unit number 21
 Header :e + CH4+ - singlet B2                                       20230406  101124.253

 Dimension of Hamiltonian matrix           =       648
 Number of CI vectors stored on file       =    0
 Maximum multipole in asymptotic potential =    2
 R-matrix radius                           =   10.0000

 Maximum multipole USED in asymptotic scattering potentials   ISMAX =  2

 *** FIXED NUCLEI DATA ***

 Target and channel data is read from set  1 on unit 10

 Target state    Spin    M    G/U  Energy (au)
         1         2     1     0  -39.770864
         2         2     2     0  -39.770864
         3         2     3     0  -39.770862
         4         2     0     0  -39.409615

 Channel   Vibronic level   L   M  Threshold (Ryd)
    1              1        1   0    0.000000
    2              1        2  -2    0.000000
    3              1        3   0    0.000000
    4              1        3   2    0.000000
    5              1        4  -4    0.000000
    6              1        4  -2    0.000000
    7              2        0   0    0.000000
    8              2        2   0    0.000000
    9              2        2   2    0.000000
   10              2        3  -2    0.000000
   11              2        4   0    0.000000
   12              2        4   2    0.000000
   13              2        4   4    0.000000
   14              3        1   1    0.000002
   15              3        2  -1    0.000002
   16              3        3   1    0.000002
   17              3        3   3    0.000002
   18              3        4  -3    0.000002
   19              3        4  -1    0.000002
   20              4        1  -1    0.722497
   21              4        2   1    0.722497
   22              4        3  -3    0.722497
   23              4        3  -1    0.722497
   24              4        4   1    0.722497
   25              4        4   3    0.722497

 R-matrix data has been read from set number  1 on unit number 21
 Header :e + CH4+ - singlet B2                                       20230406  101124.253

 Dimension of Hamiltonian matrix           =       648
 Number of CI vectors stored on file       =    0
 Maximum multipole in asymptotic potential =    2
 R-matrix radius                           =   10.0000
 IWRON           0

 ASYMPTOTIC METHOD SELECTED : COULOMB/BESSEL
 EXPANSION USED AT RADIUS =   10.0000

 K-matrices will be written to set 1 on unit 912
Assuming scattering particle is electron.
  1   C      6     0.000000  0.000000  0.000000   12.000000
  2   H      1     1.185952  1.185952  1.185957    1.007800
  3   H      1    -1.185952 -1.185952  1.185957    1.007800
  4   H      1    -1.185952  1.185952 -1.185957    1.007800
  5   H      1     1.185952 -1.185952 -1.185957    1.007800
  6   sc     0     0.000000  0.000000  0.000000    0.000000

 Transition moments
           1
           2
           3
           4
           5
           6
           7
           8
           9
          10
          11
          12
          13
          14
          15
          16
          17
          18
          19
          20
          21
          22
          23
          24
          25
          26
          27
          28
          29
          30
          31
          32
          33
          34
          35
          36
          37
          38
          39
          40
          41
          42
          43
          44
          45
          46
          47
          48
          49
          50
          51
          52
          53
          54
          55
          56
          57
          58
          59
          60
          61
          62
          63
          64
          65
          66
          67
          68
          69
          70
          71
          72
          73
          74
          75
          76
          77
          78
          79
          80
          81
          82
          83
          84
          85
          86
          87
          88
          89
          90
          91
          92
          93
          94
          95
          96
          97
          98
          99
         100
         101
         102
         103
         104
         105
         106
         107
         108
         109
         110
         111
         112
         113
         114
         115
         116
         117
         118
         119
         120
         121
         122
         123
         124
         125
         126
         127
         128
         129
         130
         131
         132
         133
         134
         135
         136
         137
         138
         139
         140
         141
         142
         143
         144
         145
         146
         147
         148
         149
         150
         151
         152
         153
         154
         155
         156
         157
         158
         159
         160
         161
         162
         163
         164
         165
         166
         167
         168
         169
         170
         171
         172
         173
         174
         175
         176
         177
         178
         179
         180
         181
         182
         183
         184
         185
         186
         187
         188
         189
         190
         191
         192
         193
         194
 COULN : IERR = 1 L =  3 E=  -0.00587 NLAST = 60 EPS =.100D-09 EFX =.492D-10 FNORM =  0.100000000000D+01
 COULN : IERR = 1 L =  3 E=  -0.00587 NLAST = 60 EPS =.100D-09 EFX =.492D-10 FNORM =  0.100000000000D+01
 COULN : IERR = 1 L =  4 E=  -0.00587 NLAST = 60 EPS =.100D-09 EFX =.492D-10 FNORM =  0.100000000000D+01
 COULN : IERR = 1 L =  4 E=  -0.00587 NLAST = 60 EPS =.100D-09 EFX =.492D-10 FNORM =  0.100000000000D+01
         195
 COULN : IERR = 1 L =  1 E=  -0.00220 NLAST = 60 EPS =.100D-09 EFX =.643D-04 FNORM =  0.100000000000D+01
 COULN : IERR = 1 L =  2 E=  -0.00220 NLAST = 60 EPS =.100D-09 EFX =.627D-04 FNORM =  0.100000000000D+01
 COULN : IERR = 1 L =  3 E=  -0.00220 NLAST = 60 EPS =.100D-09 EFX =.151D-04 FNORM =  0.100000000000D+01
 COULN : IERR = 1 L =  3 E=  -0.00220 NLAST = 60 EPS =.100D-09 EFX =.151D-04 FNORM =  0.100000000000D+01
 COULN : IERR = 1 L =  4 E=  -0.00220 NLAST = 60 EPS =.100D-09 EFX =.151D-04 FNORM =  0.100000000000D+01
 COULN : IERR = 1 L =  4 E=  -0.00220 NLAST = 60 EPS =.100D-09 EFX =.151D-04 FNORM =  0.100000000000D+01
         196
         197
         198
         199
         200
         201
         202
         203
         204
         205
         206
         207
         208
         209
         210
         211
         212
         213
         214
         215
         216
         217
         218
         219
         220
         221
         222
         223
         224
         225
         226
         227
         228
         229
         230
         231
         232
         233
         234
         235
         236
         237
         238
         239
         240
         241
         242
         243
         244
         245
         246
         247
         248
         249
         250
         251
         252
         253
         254
         255
         256
         257
         258
         259
         260
         261
         262
         263
         264
         265
         266
         267
         268
         269
         270
         271
         272
         273
         274
         275
         276
         277
         278
         279
         280
         281
         282
         283
         284
         285
         286
         287
         288
         289
         290
         291
         292
         293
         294
         295
         296
         297
         298
         299
         300
         301
         302
         303
         304
         305
         306
         307
         308
         309
         310
         311
         312
         313
         314
         315
         316
         317
         318
         319
         320
         321
         322
         323
         324
         325
         326
         327
         328
         329
         330
         331
         332
         333
         334
         335
         336
         337
         338
         339
         340
         341
         342
         343
         344
         345
         346
         347
         348
         349
         350
         351
         352
         353
         354
         355
         356
         357
         358
         359
         360
         361
         362
         363
         364
         365
         366
         367
         368
         369
         370
         371
         372
         373
         374
         375
         376
         377
         378
         379
         380
         381
         382
         383
         384
         385
         386
         387
         388
         389
         390
         391
         392
         393
         394
         395
         396
         397
         398
         399
         400
         401
         402
         403
         404
         405
         406
         407
         408
         409
         410
         411
         412
         413
         414
         415
         416
         417
         418
         419
         420
         421
         422
         423
         424
         425
         426
         427
         428
         429
         430
         431
         432
         433
         434
         435
         436
         437
         438
         439
         440
         441
         442
         443
         444
         445
         446
         447
         448
         449
         450
         451
         452
         453
         454
         455
         456
         457
         458
         459
         460
         461
         462
         463
         464
         465
         466
         467
         468
         469
         470
         471
         472
         473
         474
         475
         476
         477
         478
         479
         480
         481
         482
         483
         484
         485
         486
         487
         488
         489
         490
         491
         492
         493
         494
         495
         496
         497
         498
         499
         500
         501
         502
         503
         504
         505
         506
         507
         508
         509
         510
         511
         512
         513
         514
         515
         516
         517
         518
         519
         520
         521
         522
         523
         524
         525
         526
         527
         528
         529
         530
         531
         532
         533
         534
         535
         536
         537
         538
         539
         540
         541
         542
         543
         544
         545
         546
         547
         548
         549
         550
         551
         552
         553
         554
         555
         556
         557
         558
         559
         560
         561
         562
         563
         564
         565
         566
         567
         568
         569
         570
         571
         572
         573
         574
         575
         576
         577
         578
         579
         580
         581
         582
         583
         584
         585
         586
         587
         588
         589
         590
         591
         592
         593
         594
         595
         596
         597
         598
         599
         600

Number of energy points for which the K matrices have     actually been calculated:      0

 *** Task successfully completed ***
