+-------------------------------------------------------------------------+
|              _              |                                           |
| || || ||//  | \          |  | University College London (C) 1994 - 2020 |
| || || ||    | / |/\/\ /\ |  | Open University           (C) 2007 - 2020 |
| \\_// ||\\  | \ | | | \/ |  |                                           |
|                             |                                           |
+-------------------------------------------------------------------------+
| Last revision: 3.2                                                      |
| Last author:   Jimena Gorfinkiel                                        |
| Last date:     Tue Dec 21 18:07:16 2021 +0000                           |
+-------------------------------------------------------------------------+


 Program SWINTERF  ( last modified 12-Jan-2004 )

e + CH4+ - singlet B3                                       20230406  101112.025


 Symmetry data   MGVN = 1 STOT = 1

 Input datasets:             Unit  Set number
 Target data          LUTARG  24       1       FORMATTED
 Boundary amplitudes  LUAMP   16       1     UNFORMATTED
 CI data              LUCI    25       1     UNFORMATTED
 Buttle corrections   LUBUT    0       1     UNFORMATTED

 Output datasets:            Unit  Set number
 Channel data         LUCHAN  10       1     UNFORMATTED
 R-Matrix data        LURMT   21       1     UNFORMATTED

 We are using UKRmol+ input

 Assuming full CI vectors have been saved on LUCI 

 Target rotational constants (a.u.)   0.241881D-04   0.241880D-04   0.241880D-04

 Nuclear centres 
    Atom  Charge      X         Y         Z         Mass
  1   C      6     0.000000  0.000000  0.000000   12.000000
  2   H      1     1.185952  1.185952  1.185957    1.007800
  3   H      1    -1.185952 -1.185952  1.185957    1.007800
  4   H      1    -1.185952  1.185952 -1.185957    1.007800
  5   H      1     1.185952 -1.185952 -1.185957    1.007800

 Reduced mass     449.818214 au

 Transition moments
    4    0    4    0    2    0   0.00003
    4    0    4    0    2    2  -0.00000
    1    1    4    0    1    1  -0.69785
    1    1    4    0    2   -1  -0.42221
    1    1    1    1    2    0   0.48199
    1    1    1    1    2    2  -0.83479
    2    2    4    0    1   -1   0.69785
    2    2    4    0    2    1   0.42221
    2    2    1    1    1    0   0.37007
    2    2    1    1    2   -2   1.39031
    2    2    2    2    2    0   0.48199
    2    2    2    2    2    2   0.83479
    3    3    4    0    1    0  -0.69785
    3    3    4    0    2   -2  -0.42221
    3    3    1    1    1   -1  -0.37007
    3    3    1    1    2    1  -1.39031
    3    3    2    2    1    1   0.37007
    3    3    2    2    2   -1   1.39031
    3    3    3    3    2    0  -0.96391
    3    3    3    3    2    2  -0.00000

 READCIP start

 CI file header data:
 --------------------
 MGVN  =  1
 NSET  =  1
 NSTAT =        648
 NOCSF =        648

 READCIP end

 R-matrix radius  =   10.00
 Residual charge on system = 1

 Channel Target  l  m  q       Irr  Energy   Energy(eV)
    1       1    0  0  0  N/A   1  0.000000  0.000000
    2       1    2  0  0  N/A   1  0.000000  0.000000
    3       1    2  2  1  N/A   1  0.000000  0.000000
    4       1    3  2 -1  N/A   1  0.000000  0.000000
    5       1    4  0  0  N/A   1  0.000000  0.000000
    6       1    4  2  1  N/A   1  0.000000  0.000000
    7       1    4  4  1  N/A   1  0.000000  0.000000
    8       2    1  0  0  N/A   4  0.000000  0.000000
    9       2    2  2 -1  N/A   4  0.000000  0.000000
   10       2    3  0  0  N/A   4  0.000000  0.000000
   11       2    3  2  1  N/A   4  0.000000  0.000000
   12       2    4  4 -1  N/A   4  0.000000  0.000000
   13       2    4  2 -1  N/A   4  0.000000  0.000000
   14       3    1  1 -1  N/A   3  0.000002  0.000032
   15       3    2  1  1  N/A   3  0.000002  0.000032
   16       3    3  3 -1  N/A   3  0.000002  0.000032
   17       3    3  1 -1  N/A   3  0.000002  0.000032
   18       3    4  1  1  N/A   3  0.000002  0.000032
   19       3    4  3  1  N/A   3  0.000002  0.000032
   20       4    1  1  1  N/A   2  0.722497  9.829889
   21       4    2  1 -1  N/A   2  0.722497  9.829889
   22       4    3  1  1  N/A   2  0.722497  9.829889
   23       4    3  3  1  N/A   2  0.722497  9.829889
   24       4    4  3 -1  N/A   2  0.722497  9.829889
   25       4    4  1 -1  N/A   2  0.722497  9.829889

 Dimension of Hamiltonian matrix           NOCSF =       648
 Number of CSFs used to construct R-matrix NSTAT =  648
 Number of eigenvectors to be retained     NPOLE =    0
 Number of multipoles in potential         ISMAX =    2

 READCIP start

 Reading CI coefficients...
 Last pole include at         648  is    38.017463297690654       Ryd

 READCIP end

     R-matrix boundary amplitudes 

     At radial distance RMATR -      0.00000000 Bohr radii
     No. of channels     =    25
     No. of eigenvectors =   648
     No. of correction terms =     0


     First 30 R-matrix amplitudes

     Channel =   1     -0.22036089     -0.06230123      0.00000960
                       -0.00000500      0.01150647     -0.01024235
                       -0.00000096     -0.37722559      0.03409327
                       -0.03292166      0.00064771      0.00040649
                        0.02751958      0.00000164      0.06485010
                        0.00000521     -0.00692618      0.00000153
                       -0.00092710     -0.00103636     -0.00000759
                       -0.00185416     -0.00216873      0.00001108
                       -0.00000177     -0.00898814     -0.08648676
                        0.00002053     -0.00250873      0.02059645
     Channel =   2      0.00120816      0.01102291      0.03296888
                       -0.06813919     -0.01181252     -0.16593532
                        0.27775359      0.00166423     -0.00330598
                       -0.01057675     -0.02820906     -0.00229494
                       -0.00561643     -0.04700589     -0.02540091
                       -0.04041056     -0.06816756     -0.01082535
                       -0.00047783      0.00426917     -0.00246284
                        0.00143420      0.00434421      0.00685601
                       -0.28490872     -0.15499683      0.00263408
                        0.01696840      0.00303442      0.00007244
     Channel =   3     -0.00209246     -0.01907924      0.01903840
                       -0.03934394      0.02031406      0.28738716
                        0.16037966     -0.00288314      0.00566614
                        0.01708701     -0.01669610     -0.00109279
                        0.00996222     -0.02714046      0.04400440
                       -0.02332455      0.11805207     -0.00628057
                        0.00076985     -0.00735417     -0.00143042
                       -0.00243084     -0.00741937      0.00400226
                       -0.16449742      0.26846098     -0.00456027
                        0.00979419     -0.00527501     -0.00021567
     Channel =   4     -0.00474932      0.00479997     -0.00000095
                        0.00000796     -0.01936879      0.00481865
                       -0.00000288      0.04722674      0.21039693
                       -0.24589418      0.00496440      0.00324853
                        0.22799532      0.00000075     -0.00403107
                       -0.00000045     -0.00476662     -0.00007131
                        0.01354488     -0.01952428      0.00004341
                        0.00741975     -0.00620507      0.00004458
                        0.00000220      0.00435018      0.31526127
                       -0.00005590     -0.01483792     -0.03194478
     Channel =   5      0.00052029     -0.00038120     -0.00038831
                        0.00212892      0.00162790      0.00064756
                       -0.00058738     -0.00159427     -0.01482518
                        0.00344739      0.00476311      0.00959957
                        0.01096759     -0.00030345      0.00233349
                       -0.00050797      0.00005035     -0.15170681
                        0.10781555     -0.09082822     -0.15335779
                        0.18892160      0.28251727      0.11921034
                        0.00906655      0.00551171     -0.01456373
                       -0.00685037      0.00859573     -0.00892833
     Channel =   6      0.00001779     -0.00007141      0.00034746
                       -0.00190377     -0.00187381     -0.00039134
                        0.00052668     -0.00021951     -0.01470329
                       -0.01012179     -0.00406087     -0.00848079
                        0.00373856      0.00026843      0.00037365
                        0.00045351     -0.00290662      0.13556091
                       -0.14554162     -0.21445489      0.13735581
                       -0.11500653      0.25804467     -0.10890299
                       -0.00808923      0.00427353      0.00064576
                        0.00613311      0.01427260     -0.00159751
     Channel =   7      0.00042614     -0.00026812      0.00045991
                       -0.00252129      0.00278988      0.00084258
                        0.00069962     -0.00118148     -0.00137357
                        0.01036090     -0.00583767     -0.01111258
                        0.00682891      0.00035445      0.00168973
                        0.00059717      0.00223494      0.17839527
                        0.20229484      0.08469394      0.18349233
                        0.24498887      0.04210691     -0.14279449
                       -0.01067528      0.00143374     -0.01279560
                        0.00809756     -0.00355382     -0.00611022
     Channel =   8      0.03827743     -0.20459055     -0.20892057
                       -0.04012566     -0.02634470     -0.01535923
                        0.02320389      0.04834751      0.00747042
                        0.00615259      0.00189885      0.00041611
                       -0.00692598      0.10846651      0.24926181
                        0.23442106     -0.07178735     -0.00668224
                       -0.00174709     -0.00022133     -0.00001187
                        0.00083758     -0.00114051     -0.00356934
                       -0.04608143     -0.00643191      0.00695221
                        0.00905492     -0.01043350      0.00438208
     Channel =   9      0.00900147     -0.01898098      0.02234967
                       -0.20439005      0.22643502     -0.02436034
                       -0.06089700      0.01501492      0.01131104
                       -0.02126517     -0.02221970     -0.00202159
                       -0.01281639     -0.20705461      0.05415357
                        0.08859434      0.20104174     -0.00922940
                        0.00749192     -0.01086457      0.00150686
                       -0.00521175     -0.00117485     -0.00530410
                        0.02130067     -0.10558180     -0.00170230
                        0.08405485     -0.01526006      0.04476640
     Channel =  10     -0.00103243      0.00358857     -0.00160607
                        0.00314114     -0.01137208      0.01080527
                       -0.01728053      0.00133893      0.14140267
                       -0.09068816     -0.25230893     -0.12488417
                       -0.22730801      0.03795492     -0.01389804
                       -0.01354432     -0.02063980      0.00050761
                       -0.00216037     -0.00869317     -0.01556223
                        0.01641851      0.00789261      0.00363989
                        0.01193976      0.01718402      0.02418643
                        0.22202521     -0.07910095      0.22243716
     Channel =  11     -0.00037158      0.00407319     -0.00235054
                        0.01146959      0.00810564     -0.01366130
                       -0.00455611      0.00177924      0.19084329
                        0.20015462     -0.12601803      0.25831137
                        0.03881057      0.00276091     -0.00958383
                        0.00126999      0.00187828      0.01001754
                        0.00599402     -0.01400897      0.00853450
                       -0.01210158      0.00869653      0.00465743
                        0.00484407     -0.00928248     -0.01688172
                        0.03477389     -0.22780218     -0.08323599
     Channel =  12     -0.00004241      0.00035020     -0.00043679
                        0.00177965     -0.00140943     -0.00321094
                       -0.00148355     -0.00000466      0.00184500
                        0.01001979     -0.00658237     -0.00818806
                        0.00973741      0.00319797      0.00050422
                       -0.00232692      0.01143272     -0.14300478
                       -0.21766293     -0.04878651      0.24509287
                        0.20652139     -0.07089887      0.13340505
                        0.00552842     -0.00402112     -0.00157313
                        0.00566750     -0.00795530     -0.01179744
     Channel =  13      0.00036569     -0.00166531     -0.00167746
                        0.00216165      0.00168043      0.00092428
                       -0.00134320     -0.00173139     -0.01620682
                        0.00488377     -0.00622128      0.00662729
                       -0.00700187      0.00582657     -0.00472556
                       -0.01122384     -0.01785565     -0.20130684
                        0.11594291     -0.25334854      0.01170629
                        0.01562943     -0.14000661     -0.23925313
                        0.00102244     -0.00320875     -0.01019058
                       -0.00253904      0.00878184     -0.00193817
     Channel =  14     -0.03827691      0.20452378     -0.20898593
                       -0.04015169      0.02630288      0.01535863
                        0.02320967     -0.04834857     -0.00747172
                       -0.00607389      0.00217955      0.00054555
                        0.00690855      0.10845009     -0.24931035
                        0.23437521      0.07179489     -0.00669495
                        0.00171712      0.00022791     -0.00001468
                       -0.00083475      0.00111158     -0.00358168
                       -0.04608236      0.00642641     -0.00695115
                        0.00905832      0.01041495     -0.00430102
     Channel =  15     -0.00900126      0.01898800      0.02233979
                       -0.20418832     -0.22659645      0.02437367
                       -0.06094881     -0.01501456     -0.01135340
                        0.02042728     -0.02291496     -0.00166577
                        0.01298576     -0.20704108     -0.05415883
                        0.08858451     -0.20105739     -0.00913384
                       -0.00754564      0.01087344      0.00152493
                        0.00519041      0.00112053     -0.00531052
                        0.02130797      0.10558263      0.00171001
                        0.08400057      0.01509403     -0.04431674
     Channel =  16     -0.00058920      0.00034486     -0.00017129
                        0.00453911     -0.01396774      0.01690806
                        0.01085946     -0.00003589     -0.00597236
                       -0.19030088      0.12848094      0.25064213
                       -0.21106284     -0.02831240     -0.00512552
                        0.01148904     -0.01747039      0.00576451
                       -0.00536419      0.00169175      0.01768325
                        0.02025821      0.00091535     -0.00004668
                       -0.00647056      0.01927195      0.02944108
                       -0.15375335      0.07751082      0.22223328
     Channel =  17     -0.00092625      0.00542017      0.00284086
                       -0.01100533     -0.00057907     -0.00418724
                        0.01418006      0.00222412      0.23864568
                        0.11253883      0.24898841     -0.12924637
                       -0.10628583     -0.02541075     -0.01608466
                        0.00728424     -0.01115251     -0.00829368
                        0.00336283     -0.01637323      0.00279985
                        0.00046092      0.01165949     -0.00600312
                       -0.01113991      0.00318434      0.00144359
                       -0.16360335     -0.22871135      0.07566700
     Channel =  18      0.00008967     -0.00026104      0.00100184
                       -0.00242692     -0.00072565     -0.00267710
                        0.00186293     -0.00061637     -0.00400490
                        0.01139170      0.00797763      0.00550529
                        0.00643965     -0.00504818     -0.00119706
                        0.00613961      0.00440577      0.20545123
                       -0.16098202     -0.13589291     -0.23194691
                        0.20064489     -0.11634091     -0.03914021
                       -0.00553233     -0.00489412     -0.00507537
                       -0.00442778     -0.00434198     -0.01163698
     Channel =  19      0.00035736     -0.00168252      0.00141629
                       -0.00139124      0.00207202      0.00199900
                        0.00073354     -0.00161709     -0.01575378
                        0.00118777      0.00344632     -0.00944494
                       -0.00975649     -0.00431272     -0.00459297
                        0.00966311     -0.02070207      0.13597697
                        0.18596111     -0.21973119      0.07558918
                       -0.05881330     -0.10335953      0.27240981
                        0.00100003     -0.00157444     -0.00897602
                        0.00439965      0.01100531      0.00257542
     Channel =  20     -0.00352572     -0.00054532      0.00000003
                        0.00000248     -0.00528080      0.00532637
                       -0.00000047     -0.00490286      0.00022984
                        0.00005702      0.00000008      0.00000908
                        0.00062747     -0.00000008      0.00021676
                        0.00000004     -0.00132111      0.00000026
                       -0.00006573      0.00004770      0.00000022
                        0.00007759     -0.00008440      0.00000045
                       -0.00000011      0.00289869      0.00046831
                       -0.00000130     -0.00048302     -0.00071114
     Channel =  21     -0.00101088      0.00456513     -0.00000070
                       -0.00000037      0.00012589      0.00014859
                        0.00000000     -0.00054766      0.00864036
                        0.00016443     -0.00001397      0.00001584
                       -0.00034545      0.00000009     -0.00434937
                       -0.00000045      0.00089490     -0.00000067
                        0.00018106     -0.00026777      0.00000035
                        0.00002972      0.00014255     -0.00000057
                        0.00000002     -0.00005082     -0.00024980
                        0.00000072      0.00391802     -0.00190029
     Channel =  22     -0.00007521      0.00039676      0.00071243
                       -0.00340070     -0.00207087     -0.00218648
                        0.00137784     -0.00007551      0.00001977
                       -0.00003096     -0.00029187     -0.00031498
                        0.00020213     -0.00289317     -0.00070404
                        0.00086122     -0.00185444      0.00744131
                       -0.00589128     -0.00061289     -0.00065640
                       -0.00011351     -0.00013743     -0.00033362
                       -0.00174620     -0.00108176      0.00012303
                        0.00057981      0.00012035     -0.00022384
     Channel =  23      0.00009710     -0.00051183      0.00055200
                       -0.00263595      0.00267012      0.00282270
                        0.00106800      0.00009744     -0.00002431
                        0.00002971     -0.00022793     -0.00024954
                       -0.00025038     -0.00224109      0.00090901
                        0.00066714      0.00239447      0.00572675
                        0.00765536      0.00077015     -0.00049977
                        0.00015587      0.00017046     -0.00025592
                       -0.00135214      0.00139696     -0.00015920
                        0.00044936     -0.00015527      0.00029154
     Channel =  24     -0.00003281      0.00001242      0.00002515
                       -0.00008102     -0.00048091      0.00038887
                        0.00016602      0.00037323      0.00013190
                       -0.00525291      0.00205971     -0.00044050
                        0.00015501     -0.00022469     -0.00000752
                        0.00006461     -0.00021158     -0.00000667
                       -0.00000941      0.00000181      0.00001054
                        0.00007273      0.00003995      0.00001439
                       -0.00011213      0.00029422      0.00211116
                       -0.00089798      0.00156779      0.00123884
     Channel =  25      0.00001240     -0.00000464      0.00006659
                       -0.00021494      0.00018149     -0.00014704
                        0.00043953     -0.00014111     -0.00003993
                        0.00209867      0.00514774     -0.00114892
                       -0.00005583     -0.00059448      0.00000283
                        0.00017084      0.00008004     -0.00001777
                        0.00000343     -0.00000052      0.00002706
                       -0.00002756     -0.00001484      0.00003861
                       -0.00029675     -0.00011119     -0.00079814
                       -0.00238152     -0.00059264     -0.00044187

 Channel data will be written UNFORMATTED to set number  1 on unit number 10
 Header :e + CH4+ - singlet B3                                       20230406  101112.025

 Target state    Spin    M    G/U  Energy (au)
         1         2     1     0  -39.770864
         2         2     2     0  -39.770864
         3         2     3     0  -39.770862
         4         2     0     0  -39.409615

 Residual charge on system = 1

 Channel   Target state  L   M  Threshold (Ryd)
    1            1       0   0    0.000000
    2            1       2   0    0.000000
    3            1       2   2    0.000000
    4            1       3  -2    0.000000
    5            1       4   0    0.000000
    6            1       4   2    0.000000
    7            1       4   4    0.000000
    8            2       1   0    0.000000
    9            2       2  -2    0.000000
   10            2       3   0    0.000000
   11            2       3   2    0.000000
   12            2       4  -4    0.000000
   13            2       4  -2    0.000000
   14            3       1  -1    0.000002
   15            3       2   1    0.000002
   16            3       3  -3    0.000002
   17            3       3  -1    0.000002
   18            3       4   1    0.000002
   19            3       4   3    0.000002
   20            4       1   1    0.722497
   21            4       2  -1    0.722497
   22            4       3   1    0.722497
   23            4       3   3    0.722497
   24            4       4  -3    0.722497
   25            4       4  -1    0.722497

 R-matrix data will be written UNFORMATTED to set number  1 on unit number 21
 Header :e + CH4+ - singlet B3                                       20230406  101112.025


 *** Task has been successfully completed ***
