+-------------------------------------------------------------------------+
|              _              |                                           |
| || || ||//  | \          |  | University College London (C) 1994 - 2020 |
| || || ||    | / |/\/\ /\ |  | Open University           (C) 2007 - 2020 |
| \\_// ||\\  | \ | | | \/ |  |                                           |
|                             |                                           |
+-------------------------------------------------------------------------+
| Last revision: 3.2                                                      |
| Last author:   Jimena Gorfinkiel                                        |
| Last date:     Tue Dec 21 18:07:16 2021 +0000                           |
+-------------------------------------------------------------------------+


 Program SWINTERF  ( last modified 12-Jan-2004 )

e + CH4+ - singlet A                                        20230406  101100.225


 Symmetry data   MGVN = 0 STOT = 1

 Input datasets:             Unit  Set number
 Target data          LUTARG  24       1       FORMATTED
 Boundary amplitudes  LUAMP   16       1     UNFORMATTED
 CI data              LUCI    25       1     UNFORMATTED
 Buttle corrections   LUBUT    0       1     UNFORMATTED

 Output datasets:            Unit  Set number
 Channel data         LUCHAN  10       1     UNFORMATTED
 R-Matrix data        LURMT   21       1     UNFORMATTED

 We are using UKRmol+ input

 Assuming full CI vectors have been saved on LUCI 

 Target rotational constants (a.u.)   0.241881D-04   0.241880D-04   0.241880D-04

 Nuclear centres 
    Atom  Charge      X         Y         Z         Mass
  1   C      6     0.000000  0.000000  0.000000   12.000000
  2   H      1     1.185952  1.185952  1.185957    1.007800
  3   H      1    -1.185952 -1.185952  1.185957    1.007800
  4   H      1    -1.185952  1.185952 -1.185957    1.007800
  5   H      1     1.185952 -1.185952 -1.185957    1.007800

 Reduced mass     449.818214 au

 Transition moments
    4    0    4    0    2    0   0.00003
    4    0    4    0    2    2  -0.00000
    1    1    4    0    1    1  -0.69785
    1    1    4    0    2   -1  -0.42221
    1    1    1    1    2    0   0.48199
    1    1    1    1    2    2  -0.83479
    2    2    4    0    1   -1   0.69785
    2    2    4    0    2    1   0.42221
    2    2    1    1    1    0   0.37007
    2    2    1    1    2   -2   1.39031
    2    2    2    2    2    0   0.48199
    2    2    2    2    2    2   0.83479
    3    3    4    0    1    0  -0.69785
    3    3    4    0    2   -2  -0.42221
    3    3    1    1    1   -1  -0.37007
    3    3    1    1    2    1  -1.39031
    3    3    2    2    1    1   0.37007
    3    3    2    2    2   -1   1.39031
    3    3    3    3    2    0  -0.96391
    3    3    3    3    2    2  -0.00000

 READCIP start

 CI file header data:
 --------------------
 MGVN  =  0
 NSET  =  1
 NSTAT =        684
 NOCSF =        684

 READCIP end

 R-matrix radius  =   10.00
 Residual charge on system = 1

 Channel Target  l  m  q       Irr  Energy   Energy(eV)
    1       1    1  1  1  N/A   2  0.000000  0.000000
    2       1    2  1 -1  N/A   2  0.000000  0.000000
    3       1    3  1  1  N/A   2  0.000000  0.000000
    4       1    3  3  1  N/A   2  0.000000  0.000000
    5       1    4  3 -1  N/A   2  0.000000  0.000000
    6       1    4  1 -1  N/A   2  0.000000  0.000000
    7       2    1  1 -1  N/A   3  0.000000  0.000000
    8       2    2  1  1  N/A   3  0.000000  0.000000
    9       2    3  3 -1  N/A   3  0.000000  0.000000
   10       2    3  1 -1  N/A   3  0.000000  0.000000
   11       2    4  1  1  N/A   3  0.000000  0.000000
   12       2    4  3  1  N/A   3  0.000000  0.000000
   13       3    1  0  0  N/A   4  0.000002  0.000032
   14       3    2  2 -1  N/A   4  0.000002  0.000032
   15       3    3  0  0  N/A   4  0.000002  0.000032
   16       3    3  2  1  N/A   4  0.000002  0.000032
   17       3    4  4 -1  N/A   4  0.000002  0.000032
   18       3    4  2 -1  N/A   4  0.000002  0.000032
   19       4    0  0  0  N/A   1  0.722497  9.829889
   20       4    2  0  0  N/A   1  0.722497  9.829889
   21       4    2  2  1  N/A   1  0.722497  9.829889
   22       4    3  2 -1  N/A   1  0.722497  9.829889
   23       4    4  0  0  N/A   1  0.722497  9.829889
   24       4    4  2  1  N/A   1  0.722497  9.829889
   25       4    4  4  1  N/A   1  0.722497  9.829889

 Dimension of Hamiltonian matrix           NOCSF =       684
 Number of CSFs used to construct R-matrix NSTAT =  684
 Number of eigenvectors to be retained     NPOLE =    0
 Number of multipoles in potential         ISMAX =    2

 READCIP start

 Reading CI coefficients...
 Last pole include at         684  is    38.359973793710544       Ryd

 READCIP end

     R-matrix boundary amplitudes 

     At radial distance RMATR -      0.00000000 Bohr radii
     No. of channels     =    25
     No. of eigenvectors =   684
     No. of correction terms =     0


     First 30 R-matrix amplitudes

     Channel =   1      0.00104809      0.22502139     -0.08776649
                       -0.19242795     -0.00425856     -0.03396329
                       -0.01938623      0.00806095      0.01417260
                       -0.00178269      0.00311448     -0.00426292
                        0.00000030     -0.11844605      0.18831266
                        0.09592828      0.17961378     -0.10376204
                       -0.00584931     -0.00702721      0.00409753
                        0.00000255     -0.00202924      0.00337025
                        0.19431888     -0.00094373     -0.00160389
                       -0.00409236      0.00801046     -0.00946400
     Channel =   2      0.00109980     -0.02268426      0.00884687
                       -0.01930559      0.18342380     -0.22020670
                       -0.12552020     -0.01173578     -0.02071026
                       -0.00136546      0.00217553      0.02715079
                        0.00000034      0.09813686     -0.15602249
                       -0.16575589      0.15904508     -0.09182138
                       -0.00207182     -0.01010724      0.00586308
                        0.00000552     -0.00253732      0.00421155
                        0.08910850     -0.03498527     -0.05978858
                        0.01079271     -0.02116482      0.04284822
     Channel =   3      0.00016606     -0.00087498      0.00572916
                       -0.00082540      0.01046317      0.00849693
                       -0.01214582      0.22215859      0.04311863
                        0.09946624      0.21208405     -0.14119370
                        0.18439440      0.01727345     -0.01240421
                       -0.01740865      0.00898117     -0.00134833
                       -0.00482949      0.00140283      0.02020376
                        0.00803058      0.00483702     -0.00797725
                        0.00389782     -0.01994495      0.17688899
                       -0.20969320     -0.01453527     -0.11821392
     Channel =   4     -0.00021445      0.00489763      0.00226327
                        0.00106445     -0.01348219      0.00414907
                       -0.01081652      0.02149841     -0.23156966
                        0.21475930     -0.07473222      0.18278064
                        0.14280961     -0.00828308      0.02483327
                        0.02247729     -0.00816448      0.00768097
                        0.00633378      0.01699866      0.00637655
                        0.00626750     -0.00611624      0.01037069
                       -0.00503142     -0.16413947     -0.11714428
                       -0.08483584     -0.16327241      0.15243394
     Channel =   5     -0.00008570      0.00153876     -0.00042657
                       -0.00120215      0.00372888      0.00065505
                        0.00026046      0.00041924     -0.01445940
                       -0.00659355      0.00824561     -0.00683097
                       -0.00360096     -0.00084242      0.00345897
                        0.00241228     -0.01527867      0.00714054
                        0.23903013     -0.27641115      0.07578928
                        0.09064158     -0.18908131      0.11086900
                        0.00531564      0.00561800      0.00578727
                       -0.00059237     -0.01311433     -0.00517878
     Channel =   6      0.00003239     -0.00040376      0.00061683
                        0.00045435     -0.00140978     -0.00009424
                       -0.00036377      0.01959367     -0.00576919
                       -0.00158642     -0.00551219      0.00253548
                       -0.00951952      0.00320576      0.00051285
                       -0.00090230      0.00356233     -0.00651397
                       -0.09054194     -0.00528960     -0.21794315
                        0.23939710     -0.20212386     -0.20611891
                       -0.00200653      0.00290641     -0.00512812
                       -0.01729884     -0.00401554      0.00194111
     Channel =   7     -0.00104809      0.18851410      0.15099491
                        0.19242952      0.00425696     -0.03376949
                        0.01972222     -0.00823750      0.01407057
                        0.00176499      0.00312510      0.00426326
                        0.00000036      0.10385683      0.19673515
                       -0.09592574      0.17964432      0.10371184
                        0.00584922     -0.00704313     -0.00407024
                        0.00000270      0.00192697      0.00343006
                       -0.19431905      0.00092418     -0.00161514
                        0.00487759      0.00755761      0.00946419
     Channel =   8     -0.00109980     -0.01900450     -0.01522096
                        0.01930538     -0.18343378     -0.21894181
                        0.12769920      0.01199416     -0.02056108
                        0.00135326      0.00218123     -0.02715166
                       -0.00000053     -0.08604980     -0.16300121
                        0.16575816      0.15906832      0.09177665
                        0.00207171     -0.01012995     -0.00582380
                        0.00000538      0.00240946      0.00428604
                       -0.08910844      0.03426445     -0.06020475
                       -0.01286830     -0.01996934     -0.04284862
     Channel =   9     -0.00021445     -0.00535017      0.00069642
                        0.00106440     -0.01348244     -0.00425559
                       -0.01077485      0.01860488      0.23181576
                        0.21433163      0.07595168      0.18278883
                       -0.14280523     -0.00638024     -0.02538890
                        0.02247744      0.00816633      0.00767867
                        0.00633387     -0.01697363      0.00644244
                       -0.00626701     -0.00580249     -0.01054993
                       -0.00503143     -0.16272296      0.11911098
                       -0.06797533      0.17097105      0.15244002
     Channel =  10     -0.00016606      0.00087689     -0.00572888
                        0.00082540     -0.01046286      0.00861740
                        0.01206100     -0.22267207      0.04033038
                       -0.10066089      0.21153775      0.14117854
                        0.18439679     -0.01628539     -0.01367570
                        0.01740875      0.00898125      0.00134584
                        0.00482960      0.00132443     -0.02020894
                        0.00803120     -0.00459424     -0.00811903
                       -0.00389781      0.02207010      0.17663396
                        0.20716901     -0.03556479      0.11821079
     Channel =  11     -0.00003239     -0.00020099     -0.00070929
                       -0.00045435      0.00140979     -0.00009070
                        0.00036471     -0.01952004     -0.00601380
                        0.00161753     -0.00550238     -0.00253517
                       -0.00951992     -0.00323532      0.00026879
                        0.00090243      0.00356417      0.00651290
                        0.09054254     -0.00444577      0.21796266
                        0.23937735      0.20825106     -0.19994903
                        0.00200656     -0.00296769     -0.00509301
                        0.01680689     -0.00573591     -0.00194119
     Channel =  12     -0.00008570     -0.00134097     -0.00086685
                       -0.00120215      0.00372882     -0.00065260
                        0.00026688      0.00023790      0.01446357
                       -0.00654710     -0.00828320     -0.00683029
                        0.00360087     -0.00057843     -0.00351280
                        0.00241231      0.01528067      0.00713656
                        0.23903305      0.27670329      0.07471453
                       -0.09062424     -0.18566857     -0.11650226
                        0.00531555      0.00554762     -0.00585442
                        0.00073021      0.01310768     -0.00517841
     Channel =  13      0.00104817     -0.03650351      0.23875038
                       -0.19243313     -0.00431236      0.00019413
                        0.03909725     -0.01633214     -0.00010210
                        0.00359196      0.00001044     -0.00421871
                       -0.00000016      0.22230210      0.00842266
                        0.09598374      0.00002861      0.20739750
                       -0.00588737     -0.00001577     -0.00810053
                       -0.00000024      0.00393825      0.00005915
                        0.19433314      0.00185058     -0.00001126
                        0.00899712     -0.00045354     -0.00945345
     Channel =  14      0.00109981      0.00368054     -0.02407133
                       -0.01930012      0.18309818      0.00125462
                        0.25371018      0.02387319      0.00014933
                        0.00247819      0.00000668      0.02711208
                        0.00000086     -0.18419391     -0.00697885
                       -0.16569720      0.00002674      0.18369372
                       -0.00214412     -0.00002254     -0.01165628
                        0.00000022      0.00491301      0.00007428
                        0.08911818      0.06930353     -0.00041631
                       -0.02375614      0.00119828      0.04277180
     Channel =  15     -0.00027143     -0.00071531      0.00467840
                        0.00134260     -0.01704821      0.00001149
                        0.00223272      0.24184530      0.00150839
                       -0.21872861     -0.00061741      0.22938672
                        0.00000549      0.03216796      0.00121880
                        0.02843465     -0.00000211     -0.01382012
                        0.00801595      0.00002811      0.01451991
                       -0.00000073      0.01524170      0.00022916
                       -0.00636125      0.23295659     -0.00139962
                       -0.13491113      0.00680577      0.19256229
     Channel =  16     -0.00000000      0.00627642      0.00095941
                        0.00000005      0.00000157      0.01868065
                       -0.00009110      0.00136919     -0.21768612
                       -0.00068451      0.24258462     -0.00000647
                       -0.23330146     -0.00038321      0.01013186
                        0.00000036      0.00420180     -0.00000115
                        0.00000026      0.02298845     -0.00004481
                       -0.01015766     -0.00000249      0.00014684
                       -0.00000003      0.00081495      0.13483817
                       -0.01231848     -0.24422893     -0.00000245
     Channel =  17     -0.00000000      0.00045223      0.00006909
                        0.00000002      0.00000013      0.00028709
                       -0.00000127      0.00013283     -0.02125160
                        0.00001267     -0.00445692     -0.00000035
                        0.01017254     -0.00012108      0.00318877
                       -0.00000037     -0.00412264      0.00000099
                        0.00000062     -0.20402978      0.00039472
                       -0.25711360      0.00446679     -0.29792309
                       -0.00000014     -0.00003247     -0.00544486
                       -0.00092789     -0.01839503     -0.00000028
     Channel =  18     -0.00009160     -0.00025656      0.00167803
                       -0.00128490      0.00398942     -0.00000376
                       -0.00073849      0.01315958      0.00008265
                        0.01123904      0.00003100     -0.00728520
                        0.00000013      0.00358187      0.00013570
                        0.00255121     -0.00000255     -0.01795782
                        0.25387325     -0.00057871     -0.29717072
                       -0.00000822      0.20646921      0.00310572
                        0.00569667     -0.00838148      0.00005046
                       -0.01216592      0.00061363     -0.00554650
     Channel =  19      0.00039753      0.00000006     -0.00000020
                       -0.00861461     -0.00003182      0.00000000
                        0.00000001     -0.00000027     -0.00000000
                        0.00000020      0.00000000     -0.00004332
                       -0.00000000      0.00000015      0.00000001
                        0.00252728     -0.00000002     -0.00000057
                       -0.00024278      0.00000000      0.00000091
                       -0.00000000     -0.00000031     -0.00000001
                        0.00815496     -0.00000419     -0.00000001
                        0.00000620     -0.00000010     -0.01066036
     Channel =  20      0.00001486     -0.00070874      0.00463539
                        0.00000070     -0.00000020      0.00000140
                        0.00028120      0.00847429      0.00005301
                       -0.00076573     -0.00000237     -0.00001664
                        0.00000005      0.00396341      0.00015017
                        0.00000062      0.00000036      0.00253409
                        0.00000103      0.00000037      0.00018923
                       -0.00000001      0.00020720      0.00000312
                        0.00000107     -0.00163176      0.00000979
                        0.00352243     -0.00017770      0.00000375
     Channel =  21     -0.00000000      0.00463542      0.00070874
                        0.00000002      0.00000000     -0.00028092
                        0.00000141      0.00005299     -0.00847303
                        0.00000224     -0.00078362     -0.00000012
                       -0.00000128     -0.00015015      0.00396311
                        0.00000002      0.00253429     -0.00000036
                       -0.00000000      0.00018941     -0.00000037
                        0.00000059     -0.00000311      0.00020718
                       -0.00000000      0.00000976      0.00163076
                        0.00017775      0.00352377      0.00000005
     Channel =  22      0.00048100     -0.00000002      0.00000016
                       -0.00067982      0.00486203     -0.00000009
                        0.00000434      0.00000036      0.00000001
                       -0.00000014     -0.00000001      0.00012244
                        0.00000001     -0.00000031     -0.00000001
                       -0.00343408      0.00000002      0.00000067
                        0.00960392     -0.00000009     -0.00002851
                        0.00000002      0.00001264      0.00000022
                        0.00228448     -0.00000081      0.00000000
                        0.00000174     -0.00000010      0.00016456
     Channel =  23     -0.00007965      0.00000499     -0.00003263
                        0.00001432     -0.00041146      0.00000137
                        0.00027449     -0.00032138     -0.00000210
                       -0.00368704     -0.00001029      0.00433043
                        0.00000008      0.00007145      0.00000271
                        0.00057325     -0.00000001     -0.00006663
                        0.00000992     -0.00000005     -0.00002740
                        0.00000000     -0.00003173     -0.00000048
                       -0.00020564      0.00180108     -0.00001083
                        0.00081644     -0.00004119      0.00231349
     Channel =  24     -0.00000000      0.00005059      0.00000773
                        0.00000000      0.00000002      0.00042533
                       -0.00000210      0.00000340     -0.00052077
                       -0.00001606      0.00569099     -0.00000016
                       -0.00000044      0.00000418     -0.00011021
                        0.00000001      0.00010265     -0.00000002
                        0.00000000      0.00004195     -0.00000008
                        0.00000013     -0.00000074      0.00004950
                       -0.00000000      0.00001679      0.00278915
                       -0.00006386     -0.00126639     -0.00000002
     Channel =  25     -0.00006732     -0.00000590      0.00003861
                        0.00001213     -0.00034735     -0.00000161
                       -0.00032520      0.00039469      0.00000242
                        0.00433644      0.00001232      0.00368100
                        0.00000004     -0.00008428     -0.00000319
                        0.00048437      0.00000001      0.00007826
                        0.00000843      0.00000006      0.00003204
                       -0.00000000      0.00003775      0.00000057
                       -0.00017375     -0.00212886      0.00001281
                       -0.00096960      0.00004885      0.00195595

 Channel data will be written UNFORMATTED to set number  1 on unit number 10
 Header :e + CH4+ - singlet A                                        20230406  101100.225

 Target state    Spin    M    G/U  Energy (au)
         1         2     1     0  -39.770864
         2         2     2     0  -39.770864
         3         2     3     0  -39.770862
         4         2     0     0  -39.409615

 Residual charge on system = 1

 Channel   Target state  L   M  Threshold (Ryd)
    1            1       1   1    0.000000
    2            1       2  -1    0.000000
    3            1       3   1    0.000000
    4            1       3   3    0.000000
    5            1       4  -3    0.000000
    6            1       4  -1    0.000000
    7            2       1  -1    0.000000
    8            2       2   1    0.000000
    9            2       3  -3    0.000000
   10            2       3  -1    0.000000
   11            2       4   1    0.000000
   12            2       4   3    0.000000
   13            3       1   0    0.000002
   14            3       2  -2    0.000002
   15            3       3   0    0.000002
   16            3       3   2    0.000002
   17            3       4  -4    0.000002
   18            3       4  -2    0.000002
   19            4       0   0    0.722497
   20            4       2   0    0.722497
   21            4       2   2    0.722497
   22            4       3  -2    0.722497
   23            4       4   0    0.722497
   24            4       4   2    0.722497
   25            4       4   4    0.722497

 R-matrix data will be written UNFORMATTED to set number  1 on unit number 21
 Header :e + CH4+ - singlet A                                        20230406  101100.225


 *** Task has been successfully completed ***
