+-------------------------------------------------------------------------+
|              _              |                                           |
| || || ||//  | \          |  | University College London (C) 1994 - 2020 |
| || || ||    | / |/\/\ /\ |  | Open University           (C) 2007 - 2020 |
| \\_// ||\\  | \ | | | \/ |  |                                           |
|                             |                                           |
+-------------------------------------------------------------------------+
| Last revision: 3.2                                                      |
| Last author:   Jimena Gorfinkiel                                        |
| Last date:     Tue Dec 21 17:59:46 2021 +0000                           |
+-------------------------------------------------------------------------+


 PROGRAM SCATCI (19 Oct 2009) : 

                         DATE = 20230406

                         TIME = 101127.487


 CONGEN: e + CH4+ - singlet B1                                                                                                   
 SCATCI: e + CH4+ - singlet B1                                                                                                   
 MGVN =         3     S    =  0.0
 NELT =        10     SZ   =  0.0
 IDIAG=         2     R    =  0.0
 THRES=   0.1D-09     NSYM =    4
 MEGUL=713, NOCSF=      5136
 NPFLG         0   0   0   0   0   0
 NOB(i)=          63
 setting NOBE(i)=          63
 NOB(i)=          54
 setting NOBE(i)=          54
 NOB(i)=          54
 setting NOBE(i)=          54
 NOB(i)=          54
 setting NOBE(i)=          54
 NOB  =        63  54  54  54
 NOB0 =         3   2   2   2
 NOBC =         3   2   2   2
 NDTRF=         1   2   3   4   5   6 127 128 129 236
 NSRB=  450    LNDOF=    447144    LCDOF=     44864
 nfte =  813        nfti =    16       lembf=  5000       iodr =   1
 MOLECULE SYMMETRY CASE,  SYMTYP = 2

 Prototype CSF option requested

 CI target option requested,
 Vectors to be read from unit NFTG = 26
 Phases for target vectors read in from CONGEN

 Number of target symmetries in expansion,   NTGSYM =    4
 Number of continuum orbitals for each state, NOTGT =   52   52   52   60
 Number of CI components for each state,      NCTGT =       588       588       588       588
 Number of target states of each symmetry,   NUMTGT =    1    1    1    1
 Continuum M projection  for each state,      MCONT =    3    2    1    0

 Diagonalisation of Hamiltonian matrix requested
 SCATCI will expand NOCSF =   5136 prototype CSFs
               into MXCSF = 127440 actual configurations
               and  MOCSF =    648 dimension final Hamiltonian

 Number of last continuum CSF, NCONT =   4704
     ENERGY EXPRESSIONS COMPUTED FOR MOLECULE SYMMETRY CASE - SYMTYP=  2
 All IIII blocks of integrals
           1           0           0           0           0
           2           1           1           1           1
           3           2           2           2           2
           4           3           3           3           3
 All IJIJ blocks
           5           1           0           1           0
           6           2           0           2           0
           7           2           1           2           1
           8           3           0           3           0
           9           3           1           3           1
          10           3           2           3           2
 The IIJJ blocks of integrals
          11           1           1           0           0
          12           2           2           0           0
          13           2           2           1           1
          14           3           3           0           0
          15           3           3           1           1
          16           3           3           2           2
 The IJKL blocks
          17           3           0           2           1
          18           3           1           2           0
          19           3           2           1           0
 NOBE =        63        54        54        54
 MBAS =         0        55
 NBASH=         1      2017      3502      4987      6472
   Read wavefunctions from CONGEN and load integrals
                   I         N         G         M         S      MPOS      MCON
                   1         1         0         0         0         0         1
                   2         1         0         0         1         0         1
                   3         2         0         0         0         0         1
                   4         2         0         0         1         0         1
                   5         3         0         0         0         0         1
                   6         3         0         0         1         0         1
                   7         4         0         0         0         0         0
                   8         4         0         0         1         0         0
                   9         5         0         0         0         0         0
                  10         5         0         0         1         0         0
                  11         6         0         0         0         0         0
                  12         6         0         0         1         0         0
                  13         7         0         0         0         0         0
                  14         7         0         0         1         0         0
                  15         8         0         0         0         0         0
                  16         8         0         0         1         0         0
                  17         9         0         0         0         0         0
                  18         9         0         0         1         0         0
                  19        10         0         0         0         0         0
                  20        10         0         0         1         0         0
                  21        11         0         0         0         0         0
                  22        11         0         0         1         0         0
                  23        12         0         0         0         0         0
                  24        12         0         0         1         0         0
                  25        13         0         0         0         0         0
                  26        13         0         0         1         0         0
                  27        14         0         0         0         0         0
                  28        14         0         0         1         0         0
                  29        15         0         0         0         0         0
                  30        15         0         0         1         0         0
                  31        16         0         0         0         0         0
                  32        16         0         0         1         0         0
                  33        17         0         0         0         0         0
                  34        17         0         0         1         0         0
                  35        18         0         0         0         0         0
                  36        18         0         0         1         0         0
                  37        19         0         0         0         0         0
                  38        19         0         0         1         0         0
                  39        20         0         0         0         0         0
                  40        20         0         0         1         0         0
                  41        21         0         0         0         0         0
                  42        21         0         0         1         0         0
                  43        22         0         0         0         0         0
                  44        22         0         0         1         0         0
                  45        23         0         0         0         0         0
                  46        23         0         0         1         0         0
                  47        24         0         0         0         0         0
                  48        24         0         0         1         0         0
                  49        25         0         0         0         0         0
                  50        25         0         0         1         0         0
                  51        26         0         0         0         0         0
                  52        26         0         0         1         0         0
                  53        27         0         0         0         0         0
                  54        27         0         0         1         0         0
                  55        28         0         0         0         0         0
                  56        28         0         0         1         0         0
                  57        29         0         0         0         0         0
                  58        29         0         0         1         0         0
                  59        30         0         0         0         0         0
                  60        30         0         0         1         0         0
                  61        31         0         0         0         0         0
                  62        31         0         0         1         0         0
                  63        32         0         0         0         0         0
                  64        32         0         0         1         0         0
                  65        33         0         0         0         0         0
                  66        33         0         0         1         0         0
                  67        34         0         0         0         0         0
                  68        34         0         0         1         0         0
                  69        35         0         0         0         0         0
                  70        35         0         0         1         0         0
                  71        36         0         0         0         0         0
                  72        36         0         0         1         0         0
                  73        37         0         0         0         0         0
                  74        37         0         0         1         0         0
                  75        38         0         0         0         0         0
                  76        38         0         0         1         0         0
                  77        39         0         0         0         0         0
                  78        39         0         0         1         0         0
                  79        40         0         0         0         0         0
                  80        40         0         0         1         0         0
                  81        41         0         0         0         0         0
                  82        41         0         0         1         0         0
                  83        42         0         0         0         0         0
                  84        42         0         0         1         0         0
                  85        43         0         0         0         0         0
                  86        43         0         0         1         0         0
                  87        44         0         0         0         0         0
                  88        44         0         0         1         0         0
                  89        45         0         0         0         0         0
                  90        45         0         0         1         0         0
                  91        46         0         0         0         0         0
                  92        46         0         0         1         0         0
                  93        47         0         0         0         0         0
                  94        47         0         0         1         0         0
                  95        48         0         0         0         0         0
                  96        48         0         0         1         0         0
                  97        49         0         0         0         0         0
                  98        49         0         0         1         0         0
                  99        50         0         0         0         0         0
                 100        50         0         0         1         0         0
                 101        51         0         0         0         0         0
                 102        51         0         0         1         0         0
                 103        52         0         0         0         0         0
                 104        52         0         0         1         0         0
                 105        53         0         0         0         0         0
                 106        53         0         0         1         0         0
                 107        54         0         0         0         0         0
                 108        54         0         0         1         0         0
                 109        55         0         0         0         0         0
                 110        55         0         0         1         0         0
                 111        56         0         0         0         0         0
                 112        56         0         0         1         0         0
                 113        57         0         0         0         0         0
                 114        57         0         0         1         0         0
                 115        58         0         0         0         0         0
                 116        58         0         0         1         0         0
                 117        59         0         0         0         0         0
                 118        59         0         0         1         0         0
                 119        60         0         0         0         0         0
                 120        60         0         0         1         0         0
                 121        61         0         0         0         0         0
                 122        61         0         0         1         0         0
                 123        62         0         0         0         0         0
                 124        62         0         0         1         0         0
                 125        63         0         0         0         0         0
                 126        63         0         0         1         0         0
                 127        64         0         1         0         0         1
                 128        64         0         1         1         0         1
                 129        65         0         1         0         0         1
                 130        65         0         1         1         0         1
                 131        66         0         1         0         0         0
                 132        66         0         1         1         0         0
                 133        67         0         1         0         0         0
                 134        67         0         1         1         0         0
                 135        68         0         1         0         0         0
                 136        68         0         1         1         0         0
                 137        69         0         1         0         0         0
                 138        69         0         1         1         0         0
                 139        70         0         1         0         0         0
                 140        70         0         1         1         0         0
                 141        71         0         1         0         0         0
                 142        71         0         1         1         0         0
                 143        72         0         1         0         0         0
                 144        72         0         1         1         0         0
                 145        73         0         1         0         0         0
                 146        73         0         1         1         0         0
                 147        74         0         1         0         0         0
                 148        74         0         1         1         0         0
                 149        75         0         1         0         0         0
                 150        75         0         1         1         0         0
                 151        76         0         1         0         0         0
                 152        76         0         1         1         0         0
                 153        77         0         1         0         0         0
                 154        77         0         1         1         0         0
                 155        78         0         1         0         0         0
                 156        78         0         1         1         0         0
                 157        79         0         1         0         0         0
                 158        79         0         1         1         0         0
                 159        80         0         1         0         0         0
                 160        80         0         1         1         0         0
                 161        81         0         1         0         0         0
                 162        81         0         1         1         0         0
                 163        82         0         1         0         0         0
                 164        82         0         1         1         0         0
                 165        83         0         1         0         0         0
                 166        83         0         1         1         0         0
                 167        84         0         1         0         0         0
                 168        84         0         1         1         0         0
                 169        85         0         1         0         0         0
                 170        85         0         1         1         0         0
                 171        86         0         1         0         0         0
                 172        86         0         1         1         0         0
                 173        87         0         1         0         0         0
                 174        87         0         1         1         0         0
                 175        88         0         1         0         0         0
                 176        88         0         1         1         0         0
                 177        89         0         1         0         0         0
                 178        89         0         1         1         0         0
                 179        90         0         1         0         0         0
                 180        90         0         1         1         0         0
                 181        91         0         1         0         0         0
                 182        91         0         1         1         0         0
                 183        92         0         1         0         0         0
                 184        92         0         1         1         0         0
                 185        93         0         1         0         0         0
                 186        93         0         1         1         0         0
                 187        94         0         1         0         0         0
                 188        94         0         1         1         0         0
                 189        95         0         1         0         0         0
                 190        95         0         1         1         0         0
                 191        96         0         1         0         0         0
                 192        96         0         1         1         0         0
                 193        97         0         1         0         0         0
                 194        97         0         1         1         0         0
                 195        98         0         1         0         0         0
                 196        98         0         1         1         0         0
                 197        99         0         1         0         0         0
                 198        99         0         1         1         0         0
                 199       100         0         1         0         0         0
                 200       100         0         1         1         0         0
                 201       101         0         1         0         0         0
                 202       101         0         1         1         0         0
                 203       102         0         1         0         0         0
                 204       102         0         1         1         0         0
                 205       103         0         1         0         0         0
                 206       103         0         1         1         0         0
                 207       104         0         1         0         0         0
                 208       104         0         1         1         0         0
                 209       105         0         1         0         0         0
                 210       105         0         1         1         0         0
                 211       106         0         1         0         0         0
                 212       106         0         1         1         0         0
                 213       107         0         1         0         0         0
                 214       107         0         1         1         0         0
                 215       108         0         1         0         0         0
                 216       108         0         1         1         0         0
                 217       109         0         1         0         0         0
                 218       109         0         1         1         0         0
                 219       110         0         1         0         0         0
                 220       110         0         1         1         0         0
                 221       111         0         1         0         0         0
                 222       111         0         1         1         0         0
                 223       112         0         1         0         0         0
                 224       112         0         1         1         0         0
                 225       113         0         1         0         0         0
                 226       113         0         1         1         0         0
                 227       114         0         1         0         0         0
                 228       114         0         1         1         0         0
                 229       115         0         1         0         0         0
                 230       115         0         1         1         0         0
                 231       116         0         1         0         0         0
                 232       116         0         1         1         0         0
                 233       117         0         1         0         0         0
                 234       117         0         1         1         0         0
                 235       118         0         2         0         0         1
                 236       118         0         2         1         0         1
                 237       119         0         2         0         0         1
                 238       119         0         2         1         0         1
                 239       120         0         2         0         0         0
                 240       120         0         2         1         0         0
                 241       121         0         2         0         0         0
                 242       121         0         2         1         0         0
                 243       122         0         2         0         0         0
                 244       122         0         2         1         0         0
                 245       123         0         2         0         0         0
                 246       123         0         2         1         0         0
                 247       124         0         2         0         0         0
                 248       124         0         2         1         0         0
                 249       125         0         2         0         0         0
                 250       125         0         2         1         0         0
                 251       126         0         2         0         0         0
                 252       126         0         2         1         0         0
                 253       127         0         2         0         0         0
                 254       127         0         2         1         0         0
                 255       128         0         2         0         0         0
                 256       128         0         2         1         0         0
                 257       129         0         2         0         0         0
                 258       129         0         2         1         0         0
                 259       130         0         2         0         0         0
                 260       130         0         2         1         0         0
                 261       131         0         2         0         0         0
                 262       131         0         2         1         0         0
                 263       132         0         2         0         0         0
                 264       132         0         2         1         0         0
                 265       133         0         2         0         0         0
                 266       133         0         2         1         0         0
                 267       134         0         2         0         0         0
                 268       134         0         2         1         0         0
                 269       135         0         2         0         0         0
                 270       135         0         2         1         0         0
                 271       136         0         2         0         0         0
                 272       136         0         2         1         0         0
                 273       137         0         2         0         0         0
                 274       137         0         2         1         0         0
                 275       138         0         2         0         0         0
                 276       138         0         2         1         0         0
                 277       139         0         2         0         0         0
                 278       139         0         2         1         0         0
                 279       140         0         2         0         0         0
                 280       140         0         2         1         0         0
                 281       141         0         2         0         0         0
                 282       141         0         2         1         0         0
                 283       142         0         2         0         0         0
                 284       142         0         2         1         0         0
                 285       143         0         2         0         0         0
                 286       143         0         2         1         0         0
                 287       144         0         2         0         0         0
                 288       144         0         2         1         0         0
                 289       145         0         2         0         0         0
                 290       145         0         2         1         0         0
                 291       146         0         2         0         0         0
                 292       146         0         2         1         0         0
                 293       147         0         2         0         0         0
                 294       147         0         2         1         0         0
                 295       148         0         2         0         0         0
                 296       148         0         2         1         0         0
                 297       149         0         2         0         0         0
                 298       149         0         2         1         0         0
                 299       150         0         2         0         0         0
                 300       150         0         2         1         0         0
                 301       151         0         2         0         0         0
                 302       151         0         2         1         0         0
                 303       152         0         2         0         0         0
                 304       152         0         2         1         0         0
                 305       153         0         2         0         0         0
                 306       153         0         2         1         0         0
                 307       154         0         2         0         0         0
                 308       154         0         2         1         0         0
                 309       155         0         2         0         0         0
                 310       155         0         2         1         0         0
                 311       156         0         2         0         0         0
                 312       156         0         2         1         0         0
                 313       157         0         2         0         0         0
                 314       157         0         2         1         0         0
                 315       158         0         2         0         0         0
                 316       158         0         2         1         0         0
                 317       159         0         2         0         0         0
                 318       159         0         2         1         0         0
                 319       160         0         2         0         0         0
                 320       160         0         2         1         0         0
                 321       161         0         2         0         0         0
                 322       161         0         2         1         0         0
                 323       162         0         2         0         0         0
                 324       162         0         2         1         0         0
                 325       163         0         2         0         0         0
                 326       163         0         2         1         0         0
                 327       164         0         2         0         0         0
                 328       164         0         2         1         0         0
                 329       165         0         2         0         0         0
                 330       165         0         2         1         0         0
                 331       166         0         2         0         0         0
                 332       166         0         2         1         0         0
                 333       167         0         2         0         0         0
                 334       167         0         2         1         0         0
                 335       168         0         2         0         0         0
                 336       168         0         2         1         0         0
                 337       169         0         2         0         0         0
                 338       169         0         2         1         0         0
                 339       170         0         2         0         0         0
                 340       170         0         2         1         0         0
                 341       171         0         2         0         0         0
                 342       171         0         2         1         0         0
                 343       172         0         3         0         0         1
                 344       172         0         3         1         0         1
                 345       173         0         3         0         0         1
                 346       173         0         3         1         0         1
                 347       174         0         3         0         0         0
                 348       174         0         3         1         0         0
                 349       175         0         3         0         0         0
                 350       175         0         3         1         0         0
                 351       176         0         3         0         0         0
                 352       176         0         3         1         0         0
                 353       177         0         3         0         0         0
                 354       177         0         3         1         0         0
                 355       178         0         3         0         0         0
                 356       178         0         3         1         0         0
                 357       179         0         3         0         0         0
                 358       179         0         3         1         0         0
                 359       180         0         3         0         0         0
                 360       180         0         3         1         0         0
                 361       181         0         3         0         0         0
                 362       181         0         3         1         0         0
                 363       182         0         3         0         0         0
                 364       182         0         3         1         0         0
                 365       183         0         3         0         0         0
                 366       183         0         3         1         0         0
                 367       184         0         3         0         0         0
                 368       184         0         3         1         0         0
                 369       185         0         3         0         0         0
                 370       185         0         3         1         0         0
                 371       186         0         3         0         0         0
                 372       186         0         3         1         0         0
                 373       187         0         3         0         0         0
                 374       187         0         3         1         0         0
                 375       188         0         3         0         0         0
                 376       188         0         3         1         0         0
                 377       189         0         3         0         0         0
                 378       189         0         3         1         0         0
                 379       190         0         3         0         0         0
                 380       190         0         3         1         0         0
                 381       191         0         3         0         0         0
                 382       191         0         3         1         0         0
                 383       192         0         3         0         0         0
                 384       192         0         3         1         0         0
                 385       193         0         3         0         0         0
                 386       193         0         3         1         0         0
                 387       194         0         3         0         0         0
                 388       194         0         3         1         0         0
                 389       195         0         3         0         0         0
                 390       195         0         3         1         0         0
                 391       196         0         3         0         0         0
                 392       196         0         3         1         0         0
                 393       197         0         3         0         0         0
                 394       197         0         3         1         0         0
                 395       198         0         3         0         0         0
                 396       198         0         3         1         0         0
                 397       199         0         3         0         0         0
                 398       199         0         3         1         0         0
                 399       200         0         3         0         0         0
                 400       200         0         3         1         0         0
                 401       201         0         3         0         0         0
                 402       201         0         3         1         0         0
                 403       202         0         3         0         0         0
                 404       202         0         3         1         0         0
                 405       203         0         3         0         0         0
                 406       203         0         3         1         0         0
                 407       204         0         3         0         0         0
                 408       204         0         3         1         0         0
                 409       205         0         3         0         0         0
                 410       205         0         3         1         0         0
                 411       206         0         3         0         0         0
                 412       206         0         3         1         0         0
                 413       207         0         3         0         0         0
                 414       207         0         3         1         0         0
                 415       208         0         3         0         0         0
                 416       208         0         3         1         0         0
                 417       209         0         3         0         0         0
                 418       209         0         3         1         0         0
                 419       210         0         3         0         0         0
                 420       210         0         3         1         0         0
                 421       211         0         3         0         0         0
                 422       211         0         3         1         0         0
                 423       212         0         3         0         0         0
                 424       212         0         3         1         0         0
                 425       213         0         3         0         0         0
                 426       213         0         3         1         0         0
                 427       214         0         3         0         0         0
                 428       214         0         3         1         0         0
                 429       215         0         3         0         0         0
                 430       215         0         3         1         0         0
                 431       216         0         3         0         0         0
                 432       216         0         3         1         0         0
                 433       217         0         3         0         0         0
                 434       217         0         3         1         0         0
                 435       218         0         3         0         0         0
                 436       218         0         3         1         0         0
                 437       219         0         3         0         0         0
                 438       219         0         3         1         0         0
                 439       220         0         3         0         0         0
                 440       220         0         3         1         0         0
                 441       221         0         3         0         0         0
                 442       221         0         3         1         0         0
                 443       222         0         3         0         0         0
                 444       222         0         3         1         0         0
                 445       223         0         3         0         0         0
                 446       223         0         3         1         0         0
                 447       224         0         3         0         0         0
                 448       224         0         3         1         0         0
                 449       225         0         3         0         0         0
                 450       225         0         3         1         0         0
 GIVEN NSRBD=         450
 CALCULATED NSRB=         450

          Assuming UKRMol+ integrals on input.

 On input SCATCI expects:
 1-electron integrals, NINT1e =0
 2-electron integrals, NINT2e =0

One electron integrals read-in.

Two electron integrals read-in.

 UKRMol+ integrals read successfully:
 1-electron integrals, NINT1e =25425
 2-electron integrals, NINT2e =759753

          Nuclear repulsion energy =      13.4724689

          Finished reading UKRMol+ integrals.
   Load CI target and construct matrix elements

 TRANSFORMATION VECTOR   1 FROM SET  1 STATE  1
 SET   1    CH4+ CI calculation - doublet A                                                                                         
          NOCSF=  588    NSTAT=    1    NNUC =    6

 Nuclear data     X         Y         Z       Charge
   C  1        0.000000  0.000000  0.000000  6.000000
   H  2        1.185952  1.185952  1.185957  1.000000
   H  2       -1.185952 -1.185952  1.185957  1.000000
   H  2       -1.185952  1.185952 -1.185957  1.000000
   H  2        1.185952 -1.185952 -1.185957  1.000000
   sc 3        0.000000  0.000000  0.000000  0.000000
          EIGEN-ENERGIES OF THE REQ. STATES
                      -39.4096151656

 TRANSFORMATION VECTOR   2 FROM SET  2 STATE  1
 SET   2    CH4+ CI calculation - doublet B3                                                                                        
          NOCSF=  588    NSTAT=    1    NNUC =    6

 Nuclear data     X         Y         Z       Charge
   C  1        0.000000  0.000000  0.000000  6.000000
   H  2        1.185952  1.185952  1.185957  1.000000
   H  2       -1.185952 -1.185952  1.185957  1.000000
   H  2       -1.185952  1.185952 -1.185957  1.000000
   H  2        1.185952 -1.185952 -1.185957  1.000000
   sc 3        0.000000  0.000000  0.000000  0.000000
          EIGEN-ENERGIES OF THE REQ. STATES
                      -39.7708635684

 TRANSFORMATION VECTOR   3 FROM SET  3 STATE  1
 SET   3    CH4+ CI calculation - doublet B2                                                                                        
          NOCSF=  588    NSTAT=    1    NNUC =    6

 Nuclear data     X         Y         Z       Charge
   C  1        0.000000  0.000000  0.000000  6.000000
   H  2        1.185952  1.185952  1.185957  1.000000
   H  2       -1.185952 -1.185952  1.185957  1.000000
   H  2       -1.185952  1.185952 -1.185957  1.000000
   H  2        1.185952 -1.185952 -1.185957  1.000000
   sc 3        0.000000  0.000000  0.000000  0.000000
          EIGEN-ENERGIES OF THE REQ. STATES
                      -39.7708635678

 TRANSFORMATION VECTOR   4 FROM SET  4 STATE  1
 SET   4    CH4+ CI calculation - doublet B1                                                                                        
          NOCSF=  588    NSTAT=    1    NNUC =    6

 Nuclear data     X         Y         Z       Charge
   C  1        0.000000  0.000000  0.000000  6.000000
   H  2        1.185952  1.185952  1.185957  1.000000
   H  2       -1.185952 -1.185952  1.185957  1.000000
   H  2       -1.185952  1.185952 -1.185957  1.000000
   H  2        1.185952 -1.185952 -1.185957  1.000000
   sc 3        0.000000  0.000000  0.000000  0.000000
          EIGEN-ENERGIES OF THE REQ. STATES
                      -39.7708623922
     MXCORB SET TO:       100000000


 TOTAL H Matrix     ELEMENTS      =    210276
 NON-ZERO ELEMENTS evaluated      =    137348
 Total    prototype ELEMENTS      =  13191816
 Non-zero prototype ELEMENTS      =     22342

 Number (prototype) integrals     =    444724
 Compressed (prototype) integrals =    144320
 Number integrals evaluated       =   5022908
 ===================================================
  inside subroutine --> 'dgmain' --> begins. 


  ************************************************************************************************************************

 MATRIX DIAGONALIZATION SECTION
 (RUN)     CH4+ CI calculation - singlet B1                                                                                        
  DATA SET FILE NUMBERS AND LENGTH SPECIFICATIONS :
      NFTE =813      NFTW =     25

 NPFLG :      0     0
 NCISET:      1

 NPCVC =    1
 THRHM = 0.10D-14


 (EMX)     e + CH4+ - singlet B1                                                                                                   

   648 Eigenvectors to be computed for
   648 dimensional final Hamiltonian matrix

    137348 Hamiltonian elements read from unit NFTE =813
 CI data stored as set number  1

 SET   1    CH4+ CI calculation - singlet B1                                                                                        

 MGVN = 3    s =   0.0    sz =   0.0    NELT =   10    NNUC =  6

 Nuclear data     X         Y         Z       Charge
   C  1        0.000000  0.000000  0.000000  6.000000
   H  2        1.185952  1.185952  1.185957  1.000000
   H  2       -1.185952 -1.185952  1.185957  1.000000
   H  2       -1.185952  1.185952 -1.185957  1.000000
   H  2        1.185952 -1.185952 -1.185957  1.000000
   sc 3        0.000000  0.000000  0.000000  0.000000

 NOCSF=  648    NSTAT=  648    EN   =       13.4724688803

 NTGSYM=   4
  I   MCONT  NOTGT
  1      3     52
  2      2     52
  3      1     52
  4      0     60

 EIGEN-ENERGIES
                      -39.9079901954      -39.8707302641      -39.8696847932      -39.8369096185      -39.8341697817
                      -39.8319614215      -39.8302858719      -39.7882104287      -39.7742784519      -39.7732718152
                      -39.7729844813      -39.7712936762      -39.7710826530      -39.7411309501      -39.7327314031
                      -39.7277540972      -39.7141432481      -39.7088537761      -39.7087848865      -39.7081016212
                      -39.7078688774      -39.7077425475      -39.7063561832      -39.7062237570      -39.6975618043
                      -39.6907585512      -39.5822476305      -39.5722365139      -39.5709085454      -39.5658407004
                      -39.5657438754      -39.5245181454      -39.5189739009      -39.5065297128      -39.4925196845
                      -39.4747197663      -39.4560687633      -39.4453209824      -39.4439161187      -39.4406979655
                      -39.4399173767      -39.4384251612      -39.4374104976      -39.4373116803      -39.4343304015
                      -39.4329328497      -39.4312132719      -39.4101289122      -39.4100014752      -39.3758880295
                      -39.3584435469      -39.3464034388      -39.3462917301      -39.3105734525      -39.2657080578
                      -39.2588187932      -39.2565566649      -39.2559296418      -39.2093671863      -39.2071476550
                      -39.1776678049      -39.1603651560      -39.1541505275      -39.1170242348      -39.0985518095
                      -39.0831224633      -39.0775953836      -39.0752409212      -39.0742768140      -39.0720933136
                      -39.0686658574      -39.0672164612      -39.0662197199      -39.0639839917      -39.0637623562
                      -39.0585370795      -39.0436985712      -39.0410888267      -38.9302414891      -38.9018476933
                      -38.8983024708      -38.8552794994      -38.8477270396      -38.8462789357      -38.8442605936
                      -38.8130918377      -38.7350153986      -38.7120697490      -38.7058746170      -38.7025178726
                      -38.6814648959      -38.6759132982      -38.6368751805      -38.6191967813      -38.6191777822
                      -38.6152036174      -38.6037648568      -38.6008409003      -38.5939560482      -38.5912674396
                      -38.5894313084      -38.5874934717      -38.5768970933      -38.5730974438      -38.5483297083
                      -38.5197311414      -38.5176246642      -38.5129225928      -38.5044160831      -38.4982135977
                      -38.4882832616      -38.4872696248      -38.4659948223      -38.4495611958      -38.4432526331
                      -38.3736739053      -38.3617342437      -38.3471666806      -38.3344075004      -38.3337928005
                      -38.3307474724      -38.3278259147      -38.3241558167      -38.3161687608      -38.2890899396
                      -38.2500837133      -38.2310302269      -38.2274060828      -38.2215839938      -38.1771124512
                      -38.1752758766      -38.1608749218      -38.1596405630      -38.0965828821      -38.0919306698
                      -38.0611450125      -38.0528045403      -38.0418684253      -38.0356243927      -38.0298043143
                      -38.0272228156      -38.0199723528      -38.0161343548      -38.0096144918      -37.9998664742
                      -37.9971153395      -37.9958040571      -37.9945969012      -37.9884860233      -37.9587898930
                      -37.9562812230      -37.9440322311      -37.9372595160      -37.9297625971      -37.9079419789
                      -37.8638630238      -37.8212842916      -37.8095239417      -37.7947674815      -37.7814512941
                      -37.7705114303      -37.7483193371      -37.7410228606      -37.7297838228      -37.7247247921
                      -37.7186430619      -37.7152609926      -37.6952593564      -37.6937046663      -37.6805771286
                      -37.6769799340      -37.6753890489      -37.6737209843      -37.6687855470      -37.6587665267
                      -37.6559360274      -37.6552950750      -37.6499473044      -37.6402563086      -37.6338003552
                      -37.6098703738      -37.6091070236      -37.5932517433      -37.5815271626      -37.5772188215
                      -37.5739722509      -37.5636591443      -37.5505565349      -37.5397016368      -37.5302908584
                      -37.5265338944      -37.5067169656      -37.5042060545      -37.4786836630      -37.4750675820
                      -37.4722674459      -37.4607283937      -37.4598173465      -37.4412982090      -37.4269333174
                      -37.4182356433      -37.4063967348      -37.4007639153      -37.3870897110      -37.3757616226
                      -37.3686882600      -37.3562589632      -37.3510359478      -37.3509392827      -37.3488715602
                      -37.3237928759      -37.3231931716      -37.3146591653      -37.3019497189      -37.2916396373
                      -37.2731046550      -37.2650053541      -37.2599719748      -37.2586010622      -37.2485924081
                      -37.2475373324      -37.2423123714      -37.2267217584      -37.2173818853      -37.2126140771
                      -37.2100849194      -37.2046168852      -37.1972763371      -37.1899366293      -37.1867924449
                      -37.1867025944      -37.1790438953      -37.1774001394      -37.1763591345      -37.1745313646
                      -37.1662322286      -37.1625535160      -37.1553615583      -37.1484921552      -37.1437233485
                      -37.1401665745      -37.1356324284      -37.1214816051      -37.1174341280      -37.1056997880
                      -37.0979478534      -37.0946676842      -37.0905144207      -37.0733098862      -37.0607675324
                      -37.0505929006      -37.0319354759      -37.0203725995      -37.0106147062      -36.9925311600
                      -36.9725964773      -36.9724826254      -36.9489781360      -36.9456522089      -36.9442063627
                      -36.9338087581      -36.9272282861      -36.9121820385      -36.9099780561      -36.9007045127
                      -36.8796808693      -36.8792768107      -36.8785592039      -36.8672099171      -36.8653150882
                      -36.8628587099      -36.8614681629      -36.8504732212      -36.8477660682      -36.8439692353
                      -36.8407065918      -36.8356242469      -36.8241787384      -36.8078990464      -36.8049102785
                      -36.7941760539      -36.7931727146      -36.7877460422      -36.7794771148      -36.7775908076
                      -36.7746212111      -36.7686100062      -36.7659059304      -36.7658226136      -36.7648719105
                      -36.7615119323      -36.7542939701      -36.7466338990      -36.7308874489      -36.7282910029
                      -36.7128544867      -36.6978899891      -36.6970507324      -36.6934859426      -36.6930811406
                      -36.6901802078      -36.6870891361      -36.6746895729      -36.6711239485      -36.6697932781
                      -36.6528813973      -36.6452401529      -36.6397862474      -36.6350940378      -36.6178329517
                      -36.6151371918      -36.6077985937      -36.5981267337      -36.5978338327      -36.5766393657
                      -36.5761487768      -36.5686657332      -36.5624449014      -36.5566436935      -36.5497981040
                      -36.5344999260      -36.5313264268      -36.5061781040      -36.5030234887      -36.4865127143
                      -36.4762594868      -36.4738040926      -36.4643871741      -36.4574194725      -36.4542057356
                      -36.4415037177      -36.4362681022      -36.4356793060      -36.4300630009      -36.4273858316
                      -36.4192936414      -36.4177513503      -36.4113149720      -36.3981802455      -36.3919911826
                      -36.3805432584      -36.3773932725      -36.3677728947      -36.3645247613      -36.3589586609
                      -36.3566485099      -36.3444400535      -36.3399133093      -36.3373801129      -36.3342981081
                      -36.3240009437      -36.3061772821      -36.3060594141      -36.3056861475      -36.3022762718
                      -36.2896737919      -36.2825305350      -36.2754427988      -36.2742950660      -36.2708056896
                      -36.2671668153      -36.2643598030      -36.2640339933      -36.2555911456      -36.2500905487
                      -36.2438003294      -36.2390049254      -36.2335621711      -36.2283634762      -36.2241579332
                      -36.2153299343      -36.2089022655      -36.1925774995      -36.1876564001      -36.1829317965
                      -36.1732353338      -36.1641583028      -36.1610184195      -36.1602881456      -36.1589871841
                      -36.1498461479      -36.1462898711      -36.1378783733      -36.1284270745      -36.1247804761
                      -36.1180088264      -36.1165197654      -36.1092406623      -36.0982960113      -36.0979692479
                      -36.0939329831      -36.0919561314      -36.0819420894      -36.0671387918      -36.0654641666
                      -36.0517146081      -36.0478362370      -36.0434805233      -36.0390203368      -36.0331004275
