+-------------------------------------------------------------------------+
|              _              |                                           |
| || || ||//  | \          |  | University College London (C) 1994 - 2020 |
| || || ||    | / |/\/\ /\ |  | Open University           (C) 2007 - 2020 |
| \\_// ||\\  | \ | | | \/ |  |                                           |
|                             |                                           |
+-------------------------------------------------------------------------+
| Last revision: 3.2                                                      |
| Last author:   Jimena Gorfinkiel                                        |
| Last date:     Tue Dec 21 18:07:16 2021 +0000                           |
+-------------------------------------------------------------------------+


 Program SWINTERF  ( last modified 12-Jan-2004 )

e + CH4+ - singlet B2                                       20230406  101124.253


 Symmetry data   MGVN = 2 STOT = 1

 Input datasets:             Unit  Set number
 Target data          LUTARG  24       1       FORMATTED
 Boundary amplitudes  LUAMP   16       1     UNFORMATTED
 CI data              LUCI    25       1     UNFORMATTED
 Buttle corrections   LUBUT    0       1     UNFORMATTED

 Output datasets:            Unit  Set number
 Channel data         LUCHAN  10       1     UNFORMATTED
 R-Matrix data        LURMT   21       1     UNFORMATTED

 We are using UKRmol+ input

 Assuming full CI vectors have been saved on LUCI 

 Target rotational constants (a.u.)   0.241881D-04   0.241880D-04   0.241880D-04

 Nuclear centres 
    Atom  Charge      X         Y         Z         Mass
  1   C      6     0.000000  0.000000  0.000000   12.000000
  2   H      1     1.185952  1.185952  1.185957    1.007800
  3   H      1    -1.185952 -1.185952  1.185957    1.007800
  4   H      1    -1.185952  1.185952 -1.185957    1.007800
  5   H      1     1.185952 -1.185952 -1.185957    1.007800

 Reduced mass     449.818214 au

 Transition moments
    4    0    4    0    2    0   0.00003
    4    0    4    0    2    2  -0.00000
    1    1    4    0    1    1  -0.69785
    1    1    4    0    2   -1  -0.42221
    1    1    1    1    2    0   0.48199
    1    1    1    1    2    2  -0.83479
    2    2    4    0    1   -1   0.69785
    2    2    4    0    2    1   0.42221
    2    2    1    1    1    0   0.37007
    2    2    1    1    2   -2   1.39031
    2    2    2    2    2    0   0.48199
    2    2    2    2    2    2   0.83479
    3    3    4    0    1    0  -0.69785
    3    3    4    0    2   -2  -0.42221
    3    3    1    1    1   -1  -0.37007
    3    3    1    1    2    1  -1.39031
    3    3    2    2    1    1   0.37007
    3    3    2    2    2   -1   1.39031
    3    3    3    3    2    0  -0.96391
    3    3    3    3    2    2  -0.00000

 READCIP start

 CI file header data:
 --------------------
 MGVN  =  2
 NSET  =  1
 NSTAT =        648
 NOCSF =        648

 READCIP end

 R-matrix radius  =   10.00
 Residual charge on system = 1

 Channel Target  l  m  q       Irr  Energy   Energy(eV)
    1       1    1  0  0  N/A   4  0.000000  0.000000
    2       1    2  2 -1  N/A   4  0.000000  0.000000
    3       1    3  0  0  N/A   4  0.000000  0.000000
    4       1    3  2  1  N/A   4  0.000000  0.000000
    5       1    4  4 -1  N/A   4  0.000000  0.000000
    6       1    4  2 -1  N/A   4  0.000000  0.000000
    7       2    0  0  0  N/A   1  0.000000  0.000000
    8       2    2  0  0  N/A   1  0.000000  0.000000
    9       2    2  2  1  N/A   1  0.000000  0.000000
   10       2    3  2 -1  N/A   1  0.000000  0.000000
   11       2    4  0  0  N/A   1  0.000000  0.000000
   12       2    4  2  1  N/A   1  0.000000  0.000000
   13       2    4  4  1  N/A   1  0.000000  0.000000
   14       3    1  1  1  N/A   2  0.000002  0.000032
   15       3    2  1 -1  N/A   2  0.000002  0.000032
   16       3    3  1  1  N/A   2  0.000002  0.000032
   17       3    3  3  1  N/A   2  0.000002  0.000032
   18       3    4  3 -1  N/A   2  0.000002  0.000032
   19       3    4  1 -1  N/A   2  0.000002  0.000032
   20       4    1  1 -1  N/A   3  0.722497  9.829889
   21       4    2  1  1  N/A   3  0.722497  9.829889
   22       4    3  3 -1  N/A   3  0.722497  9.829889
   23       4    3  1 -1  N/A   3  0.722497  9.829889
   24       4    4  1  1  N/A   3  0.722497  9.829889
   25       4    4  3  1  N/A   3  0.722497  9.829889

 Dimension of Hamiltonian matrix           NOCSF =       648
 Number of CSFs used to construct R-matrix NSTAT =  648
 Number of eigenvectors to be retained     NPOLE =    0
 Number of multipoles in potential         ISMAX =    2

 READCIP start

 Reading CI coefficients...
 Last pole include at         648  is    38.017463274202058       Ryd

 READCIP end

     R-matrix boundary amplitudes 

     At radial distance RMATR -      0.00000000 Bohr radii
     No. of channels     =    25
     No. of eigenvectors =   648
     No. of correction terms =     0


     First 30 R-matrix amplitudes

     Channel =   1     -0.03827749      0.20462261      0.20888909
                        0.04012657      0.02634369      0.01535916
                       -0.02320392     -0.04834753     -0.00747023
                       -0.00615256     -0.00189853     -0.00041626
                        0.00692607     -0.10846747     -0.24926387
                       -0.23441855      0.07178696      0.00668314
                        0.00174507      0.00022117      0.00001176
                       -0.00083748      0.00113949      0.00356960
                        0.04608137      0.00643200     -0.00695222
                       -0.00905578      0.01043280     -0.00438104
     Channel =   2     -0.00900145      0.01897769     -0.02235283
                        0.20438410     -0.22644050      0.02435970
                        0.06089679     -0.01501493     -0.01131180
                        0.02126617      0.02221832      0.00202265
                        0.01281588      0.20705404     -0.05415635
                       -0.08859236     -0.20104258      0.00922585
                       -0.00749567      0.01086568     -0.00150656
                        0.00521135      0.00117357      0.00530434
                       -0.02130071      0.10558154      0.00170230
                       -0.08405657      0.01525395     -0.04475884
     Channel =   3      0.00103243     -0.00358834      0.00160663
                       -0.00314087      0.01137221     -0.01080520
                        0.01728054     -0.00133891     -0.14140937
                        0.09069999      0.25230548      0.12489170
                        0.22729880     -0.03795481      0.01389844
                        0.01354393      0.02064000     -0.00050734
                        0.00216020      0.00869281      0.01556245
                       -0.01641846     -0.00789186     -0.00364162
                       -0.01193973     -0.01718400     -0.02418638
                       -0.22203439      0.07908252     -0.22242718
     Channel =   4     -0.00037158      0.00407285     -0.00235114
                        0.01146946      0.00810565     -0.01366133
                       -0.00455619      0.00177933      0.19085186
                        0.20014316     -0.12602072      0.25831284
                        0.03880902      0.00276099     -0.00958394
                        0.00127006      0.00187812      0.01002014
                        0.00599167     -0.01400848      0.00853483
                       -0.01210103      0.00869574      0.00465890
                        0.00484406     -0.00928248     -0.01688161
                        0.03478843     -0.22780027     -0.08316060
     Channel =   5     -0.00004241      0.00035014     -0.00043683
                        0.00177958     -0.00140943     -0.00321096
                       -0.00148355     -0.00000466      0.00184554
                        0.01001941     -0.00658239     -0.00818781
                        0.00973787      0.00319799      0.00050418
                       -0.00232690      0.01143321     -0.14307098
                       -0.21761459     -0.04880460      0.24508758
                        0.20652339     -0.07093544      0.13339346
                        0.00552837     -0.00402109     -0.00157311
                        0.00566791     -0.00795498     -0.01179758
     Channel =   6     -0.00036569      0.00166558      0.00167723
                       -0.00216173     -0.00168037     -0.00092427
                        0.00134319      0.00173138      0.01620663
                       -0.00488371      0.00622242     -0.00662710
                        0.00700151     -0.00582656      0.00472571
                        0.01122364      0.01785617      0.20126020
                       -0.11601747      0.25334770     -0.01170592
                       -0.01563788      0.13994205      0.23929432
                       -0.00102251      0.00320880      0.01019058
                        0.00253973     -0.00878166      0.00193565
     Channel =   7      0.22036094      0.06230106     -0.00001891
                        0.00000464     -0.01150656      0.01024236
                        0.00000094      0.37722559     -0.03409293
                        0.03292243     -0.00065145     -0.00040696
                       -0.02751914     -0.00000218     -0.06485006
                       -0.00000450      0.00692622     -0.00000128
                        0.00092704      0.00103644      0.00000755
                        0.00185415      0.00216868     -0.00001047
                        0.00000174      0.00898818      0.08648677
                       -0.00002102      0.00250857     -0.02059654
     Channel =   8     -0.00120815     -0.01102782     -0.03296729
                        0.06813918      0.01181001      0.16593447
                       -0.27775420     -0.00166428      0.00330476
                        0.01057803      0.02820873      0.00229552
                        0.00561536      0.04700602      0.02540098
                        0.04041027      0.06816728      0.01082624
                        0.00047469     -0.00426919      0.00246273
                       -0.00143380     -0.00434266     -0.00685698
                        0.28490861      0.15499717     -0.00263420
                       -0.01696811     -0.00303555     -0.00007270
     Channel =   9     -0.00209245     -0.01907645      0.01904149
                       -0.03934302      0.02031431      0.28738772
                        0.16037880     -0.00288322      0.00566689
                        0.01708641     -0.01669637     -0.00109252
                        0.00996258     -0.02713999      0.04400448
                       -0.02332563      0.11805144     -0.00627937
                        0.00077238     -0.00735533     -0.00143078
                       -0.00243058     -0.00742050      0.00400031
                       -0.16449756      0.26846112     -0.00456066
                        0.00979462     -0.00527420     -0.00021542
     Channel =  10      0.00474933     -0.00479995      0.00000168
                       -0.00000742      0.01936876     -0.00481921
                        0.00000274     -0.04722684     -0.21039560
                        0.24589868     -0.00499326     -0.00325129
                       -0.22799098     -0.00000074      0.00403105
                        0.00000038      0.00476664      0.00006599
                       -0.01354593      0.01952344     -0.00004332
                       -0.00742039      0.00620467     -0.00004225
                       -0.00000208     -0.00435046     -0.31526128
                        0.00005533      0.01483816      0.03194465
     Channel =  11     -0.00052029      0.00038125      0.00038825
                       -0.00212898     -0.00162786     -0.00064751
                        0.00058738      0.00159426      0.01482518
                       -0.00344767     -0.00476262     -0.00959985
                       -0.01096744      0.00030348     -0.00233343
                        0.00050796     -0.00005010      0.15166804
                       -0.10786673      0.09082393      0.15336138
                       -0.18892123     -0.28248838     -0.11928103
                       -0.00906656     -0.00551182      0.01456373
                        0.00685114     -0.00859515      0.00892641
     Channel =  12      0.00001779     -0.00007135      0.00034747
                       -0.00190379     -0.00187374     -0.00039138
                        0.00052670     -0.00021949     -0.01470319
                       -0.01012182     -0.00406084     -0.00848084
                        0.00373909      0.00026835      0.00037359
                        0.00045361     -0.00290721      0.13551994
                       -0.14557657     -0.21444920      0.13736006
                       -0.11499879      0.25807680     -0.10884513
                       -0.00808917      0.00427370      0.00064577
                        0.00613209      0.01427304     -0.00159951
     Channel =  13     -0.00042614      0.00026805     -0.00045995
                        0.00252121     -0.00278994     -0.00084258
                       -0.00069960      0.00118149      0.00137311
                       -0.01036070      0.00583793      0.01111241
                       -0.00682945     -0.00035455     -0.00168974
                       -0.00059714     -0.00223510     -0.17844993
                       -0.20222915     -0.08472553     -0.18349062
                       -0.24499273     -0.04214428      0.14278504
                        0.01067529     -0.00143370      0.01279561
                       -0.00809777      0.00355329      0.00611265
     Channel =  14     -0.03827660      0.20449210     -0.20901758
                       -0.04015142      0.02630396      0.01535890
                        0.02320988     -0.04834846     -0.00747151
                       -0.00607370      0.00218026      0.00054559
                        0.00690814      0.10844768     -0.24930802
                        0.23437820      0.07179571     -0.00669412
                        0.00171935      0.00022727     -0.00001488
                       -0.00083471      0.00111220     -0.00358102
                       -0.04608254      0.00642654     -0.00695121
                        0.00905794      0.01041572     -0.00430270
     Channel =  15     -0.00900127      0.01899129      0.02233722
                       -0.20419400     -0.22659084      0.02437287
                       -0.06094849     -0.01501463     -0.01135267
                        0.02042613     -0.02291696     -0.00166555
                        0.01298747     -0.20704235     -0.05415654
                        0.08858538     -0.20105684     -0.00913789
                       -0.00754342      0.01087425      0.00152536
                        0.00518979      0.00112182     -0.00530995
                        0.02130791      0.10558215      0.00171007
                        0.08399875      0.01509934     -0.04432486
     Channel =  16     -0.00092626      0.00542058      0.00284024
                       -0.01100672     -0.00058040     -0.00418703
                        0.01417956      0.00222373      0.23863575
                        0.11254943      0.24899035     -0.12924527
                       -0.10629377     -0.02541016     -0.01608396
                        0.00728391     -0.01115247     -0.00829139
                        0.00336606     -0.01637362      0.00279955
                        0.00046177      0.01166091     -0.00600024
                       -0.01113988      0.00318448      0.00144357
                       -0.16358512     -0.22872284      0.07561868
     Channel =  17      0.00058920     -0.00034487      0.00017142
                       -0.00453898      0.01396767     -0.01690801
                       -0.01085944      0.00003594      0.00598319
                        0.19029504     -0.12848026     -0.25063721
                        0.21107373      0.02831325      0.00512518
                       -0.01148915      0.01747066     -0.00576307
                        0.00536562     -0.00169150     -0.01768322
                       -0.02025827     -0.00091487      0.00004522
                        0.00647055     -0.01927193     -0.02944097
                        0.15375638     -0.07750164     -0.22228793
     Channel =  18     -0.00035736      0.00168231     -0.00141655
                        0.00139120     -0.00207204     -0.00199896
                       -0.00073348      0.00161710      0.01575448
                       -0.00118910     -0.00344422      0.00944621
                        0.00975495      0.00431311      0.00459254
                       -0.00966301      0.02070458     -0.13605333
                       -0.18593369      0.21972689     -0.07559058
                        0.05880607      0.10342145     -0.27237145
                       -0.00099938      0.00157466      0.00897603
                       -0.00439892     -0.01100563     -0.00257274
     Channel =  19      0.00008967     -0.00026092      0.00100193
                       -0.00242707     -0.00072575     -0.00267708
                        0.00186287     -0.00061639     -0.00400570
                        0.01139184      0.00797628      0.00550587
                        0.00643980     -0.00504859     -0.00119686
                        0.00613973      0.00440350      0.20540844
                       -0.16104169     -0.13588698     -0.23194849
                        0.20064441     -0.11632662     -0.03917549
                       -0.00553266     -0.00489439     -0.00507536
                       -0.00442759     -0.00434242     -0.01163780
     Channel =  20     -0.00352572     -0.00054532      0.00000011
                        0.00000235     -0.00528082      0.00532636
                       -0.00000049     -0.00490286      0.00022983
                        0.00005701      0.00000009      0.00000911
                        0.00062748     -0.00000009      0.00021675
                        0.00000004     -0.00132112      0.00000023
                       -0.00006573      0.00004771      0.00000022
                        0.00007759     -0.00008440      0.00000043
                       -0.00000011      0.00289870      0.00046831
                       -0.00000130     -0.00048306     -0.00071112
     Channel =  21     -0.00101088      0.00456514     -0.00000140
                       -0.00000039      0.00012588      0.00014860
                       -0.00000000     -0.00054766      0.00864037
                        0.00016430     -0.00001362      0.00001583
                       -0.00034555      0.00000007     -0.00434936
                       -0.00000042      0.00089490     -0.00000059
                        0.00018107     -0.00026778      0.00000034
                        0.00002974      0.00014254     -0.00000054
                        0.00000002     -0.00005082     -0.00024980
                        0.00000042      0.00391801     -0.00190035
     Channel =  22     -0.00009710      0.00051175     -0.00055209
                        0.00263588     -0.00267018     -0.00282271
                       -0.00106799     -0.00009744      0.00002431
                       -0.00002971      0.00022794      0.00024956
                        0.00025036      0.00224108     -0.00090904
                       -0.00066711     -0.00239445     -0.00572916
                       -0.00765349     -0.00077083      0.00049972
                       -0.00015592     -0.00017063      0.00025606
                        0.00135214     -0.00139696      0.00015920
                       -0.00044937      0.00015524     -0.00029151
     Channel =  23     -0.00007521      0.00039687      0.00071237
                       -0.00340075     -0.00207077     -0.00218648
                        0.00137785     -0.00007551      0.00001977
                       -0.00003098     -0.00029188     -0.00031497
                        0.00020216     -0.00289318     -0.00070401
                        0.00086123     -0.00185446      0.00743945
                       -0.00589363     -0.00061279     -0.00065634
                       -0.00011353     -0.00013729     -0.00033375
                       -0.00174621     -0.00108177      0.00012303
                        0.00057979      0.00012038     -0.00022389
     Channel =  24      0.00001240     -0.00000463      0.00006659
                       -0.00021494      0.00018148     -0.00014704
                        0.00043953     -0.00014111     -0.00004011
                        0.00209893      0.00514765     -0.00114886
                       -0.00005598     -0.00059447      0.00000285
                        0.00017083      0.00008005     -0.00001776
                        0.00000343     -0.00000054      0.00002706
                       -0.00002755     -0.00001485      0.00003861
                       -0.00029675     -0.00011119     -0.00079814
                       -0.00238148     -0.00059282     -0.00044229
     Channel =  25      0.00003281     -0.00001242     -0.00002515
                        0.00008103      0.00048091     -0.00038888
                       -0.00016602     -0.00037323     -0.00013174
                        0.00525281     -0.00205998      0.00044052
                       -0.00015491      0.00022470      0.00000752
                       -0.00006461      0.00021159      0.00000666
                        0.00000940     -0.00000181     -0.00001055
                       -0.00007273     -0.00003994     -0.00001441
                        0.00011213     -0.00029422     -0.00211116
                        0.00089808     -0.00156773     -0.00123867

 Channel data will be written UNFORMATTED to set number  1 on unit number 10
 Header :e + CH4+ - singlet B2                                       20230406  101124.253

 Target state    Spin    M    G/U  Energy (au)
         1         2     1     0  -39.770864
         2         2     2     0  -39.770864
         3         2     3     0  -39.770862
         4         2     0     0  -39.409615

 Residual charge on system = 1

 Channel   Target state  L   M  Threshold (Ryd)
    1            1       1   0    0.000000
    2            1       2  -2    0.000000
    3            1       3   0    0.000000
    4            1       3   2    0.000000
    5            1       4  -4    0.000000
    6            1       4  -2    0.000000
    7            2       0   0    0.000000
    8            2       2   0    0.000000
    9            2       2   2    0.000000
   10            2       3  -2    0.000000
   11            2       4   0    0.000000
   12            2       4   2    0.000000
   13            2       4   4    0.000000
   14            3       1   1    0.000002
   15            3       2  -1    0.000002
   16            3       3   1    0.000002
   17            3       3   3    0.000002
   18            3       4  -3    0.000002
   19            3       4  -1    0.000002
   20            4       1  -1    0.722497
   21            4       2   1    0.722497
   22            4       3  -3    0.722497
   23            4       3  -1    0.722497
   24            4       4   1    0.722497
   25            4       4   3    0.722497

 R-matrix data will be written UNFORMATTED to set number  1 on unit number 21
 Header :e + CH4+ - singlet B2                                       20230406  101124.253


 *** Task has been successfully completed ***
