+-------------------------------------------------------------------------+
|              _              |                                           |
| || || ||//  | \          |  | University College London (C) 1994 - 2020 |
| || || ||    | / |/\/\ /\ |  | Open University           (C) 2007 - 2020 |
| \\_// ||\\  | \ | | | \/ |  |                                           |
|                             |                                           |
+-------------------------------------------------------------------------+
| Last revision: 3.2                                                      |
| Last author:   Jimena Gorfinkiel                                        |
| Last date:     Tue Dec 21 17:59:46 2021 +0000                           |
+-------------------------------------------------------------------------+


 PROGRAM SCATCI (19 Oct 2009) : 

                         DATE = 20230406

                         TIME = 101051.879


 CONGEN: e + CH4+ - singlet A                                                                                                    
 SCATCI: e + CH4+ - singlet A                                                                                                    
 MGVN =         0     S    =  0.0
 NELT =        10     SZ   =  0.0
 IDIAG=         2     R    =  0.0
 THRES=   0.1D-09     NSYM =    4
 MEGUL=710, NOCSF=      5172
 NPFLG         0   0   0   0   0   0
 NOB(i)=          63
 setting NOBE(i)=          63
 NOB(i)=          54
 setting NOBE(i)=          54
 NOB(i)=          54
 setting NOBE(i)=          54
 NOB(i)=          54
 setting NOBE(i)=          54
 NOB  =        63  54  54  54
 NOB0 =         3   2   2   2
 NOBC =         3   2   2   2
 NDTRF=         1   2   3   4   5   6 127 128 129 130
 NSRB=  450    LNDOF=    447196    LCDOF=     44860
 nfte =  810        nfti =    16       lembf=  5000       iodr =   1
 MOLECULE SYMMETRY CASE,  SYMTYP = 2

 Prototype CSF option requested

 CI target option requested,
 Vectors to be read from unit NFTG = 26
 Phases for target vectors read in from CONGEN

 Number of target symmetries in expansion,   NTGSYM =    4
 Number of continuum orbitals for each state, NOTGT =   60   52   52   52
 Number of CI components for each state,      NCTGT =       588       588       588       588
 Number of target states of each symmetry,   NUMTGT =    1    1    1    1
 Continuum M projection  for each state,      MCONT =    0    1    2    3

 Diagonalisation of Hamiltonian matrix requested
 SCATCI will expand NOCSF =   5172 prototype CSFs
               into MXCSF = 127476 actual configurations
               and  MOCSF =    684 dimension final Hamiltonian

 Number of last continuum CSF, NCONT =   4704
     ENERGY EXPRESSIONS COMPUTED FOR MOLECULE SYMMETRY CASE - SYMTYP=  2
 All IIII blocks of integrals
           1           0           0           0           0
           2           1           1           1           1
           3           2           2           2           2
           4           3           3           3           3
 All IJIJ blocks
           5           1           0           1           0
           6           2           0           2           0
           7           2           1           2           1
           8           3           0           3           0
           9           3           1           3           1
          10           3           2           3           2
 The IIJJ blocks of integrals
          11           1           1           0           0
          12           2           2           0           0
          13           2           2           1           1
          14           3           3           0           0
          15           3           3           1           1
          16           3           3           2           2
 The IJKL blocks
          17           3           0           2           1
          18           3           1           2           0
          19           3           2           1           0
 NOBE =        63        54        54        54
 MBAS =         0        55
 NBASH=         1      2017      3502      4987      6472
   Read wavefunctions from CONGEN and load integrals
                   I         N         G         M         S      MPOS      MCON
                   1         1         0         0         0         0         1
                   2         1         0         0         1         0         1
                   3         2         0         0         0         0         1
                   4         2         0         0         1         0         1
                   5         3         0         0         0         0         1
                   6         3         0         0         1         0         1
                   7         4         0         0         0         0         0
                   8         4         0         0         1         0         0
                   9         5         0         0         0         0         0
                  10         5         0         0         1         0         0
                  11         6         0         0         0         0         0
                  12         6         0         0         1         0         0
                  13         7         0         0         0         0         0
                  14         7         0         0         1         0         0
                  15         8         0         0         0         0         0
                  16         8         0         0         1         0         0
                  17         9         0         0         0         0         0
                  18         9         0         0         1         0         0
                  19        10         0         0         0         0         0
                  20        10         0         0         1         0         0
                  21        11         0         0         0         0         0
                  22        11         0         0         1         0         0
                  23        12         0         0         0         0         0
                  24        12         0         0         1         0         0
                  25        13         0         0         0         0         0
                  26        13         0         0         1         0         0
                  27        14         0         0         0         0         0
                  28        14         0         0         1         0         0
                  29        15         0         0         0         0         0
                  30        15         0         0         1         0         0
                  31        16         0         0         0         0         0
                  32        16         0         0         1         0         0
                  33        17         0         0         0         0         0
                  34        17         0         0         1         0         0
                  35        18         0         0         0         0         0
                  36        18         0         0         1         0         0
                  37        19         0         0         0         0         0
                  38        19         0         0         1         0         0
                  39        20         0         0         0         0         0
                  40        20         0         0         1         0         0
                  41        21         0         0         0         0         0
                  42        21         0         0         1         0         0
                  43        22         0         0         0         0         0
                  44        22         0         0         1         0         0
                  45        23         0         0         0         0         0
                  46        23         0         0         1         0         0
                  47        24         0         0         0         0         0
                  48        24         0         0         1         0         0
                  49        25         0         0         0         0         0
                  50        25         0         0         1         0         0
                  51        26         0         0         0         0         0
                  52        26         0         0         1         0         0
                  53        27         0         0         0         0         0
                  54        27         0         0         1         0         0
                  55        28         0         0         0         0         0
                  56        28         0         0         1         0         0
                  57        29         0         0         0         0         0
                  58        29         0         0         1         0         0
                  59        30         0         0         0         0         0
                  60        30         0         0         1         0         0
                  61        31         0         0         0         0         0
                  62        31         0         0         1         0         0
                  63        32         0         0         0         0         0
                  64        32         0         0         1         0         0
                  65        33         0         0         0         0         0
                  66        33         0         0         1         0         0
                  67        34         0         0         0         0         0
                  68        34         0         0         1         0         0
                  69        35         0         0         0         0         0
                  70        35         0         0         1         0         0
                  71        36         0         0         0         0         0
                  72        36         0         0         1         0         0
                  73        37         0         0         0         0         0
                  74        37         0         0         1         0         0
                  75        38         0         0         0         0         0
                  76        38         0         0         1         0         0
                  77        39         0         0         0         0         0
                  78        39         0         0         1         0         0
                  79        40         0         0         0         0         0
                  80        40         0         0         1         0         0
                  81        41         0         0         0         0         0
                  82        41         0         0         1         0         0
                  83        42         0         0         0         0         0
                  84        42         0         0         1         0         0
                  85        43         0         0         0         0         0
                  86        43         0         0         1         0         0
                  87        44         0         0         0         0         0
                  88        44         0         0         1         0         0
                  89        45         0         0         0         0         0
                  90        45         0         0         1         0         0
                  91        46         0         0         0         0         0
                  92        46         0         0         1         0         0
                  93        47         0         0         0         0         0
                  94        47         0         0         1         0         0
                  95        48         0         0         0         0         0
                  96        48         0         0         1         0         0
                  97        49         0         0         0         0         0
                  98        49         0         0         1         0         0
                  99        50         0         0         0         0         0
                 100        50         0         0         1         0         0
                 101        51         0         0         0         0         0
                 102        51         0         0         1         0         0
                 103        52         0         0         0         0         0
                 104        52         0         0         1         0         0
                 105        53         0         0         0         0         0
                 106        53         0         0         1         0         0
                 107        54         0         0         0         0         0
                 108        54         0         0         1         0         0
                 109        55         0         0         0         0         0
                 110        55         0         0         1         0         0
                 111        56         0         0         0         0         0
                 112        56         0         0         1         0         0
                 113        57         0         0         0         0         0
                 114        57         0         0         1         0         0
                 115        58         0         0         0         0         0
                 116        58         0         0         1         0         0
                 117        59         0         0         0         0         0
                 118        59         0         0         1         0         0
                 119        60         0         0         0         0         0
                 120        60         0         0         1         0         0
                 121        61         0         0         0         0         0
                 122        61         0         0         1         0         0
                 123        62         0         0         0         0         0
                 124        62         0         0         1         0         0
                 125        63         0         0         0         0         0
                 126        63         0         0         1         0         0
                 127        64         0         1         0         0         1
                 128        64         0         1         1         0         1
                 129        65         0         1         0         0         1
                 130        65         0         1         1         0         1
                 131        66         0         1         0         0         0
                 132        66         0         1         1         0         0
                 133        67         0         1         0         0         0
                 134        67         0         1         1         0         0
                 135        68         0         1         0         0         0
                 136        68         0         1         1         0         0
                 137        69         0         1         0         0         0
                 138        69         0         1         1         0         0
                 139        70         0         1         0         0         0
                 140        70         0         1         1         0         0
                 141        71         0         1         0         0         0
                 142        71         0         1         1         0         0
                 143        72         0         1         0         0         0
                 144        72         0         1         1         0         0
                 145        73         0         1         0         0         0
                 146        73         0         1         1         0         0
                 147        74         0         1         0         0         0
                 148        74         0         1         1         0         0
                 149        75         0         1         0         0         0
                 150        75         0         1         1         0         0
                 151        76         0         1         0         0         0
                 152        76         0         1         1         0         0
                 153        77         0         1         0         0         0
                 154        77         0         1         1         0         0
                 155        78         0         1         0         0         0
                 156        78         0         1         1         0         0
                 157        79         0         1         0         0         0
                 158        79         0         1         1         0         0
                 159        80         0         1         0         0         0
                 160        80         0         1         1         0         0
                 161        81         0         1         0         0         0
                 162        81         0         1         1         0         0
                 163        82         0         1         0         0         0
                 164        82         0         1         1         0         0
                 165        83         0         1         0         0         0
                 166        83         0         1         1         0         0
                 167        84         0         1         0         0         0
                 168        84         0         1         1         0         0
                 169        85         0         1         0         0         0
                 170        85         0         1         1         0         0
                 171        86         0         1         0         0         0
                 172        86         0         1         1         0         0
                 173        87         0         1         0         0         0
                 174        87         0         1         1         0         0
                 175        88         0         1         0         0         0
                 176        88         0         1         1         0         0
                 177        89         0         1         0         0         0
                 178        89         0         1         1         0         0
                 179        90         0         1         0         0         0
                 180        90         0         1         1         0         0
                 181        91         0         1         0         0         0
                 182        91         0         1         1         0         0
                 183        92         0         1         0         0         0
                 184        92         0         1         1         0         0
                 185        93         0         1         0         0         0
                 186        93         0         1         1         0         0
                 187        94         0         1         0         0         0
                 188        94         0         1         1         0         0
                 189        95         0         1         0         0         0
                 190        95         0         1         1         0         0
                 191        96         0         1         0         0         0
                 192        96         0         1         1         0         0
                 193        97         0         1         0         0         0
                 194        97         0         1         1         0         0
                 195        98         0         1         0         0         0
                 196        98         0         1         1         0         0
                 197        99         0         1         0         0         0
                 198        99         0         1         1         0         0
                 199       100         0         1         0         0         0
                 200       100         0         1         1         0         0
                 201       101         0         1         0         0         0
                 202       101         0         1         1         0         0
                 203       102         0         1         0         0         0
                 204       102         0         1         1         0         0
                 205       103         0         1         0         0         0
                 206       103         0         1         1         0         0
                 207       104         0         1         0         0         0
                 208       104         0         1         1         0         0
                 209       105         0         1         0         0         0
                 210       105         0         1         1         0         0
                 211       106         0         1         0         0         0
                 212       106         0         1         1         0         0
                 213       107         0         1         0         0         0
                 214       107         0         1         1         0         0
                 215       108         0         1         0         0         0
                 216       108         0         1         1         0         0
                 217       109         0         1         0         0         0
                 218       109         0         1         1         0         0
                 219       110         0         1         0         0         0
                 220       110         0         1         1         0         0
                 221       111         0         1         0         0         0
                 222       111         0         1         1         0         0
                 223       112         0         1         0         0         0
                 224       112         0         1         1         0         0
                 225       113         0         1         0         0         0
                 226       113         0         1         1         0         0
                 227       114         0         1         0         0         0
                 228       114         0         1         1         0         0
                 229       115         0         1         0         0         0
                 230       115         0         1         1         0         0
                 231       116         0         1         0         0         0
                 232       116         0         1         1         0         0
                 233       117         0         1         0         0         0
                 234       117         0         1         1         0         0
                 235       118         0         2         0         0         1
                 236       118         0         2         1         0         1
                 237       119         0         2         0         0         1
                 238       119         0         2         1         0         1
                 239       120         0         2         0         0         0
                 240       120         0         2         1         0         0
                 241       121         0         2         0         0         0
                 242       121         0         2         1         0         0
                 243       122         0         2         0         0         0
                 244       122         0         2         1         0         0
                 245       123         0         2         0         0         0
                 246       123         0         2         1         0         0
                 247       124         0         2         0         0         0
                 248       124         0         2         1         0         0
                 249       125         0         2         0         0         0
                 250       125         0         2         1         0         0
                 251       126         0         2         0         0         0
                 252       126         0         2         1         0         0
                 253       127         0         2         0         0         0
                 254       127         0         2         1         0         0
                 255       128         0         2         0         0         0
                 256       128         0         2         1         0         0
                 257       129         0         2         0         0         0
                 258       129         0         2         1         0         0
                 259       130         0         2         0         0         0
                 260       130         0         2         1         0         0
                 261       131         0         2         0         0         0
                 262       131         0         2         1         0         0
                 263       132         0         2         0         0         0
                 264       132         0         2         1         0         0
                 265       133         0         2         0         0         0
                 266       133         0         2         1         0         0
                 267       134         0         2         0         0         0
                 268       134         0         2         1         0         0
                 269       135         0         2         0         0         0
                 270       135         0         2         1         0         0
                 271       136         0         2         0         0         0
                 272       136         0         2         1         0         0
                 273       137         0         2         0         0         0
                 274       137         0         2         1         0         0
                 275       138         0         2         0         0         0
                 276       138         0         2         1         0         0
                 277       139         0         2         0         0         0
                 278       139         0         2         1         0         0
                 279       140         0         2         0         0         0
                 280       140         0         2         1         0         0
                 281       141         0         2         0         0         0
                 282       141         0         2         1         0         0
                 283       142         0         2         0         0         0
                 284       142         0         2         1         0         0
                 285       143         0         2         0         0         0
                 286       143         0         2         1         0         0
                 287       144         0         2         0         0         0
                 288       144         0         2         1         0         0
                 289       145         0         2         0         0         0
                 290       145         0         2         1         0         0
                 291       146         0         2         0         0         0
                 292       146         0         2         1         0         0
                 293       147         0         2         0         0         0
                 294       147         0         2         1         0         0
                 295       148         0         2         0         0         0
                 296       148         0         2         1         0         0
                 297       149         0         2         0         0         0
                 298       149         0         2         1         0         0
                 299       150         0         2         0         0         0
                 300       150         0         2         1         0         0
                 301       151         0         2         0         0         0
                 302       151         0         2         1         0         0
                 303       152         0         2         0         0         0
                 304       152         0         2         1         0         0
                 305       153         0         2         0         0         0
                 306       153         0         2         1         0         0
                 307       154         0         2         0         0         0
                 308       154         0         2         1         0         0
                 309       155         0         2         0         0         0
                 310       155         0         2         1         0         0
                 311       156         0         2         0         0         0
                 312       156         0         2         1         0         0
                 313       157         0         2         0         0         0
                 314       157         0         2         1         0         0
                 315       158         0         2         0         0         0
                 316       158         0         2         1         0         0
                 317       159         0         2         0         0         0
                 318       159         0         2         1         0         0
                 319       160         0         2         0         0         0
                 320       160         0         2         1         0         0
                 321       161         0         2         0         0         0
                 322       161         0         2         1         0         0
                 323       162         0         2         0         0         0
                 324       162         0         2         1         0         0
                 325       163         0         2         0         0         0
                 326       163         0         2         1         0         0
                 327       164         0         2         0         0         0
                 328       164         0         2         1         0         0
                 329       165         0         2         0         0         0
                 330       165         0         2         1         0         0
                 331       166         0         2         0         0         0
                 332       166         0         2         1         0         0
                 333       167         0         2         0         0         0
                 334       167         0         2         1         0         0
                 335       168         0         2         0         0         0
                 336       168         0         2         1         0         0
                 337       169         0         2         0         0         0
                 338       169         0         2         1         0         0
                 339       170         0         2         0         0         0
                 340       170         0         2         1         0         0
                 341       171         0         2         0         0         0
                 342       171         0         2         1         0         0
                 343       172         0         3         0         0         1
                 344       172         0         3         1         0         1
                 345       173         0         3         0         0         1
                 346       173         0         3         1         0         1
                 347       174         0         3         0         0         0
                 348       174         0         3         1         0         0
                 349       175         0         3         0         0         0
                 350       175         0         3         1         0         0
                 351       176         0         3         0         0         0
                 352       176         0         3         1         0         0
                 353       177         0         3         0         0         0
                 354       177         0         3         1         0         0
                 355       178         0         3         0         0         0
                 356       178         0         3         1         0         0
                 357       179         0         3         0         0         0
                 358       179         0         3         1         0         0
                 359       180         0         3         0         0         0
                 360       180         0         3         1         0         0
                 361       181         0         3         0         0         0
                 362       181         0         3         1         0         0
                 363       182         0         3         0         0         0
                 364       182         0         3         1         0         0
                 365       183         0         3         0         0         0
                 366       183         0         3         1         0         0
                 367       184         0         3         0         0         0
                 368       184         0         3         1         0         0
                 369       185         0         3         0         0         0
                 370       185         0         3         1         0         0
                 371       186         0         3         0         0         0
                 372       186         0         3         1         0         0
                 373       187         0         3         0         0         0
                 374       187         0         3         1         0         0
                 375       188         0         3         0         0         0
                 376       188         0         3         1         0         0
                 377       189         0         3         0         0         0
                 378       189         0         3         1         0         0
                 379       190         0         3         0         0         0
                 380       190         0         3         1         0         0
                 381       191         0         3         0         0         0
                 382       191         0         3         1         0         0
                 383       192         0         3         0         0         0
                 384       192         0         3         1         0         0
                 385       193         0         3         0         0         0
                 386       193         0         3         1         0         0
                 387       194         0         3         0         0         0
                 388       194         0         3         1         0         0
                 389       195         0         3         0         0         0
                 390       195         0         3         1         0         0
                 391       196         0         3         0         0         0
                 392       196         0         3         1         0         0
                 393       197         0         3         0         0         0
                 394       197         0         3         1         0         0
                 395       198         0         3         0         0         0
                 396       198         0         3         1         0         0
                 397       199         0         3         0         0         0
                 398       199         0         3         1         0         0
                 399       200         0         3         0         0         0
                 400       200         0         3         1         0         0
                 401       201         0         3         0         0         0
                 402       201         0         3         1         0         0
                 403       202         0         3         0         0         0
                 404       202         0         3         1         0         0
                 405       203         0         3         0         0         0
                 406       203         0         3         1         0         0
                 407       204         0         3         0         0         0
                 408       204         0         3         1         0         0
                 409       205         0         3         0         0         0
                 410       205         0         3         1         0         0
                 411       206         0         3         0         0         0
                 412       206         0         3         1         0         0
                 413       207         0         3         0         0         0
                 414       207         0         3         1         0         0
                 415       208         0         3         0         0         0
                 416       208         0         3         1         0         0
                 417       209         0         3         0         0         0
                 418       209         0         3         1         0         0
                 419       210         0         3         0         0         0
                 420       210         0         3         1         0         0
                 421       211         0         3         0         0         0
                 422       211         0         3         1         0         0
                 423       212         0         3         0         0         0
                 424       212         0         3         1         0         0
                 425       213         0         3         0         0         0
                 426       213         0         3         1         0         0
                 427       214         0         3         0         0         0
                 428       214         0         3         1         0         0
                 429       215         0         3         0         0         0
                 430       215         0         3         1         0         0
                 431       216         0         3         0         0         0
                 432       216         0         3         1         0         0
                 433       217         0         3         0         0         0
                 434       217         0         3         1         0         0
                 435       218         0         3         0         0         0
                 436       218         0         3         1         0         0
                 437       219         0         3         0         0         0
                 438       219         0         3         1         0         0
                 439       220         0         3         0         0         0
                 440       220         0         3         1         0         0
                 441       221         0         3         0         0         0
                 442       221         0         3         1         0         0
                 443       222         0         3         0         0         0
                 444       222         0         3         1         0         0
                 445       223         0         3         0         0         0
                 446       223         0         3         1         0         0
                 447       224         0         3         0         0         0
                 448       224         0         3         1         0         0
                 449       225         0         3         0         0         0
                 450       225         0         3         1         0         0
 GIVEN NSRBD=         450
 CALCULATED NSRB=         450

          Assuming UKRMol+ integrals on input.

 On input SCATCI expects:
 1-electron integrals, NINT1e =0
 2-electron integrals, NINT2e =0

One electron integrals read-in.

Two electron integrals read-in.

 UKRMol+ integrals read successfully:
 1-electron integrals, NINT1e =25425
 2-electron integrals, NINT2e =759753

          Nuclear repulsion energy =      13.4724689

          Finished reading UKRMol+ integrals.
   Load CI target and construct matrix elements

 TRANSFORMATION VECTOR   1 FROM SET  1 STATE  1
 SET   1    CH4+ CI calculation - doublet A                                                                                         
          NOCSF=  588    NSTAT=    1    NNUC =    6

 Nuclear data     X         Y         Z       Charge
   C  1        0.000000  0.000000  0.000000  6.000000
   H  2        1.185952  1.185952  1.185957  1.000000
   H  2       -1.185952 -1.185952  1.185957  1.000000
   H  2       -1.185952  1.185952 -1.185957  1.000000
   H  2        1.185952 -1.185952 -1.185957  1.000000
   sc 3        0.000000  0.000000  0.000000  0.000000
          EIGEN-ENERGIES OF THE REQ. STATES
                      -39.4096151656

 TRANSFORMATION VECTOR   2 FROM SET  2 STATE  1
 SET   2    CH4+ CI calculation - doublet B3                                                                                        
          NOCSF=  588    NSTAT=    1    NNUC =    6

 Nuclear data     X         Y         Z       Charge
   C  1        0.000000  0.000000  0.000000  6.000000
   H  2        1.185952  1.185952  1.185957  1.000000
   H  2       -1.185952 -1.185952  1.185957  1.000000
   H  2       -1.185952  1.185952 -1.185957  1.000000
   H  2        1.185952 -1.185952 -1.185957  1.000000
   sc 3        0.000000  0.000000  0.000000  0.000000
          EIGEN-ENERGIES OF THE REQ. STATES
                      -39.7708635684

 TRANSFORMATION VECTOR   3 FROM SET  3 STATE  1
 SET   3    CH4+ CI calculation - doublet B2                                                                                        
          NOCSF=  588    NSTAT=    1    NNUC =    6

 Nuclear data     X         Y         Z       Charge
   C  1        0.000000  0.000000  0.000000  6.000000
   H  2        1.185952  1.185952  1.185957  1.000000
   H  2       -1.185952 -1.185952  1.185957  1.000000
   H  2       -1.185952  1.185952 -1.185957  1.000000
   H  2        1.185952 -1.185952 -1.185957  1.000000
   sc 3        0.000000  0.000000  0.000000  0.000000
          EIGEN-ENERGIES OF THE REQ. STATES
                      -39.7708635678

 TRANSFORMATION VECTOR   4 FROM SET  4 STATE  1
 SET   4    CH4+ CI calculation - doublet B1                                                                                        
          NOCSF=  588    NSTAT=    1    NNUC =    6

 Nuclear data     X         Y         Z       Charge
   C  1        0.000000  0.000000  0.000000  6.000000
   H  2        1.185952  1.185952  1.185957  1.000000
   H  2       -1.185952 -1.185952  1.185957  1.000000
   H  2       -1.185952  1.185952 -1.185957  1.000000
   H  2        1.185952 -1.185952 -1.185957  1.000000
   sc 3        0.000000  0.000000  0.000000  0.000000
          EIGEN-ENERGIES OF THE REQ. STATES
                      -39.7708623922
     MXCORB SET TO:       100000000


 TOTAL H Matrix     ELEMENTS      =    234270
 NON-ZERO ELEMENTS evaluated      =    146943
 Total    prototype ELEMENTS      =  13377378
 Non-zero prototype ELEMENTS      =     24306

 Number (prototype) integrals     =    450990
 Compressed (prototype) integrals =    152428
 Number integrals evaluated       =   5242168
 ===================================================
  inside subroutine --> 'dgmain' --> begins. 


  ************************************************************************************************************************

 MATRIX DIAGONALIZATION SECTION
 (RUN)     CH4+ CI calculation - singlet A                                                                                         
  DATA SET FILE NUMBERS AND LENGTH SPECIFICATIONS :
      NFTE =810      NFTW =     25

 NPFLG :      0     0
 NCISET:      1

 NPCVC =    1
 THRHM = 0.10D-14


 (EMX)     e + CH4+ - singlet A                                                                                                    

   684 Eigenvectors to be computed for
   684 dimensional final Hamiltonian matrix

    146943 Hamiltonian elements read from unit NFTE =810
 CI data stored as set number  1

 SET   1    CH4+ CI calculation - singlet A                                                                                         

 MGVN = 0    s =   0.0    sz =   0.0    NELT =   10    NNUC =  6

 Nuclear data     X         Y         Z       Charge
   C  1        0.000000  0.000000  0.000000  6.000000
   H  2        1.185952  1.185952  1.185957  1.000000
   H  2       -1.185952 -1.185952  1.185957  1.000000
   H  2       -1.185952  1.185952 -1.185957  1.000000
   H  2        1.185952 -1.185952 -1.185957  1.000000
   sc 3        0.000000  0.000000  0.000000  0.000000

 NOCSF=  684    NSTAT=  684    EN   =       13.4724688803

 NTGSYM=   4
  I   MCONT  NOTGT
  1      0     60
  2      1     52
  3      2     52
  4      3     52

 EIGEN-ENERGIES
                      -40.2904691106      -39.8710088518      -39.8710086790      -39.8631473567      -39.8348717219
                      -39.8338207376      -39.8338196074      -39.7741742660      -39.7741716423      -39.7731378912
                      -39.7731350844      -39.7723955627      -39.7707754764      -39.7381204551      -39.7381200666
                      -39.7254126784      -39.7232047164      -39.7232026919      -39.7091050729      -39.7081591003
                      -39.7081537645      -39.7064289345      -39.7063440712      -39.7063438829      -39.6855235072
                      -39.5728530127      -39.5728480515      -39.5700899889      -39.5700896221      -39.5674346793
                      -39.5632668614      -39.5399688800      -39.5170763859      -39.5170757380      -39.5020306913
                      -39.4690639194      -39.4690599817      -39.4467341803      -39.4467330708      -39.4420817843
                      -39.4379656447      -39.4379618665      -39.4337507544      -39.4334075818      -39.4334075609
                      -39.4209509738      -39.4101913577      -39.3639587924      -39.3463420236      -39.3463418818
                      -39.3462440316      -39.3375631762      -39.3375581750      -39.2671538231      -39.2671509757
                      -39.2582612271      -39.2550828746      -39.2550821362      -39.2531938755      -39.2227264153
                      -39.1721619051      -39.1721592252      -39.1662198699      -39.1390586669      -39.0906087777
                      -39.0906048211      -39.0757382177      -39.0750500236      -39.0750493666      -39.0745208820
                      -39.0730116631      -39.0730073994      -39.0620082169      -39.0620075700      -39.0617582336
                      -39.0445266793      -39.0445256759      -38.9721164421      -38.9438025227      -38.8581029146
                      -38.8581003563      -38.8524716749      -38.8429678873      -38.8417602931      -38.8417592482
                      -38.8152719276      -38.7389503309      -38.7317009667      -38.7317007614      -38.7234734307
                      -38.7234725136      -38.7044885518      -38.7044877822      -38.7017955718      -38.6993205743
                      -38.6993196022      -38.6982580024      -38.6674134911      -38.6674115594      -38.6220620195
                      -38.6097456789      -38.6097414581      -38.6014079994      -38.5863699497      -38.5863696184
                      -38.5857908665      -38.5684156213      -38.5480035337      -38.5344421786      -38.5344411398
                      -38.4875485258      -38.4875479540      -38.4739339220      -38.4438704319      -38.4438701500
                      -38.4419013428      -38.4328801152      -38.3971660503      -38.3731637634      -38.3731635110
                      -38.3414258607      -38.3414208087      -38.3250711955      -38.3250695781      -38.3214508460
                      -38.3211303234      -38.3109929004      -38.3109913973      -38.2994960845      -38.2994953505
                      -38.2595063095      -38.2595035422      -38.2478897128      -38.2300093167      -38.2300065079
                      -38.1989118894      -38.1797380407      -38.1532362747      -38.1532351389      -38.1520461407
                      -38.1327874461      -38.1327868383      -38.1027781710      -38.0837433409      -38.0698820964
                      -38.0698814075      -38.0307505662      -38.0242213724      -38.0222572378      -38.0222515901
                      -38.0134290329      -38.0134274172      -37.9921761886      -37.9921748757      -37.9885964432
                      -37.9878465104      -37.9878424755      -37.9874826856      -37.9563155836      -37.8828119533
                      -37.8060360904      -37.8060352797      -37.7919159825      -37.7595863435      -37.7595862062
                      -37.7484848721      -37.7461506709      -37.7278921374      -37.7278893519      -37.7173309305
                      -37.7173237800      -37.6990146159      -37.6957927798      -37.6957925897      -37.6789791930
                      -37.6789621593      -37.6744915061      -37.6744744095      -37.6688980027      -37.6668511680
                      -37.6492732729      -37.6457644241      -37.6457602603      -37.6387707989      -37.6345341706
                      -37.6345305262      -37.6315057538      -37.6314960940      -37.6314811855      -37.6269730450
                      -37.6269711261      -37.5865488136      -37.5833447309      -37.5756246497      -37.5756245151
                      -37.5625994494      -37.5366275538      -37.5366275494      -37.5102003116      -37.5058329566
                      -37.5058326284      -37.4881042874      -37.4731899860      -37.4731894275      -37.4590097949
                      -37.4399177480      -37.4273716804      -37.4228123722      -37.4228115279      -37.4129551441
                      -37.4126894045      -37.4126892816      -37.3970253639      -37.3970247259      -37.3716810015
                      -37.3585036355      -37.3585034563      -37.3533374058      -37.3312444614      -37.3241041057
                      -37.3241039324      -37.3101362914      -37.2911384064      -37.2597301262      -37.2597275050
                      -37.2590704401      -37.2558438717      -37.2558379685      -37.2462839906      -37.2462839387
                      -37.2303342120      -37.2166404167      -37.2166403918      -37.2130151006      -37.2091443016
                      -37.1996832202      -37.1996824372      -37.1856444524      -37.1799338056      -37.1799334802
                      -37.1759933621      -37.1758051301      -37.1757955196      -37.1751950753      -37.1587193750
                      -37.1364319422      -37.1364315116      -37.1205363393      -37.1135642835      -37.1100025470
                      -37.1100017445      -37.0958527696      -37.0872865133      -37.0872864028      -37.0826866642
                      -37.0781633160      -37.0781631420      -37.0512341931      -37.0512336132      -37.0494126512
                      -37.0413944586      -37.0413934275      -37.0366691827      -37.0366688211      -37.0045480622
                      -37.0045479079      -36.9925428382      -36.9757535783      -36.9737565240      -36.9737559491
                      -36.9417460243      -36.9417455630      -36.9176460338      -36.9073748989      -36.9051042632
                      -36.9051033470      -36.9021025794      -36.9021019619      -36.8977927742      -36.8584006196
                      -36.8572167092      -36.8501284752      -36.8501278075      -36.8476327479      -36.8340201564
                      -36.8236490284      -36.8236251535      -36.8203733806      -36.8203716445      -36.8082366114
                      -36.8082350749      -36.7925504660      -36.7920857868      -36.7920820662      -36.7869083346
                      -36.7868288220      -36.7842579651      -36.7699383807      -36.7609923161      -36.7609551843
                      -36.7577430236      -36.7571118827      -36.7571118695      -36.7542985385      -36.7390524113
                      -36.7314649789      -36.7314642391      -36.7157339338      -36.7157338301      -36.7098005486
                      -36.7056056645      -36.7056049084      -36.7044030738      -36.6963903105      -36.6963893694
                      -36.6929382626      -36.6929300861      -36.6741067731      -36.6737626853      -36.6737626198
                      -36.6654249045      -36.6365451853      -36.6337424710      -36.6337424651      -36.6255594958
                      -36.6244772855      -36.6244772296      -36.6235643653      -36.5931336081      -36.5931323926
                      -36.5811974470      -36.5811972755      -36.5747970774      -36.5453048082      -36.5453047064
                      -36.5111548681      -36.5111545130      -36.5067267045      -36.5064652322      -36.5056327419
                      -36.5031104178      -36.5031095486      -36.4881315376      -36.4764430578      -36.4708098709
                      -36.4708097483      -36.4674986311      -36.4632762739      -36.4626855867      -36.4527560802
                      -36.4527560772      -36.4459597094      -36.4459594199      -36.4086494940      -36.4037921273
                      -36.4037910060      -36.3925451151      -36.3925443079      -36.3906188006      -36.3906186459
                      -36.3833290850      -36.3716868665      -36.3697243832      -36.3697236780      -36.3542750753
                      -36.3399074338      -36.3399072524      -36.3195902523      -36.3195901384      -36.3135001468
                      -36.3117347250      -36.3112157430      -36.3112152750      -36.2996017335      -36.2914439922
                      -36.2887067431      -36.2887066749      -36.2701683560      -36.2701681330      -36.2566694517
                      -36.2470808180      -36.2470807036      -36.2335020500      -36.2335019896      -36.2297016361
                      -36.2285934678      -36.2166055985      -36.2166046163      -36.2155909756      -36.2112447135
                      -36.2112441048      -36.2051475299      -36.2012310435      -36.2012308682      -36.1908037120
                      -36.1902791118      -36.1755994650      -36.1755992218      -36.1669679550      -36.1567117178
