+-------------------------------------------------------------------------+
|              _              |                                           |
| || || ||//  | \          |  | University College London (C) 1994 - 2020 |
| || || ||    | / |/\/\ /\ |  | Open University           (C) 2007 - 2020 |
| \\_// ||\\  | \ | | | \/ |  |                                           |
|                             |                                           |
+-------------------------------------------------------------------------+
| Last revision: 3.2                                                      |
| Last author:   Jimena Gorfinkiel                                        |
| Last date:     Tue Dec 21 17:59:46 2021 +0000                           |
+-------------------------------------------------------------------------+


 PROGRAM SCATCI (19 Oct 2009) : 

                         DATE = 20230406

                         TIME = 101103.381


 CONGEN: e + CH4+ - singlet B3                                                                                                   
 SCATCI: e + CH4+ - singlet B3                                                                                                   
 MGVN =         1     S    =  0.0
 NELT =        10     SZ   =  0.0
 IDIAG=         2     R    =  0.0
 THRES=   0.1D-09     NSYM =    4
 MEGUL=711, NOCSF=      5136
 NPFLG         0   0   0   0   0   0
 NOB(i)=          63
 setting NOBE(i)=          63
 NOB(i)=          54
 setting NOBE(i)=          54
 NOB(i)=          54
 setting NOBE(i)=          54
 NOB(i)=          54
 setting NOBE(i)=          54
 NOB  =        63  54  54  54
 NOB0 =         3   2   2   2
 NOBC =         3   2   2   2
 NDTRF=         1   2   3   4   5   6 127 128 235 344
 NSRB=  450    LNDOF=    444720    LCDOF=     44640
 nfte =  811        nfti =    16       lembf=  5000       iodr =   1
 MOLECULE SYMMETRY CASE,  SYMTYP = 2

 Prototype CSF option requested

 CI target option requested,
 Vectors to be read from unit NFTG = 26
 Phases for target vectors read in from CONGEN

 Number of target symmetries in expansion,   NTGSYM =    4
 Number of continuum orbitals for each state, NOTGT =   52   60   52   52
 Number of CI components for each state,      NCTGT =       588       588       588       588
 Number of target states of each symmetry,   NUMTGT =    1    1    1    1
 Continuum M projection  for each state,      MCONT =    1    0    3    2

 Diagonalisation of Hamiltonian matrix requested
 SCATCI will expand NOCSF =   5136 prototype CSFs
               into MXCSF = 127440 actual configurations
               and  MOCSF =    648 dimension final Hamiltonian

 Number of last continuum CSF, NCONT =   4704
     ENERGY EXPRESSIONS COMPUTED FOR MOLECULE SYMMETRY CASE - SYMTYP=  2
 All IIII blocks of integrals
           1           0           0           0           0
           2           1           1           1           1
           3           2           2           2           2
           4           3           3           3           3
 All IJIJ blocks
           5           1           0           1           0
           6           2           0           2           0
           7           2           1           2           1
           8           3           0           3           0
           9           3           1           3           1
          10           3           2           3           2
 The IIJJ blocks of integrals
          11           1           1           0           0
          12           2           2           0           0
          13           2           2           1           1
          14           3           3           0           0
          15           3           3           1           1
          16           3           3           2           2
 The IJKL blocks
          17           3           0           2           1
          18           3           1           2           0
          19           3           2           1           0
 NOBE =        63        54        54        54
 MBAS =         0        55
 NBASH=         1      2017      3502      4987      6472
   Read wavefunctions from CONGEN and load integrals
                   I         N         G         M         S      MPOS      MCON
                   1         1         0         0         0         0         1
                   2         1         0         0         1         0         1
                   3         2         0         0         0         0         1
                   4         2         0         0         1         0         1
                   5         3         0         0         0         0         1
                   6         3         0         0         1         0         1
                   7         4         0         0         0         0         0
                   8         4         0         0         1         0         0
                   9         5         0         0         0         0         0
                  10         5         0         0         1         0         0
                  11         6         0         0         0         0         0
                  12         6         0         0         1         0         0
                  13         7         0         0         0         0         0
                  14         7         0         0         1         0         0
                  15         8         0         0         0         0         0
                  16         8         0         0         1         0         0
                  17         9         0         0         0         0         0
                  18         9         0         0         1         0         0
                  19        10         0         0         0         0         0
                  20        10         0         0         1         0         0
                  21        11         0         0         0         0         0
                  22        11         0         0         1         0         0
                  23        12         0         0         0         0         0
                  24        12         0         0         1         0         0
                  25        13         0         0         0         0         0
                  26        13         0         0         1         0         0
                  27        14         0         0         0         0         0
                  28        14         0         0         1         0         0
                  29        15         0         0         0         0         0
                  30        15         0         0         1         0         0
                  31        16         0         0         0         0         0
                  32        16         0         0         1         0         0
                  33        17         0         0         0         0         0
                  34        17         0         0         1         0         0
                  35        18         0         0         0         0         0
                  36        18         0         0         1         0         0
                  37        19         0         0         0         0         0
                  38        19         0         0         1         0         0
                  39        20         0         0         0         0         0
                  40        20         0         0         1         0         0
                  41        21         0         0         0         0         0
                  42        21         0         0         1         0         0
                  43        22         0         0         0         0         0
                  44        22         0         0         1         0         0
                  45        23         0         0         0         0         0
                  46        23         0         0         1         0         0
                  47        24         0         0         0         0         0
                  48        24         0         0         1         0         0
                  49        25         0         0         0         0         0
                  50        25         0         0         1         0         0
                  51        26         0         0         0         0         0
                  52        26         0         0         1         0         0
                  53        27         0         0         0         0         0
                  54        27         0         0         1         0         0
                  55        28         0         0         0         0         0
                  56        28         0         0         1         0         0
                  57        29         0         0         0         0         0
                  58        29         0         0         1         0         0
                  59        30         0         0         0         0         0
                  60        30         0         0         1         0         0
                  61        31         0         0         0         0         0
                  62        31         0         0         1         0         0
                  63        32         0         0         0         0         0
                  64        32         0         0         1         0         0
                  65        33         0         0         0         0         0
                  66        33         0         0         1         0         0
                  67        34         0         0         0         0         0
                  68        34         0         0         1         0         0
                  69        35         0         0         0         0         0
                  70        35         0         0         1         0         0
                  71        36         0         0         0         0         0
                  72        36         0         0         1         0         0
                  73        37         0         0         0         0         0
                  74        37         0         0         1         0         0
                  75        38         0         0         0         0         0
                  76        38         0         0         1         0         0
                  77        39         0         0         0         0         0
                  78        39         0         0         1         0         0
                  79        40         0         0         0         0         0
                  80        40         0         0         1         0         0
                  81        41         0         0         0         0         0
                  82        41         0         0         1         0         0
                  83        42         0         0         0         0         0
                  84        42         0         0         1         0         0
                  85        43         0         0         0         0         0
                  86        43         0         0         1         0         0
                  87        44         0         0         0         0         0
                  88        44         0         0         1         0         0
                  89        45         0         0         0         0         0
                  90        45         0         0         1         0         0
                  91        46         0         0         0         0         0
                  92        46         0         0         1         0         0
                  93        47         0         0         0         0         0
                  94        47         0         0         1         0         0
                  95        48         0         0         0         0         0
                  96        48         0         0         1         0         0
                  97        49         0         0         0         0         0
                  98        49         0         0         1         0         0
                  99        50         0         0         0         0         0
                 100        50         0         0         1         0         0
                 101        51         0         0         0         0         0
                 102        51         0         0         1         0         0
                 103        52         0         0         0         0         0
                 104        52         0         0         1         0         0
                 105        53         0         0         0         0         0
                 106        53         0         0         1         0         0
                 107        54         0         0         0         0         0
                 108        54         0         0         1         0         0
                 109        55         0         0         0         0         0
                 110        55         0         0         1         0         0
                 111        56         0         0         0         0         0
                 112        56         0         0         1         0         0
                 113        57         0         0         0         0         0
                 114        57         0         0         1         0         0
                 115        58         0         0         0         0         0
                 116        58         0         0         1         0         0
                 117        59         0         0         0         0         0
                 118        59         0         0         1         0         0
                 119        60         0         0         0         0         0
                 120        60         0         0         1         0         0
                 121        61         0         0         0         0         0
                 122        61         0         0         1         0         0
                 123        62         0         0         0         0         0
                 124        62         0         0         1         0         0
                 125        63         0         0         0         0         0
                 126        63         0         0         1         0         0
                 127        64         0         1         0         0         1
                 128        64         0         1         1         0         1
                 129        65         0         1         0         0         1
                 130        65         0         1         1         0         1
                 131        66         0         1         0         0         0
                 132        66         0         1         1         0         0
                 133        67         0         1         0         0         0
                 134        67         0         1         1         0         0
                 135        68         0         1         0         0         0
                 136        68         0         1         1         0         0
                 137        69         0         1         0         0         0
                 138        69         0         1         1         0         0
                 139        70         0         1         0         0         0
                 140        70         0         1         1         0         0
                 141        71         0         1         0         0         0
                 142        71         0         1         1         0         0
                 143        72         0         1         0         0         0
                 144        72         0         1         1         0         0
                 145        73         0         1         0         0         0
                 146        73         0         1         1         0         0
                 147        74         0         1         0         0         0
                 148        74         0         1         1         0         0
                 149        75         0         1         0         0         0
                 150        75         0         1         1         0         0
                 151        76         0         1         0         0         0
                 152        76         0         1         1         0         0
                 153        77         0         1         0         0         0
                 154        77         0         1         1         0         0
                 155        78         0         1         0         0         0
                 156        78         0         1         1         0         0
                 157        79         0         1         0         0         0
                 158        79         0         1         1         0         0
                 159        80         0         1         0         0         0
                 160        80         0         1         1         0         0
                 161        81         0         1         0         0         0
                 162        81         0         1         1         0         0
                 163        82         0         1         0         0         0
                 164        82         0         1         1         0         0
                 165        83         0         1         0         0         0
                 166        83         0         1         1         0         0
                 167        84         0         1         0         0         0
                 168        84         0         1         1         0         0
                 169        85         0         1         0         0         0
                 170        85         0         1         1         0         0
                 171        86         0         1         0         0         0
                 172        86         0         1         1         0         0
                 173        87         0         1         0         0         0
                 174        87         0         1         1         0         0
                 175        88         0         1         0         0         0
                 176        88         0         1         1         0         0
                 177        89         0         1         0         0         0
                 178        89         0         1         1         0         0
                 179        90         0         1         0         0         0
                 180        90         0         1         1         0         0
                 181        91         0         1         0         0         0
                 182        91         0         1         1         0         0
                 183        92         0         1         0         0         0
                 184        92         0         1         1         0         0
                 185        93         0         1         0         0         0
                 186        93         0         1         1         0         0
                 187        94         0         1         0         0         0
                 188        94         0         1         1         0         0
                 189        95         0         1         0         0         0
                 190        95         0         1         1         0         0
                 191        96         0         1         0         0         0
                 192        96         0         1         1         0         0
                 193        97         0         1         0         0         0
                 194        97         0         1         1         0         0
                 195        98         0         1         0         0         0
                 196        98         0         1         1         0         0
                 197        99         0         1         0         0         0
                 198        99         0         1         1         0         0
                 199       100         0         1         0         0         0
                 200       100         0         1         1         0         0
                 201       101         0         1         0         0         0
                 202       101         0         1         1         0         0
                 203       102         0         1         0         0         0
                 204       102         0         1         1         0         0
                 205       103         0         1         0         0         0
                 206       103         0         1         1         0         0
                 207       104         0         1         0         0         0
                 208       104         0         1         1         0         0
                 209       105         0         1         0         0         0
                 210       105         0         1         1         0         0
                 211       106         0         1         0         0         0
                 212       106         0         1         1         0         0
                 213       107         0         1         0         0         0
                 214       107         0         1         1         0         0
                 215       108         0         1         0         0         0
                 216       108         0         1         1         0         0
                 217       109         0         1         0         0         0
                 218       109         0         1         1         0         0
                 219       110         0         1         0         0         0
                 220       110         0         1         1         0         0
                 221       111         0         1         0         0         0
                 222       111         0         1         1         0         0
                 223       112         0         1         0         0         0
                 224       112         0         1         1         0         0
                 225       113         0         1         0         0         0
                 226       113         0         1         1         0         0
                 227       114         0         1         0         0         0
                 228       114         0         1         1         0         0
                 229       115         0         1         0         0         0
                 230       115         0         1         1         0         0
                 231       116         0         1         0         0         0
                 232       116         0         1         1         0         0
                 233       117         0         1         0         0         0
                 234       117         0         1         1         0         0
                 235       118         0         2         0         0         1
                 236       118         0         2         1         0         1
                 237       119         0         2         0         0         1
                 238       119         0         2         1         0         1
                 239       120         0         2         0         0         0
                 240       120         0         2         1         0         0
                 241       121         0         2         0         0         0
                 242       121         0         2         1         0         0
                 243       122         0         2         0         0         0
                 244       122         0         2         1         0         0
                 245       123         0         2         0         0         0
                 246       123         0         2         1         0         0
                 247       124         0         2         0         0         0
                 248       124         0         2         1         0         0
                 249       125         0         2         0         0         0
                 250       125         0         2         1         0         0
                 251       126         0         2         0         0         0
                 252       126         0         2         1         0         0
                 253       127         0         2         0         0         0
                 254       127         0         2         1         0         0
                 255       128         0         2         0         0         0
                 256       128         0         2         1         0         0
                 257       129         0         2         0         0         0
                 258       129         0         2         1         0         0
                 259       130         0         2         0         0         0
                 260       130         0         2         1         0         0
                 261       131         0         2         0         0         0
                 262       131         0         2         1         0         0
                 263       132         0         2         0         0         0
                 264       132         0         2         1         0         0
                 265       133         0         2         0         0         0
                 266       133         0         2         1         0         0
                 267       134         0         2         0         0         0
                 268       134         0         2         1         0         0
                 269       135         0         2         0         0         0
                 270       135         0         2         1         0         0
                 271       136         0         2         0         0         0
                 272       136         0         2         1         0         0
                 273       137         0         2         0         0         0
                 274       137         0         2         1         0         0
                 275       138         0         2         0         0         0
                 276       138         0         2         1         0         0
                 277       139         0         2         0         0         0
                 278       139         0         2         1         0         0
                 279       140         0         2         0         0         0
                 280       140         0         2         1         0         0
                 281       141         0         2         0         0         0
                 282       141         0         2         1         0         0
                 283       142         0         2         0         0         0
                 284       142         0         2         1         0         0
                 285       143         0         2         0         0         0
                 286       143         0         2         1         0         0
                 287       144         0         2         0         0         0
                 288       144         0         2         1         0         0
                 289       145         0         2         0         0         0
                 290       145         0         2         1         0         0
                 291       146         0         2         0         0         0
                 292       146         0         2         1         0         0
                 293       147         0         2         0         0         0
                 294       147         0         2         1         0         0
                 295       148         0         2         0         0         0
                 296       148         0         2         1         0         0
                 297       149         0         2         0         0         0
                 298       149         0         2         1         0         0
                 299       150         0         2         0         0         0
                 300       150         0         2         1         0         0
                 301       151         0         2         0         0         0
                 302       151         0         2         1         0         0
                 303       152         0         2         0         0         0
                 304       152         0         2         1         0         0
                 305       153         0         2         0         0         0
                 306       153         0         2         1         0         0
                 307       154         0         2         0         0         0
                 308       154         0         2         1         0         0
                 309       155         0         2         0         0         0
                 310       155         0         2         1         0         0
                 311       156         0         2         0         0         0
                 312       156         0         2         1         0         0
                 313       157         0         2         0         0         0
                 314       157         0         2         1         0         0
                 315       158         0         2         0         0         0
                 316       158         0         2         1         0         0
                 317       159         0         2         0         0         0
                 318       159         0         2         1         0         0
                 319       160         0         2         0         0         0
                 320       160         0         2         1         0         0
                 321       161         0         2         0         0         0
                 322       161         0         2         1         0         0
                 323       162         0         2         0         0         0
                 324       162         0         2         1         0         0
                 325       163         0         2         0         0         0
                 326       163         0         2         1         0         0
                 327       164         0         2         0         0         0
                 328       164         0         2         1         0         0
                 329       165         0         2         0         0         0
                 330       165         0         2         1         0         0
                 331       166         0         2         0         0         0
                 332       166         0         2         1         0         0
                 333       167         0         2         0         0         0
                 334       167         0         2         1         0         0
                 335       168         0         2         0         0         0
                 336       168         0         2         1         0         0
                 337       169         0         2         0         0         0
                 338       169         0         2         1         0         0
                 339       170         0         2         0         0         0
                 340       170         0         2         1         0         0
                 341       171         0         2         0         0         0
                 342       171         0         2         1         0         0
                 343       172         0         3         0         0         1
                 344       172         0         3         1         0         1
                 345       173         0         3         0         0         1
                 346       173         0         3         1         0         1
                 347       174         0         3         0         0         0
                 348       174         0         3         1         0         0
                 349       175         0         3         0         0         0
                 350       175         0         3         1         0         0
                 351       176         0         3         0         0         0
                 352       176         0         3         1         0         0
                 353       177         0         3         0         0         0
                 354       177         0         3         1         0         0
                 355       178         0         3         0         0         0
                 356       178         0         3         1         0         0
                 357       179         0         3         0         0         0
                 358       179         0         3         1         0         0
                 359       180         0         3         0         0         0
                 360       180         0         3         1         0         0
                 361       181         0         3         0         0         0
                 362       181         0         3         1         0         0
                 363       182         0         3         0         0         0
                 364       182         0         3         1         0         0
                 365       183         0         3         0         0         0
                 366       183         0         3         1         0         0
                 367       184         0         3         0         0         0
                 368       184         0         3         1         0         0
                 369       185         0         3         0         0         0
                 370       185         0         3         1         0         0
                 371       186         0         3         0         0         0
                 372       186         0         3         1         0         0
                 373       187         0         3         0         0         0
                 374       187         0         3         1         0         0
                 375       188         0         3         0         0         0
                 376       188         0         3         1         0         0
                 377       189         0         3         0         0         0
                 378       189         0         3         1         0         0
                 379       190         0         3         0         0         0
                 380       190         0         3         1         0         0
                 381       191         0         3         0         0         0
                 382       191         0         3         1         0         0
                 383       192         0         3         0         0         0
                 384       192         0         3         1         0         0
                 385       193         0         3         0         0         0
                 386       193         0         3         1         0         0
                 387       194         0         3         0         0         0
                 388       194         0         3         1         0         0
                 389       195         0         3         0         0         0
                 390       195         0         3         1         0         0
                 391       196         0         3         0         0         0
                 392       196         0         3         1         0         0
                 393       197         0         3         0         0         0
                 394       197         0         3         1         0         0
                 395       198         0         3         0         0         0
                 396       198         0         3         1         0         0
                 397       199         0         3         0         0         0
                 398       199         0         3         1         0         0
                 399       200         0         3         0         0         0
                 400       200         0         3         1         0         0
                 401       201         0         3         0         0         0
                 402       201         0         3         1         0         0
                 403       202         0         3         0         0         0
                 404       202         0         3         1         0         0
                 405       203         0         3         0         0         0
                 406       203         0         3         1         0         0
                 407       204         0         3         0         0         0
                 408       204         0         3         1         0         0
                 409       205         0         3         0         0         0
                 410       205         0         3         1         0         0
                 411       206         0         3         0         0         0
                 412       206         0         3         1         0         0
                 413       207         0         3         0         0         0
                 414       207         0         3         1         0         0
                 415       208         0         3         0         0         0
                 416       208         0         3         1         0         0
                 417       209         0         3         0         0         0
                 418       209         0         3         1         0         0
                 419       210         0         3         0         0         0
                 420       210         0         3         1         0         0
                 421       211         0         3         0         0         0
                 422       211         0         3         1         0         0
                 423       212         0         3         0         0         0
                 424       212         0         3         1         0         0
                 425       213         0         3         0         0         0
                 426       213         0         3         1         0         0
                 427       214         0         3         0         0         0
                 428       214         0         3         1         0         0
                 429       215         0         3         0         0         0
                 430       215         0         3         1         0         0
                 431       216         0         3         0         0         0
                 432       216         0         3         1         0         0
                 433       217         0         3         0         0         0
                 434       217         0         3         1         0         0
                 435       218         0         3         0         0         0
                 436       218         0         3         1         0         0
                 437       219         0         3         0         0         0
                 438       219         0         3         1         0         0
                 439       220         0         3         0         0         0
                 440       220         0         3         1         0         0
                 441       221         0         3         0         0         0
                 442       221         0         3         1         0         0
                 443       222         0         3         0         0         0
                 444       222         0         3         1         0         0
                 445       223         0         3         0         0         0
                 446       223         0         3         1         0         0
                 447       224         0         3         0         0         0
                 448       224         0         3         1         0         0
                 449       225         0         3         0         0         0
                 450       225         0         3         1         0         0
 GIVEN NSRBD=         450
 CALCULATED NSRB=         450

          Assuming UKRMol+ integrals on input.

 On input SCATCI expects:
 1-electron integrals, NINT1e =0
 2-electron integrals, NINT2e =0

One electron integrals read-in.

Two electron integrals read-in.

 UKRMol+ integrals read successfully:
 1-electron integrals, NINT1e =25425
 2-electron integrals, NINT2e =759753

          Nuclear repulsion energy =      13.4724689

          Finished reading UKRMol+ integrals.
   Load CI target and construct matrix elements

 TRANSFORMATION VECTOR   1 FROM SET  1 STATE  1
 SET   1    CH4+ CI calculation - doublet A                                                                                         
          NOCSF=  588    NSTAT=    1    NNUC =    6

 Nuclear data     X         Y         Z       Charge
   C  1        0.000000  0.000000  0.000000  6.000000
   H  2        1.185952  1.185952  1.185957  1.000000
   H  2       -1.185952 -1.185952  1.185957  1.000000
   H  2       -1.185952  1.185952 -1.185957  1.000000
   H  2        1.185952 -1.185952 -1.185957  1.000000
   sc 3        0.000000  0.000000  0.000000  0.000000
          EIGEN-ENERGIES OF THE REQ. STATES
                      -39.4096151656

 TRANSFORMATION VECTOR   2 FROM SET  2 STATE  1
 SET   2    CH4+ CI calculation - doublet B3                                                                                        
          NOCSF=  588    NSTAT=    1    NNUC =    6

 Nuclear data     X         Y         Z       Charge
   C  1        0.000000  0.000000  0.000000  6.000000
   H  2        1.185952  1.185952  1.185957  1.000000
   H  2       -1.185952 -1.185952  1.185957  1.000000
   H  2       -1.185952  1.185952 -1.185957  1.000000
   H  2        1.185952 -1.185952 -1.185957  1.000000
   sc 3        0.000000  0.000000  0.000000  0.000000
          EIGEN-ENERGIES OF THE REQ. STATES
                      -39.7708635684

 TRANSFORMATION VECTOR   3 FROM SET  3 STATE  1
 SET   3    CH4+ CI calculation - doublet B2                                                                                        
          NOCSF=  588    NSTAT=    1    NNUC =    6

 Nuclear data     X         Y         Z       Charge
   C  1        0.000000  0.000000  0.000000  6.000000
   H  2        1.185952  1.185952  1.185957  1.000000
   H  2       -1.185952 -1.185952  1.185957  1.000000
   H  2       -1.185952  1.185952 -1.185957  1.000000
   H  2        1.185952 -1.185952 -1.185957  1.000000
   sc 3        0.000000  0.000000  0.000000  0.000000
          EIGEN-ENERGIES OF THE REQ. STATES
                      -39.7708635678

 TRANSFORMATION VECTOR   4 FROM SET  4 STATE  1
 SET   4    CH4+ CI calculation - doublet B1                                                                                        
          NOCSF=  588    NSTAT=    1    NNUC =    6

 Nuclear data     X         Y         Z       Charge
   C  1        0.000000  0.000000  0.000000  6.000000
   H  2        1.185952  1.185952  1.185957  1.000000
   H  2       -1.185952 -1.185952  1.185957  1.000000
   H  2       -1.185952  1.185952 -1.185957  1.000000
   H  2        1.185952 -1.185952 -1.185957  1.000000
   sc 3        0.000000  0.000000  0.000000  0.000000
          EIGEN-ENERGIES OF THE REQ. STATES
                      -39.7708623922
     MXCORB SET TO:       100000000


 TOTAL H Matrix     ELEMENTS      =    210276
 NON-ZERO ELEMENTS evaluated      =    137268
 Total    prototype ELEMENTS      =  13191816
 Non-zero prototype ELEMENTS      =     22262

 Number (prototype) integrals     =    438388
 Compressed (prototype) integrals =    143784
 Number integrals evaluated       =   5035092
 ===================================================
  inside subroutine --> 'dgmain' --> begins. 


  ************************************************************************************************************************

 MATRIX DIAGONALIZATION SECTION
 (RUN)     CH4+ CI calculation - singlet B3                                                                                        
  DATA SET FILE NUMBERS AND LENGTH SPECIFICATIONS :
      NFTE =811      NFTW =     25

 NPFLG :      0     0
 NCISET:      1

 NPCVC =    1
 THRHM = 0.10D-14


 (EMX)     e + CH4+ - singlet B3                                                                                                   

   648 Eigenvectors to be computed for
   648 dimensional final Hamiltonian matrix

    137268 Hamiltonian elements read from unit NFTE =811
 CI data stored as set number  1

 SET   1    CH4+ CI calculation - singlet B3                                                                                        

 MGVN = 1    s =   0.0    sz =   0.0    NELT =   10    NNUC =  6

 Nuclear data     X         Y         Z       Charge
   C  1        0.000000  0.000000  0.000000  6.000000
   H  2        1.185952  1.185952  1.185957  1.000000
   H  2       -1.185952 -1.185952  1.185957  1.000000
   H  2       -1.185952  1.185952 -1.185957  1.000000
   H  2        1.185952 -1.185952 -1.185957  1.000000
   sc 3        0.000000  0.000000  0.000000  0.000000

 NOCSF=  648    NSTAT=  648    EN   =       13.4724688803

 NTGSYM=   4
  I   MCONT  NOTGT
  1      1     52
  2      0     60
  3      3     52
  4      2     52

 EIGEN-ENERGIES
                      -39.9079908566      -39.8707297150      -39.8696844411      -39.8369070294      -39.8341677788
                      -39.8319623661      -39.8302863371      -39.7882113413      -39.7742815603      -39.7732848854
                      -39.7729679790      -39.7713133907      -39.7710703545      -39.7411296578      -39.7327309751
                      -39.7277536604      -39.7141421994      -39.7088539734      -39.7087838968      -39.7081015480
                      -39.7078684102      -39.7077424423      -39.7063569457      -39.7062224244      -39.6975625949
                      -39.6907591651      -39.5822488871      -39.5722232230      -39.5709192591      -39.5658323142
                      -39.5657602283      -39.5245176404      -39.5189748439      -39.5065364817      -39.4925201300
                      -39.4747165702      -39.4560694408      -39.4453209875      -39.4439163808      -39.4406974324
                      -39.4399171575      -39.4384244752      -39.4374101633      -39.4373115964      -39.4343307300
                      -39.4329316290      -39.4312137273      -39.4101362920      -39.4100016832      -39.3758875058
                      -39.3584423560      -39.3463949836      -39.3462915763      -39.3105748539      -39.2656916378
                      -39.2588364436      -39.2565750074      -39.2559132449      -39.2093819357      -39.2071480621
                      -39.1776651221      -39.1603652782      -39.1541486982      -39.1170256315      -39.0985528880
                      -39.0831238533      -39.0775898890      -39.0752404083      -39.0742742465      -39.0720935004
                      -39.0686659093      -39.0672151703      -39.0662204373      -39.0639839323      -39.0637612024
                      -39.0585381140      -39.0436981981      -39.0410885812      -38.9302427522      -38.9018584072
                      -38.8983032324      -38.8552657125      -38.8477327140      -38.8462941554      -38.8442560907
                      -38.8130872283      -38.7350153657      -38.7120633949      -38.7058737064      -38.7025170461
                      -38.6814644520      -38.6759146142      -38.6368752842      -38.6191965555      -38.6191777854
                      -38.6152050328      -38.6037646980      -38.6008418855      -38.5939535762      -38.5912650102
                      -38.5894292657      -38.5874959073      -38.5768953835      -38.5730980954      -38.5483309022
                      -38.5197310982      -38.5176261137      -38.5129224432      -38.5044166892      -38.4982147756
                      -38.4882946552      -38.4872696724      -38.4659953532      -38.4495607466      -38.4432520548
                      -38.3736738408      -38.3617354430      -38.3471659760      -38.3344075656      -38.3337926810
                      -38.3307417376      -38.3278314428      -38.3241614227      -38.3161634244      -38.2890911071
                      -38.2500816123      -38.2310279101      -38.2274059972      -38.2215852708      -38.1771129098
                      -38.1752765779      -38.1608751626      -38.1596406461      -38.0965830973      -38.0919305786
                      -38.0611448872      -38.0528044038      -38.0418692592      -38.0356248196      -38.0298007438
                      -38.0272221160      -38.0199776922      -38.0161331145      -38.0096163262      -37.9998692932
                      -37.9971116379      -37.9958006573      -37.9945889173      -37.9884938383      -37.9587833510
                      -37.9562944012      -37.9440325162      -37.9372606940      -37.9297621690      -37.9079436173
                      -37.8638643684      -37.8212827197      -37.8095231890      -37.7947684226      -37.7814515442
                      -37.7705107386      -37.7483189547      -37.7410251505      -37.7297822852      -37.7247199386
                      -37.7186446932      -37.7152541316      -37.6952618961      -37.6937001223      -37.6805771773
                      -37.6769949458      -37.6754080640      -37.6737286627      -37.6687854351      -37.6587599150
                      -37.6559360175      -37.6552803140      -37.6499442843      -37.6402557063      -37.6337940852
                      -37.6098701663      -37.6091071259      -37.5932519097      -37.5815275384      -37.5772185814
                      -37.5739725323      -37.5636601249      -37.5505558609      -37.5397009394      -37.5302905117
                      -37.5265337478      -37.5067166929      -37.5042051170      -37.4786838264      -37.4750663949
                      -37.4722678405      -37.4607280110      -37.4598171455      -37.4412988037      -37.4269343691
                      -37.4182354498      -37.4063970935      -37.4007636367      -37.3870892742      -37.3757616806
                      -37.3686878354      -37.3562703478      -37.3510507607      -37.3509387122      -37.3488717956
                      -37.3237921982      -37.3231546063      -37.3146596523      -37.3019607983      -37.2916434729
                      -37.2731043082      -37.2650055285      -37.2599681507      -37.2586002580      -37.2485912101
                      -37.2475310577      -37.2423117068      -37.2267211888      -37.2173824686      -37.2126157861
                      -37.2100841262      -37.2046166079      -37.1972769796      -37.1899364023      -37.1867919967
                      -37.1866962586      -37.1790460074      -37.1774005710      -37.1763790328      -37.1745225145
                      -37.1662321555      -37.1625526893      -37.1553635503      -37.1484994310      -37.1437228159
                      -37.1401662995      -37.1356326885      -37.1214817014      -37.1174347638      -37.1056994627
                      -37.0979489324      -37.0946669427      -37.0905139036      -37.0733098661      -37.0607680479
                      -37.0505928914      -37.0319357551      -37.0203733793      -37.0106163262      -36.9925308012
                      -36.9725951803      -36.9724825302      -36.9489792971      -36.9456519627      -36.9442061608
                      -36.9338091785      -36.9272287352      -36.9121822906      -36.9099769612      -36.9007071744
                      -36.8796812717      -36.8792760420      -36.8785593901      -36.8672101001      -36.8653155055
                      -36.8628579002      -36.8614681406      -36.8504721690      -36.8477653967      -36.8439726193
                      -36.8407068218      -36.8356254347      -36.8241662789      -36.8078992832      -36.8049099070
                      -36.7941767182      -36.7931723414      -36.7877140312      -36.7794772386      -36.7775381683
                      -36.7746198701      -36.7686108912      -36.7659476620      -36.7658235657      -36.7648879602
                      -36.7615495583      -36.7542932880      -36.7466343175      -36.7308874456      -36.7282902534
                      -36.7128556108      -36.6978899902      -36.6970455212      -36.6934838248      -36.6930730472
                      -36.6901800457      -36.6870891679      -36.6746895650      -36.6711239450      -36.6697944524
                      -36.6528810485      -36.6452408307      -36.6397855629      -36.6350947305      -36.6178330884
                      -36.6151378229      -36.6077990294      -36.5981269343      -36.5978339452      -36.5766396075
                      -36.5761486422      -36.5686662133      -36.5624443833      -36.5566439659      -36.5497984023
                      -36.5344999564      -36.5313254818      -36.5061777198      -36.5030238746      -36.4865128751
                      -36.4762594851      -36.4738041877      -36.4643868358      -36.4574192486      -36.4542059197
                      -36.4415036401      -36.4362682800      -36.4356798196      -36.4300968642      -36.4274427980
                      -36.4192943294      -36.4177521395      -36.4112173242      -36.3981800982      -36.3919905160
                      -36.3805440419      -36.3773935098      -36.3677728410      -36.3645243078      -36.3589584662
                      -36.3566478677      -36.3444403518      -36.3399134483      -36.3373820270      -36.3342980289
                      -36.3240005067      -36.3061777709      -36.3060595939      -36.3056853798      -36.3022756756
                      -36.2896736832      -36.2825303228      -36.2754428799      -36.2742945549      -36.2708057231
                      -36.2671664183      -36.2643603162      -36.2640341905      -36.2555904885      -36.2500909566
                      -36.2438005741      -36.2390043178      -36.2335626590      -36.2283635202      -36.2241576931
                      -36.2153298687      -36.2089021424      -36.1925776289      -36.1876566746      -36.1829317174
                      -36.1732358286      -36.1641587855      -36.1610168391      -36.1602875112      -36.1589866297
                      -36.1498441056      -36.1462902924      -36.1378782255      -36.1284265721      -36.1247804205
                      -36.1180090413      -36.1165197668      -36.1092410095      -36.0982960850      -36.0979695917
                      -36.0939331123      -36.0919561497      -36.0819424642      -36.0671389185      -36.0654639097
                      -36.0517164026      -36.0478371097      -36.0434801811      -36.0390211456      -36.0331020970
