+-------------------------------------------------------------------------+
|              _              |                                           |
| || || ||//  | \          |  | University College London (C) 1994 - 2020 |
| || || ||    | / |/\/\ /\ |  | Open University           (C) 2007 - 2020 |
| \\_// ||\\  | \ | | | \/ |  |                                           |
|                             |                                           |
+-------------------------------------------------------------------------+
| Last revision: 3.2                                                      |
| Last author:   Jimena Gorfinkiel                                        |
| Last date:     Tue Dec 21 17:59:46 2021 +0000                           |
+-------------------------------------------------------------------------+


 PROGRAM SCATCI (19 Oct 2009) : 

                         DATE = 20230406

                         TIME = 101115.360


 CONGEN: e + CH4+ - singlet B2                                                                                                   
 SCATCI: e + CH4+ - singlet B2                                                                                                   
 MGVN =         2     S    =  0.0
 NELT =        10     SZ   =  0.0
 IDIAG=         2     R    =  0.0
 THRES=   0.1D-09     NSYM =    4
 MEGUL=712, NOCSF=      5136
 NPFLG         0   0   0   0   0   0
 NOB(i)=          63
 setting NOBE(i)=          63
 NOB(i)=          54
 setting NOBE(i)=          54
 NOB(i)=          54
 setting NOBE(i)=          54
 NOB(i)=          54
 setting NOBE(i)=          54
 NOB  =        63  54  54  54
 NOB0 =         3   2   2   2
 NOBC =         3   2   2   2
 NDTRF=         1   2   3   4   5   6 127 128 129 344
 NSRB=  450    LNDOF=    446824    LCDOF=     44864
 nfte =  812        nfti =    16       lembf=  5000       iodr =   1
 MOLECULE SYMMETRY CASE,  SYMTYP = 2

 Prototype CSF option requested

 CI target option requested,
 Vectors to be read from unit NFTG = 26
 Phases for target vectors read in from CONGEN

 Number of target symmetries in expansion,   NTGSYM =    4
 Number of continuum orbitals for each state, NOTGT =   52   52   60   52
 Number of CI components for each state,      NCTGT =       588       588       588       588
 Number of target states of each symmetry,   NUMTGT =    1    1    1    1
 Continuum M projection  for each state,      MCONT =    2    3    0    1

 Diagonalisation of Hamiltonian matrix requested
 SCATCI will expand NOCSF =   5136 prototype CSFs
               into MXCSF = 127440 actual configurations
               and  MOCSF =    648 dimension final Hamiltonian

 Number of last continuum CSF, NCONT =   4704
     ENERGY EXPRESSIONS COMPUTED FOR MOLECULE SYMMETRY CASE - SYMTYP=  2
 All IIII blocks of integrals
           1           0           0           0           0
           2           1           1           1           1
           3           2           2           2           2
           4           3           3           3           3
 All IJIJ blocks
           5           1           0           1           0
           6           2           0           2           0
           7           2           1           2           1
           8           3           0           3           0
           9           3           1           3           1
          10           3           2           3           2
 The IIJJ blocks of integrals
          11           1           1           0           0
          12           2           2           0           0
          13           2           2           1           1
          14           3           3           0           0
          15           3           3           1           1
          16           3           3           2           2
 The IJKL blocks
          17           3           0           2           1
          18           3           1           2           0
          19           3           2           1           0
 NOBE =        63        54        54        54
 MBAS =         0        55
 NBASH=         1      2017      3502      4987      6472
   Read wavefunctions from CONGEN and load integrals
                   I         N         G         M         S      MPOS      MCON
                   1         1         0         0         0         0         1
                   2         1         0         0         1         0         1
                   3         2         0         0         0         0         1
                   4         2         0         0         1         0         1
                   5         3         0         0         0         0         1
                   6         3         0         0         1         0         1
                   7         4         0         0         0         0         0
                   8         4         0         0         1         0         0
                   9         5         0         0         0         0         0
                  10         5         0         0         1         0         0
                  11         6         0         0         0         0         0
                  12         6         0         0         1         0         0
                  13         7         0         0         0         0         0
                  14         7         0         0         1         0         0
                  15         8         0         0         0         0         0
                  16         8         0         0         1         0         0
                  17         9         0         0         0         0         0
                  18         9         0         0         1         0         0
                  19        10         0         0         0         0         0
                  20        10         0         0         1         0         0
                  21        11         0         0         0         0         0
                  22        11         0         0         1         0         0
                  23        12         0         0         0         0         0
                  24        12         0         0         1         0         0
                  25        13         0         0         0         0         0
                  26        13         0         0         1         0         0
                  27        14         0         0         0         0         0
                  28        14         0         0         1         0         0
                  29        15         0         0         0         0         0
                  30        15         0         0         1         0         0
                  31        16         0         0         0         0         0
                  32        16         0         0         1         0         0
                  33        17         0         0         0         0         0
                  34        17         0         0         1         0         0
                  35        18         0         0         0         0         0
                  36        18         0         0         1         0         0
                  37        19         0         0         0         0         0
                  38        19         0         0         1         0         0
                  39        20         0         0         0         0         0
                  40        20         0         0         1         0         0
                  41        21         0         0         0         0         0
                  42        21         0         0         1         0         0
                  43        22         0         0         0         0         0
                  44        22         0         0         1         0         0
                  45        23         0         0         0         0         0
                  46        23         0         0         1         0         0
                  47        24         0         0         0         0         0
                  48        24         0         0         1         0         0
                  49        25         0         0         0         0         0
                  50        25         0         0         1         0         0
                  51        26         0         0         0         0         0
                  52        26         0         0         1         0         0
                  53        27         0         0         0         0         0
                  54        27         0         0         1         0         0
                  55        28         0         0         0         0         0
                  56        28         0         0         1         0         0
                  57        29         0         0         0         0         0
                  58        29         0         0         1         0         0
                  59        30         0         0         0         0         0
                  60        30         0         0         1         0         0
                  61        31         0         0         0         0         0
                  62        31         0         0         1         0         0
                  63        32         0         0         0         0         0
                  64        32         0         0         1         0         0
                  65        33         0         0         0         0         0
                  66        33         0         0         1         0         0
                  67        34         0         0         0         0         0
                  68        34         0         0         1         0         0
                  69        35         0         0         0         0         0
                  70        35         0         0         1         0         0
                  71        36         0         0         0         0         0
                  72        36         0         0         1         0         0
                  73        37         0         0         0         0         0
                  74        37         0         0         1         0         0
                  75        38         0         0         0         0         0
                  76        38         0         0         1         0         0
                  77        39         0         0         0         0         0
                  78        39         0         0         1         0         0
                  79        40         0         0         0         0         0
                  80        40         0         0         1         0         0
                  81        41         0         0         0         0         0
                  82        41         0         0         1         0         0
                  83        42         0         0         0         0         0
                  84        42         0         0         1         0         0
                  85        43         0         0         0         0         0
                  86        43         0         0         1         0         0
                  87        44         0         0         0         0         0
                  88        44         0         0         1         0         0
                  89        45         0         0         0         0         0
                  90        45         0         0         1         0         0
                  91        46         0         0         0         0         0
                  92        46         0         0         1         0         0
                  93        47         0         0         0         0         0
                  94        47         0         0         1         0         0
                  95        48         0         0         0         0         0
                  96        48         0         0         1         0         0
                  97        49         0         0         0         0         0
                  98        49         0         0         1         0         0
                  99        50         0         0         0         0         0
                 100        50         0         0         1         0         0
                 101        51         0         0         0         0         0
                 102        51         0         0         1         0         0
                 103        52         0         0         0         0         0
                 104        52         0         0         1         0         0
                 105        53         0         0         0         0         0
                 106        53         0         0         1         0         0
                 107        54         0         0         0         0         0
                 108        54         0         0         1         0         0
                 109        55         0         0         0         0         0
                 110        55         0         0         1         0         0
                 111        56         0         0         0         0         0
                 112        56         0         0         1         0         0
                 113        57         0         0         0         0         0
                 114        57         0         0         1         0         0
                 115        58         0         0         0         0         0
                 116        58         0         0         1         0         0
                 117        59         0         0         0         0         0
                 118        59         0         0         1         0         0
                 119        60         0         0         0         0         0
                 120        60         0         0         1         0         0
                 121        61         0         0         0         0         0
                 122        61         0         0         1         0         0
                 123        62         0         0         0         0         0
                 124        62         0         0         1         0         0
                 125        63         0         0         0         0         0
                 126        63         0         0         1         0         0
                 127        64         0         1         0         0         1
                 128        64         0         1         1         0         1
                 129        65         0         1         0         0         1
                 130        65         0         1         1         0         1
                 131        66         0         1         0         0         0
                 132        66         0         1         1         0         0
                 133        67         0         1         0         0         0
                 134        67         0         1         1         0         0
                 135        68         0         1         0         0         0
                 136        68         0         1         1         0         0
                 137        69         0         1         0         0         0
                 138        69         0         1         1         0         0
                 139        70         0         1         0         0         0
                 140        70         0         1         1         0         0
                 141        71         0         1         0         0         0
                 142        71         0         1         1         0         0
                 143        72         0         1         0         0         0
                 144        72         0         1         1         0         0
                 145        73         0         1         0         0         0
                 146        73         0         1         1         0         0
                 147        74         0         1         0         0         0
                 148        74         0         1         1         0         0
                 149        75         0         1         0         0         0
                 150        75         0         1         1         0         0
                 151        76         0         1         0         0         0
                 152        76         0         1         1         0         0
                 153        77         0         1         0         0         0
                 154        77         0         1         1         0         0
                 155        78         0         1         0         0         0
                 156        78         0         1         1         0         0
                 157        79         0         1         0         0         0
                 158        79         0         1         1         0         0
                 159        80         0         1         0         0         0
                 160        80         0         1         1         0         0
                 161        81         0         1         0         0         0
                 162        81         0         1         1         0         0
                 163        82         0         1         0         0         0
                 164        82         0         1         1         0         0
                 165        83         0         1         0         0         0
                 166        83         0         1         1         0         0
                 167        84         0         1         0         0         0
                 168        84         0         1         1         0         0
                 169        85         0         1         0         0         0
                 170        85         0         1         1         0         0
                 171        86         0         1         0         0         0
                 172        86         0         1         1         0         0
                 173        87         0         1         0         0         0
                 174        87         0         1         1         0         0
                 175        88         0         1         0         0         0
                 176        88         0         1         1         0         0
                 177        89         0         1         0         0         0
                 178        89         0         1         1         0         0
                 179        90         0         1         0         0         0
                 180        90         0         1         1         0         0
                 181        91         0         1         0         0         0
                 182        91         0         1         1         0         0
                 183        92         0         1         0         0         0
                 184        92         0         1         1         0         0
                 185        93         0         1         0         0         0
                 186        93         0         1         1         0         0
                 187        94         0         1         0         0         0
                 188        94         0         1         1         0         0
                 189        95         0         1         0         0         0
                 190        95         0         1         1         0         0
                 191        96         0         1         0         0         0
                 192        96         0         1         1         0         0
                 193        97         0         1         0         0         0
                 194        97         0         1         1         0         0
                 195        98         0         1         0         0         0
                 196        98         0         1         1         0         0
                 197        99         0         1         0         0         0
                 198        99         0         1         1         0         0
                 199       100         0         1         0         0         0
                 200       100         0         1         1         0         0
                 201       101         0         1         0         0         0
                 202       101         0         1         1         0         0
                 203       102         0         1         0         0         0
                 204       102         0         1         1         0         0
                 205       103         0         1         0         0         0
                 206       103         0         1         1         0         0
                 207       104         0         1         0         0         0
                 208       104         0         1         1         0         0
                 209       105         0         1         0         0         0
                 210       105         0         1         1         0         0
                 211       106         0         1         0         0         0
                 212       106         0         1         1         0         0
                 213       107         0         1         0         0         0
                 214       107         0         1         1         0         0
                 215       108         0         1         0         0         0
                 216       108         0         1         1         0         0
                 217       109         0         1         0         0         0
                 218       109         0         1         1         0         0
                 219       110         0         1         0         0         0
                 220       110         0         1         1         0         0
                 221       111         0         1         0         0         0
                 222       111         0         1         1         0         0
                 223       112         0         1         0         0         0
                 224       112         0         1         1         0         0
                 225       113         0         1         0         0         0
                 226       113         0         1         1         0         0
                 227       114         0         1         0         0         0
                 228       114         0         1         1         0         0
                 229       115         0         1         0         0         0
                 230       115         0         1         1         0         0
                 231       116         0         1         0         0         0
                 232       116         0         1         1         0         0
                 233       117         0         1         0         0         0
                 234       117         0         1         1         0         0
                 235       118         0         2         0         0         1
                 236       118         0         2         1         0         1
                 237       119         0         2         0         0         1
                 238       119         0         2         1         0         1
                 239       120         0         2         0         0         0
                 240       120         0         2         1         0         0
                 241       121         0         2         0         0         0
                 242       121         0         2         1         0         0
                 243       122         0         2         0         0         0
                 244       122         0         2         1         0         0
                 245       123         0         2         0         0         0
                 246       123         0         2         1         0         0
                 247       124         0         2         0         0         0
                 248       124         0         2         1         0         0
                 249       125         0         2         0         0         0
                 250       125         0         2         1         0         0
                 251       126         0         2         0         0         0
                 252       126         0         2         1         0         0
                 253       127         0         2         0         0         0
                 254       127         0         2         1         0         0
                 255       128         0         2         0         0         0
                 256       128         0         2         1         0         0
                 257       129         0         2         0         0         0
                 258       129         0         2         1         0         0
                 259       130         0         2         0         0         0
                 260       130         0         2         1         0         0
                 261       131         0         2         0         0         0
                 262       131         0         2         1         0         0
                 263       132         0         2         0         0         0
                 264       132         0         2         1         0         0
                 265       133         0         2         0         0         0
                 266       133         0         2         1         0         0
                 267       134         0         2         0         0         0
                 268       134         0         2         1         0         0
                 269       135         0         2         0         0         0
                 270       135         0         2         1         0         0
                 271       136         0         2         0         0         0
                 272       136         0         2         1         0         0
                 273       137         0         2         0         0         0
                 274       137         0         2         1         0         0
                 275       138         0         2         0         0         0
                 276       138         0         2         1         0         0
                 277       139         0         2         0         0         0
                 278       139         0         2         1         0         0
                 279       140         0         2         0         0         0
                 280       140         0         2         1         0         0
                 281       141         0         2         0         0         0
                 282       141         0         2         1         0         0
                 283       142         0         2         0         0         0
                 284       142         0         2         1         0         0
                 285       143         0         2         0         0         0
                 286       143         0         2         1         0         0
                 287       144         0         2         0         0         0
                 288       144         0         2         1         0         0
                 289       145         0         2         0         0         0
                 290       145         0         2         1         0         0
                 291       146         0         2         0         0         0
                 292       146         0         2         1         0         0
                 293       147         0         2         0         0         0
                 294       147         0         2         1         0         0
                 295       148         0         2         0         0         0
                 296       148         0         2         1         0         0
                 297       149         0         2         0         0         0
                 298       149         0         2         1         0         0
                 299       150         0         2         0         0         0
                 300       150         0         2         1         0         0
                 301       151         0         2         0         0         0
                 302       151         0         2         1         0         0
                 303       152         0         2         0         0         0
                 304       152         0         2         1         0         0
                 305       153         0         2         0         0         0
                 306       153         0         2         1         0         0
                 307       154         0         2         0         0         0
                 308       154         0         2         1         0         0
                 309       155         0         2         0         0         0
                 310       155         0         2         1         0         0
                 311       156         0         2         0         0         0
                 312       156         0         2         1         0         0
                 313       157         0         2         0         0         0
                 314       157         0         2         1         0         0
                 315       158         0         2         0         0         0
                 316       158         0         2         1         0         0
                 317       159         0         2         0         0         0
                 318       159         0         2         1         0         0
                 319       160         0         2         0         0         0
                 320       160         0         2         1         0         0
                 321       161         0         2         0         0         0
                 322       161         0         2         1         0         0
                 323       162         0         2         0         0         0
                 324       162         0         2         1         0         0
                 325       163         0         2         0         0         0
                 326       163         0         2         1         0         0
                 327       164         0         2         0         0         0
                 328       164         0         2         1         0         0
                 329       165         0         2         0         0         0
                 330       165         0         2         1         0         0
                 331       166         0         2         0         0         0
                 332       166         0         2         1         0         0
                 333       167         0         2         0         0         0
                 334       167         0         2         1         0         0
                 335       168         0         2         0         0         0
                 336       168         0         2         1         0         0
                 337       169         0         2         0         0         0
                 338       169         0         2         1         0         0
                 339       170         0         2         0         0         0
                 340       170         0         2         1         0         0
                 341       171         0         2         0         0         0
                 342       171         0         2         1         0         0
                 343       172         0         3         0         0         1
                 344       172         0         3         1         0         1
                 345       173         0         3         0         0         1
                 346       173         0         3         1         0         1
                 347       174         0         3         0         0         0
                 348       174         0         3         1         0         0
                 349       175         0         3         0         0         0
                 350       175         0         3         1         0         0
                 351       176         0         3         0         0         0
                 352       176         0         3         1         0         0
                 353       177         0         3         0         0         0
                 354       177         0         3         1         0         0
                 355       178         0         3         0         0         0
                 356       178         0         3         1         0         0
                 357       179         0         3         0         0         0
                 358       179         0         3         1         0         0
                 359       180         0         3         0         0         0
                 360       180         0         3         1         0         0
                 361       181         0         3         0         0         0
                 362       181         0         3         1         0         0
                 363       182         0         3         0         0         0
                 364       182         0         3         1         0         0
                 365       183         0         3         0         0         0
                 366       183         0         3         1         0         0
                 367       184         0         3         0         0         0
                 368       184         0         3         1         0         0
                 369       185         0         3         0         0         0
                 370       185         0         3         1         0         0
                 371       186         0         3         0         0         0
                 372       186         0         3         1         0         0
                 373       187         0         3         0         0         0
                 374       187         0         3         1         0         0
                 375       188         0         3         0         0         0
                 376       188         0         3         1         0         0
                 377       189         0         3         0         0         0
                 378       189         0         3         1         0         0
                 379       190         0         3         0         0         0
                 380       190         0         3         1         0         0
                 381       191         0         3         0         0         0
                 382       191         0         3         1         0         0
                 383       192         0         3         0         0         0
                 384       192         0         3         1         0         0
                 385       193         0         3         0         0         0
                 386       193         0         3         1         0         0
                 387       194         0         3         0         0         0
                 388       194         0         3         1         0         0
                 389       195         0         3         0         0         0
                 390       195         0         3         1         0         0
                 391       196         0         3         0         0         0
                 392       196         0         3         1         0         0
                 393       197         0         3         0         0         0
                 394       197         0         3         1         0         0
                 395       198         0         3         0         0         0
                 396       198         0         3         1         0         0
                 397       199         0         3         0         0         0
                 398       199         0         3         1         0         0
                 399       200         0         3         0         0         0
                 400       200         0         3         1         0         0
                 401       201         0         3         0         0         0
                 402       201         0         3         1         0         0
                 403       202         0         3         0         0         0
                 404       202         0         3         1         0         0
                 405       203         0         3         0         0         0
                 406       203         0         3         1         0         0
                 407       204         0         3         0         0         0
                 408       204         0         3         1         0         0
                 409       205         0         3         0         0         0
                 410       205         0         3         1         0         0
                 411       206         0         3         0         0         0
                 412       206         0         3         1         0         0
                 413       207         0         3         0         0         0
                 414       207         0         3         1         0         0
                 415       208         0         3         0         0         0
                 416       208         0         3         1         0         0
                 417       209         0         3         0         0         0
                 418       209         0         3         1         0         0
                 419       210         0         3         0         0         0
                 420       210         0         3         1         0         0
                 421       211         0         3         0         0         0
                 422       211         0         3         1         0         0
                 423       212         0         3         0         0         0
                 424       212         0         3         1         0         0
                 425       213         0         3         0         0         0
                 426       213         0         3         1         0         0
                 427       214         0         3         0         0         0
                 428       214         0         3         1         0         0
                 429       215         0         3         0         0         0
                 430       215         0         3         1         0         0
                 431       216         0         3         0         0         0
                 432       216         0         3         1         0         0
                 433       217         0         3         0         0         0
                 434       217         0         3         1         0         0
                 435       218         0         3         0         0         0
                 436       218         0         3         1         0         0
                 437       219         0         3         0         0         0
                 438       219         0         3         1         0         0
                 439       220         0         3         0         0         0
                 440       220         0         3         1         0         0
                 441       221         0         3         0         0         0
                 442       221         0         3         1         0         0
                 443       222         0         3         0         0         0
                 444       222         0         3         1         0         0
                 445       223         0         3         0         0         0
                 446       223         0         3         1         0         0
                 447       224         0         3         0         0         0
                 448       224         0         3         1         0         0
                 449       225         0         3         0         0         0
                 450       225         0         3         1         0         0
 GIVEN NSRBD=         450
 CALCULATED NSRB=         450

          Assuming UKRMol+ integrals on input.

 On input SCATCI expects:
 1-electron integrals, NINT1e =0
 2-electron integrals, NINT2e =0

One electron integrals read-in.

Two electron integrals read-in.

 UKRMol+ integrals read successfully:
 1-electron integrals, NINT1e =25425
 2-electron integrals, NINT2e =759753

          Nuclear repulsion energy =      13.4724689

          Finished reading UKRMol+ integrals.
   Load CI target and construct matrix elements

 TRANSFORMATION VECTOR   1 FROM SET  1 STATE  1
 SET   1    CH4+ CI calculation - doublet A                                                                                         
          NOCSF=  588    NSTAT=    1    NNUC =    6

 Nuclear data     X         Y         Z       Charge
   C  1        0.000000  0.000000  0.000000  6.000000
   H  2        1.185952  1.185952  1.185957  1.000000
   H  2       -1.185952 -1.185952  1.185957  1.000000
   H  2       -1.185952  1.185952 -1.185957  1.000000
   H  2        1.185952 -1.185952 -1.185957  1.000000
   sc 3        0.000000  0.000000  0.000000  0.000000
          EIGEN-ENERGIES OF THE REQ. STATES
                      -39.4096151656

 TRANSFORMATION VECTOR   2 FROM SET  2 STATE  1
 SET   2    CH4+ CI calculation - doublet B3                                                                                        
          NOCSF=  588    NSTAT=    1    NNUC =    6

 Nuclear data     X         Y         Z       Charge
   C  1        0.000000  0.000000  0.000000  6.000000
   H  2        1.185952  1.185952  1.185957  1.000000
   H  2       -1.185952 -1.185952  1.185957  1.000000
   H  2       -1.185952  1.185952 -1.185957  1.000000
   H  2        1.185952 -1.185952 -1.185957  1.000000
   sc 3        0.000000  0.000000  0.000000  0.000000
          EIGEN-ENERGIES OF THE REQ. STATES
                      -39.7708635684

 TRANSFORMATION VECTOR   3 FROM SET  3 STATE  1
 SET   3    CH4+ CI calculation - doublet B2                                                                                        
          NOCSF=  588    NSTAT=    1    NNUC =    6

 Nuclear data     X         Y         Z       Charge
   C  1        0.000000  0.000000  0.000000  6.000000
   H  2        1.185952  1.185952  1.185957  1.000000
   H  2       -1.185952 -1.185952  1.185957  1.000000
   H  2       -1.185952  1.185952 -1.185957  1.000000
   H  2        1.185952 -1.185952 -1.185957  1.000000
   sc 3        0.000000  0.000000  0.000000  0.000000
          EIGEN-ENERGIES OF THE REQ. STATES
                      -39.7708635678

 TRANSFORMATION VECTOR   4 FROM SET  4 STATE  1
 SET   4    CH4+ CI calculation - doublet B1                                                                                        
          NOCSF=  588    NSTAT=    1    NNUC =    6

 Nuclear data     X         Y         Z       Charge
   C  1        0.000000  0.000000  0.000000  6.000000
   H  2        1.185952  1.185952  1.185957  1.000000
   H  2       -1.185952 -1.185952  1.185957  1.000000
   H  2       -1.185952  1.185952 -1.185957  1.000000
   H  2        1.185952 -1.185952 -1.185957  1.000000
   sc 3        0.000000  0.000000  0.000000  0.000000
          EIGEN-ENERGIES OF THE REQ. STATES
                      -39.7708623922
     MXCORB SET TO:       100000000


 TOTAL H Matrix     ELEMENTS      =    210276
 NON-ZERO ELEMENTS evaluated      =    137348
 Total    prototype ELEMENTS      =  13191816
 Non-zero prototype ELEMENTS      =     22342

 Number (prototype) integrals     =    444724
 Compressed (prototype) integrals =    144320
 Number integrals evaluated       =   5022908
 ===================================================
  inside subroutine --> 'dgmain' --> begins. 


  ************************************************************************************************************************

 MATRIX DIAGONALIZATION SECTION
 (RUN)     CH4+ CI calculation - singlet B2                                                                                        
  DATA SET FILE NUMBERS AND LENGTH SPECIFICATIONS :
      NFTE =812      NFTW =     25

 NPFLG :      0     0
 NCISET:      1

 NPCVC =    1
 THRHM = 0.10D-14


 (EMX)     e + CH4+ - singlet B2                                                                                                   

   648 Eigenvectors to be computed for
   648 dimensional final Hamiltonian matrix

    137348 Hamiltonian elements read from unit NFTE =812
 CI data stored as set number  1

 SET   1    CH4+ CI calculation - singlet B2                                                                                        

 MGVN = 2    s =   0.0    sz =   0.0    NELT =   10    NNUC =  6

 Nuclear data     X         Y         Z       Charge
   C  1        0.000000  0.000000  0.000000  6.000000
   H  2        1.185952  1.185952  1.185957  1.000000
   H  2       -1.185952 -1.185952  1.185957  1.000000
   H  2       -1.185952  1.185952 -1.185957  1.000000
   H  2        1.185952 -1.185952 -1.185957  1.000000
   sc 3        0.000000  0.000000  0.000000  0.000000

 NOCSF=  648    NSTAT=  648    EN   =       13.4724688803

 NTGSYM=   4
  I   MCONT  NOTGT
  1      2     52
  2      3     52
  3      0     60
  4      1     52

 EIGEN-ENERGIES
                      -39.9079908278      -39.8707295806      -39.8696843221      -39.8369070842      -39.8341678292
                      -39.8319623405      -39.8302863359      -39.7882113254      -39.7742815421      -39.7732848937
                      -39.7729678927      -39.7713134009      -39.7710703021      -39.7411297134      -39.7327309248
                      -39.7277536270      -39.7141422618      -39.7088540129      -39.7087839176      -39.7081016033
                      -39.7078684085      -39.7077424454      -39.7063569677      -39.7062224915      -39.6975625951
                      -39.6907591507      -39.5822488960      -39.5722230801      -39.5709192389      -39.5658322192
                      -39.5657602490      -39.5245176559      -39.5189748320      -39.5065364522      -39.4925201606
                      -39.4747165819      -39.4560694341      -39.4453209311      -39.4439163561      -39.4406974538
                      -39.4399171622      -39.4384245284      -39.4374101649      -39.4373115946      -39.4343307363
                      -39.4329316930      -39.4312137220      -39.4101362750      -39.4100016855      -39.3758875149
                      -39.3584423465      -39.3463950050      -39.3462915772      -39.3105748607      -39.2656914847
                      -39.2588364312      -39.2565750198      -39.2559131233      -39.2093819077      -39.2071480605
                      -39.1776651402      -39.1603652873      -39.1541487159      -39.1170256200      -39.0985529272
                      -39.0831238304      -39.0775899114      -39.0752404108      -39.0742742698      -39.0720935328
                      -39.0686659104      -39.0672151780      -39.0662204347      -39.0639839408      -39.0637612185
                      -39.0585381177      -39.0436981753      -39.0410885317      -38.9302427538      -38.9018583781
                      -38.8983032311      -38.8552655947      -38.8477327010      -38.8462941579      -38.8442559860
                      -38.8130872339      -38.7350153629      -38.7120634064      -38.7058737029      -38.7025170449
                      -38.6814644509      -38.6759146003      -38.6368753936      -38.6191964641      -38.6191778781
                      -38.6152050549      -38.6037647362      -38.6008418189      -38.5939536029      -38.5912649847
                      -38.5894292905      -38.5874958863      -38.5768954282      -38.5730980798      -38.5483308900
                      -38.5197311017      -38.5176260947      -38.5129224293      -38.5044166738      -38.4982147684
                      -38.4882946339      -38.4872696701      -38.4659953510      -38.4495607532      -38.4432520608
                      -38.3736738377      -38.3617354452      -38.3471659844      -38.3344075665      -38.3337926846
                      -38.3307416522      -38.3278314281      -38.3241614160      -38.3161633396      -38.2890910764
                      -38.2500816170      -38.2310279150      -38.2274060006      -38.2215852535      -38.1771129104
                      -38.1752765593      -38.1608751590      -38.1596406507      -38.0965830529      -38.0919305385
                      -38.0611447469      -38.0528044554      -38.0418692312      -38.0356257377      -38.0298005901
                      -38.0272224316      -38.0199773678      -38.0161331533      -38.0096163717      -37.9998692200
                      -37.9971116872      -37.9958002100      -37.9945890235      -37.9884936585      -37.9587833663
                      -37.9562943987      -37.9440325032      -37.9372606836      -37.9297621811      -37.9079436005
                      -37.8638643549      -37.8212827398      -37.8095231985      -37.7947684217      -37.7814515383
                      -37.7705107452      -37.7483189636      -37.7410251430      -37.7297822561      -37.7247199077
                      -37.7186446789      -37.7152540987      -37.6952618965      -37.6937001124      -37.6805771701
                      -37.6769949325      -37.6754080667      -37.6737286566      -37.6687854417      -37.6587599324
                      -37.6559360385      -37.6552803620      -37.6499442960      -37.6402557112      -37.6337940901
                      -37.6098701693      -37.6091071228      -37.5932519131      -37.5815275341      -37.5772185851
                      -37.5739725295      -37.5636601141      -37.5505558656      -37.5397009412      -37.5302905141
                      -37.5265337525      -37.5067166952      -37.5042051241      -37.4786838234      -37.4750664124
                      -37.4722678367      -37.4607280203      -37.4598171499      -37.4412987953      -37.4269343608
                      -37.4182354509      -37.4063970925      -37.4007636392      -37.3870892782      -37.3757616832
                      -37.3686878403      -37.3562703381      -37.3510507435      -37.3509387169      -37.3488717915
                      -37.3237922001      -37.3231546059      -37.3146596460      -37.3019608070      -37.2916434745
                      -37.2731043140      -37.2650055274      -37.2599682110      -37.2586002698      -37.2485912245
                      -37.2475311295      -37.2423117155      -37.2267211945      -37.2173824578      -37.2126158053
                      -37.2100842159      -37.2046166190      -37.1972768242      -37.1899364016      -37.1867919836
                      -37.1866963473      -37.1790460305      -37.1774005729      -37.1763787865      -37.1745228714
                      -37.1662322441      -37.1625534458      -37.1553632994      -37.1484986765      -37.1437228169
                      -37.1401663072      -37.1356326969      -37.1214816990      -37.1174347612      -37.1056994628
                      -37.0979489210      -37.0946669533      -37.0905139086      -37.0733098613      -37.0607680468
                      -37.0505928912      -37.0319357489      -37.0203733718      -37.0106163052      -36.9925308070
                      -36.9725951934      -36.9724825327      -36.9489792850      -36.9456519651      -36.9442061617
                      -36.9338091747      -36.9272287378      -36.9121822946      -36.9099769728      -36.9007071896
                      -36.8796812692      -36.8792760475      -36.8785593853      -36.8672101014      -36.8653154963
                      -36.8628579069      -36.8614681457      -36.8504721792      -36.8477654041      -36.8439726177
                      -36.8407068186      -36.8356254281      -36.8241662831      -36.8078992726      -36.8049099051
                      -36.7941767055      -36.7931723455      -36.7877139845      -36.7794772281      -36.7775381214
                      -36.7746198756      -36.7686108749      -36.7659476513      -36.7658235488      -36.7648879600
                      -36.7615495512      -36.7542932985      -36.7466343145      -36.7308874465      -36.7282902704
                      -36.7128555984      -36.6978899902      -36.6970456262      -36.6934838583      -36.6930731847
                      -36.6901800494      -36.6870891726      -36.6746895659      -36.6711239465      -36.6697944392
                      -36.6528810508      -36.6452408217      -36.6397855758      -36.6350947265      -36.6178330904
                      -36.6151378125      -36.6077990251      -36.5981269311      -36.5978339421      -36.5766395998
                      -36.5761486437      -36.5686662098      -36.5624443834      -36.5566439637      -36.5497984028
                      -36.5344999581      -36.5313254935      -36.5061777248      -36.5030238693      -36.4865128737
                      -36.4762594852      -36.4738041841      -36.4643868380      -36.4574192521      -36.4542059156
                      -36.4415036399      -36.4362682745      -36.4356798116      -36.4300968606      -36.4274427930
                      -36.4192943228      -36.4177521394      -36.4112173214      -36.3981801050      -36.3919905215
                      -36.3805440307      -36.3773935081      -36.3677728430      -36.3645243106      -36.3589584713
                      -36.3566478774      -36.3444403474      -36.3399134422      -36.3373820551      -36.3342980357
                      -36.3240005103      -36.3061777629      -36.3060595944      -36.3056853923      -36.3022756795
                      -36.2896736836      -36.2825303253      -36.2754428808      -36.2742945629      -36.2708057253
                      -36.2671664243      -36.2643603109      -36.2640341869      -36.2555904970      -36.2500909519
                      -36.2438005639      -36.2390043254      -36.2335626528      -36.2283635177      -36.2241577008
                      -36.2153298700      -36.2089021448      -36.1925776227      -36.1876566678      -36.1829317178
                      -36.1732358234      -36.1641587786      -36.1610168808      -36.1602875197      -36.1589866371
                      -36.1498441415      -36.1462902913      -36.1378782254      -36.1284265829      -36.1247804227
                      -36.1180090346      -36.1165197677      -36.1092410056      -36.0982960853      -36.0979695867
                      -36.0939331061      -36.0919561506      -36.0819424634      -36.0671389176      -36.0654639122
                      -36.0517164266      -36.0478371047      -36.0434802309      -36.0390211355      -36.0331020178
