+-------------------------------------------------------------------------+
|              _              |                                           |
| || || ||//  | \          |  | University College London (C) 1994 - 2020 |
| || || ||    | / |/\/\ /\ |  | Open University           (C) 2007 - 2020 |
| \\_// ||\\  | \ | | | \/ |  |                                           |
|                             |                                           |
+-------------------------------------------------------------------------+
| Last revision: 3.2                                                      |
| Last author:   Jimena Gorfinkiel                                        |
| Last date:     Tue Dec 21 17:59:46 2021 +0000                           |
+-------------------------------------------------------------------------+
1

 PROGRAM CONGEN :

                         DATE = 20230406

                         TIME = 101041.072




Using   4-byte integers
  and   8-byte reals

 NBMX =  2000000 WORDS
 ***** REGION USED FOR INPUT DATA    4501 WORDS     4 K
 ***** LEFT   1995500  WORDS
1CONGEN 1.0  IBM SAN JOSE      CH4+ - doublet A                                                                              PAGE 001

 NELECT   9   CONFPF  1   MULT   2   CDIMX   400   ICDI      1
 NTSO   450   SYMTYP  2   MVAL   0   NIDMX  4000   INDI    401
 NREFO    4               REFLC  0   NODIMX  100   INODI  4401
 NSYM     4               GUTOT  0   NCORE   2000000
                          ISZ    2   NAV     1995500


              DATA FOR SPEEDY INPUT

             IDIAG    1   MEGU  14   THRES   1.0000E-10
             LCDT   500   MEGUL720
             LNDT  5000   NFTO  15
             NRERUN   0   LTRI 300

             NPFLG =  0  0  0  0  0  0  NNDEL =      0
             BYPROJ 1   LNDO  10000000   LCDO       500
 
 
 NSYM    1    2    3    4
 NOB    63   54   54   54
 NSOI    1  127  235  343
 
 REFERENCE DETERMINANT INPUT DATA
         1   2   3   4
 MSHL    0   1   2   3
 PQN     1   1   1   1
 NES     6   1   1   1
 SO1     0   0   0   1
 SO2     0   0   0   0
 
 
 REFDET =  1,  2,  3,  4,  5,  6,127,235,344,
 lsquare =           0
1CONGEN 1.0  IBM SAN JOSE      CH4+ - doublet A                                                                              PAGE 002

 WFN GROUP   1    ORMAS distribution 1/1                                                          
 NELECG   9   DEFLTC  0   IRFCON  4501
 NDPROD   2   NTCON   0   NAV     1995500
 NREFOG   4

           1  2
 NELECP =  2  7
 NSHLP  =  1  4
 
   1 ORBITALS IN GROUP 1
            1
 MSHL       0
 PQN   ( 0, 1, 1)
 
   4 ORBITALS IN GROUP 2
            1           2           3           4
 MSHL       0           1           2           3
 PQN   ( 0, 2, 3)  ( 0, 1, 2)  ( 0, 1, 2)  ( 0, 1, 2)
 
 
 COUPLING DATA
            6           7           8           9
 CUP   ( 2, 3, 6)  ( 6, 4, 7)  ( 7, 5, 8)  ( 1, 8, 9)
 
 REFERENCE DETERMINANT INPUT DATA
         1   2   3   4
 MSHL    0   1   2   3
 PQN     1   1   1   1
 NES     6   1   1   1
 SO1     0   0   0   1
 SO2     0   0   0   0
 
 
 REFDET =  1,  2,  3,  4,  5,  6,127,235,344,
 
1CONGEN 1.0  IBM SAN JOSE      CH4+ - doublet A                                                                              PAGE 003

 NTYP=  1   SHELL NO       1           2           3           4           5           6
            OCCSHL         2           2           2           1           1           1
            SYM            0           0           0           1           2           3
            PQN      (  0, 1, 1) (  0, 2, 3) (  0, 2, 3) (  0, 1, 2) (  0, 1, 2) (  0, 1, 2)
            QNSHL          1           1           1           2           2           2
 
 *******************     TOTAL NUMBER OF DISTRIBUTIONS FOR NTYP =  1 IS    8
 *******************     TOTAL NUMBER OF STATES FOR NTYP=  1 IS   2
                    CSF NUMBERS         1 TO        16 (       16 CSFS) GENERATED
 ********************************************************************************************
 ********************************************************************************************
 
 
 NTYP=  2   SHELL NO       1           2           3           4           5
            OCCSHL         2           2           1           2           2
            SYM            0           0           0           1           1
            PQN      (  0, 1, 1) (  0, 2, 3) (  0, 2, 3) (  0, 1, 2) (  0, 1, 2)
            QNSHL          1           1           2           1           1
 
 *******************     TOTAL NUMBER OF DISTRIBUTIONS FOR NTYP =  2 IS    2
 *******************     TOTAL NUMBER OF STATES FOR NTYP=  2 IS   1
                    CSF NUMBERS        17 TO        18 (        2 CSFS) GENERATED
 ********************************************************************************
 ********************************************************************************
 
 
 NTYP=  3   SHELL NO       1           2           3           4           5
            OCCSHL         2           2           1           2           2
            SYM            0           0           0           1           2
            PQN      (  0, 1, 1) (  0, 2, 3) (  0, 2, 3) (  0, 1, 2) (  0, 1, 2)
            QNSHL          1           1           2           1           1
 
 *******************     TOTAL NUMBER OF DISTRIBUTIONS FOR NTYP =  3 IS    8
 *******************     TOTAL NUMBER OF STATES FOR NTYP=  3 IS   1
                    CSF NUMBERS        19 TO        26 (        8 CSFS) GENERATED
 ********************************************************************************
 ********************************************************************************
 
 
 NTYP=  4   SHELL NO       1           2           3           4           5           6
            OCCSHL         2           2           1           2           1           1
            SYM            0           0           0           1           2           2
            PQN      (  0, 1, 1) (  0, 2, 3) (  0, 2, 3) (  0, 1, 2) (  0, 1, 2) (  0, 1, 2)
            QNSHL          1           1           2           1           2           2
 
 *******************     TOTAL NUMBER OF DISTRIBUTIONS FOR NTYP =  4 IS    4
 *******************     TOTAL NUMBER OF STATES FOR NTYP=  4 IS   2
                    CSF NUMBERS        27 TO        34 (        8 CSFS) GENERATED
 ********************************************************************************************
 ********************************************************************************************
1CONGEN 1.0  IBM SAN JOSE      CH4+ - doublet A                                                                              PAGE 004

 NTYP=  5   SHELL NO       1           2           3           4           5           6
            OCCSHL         2           2           1           1           1           2
            SYM            0           0           0           1           1           2
            PQN      (  0, 1, 1) (  0, 2, 3) (  0, 2, 3) (  0, 1, 2) (  0, 1, 2) (  0, 1, 2)
            QNSHL          1           1           2           2           2           1
 
 *******************     TOTAL NUMBER OF DISTRIBUTIONS FOR NTYP =  5 IS    4
 *******************     TOTAL NUMBER OF STATES FOR NTYP=  5 IS   2
                    CSF NUMBERS        35 TO        42 (        8 CSFS) GENERATED
 ********************************************************************************************
 ********************************************************************************************
 
 
 NTYP=  6   SHELL NO       1           2           3           4           5           6           7
            OCCSHL         2           2           1           1           1           1           1
            SYM            0           0           0           1           1           2           2
            PQN      (  0, 1, 1) (  0, 2, 3) (  0, 2, 3) (  0, 1, 2) (  0, 1, 2) (  0, 1, 2) (  0, 1, 2)
            QNSHL          1           1           2           2           2           2           2
 
 *******************     TOTAL NUMBER OF DISTRIBUTIONS FOR NTYP =  6 IS    2
 *******************     TOTAL NUMBER OF STATES FOR NTYP=  6 IS   5
                    CSF NUMBERS        43 TO        52 (       10 CSFS) GENERATED
 ********************************************************************************************************
 ********************************************************************************************************
 
 
 NTYP=  7   SHELL NO       1           2           3           4           5
            OCCSHL         2           2           1           2           2
            SYM            0           0           0           1           3
            PQN      (  0, 1, 1) (  0, 2, 3) (  0, 2, 3) (  0, 1, 2) (  0, 1, 2)
            QNSHL          1           1           2           1           1
 
 *******************     TOTAL NUMBER OF DISTRIBUTIONS FOR NTYP =  7 IS    8
 *******************     TOTAL NUMBER OF STATES FOR NTYP=  7 IS   1
                    CSF NUMBERS        53 TO        60 (        8 CSFS) GENERATED
 ********************************************************************************
 ********************************************************************************
 
 
 NTYP=  8   SHELL NO       1           2           3           4           5           6
            OCCSHL         2           2           1           2           1           1
            SYM            0           0           0           1           3           3
            PQN      (  0, 1, 1) (  0, 2, 3) (  0, 2, 3) (  0, 1, 2) (  0, 1, 2) (  0, 1, 2)
            QNSHL          1           1           2           1           2           2
 
 *******************     TOTAL NUMBER OF DISTRIBUTIONS FOR NTYP =  8 IS    4
 *******************     TOTAL NUMBER OF STATES FOR NTYP=  8 IS   2
                    CSF NUMBERS        61 TO        68 (        8 CSFS) GENERATED
 ********************************************************************************************
 ********************************************************************************************
1CONGEN 1.0  IBM SAN JOSE      CH4+ - doublet A                                                                              PAGE 005

 NTYP=  9   SHELL NO       1           2           3           4           5           6
            OCCSHL         2           2           1           1           1           2
            SYM            0           0           0           1           1           3
            PQN      (  0, 1, 1) (  0, 2, 3) (  0, 2, 3) (  0, 1, 2) (  0, 1, 2) (  0, 1, 2)
            QNSHL          1           1           2           2           2           1
 
 *******************     TOTAL NUMBER OF DISTRIBUTIONS FOR NTYP =  9 IS    4
 *******************     TOTAL NUMBER OF STATES FOR NTYP=  9 IS   2
                    CSF NUMBERS        69 TO        76 (        8 CSFS) GENERATED
 ********************************************************************************************
 ********************************************************************************************
 
 
 NTYP= 10   SHELL NO       1           2           3           4           5           6           7
            OCCSHL         2           2           1           1           1           1           1
            SYM            0           0           0           1           1           3           3
            PQN      (  0, 1, 1) (  0, 2, 3) (  0, 2, 3) (  0, 1, 2) (  0, 1, 2) (  0, 1, 2) (  0, 1, 2)
            QNSHL          1           1           2           2           2           2           2
 
 *******************     TOTAL NUMBER OF DISTRIBUTIONS FOR NTYP = 10 IS    2
 *******************     TOTAL NUMBER OF STATES FOR NTYP= 10 IS   5
                    CSF NUMBERS        77 TO        86 (       10 CSFS) GENERATED
 ********************************************************************************************************
 ********************************************************************************************************
 
 
 NTYP= 11   SHELL NO       1           2           3           4           5
            OCCSHL         2           2           1           2           2
            SYM            0           0           0           2           2
            PQN      (  0, 1, 1) (  0, 2, 3) (  0, 2, 3) (  0, 1, 2) (  0, 1, 2)
            QNSHL          1           1           2           1           1
 
 *******************     TOTAL NUMBER OF DISTRIBUTIONS FOR NTYP = 11 IS    2
 *******************     TOTAL NUMBER OF STATES FOR NTYP= 11 IS   1
                    CSF NUMBERS        87 TO        88 (        2 CSFS) GENERATED
 ********************************************************************************
 ********************************************************************************
 
 
 NTYP= 12   SHELL NO       1           2           3           4           5
            OCCSHL         2           2           1           2           2
            SYM            0           0           0           2           3
            PQN      (  0, 1, 1) (  0, 2, 3) (  0, 2, 3) (  0, 1, 2) (  0, 1, 2)
            QNSHL          1           1           2           1           1
 
 *******************     TOTAL NUMBER OF DISTRIBUTIONS FOR NTYP = 12 IS    8
 *******************     TOTAL NUMBER OF STATES FOR NTYP= 12 IS   1
                    CSF NUMBERS        89 TO        96 (        8 CSFS) GENERATED
 ********************************************************************************
 ********************************************************************************
1CONGEN 1.0  IBM SAN JOSE      CH4+ - doublet A                                                                              PAGE 006

 NTYP= 13   SHELL NO       1           2           3           4           5           6
            OCCSHL         2           2           1           2           1           1
            SYM            0           0           0           2           3           3
            PQN      (  0, 1, 1) (  0, 2, 3) (  0, 2, 3) (  0, 1, 2) (  0, 1, 2) (  0, 1, 2)
            QNSHL          1           1           2           1           2           2
 
 *******************     TOTAL NUMBER OF DISTRIBUTIONS FOR NTYP = 13 IS    4
 *******************     TOTAL NUMBER OF STATES FOR NTYP= 13 IS   2
                    CSF NUMBERS        97 TO       104 (        8 CSFS) GENERATED
 ********************************************************************************************
 ********************************************************************************************
 
 
 NTYP= 14   SHELL NO       1           2           3           4           5           6
            OCCSHL         2           2           1           1           1           2
            SYM            0           0           0           2           2           3
            PQN      (  0, 1, 1) (  0, 2, 3) (  0, 2, 3) (  0, 1, 2) (  0, 1, 2) (  0, 1, 2)
            QNSHL          1           1           2           2           2           1
 
 *******************     TOTAL NUMBER OF DISTRIBUTIONS FOR NTYP = 14 IS    4
 *******************     TOTAL NUMBER OF STATES FOR NTYP= 14 IS   2
                    CSF NUMBERS       105 TO       112 (        8 CSFS) GENERATED
 ********************************************************************************************
 ********************************************************************************************
 
 
 NTYP= 15   SHELL NO       1           2           3           4           5           6           7
            OCCSHL         2           2           1           1           1           1           1
            SYM            0           0           0           2           2           3           3
            PQN      (  0, 1, 1) (  0, 2, 3) (  0, 2, 3) (  0, 1, 2) (  0, 1, 2) (  0, 1, 2) (  0, 1, 2)
            QNSHL          1           1           2           2           2           2           2
 
 *******************     TOTAL NUMBER OF DISTRIBUTIONS FOR NTYP = 15 IS    2
 *******************     TOTAL NUMBER OF STATES FOR NTYP= 15 IS   5
                    CSF NUMBERS       113 TO       122 (       10 CSFS) GENERATED
 ********************************************************************************************************
 ********************************************************************************************************
 
 
 NTYP= 16   SHELL NO       1           2           3           4           5
            OCCSHL         2           2           1           2           2
            SYM            0           0           0           3           3
            PQN      (  0, 1, 1) (  0, 2, 3) (  0, 2, 3) (  0, 1, 2) (  0, 1, 2)
            QNSHL          1           1           2           1           1
 
 *******************     TOTAL NUMBER OF DISTRIBUTIONS FOR NTYP = 16 IS    2
 *******************     TOTAL NUMBER OF STATES FOR NTYP= 16 IS   1
                    CSF NUMBERS       123 TO       124 (        2 CSFS) GENERATED
 ********************************************************************************
 ********************************************************************************
1CONGEN 1.0  IBM SAN JOSE      CH4+ - doublet A                                                                              PAGE 007

 NTYP= 17   SHELL NO       1           2           3           4           5           6
            OCCSHL         2           2           2           1           1           1
            SYM            0           0           1           1           2           3
            PQN      (  0, 1, 1) (  0, 2, 3) (  0, 1, 2) (  0, 1, 2) (  0, 1, 2) (  0, 1, 2)
            QNSHL          1           1           1           2           2           2
 
 *******************     TOTAL NUMBER OF DISTRIBUTIONS FOR NTYP = 17 IS   16
 *******************     TOTAL NUMBER OF STATES FOR NTYP= 17 IS   2
                    CSF NUMBERS       125 TO       156 (       32 CSFS) GENERATED
 ********************************************************************************************
 ********************************************************************************************
 
 
 NTYP= 18   SHELL NO       1           2           3           4           5           6           7
            OCCSHL         2           1           1           2           1           1           1
            SYM            0           0           0           1           1           2           3
            PQN      (  0, 1, 1) (  0, 2, 3) (  0, 2, 3) (  0, 1, 2) (  0, 1, 2) (  0, 1, 2) (  0, 1, 2)
            QNSHL          1           2           2           1           2           2           2
 
 *******************     TOTAL NUMBER OF DISTRIBUTIONS FOR NTYP = 18 IS    8
 *******************     TOTAL NUMBER OF STATES FOR NTYP= 18 IS   5
                    CSF NUMBERS       157 TO       196 (       40 CSFS) GENERATED
 ********************************************************************************************************
 ********************************************************************************************************
 
 
 NTYP= 19   SHELL NO       1           2           3           4           5           6
            OCCSHL         2           2           1           2           1           1
            SYM            0           0           1           2           2           3
            PQN      (  0, 1, 1) (  0, 2, 3) (  0, 1, 2) (  0, 1, 2) (  0, 1, 2) (  0, 1, 2)
            QNSHL          1           1           2           1           2           2
 
 *******************     TOTAL NUMBER OF DISTRIBUTIONS FOR NTYP = 19 IS   16
 *******************     TOTAL NUMBER OF STATES FOR NTYP= 19 IS   2
                    CSF NUMBERS       197 TO       228 (       32 CSFS) GENERATED
 ********************************************************************************************
 ********************************************************************************************
 
 
 NTYP= 20   SHELL NO       1           2           3           4           5           6           7
            OCCSHL         2           1           1           1           2           1           1
            SYM            0           0           0           1           2           2           3
            PQN      (  0, 1, 1) (  0, 2, 3) (  0, 2, 3) (  0, 1, 2) (  0, 1, 2) (  0, 1, 2) (  0, 1, 2)
            QNSHL          1           2           2           2           1           2           2
 
 *******************     TOTAL NUMBER OF DISTRIBUTIONS FOR NTYP = 20 IS    8
 *******************     TOTAL NUMBER OF STATES FOR NTYP= 20 IS   5
                    CSF NUMBERS       229 TO       268 (       40 CSFS) GENERATED
 ********************************************************************************************************
 ********************************************************************************************************
1CONGEN 1.0  IBM SAN JOSE      CH4+ - doublet A                                                                              PAGE 008

 NTYP= 21   SHELL NO       1           2           3           4           5           6
            OCCSHL         2           2           1           1           2           1
            SYM            0           0           1           2           3           3
            PQN      (  0, 1, 1) (  0, 2, 3) (  0, 1, 2) (  0, 1, 2) (  0, 1, 2) (  0, 1, 2)
            QNSHL          1           1           2           2           1           2
 
 *******************     TOTAL NUMBER OF DISTRIBUTIONS FOR NTYP = 21 IS   16
 *******************     TOTAL NUMBER OF STATES FOR NTYP= 21 IS   2
                    CSF NUMBERS       269 TO       300 (       32 CSFS) GENERATED
 ********************************************************************************************
 ********************************************************************************************
 
 
 NTYP= 22   SHELL NO       1           2           3           4           5           6           7
            OCCSHL         2           1           1           1           1           2           1
            SYM            0           0           0           1           2           3           3
            PQN      (  0, 1, 1) (  0, 2, 3) (  0, 2, 3) (  0, 1, 2) (  0, 1, 2) (  0, 1, 2) (  0, 1, 2)
            QNSHL          1           2           2           2           2           1           2
 
 *******************     TOTAL NUMBER OF DISTRIBUTIONS FOR NTYP = 22 IS    8
 *******************     TOTAL NUMBER OF STATES FOR NTYP= 22 IS   5
                    CSF NUMBERS       301 TO       340 (       40 CSFS) GENERATED
 ********************************************************************************************************
 ********************************************************************************************************
 
 
 NTYP= 23   SHELL NO       1           2           3           4           5
            OCCSHL         2           1           2           2           2
            SYM            0           0           1           1           2
            PQN      (  0, 1, 1) (  0, 2, 3) (  0, 1, 2) (  0, 1, 2) (  0, 1, 2)
            QNSHL          1           2           1           1           1
 
 *******************     TOTAL NUMBER OF DISTRIBUTIONS FOR NTYP = 23 IS    4
 *******************     TOTAL NUMBER OF STATES FOR NTYP= 23 IS   1
                    CSF NUMBERS       341 TO       344 (        4 CSFS) GENERATED
 ********************************************************************************
 ********************************************************************************
 
 
 NTYP= 24   SHELL NO       1           2           3           4           5           6
            OCCSHL         2           1           2           2           1           1
            SYM            0           0           1           1           2           2
            PQN      (  0, 1, 1) (  0, 2, 3) (  0, 1, 2) (  0, 1, 2) (  0, 1, 2) (  0, 1, 2)
            QNSHL          1           2           1           1           2           2
 
 *******************     TOTAL NUMBER OF DISTRIBUTIONS FOR NTYP = 24 IS    2
 *******************     TOTAL NUMBER OF STATES FOR NTYP= 24 IS   2
                    CSF NUMBERS       345 TO       348 (        4 CSFS) GENERATED
 ********************************************************************************************
 ********************************************************************************************
1CONGEN 1.0  IBM SAN JOSE      CH4+ - doublet A                                                                              PAGE 009

 NTYP= 25   SHELL NO       1           2           3           4           5
            OCCSHL         2           1           2           2           2
            SYM            0           0           1           1           3
            PQN      (  0, 1, 1) (  0, 2, 3) (  0, 1, 2) (  0, 1, 2) (  0, 1, 2)
            QNSHL          1           2           1           1           1
 
 *******************     TOTAL NUMBER OF DISTRIBUTIONS FOR NTYP = 25 IS    4
 *******************     TOTAL NUMBER OF STATES FOR NTYP= 25 IS   1
                    CSF NUMBERS       349 TO       352 (        4 CSFS) GENERATED
 ********************************************************************************
 ********************************************************************************
 
 
 NTYP= 26   SHELL NO       1           2           3           4           5           6
            OCCSHL         2           1           2           2           1           1
            SYM            0           0           1           1           3           3
            PQN      (  0, 1, 1) (  0, 2, 3) (  0, 1, 2) (  0, 1, 2) (  0, 1, 2) (  0, 1, 2)
            QNSHL          1           2           1           1           2           2
 
 *******************     TOTAL NUMBER OF DISTRIBUTIONS FOR NTYP = 26 IS    2
 *******************     TOTAL NUMBER OF STATES FOR NTYP= 26 IS   2
                    CSF NUMBERS       353 TO       356 (        4 CSFS) GENERATED
 ********************************************************************************************
 ********************************************************************************************
 
 
 NTYP= 27   SHELL NO       1           2           3           4           5
            OCCSHL         2           1           2           2           2
            SYM            0           0           1           2           2
            PQN      (  0, 1, 1) (  0, 2, 3) (  0, 1, 2) (  0, 1, 2) (  0, 1, 2)
            QNSHL          1           2           1           1           1
 
 *******************     TOTAL NUMBER OF DISTRIBUTIONS FOR NTYP = 27 IS    4
 *******************     TOTAL NUMBER OF STATES FOR NTYP= 27 IS   1
                    CSF NUMBERS       357 TO       360 (        4 CSFS) GENERATED
 ********************************************************************************
 ********************************************************************************
 
 
 NTYP= 28   SHELL NO       1           2           3           4           5           6
            OCCSHL         2           1           1           1           2           2
            SYM            0           0           1           1           2           2
            PQN      (  0, 1, 1) (  0, 2, 3) (  0, 1, 2) (  0, 1, 2) (  0, 1, 2) (  0, 1, 2)
            QNSHL          1           2           2           2           1           1
 
 *******************     TOTAL NUMBER OF DISTRIBUTIONS FOR NTYP = 28 IS    2
 *******************     TOTAL NUMBER OF STATES FOR NTYP= 28 IS   2
                    CSF NUMBERS       361 TO       364 (        4 CSFS) GENERATED
 ********************************************************************************************
 ********************************************************************************************
1CONGEN 1.0  IBM SAN JOSE      CH4+ - doublet A                                                                              PAGE 010

 NTYP= 29   SHELL NO       1           2           3           4           5
            OCCSHL         2           1           2           2           2
            SYM            0           0           1           2           3
            PQN      (  0, 1, 1) (  0, 2, 3) (  0, 1, 2) (  0, 1, 2) (  0, 1, 2)
            QNSHL          1           2           1           1           1
 
 *******************     TOTAL NUMBER OF DISTRIBUTIONS FOR NTYP = 29 IS   16
 *******************     TOTAL NUMBER OF STATES FOR NTYP= 29 IS   1
                    CSF NUMBERS       365 TO       380 (       16 CSFS) GENERATED
 ********************************************************************************
 ********************************************************************************
 
 
 NTYP= 30   SHELL NO       1           2           3           4           5           6
            OCCSHL         2           1           2           2           1           1
            SYM            0           0           1           2           3           3
            PQN      (  0, 1, 1) (  0, 2, 3) (  0, 1, 2) (  0, 1, 2) (  0, 1, 2) (  0, 1, 2)
            QNSHL          1           2           1           1           2           2
 
 *******************     TOTAL NUMBER OF DISTRIBUTIONS FOR NTYP = 30 IS    8
 *******************     TOTAL NUMBER OF STATES FOR NTYP= 30 IS   2
                    CSF NUMBERS       381 TO       396 (       16 CSFS) GENERATED
 ********************************************************************************************
 ********************************************************************************************
 
 
 NTYP= 31   SHELL NO       1           2           3           4           5           6
            OCCSHL         2           1           2           1           1           2
            SYM            0           0           1           2           2           3
            PQN      (  0, 1, 1) (  0, 2, 3) (  0, 1, 2) (  0, 1, 2) (  0, 1, 2) (  0, 1, 2)
            QNSHL          1           2           1           2           2           1
 
 *******************     TOTAL NUMBER OF DISTRIBUTIONS FOR NTYP = 31 IS    8
 *******************     TOTAL NUMBER OF STATES FOR NTYP= 31 IS   2
                    CSF NUMBERS       397 TO       412 (       16 CSFS) GENERATED
 ********************************************************************************************
 ********************************************************************************************
 
 
 NTYP= 32   SHELL NO       1           2           3           4           5           6           7
            OCCSHL         2           1           2           1           1           1           1
            SYM            0           0           1           2           2           3           3
            PQN      (  0, 1, 1) (  0, 2, 3) (  0, 1, 2) (  0, 1, 2) (  0, 1, 2) (  0, 1, 2) (  0, 1, 2)
            QNSHL          1           2           1           2           2           2           2
 
 *******************     TOTAL NUMBER OF DISTRIBUTIONS FOR NTYP = 32 IS    4
 *******************     TOTAL NUMBER OF STATES FOR NTYP= 32 IS   5
                    CSF NUMBERS       413 TO       432 (       20 CSFS) GENERATED
 ********************************************************************************************************
 ********************************************************************************************************
1CONGEN 1.0  IBM SAN JOSE      CH4+ - doublet A                                                                              PAGE 011

 NTYP= 33   SHELL NO       1           2           3           4           5           6
            OCCSHL         2           1           1           1           2           2
            SYM            0           0           1           1           2           3
            PQN      (  0, 1, 1) (  0, 2, 3) (  0, 1, 2) (  0, 1, 2) (  0, 1, 2) (  0, 1, 2)
            QNSHL          1           2           2           2           1           1
 
 *******************     TOTAL NUMBER OF DISTRIBUTIONS FOR NTYP = 33 IS    8
 *******************     TOTAL NUMBER OF STATES FOR NTYP= 33 IS   2
                    CSF NUMBERS       433 TO       448 (       16 CSFS) GENERATED
 ********************************************************************************************
 ********************************************************************************************
 
 
 NTYP= 34   SHELL NO       1           2           3           4           5           6           7
            OCCSHL         2           1           1           1           2           1           1
            SYM            0           0           1           1           2           3           3
            PQN      (  0, 1, 1) (  0, 2, 3) (  0, 1, 2) (  0, 1, 2) (  0, 1, 2) (  0, 1, 2) (  0, 1, 2)
            QNSHL          1           2           2           2           1           2           2
 
 *******************     TOTAL NUMBER OF DISTRIBUTIONS FOR NTYP = 34 IS    4
 *******************     TOTAL NUMBER OF STATES FOR NTYP= 34 IS   5
                    CSF NUMBERS       449 TO       468 (       20 CSFS) GENERATED
 ********************************************************************************************************
 ********************************************************************************************************
 
 
 NTYP= 35   SHELL NO       1           2           3           4           5           6           7
            OCCSHL         2           1           1           1           1           1           2
            SYM            0           0           1           1           2           2           3
            PQN      (  0, 1, 1) (  0, 2, 3) (  0, 1, 2) (  0, 1, 2) (  0, 1, 2) (  0, 1, 2) (  0, 1, 2)
            QNSHL          1           2           2           2           2           2           1
 
 *******************     TOTAL NUMBER OF DISTRIBUTIONS FOR NTYP = 35 IS    4
 *******************     TOTAL NUMBER OF STATES FOR NTYP= 35 IS   5
                    CSF NUMBERS       469 TO       488 (       20 CSFS) GENERATED
 ********************************************************************************************************
 ********************************************************************************************************
 
 
 NTYP= 36   SHELL NO       1           2           3           4           5           6           7           8
            OCCSHL         2           1           1           1           1           1           1           1
            SYM            0           0           1           1           2           2           3           3
            PQN      (  0, 1, 1) (  0, 2, 3) (  0, 1, 2) (  0, 1, 2) (  0, 1, 2) (  0, 1, 2) (  0, 1, 2) (  0, 1, 2)
            QNSHL          1           2           2           2           2           2           2           2
 
 *******************     TOTAL NUMBER OF DISTRIBUTIONS FOR NTYP = 36 IS    2
 *******************     TOTAL NUMBER OF STATES FOR NTYP= 36 IS  14
                    CSF NUMBERS       489 TO       516 (       28 CSFS) GENERATED
 ********************************************************************************************************************
 ********************************************************************************************************************
1CONGEN 1.0  IBM SAN JOSE      CH4+ - doublet A                                                                              PAGE 012

 NTYP= 37   SHELL NO       1           2           3           4           5
            OCCSHL         2           1           2           2           2
            SYM            0           0           1           3           3
            PQN      (  0, 1, 1) (  0, 2, 3) (  0, 1, 2) (  0, 1, 2) (  0, 1, 2)
            QNSHL          1           2           1           1           1
 
 *******************     TOTAL NUMBER OF DISTRIBUTIONS FOR NTYP = 37 IS    4
 *******************     TOTAL NUMBER OF STATES FOR NTYP= 37 IS   1
                    CSF NUMBERS       517 TO       520 (        4 CSFS) GENERATED
 ********************************************************************************
 ********************************************************************************
 
 
 NTYP= 38   SHELL NO       1           2           3           4           5           6
            OCCSHL         2           1           1           1           2           2
            SYM            0           0           1           1           3           3
            PQN      (  0, 1, 1) (  0, 2, 3) (  0, 1, 2) (  0, 1, 2) (  0, 1, 2) (  0, 1, 2)
            QNSHL          1           2           2           2           1           1
 
 *******************     TOTAL NUMBER OF DISTRIBUTIONS FOR NTYP = 38 IS    2
 *******************     TOTAL NUMBER OF STATES FOR NTYP= 38 IS   2
                    CSF NUMBERS       521 TO       524 (        4 CSFS) GENERATED
 ********************************************************************************************
 ********************************************************************************************
 
 
 NTYP= 39   SHELL NO       1           2           3           4           5
            OCCSHL         2           1           2           2           2
            SYM            0           0           2           2           3
            PQN      (  0, 1, 1) (  0, 2, 3) (  0, 1, 2) (  0, 1, 2) (  0, 1, 2)
            QNSHL          1           2           1           1           1
 
 *******************     TOTAL NUMBER OF DISTRIBUTIONS FOR NTYP = 39 IS    4
 *******************     TOTAL NUMBER OF STATES FOR NTYP= 39 IS   1
                    CSF NUMBERS       525 TO       528 (        4 CSFS) GENERATED
 ********************************************************************************
 ********************************************************************************
 
 
 NTYP= 40   SHELL NO       1           2           3           4           5           6
            OCCSHL         2           1           2           2           1           1
            SYM            0           0           2           2           3           3
            PQN      (  0, 1, 1) (  0, 2, 3) (  0, 1, 2) (  0, 1, 2) (  0, 1, 2) (  0, 1, 2)
            QNSHL          1           2           1           1           2           2
 
 *******************     TOTAL NUMBER OF DISTRIBUTIONS FOR NTYP = 40 IS    2
 *******************     TOTAL NUMBER OF STATES FOR NTYP= 40 IS   2
                    CSF NUMBERS       529 TO       532 (        4 CSFS) GENERATED
 ********************************************************************************************
 ********************************************************************************************
1CONGEN 1.0  IBM SAN JOSE      CH4+ - doublet A                                                                              PAGE 013

 NTYP= 41   SHELL NO       1           2           3           4           5
            OCCSHL         2           1           2           2           2
            SYM            0           0           2           3           3
            PQN      (  0, 1, 1) (  0, 2, 3) (  0, 1, 2) (  0, 1, 2) (  0, 1, 2)
            QNSHL          1           2           1           1           1
 
 *******************     TOTAL NUMBER OF DISTRIBUTIONS FOR NTYP = 41 IS    4
 *******************     TOTAL NUMBER OF STATES FOR NTYP= 41 IS   1
                    CSF NUMBERS       533 TO       536 (        4 CSFS) GENERATED
 ********************************************************************************
 ********************************************************************************
 
 
 NTYP= 42   SHELL NO       1           2           3           4           5           6
            OCCSHL         2           1           1           1           2           2
            SYM            0           0           2           2           3           3
            PQN      (  0, 1, 1) (  0, 2, 3) (  0, 1, 2) (  0, 1, 2) (  0, 1, 2) (  0, 1, 2)
            QNSHL          1           2           2           2           1           1
 
 *******************     TOTAL NUMBER OF DISTRIBUTIONS FOR NTYP = 42 IS    2
 *******************     TOTAL NUMBER OF STATES FOR NTYP= 42 IS   2
                    CSF NUMBERS       537 TO       540 (        4 CSFS) GENERATED
 ********************************************************************************************
 ********************************************************************************************
 
 
 NTYP= 43   SHELL NO       1           2           3           4           5           6
            OCCSHL         2           2           1           2           1           1
            SYM            0           1           1           2           2           3
            PQN      (  0, 1, 1) (  0, 1, 2) (  0, 1, 2) (  0, 1, 2) (  0, 1, 2) (  0, 1, 2)
            QNSHL          1           1           2           1           2           2
 
 *******************     TOTAL NUMBER OF DISTRIBUTIONS FOR NTYP = 43 IS    8
 *******************     TOTAL NUMBER OF STATES FOR NTYP= 43 IS   2
                    CSF NUMBERS       541 TO       556 (       16 CSFS) GENERATED
 ********************************************************************************************
 ********************************************************************************************
 
 
 NTYP= 44   SHELL NO       1           2           3           4           5           6
            OCCSHL         2           2           1           1           2           1
            SYM            0           1           1           2           3           3
            PQN      (  0, 1, 1) (  0, 1, 2) (  0, 1, 2) (  0, 1, 2) (  0, 1, 2) (  0, 1, 2)
            QNSHL          1           1           2           2           1           2
 
 *******************     TOTAL NUMBER OF DISTRIBUTIONS FOR NTYP = 44 IS    8
 *******************     TOTAL NUMBER OF STATES FOR NTYP= 44 IS   2
                    CSF NUMBERS       557 TO       572 (       16 CSFS) GENERATED
 ********************************************************************************************
 ********************************************************************************************
1CONGEN 1.0  IBM SAN JOSE      CH4+ - doublet A                                                                              PAGE 014

 NTYP= 45   SHELL NO       1           2           3           4           5           6
            OCCSHL         2           1           2           1           2           1
            SYM            0           1           2           2           3           3
            PQN      (  0, 1, 1) (  0, 1, 2) (  0, 1, 2) (  0, 1, 2) (  0, 1, 2) (  0, 1, 2)
            QNSHL          1           2           1           2           1           2
 
 *******************     TOTAL NUMBER OF DISTRIBUTIONS FOR NTYP = 45 IS    8
 *******************     TOTAL NUMBER OF STATES FOR NTYP= 45 IS   2
                    CSF NUMBERS       573 TO       588 (       16 CSFS) GENERATED
 ********************************************************************************************
 ********************************************************************************************
 
 
 *****  END OF FILE ON INPUT
 
 
 ********** TOTAL NUMBER OF CSF'S GENERATED IS       588
1CONGEN 1.0  IBM SAN JOSE      CH4+ - doublet A                                                                              PAGE 015

 MOLECULE SYMMETRY CASE,  symtyp = 2
                   I         N         G         M         S      MPOS      
                   1         1         0         0         0         0
                   2         1         0         0         1         0
                   3         2         0         0         0         0
                   4         2         0         0         1         0
                   5         3         0         0         0         0
                   6         3         0         0         1         0
                   7         4         0         0         0         0
                   8         4         0         0         1         0
                   9         5         0         0         0         0
                  10         5         0         0         1         0
                  11         6         0         0         0         0
                  12         6         0         0         1         0
                  13         7         0         0         0         0
                  14         7         0         0         1         0
                  15         8         0         0         0         0
                  16         8         0         0         1         0
                  17         9         0         0         0         0
                  18         9         0         0         1         0
                  19        10         0         0         0         0
                  20        10         0         0         1         0
                  21        11         0         0         0         0
                  22        11         0         0         1         0
                  23        12         0         0         0         0
                  24        12         0         0         1         0
                  25        13         0         0         0         0
                  26        13         0         0         1         0
                  27        14         0         0         0         0
                  28        14         0         0         1         0
                  29        15         0         0         0         0
                  30        15         0         0         1         0
                  31        16         0         0         0         0
                  32        16         0         0         1         0
                  33        17         0         0         0         0
                  34        17         0         0         1         0
                  35        18         0         0         0         0
                  36        18         0         0         1         0
                  37        19         0         0         0         0
                  38        19         0         0         1         0
                  39        20         0         0         0         0
                  40        20         0         0         1         0
                  41        21         0         0         0         0
                  42        21         0         0         1         0
                  43        22         0         0         0         0
                  44        22         0         0         1         0
                  45        23         0         0         0         0
                  46        23         0         0         1         0
                  47        24         0         0         0         0
                  48        24         0         0         1         0
                  49        25         0         0         0         0
                  50        25         0         0         1         0
                  51        26         0         0         0         0
                  52        26         0         0         1         0
                  53        27         0         0         0         0
                  54        27         0         0         1         0
                  55        28         0         0         0         0
                  56        28         0         0         1         0
                  57        29         0         0         0         0
                  58        29         0         0         1         0
                  59        30         0         0         0         0
                  60        30         0         0         1         0
                  61        31         0         0         0         0
                  62        31         0         0         1         0
                  63        32         0         0         0         0
                  64        32         0         0         1         0
                  65        33         0         0         0         0
                  66        33         0         0         1         0
                  67        34         0         0         0         0
                  68        34         0         0         1         0
                  69        35         0         0         0         0
                  70        35         0         0         1         0
                  71        36         0         0         0         0
                  72        36         0         0         1         0
                  73        37         0         0         0         0
                  74        37         0         0         1         0
                  75        38         0         0         0         0
                  76        38         0         0         1         0
                  77        39         0         0         0         0
                  78        39         0         0         1         0
                  79        40         0         0         0         0
                  80        40         0         0         1         0
                  81        41         0         0         0         0
                  82        41         0         0         1         0
                  83        42         0         0         0         0
                  84        42         0         0         1         0
                  85        43         0         0         0         0
                  86        43         0         0         1         0
                  87        44         0         0         0         0
                  88        44         0         0         1         0
                  89        45         0         0         0         0
                  90        45         0         0         1         0
                  91        46         0         0         0         0
                  92        46         0         0         1         0
                  93        47         0         0         0         0
                  94        47         0         0         1         0
                  95        48         0         0         0         0
                  96        48         0         0         1         0
                  97        49         0         0         0         0
                  98        49         0         0         1         0
                  99        50         0         0         0         0
                 100        50         0         0         1         0
                 101        51         0         0         0         0
                 102        51         0         0         1         0
                 103        52         0         0         0         0
                 104        52         0         0         1         0
                 105        53         0         0         0         0
                 106        53         0         0         1         0
                 107        54         0         0         0         0
                 108        54         0         0         1         0
                 109        55         0         0         0         0
                 110        55         0         0         1         0
                 111        56         0         0         0         0
                 112        56         0         0         1         0
                 113        57         0         0         0         0
                 114        57         0         0         1         0
                 115        58         0         0         0         0
                 116        58         0         0         1         0
                 117        59         0         0         0         0
                 118        59         0         0         1         0
                 119        60         0         0         0         0
                 120        60         0         0         1         0
                 121        61         0         0         0         0
                 122        61         0         0         1         0
                 123        62         0         0         0         0
                 124        62         0         0         1         0
                 125        63         0         0         0         0
                 126        63         0         0         1         0
                 127        64         0         1         0         0
                 128        64         0         1         1         0
                 129        65         0         1         0         0
                 130        65         0         1         1         0
                 131        66         0         1         0         0
                 132        66         0         1         1         0
                 133        67         0         1         0         0
                 134        67         0         1         1         0
                 135        68         0         1         0         0
                 136        68         0         1         1         0
                 137        69         0         1         0         0
                 138        69         0         1         1         0
                 139        70         0         1         0         0
                 140        70         0         1         1         0
                 141        71         0         1         0         0
                 142        71         0         1         1         0
                 143        72         0         1         0         0
                 144        72         0         1         1         0
                 145        73         0         1         0         0
                 146        73         0         1         1         0
                 147        74         0         1         0         0
                 148        74         0         1         1         0
                 149        75         0         1         0         0
                 150        75         0         1         1         0
                 151        76         0         1         0         0
                 152        76         0         1         1         0
                 153        77         0         1         0         0
                 154        77         0         1         1         0
                 155        78         0         1         0         0
                 156        78         0         1         1         0
                 157        79         0         1         0         0
                 158        79         0         1         1         0
                 159        80         0         1         0         0
                 160        80         0         1         1         0
                 161        81         0         1         0         0
                 162        81         0         1         1         0
                 163        82         0         1         0         0
                 164        82         0         1         1         0
                 165        83         0         1         0         0
                 166        83         0         1         1         0
                 167        84         0         1         0         0
                 168        84         0         1         1         0
                 169        85         0         1         0         0
                 170        85         0         1         1         0
                 171        86         0         1         0         0
                 172        86         0         1         1         0
                 173        87         0         1         0         0
                 174        87         0         1         1         0
                 175        88         0         1         0         0
                 176        88         0         1         1         0
                 177        89         0         1         0         0
                 178        89         0         1         1         0
                 179        90         0         1         0         0
                 180        90         0         1         1         0
                 181        91         0         1         0         0
                 182        91         0         1         1         0
                 183        92         0         1         0         0
                 184        92         0         1         1         0
                 185        93         0         1         0         0
                 186        93         0         1         1         0
                 187        94         0         1         0         0
                 188        94         0         1         1         0
                 189        95         0         1         0         0
                 190        95         0         1         1         0
                 191        96         0         1         0         0
                 192        96         0         1         1         0
                 193        97         0         1         0         0
                 194        97         0         1         1         0
                 195        98         0         1         0         0
                 196        98         0         1         1         0
                 197        99         0         1         0         0
                 198        99         0         1         1         0
                 199       100         0         1         0         0
                 200       100         0         1         1         0
                 201       101         0         1         0         0
                 202       101         0         1         1         0
                 203       102         0         1         0         0
                 204       102         0         1         1         0
                 205       103         0         1         0         0
                 206       103         0         1         1         0
                 207       104         0         1         0         0
                 208       104         0         1         1         0
                 209       105         0         1         0         0
                 210       105         0         1         1         0
                 211       106         0         1         0         0
                 212       106         0         1         1         0
                 213       107         0         1         0         0
                 214       107         0         1         1         0
                 215       108         0         1         0         0
                 216       108         0         1         1         0
                 217       109         0         1         0         0
                 218       109         0         1         1         0
                 219       110         0         1         0         0
                 220       110         0         1         1         0
                 221       111         0         1         0         0
                 222       111         0         1         1         0
                 223       112         0         1         0         0
                 224       112         0         1         1         0
                 225       113         0         1         0         0
                 226       113         0         1         1         0
                 227       114         0         1         0         0
                 228       114         0         1         1         0
                 229       115         0         1         0         0
                 230       115         0         1         1         0
                 231       116         0         1         0         0
                 232       116         0         1         1         0
                 233       117         0         1         0         0
                 234       117         0         1         1         0
                 235       118         0         2         0         0
                 236       118         0         2         1         0
                 237       119         0         2         0         0
                 238       119         0         2         1         0
                 239       120         0         2         0         0
                 240       120         0         2         1         0
                 241       121         0         2         0         0
                 242       121         0         2         1         0
                 243       122         0         2         0         0
                 244       122         0         2         1         0
                 245       123         0         2         0         0
                 246       123         0         2         1         0
                 247       124         0         2         0         0
                 248       124         0         2         1         0
                 249       125         0         2         0         0
                 250       125         0         2         1         0
                 251       126         0         2         0         0
                 252       126         0         2         1         0
                 253       127         0         2         0         0
                 254       127         0         2         1         0
                 255       128         0         2         0         0
                 256       128         0         2         1         0
                 257       129         0         2         0         0
                 258       129         0         2         1         0
                 259       130         0         2         0         0
                 260       130         0         2         1         0
                 261       131         0         2         0         0
                 262       131         0         2         1         0
                 263       132         0         2         0         0
                 264       132         0         2         1         0
                 265       133         0         2         0         0
                 266       133         0         2         1         0
                 267       134         0         2         0         0
                 268       134         0         2         1         0
                 269       135         0         2         0         0
                 270       135         0         2         1         0
                 271       136         0         2         0         0
                 272       136         0         2         1         0
                 273       137         0         2         0         0
                 274       137         0         2         1         0
                 275       138         0         2         0         0
                 276       138         0         2         1         0
                 277       139         0         2         0         0
                 278       139         0         2         1         0
                 279       140         0         2         0         0
                 280       140         0         2         1         0
                 281       141         0         2         0         0
                 282       141         0         2         1         0
                 283       142         0         2         0         0
                 284       142         0         2         1         0
                 285       143         0         2         0         0
                 286       143         0         2         1         0
                 287       144         0         2         0         0
                 288       144         0         2         1         0
                 289       145         0         2         0         0
                 290       145         0         2         1         0
                 291       146         0         2         0         0
                 292       146         0         2         1         0
                 293       147         0         2         0         0
                 294       147         0         2         1         0
                 295       148         0         2         0         0
                 296       148         0         2         1         0
                 297       149         0         2         0         0
                 298       149         0         2         1         0
                 299       150         0         2         0         0
                 300       150         0         2         1         0
                 301       151         0         2         0         0
                 302       151         0         2         1         0
                 303       152         0         2         0         0
                 304       152         0         2         1         0
                 305       153         0         2         0         0
                 306       153         0         2         1         0
                 307       154         0         2         0         0
                 308       154         0         2         1         0
                 309       155         0         2         0         0
                 310       155         0         2         1         0
                 311       156         0         2         0         0
                 312       156         0         2         1         0
                 313       157         0         2         0         0
                 314       157         0         2         1         0
                 315       158         0         2         0         0
                 316       158         0         2         1         0
                 317       159         0         2         0         0
                 318       159         0         2         1         0
                 319       160         0         2         0         0
                 320       160         0         2         1         0
                 321       161         0         2         0         0
                 322       161         0         2         1         0
                 323       162         0         2         0         0
                 324       162         0         2         1         0
                 325       163         0         2         0         0
                 326       163         0         2         1         0
                 327       164         0         2         0         0
                 328       164         0         2         1         0
                 329       165         0         2         0         0
                 330       165         0         2         1         0
                 331       166         0         2         0         0
                 332       166         0         2         1         0
                 333       167         0         2         0         0
                 334       167         0         2         1         0
                 335       168         0         2         0         0
                 336       168         0         2         1         0
                 337       169         0         2         0         0
                 338       169         0         2         1         0
                 339       170         0         2         0         0
                 340       170         0         2         1         0
                 341       171         0         2         0         0
                 342       171         0         2         1         0
                 343       172         0         3         0         0
                 344       172         0         3         1         0
                 345       173         0         3         0         0
                 346       173         0         3         1         0
                 347       174         0         3         0         0
                 348       174         0         3         1         0
                 349       175         0         3         0         0
                 350       175         0         3         1         0
                 351       176         0         3         0         0
                 352       176         0         3         1         0
                 353       177         0         3         0         0
                 354       177         0         3         1         0
                 355       178         0         3         0         0
                 356       178         0         3         1         0
                 357       179         0         3         0         0
                 358       179         0         3         1         0
                 359       180         0         3         0         0
                 360       180         0         3         1         0
                 361       181         0         3         0         0
                 362       181         0         3         1         0
                 363       182         0         3         0         0
                 364       182         0         3         1         0
                 365       183         0         3         0         0
                 366       183         0         3         1         0
                 367       184         0         3         0         0
                 368       184         0         3         1         0
                 369       185         0         3         0         0
                 370       185         0         3         1         0
                 371       186         0         3         0         0
                 372       186         0         3         1         0
                 373       187         0         3         0         0
                 374       187         0         3         1         0
                 375       188         0         3         0         0
                 376       188         0         3         1         0
                 377       189         0         3         0         0
                 378       189         0         3         1         0
                 379       190         0         3         0         0
                 380       190         0         3         1         0
                 381       191         0         3         0         0
                 382       191         0         3         1         0
                 383       192         0         3         0         0
                 384       192         0         3         1         0
                 385       193         0         3         0         0
                 386       193         0         3         1         0
                 387       194         0         3         0         0
                 388       194         0         3         1         0
                 389       195         0         3         0         0
                 390       195         0         3         1         0
                 391       196         0         3         0         0
                 392       196         0         3         1         0
                 393       197         0         3         0         0
                 394       197         0         3         1         0
                 395       198         0         3         0         0
                 396       198         0         3         1         0
                 397       199         0         3         0         0
                 398       199         0         3         1         0
                 399       200         0         3         0         0
                 400       200         0         3         1         0
                 401       201         0         3         0         0
                 402       201         0         3         1         0
                 403       202         0         3         0         0
                 404       202         0         3         1         0
                 405       203         0         3         0         0
                 406       203         0         3         1         0
                 407       204         0         3         0         0
                 408       204         0         3         1         0
                 409       205         0         3         0         0
                 410       205         0         3         1         0
                 411       206         0         3         0         0
                 412       206         0         3         1         0
                 413       207         0         3         0         0
                 414       207         0         3         1         0
                 415       208         0         3         0         0
                 416       208         0         3         1         0
                 417       209         0         3         0         0
                 418       209         0         3         1         0
                 419       210         0         3         0         0
                 420       210         0         3         1         0
                 421       211         0         3         0         0
                 422       211         0         3         1         0
                 423       212         0         3         0         0
                 424       212         0         3         1         0
                 425       213         0         3         0         0
                 426       213         0         3         1         0
                 427       214         0         3         0         0
                 428       214         0         3         1         0
                 429       215         0         3         0         0
                 430       215         0         3         1         0
                 431       216         0         3         0         0
                 432       216         0         3         1         0
                 433       217         0         3         0         0
                 434       217         0         3         1         0
                 435       218         0         3         0         0
                 436       218         0         3         1         0
                 437       219         0         3         0         0
                 438       219         0         3         1         0
                 439       220         0         3         0         0
                 440       220         0         3         1         0
                 441       221         0         3         0         0
                 442       221         0         3         1         0
                 443       222         0         3         0         0
                 444       222         0         3         1         0
                 445       223         0         3         0         0
                 446       223         0         3         1         0
                 447       224         0         3         0         0
                 448       224         0         3         1         0
                 449       225         0         3         0         0
                 450       225         0         3         1         0

          On output CSF     489 has the largest 
          number of determinants =      35


          At end of wfgntr(), usage of memory in output
          arrays is as follows:                        

            Array     Used     Max avail               
            -----  ---------   ---------               
            ndo()      25316     253160
            cdo()       2800      28000


          **** WFGNTR() - completed 


     Computing phase for target state

     Writing projected CSFs to unit   720 in format
     required by the SCATCI/DENPROP programs 


     Writing final results to disk (wrnfto) 
     -------------------------------------- 
       Logical unit         (nfto)   =      720
       Positrons present    (iposit) =        0
       Number of electrons  (nelt)   =        9
       Number of CSFs       (nocsf)  =      588
       Number of symmetries (nsym)   =        4
       Point group flag     (symtyp) =        2
       Orbitals per symm    (nob)    :   63  54  54  54
       Total # of orbitals  (norb)   =      225
       Total # of spin orbs (nsrb)   =      450

       Length of index  arrays - icdo,indo (m)    =      589
       Length of coeff. array  - cdo       (lcdi) =     2800
         (equals # dets in wfn)
       Length of packed dets array - ndo   (lndi) =    25316

       Spin quantum number  (s)      =     0.50
       Z-projection of spin (sz)     =     0.50
       Reflection quant. #  (r)      =     0.00
       Pin                  (pin)    =     0.00
                            (idiag)  =        1

     Data on CSFs has been written to file (MEGUL) =   720

     ***** Wavefn projection (projec()) - completed

 &INPUT
 NAME='CH4+ - doublet A                                                                ',
 NRERUN=  0,  MEGUL=720,  SYMTYP=  2,
 MGVN=  0,  S=   0.5,SZ=   0.5, R=   0.0,  PIN=   0.0,  NOCSF=   588,
 BYPROJ= 1,
 LCDI=           2800,  LNDI=          25316, LCDO=    500, LNDO=       10000000, LCDT=    500,  LNDT=   5000,
 NFTO= 15,  LTRI=  300, IDIAG=  1, NPFLG= 0, 0, 0, 0, 0, NPMSPD = 0,
 THRES= 1.00D-10,
 NELT=   9, NSYM=  4, NOB= 63, 54, 54, 54,
 NDTRF=   1,   2,   3,   4,   5,   6, 127, 235, 344,
 NOBL= 63, 54, 54, 54,  0,  0,  0,  0,  0,  0,
  0,  0,  0,  0,  0,  0,  0,  0,  0,  0,
 NOB0L=  3,  2,  2,  2,  0,  0,  0,  0,  0,  0,
  0,  0,  0,  0,  0,  0,  0,  0,  0,  0,
 /
