+-------------------------------------------------------------------------+
|              _              |                                           |
| || || ||//  | \          |  | University College London (C) 1994 - 2020 |
| || || ||    | / |/\/\ /\ |  | Open University           (C) 2007 - 2020 |
| \\_// ||\\  | \ | | | \/ |  |                                           |
|                             |                                           |
+-------------------------------------------------------------------------+
| Last revision: 3.2                                                      |
| Last author:   Jimena Gorfinkiel                                        |
| Last date:     Tue Dec 21 17:59:46 2021 +0000                           |
+-------------------------------------------------------------------------+


 PROGRAM SCATCI (19 Oct 2009) : 

                         DATE = 20230406

                         TIME = 101041.285


 CONGEN: CH4+ - doublet A                                                                                                        
 SCATCI: CH4+ - doublet A                                                                                                        
 MGVN =         0     S    =  0.5
 NELT =         9     SZ   =  0.5
 IDIAG=         1     R    =  0.0
 THRES=   0.1D-09     NSYM =    4
 MEGUL=720, NOCSF=       588
 NPFLG         0   0   0   0   0   0
 NOB(i)=          63
 setting NOBE(i)=          63
 NOB(i)=          54
 setting NOBE(i)=          54
 NOB(i)=          54
 setting NOBE(i)=          54
 NOB(i)=          54
 setting NOBE(i)=          54
 NOB  =        63  54  54  54
 NOB0 =         3   2   2   2
 NDTRF=         1   2   3   4   5   6 127 235 344
 NSRB=  450    LNDOF=     25316    LCDOF=      2800
 nfte =  820        nfti =    16       lembf=  5000       iodr =   1
 MOLECULE SYMMETRY CASE,  SYMTYP = 2

 Diagonalisation of Hamiltonian matrix requested

 Number of last continuum CSF, NCONT =      0
     ENERGY EXPRESSIONS COMPUTED FOR MOLECULE SYMMETRY CASE - SYMTYP=  2
 All IIII blocks of integrals
           1           0           0           0           0
           2           1           1           1           1
           3           2           2           2           2
           4           3           3           3           3
 All IJIJ blocks
           5           1           0           1           0
           6           2           0           2           0
           7           2           1           2           1
           8           3           0           3           0
           9           3           1           3           1
          10           3           2           3           2
 The IIJJ blocks of integrals
          11           1           1           0           0
          12           2           2           0           0
          13           2           2           1           1
          14           3           3           0           0
          15           3           3           1           1
          16           3           3           2           2
 The IJKL blocks
          17           3           0           2           1
          18           3           1           2           0
          19           3           2           1           0
 NOBE =        63        54        54        54
 MBAS =         0        55
 NBASH=         1      2017      3502      4987      6472
   Read wavefunctions from CONGEN and load integrals
                   I         N         G         M         S      MPOS      MCON
                   1         1         0         0         0         0         1
                   2         1         0         0         1         0         1
                   3         2         0         0         0         0         1
                   4         2         0         0         1         0         1
                   5         3         0         0         0         0         1
                   6         3         0         0         1         0         1
                   7         4         0         0         0         0         0
                   8         4         0         0         1         0         0
                   9         5         0         0         0         0         0
                  10         5         0         0         1         0         0
                  11         6         0         0         0         0         0
                  12         6         0         0         1         0         0
                  13         7         0         0         0         0         0
                  14         7         0         0         1         0         0
                  15         8         0         0         0         0         0
                  16         8         0         0         1         0         0
                  17         9         0         0         0         0         0
                  18         9         0         0         1         0         0
                  19        10         0         0         0         0         0
                  20        10         0         0         1         0         0
                  21        11         0         0         0         0         0
                  22        11         0         0         1         0         0
                  23        12         0         0         0         0         0
                  24        12         0         0         1         0         0
                  25        13         0         0         0         0         0
                  26        13         0         0         1         0         0
                  27        14         0         0         0         0         0
                  28        14         0         0         1         0         0
                  29        15         0         0         0         0         0
                  30        15         0         0         1         0         0
                  31        16         0         0         0         0         0
                  32        16         0         0         1         0         0
                  33        17         0         0         0         0         0
                  34        17         0         0         1         0         0
                  35        18         0         0         0         0         0
                  36        18         0         0         1         0         0
                  37        19         0         0         0         0         0
                  38        19         0         0         1         0         0
                  39        20         0         0         0         0         0
                  40        20         0         0         1         0         0
                  41        21         0         0         0         0         0
                  42        21         0         0         1         0         0
                  43        22         0         0         0         0         0
                  44        22         0         0         1         0         0
                  45        23         0         0         0         0         0
                  46        23         0         0         1         0         0
                  47        24         0         0         0         0         0
                  48        24         0         0         1         0         0
                  49        25         0         0         0         0         0
                  50        25         0         0         1         0         0
                  51        26         0         0         0         0         0
                  52        26         0         0         1         0         0
                  53        27         0         0         0         0         0
                  54        27         0         0         1         0         0
                  55        28         0         0         0         0         0
                  56        28         0         0         1         0         0
                  57        29         0         0         0         0         0
                  58        29         0         0         1         0         0
                  59        30         0         0         0         0         0
                  60        30         0         0         1         0         0
                  61        31         0         0         0         0         0
                  62        31         0         0         1         0         0
                  63        32         0         0         0         0         0
                  64        32         0         0         1         0         0
                  65        33         0         0         0         0         0
                  66        33         0         0         1         0         0
                  67        34         0         0         0         0         0
                  68        34         0         0         1         0         0
                  69        35         0         0         0         0         0
                  70        35         0         0         1         0         0
                  71        36         0         0         0         0         0
                  72        36         0         0         1         0         0
                  73        37         0         0         0         0         0
                  74        37         0         0         1         0         0
                  75        38         0         0         0         0         0
                  76        38         0         0         1         0         0
                  77        39         0         0         0         0         0
                  78        39         0         0         1         0         0
                  79        40         0         0         0         0         0
                  80        40         0         0         1         0         0
                  81        41         0         0         0         0         0
                  82        41         0         0         1         0         0
                  83        42         0         0         0         0         0
                  84        42         0         0         1         0         0
                  85        43         0         0         0         0         0
                  86        43         0         0         1         0         0
                  87        44         0         0         0         0         0
                  88        44         0         0         1         0         0
                  89        45         0         0         0         0         0
                  90        45         0         0         1         0         0
                  91        46         0         0         0         0         0
                  92        46         0         0         1         0         0
                  93        47         0         0         0         0         0
                  94        47         0         0         1         0         0
                  95        48         0         0         0         0         0
                  96        48         0         0         1         0         0
                  97        49         0         0         0         0         0
                  98        49         0         0         1         0         0
                  99        50         0         0         0         0         0
                 100        50         0         0         1         0         0
                 101        51         0         0         0         0         0
                 102        51         0         0         1         0         0
                 103        52         0         0         0         0         0
                 104        52         0         0         1         0         0
                 105        53         0         0         0         0         0
                 106        53         0         0         1         0         0
                 107        54         0         0         0         0         0
                 108        54         0         0         1         0         0
                 109        55         0         0         0         0         0
                 110        55         0         0         1         0         0
                 111        56         0         0         0         0         0
                 112        56         0         0         1         0         0
                 113        57         0         0         0         0         0
                 114        57         0         0         1         0         0
                 115        58         0         0         0         0         0
                 116        58         0         0         1         0         0
                 117        59         0         0         0         0         0
                 118        59         0         0         1         0         0
                 119        60         0         0         0         0         0
                 120        60         0         0         1         0         0
                 121        61         0         0         0         0         0
                 122        61         0         0         1         0         0
                 123        62         0         0         0         0         0
                 124        62         0         0         1         0         0
                 125        63         0         0         0         0         0
                 126        63         0         0         1         0         0
                 127        64         0         1         0         0         1
                 128        64         0         1         1         0         1
                 129        65         0         1         0         0         1
                 130        65         0         1         1         0         1
                 131        66         0         1         0         0         0
                 132        66         0         1         1         0         0
                 133        67         0         1         0         0         0
                 134        67         0         1         1         0         0
                 135        68         0         1         0         0         0
                 136        68         0         1         1         0         0
                 137        69         0         1         0         0         0
                 138        69         0         1         1         0         0
                 139        70         0         1         0         0         0
                 140        70         0         1         1         0         0
                 141        71         0         1         0         0         0
                 142        71         0         1         1         0         0
                 143        72         0         1         0         0         0
                 144        72         0         1         1         0         0
                 145        73         0         1         0         0         0
                 146        73         0         1         1         0         0
                 147        74         0         1         0         0         0
                 148        74         0         1         1         0         0
                 149        75         0         1         0         0         0
                 150        75         0         1         1         0         0
                 151        76         0         1         0         0         0
                 152        76         0         1         1         0         0
                 153        77         0         1         0         0         0
                 154        77         0         1         1         0         0
                 155        78         0         1         0         0         0
                 156        78         0         1         1         0         0
                 157        79         0         1         0         0         0
                 158        79         0         1         1         0         0
                 159        80         0         1         0         0         0
                 160        80         0         1         1         0         0
                 161        81         0         1         0         0         0
                 162        81         0         1         1         0         0
                 163        82         0         1         0         0         0
                 164        82         0         1         1         0         0
                 165        83         0         1         0         0         0
                 166        83         0         1         1         0         0
                 167        84         0         1         0         0         0
                 168        84         0         1         1         0         0
                 169        85         0         1         0         0         0
                 170        85         0         1         1         0         0
                 171        86         0         1         0         0         0
                 172        86         0         1         1         0         0
                 173        87         0         1         0         0         0
                 174        87         0         1         1         0         0
                 175        88         0         1         0         0         0
                 176        88         0         1         1         0         0
                 177        89         0         1         0         0         0
                 178        89         0         1         1         0         0
                 179        90         0         1         0         0         0
                 180        90         0         1         1         0         0
                 181        91         0         1         0         0         0
                 182        91         0         1         1         0         0
                 183        92         0         1         0         0         0
                 184        92         0         1         1         0         0
                 185        93         0         1         0         0         0
                 186        93         0         1         1         0         0
                 187        94         0         1         0         0         0
                 188        94         0         1         1         0         0
                 189        95         0         1         0         0         0
                 190        95         0         1         1         0         0
                 191        96         0         1         0         0         0
                 192        96         0         1         1         0         0
                 193        97         0         1         0         0         0
                 194        97         0         1         1         0         0
                 195        98         0         1         0         0         0
                 196        98         0         1         1         0         0
                 197        99         0         1         0         0         0
                 198        99         0         1         1         0         0
                 199       100         0         1         0         0         0
                 200       100         0         1         1         0         0
                 201       101         0         1         0         0         0
                 202       101         0         1         1         0         0
                 203       102         0         1         0         0         0
                 204       102         0         1         1         0         0
                 205       103         0         1         0         0         0
                 206       103         0         1         1         0         0
                 207       104         0         1         0         0         0
                 208       104         0         1         1         0         0
                 209       105         0         1         0         0         0
                 210       105         0         1         1         0         0
                 211       106         0         1         0         0         0
                 212       106         0         1         1         0         0
                 213       107         0         1         0         0         0
                 214       107         0         1         1         0         0
                 215       108         0         1         0         0         0
                 216       108         0         1         1         0         0
                 217       109         0         1         0         0         0
                 218       109         0         1         1         0         0
                 219       110         0         1         0         0         0
                 220       110         0         1         1         0         0
                 221       111         0         1         0         0         0
                 222       111         0         1         1         0         0
                 223       112         0         1         0         0         0
                 224       112         0         1         1         0         0
                 225       113         0         1         0         0         0
                 226       113         0         1         1         0         0
                 227       114         0         1         0         0         0
                 228       114         0         1         1         0         0
                 229       115         0         1         0         0         0
                 230       115         0         1         1         0         0
                 231       116         0         1         0         0         0
                 232       116         0         1         1         0         0
                 233       117         0         1         0         0         0
                 234       117         0         1         1         0         0
                 235       118         0         2         0         0         1
                 236       118         0         2         1         0         1
                 237       119         0         2         0         0         1
                 238       119         0         2         1         0         1
                 239       120         0         2         0         0         0
                 240       120         0         2         1         0         0
                 241       121         0         2         0         0         0
                 242       121         0         2         1         0         0
                 243       122         0         2         0         0         0
                 244       122         0         2         1         0         0
                 245       123         0         2         0         0         0
                 246       123         0         2         1         0         0
                 247       124         0         2         0         0         0
                 248       124         0         2         1         0         0
                 249       125         0         2         0         0         0
                 250       125         0         2         1         0         0
                 251       126         0         2         0         0         0
                 252       126         0         2         1         0         0
                 253       127         0         2         0         0         0
                 254       127         0         2         1         0         0
                 255       128         0         2         0         0         0
                 256       128         0         2         1         0         0
                 257       129         0         2         0         0         0
                 258       129         0         2         1         0         0
                 259       130         0         2         0         0         0
                 260       130         0         2         1         0         0
                 261       131         0         2         0         0         0
                 262       131         0         2         1         0         0
                 263       132         0         2         0         0         0
                 264       132         0         2         1         0         0
                 265       133         0         2         0         0         0
                 266       133         0         2         1         0         0
                 267       134         0         2         0         0         0
                 268       134         0         2         1         0         0
                 269       135         0         2         0         0         0
                 270       135         0         2         1         0         0
                 271       136         0         2         0         0         0
                 272       136         0         2         1         0         0
                 273       137         0         2         0         0         0
                 274       137         0         2         1         0         0
                 275       138         0         2         0         0         0
                 276       138         0         2         1         0         0
                 277       139         0         2         0         0         0
                 278       139         0         2         1         0         0
                 279       140         0         2         0         0         0
                 280       140         0         2         1         0         0
                 281       141         0         2         0         0         0
                 282       141         0         2         1         0         0
                 283       142         0         2         0         0         0
                 284       142         0         2         1         0         0
                 285       143         0         2         0         0         0
                 286       143         0         2         1         0         0
                 287       144         0         2         0         0         0
                 288       144         0         2         1         0         0
                 289       145         0         2         0         0         0
                 290       145         0         2         1         0         0
                 291       146         0         2         0         0         0
                 292       146         0         2         1         0         0
                 293       147         0         2         0         0         0
                 294       147         0         2         1         0         0
                 295       148         0         2         0         0         0
                 296       148         0         2         1         0         0
                 297       149         0         2         0         0         0
                 298       149         0         2         1         0         0
                 299       150         0         2         0         0         0
                 300       150         0         2         1         0         0
                 301       151         0         2         0         0         0
                 302       151         0         2         1         0         0
                 303       152         0         2         0         0         0
                 304       152         0         2         1         0         0
                 305       153         0         2         0         0         0
                 306       153         0         2         1         0         0
                 307       154         0         2         0         0         0
                 308       154         0         2         1         0         0
                 309       155         0         2         0         0         0
                 310       155         0         2         1         0         0
                 311       156         0         2         0         0         0
                 312       156         0         2         1         0         0
                 313       157         0         2         0         0         0
                 314       157         0         2         1         0         0
                 315       158         0         2         0         0         0
                 316       158         0         2         1         0         0
                 317       159         0         2         0         0         0
                 318       159         0         2         1         0         0
                 319       160         0         2         0         0         0
                 320       160         0         2         1         0         0
                 321       161         0         2         0         0         0
                 322       161         0         2         1         0         0
                 323       162         0         2         0         0         0
                 324       162         0         2         1         0         0
                 325       163         0         2         0         0         0
                 326       163         0         2         1         0         0
                 327       164         0         2         0         0         0
                 328       164         0         2         1         0         0
                 329       165         0         2         0         0         0
                 330       165         0         2         1         0         0
                 331       166         0         2         0         0         0
                 332       166         0         2         1         0         0
                 333       167         0         2         0         0         0
                 334       167         0         2         1         0         0
                 335       168         0         2         0         0         0
                 336       168         0         2         1         0         0
                 337       169         0         2         0         0         0
                 338       169         0         2         1         0         0
                 339       170         0         2         0         0         0
                 340       170         0         2         1         0         0
                 341       171         0         2         0         0         0
                 342       171         0         2         1         0         0
                 343       172         0         3         0         0         1
                 344       172         0         3         1         0         1
                 345       173         0         3         0         0         1
                 346       173         0         3         1         0         1
                 347       174         0         3         0         0         0
                 348       174         0         3         1         0         0
                 349       175         0         3         0         0         0
                 350       175         0         3         1         0         0
                 351       176         0         3         0         0         0
                 352       176         0         3         1         0         0
                 353       177         0         3         0         0         0
                 354       177         0         3         1         0         0
                 355       178         0         3         0         0         0
                 356       178         0         3         1         0         0
                 357       179         0         3         0         0         0
                 358       179         0         3         1         0         0
                 359       180         0         3         0         0         0
                 360       180         0         3         1         0         0
                 361       181         0         3         0         0         0
                 362       181         0         3         1         0         0
                 363       182         0         3         0         0         0
                 364       182         0         3         1         0         0
                 365       183         0         3         0         0         0
                 366       183         0         3         1         0         0
                 367       184         0         3         0         0         0
                 368       184         0         3         1         0         0
                 369       185         0         3         0         0         0
                 370       185         0         3         1         0         0
                 371       186         0         3         0         0         0
                 372       186         0         3         1         0         0
                 373       187         0         3         0         0         0
                 374       187         0         3         1         0         0
                 375       188         0         3         0         0         0
                 376       188         0         3         1         0         0
                 377       189         0         3         0         0         0
                 378       189         0         3         1         0         0
                 379       190         0         3         0         0         0
                 380       190         0         3         1         0         0
                 381       191         0         3         0         0         0
                 382       191         0         3         1         0         0
                 383       192         0         3         0         0         0
                 384       192         0         3         1         0         0
                 385       193         0         3         0         0         0
                 386       193         0         3         1         0         0
                 387       194         0         3         0         0         0
                 388       194         0         3         1         0         0
                 389       195         0         3         0         0         0
                 390       195         0         3         1         0         0
                 391       196         0         3         0         0         0
                 392       196         0         3         1         0         0
                 393       197         0         3         0         0         0
                 394       197         0         3         1         0         0
                 395       198         0         3         0         0         0
                 396       198         0         3         1         0         0
                 397       199         0         3         0         0         0
                 398       199         0         3         1         0         0
                 399       200         0         3         0         0         0
                 400       200         0         3         1         0         0
                 401       201         0         3         0         0         0
                 402       201         0         3         1         0         0
                 403       202         0         3         0         0         0
                 404       202         0         3         1         0         0
                 405       203         0         3         0         0         0
                 406       203         0         3         1         0         0
                 407       204         0         3         0         0         0
                 408       204         0         3         1         0         0
                 409       205         0         3         0         0         0
                 410       205         0         3         1         0         0
                 411       206         0         3         0         0         0
                 412       206         0         3         1         0         0
                 413       207         0         3         0         0         0
                 414       207         0         3         1         0         0
                 415       208         0         3         0         0         0
                 416       208         0         3         1         0         0
                 417       209         0         3         0         0         0
                 418       209         0         3         1         0         0
                 419       210         0         3         0         0         0
                 420       210         0         3         1         0         0
                 421       211         0         3         0         0         0
                 422       211         0         3         1         0         0
                 423       212         0         3         0         0         0
                 424       212         0         3         1         0         0
                 425       213         0         3         0         0         0
                 426       213         0         3         1         0         0
                 427       214         0         3         0         0         0
                 428       214         0         3         1         0         0
                 429       215         0         3         0         0         0
                 430       215         0         3         1         0         0
                 431       216         0         3         0         0         0
                 432       216         0         3         1         0         0
                 433       217         0         3         0         0         0
                 434       217         0         3         1         0         0
                 435       218         0         3         0         0         0
                 436       218         0         3         1         0         0
                 437       219         0         3         0         0         0
                 438       219         0         3         1         0         0
                 439       220         0         3         0         0         0
                 440       220         0         3         1         0         0
                 441       221         0         3         0         0         0
                 442       221         0         3         1         0         0
                 443       222         0         3         0         0         0
                 444       222         0         3         1         0         0
                 445       223         0         3         0         0         0
                 446       223         0         3         1         0         0
                 447       224         0         3         0         0         0
                 448       224         0         3         1         0         0
                 449       225         0         3         0         0         0
                 450       225         0         3         1         0         0
 GIVEN NSRBD=         450
 CALCULATED NSRB=         450

          Assuming UKRMol+ integrals on input.

 On input SCATCI expects:
 1-electron integrals, NINT1e =0
 2-electron integrals, NINT2e =0

One electron integrals read-in.

Two electron integrals read-in.

 UKRMol+ integrals read successfully:
 1-electron integrals, NINT1e =25425
 2-electron integrals, NINT2e =759753

          Nuclear repulsion energy =      13.4724689

          Finished reading UKRMol+ integrals.


 TOTAL H Matrix     ELEMENTS      =    173166
 NON-ZERO ELEMENTS evaluated      =     36928
 Number integrals evaluated       =     95296
 ===================================================
  inside subroutine --> 'dgmain' --> begins. 


  ************************************************************************************************************************

 MATRIX DIAGONALIZATION SECTION
 (RUN)     CH4+ CI calculation - doublet A                                                                                         
  DATA SET FILE NUMBERS AND LENGTH SPECIFICATIONS :
      NFTE =820      NFTW =     26

 NPFLG :      0     0
 NCISET:      1

 NPCVC =    1
 THRHM = 0.10D-14


 (EMX)     CH4+ - doublet A                                                                                                        

     1 Eigenvectors to be computed for
   588 dimensional final Hamiltonian matrix

     36928 Hamiltonian elements read from unit NFTE =820

     36928 Hamiltonian elements read from unit NFTE =820
 CI data stored as set number  1

 SET   1    CH4+ CI calculation - doublet A                                                                                         

 MGVN = 0    s =   0.5    sz =   0.5    NELT =    9    NNUC =  6

 Nuclear data     X         Y         Z       Charge
   C  1        0.000000  0.000000  0.000000  6.000000
   H  2        1.185952  1.185952  1.185957  1.000000
   H  2       -1.185952 -1.185952  1.185957  1.000000
   H  2       -1.185952  1.185952 -1.185957  1.000000
   H  2        1.185952 -1.185952 -1.185957  1.000000
   sc 3        0.000000  0.000000  0.000000  0.000000

 NOCSF=  588    NSTAT=    1    EN   =       13.4724688803

 EIGEN-ENERGIES
                      -39.4096151656
