
 MPI running with 1 processes.
 My rank is 0
 I am running on the processor with name: teor-benda                                                                                                                                                                                                                                                     
 Smallest positive magnitude:   2.2250738585072014E-308
 Largest magnitude:   1.7976931348623157E+308
 Smallest relative spacing:   1.1102230246251565E-016
 Largest relative spacing:   2.2204460492503131E-016
 Log10(Base)  0.30102999566398120     
 Decimal precision for real(kind=cfp):          15
 Number of bits in default integer:          32
 Number of bits in MPI integers:          32

The Molden file has been read into the memory.
The Molden file contains the header for geometry data.
The Molden file contains the header for GTO basis data.
The GTO basis set contains    34 contracted and    62 corresponding primitive spherical GTOs.
The corresponding number of contracted cartesian GTOs:    35
Number of shells of contracted GTOs in the basis:    18
The Molden file contains the header for Molecular orbitals data.
Number of molecular orbitals on the file:    34
The symmetry information for the orbitals is available.

Nuclear data from the Molden file ./ch4+.molden (coordinates in a.u.): 
Index of the nucleus; Z; Element name; Coordinates of the nucleus
      1   6.0 C          0.000000000000000        0.000000000000000        0.000000000000000
      2   1.0 H          1.185952246858765        1.185952246858765        1.185957160146706
      3   1.0 H         -1.185952246858765       -1.185952246858765        1.185957160146706
      4   1.0 H         -1.185952246858765        1.185952246858765       -1.185957160146706
      5   1.0 H          1.185952246858765       -1.185952246858765       -1.185957160146706

The number of orbitals per symmetry on the Molden file is:    10    8    8    8    0    0    0    0

 ***MESSAGE FROM ROUTINE one_electron_integrals IN LIBRARY atomic_orbital_basis_obj
 ***INFORMATIVE MESSAGE, PROG CONTINUES, TRACEBACK REQUESTED
 *  Not enabled yet for nuclear attraction and property integrals.
 *
 *  WARNING NUMBER = -2
 ***END OF MESSAGE

Precalculating the Gaunt coefficients for L_max = 0

Precalculating the Gaunt coefficients for L_max = 1

Precalculating the Gaunt coefficients for L_max = 2

Precalculating the Gaunt coefficients for L_max = 4

Precalculating the Gaunt coefficients for L_max = 5

Precalculating the Gaunt coefficients for L_max = 0

Precalculating the Gaunt coefficients for L_max = 1

Precalculating the Gaunt coefficients for L_max = 2

Precalculating the Gaunt coefficients for L_max = 3

Precalculating the Gaunt coefficients for L_max = 4

Precalculating the Gaunt coefficients for L_max = 5

Precalculating the Gaunt coefficients for L_max = 6

Precalculating the Gaunt coefficients for L_max = 6

Precalculating the Gaunt coefficients for L_max = 7

Precalculating the Gaunt coefficients for L_max = 8

Precalculating the Gaunt coefficients for L_max = 8
One_electron_integrals took [s]:         0.099351724988082
0.0 Starting the orthogonalisation for symmetry     1

Orbital orthogonalization
Symmetry: 1
Range of active orbitals within the symmetry:     1    3

          Checking orthogonality of the active orbitals in symmetry: 1


Orthogonalization complete.
2.0 One-by-one orthogonalisation of continuum     1

Orbital orthogonalization
Symmetry: 1
Range of active orbitals within the symmetry:     4   71
Symmetry: 1
Range of passive orbitals within the symmetry:     1    3

          Checking orthogonality of the active orbitals in symmetry: 1


          Checking orthogonality of the active orbitals with respect to the fixed orbitals in symmetry: 1

1 21    0.668526337286760E-07    0.100000000000000E-09
 ***MESSAGE FROM ROUTINE orthogonalize IN LIBRARY molecular_orbital_basis_obj
 ***INFORMATIVE MESSAGE, PROG CONTINUES, TRACEBACK REQUESTED
 *  Overlap between an active and a passive orbital is .ge. thrs.
 *
 *  WARNING NUMBER = 17
 ***END OF MESSAGE
2 21    0.181261019820161E-06    0.100000000000000E-09
 ***MESSAGE FROM ROUTINE orthogonalize IN LIBRARY molecular_orbital_basis_obj
 ***INFORMATIVE MESSAGE, PROG CONTINUES, TRACEBACK REQUESTED
 *  Overlap between an active and a passive orbital is .ge. thrs.
 *
 *  WARNING NUMBER = 17
 ***END OF MESSAGE
1 23    0.548493000697427E-07    0.100000000000000E-09
 ***MESSAGE FROM ROUTINE orthogonalize IN LIBRARY molecular_orbital_basis_obj
 ***INFORMATIVE MESSAGE, PROG CONTINUES, TRACEBACK REQUESTED
 *  Overlap between an active and a passive orbital is .ge. thrs.
 *
 *  WARNING NUMBER = 17
 ***END OF MESSAGE
2 23    0.148715757517419E-06    0.100000000000000E-09
 ***MESSAGE FROM ROUTINE orthogonalize IN LIBRARY molecular_orbital_basis_obj
 ***INFORMATIVE MESSAGE, PROG CONTINUES, TRACEBACK REQUESTED
 *  Overlap between an active and a passive orbital is .ge. thrs.
 *
 *  WARNING NUMBER = 17
 ***END OF MESSAGE
1 25    0.425637677595907E-07    0.100000000000000E-09
 ***MESSAGE FROM ROUTINE orthogonalize IN LIBRARY molecular_orbital_basis_obj
 ***INFORMATIVE MESSAGE, PROG CONTINUES, TRACEBACK REQUESTED
 *  Overlap between an active and a passive orbital is .ge. thrs.
 *
 *  WARNING NUMBER = 17
 ***END OF MESSAGE
2 25    0.115405355348315E-06    0.100000000000000E-09
 ***MESSAGE FROM ROUTINE orthogonalize IN LIBRARY molecular_orbital_basis_obj
 ***INFORMATIVE MESSAGE, PROG CONTINUES, TRACEBACK REQUESTED
 *  Overlap between an active and a passive orbital is .ge. thrs.
 *
 *  WARNING NUMBER = 17
 ***END OF MESSAGE
1 27    0.643954011505550E-07    0.100000000000000E-09
 ***MESSAGE FROM ROUTINE orthogonalize IN LIBRARY molecular_orbital_basis_obj
 ***INFORMATIVE MESSAGE, PROG CONTINUES, TRACEBACK REQUESTED
 *  Overlap between an active and a passive orbital is .ge. thrs.
 *
 *  WARNING NUMBER = 17
 ***END OF MESSAGE
2 27    0.323558379568701E-06    0.100000000000000E-09
 ***MESSAGE FROM ROUTINE orthogonalize IN LIBRARY molecular_orbital_basis_obj
 ***INFORMATIVE MESSAGE, PROG CONTINUES, TRACEBACK REQUESTED
 *  Overlap between an active and a passive orbital is .ge. thrs.
 *
 *  WARNING NUMBER = 17
 ***END OF MESSAGE
1 29    0.449493416168769E-07    0.100000000000000E-09
 ***MESSAGE FROM ROUTINE orthogonalize IN LIBRARY molecular_orbital_basis_obj
 ***INFORMATIVE MESSAGE, PROG CONTINUES, TRACEBACK REQUESTED
 *  Overlap between an active and a passive orbital is .ge. thrs.
 *
 *  WARNING NUMBER = 17
 ***END OF MESSAGE
2 29    0.225954815052688E-06    0.100000000000000E-09
 ***MESSAGE FROM ROUTINE orthogonalize IN LIBRARY molecular_orbital_basis_obj
 ***INFORMATIVE MESSAGE, PROG CONTINUES, TRACEBACK REQUESTED
 *  Overlap between an active and a passive orbital is .ge. thrs.
 *
 *  WARNING NUMBER = 17
 ***END OF MESSAGE
1 31    0.142474877900457E-07    0.100000000000000E-09
 ***MESSAGE FROM ROUTINE orthogonalize IN LIBRARY molecular_orbital_basis_obj
 ***INFORMATIVE MESSAGE, PROG CONTINUES, TRACEBACK REQUESTED
 *  Overlap between an active and a passive orbital is .ge. thrs.
 *
 *  WARNING NUMBER = 17
 ***END OF MESSAGE
2 31    0.690906399184485E-07    0.100000000000000E-09
 ***MESSAGE FROM ROUTINE orthogonalize IN LIBRARY molecular_orbital_basis_obj
 ***INFORMATIVE MESSAGE, PROG CONTINUES, TRACEBACK REQUESTED
 *  Overlap between an active and a passive orbital is .ge. thrs.
 *
 *  WARNING NUMBER = 17
 ***END OF MESSAGE
1 33    0.938256962487105E-08    0.100000000000000E-09
 ***MESSAGE FROM ROUTINE orthogonalize IN LIBRARY molecular_orbital_basis_obj
 ***INFORMATIVE MESSAGE, PROG CONTINUES, TRACEBACK REQUESTED
 *  Overlap between an active and a passive orbital is .ge. thrs.
 *
 *  WARNING NUMBER = 17
 ***END OF MESSAGE
2 33    0.455042116655707E-07    0.100000000000000E-09
 ***MESSAGE FROM ROUTINE orthogonalize IN LIBRARY molecular_orbital_basis_obj
 ***INFORMATIVE MESSAGE, PROG CONTINUES, TRACEBACK REQUESTED
 *  Overlap between an active and a passive orbital is .ge. thrs.
 *
 *  WARNING NUMBER = 17
 ***END OF MESSAGE

Orthogonalization complete.
2.3 Symmetric orthogonalisation of total continuum     1

Orbital orthogonalization
Symmetry: 1
Range of active orbitals within the symmetry:     4   71

          Symmetric orthogonalization requested
Deletion threshold:     0.100000000000000E-06

Number of orbitals marked for deletion: 8

          Checking orthogonality of the active orbitals in symmetry: 1


Orthogonalization complete.
Orbital 64 from symmetry 1 has been deleted.
Orbital 65 from symmetry 1 has been deleted.
Orbital 66 from symmetry 1 has been deleted.
Orbital 67 from symmetry 1 has been deleted.
Orbital 68 from symmetry 1 has been deleted.
Orbital 69 from symmetry 1 has been deleted.
Orbital 70 from symmetry 1 has been deleted.
Orbital 71 from symmetry 1 has been deleted.
3.0 Completed orthogonalisation of symmetry     1
3.1 Orbitals for symmetry  1, for target, PCO, continuum    3    0   60
0.0 Starting the orthogonalisation for symmetry     2

Orbital orthogonalization
Symmetry: 2
Range of active orbitals within the symmetry:     1    2

          Checking orthogonality of the active orbitals in symmetry: 2


Orthogonalization complete.
2.0 One-by-one orthogonalisation of continuum     2

Orbital orthogonalization
Symmetry: 2
Range of active orbitals within the symmetry:     3   61
Symmetry: 2
Range of passive orbitals within the symmetry:     1    2

          Checking orthogonality of the active orbitals in symmetry: 2


          Checking orthogonality of the active orbitals with respect to the fixed orbitals in symmetry: 2


Orthogonalization complete.
2.3 Symmetric orthogonalisation of total continuum     2

Orbital orthogonalization
Symmetry: 2
Range of active orbitals within the symmetry:     3   61

          Symmetric orthogonalization requested
Deletion threshold:     0.100000000000000E-06

Number of orbitals marked for deletion: 7

          Checking orthogonality of the active orbitals in symmetry: 2


Orthogonalization complete.
Orbital 55 from symmetry 2 has been deleted.
Orbital 56 from symmetry 2 has been deleted.
Orbital 57 from symmetry 2 has been deleted.
Orbital 58 from symmetry 2 has been deleted.
Orbital 59 from symmetry 2 has been deleted.
Orbital 60 from symmetry 2 has been deleted.
Orbital 61 from symmetry 2 has been deleted.
3.0 Completed orthogonalisation of symmetry     2
3.1 Orbitals for symmetry  2, for target, PCO, continuum    2    0   52
0.0 Starting the orthogonalisation for symmetry     3

Orbital orthogonalization
Symmetry: 3
Range of active orbitals within the symmetry:     1    2

          Checking orthogonality of the active orbitals in symmetry: 3


Orthogonalization complete.
2.0 One-by-one orthogonalisation of continuum     3

Orbital orthogonalization
Symmetry: 3
Range of active orbitals within the symmetry:     3   61
Symmetry: 3
Range of passive orbitals within the symmetry:     1    2

          Checking orthogonality of the active orbitals in symmetry: 3


          Checking orthogonality of the active orbitals with respect to the fixed orbitals in symmetry: 3


Orthogonalization complete.
2.3 Symmetric orthogonalisation of total continuum     3

Orbital orthogonalization
Symmetry: 3
Range of active orbitals within the symmetry:     3   61

          Symmetric orthogonalization requested
Deletion threshold:     0.100000000000000E-06

Number of orbitals marked for deletion: 7

          Checking orthogonality of the active orbitals in symmetry: 3


Orthogonalization complete.
Orbital 55 from symmetry 3 has been deleted.
Orbital 56 from symmetry 3 has been deleted.
Orbital 57 from symmetry 3 has been deleted.
Orbital 58 from symmetry 3 has been deleted.
Orbital 59 from symmetry 3 has been deleted.
Orbital 60 from symmetry 3 has been deleted.
Orbital 61 from symmetry 3 has been deleted.
3.0 Completed orthogonalisation of symmetry     3
3.1 Orbitals for symmetry  3, for target, PCO, continuum    2    0   52
0.0 Starting the orthogonalisation for symmetry     4

Orbital orthogonalization
Symmetry: 4
Range of active orbitals within the symmetry:     1    2

          Checking orthogonality of the active orbitals in symmetry: 4


Orthogonalization complete.
2.0 One-by-one orthogonalisation of continuum     4

Orbital orthogonalization
Symmetry: 4
Range of active orbitals within the symmetry:     3   61
Symmetry: 4
Range of passive orbitals within the symmetry:     1    2

          Checking orthogonality of the active orbitals in symmetry: 4


          Checking orthogonality of the active orbitals with respect to the fixed orbitals in symmetry: 4


Orthogonalization complete.
2.3 Symmetric orthogonalisation of total continuum     4

Orbital orthogonalization
Symmetry: 4
Range of active orbitals within the symmetry:     3   61

          Symmetric orthogonalization requested
Deletion threshold:     0.100000000000000E-06

Number of orbitals marked for deletion: 7

          Checking orthogonality of the active orbitals in symmetry: 4


Orthogonalization complete.
Orbital 55 from symmetry 4 has been deleted.
Orbital 56 from symmetry 4 has been deleted.
Orbital 57 from symmetry 4 has been deleted.
Orbital 58 from symmetry 4 has been deleted.
Orbital 59 from symmetry 4 has been deleted.
Orbital 60 from symmetry 4 has been deleted.
Orbital 61 from symmetry 4 has been deleted.
3.0 Completed orthogonalisation of symmetry     4
3.1 Orbitals for symmetry  4, for target, PCO, continuum    2    0   52
Final number of orbitals for target    
    3    2    2    2    0    0    0    0
Final number of orbitals for PCOs      
    0    0    0    0    0    0    0    0
Final number of orbitals for TGT+PCOs  
    3    2    2    2    0    0    0    0
Final number of orbitals for continuum 
   60   52   52   52    0    0    0    0
Final number of orbitals for total     
   63   54   54   54    0    0    0    0
Transforming AO integral type: Overlap integrals ...
...done
Transforming AO integral type: Kinetic energy integrals ...
...done
Transforming AO integral type: Nuclear attraction integrals ...
...done
Transforming AO integral type: One electron Hamiltonian integrals ...
...done
Transforming AO integral type: Property integrals ...
...done
Transforming AO integral type: Property integrals ...
...done
Transforming AO integral type: Property integrals ...
...done
Transforming AO integral type: Property integrals ...
...done
Transforming AO integral type: Property integrals ...
...done
Transforming AO integral type: Property integrals ...
...done
Transforming AO integral type: Property integrals ...
...done
Transforming AO integral type: Property integrals ...
...done
Transforming AO integral type: Property integrals ...
...done
Continuum functions will be normalized to the requested radius:     0.100000000000000E+02

Symmetry: 1

Partial waves (m,l) in the current symmetry:
    0    0
    0    2
    2    2
   -2    3
    0    4
    2    4
    4    4

Number of channels in the current symmetry: 7

EIGENPHASE SUMS
    0.000000000000000E+00    0.000000000000000E+00
    0.272113846900000E+00   -0.535428285268115E-03
    0.544227693800000E+00   -0.202095454715394E-03
    0.816341540700000E+00   -0.752151595191823E-03
    0.108845538760000E+01   -0.130115401949062E-02
    0.136056923450000E+01   -0.143184643959134E-02
    0.163268308140000E+01   -0.119458722660549E-02
    0.190479692830000E+01   -0.853827539828644E-03
    0.217691077520000E+01   -0.676611437603198E-03
    0.244902462210000E+01   -0.818044352442187E-03
    0.272113846900000E+01   -0.129209783572644E-02
    0.299325231590000E+01   -0.199742541746685E-02
    0.326536616280000E+01   -0.276793532167006E-02
    0.353748000970000E+01   -0.342727941636015E-02
    0.380959385660000E+01   -0.383195833559507E-02
    0.408170770350000E+01   -0.390056991784854E-02
    0.435382155040000E+01   -0.362544089136711E-02
    0.462593539730000E+01   -0.307000497195495E-02
    0.489804924420000E+01   -0.235460781160028E-02
    0.517016309110000E+01   -0.163478310469647E-02
    0.544227693800000E+01   -0.107647210472359E-02
    0.571439078490000E+01   -0.831707833770668E-03
    0.598650463180000E+01   -0.101860488022793E-02
    0.625861847870000E+01   -0.170740134097471E-02
    0.653073232560000E+01   -0.291363821384788E-02
    0.680284617250000E+01   -0.459819521601623E-02
    0.707496001940000E+01   -0.667308795350011E-02
    0.734707386630000E+01   -0.901140941069290E-02
    0.761918771320000E+01   -0.114615955347057E-01
    0.789130156010000E+01   -0.138551169075364E-01
    0.816341540700000E+01   -0.160296625347369E-01
    0.843552925390000E+01   -0.178653296120735E-01
    0.870764310080000E+01   -0.191484120974794E-01
    0.897975694770000E+01   -0.198738645195234E-01
    0.925187079460000E+01   -0.199655063830384E-01
    0.952398464150000E+01   -0.194202986838514E-01
    0.979609848840000E+01   -0.182832502261872E-01
    0.100682123353000E+02   -0.166457436205969E-01
    0.103403261822000E+02   -0.146064123213445E-01
    0.106124400291000E+02   -0.124452865837352E-01
    0.108845538760000E+02   -0.102397311430364E-01
    0.111566677229000E+02   -0.823600433614726E-02
    0.114287815698000E+02   -0.663877193988052E-02
    0.117008954167000E+02   -0.563947771228842E-02
    0.119730092636000E+02   -0.540438435254838E-02
    0.122451231105000E+02   -0.606505058576445E-02
    0.125172369574000E+02   -0.771168679865104E-02
    0.127893508043000E+02   -0.103896336190674E-01
    0.130614646512000E+02   -0.140988415348115E-01
    0.133335784981000E+02   -0.187957152256411E-01
    0.136056923450000E+02   -0.244028262321602E-01
    0.138778061919000E+02   -0.307945985349876E-01
    0.141499200388000E+02   -0.378355458253735E-01
    0.144220338857000E+02   -0.453608079907958E-01
    0.146941477326000E+02   -0.531927760755654E-01
    0.149662615795000E+02   -0.611456994383685E-01
    0.152383754264000E+02   -0.690312342588650E-01
    0.155104892733000E+02   -0.766683727868329E-01
    0.157826031202000E+02   -0.838385543561410E-01
    0.160547169671000E+02   -0.904249457202837E-01
    0.163268308140000E+02   -0.962359309488670E-01
    0.165989446609000E+02   -0.101118071640576E+00
    0.168710585078000E+02   -0.105046656602734E+00
    0.171431723547000E+02   -0.107751430207441E+00
    0.174152862016000E+02   -0.109263333096656E+00
    0.176874000485000E+02   -0.109525014829687E+00
    0.179595138954000E+02   -0.108529931831270E+00
    0.182316277423000E+02   -0.106314116108031E+00
    0.185037415892000E+02   -0.102959201084999E+00
    0.187758554361000E+02   -0.985947921688709E-01
    0.190479692830000E+02   -0.933986262746638E-01
    0.193200831299000E+02   -0.875928926223383E-01
    0.195921969768000E+02   -0.814273823292209E-01
    0.198643108237000E+02   -0.754714616164214E-01
    0.201364246706000E+02   -0.694114047135382E-01
    0.204085385175000E+02   -0.640733086982515E-01
    0.206806523644000E+02   -0.596388749333182E-01
    0.209527662113000E+02   -0.563808960921090E-01
    0.212248800582000E+02   -0.545368577501559E-01
    0.214969939051000E+02   -0.542954177990106E-01
    0.217691077520000E+02   -0.557900728181479E-01
    0.220412215989000E+02   -0.590973552929421E-01
    0.223133354458000E+02   -0.642388039123990E-01
    0.225854492927000E+02   -0.711858957357786E-01
    0.228575631396000E+02   -0.798670221778579E-01
    0.231296769865000E+02   -0.901755876220149E-01
    0.234017908334000E+02   -0.101978362095840E+00
    0.236739046803000E+02   -0.115123117703269E+00
    0.239460185272000E+02   -0.129443017723249E+00
    0.242181323741000E+02   -0.144729460464251E+00
    0.244902462210000E+02   -0.161280863525046E+00
    0.247623600679000E+02   -0.178041468792232E+00
    0.250344739148000E+02   -0.195497219018693E+00
    0.253065877617000E+02   -0.213394414961136E+00
    0.255787016086000E+02   -0.231605569426550E+00
    0.258508154555000E+02   -0.250025902979536E+00
    0.261229293024000E+02   -0.268570459179187E+00
    0.263950431493000E+02   -0.287493676259719E+00
    0.266671569962000E+02   -0.305653920766897E+00
    0.269392708431000E+02   -0.324140551150126E+00
    0.272113846900000E+02   -0.342490978649361E+00
    0.274834985369000E+02   -0.360663650730466E+00
    0.277556123838000E+02   -0.378607150342062E+00
    0.280277262307000E+02   -0.396252508312493E+00
    0.282998400776000E+02   -0.413477464118611E+00
    0.285719539245000E+02   -0.429890545363381E+00
    0.288440677714000E+02   -0.430419513243947E+00
    0.291161816183000E+02   -0.465874595853000E+00
    0.293882954652000E+02   -0.480456935226035E+00
    0.296604093121000E+02   -0.494884100004812E+00
    0.299325231590000E+02   -0.508521889324150E+00
    0.302046370059000E+02   -0.521104306281898E+00
    0.304767508528000E+02   -0.532405825674559E+00
    0.307488646997000E+02   -0.542201063669519E+00
    0.310209785466000E+02   -0.550256667668135E+00
    0.312930923935000E+02   -0.556319603977578E+00
    0.315652062404000E+02   -0.560026667708146E+00
    0.318373200873000E+02   -0.559184449771437E+00
    0.321094339342000E+02   -0.564893671025600E+00
    0.323815477811000E+02   -0.560698398559433E+00
    0.326536616280000E+02   -0.555371065546409E+00
    0.329257754749000E+02   -0.548211727803423E+00
    0.331978893218000E+02   -0.539433346174652E+00
    0.334700031687000E+02   -0.529450850091954E+00
    0.337421170156000E+02   -0.518793604595306E+00
    0.340142308625000E+02   -0.508056086909567E+00
    0.342863447094000E+02   -0.497848904127668E+00
    0.345584585563000E+02   -0.488749793883405E+00
    0.348305724032000E+02   -0.481260349725082E+00
    0.351026862501000E+02   -0.475774117024582E+00
    0.353748000970000E+02   -0.472559234025016E+00
    0.356469139439000E+02   -0.471755668804629E+00
    0.359190277908000E+02   -0.473384535545628E+00
    0.361911416377000E+02   -0.477365566338542E+00
    0.364632554846000E+02   -0.483538538595847E+00
    0.367353693315000E+02   -0.491684808531986E+00
    0.370074831784000E+02   -0.501545097329116E+00
    0.372795970253000E+02   -0.512826454041910E+00
    0.375517108722000E+02   -0.525167327496239E+00
    0.378238247191000E+02   -0.537743192486511E+00
    0.380959385660000E+02   -0.565229659498509E+00
    0.383680524129000E+02   -0.570462909284023E+00
    0.386401662598000E+02   -0.585116590210733E+00
    0.389122801067000E+02   -0.600461386081233E+00
    0.391843939536000E+02   -0.616097146415583E+00
    0.394565078005000E+02   -0.631897190239663E+00
    0.397286216474000E+02   -0.647794850514457E+00
    0.400007354943000E+02   -0.663506284419436E+00
    0.402728493412000E+02   -0.681019518850140E+00
    0.405449631881000E+02   -0.697315662601709E+00
    0.408170770350000E+02   -0.714309310936706E+00
    0.410891908819000E+02   -0.731907330063787E+00
    0.413613047288000E+02   -0.750246311747259E+00
    0.416334185757000E+02   -0.769499338537098E+00
    0.419055324226000E+02   -0.789855673481750E+00
    0.421776462695000E+02   -0.811512597826118E+00
    0.424497601164000E+02   -0.834669419328331E+00
    0.427218739633000E+02   -0.859522136791482E+00
    0.429939878102000E+02   -0.886258474568841E+00
    0.432661016571000E+02   -0.915053252736476E+00
    0.435382155040000E+02   -0.946064096172981E+00
    0.438103293509000E+02   -0.979427442444709E+00
    0.440824431978000E+02   -0.101525469487009E+01
    0.443545570447000E+02   -0.105362813094471E+01
    0.446266708916000E+02   -0.109459564748611E+01
    0.448987847385000E+02   -0.113816207774568E+01
    0.451708985854000E+02   -0.118427083307666E+01
    0.454430124323000E+02   -0.123275542968245E+01
    0.457151262792000E+02   -0.128317479174719E+01
    0.459872401261000E+02   -0.133397776307349E+01
    0.462593539730000E+02   -0.137079333394102E+01
    0.465314678199000E+02   -0.148344829169819E+01
    0.468035816668000E+02   -0.152573093606540E+01
    0.470756955137000E+02   -0.159863156268873E+01
    0.473478093606000E+02   -0.165868198860294E+01
    0.476199232075000E+02   -0.172463544005565E+01
    0.478920370544000E+02   -0.179277918017778E+01
    0.481641509013000E+02   -0.186229678375877E+01
    0.484362647482000E+02   -0.193251661503499E+01
    0.487083785951000E+02   -0.200241229043563E+01
    0.489804924420000E+02   -0.206935842543896E+01
    0.492526062889000E+02   -0.211888067474617E+01
    0.495247201358000E+02    0.735171779703797E+00
    0.497968339827000E+02    0.798916831552021E+00
    0.500689478296000E+02    0.737748284896478E+00
    0.503410616765000E+02    0.668941606264241E+00
    0.506131755234000E+02    0.598703009609288E+00
    0.508852893703000E+02    0.528727039460128E+00
    0.511574032172000E+02    0.459840878719492E+00
    0.514295170641000E+02    0.392617802158265E+00
    0.517016309110000E+02    0.327544119596777E+00
    0.519737447579000E+02    0.265079377067230E+00
    0.522458586048000E+02    0.205683499724163E+00
    0.525179724517000E+02    0.149832153740587E+00
    0.527900862986000E+02    0.980279347081670E-01
    0.530622001455000E+02    0.508108785483514E-01
    0.533343139924000E+02    0.877089950311083E-02
    0.536064278393000E+02   -0.274339228103733E-01
    0.538785416862000E+02   -0.570436815714397E-01
    0.541506555331000E+02   -0.791185321956809E-01
    0.544227693800000E+02   -0.923095933750837E-01
    0.546948832269000E+02   -0.939755815572942E-01
    0.549669970738000E+02   -0.748887060525780E-01
    0.552391109207000E+02   -0.249633646735838E+01
    0.555112247676000E+02   -0.171860605090561E+00
    0.557833386145000E+02   -0.112353123108046E+00
    0.560554524614000E+02   -0.848476388365695E-01
    0.563275663083000E+02   -0.936215922299861E-01
    0.565996801552000E+02   -0.332885896058569E+00
    0.568717940021000E+02   -0.235067141118687E+01
    0.571439078490000E+02   -0.262885704923378E+01
    0.574160216959000E+02   -0.262490506200555E+01
    0.576881355428000E+02   -0.257834434747218E+01
    0.579602493897000E+02   -0.249940400233553E+01
    0.582323632366000E+02   -0.245229412730980E+01
    0.585044770835000E+02   -0.239197000637362E+01
    0.587765909304000E+02   -0.233404930929758E+01
    0.590487047773000E+02   -0.227958900807661E+01
    0.593208186242000E+02   -0.222881999227525E+01
    0.595929324711000E+02   -0.218166031253500E+01
    0.598650463180000E+02   -0.213790482410984E+01
    0.601371601649000E+02   -0.209732012543194E+01
    0.604092740118000E+02   -0.205969224009082E+01
    0.606813878587000E+02   -0.202484634565145E+01
    0.609535017056000E+02   -0.199264844754092E+01
    0.612256155525000E+02   -0.196299423831821E+01
    0.614977293994000E+02   -0.193578766290720E+01
    0.617698432463000E+02   -0.191090991806085E+01
    0.620419570932000E+02   -0.188817809624768E+01
    0.623140709401000E+02   -0.186729081761776E+01
    0.625861847870000E+02   -0.184775522260216E+01
    0.628582986339000E+02   -0.182878449950884E+01
    0.631304124808000E+02   -0.180914575319805E+01
    0.634025263277000E+02   -0.178692086151198E+01
    0.636746401746000E+02   -0.175911139260659E+01
    0.639467540215000E+02   -0.172096270447000E+01
    0.642188678684000E+02   -0.166480083373502E+01
    0.644909817153000E+02   -0.157816814441887E+01
    0.647630955622000E+02   -0.144180295611525E+01
    0.650352094091000E+02   -0.123250347266039E+01
    0.653073232560000E+02   -0.947111067294213E+00
    0.655794371029000E+02   -0.643744204866921E+00
    0.658515509498000E+02   -0.420268390940268E+00
    0.661236647967000E+02   -0.262784106828602E+00
    0.663957786436000E+02   -0.431824312216214E+00
    0.666678924905000E+02   -0.334450970911819E-01
    0.669400063374000E+02   -0.674190780777206E-01
    0.672121201843000E+02   -0.983292920837486E-01
    0.674842340312000E+02   -0.139613395988739E+00
    0.677563478781000E+02   -0.190516120784422E+00
    0.680284617250000E+02   -0.249279949244687E+00
    0.683005755719000E+02   -0.314348080996881E+00
    0.685726894188000E+02   -0.384462282263393E+00
    0.688448032657000E+02   -0.458608971518942E+00
    0.691169171126000E+02   -0.535956835817649E+00
    0.693890309595000E+02   -0.615808193039672E+00
    0.696611448064000E+02   -0.697564293966074E+00
    0.699332586533000E+02   -0.780701250788514E+00
    0.702053725002000E+02   -0.864753452730869E+00
    0.704774863471000E+02   -0.949302067950689E+00
    0.707496001940000E+02   -0.103396689423166E+01
    0.710217140409000E+02   -0.111840032526350E+01
    0.712938278878000E+02   -0.120228257285884E+01
    0.715659417347000E+02   -0.128531756560188E+01
    0.718380555816000E+02   -0.136722915777635E+01
    0.721101694285000E+02   -0.144775744519206E+01
    0.723822832754000E+02   -0.152665510641085E+01
    0.726543971223000E+02   -0.160368377532141E+01
    0.729265109692000E+02   -0.167861050924254E+01
    0.731986248161000E+02   -0.175120445062440E+01
    0.734707386630000E+02   -0.182123379476042E+01
    0.737428525099000E+02   -0.188846317542273E+01
    0.740149663568000E+02   -0.195265156962384E+01
    0.742870802037000E+02   -0.201355080647420E+01
    0.745591940506000E+02   -0.207090474840173E+01
    0.748313078975000E+02   -0.212444920165753E+01
    0.751034217444000E+02   -0.217391261425410E+01
    0.753755355913000E+02   -0.221901764275023E+01
    0.756476494382000E+02   -0.225948372817661E+01
    0.759197632851000E+02   -0.229503093768426E+01
    0.761918771320000E+02   -0.232538554247140E+01
    0.764639909789000E+02   -0.235028819970375E+01
    0.767361048258000E+02   -0.236950639144234E+01
    0.770082186727000E+02   -0.238285449496345E+01
    0.772803325196000E+02   -0.239022915475659E+01
    0.775524463665000E+02   -0.239168009174836E+01
    0.778245602134000E+02   -0.238757986636744E+01
    0.780966740603000E+02   -0.237914913379262E+01
    0.783687879072000E+02   -0.237086379817026E+01
    0.786409017541000E+02   -0.239585429538927E+01
    0.789130156010000E+02   -0.215003077375016E+01
    0.791851294479000E+02   -0.220265656401374E+01
    0.794572432948000E+02   -0.217412008048742E+01
    0.797293571417000E+02   -0.213229434485744E+01
    0.800014709886000E+02   -0.208430808223596E+01
    0.802735848355000E+02   -0.203280576488926E+01
    0.805456986824000E+02   -0.197947342469286E+01
    0.808178125293000E+02   -0.192566102019651E+01
    0.810899263762000E+02   -0.187252663126982E+01
    0.813620402231000E+02   -0.182107033539037E+01
    0.816341540700000E+02   -0.177214562147966E+01

Symmetry: 2

Partial waves (m,l) in the current symmetry:
    1    1
   -1    2
    1    3
    3    3
   -3    4
   -1    4

Number of channels in the current symmetry: 6

EIGENPHASE SUMS
    0.000000000000000E+00    0.000000000000000E+00
    0.272113846900000E+00   -0.593939930521826E-03
    0.544227693800000E+00   -0.671966947575519E-03
    0.816341540700000E+00   -0.451663038019045E-03
    0.108845538760000E+01   -0.314256027807955E-03
    0.136056923450000E+01   -0.397331192247923E-03
    0.163268308140000E+01   -0.652716531816742E-03
    0.190479692830000E+01   -0.955304060130394E-03
    0.217691077520000E+01   -0.118493811369341E-02
    0.244902462210000E+01   -0.126935034411690E-02
    0.272113846900000E+01   -0.119544078196519E-02
    0.299325231590000E+01   -0.100014403581781E-02
    0.326536616280000E+01   -0.751266418141415E-03
    0.353748000970000E+01   -0.526115750865762E-03
    0.380959385660000E+01   -0.393099505512571E-03
    0.408170770350000E+01   -0.399022107577459E-03
    0.435382155040000E+01   -0.562859981973623E-03
    0.462593539730000E+01   -0.875432343085259E-03
    0.489804924420000E+01   -0.130362576157821E-02
    0.517016309110000E+01   -0.179749981740076E-02
    0.544227693800000E+01   -0.229893522123915E-02
    0.571439078490000E+01   -0.275000754551125E-02
    0.598650463180000E+01   -0.310072515134127E-02
    0.625861847870000E+01   -0.331491939582353E-02
    0.653073232560000E+01   -0.337412069258659E-02
    0.680284617250000E+01   -0.327920788338114E-02
    0.707496001940000E+01   -0.304990587007608E-02
    0.734707386630000E+01   -0.272239288620989E-02
    0.761918771320000E+01   -0.234537470631608E-02
    0.789130156010000E+01   -0.197538902195114E-02
    0.816341540700000E+01   -0.167124017398041E-02
    0.843552925390000E+01   -0.148900274427444E-02
    0.870764310080000E+01   -0.147725156679075E-02
    0.897975694770000E+01   -0.167325965718331E-02
    0.925187079460000E+01   -0.210026646679831E-02
    0.952398464150000E+01   -0.276591518507589E-02
    0.979609848840000E+01   -0.366184233716831E-02
    0.100682123353000E+02   -0.476432030627034E-02
    0.103403261822000E+02   -0.603478129351940E-02
    0.106124400291000E+02   -0.742757552363176E-02
    0.108845538760000E+02   -0.888163810388645E-02
    0.111566677229000E+02   -0.103352834461963E-01
    0.114287815698000E+02   -0.117238497280905E-01
    0.117008954167000E+02   -0.129851988355472E-01
    0.119730092636000E+02   -0.140557332349652E-01
    0.122451231105000E+02   -0.148962753026614E-01
    0.125172369574000E+02   -0.154632154006874E-01
    0.127893508043000E+02   -0.157336988482747E-01
    0.130614646512000E+02   -0.156997621710586E-01
    0.133335784981000E+02   -0.153703249341166E-01
    0.136056923450000E+02   -0.147656882352938E-01
    0.138778061919000E+02   -0.139373586328014E-01
    0.141499200388000E+02   -0.129335775956463E-01
    0.144220338857000E+02   -0.118238653244694E-01
    0.146941477326000E+02   -0.106855175432766E-01
    0.149662615795000E+02   -0.960162825491221E-02
    0.152383754264000E+02   -0.865755452650280E-02
    0.155104892733000E+02   -0.793710678550635E-02
    0.157826031202000E+02   -0.752118015054663E-02
    0.160547169671000E+02   -0.747901713542579E-02
    0.163268308140000E+02   -0.787310850117747E-02
    0.165989446609000E+02   -0.875210833193908E-02
    0.168710585078000E+02   -0.101509031046489E-01
    0.171431723547000E+02   -0.120895600172218E-01
    0.174152862016000E+02   -0.145728789597563E-01
    0.176874000485000E+02   -0.175903886391548E-01
    0.179595138954000E+02   -0.211167121840640E-01
    0.182316277423000E+02   -0.251122369806830E-01
    0.185037415892000E+02   -0.295240338690350E-01
    0.187758554361000E+02   -0.342869818487407E-01
    0.190479692830000E+02   -0.393250569660565E-01
    0.193200831299000E+02   -0.445526849607395E-01
    0.195921969768000E+02   -0.498751651817261E-01
    0.198643108237000E+02   -0.552245085253886E-01
    0.201364246706000E+02   -0.604273829750219E-01
    0.204085385175000E+02   -0.654369980470459E-01
    0.206806523644000E+02   -0.701367294936719E-01
    0.209527662113000E+02   -0.744288049304045E-01
    0.212248800582000E+02   -0.782389883809609E-01
    0.214969939051000E+02   -0.812023324833698E-01
    0.217691077520000E+02   -0.838505028883946E-01
    0.220412215989000E+02   -0.856625839930223E-01
    0.223133354458000E+02   -0.867021218368246E-01
    0.225854492927000E+02   -0.869551467816124E-01
    0.228575631396000E+02   -0.864247740988418E-01
    0.231296769865000E+02   -0.851364728723236E-01
    0.234017908334000E+02   -0.831393264676999E-01
    0.236739046803000E+02   -0.805059715841373E-01
    0.239460185272000E+02   -0.773318642357190E-01
    0.242181323741000E+02   -0.737384799018977E-01
    0.244902462210000E+02   -0.697828378124621E-01
    0.247623600679000E+02   -0.657533587599972E-01
    0.250344739148000E+02   -0.617011134334589E-01
    0.253065877617000E+02   -0.578017077289405E-01
    0.255787016086000E+02   -0.542121596843081E-01
    0.258508154555000E+02   -0.510833395397700E-01
    0.261229293024000E+02   -0.485564556968746E-01
    0.263950431493000E+02   -0.466890508884348E-01
    0.266671569962000E+02   -0.458405095471370E-01
    0.269392708431000E+02   -0.458536836592024E-01
    0.272113846900000E+02   -0.469093565926160E-01
    0.274834985369000E+02   -0.490758041617085E-01
    0.277556123838000E+02   -0.524065048470377E-01
    0.280277262307000E+02   -0.569394360450611E-01
    0.282998400776000E+02   -0.626975373483364E-01
    0.285719539245000E+02   -0.696893805995323E-01
    0.288440677714000E+02   -0.779098856527178E-01
    0.291161816183000E+02   -0.873410161446552E-01
    0.293882954652000E+02   -0.979524218749399E-01
    0.296604093121000E+02   -0.109702012360255E+00
    0.299325231590000E+02   -0.122536456569304E+00
    0.302046370059000E+02   -0.136391607640229E+00
    0.304767508528000E+02   -0.151192846253884E+00
    0.307488646997000E+02   -0.166855310803953E+00
    0.310209785466000E+02   -0.183283883501356E+00
    0.312930923935000E+02   -0.200372324825729E+00
    0.315652062404000E+02   -0.217997352805838E+00
    0.318373200873000E+02   -0.235914281670081E+00
    0.321094339342000E+02   -0.254663000199184E+00
    0.323815477811000E+02   -0.273123159256556E+00
    0.326536616280000E+02   -0.291665982517117E+00
    0.329257754749000E+02   -0.310085820480665E+00
    0.331978893218000E+02   -0.328219253203279E+00
    0.334700031687000E+02   -0.345907642024241E+00
    0.337421170156000E+02   -0.363004718312939E+00
    0.340142308625000E+02   -0.379422583057526E+00
    0.342863447094000E+02   -0.395522623771550E+00
    0.345584585563000E+02   -0.401177860384870E+00
    0.348305724032000E+02   -0.419250508300626E+00
    0.351026862501000E+02   -0.430838905119226E+00
    0.353748000970000E+02   -0.440419318981553E+00
    0.356469139439000E+02   -0.448072978321736E+00
    0.359190277908000E+02   -0.453726196461481E+00
    0.361911416377000E+02   -0.457296921435481E+00
    0.364632554846000E+02   -0.458724486160136E+00
    0.367353693315000E+02   -0.457982321768924E+00
    0.370074831784000E+02   -0.455086643686443E+00
    0.372795970253000E+02   -0.450104712262092E+00
    0.375517108722000E+02   -0.443169848717772E+00
    0.378238247191000E+02   -0.434575865837978E+00
    0.380959385660000E+02   -0.421266268834084E+00
    0.383680524129000E+02   -0.411544422870235E+00
    0.386401662598000E+02   -0.398819011629107E+00
    0.389122801067000E+02   -0.385256386757083E+00
    0.391843939536000E+02   -0.371264691085943E+00
    0.394565078005000E+02   -0.357200486270234E+00
    0.397286216474000E+02   -0.343388700315701E+00
    0.400007354943000E+02   -0.329963201166398E+00
    0.402728493412000E+02   -0.318598781604161E+00
    0.405449631881000E+02   -0.307271690243427E+00
    0.408170770350000E+02   -0.297607502773046E+00
    0.410891908819000E+02   -0.289613870863145E+00
    0.413613047288000E+02   -0.283443629738549E+00
    0.416334185757000E+02   -0.279234927384511E+00
    0.419055324226000E+02   -0.277101415938746E+00
    0.421776462695000E+02   -0.277132577409508E+00
    0.424497601164000E+02   -0.279395755517047E+00
    0.427218739633000E+02   -0.283938432852265E+00
    0.429939878102000E+02   -0.290790363484499E+00
    0.432661016571000E+02   -0.299965453158482E+00
    0.435382155040000E+02   -0.311463383451029E+00
    0.438103293509000E+02   -0.325271018962165E+00
    0.440824431978000E+02   -0.341363649981634E+00
    0.443545570447000E+02   -0.359706120127878E+00
    0.446266708916000E+02   -0.380253876182612E+00
    0.448987847385000E+02   -0.402953959663233E+00
    0.451708985854000E+02   -0.427745937649790E+00
    0.454430124323000E+02   -0.454562739896365E+00
    0.457151262792000E+02   -0.483331310344983E+00
    0.459872401261000E+02   -0.513972806933501E+00
    0.462593539730000E+02   -0.546401325702361E+00
    0.465314678199000E+02   -0.580514952647423E+00
    0.468035816668000E+02   -0.616080607508770E+00
    0.470756955137000E+02   -0.654104840976387E+00
    0.473478093606000E+02   -0.692595079212874E+00
    0.476199232075000E+02   -0.732632807079611E+00
    0.478920370544000E+02   -0.773933348476203E+00
    0.481641509013000E+02   -0.816369812144012E+00
    0.484362647482000E+02   -0.859823445032784E+00
    0.487083785951000E+02   -0.904172075203949E+00
    0.489804924420000E+02   -0.949287227000629E+00
    0.492526062889000E+02   -0.995032864533548E+00
    0.495247201358000E+02   -0.104126475883951E+01
    0.497968339827000E+02   -0.108783033465497E+01
    0.500689478296000E+02   -0.113456906610285E+01
    0.503410616765000E+02   -0.118131361062976E+01
    0.506131755234000E+02   -0.122789204446519E+01
    0.508852893703000E+02   -0.127413193625375E+01
    0.511574032172000E+02   -0.131986790698104E+01
    0.514295170641000E+02   -0.136495679254139E+01
    0.517016309110000E+02   -0.140931216323322E+01
    0.519737447579000E+02   -0.145299841172814E+01
    0.522458586048000E+02   -0.149656439431037E+01
    0.525179724517000E+02   -0.154290398924858E+01
    0.527900862986000E+02   -0.163624050585048E+01
    0.530622001455000E+02   -0.156699707086764E+01
    0.533343139924000E+02   -0.161827801908017E+01
    0.536064278393000E+02   -0.165359397349978E+01
    0.538785416862000E+02   -0.168389912843403E+01
    0.541506555331000E+02   -0.171081067407728E+01
    0.544227693800000E+02   -0.173490033810738E+01
    0.546948832269000E+02   -0.175671985111310E+01
    0.549669970738000E+02   -0.177792571721095E+01
    0.552391109207000E+02   -0.182433032611249E+01
    0.555112247676000E+02   -0.178403590693189E+01
    0.557833386145000E+02   -0.180156227820958E+01
    0.560554524614000E+02   -0.181113922266579E+01
    0.563275663083000E+02   -0.181719272813857E+01
    0.565996801552000E+02   -0.182032694551632E+01
    0.568717940021000E+02   -0.182051747002683E+01
    0.571439078490000E+02   -0.181738463530089E+01
    0.574160216959000E+02   -0.180996279288893E+01
    0.576881355428000E+02   -0.179442486952863E+01
    0.579602493897000E+02   -0.446889690244906E+00
    0.582323632366000E+02   -0.179053985901800E+01
    0.585044770835000E+02   -0.176314353435189E+01
    0.587765909304000E+02   -0.173537708119527E+01
    0.590487047773000E+02   -0.170456052402776E+01
    0.593208186242000E+02   -0.167063654333833E+01
    0.595929324711000E+02   -0.163419531391953E+01
    0.598650463180000E+02   -0.159613072415599E+01
    0.601371601649000E+02   -0.155748992408356E+01
    0.604092740118000E+02   -0.151936380639403E+01
    0.606813878587000E+02   -0.148279898709021E+01
    0.609535017056000E+02   -0.144873281463408E+01
    0.612256155525000E+02   -0.141795341255926E+01
    0.614977293994000E+02   -0.139108301015649E+01
    0.617698432463000E+02   -0.136857957576795E+01
    0.620419570932000E+02   -0.135075043402124E+01
    0.623140709401000E+02   -0.133777197261313E+01
    0.625861847870000E+02   -0.132971096672442E+01
    0.628582986339000E+02   -0.132654471421398E+01
    0.631304124808000E+02   -0.132817860705655E+01
    0.634025263277000E+02   -0.133446078801586E+01
    0.636746401746000E+02   -0.134519418446562E+01
    0.639467540215000E+02   -0.136014661060746E+01
    0.642188678684000E+02   -0.137906000188169E+01
    0.644909817153000E+02   -0.140166060894044E+01
    0.647630955622000E+02   -0.142767437821339E+01
    0.650352094091000E+02   -0.145686105268301E+01
    0.653073232560000E+02   -0.148912793037623E+01
    0.655794371029000E+02   -0.152518165562953E+01
    0.658515509498000E+02   -0.158472327284840E+01
    0.661236647967000E+02   -0.158444277169589E+01
    0.663957786436000E+02   -0.162762176883854E+01
    0.666678924905000E+02   -0.166837335778637E+01
    0.669400063374000E+02   -0.170904260148309E+01
    0.672121201843000E+02   -0.174975206756487E+01
    0.674842340312000E+02   -0.179033515598783E+01
    0.677563478781000E+02   -0.183055669147965E+01
    0.680284617250000E+02   -0.187016024918706E+01
    0.683005755719000E+02   -0.190887849502564E+01
    0.685726894188000E+02   -0.194643110296814E+01
    0.688448032657000E+02   -0.198251638718632E+01
    0.691169171126000E+02   -0.201679842652955E+01
    0.693890309595000E+02   -0.204889012082942E+01
    0.696611448064000E+02   -0.207833207440003E+01
    0.699332586533000E+02   -0.210456690536987E+01
    0.702053725002000E+02   -0.212690843767003E+01
    0.704774863471000E+02   -0.214450538248238E+01
    0.707496001940000E+02   -0.215629996211428E+01
    0.710217140409000E+02   -0.216098433369716E+01
    0.712938278878000E+02   -0.215696329576282E+01
    0.715659417347000E+02   -0.214234346717859E+01
    0.718380555816000E+02   -0.211499075065250E+01
    0.721101694285000E+02   -0.207273099179975E+01
    0.723822832754000E+02   -0.201380056568505E+01
    0.726543971223000E+02   -0.193763105047602E+01
    0.729265109692000E+02   -0.184586666508711E+01
    0.731986248161000E+02   -0.174310902861397E+01
    0.734707386630000E+02   -0.163657301634474E+01
    0.737428525099000E+02   -0.153431214990586E+01
    0.740149663568000E+02   -0.144290367618508E+01
    0.742870802037000E+02   -0.136603948970017E+01
    0.745591940506000E+02   -0.130456243393252E+01
    0.748313078975000E+02   -0.125736819588392E+01
    0.751034217444000E+02   -0.122239480150326E+01
    0.753755355913000E+02   -0.119732225854912E+01
    0.756476494382000E+02   -0.117995851608904E+01
    0.759197632851000E+02   -0.116841979136961E+01
    0.761918771320000E+02   -0.116122381668897E+01
    0.764639909789000E+02   -0.115742272294375E+01
    0.767361048258000E+02   -0.115707330041001E+01
    0.770082186727000E+02   -0.116357820721792E+01
    0.772803325196000E+02   -0.634093097937640E+00
    0.775524463665000E+02   -0.108321367560387E+01
    0.778245602134000E+02   -0.110214320510270E+01
    0.780966740603000E+02   -0.110337934506319E+01
    0.783687879072000E+02   -0.110357529724383E+01
    0.786409017541000E+02   -0.112977612832405E+01
    0.789130156010000E+02   -0.989543042290526E+00
    0.791851294479000E+02   -0.102107797203261E+01
    0.794572432948000E+02   -0.101230367371534E+01
    0.797293571417000E+02   -0.996861003971909E+00
    0.800014709886000E+02   -0.978477481109103E+00
    0.802735848355000E+02   -0.958396553478612E+00
    0.805456986824000E+02   -0.937335088467902E+00
    0.808178125293000E+02   -0.915869972995111E+00
    0.810899263762000E+02   -0.894550371079752E+00
    0.813620402231000E+02   -0.873931863437628E+00
    0.816341540700000E+02   -0.854570891016296E+00

Symmetry: 3

Partial waves (m,l) in the current symmetry:
   -1    1
    1    2
   -3    3
   -1    3
    1    4
    3    4

Number of channels in the current symmetry: 6

EIGENPHASE SUMS
    0.000000000000000E+00    0.000000000000000E+00
    0.272113846900000E+00   -0.594060944369999E-03
    0.544227693800000E+00   -0.672265435064086E-03
    0.816341540700000E+00   -0.452044423001888E-03
    0.108845538760000E+01   -0.314566940233592E-03
    0.136056923450000E+01   -0.397571223847862E-03
    0.163268308140000E+01   -0.653065344616294E-03
    0.190479692830000E+01   -0.955939815244779E-03
    0.217691077520000E+01   -0.118587045780425E-02
    0.244902462210000E+01   -0.127041073214152E-02
    0.272113846900000E+01   -0.119639175115746E-02
    0.299325231590000E+01   -0.100080441936309E-02
    0.326536616280000E+01   -0.751574500708935E-03
    0.353748000970000E+01   -0.526124109716481E-03
    0.380959385660000E+01   -0.392925379858811E-03
    0.408170770350000E+01   -0.398799324332797E-03
    0.435382155040000E+01   -0.562702332063799E-03
    0.462593539730000E+01   -0.875417496693363E-03
    0.489804924420000E+01   -0.130378396678626E-02
    0.517016309110000E+01   -0.179788792248653E-02
    0.544227693800000E+01   -0.229951328910694E-02
    0.571439078490000E+01   -0.275075326905550E-02
    0.598650463180000E+01   -0.310160052061726E-02
    0.625861847870000E+01   -0.331587228612284E-02
    0.653073232560000E+01   -0.337508551648719E-02
    0.680284617250000E+01   -0.328010788252826E-02
    0.707496001940000E+01   -0.305065892803837E-02
    0.734707386630000E+01   -0.272292503869835E-02
    0.761918771320000E+01   -0.234555355631877E-02
    0.789130156010000E+01   -0.197525721202564E-02
    0.816341540700000E+01   -0.167076375227139E-02
    0.843552925390000E+01   -0.148821146136506E-02
    0.870764310080000E+01   -0.147621639789926E-02
    0.897975694770000E+01   -0.167208545854565E-02
    0.925187079460000E+01   -0.209908139613702E-02
    0.952398464150000E+01   -0.276485964061877E-02
    0.979609848840000E+01   -0.366106664146904E-02
    0.100682123353000E+02   -0.476404689613663E-02
    0.103403261822000E+02   -0.604526926239474E-02
    0.106124400291000E+02   -0.742723247960896E-02
    0.108845538760000E+02   -0.888188442281467E-02
    0.111566677229000E+02   -0.103359127154059E-01
    0.114287815698000E+02   -0.117247240705238E-01
    0.117008954167000E+02   -0.129860628508156E-01
    0.119730092636000E+02   -0.140571430160143E-01
    0.122451231105000E+02   -0.148973970820522E-01
    0.125172369574000E+02   -0.154640301272198E-01
    0.127893508043000E+02   -0.157340197976568E-01
    0.130614646512000E+02   -0.156992131107272E-01
    0.133335784981000E+02   -0.153672687991348E-01
    0.136056923450000E+02   -0.147739356703260E-01
    0.138778061919000E+02   -0.139388374395943E-01
    0.141499200388000E+02   -0.129337029357050E-01
    0.144220338857000E+02   -0.118231283974838E-01
    0.146941477326000E+02   -0.106840812079420E-01
    0.149662615795000E+02   -0.959959970391643E-02
    0.152383754264000E+02   -0.865507580730407E-02
    0.155104892733000E+02   -0.793481880906011E-02
    0.157826031202000E+02   -0.751688872456909E-02
    0.160547169671000E+02   -0.747488494043252E-02
    0.163268308140000E+02   -0.786895252358758E-02
    0.165989446609000E+02   -0.874803988329495E-02
    0.168710585078000E+02   -0.101470880958249E-01
    0.171431723547000E+02   -0.120861913583357E-01
    0.174152862016000E+02   -0.145701687544321E-01
    0.176874000485000E+02   -0.175885676580702E-01
    0.179595138954000E+02   -0.211160383749568E-01
    0.182316277423000E+02   -0.251130214469762E-01
    0.185037415892000E+02   -0.295267055172317E-01
    0.187758554361000E+02   -0.342922502825229E-01
    0.190479692830000E+02   -0.393343815787037E-01
    0.193200831299000E+02   -0.445700718290459E-01
    0.195921969768000E+02   -0.499204087008001E-01
    0.198643108237000E+02   -0.550364991740822E-01
    0.201364246706000E+02   -0.603897038246033E-01
    0.204085385175000E+02   -0.654128208797563E-01
    0.206806523644000E+02   -0.701163210049519E-01
    0.209527662113000E+02   -0.744082049373595E-01
    0.212248800582000E+02   -0.782113548989755E-01
    0.214969939051000E+02   -0.812230539769234E-01
    0.217691077520000E+02   -0.838420370185916E-01
    0.220412215989000E+02   -0.856494580071687E-01
    0.223133354458000E+02   -0.866860470407710E-01
    0.225854492927000E+02   -0.869364524330424E-01
    0.228575631396000E+02   -0.864034413536074E-01
    0.231296769865000E+02   -0.851122674543354E-01
    0.234017908334000E+02   -0.831116781029351E-01
    0.236739046803000E+02   -0.804734741778424E-01
    0.239460185272000E+02   -0.772901918095081E-01
    0.242181323741000E+02   -0.736621814025648E-01
    0.244902462210000E+02   -0.698654591725133E-01
    0.247623600679000E+02   -0.657597617048551E-01
    0.250344739148000E+02   -0.616964812487942E-01
    0.253065877617000E+02   -0.577932809178793E-01
    0.255787016086000E+02   -0.542026467438518E-01
    0.258508154555000E+02   -0.510747523102989E-01
    0.261229293024000E+02   -0.485527045874199E-01
    0.263950431493000E+02   -0.468327745288419E-01
    0.266671569962000E+02   -0.458166114709547E-01
    0.269392708431000E+02   -0.458371152440709E-01
    0.272113846900000E+02   -0.468964184137057E-01
    0.274834985369000E+02   -0.490659106323181E-01
    0.277556123838000E+02   -0.523996759428900E-01
    0.280277262307000E+02   -0.569359166779638E-01
    0.282998400776000E+02   -0.626977057078281E-01
    0.285719539245000E+02   -0.696937329989998E-01
    0.288440677714000E+02   -0.779190566057466E-01
    0.291161816183000E+02   -0.873558285467045E-01
    0.293882954652000E+02   -0.979739770203381E-01
    0.296604093121000E+02   -0.109731844269337E+00
    0.299325231590000E+02   -0.122576800945023E+00
    0.302046370059000E+02   -0.136445892110815E+00
    0.304767508528000E+02   -0.151266647947815E+00
    0.307488646997000E+02   -0.166958421386827E+00
    0.310209785466000E+02   -0.183435450516399E+00
    0.312930923935000E+02   -0.200616845541983E+00
    0.315652062404000E+02   -0.218478921925680E+00
    0.318373200873000E+02   -0.237943891393319E+00
    0.321094339342000E+02   -0.253261664712402E+00
    0.323815477811000E+02   -0.272494126678657E+00
    0.326536616280000E+02   -0.291207721329164E+00
    0.329257754749000E+02   -0.309691463718270E+00
    0.331978893218000E+02   -0.327847585123210E+00
    0.334700031687000E+02   -0.345533988828691E+00
    0.337421170156000E+02   -0.362605208993476E+00
    0.340142308625000E+02   -0.378954769989833E+00
    0.342863447094000E+02   -0.394811498413306E+00
    0.345584585563000E+02   -0.402506216772396E+00
    0.348305724032000E+02   -0.419221727137349E+00
    0.351026862501000E+02   -0.430668242859807E+00
    0.353748000970000E+02   -0.440183121802934E+00
    0.356469139439000E+02   -0.447791297846132E+00
    0.359190277908000E+02   -0.453405632414203E+00
    0.361911416377000E+02   -0.456938480231652E+00
    0.364632554846000E+02   -0.458325173978120E+00
    0.367353693315000E+02   -0.457534176264448E+00
    0.370074831784000E+02   -0.454572671324883E+00
    0.372795970253000E+02   -0.449486690584157E+00
    0.375517108722000E+02   -0.442342480393284E+00
    0.378238247191000E+02   -0.433050868517822E+00
    0.380959385660000E+02   -0.428472907435864E+00
    0.383680524129000E+02   -0.412300162885917E+00
    0.386401662598000E+02   -0.399145084084767E+00
    0.389122801067000E+02   -0.385444621721314E+00
    0.391843939536000E+02   -0.371405477389062E+00
    0.394565078005000E+02   -0.357349574487199E+00
    0.397286216474000E+02   -0.343627734181310E+00
    0.400007354943000E+02   -0.330745477824325E+00
    0.402728493412000E+02   -0.317711395456586E+00
    0.405449631881000E+02   -0.306943913850445E+00
    0.408170770350000E+02   -0.297396155607780E+00
    0.410891908819000E+02   -0.289457738070341E+00
    0.413613047288000E+02   -0.283323280594697E+00
    0.416334185757000E+02   -0.279142053098021E+00
    0.419055324226000E+02   -0.277031858684903E+00
    0.421776462695000E+02   -0.277084071419299E+00
    0.424497601164000E+02   -0.279367044780419E+00
    0.427218739633000E+02   -0.283928895247614E+00
    0.429939878102000E+02   -0.290799857300777E+00
    0.432661016571000E+02   -0.299994281180870E+00
    0.435382155040000E+02   -0.311512336623130E+00
    0.438103293509000E+02   -0.325341493367284E+00
    0.440824431978000E+02   -0.341457853314879E+00
    0.443545570447000E+02   -0.359827409883621E+00
    0.446266708916000E+02   -0.380407314686629E+00
    0.448987847385000E+02   -0.403147255436862E+00
    0.451708985854000E+02   -0.427991127884250E+00
    0.454430124323000E+02   -0.454879420888951E+00
    0.457151262792000E+02   -0.483753473802458E+00
    0.459872401261000E+02   -0.514565434657696E+00
    0.462593539730000E+02   -0.547309997420173E+00
    0.465314678199000E+02   -0.582178950581454E+00
    0.468035816668000E+02   -0.621503137570472E+00
    0.470756955137000E+02   -0.647570262048342E+00
    0.473478093606000E+02   -0.690193081229660E+00
    0.476199232075000E+02   -0.730998816337718E+00
    0.478920370544000E+02   -0.772596780958838E+00
    0.481641509013000E+02   -0.815170763489310E+00
    0.484362647482000E+02   -0.858685510759777E+00
    0.487083785951000E+02   -0.903050308938178E+00
    0.489804924420000E+02   -0.948150737537059E+00
    0.492526062889000E+02   -0.993857479436025E+00
    0.495247201358000E+02   -0.104002928815510E+01
    0.497968339827000E+02   -0.108651423602397E+01
    0.500689478296000E+02   -0.113315057402125E+01
    0.503410616765000E+02   -0.117976778697787E+01
    0.506131755234000E+02   -0.122618825559713E+01
    0.508852893703000E+02   -0.127223005201507E+01
    0.511574032172000E+02   -0.131771189301980E+01
    0.514295170641000E+02   -0.136246272869753E+01
    0.517016309110000E+02   -0.140634300517605E+01
    0.519737447579000E+02   -0.144930168169359E+01
    0.522458586048000E+02   -0.149157685690023E+01
    0.525179724517000E+02   -0.153481189879244E+01
    0.527900862986000E+02   -0.160543218837245E+01
    0.530622001455000E+02   -0.157774093062930E+01
    0.533343139924000E+02   -0.162123812313628E+01
    0.536064278393000E+02   -0.165410479652774E+01
    0.538785416862000E+02   -0.168275299912531E+01
    0.541506555331000E+02   -0.170795851283294E+01
    0.544227693800000E+02   -0.172969370673785E+01
    0.546948832269000E+02   -0.174730559535710E+01
    0.549669970738000E+02   -0.175758679863877E+01
    0.552391109207000E+02   -0.169073027501212E+01
    0.555112247676000E+02   -0.182497291828003E+01
    0.557833386145000E+02   -0.182168224210245E+01
    0.560554524614000E+02   -0.182540354991075E+01
    0.563275663083000E+02   -0.182872017466857E+01
    0.565996801552000E+02   -0.183031913123508E+01
    0.568717940021000E+02   -0.182964408328364E+01
    0.571439078490000E+02   -0.182623975882099E+01
    0.574160216959000E+02   -0.181954167190306E+01
    0.576881355428000E+02   -0.180828994306507E+01
    0.579602493897000E+02   -0.508808832986474E-01
    0.582323632366000E+02   -0.178266996636688E+01
    0.585044770835000E+02   -0.175942395142889E+01
    0.587765909304000E+02   -0.173264268872563E+01
    0.590487047773000E+02   -0.170206556227792E+01
    0.593208186242000E+02   -0.166813251769423E+01
    0.595929324711000E+02   -0.163160205073468E+01
    0.598650463180000E+02   -0.159343828881782E+01
    0.601371601649000E+02   -0.155471885768544E+01
    0.604092740118000E+02   -0.151654557828297E+01
    0.606813878587000E+02   -0.147996544624533E+01
    0.609535017056000E+02   -0.144591054462807E+01
    0.612256155525000E+02   -0.141516108857842E+01
    0.614977293994000E+02   -0.138833061862172E+01
    0.617698432463000E+02   -0.136586869401718E+01
    0.620419570932000E+02   -0.134807498284917E+01
    0.623140709401000E+02   -0.133511902246315E+01
    0.625861847870000E+02   -0.132706130215507E+01
    0.628582986339000E+02   -0.132387292899579E+01
    0.631304124808000E+02   -0.132545249958011E+01
    0.634025263277000E+02   -0.133163972819382E+01
    0.636746401746000E+02   -0.134222586628509E+01
    0.639467540215000E+02   -0.135696102610297E+01
    0.642188678684000E+02   -0.137555813300969E+01
    0.644909817153000E+02   -0.139769193925707E+01
    0.647630955622000E+02   -0.142298750738540E+01
    0.650352094091000E+02   -0.145097752785701E+01
    0.653073232560000E+02   -0.148093237788158E+01
    0.655794371029000E+02   -0.151083846255032E+01
    0.658515509498000E+02   -0.150923275392817E+01
    0.661236647967000E+02   -0.160559930113749E+01
    0.663957786436000E+02   -0.163657691536994E+01
    0.666678924905000E+02   -0.167393457036410E+01
    0.669400063374000E+02   -0.171301798907265E+01
    0.672121201843000E+02   -0.175281323211547E+01
    0.674842340312000E+02   -0.179280427748159E+01
    0.677563478781000E+02   -0.183261268491913E+01
    0.680284617250000E+02   -0.187191228027962E+01
    0.683005755719000E+02   -0.191039755251501E+01
    0.685726894188000E+02   -0.194776537622503E+01
    0.688448032657000E+02   -0.198369946581571E+01
    0.691169171126000E+02   -0.201785397184351E+01
    0.693890309595000E+02   -0.204983465157683E+01
    0.696611448064000E+02   -0.207917666787722E+01
    0.699332586533000E+02   -0.210531823214170E+01
    0.702053725002000E+02   -0.212756936613704E+01
    0.704774863471000E+02   -0.214507530749739E+01
    0.707496001940000E+02   -0.215677499137498E+01
    0.710217140409000E+02   -0.216135749890432E+01
    0.712938278878000E+02   -0.215722505404756E+01
    0.715659417347000E+02   -0.214248294351999E+01
    0.718380555816000E+02   -0.211499844450660E+01
    0.721101694285000E+02   -0.207260391238689E+01
    0.723822832754000E+02   -0.201355051581786E+01
    0.726543971223000E+02   -0.193729506720454E+01
    0.729265109692000E+02   -0.184551465482960E+01
    0.731986248161000E+02   -0.174283973767556E+01
    0.734707386630000E+02   -0.163649313055199E+01
    0.737428525099000E+02   -0.153450762449278E+01
    0.740149663568000E+02   -0.144342236845957E+01
    0.742870802037000E+02   -0.136689453473696E+01
    0.745591940506000E+02   -0.130574922597888E+01
    0.748313078975000E+02   -0.125888372401522E+01
    0.751034217444000E+02   -0.122425464521462E+01
    0.753755355913000E+02   -0.119957757765580E+01
    0.756476494382000E+02   -0.118272032363939E+01
    0.759197632851000E+02   -0.117190534408945E+01
    0.761918771320000E+02   -0.116586279759483E+01
    0.764639909789000E+02   -0.116414778677630E+01
    0.767361048258000E+02   -0.116836262079534E+01
    0.770082186727000E+02   -0.118988856465886E+01
    0.772803325196000E+02   -0.139056544378891E+01
    0.775524463665000E+02   -0.104787430889689E+01
    0.778245602134000E+02   -0.107758397782664E+01
    0.780966740603000E+02   -0.107904695308267E+01
    0.783687879072000E+02   -0.107081817950561E+01
    0.786409017541000E+02   -0.104030312857167E+01
    0.789130156010000E+02   -0.105863210370447E+01
    0.791851294479000E+02   -0.104483323637876E+01
    0.794572432948000E+02   -0.102686482526480E+01
    0.797293571417000E+02   -0.100780497277574E+01
    0.800014709886000E+02   -0.987676082495153E+00
    0.802735848355000E+02   -0.966696192806233E+00
    0.805456986824000E+02   -0.945187624607906E+00
    0.808178125293000E+02   -0.923546561118238E+00
    0.810899263762000E+02   -0.902234461009159E+00
    0.813620402231000E+02   -0.881772189668627E+00
    0.816341540700000E+02   -0.862726012586940E+00

Symmetry: 4

Partial waves (m,l) in the current symmetry:
    0    1
   -2    2
    0    3
    2    3
   -4    4
   -2    4

Number of channels in the current symmetry: 6

EIGENPHASE SUMS
    0.000000000000000E+00    0.000000000000000E+00
    0.272113846900000E+00   -0.594129864607918E-03
    0.544227693800000E+00   -0.672169654868466E-03
    0.816341540700000E+00   -0.451587718613112E-03
    0.108845538760000E+01   -0.314019149080932E-03
    0.136056923450000E+01   -0.397397804006700E-03
    0.163268308140000E+01   -0.653483337887462E-03
    0.190479692830000E+01   -0.956807159825169E-03
    0.217691077520000E+01   -0.118686031212944E-02
    0.244902462210000E+01   -0.127122246197546E-02
    0.272113846900000E+01   -0.119686308978758E-02
    0.299325231590000E+01   -0.100091726972169E-02
    0.326536616280000E+01   -0.751415069530711E-03
    0.353748000970000E+01   -0.525839029750354E-03
    0.380959385660000E+01   -0.392697009280468E-03
    0.408170770350000E+01   -0.398821939919757E-03
    0.435382155040000E+01   -0.563163047336363E-03
    0.462593539730000E+01   -0.876471034952660E-03
    0.489804924420000E+01   -0.130552955638791E-02
    0.517016309110000E+01   -0.180040418561616E-02
    0.544227693800000E+01   -0.230259367368256E-02
    0.571439078490000E+01   -0.275426387888525E-02
    0.598650463180000E+01   -0.310528786756323E-02
    0.625861847870000E+01   -0.331943980234415E-02
    0.653073232560000E+01   -0.337823985793824E-02
    0.680284617250000E+01   -0.328260486070472E-02
    0.707496001940000E+01   -0.305234201346632E-02
    0.734707386630000E+01   -0.272374753152992E-02
    0.761918771320000E+01   -0.234564549198795E-02
    0.789130156010000E+01   -0.197475437693352E-02
    0.816341540700000E+01   -0.166998058456322E-02
    0.843552925390000E+01   -0.148751173424397E-02
    0.870764310080000E+01   -0.147599574847317E-02
    0.897975694770000E+01   -0.167273809132391E-02
    0.925187079460000E+01   -0.210096797432207E-02
    0.952398464150000E+01   -0.276827621274009E-02
    0.979609848840000E+01   -0.366620451861565E-02
    0.100682123353000E+02   -0.477086087784737E-02
    0.103403261822000E+02   -0.603814899549899E-02
    0.106124400291000E+02   -0.743931185798493E-02
    0.108845538760000E+02   -0.889541209980135E-02
    0.111566677229000E+02   -0.103507841968309E-01
    0.114287815698000E+02   -0.117403897626407E-01
    0.117008954167000E+02   -0.130002534779610E-01
    0.119730092636000E+02   -0.140789321938770E-01
    0.122451231105000E+02   -0.149166685053414E-01
    0.125172369574000E+02   -0.154822420922638E-01
    0.127893508043000E+02   -0.157510290539292E-01
    0.130614646512000E+02   -0.157149563582581E-01
    0.133335784981000E+02   -0.153832097630444E-01
    0.136056923450000E+02   -0.147733801694650E-01
    0.138778061919000E+02   -0.139429168367369E-01
    0.141499200388000E+02   -0.129359568584444E-01
    0.144220338857000E+02   -0.118231009492648E-01
    0.146941477326000E+02   -0.106818993276081E-01
    0.149662615795000E+02   -0.959565402819401E-02
    0.152383754264000E+02   -0.864992449962804E-02
    0.155104892733000E+02   -0.792890526510554E-02
    0.157826031202000E+02   -0.751230282929611E-02
    0.160547169671000E+02   -0.747145280647846E-02
    0.163268308140000E+02   -0.786780296298910E-02
    0.165989446609000E+02   -0.875013812122233E-02
    0.168710585078000E+02   -0.101533183575665E-01
    0.171431723547000E+02   -0.120973249210306E-01
    0.174152862016000E+02   -0.145868215611735E-01
    0.176874000485000E+02   -0.176111536515566E-01
    0.179595138954000E+02   -0.211447147695730E-01
    0.182316277423000E+02   -0.251476135978939E-01
    0.185037415892000E+02   -0.295665795121922E-01
    0.187758554361000E+02   -0.343360422437790E-01
    0.190479692830000E+02   -0.393792654743325E-01
    0.193200831299000E+02   -0.446090065760436E-01
    0.195921969768000E+02   -0.499219599786824E-01
    0.198643108237000E+02   -0.553974059290352E-01
    0.201364246706000E+02   -0.605220284165243E-01
    0.204085385175000E+02   -0.655226098711534E-01
    0.206806523644000E+02   -0.702136395677907E-01
    0.209527662113000E+02   -0.744889289109989E-01
    0.212248800582000E+02   -0.782415566550827E-01
    0.214969939051000E+02   -0.815547395667058E-01
    0.217691077520000E+02   -0.839908420744282E-01
    0.220412215989000E+02   -0.857711759187306E-01
    0.223133354458000E+02   -0.867923861504674E-01
    0.225854492927000E+02   -0.870302688761547E-01
    0.228575631396000E+02   -0.864856457530169E-01
    0.231296769865000E+02   -0.851833334097469E-01
    0.234017908334000E+02   -0.831723127697268E-01
    0.236739046803000E+02   -0.805253984404447E-01
    0.239460185272000E+02   -0.773385626451600E-01
    0.242181323741000E+02   -0.737358378459822E-01
    0.244902462210000E+02   -0.697510661655776E-01
    0.247623600679000E+02   -0.657187263668500E-01
    0.250344739148000E+02   -0.616583107650276E-01
    0.253065877617000E+02   -0.577518745177969E-01
    0.255787016086000E+02   -0.541573019073894E-01
    0.258508154555000E+02   -0.510261125463585E-01
    0.261229293024000E+02   -0.485011202323508E-01
    0.263950431493000E+02   -0.467209455542120E-01
    0.266671569962000E+02   -0.457784646555182E-01
    0.269392708431000E+02   -0.458021210835939E-01
    0.272113846900000E+02   -0.468685480976009E-01
    0.274834985369000E+02   -0.490477228617510E-01
    0.277556123838000E+02   -0.523932735122930E-01
    0.280277262307000E+02   -0.569430169822437E-01
    0.282998400776000E+02   -0.627195879679751E-01
    0.285719539245000E+02   -0.697311481860980E-01
    0.288440677714000E+02   -0.779721128531198E-01
    0.291161816183000E+02   -0.874238460353223E-01
    0.293882954652000E+02   -0.980552931286392E-01
    0.296604093121000E+02   -0.109823530057008E+00
    0.299325231590000E+02   -0.122674211259770E+00
    0.302046370059000E+02   -0.136541885486738E+00
    0.304767508528000E+02   -0.151350099350636E+00
    0.307488646997000E+02   -0.167011049611076E+00
    0.310209785466000E+02   -0.183423958435868E+00
    0.312930923935000E+02   -0.200468539632774E+00
    0.315652062404000E+02   -0.217968819336099E+00
    0.318373200873000E+02   -0.235081962731216E+00
    0.321094339342000E+02   -0.255606687720374E+00
    0.323815477811000E+02   -0.273628641108794E+00
    0.326536616280000E+02   -0.292042987778670E+00
    0.329257754749000E+02   -0.310374910251303E+00
    0.331978893218000E+02   -0.328419086819346E+00
    0.334700031687000E+02   -0.345993797809539E+00
    0.337421170156000E+02   -0.362917560702377E+00
    0.340142308625000E+02   -0.378999837398772E+00
    0.342863447094000E+02   -0.393993289419603E+00
    0.345584585563000E+02   -0.409068578656198E+00
    0.348305724032000E+02   -0.420857979881774E+00
    0.351026862501000E+02   -0.431829465521686E+00
    0.353748000970000E+02   -0.441152228018096E+00
    0.356469139439000E+02   -0.448650031368289E+00
    0.359190277908000E+02   -0.454189940383410E+00
    0.361911416377000E+02   -0.457669213004567E+00
    0.364632554846000E+02   -0.459018401621614E+00
    0.367353693315000E+02   -0.458206997365259E+00
    0.370074831784000E+02   -0.455249884953773E+00
    0.372795970253000E+02   -0.450215398924492E+00
    0.375517108722000E+02   -0.443243374016105E+00
    0.378238247191000E+02   -0.434668228028921E+00
    0.380959385660000E+02   -0.420544141053993E+00
    0.383680524129000E+02   -0.411313473337776E+00
    0.386401662598000E+02   -0.398592644954040E+00
    0.389122801067000E+02   -0.385014863564595E+00
    0.391843939536000E+02   -0.371010938281029E+00
    0.394565078005000E+02   -0.356948936983334E+00
    0.397286216474000E+02   -0.343179947945958E+00
    0.400007354943000E+02   -0.330055484155739E+00
    0.402728493412000E+02   -0.317725184157761E+00
    0.405449631881000E+02   -0.306716093291377E+00
    0.408170770350000E+02   -0.297119241407797E+00
    0.410891908819000E+02   -0.289162932109904E+00
    0.413613047288000E+02   -0.283024272508755E+00
    0.416334185757000E+02   -0.278847786527630E+00
    0.419055324226000E+02   -0.276749268416662E+00
    0.421776462695000E+02   -0.276818838129699E+00
    0.424497601164000E+02   -0.279123776373810E+00
    0.427218739633000E+02   -0.283711098155739E+00
    0.429939878102000E+02   -0.290609812040964E+00
    0.432661016571000E+02   -0.299832858628110E+00
    0.435382155040000E+02   -0.311378759144882E+00
    0.438103293509000E+02   -0.325233024106851E+00
    0.440824431978000E+02   -0.341369373903679E+00
    0.443545570447000E+02   -0.359750810770659E+00
    0.446266708916000E+02   -0.380330555559519E+00
    0.448987847385000E+02   -0.403052817606500E+00
    0.451708985854000E+02   -0.427853280229423E+00
    0.454430124323000E+02   -0.454658987318629E+00
    0.457151262792000E+02   -0.483386760703979E+00
    0.459872401261000E+02   -0.513937341062561E+00
    0.462593539730000E+02   -0.546173658823239E+00
    0.465314678199000E+02   -0.579811270384294E+00
    0.468035816668000E+02   -0.613067297903586E+00
    0.470756955137000E+02   -0.658633747267479E+00
    0.473478093606000E+02   -0.694365773227677E+00
    0.476199232075000E+02   -0.733851121479946E+00
    0.478920370544000E+02   -0.774887050308707E+00
    0.481641509013000E+02   -0.817145470235368E+00
    0.484362647482000E+02   -0.860453442105240E+00
    0.487083785951000E+02   -0.904667948545486E+00
    0.489804924420000E+02   -0.949650610554198E+00
    0.492526062889000E+02   -0.995259836040038E+00
    0.495247201358000E+02   -0.104134768231332E+01
    0.497968339827000E+02   -0.108775850902397E+01
    0.500689478296000E+02   -0.113432861956691E+01
    0.503410616765000E+02   -0.118088671173541E+01
    0.506131755234000E+02   -0.122725524165052E+01
    0.508852893703000E+02   -0.127325309276642E+01
    0.511574032172000E+02   -0.131870051022924E+01
    0.514295170641000E+02   -0.136342874082318E+01
    0.517016309110000E+02   -0.140730136818757E+01
    0.519737447579000E+02   -0.145027126815891E+01
    0.522458586048000E+02   -0.149258034044966E+01
    0.525179724517000E+02   -0.153586987576995E+01
    0.527900862986000E+02   -0.160664675420471E+01
    0.530622001455000E+02   -0.157953655646901E+01
    0.533343139924000E+02   -0.162321243375238E+01
    0.536064278393000E+02   -0.165656538005561E+01
    0.538785416862000E+02   -0.168600518682529E+01
    0.541506555331000E+02   -0.171249778087095E+01
    0.544227693800000E+02   -0.173646594543693E+01
    0.546948832269000E+02   -0.175852108363649E+01
    0.549669970738000E+02   -0.178085701225460E+01
    0.552391109207000E+02   -0.183814568933684E+01
    0.555112247676000E+02   -0.177849676049245E+01
    0.557833386145000E+02   -0.179898441210778E+01
    0.560554524614000E+02   -0.180937555852859E+01
    0.563275663083000E+02   -0.181586187948041E+01
    0.565996801552000E+02   -0.181932983733672E+01
    0.568717940021000E+02   -0.181985661628117E+01
    0.571439078490000E+02   -0.181714343833740E+01
    0.574160216959000E+02   -0.181039218350524E+01
    0.576881355428000E+02   -0.179659866376138E+01
    0.579602493897000E+02   -0.568092153780562E-01
    0.582323632366000E+02   -0.178728785566521E+01
    0.585044770835000E+02   -0.176131706164313E+01
    0.587765909304000E+02   -0.173412165927769E+01
    0.590487047773000E+02   -0.170363390788232E+01
    0.593208186242000E+02   -0.166992571318978E+01
    0.595929324711000E+02   -0.163363256466970E+01
    0.598650463180000E+02   -0.159567055327889E+01
    0.601371601649000E+02   -0.155710110634127E+01
    0.604092740118000E+02   -0.151902604139264E+01
    0.606813878587000E+02   -0.148250087626554E+01
    0.609535017056000E+02   -0.144847010046116E+01
    0.612256155525000E+02   -0.141772720818863E+01
    0.614977293994000E+02   -0.139089804780006E+01
    0.617698432463000E+02   -0.136844258223747E+01
    0.620419570932000E+02   -0.135066872309972E+01
    0.623140709401000E+02   -0.133775229262266E+01
    0.625861847870000E+02   -0.132975859191496E+01
    0.628582986339000E+02   -0.132666273256467E+01
    0.631304124808000E+02   -0.132836733320435E+01
    0.634025263277000E+02   -0.133471720900868E+01
    0.636746401746000E+02   -0.134551131207176E+01
    0.639467540215000E+02   -0.136051253801058E+01
    0.642188678684000E+02   -0.137945627765915E+01
    0.644909817153000E+02   -0.140205905831833E+01
    0.647630955622000E+02   -0.142803008913553E+01
    0.650352094091000E+02   -0.145709431676902E+01
    0.653073232560000E+02   -0.148906530179453E+01
    0.655794371029000E+02   -0.152425636382156E+01
    0.658515509498000E+02   -0.157514422330457E+01
    0.661236647967000E+02   -0.158868384412560E+01
    0.663957786436000E+02   -0.163005650413789E+01
    0.666678924905000E+02   -0.167027471662822E+01
    0.669400063374000E+02   -0.171065768628854E+01
    0.672121201843000E+02   -0.175116243512868E+01
    0.674842340312000E+02   -0.179157203202378E+01
    0.677563478781000E+02   -0.183163122671015E+01
    0.680284617250000E+02   -0.187107435432140E+01
    0.683005755719000E+02   -0.190962948329933E+01
    0.685726894188000E+02   -0.194701388823735E+01
    0.688448032657000E+02   -0.198292454909354E+01
    0.691169171126000E+02   -0.201702467628323E+01
    0.693890309595000E+02   -0.204892641260869E+01
    0.696611448064000E+02   -0.207816948793920E+01
    0.699332586533000E+02   -0.210419537144349E+01
    0.702053725002000E+02   -0.212631635252156E+01
    0.704774863471000E+02   -0.214367914551704E+01
    0.707496001940000E+02   -0.215522346888803E+01
    0.710217140409000E+02   -0.215963846398207E+01
    0.712938278878000E+02   -0.215532545819205E+01
    0.715659417347000E+02   -0.214038730236555E+01
    0.718380555816000E+02   -0.211268615008896E+01
    0.721101694285000E+02   -0.207004462141455E+01
    0.723822832754000E+02   -0.201069696262418E+01
    0.726543971223000E+02   -0.193407383980579E+01
    0.729265109692000E+02   -0.184181837541585E+01
    0.731986248161000E+02   -0.173852710353643E+01
    0.734707386630000E+02   -0.163140086386263E+01
    0.737428525099000E+02   -0.152846784471680E+01
    0.740149663568000E+02   -0.143627091059833E+01
    0.742870802037000E+02   -0.135846198097084E+01
    0.745591940506000E+02   -0.129583815729863E+01
    0.748313078975000E+02   -0.124723819950464E+01
    0.751034217444000E+02   -0.121052143860697E+01
    0.753755355913000E+02   -0.118324944748526E+01
    0.756476494382000E+02   -0.116303842852296E+01
    0.759197632851000E+02   -0.114766808959375E+01
    0.761918771320000E+02   -0.113500021572670E+01
    0.764639909789000E+02   -0.112260168627177E+01
    0.767361048258000E+02   -0.110626682809600E+01
    0.770082186727000E+02   -0.107015308686592E+01
    0.772803325196000E+02   -0.453180625851535E+00
    0.775524463665000E+02   -0.117887178866860E+01
    0.778245602134000E+02   -0.114030328496803E+01
    0.780966740603000E+02   -0.111965772927368E+01
    0.783687879072000E+02   -0.110182494273925E+01
    0.786409017541000E+02   -0.107665711846325E+01
    0.789130156010000E+02   -0.105763544450897E+01
    0.791851294479000E+02   -0.104870571232729E+01
    0.794572432948000E+02   -0.102958107047914E+01
    0.797293571417000E+02   -0.100886819130241E+01
    0.800014709886000E+02   -0.987159033522749E+00
    0.802735848355000E+02   -0.964778195484156E+00
    0.805456986824000E+02   -0.942057059919378E+00
    0.808178125293000E+02   -0.919369879493231E+00
    0.810899263762000E+02   -0.897139203543482E+00
    0.813620402231000E+02   -0.875828792459784E+00
    0.816341540700000E+02   -0.855918165635738E+00

          Calculating GGGG integrals...
Threading over quartets of shells using: 6 threads.
Integral calculation took: 12.5 [s]
Two_electron_integrals took [s]:        12.541026515013073
Transforming AO integral type 1 ...
Size of the ijrs array limited to (Mib): 5000.000

Total number of (rs)-indices: 39060
Number of (rs)-index blocks: 2, number of (rs)-indices in block: 25759

Size of the ijrs buffer to be allocated [Mib]:       903.807121276855469
(rs)-index block: 1
(pq|rs) -> (ij|rs) for rs-block: 1->25759 done in    2.391 [s]
(ij|rs) -> (ij|kl) contribution done in    2.686 [s]
(rs)-index block: 2
(pq|rs) -> (ij|rs) for rs-block: 25760->39060 done in    0.580 [s]
(ij|rs) -> (ij|kl) contribution done in    0.803 [s]

Number of AO integrals used: 1525683600
Total time for (pq|rs) -> (ij|rs)    2.971 [s]
Total time for (ij|rs) -> (ij|kl)    3.489 [s]
(pq|rs) -> (ij|kl) done in    6.460 [s]
Number of ijkl integrals:          742346    5.664
Two_electron_integrals took [s]:         6.916404423012864
<-------->done:mpi_mod:mpi_mod_finalize
