+-------------------------------------------------------------------------+
|              _              |                                           |
| || || ||//  | \          |  | University College London (C) 1994 - 2020 |
| || || ||    | / |/\/\ /\ |  | Open University           (C) 2007 - 2020 |
| \\_// ||\\  | \ | | | \/ |  |                                           |
|                             |                                           |
+-------------------------------------------------------------------------+
| Last revision: 3.2                                                      |
| Last author:   Jimena Gorfinkiel                                        |
| Last date:     Tue Dec 21 17:59:46 2021 +0000                           |
+-------------------------------------------------------------------------+


                     Density Matrix package
                     PROGRAM DENPROP

                     DATE =20230406


     CH4+ - Transition Moments                                                       


     No. of different wavefunction pairs to be computed =    10


          Assuming UKRMol+ integrals on input.


     Wavefunction location table
     ---------------------------

     Wavefunctions consist of two parts in the Alchemy
     and R-matrix codes. The parts are: 

       (i)  Slater determinants and Clebsch-Gordan 
            coefficients i.e. CSF definitions 
      (ii)  CI expansion coefficient over CSFs     

     Data corresponding to (i) is in a single dataset 
     for each different wavefunctions while data for (ii)
     is stored, for all wavefunctions, on a single library
     dataset

     No. of target states =   4

     No.  Determinants   CI vectors  Set. No.  Start/End
     ---  ------------   ----------  --------  ---------

       1      720           26            1    1   1
       2      721           26            2    1   1
       3      722           26            3    1   1
       4      723           26            4    1   1

     The print flags, NPFLG, are as follows: 
     --------------------------------------- 

     1. Wavefunction determinant data from SORT file =  0
     2. Diagonal density matrix formulae evaluation  =  0
     3. Off-diagonal density matrix form. evaluation =  0
     4. Summary of unsorted density matrix formulae  =  0
     5. Printing of transformed property integrals   =  0
     6. Sorting procedure for density matrix form.   =  0
     7.                                              =  0
     8.                                              =  0
     9.                                              =  1
     10. Summary of properties for external region   =  0
     11. Polarizibility calculation                  =  0



     Dataset information and logical unit association:
     -------------------------------------------------

     Un-sorted density matrix expressions (NFTD) = 21
     Sorted density matrix expressions    (NFTA) = 30
     Direct access file for sorting       (NFDA) = 20
     Molecular property integrals       (NFTINT) = 16
     Computed moments written to         (NFTMT) = 24
                           with set number NMSET =  1
     Old style moments as in TMTJT/CJG  (NFTMOM) = 61
                          with set number NMSET2 =  1


     Property operator information will be obtained 
     from the file of transformed integrals. To control
     the number evaluated modify your INTS input cards 


     Target Data File Construction for External Region
     -------------------------------------------------


     Logical unit for properties file     =  24
     Set number to be used for properties =   1
     Nuclear center (NUCCEN)  defined     =  -1
     Flag for add. of nuclear terms (ISW) =   1


1-electron integrals read-in.

Number of types of property integrals:    9


     **** &INPUT data has been verified 


          Loading UKRmol+ data...

     Molecule is Abelian using D2h subgroup with  4 elements 



          GROUP MULTIPLICATION TABLE FOR D2H SYMMETRY

                   1   2   3   4   5   6   7   8
                  AG  B3U B2U B1G B1U B2G B3G AU 
               ************************************  
               *                                  *  
           AG  *  AG  B3U B2U B1G B1U B2G B3G AU  *  
               *                                  *  
           B3U *  B3U AG  B1G B2U B2G B1U AU  B3G *  
               *                                  *  
           B2U *  B2U B1G AG  B3U B3G AU  B1U B2G *  
               *                                  *  
           B1G *  B1G B2U B3U AG  AU  B3G B2G B1U *  
               *                                  *  
           B1U *  B1U B2G B3G AU  AG  B3U B2U B1G *  
               *                                  *  
           B2G *  B2G B1U AU  B3G B3U AG  B1G B2U *  
               *                                  *  
           B3G *  B3G AU  B1U B2G B2U B1G AG  B3U *  
               *                                  *  
           AU  *  AU  B3G B2G B1U B1G B2U B3U AG  *  
               *                                  *  
               ************************************  


     Wavefunction symmetry numbers =   0   0

     Wavefunction symmetry difference =   0

     Target vectors read successfully


     Wavefunction symmetry numbers =   1   0

     Wavefunction symmetry difference =   1

     Target vectors read successfully


     Wavefunction symmetry numbers =   1   1

     Wavefunction symmetry difference =   0

     Target vectors read successfully


     Wavefunction symmetry numbers =   2   0

     Wavefunction symmetry difference =   2

     Target vectors read successfully


     Wavefunction symmetry numbers =   2   1

     Wavefunction symmetry difference =   3

     Target vectors read successfully


     Wavefunction symmetry numbers =   2   2

     Wavefunction symmetry difference =   0

     Target vectors read successfully


     Wavefunction symmetry numbers =   3   0

     Wavefunction symmetry difference =   3

     Target vectors read successfully


     Wavefunction symmetry numbers =   3   1

     Wavefunction symmetry difference =   2

     Target vectors read successfully


     Wavefunction symmetry numbers =   3   2

     Wavefunction symmetry difference =   1

     Target vectors read successfully


     Wavefunction symmetry numbers =   3   3

     Wavefunction symmetry difference =   0

     Target vectors read successfully

          Loading UKRmol+ data...

          Details of all     6 centers follows: 

  No.     X        Y        Z      Charge   Symbol    Mass     Spin     Quad  

    1    0.000    0.000    0.000    6.000       C    12.000    0.000    0.000
    2    1.186    1.186    1.186    1.000       H     1.008    0.000    0.000
    3   -1.186   -1.186    1.186    1.000       H     1.008    0.000    0.000
    4   -1.186    1.186   -1.186    1.000       H     1.008    0.000    0.000
    5    1.186   -1.186   -1.186    1.000       H     1.008    0.000    0.000
    6    0.000    0.000    0.000    0.000             0.000    0.000    0.000

          Total Molecular Mass =       16.031 Dalton (amu)

          Co-ordinates of the Center of Mass in the present axis system: 

               0.00000      0.00000      0.00000


          Moment of Inertia Tensor (Lower Half Triangle):

                 11.3399501531
                  0.0000000000        11.3399501531
                  0.0000000000         0.0000000000        11.3399031729


          Principal Moments of Inertia (Atomic units): 

              20671.3620751429     20671.4477148174     20671.4477148174


          Principal Moments of Inertia (amu angstrom^2): 

                  3.1729049078         3.1729180529         3.1729180529


          Principal Axes Transformation Matrix: 

               0.00000 x      0.00000 y      1.00000 z 
               0.00000 x      1.00000 y      0.00000 z 
               1.00000 x      0.00000 y      0.00000 z 

          Rotational Constants (Atomic Units): 

                  0.0000241881         0.0000241880         0.0000241880


          Rotational Constants (cm**(-1)): 

                  5.3086632415         5.3086412483         5.3086412483


          Rotational Constants (eV): 

                  0.0006581968         0.0006581941         0.0006581941




 The following target state and properties tables are now in energy order


          Unique Target State Table
          -------------------------

          There are     4 states in the table

     (2S+1)   Sz    Irrep   Energy (Hartrees)
     ------   --    -----   -----------------

    1     2      0      1    -39.7708635684
    2     2      0      2    -39.7708635678
    3     2      0      3    -39.7708623922
    4     2      0      0    -39.4096151656


               ========================

               W A V E F U N C T I O N 
                 P R O P E R T I E S   
                      T A B L E        

               ========================




     No. of Expectation Values (Rows) in table =      30

     No. I-State J-State Property Operator Code Expectation Value
     --- ------- ------- ---------------------- -----------------

     1     4     4     2 0 0 0 0 0 0 0     0.9000D+01
     2     4     4     4 2 0 0 6 2 0 0     0.2606D-04
     3     4     4     4 2 0 0 6 2 2 1    -0.6497D-08
     4     1     4     2 0 0 0 0 0 0 0     0.0000D+00
     5     1     4     4 1 0 0 6 1 1 1    -0.6979D+00
     6     1     4     4 2 0 0 6 2 1-1    -0.4222D+00
     7     1     1     2 0 0 0 0 0 0 0     0.9000D+01
     8     1     1     4 2 0 0 6 2 0 0     0.4820D+00
     9     1     1     4 2 0 0 6 2 2 1    -0.8348D+00
    10     2     4     2 0 0 0 0 0 0 0     0.0000D+00
    11     2     4     4 1 0 0 6 1 1-1     0.6979D+00
    12     2     4     4 2 0 0 6 2 1 1     0.4222D+00
    13     2     1     2 0 0 0 0 0 0 0     0.0000D+00
    14     2     1     4 1 0 0 6 1 0 0     0.3701D+00
    15     2     1     4 2 0 0 6 2 2-1     0.1390D+01
    16     2     2     2 0 0 0 0 0 0 0     0.9000D+01
    17     2     2     4 2 0 0 6 2 0 0     0.4820D+00
    18     2     2     4 2 0 0 6 2 2 1     0.8348D+00
    19     3     4     2 0 0 0 0 0 0 0     0.0000D+00
    20     3     4     4 1 0 0 6 1 0 0    -0.6979D+00
    21     3     4     4 2 0 0 6 2 2-1    -0.4222D+00
    22     3     1     2 0 0 0 0 0 0 0     0.0000D+00
    23     3     1     4 1 0 0 6 1 1-1    -0.3701D+00
    24     3     1     4 2 0 0 6 2 1 1    -0.1390D+01
    25     3     2     2 0 0 0 0 0 0 0     0.0000D+00
    26     3     2     4 1 0 0 6 1 1 1     0.3701D+00
    27     3     2     4 2 0 0 6 2 1-1     0.1390D+01
    28     3     3     2 0 0 0 0 0 0 0     0.9000D+01
    29     3     3     4 2 0 0 6 2 0 0    -0.9639D+00
    30     3     3     4 2 0 0 6 2 2 1    -0.7516D-08




           ====> Create/Update target property file <====



          Logical unit for target properties file   =  24
          Set number at which to write target data  =   1
          Format style for the target properties    = FORMATTED  


          No. of nuclear centers in molecular frame =   6
          Sequence number of the scattering center  =   6
          Number of target states in this dataset   =   4
          The number of properties computed         =     30
          Nuclear contribution switch (ISW) is set  =   1


 Output to unit 24 is as follows:

6  1    30  5   4    20  1   0.241880529296D-04  0.241879527210D-04  0.241879527210D-04
8  1 C   6   12.0000        0.0000000000        0.0000000000        0.0000000000
8  2 H   1    1.0078        1.1859522469        1.1859522469        1.1859571601
8  3 H   1    1.0078       -1.1859522469       -1.1859522469        1.1859571601
8  4 H   1    1.0078       -1.1859522469        1.1859522469       -1.1859571601
8  5 H   1    1.0078        1.1859522469       -1.1859522469       -1.1859571601
5  1  0  0  1  2  0  0 -0.397708635684D+02  State No.   1 Doublet     B1        
5  2  0  0  2  2  0  0 -0.397708635678D+02  State No.   2 Doublet     B2        
5  3  0  0  3  2  0  0 -0.397708623922D+02  State No.   3 Doublet     A2        
5  4  0  0  0  2  0  0 -0.394096151656D+02  State No.   4 Doublet     A1        
1  4  0  4  0  6  2  0  0.260644949682D-04
1  4  0  4  0  6  2  2 -0.649673754065D-08
1  1  1  4  0  6  1  1 -0.697853365030D+00
1  1  1  4  0  6  2 -1 -0.422214253089D+00
1  1  1  1  1  6  2  0  0.481994402747D+00
1  1  1  1  1  6  2  2 -0.834793122998D+00
1  2  2  4  0  6  1 -1  0.697853350155D+00
1  2  2  4  0  6  2  1  0.422214249270D+00
1  2  2  1  1  6  1  0  0.370074388213D+00
1  2  2  1  1  6  2 -2  0.139030895920D+01
1  2  2  2  2  6  2  0  0.481994401508D+00
1  2  2  2  2  6  2  2  0.834793105351D+00
1  3  3  4  0  6  1  0 -0.697853167187D+00
1  3  3  4  0  6  2 -2 -0.422210338976D+00
1  3  3  1  1  6  1 -1 -0.370073515801D+00
1  3  3  1  1  6  2  1 -0.139031125251D+01
1  3  3  2  2  6  1  1  0.370073526587D+00
1  3  3  2  2  6  2 -1  0.139031125762D+01
1  3  3  3  3  6  2  0 -0.963909916677D+00
1  3  3  3  3  6  2  2 -0.751573603379D-08
Calculating polarisabilities with M = -1 (Y), 0 (Z), 1 (X)
State     1 alpha_XX    0.269620192261D+01
State     1 alpha_YY    0.232876053281D+06
State     1 alpha_ZZ    0.000000000000D+00
State     1 alpha_MS    0.776262498278D+05
State     2 alpha_XX    0.232994922316D+06
State     2 alpha_YY    0.269620181214D+01
State     2 alpha_ZZ    0.000000000000D+00
State     2 alpha_MS    0.776658728394D+05
State     3 alpha_XX   -0.232994922316D+06
State     3 alpha_YY   -0.232876053281D+06
State     3 alpha_ZZ    0.269620917252D+01
State     3 alpha_MS   -0.155289426463D+06
State     4 alpha_XX   -0.269620192261D+01
State     4 alpha_YY   -0.269620181214D+01
State     4 alpha_ZZ   -0.269620917252D+01
State     4 alpha_MS   -0.269620430242D+01

     END OF FILE ON READ. NO MORE INPUT
