+-------------------------------------------------------------------------+
|              _              |                                           |
| || || ||//  | \          |  | University College London (C) 1994 - 2020 |
| || || ||    | / |/\/\ /\ |  | Open University           (C) 2007 - 2020 |
| \\_// ||\\  | \ | | | \/ |  |                                           |
|                             |                                           |
+-------------------------------------------------------------------------+
| Last revision: unknown                                                  |
| Last author:   unknown                                                  |
| Last date:     unknown                                                  |
+-------------------------------------------------------------------------+
MPI startup(): PMI server not found. Please set I_MPI_PMI_LIBRARY variable if it is not a singleton case.


 Program SWINTERF  ( last modified 12-Jan-2004 )

e + H2O - doublet App                                       20230416  152942.506


 Symmetry data   MGVN = 1 STOT = 2

 Input datasets:             Unit  Set number
 Target data          LUTARG  24       1       FORMATTED
 Boundary amplitudes  LUAMP   16       1     UNFORMATTED
 CI data              LUCI    25       1     UNFORMATTED
 Buttle corrections   LUBUT    0       1     UNFORMATTED

 Output datasets:            Unit  Set number
 Channel data         LUCHAN  10       1     UNFORMATTED
 R-Matrix data        LURMT   21       1     UNFORMATTED

 We are using UKRmol+ input

 Assuming full CI vectors have been saved on LUCI 

 Target rotational constants (a.u.)   0.124732D-03   0.664574D-04   0.433568D-04

 Nuclear centres 
    Atom  Charge      X         Y         Z         Mass
  1   O      8     0.000000  0.000000  0.124011   15.994900
  2   H      1     0.000000  1.430955 -0.984352    1.007800
  3   H      1     0.000000 -1.430955 -0.984352    1.007800

 Reduced mass     890.471806 au

 Transition moments
    1    0    1    0    1    0   0.80944
    1    0    1    0    2    0   0.07008
    1    0    1    0    2    2   1.87537

 READCIP start

 CI file header data:
 --------------------
 MGVN  =  1
 NSET  =  1
 NSTAT =        117
 NOCSF =        117

 READCIP end

 R-matrix radius  =   10.00
 Residual charge on system = 0

 Channel Target  l  m  q       Irr  Energy   Energy(eV)
    1       1    1  1  1  N/A   2  0.000000  0.000000
    2       1    2  2 -1  N/A   2  0.000000  0.000000
    3       1    2  1  1  N/A   2  0.000000  0.000000
    4       1    3  2 -1  N/A   2  0.000000  0.000000
    5       1    3  1  1  N/A   2  0.000000  0.000000
    6       1    3  3  1  N/A   2  0.000000  0.000000
    7       1    4  4 -1  N/A   2  0.000000  0.000000
    8       1    4  2 -1  N/A   2  0.000000  0.000000
    9       1    4  1  1  N/A   2  0.000000  0.000000
   10       1    4  3  1  N/A   2  0.000000  0.000000

 Dimension of Hamiltonian matrix           NOCSF =       117
 Number of CSFs used to construct R-matrix NSTAT =  117
 Number of eigenvectors to be retained     NPOLE =    0
 Number of multipoles in potential         ISMAX =    2

 READCIP start

 Reading CI coefficients...
 Last pole include at                   117  is    3.46443516988418       Ryd

 READCIP end

     R-matrix boundary amplitudes 

     At radial distance RMATR -      0.00000000 Bohr radii
     No. of channels     =    10
     No. of eigenvectors =   117
     No. of correction terms =     0


     First 30 R-matrix amplitudes

     Channel =   1     -0.35850211      0.06659370      0.00000000
                       -0.01057500     -0.00000000     -0.00575127
                        0.32413748      0.00261123      0.00000000
                       -0.00000000     -0.00577045      0.04838646
                        0.00000000      0.01161192      0.01089700
                        0.00000000     -0.32303856      0.00046830
                        0.00000000     -0.00000000     -0.00007071
                        0.00684508      0.00000000     -0.04244489
                       -0.00000000      0.01259004      0.00000000
                       -0.01648164      0.00000000     -0.00693995
     Channel =   2      0.00000000     -0.00000000      0.40571819
                        0.00000000      0.04556311     -0.00000000
                       -0.00000000      0.00000000     -0.00744540
                        0.00210922     -0.00000000     -0.00000000
                        0.33353618      0.00000000      0.00000000
                       -0.03606936     -0.00000000     -0.00000000
                       -0.01075500     -0.00430802      0.00000000
                        0.00000000      0.24479521      0.00000000
                        0.21257102     -0.00000000     -0.00560368
                       -0.00000000      0.03624434      0.00000000
     Channel =   3     -0.06070963     -0.39832994     -0.00000000
                        0.04774870     -0.00000000     -0.02536318
                        0.04995921      0.00678044      0.00000000
                       -0.00000000     -0.00380294     -0.32875230
                       -0.00000000     -0.03725327      0.01328293
                        0.00000000     -0.04371231     -0.00739994
                        0.00000000     -0.00000000     -0.00680152
                        0.05055011     -0.00000000      0.31702820
                        0.00000000     -0.03462581     -0.00000000
                       -0.00614382     -0.00000000     -0.00102063
     Channel =   4     -0.00000000      0.00000000      0.04200770
                       -0.00000000     -0.43668598      0.00000002
                        0.00000000     -0.00000000      0.02301213
                        0.03431945     -0.00000001     -0.00000000
                        0.03520044     -0.00000000     -0.00000003
                        0.34274293     -0.00000000      0.00000000
                        0.02039976     -0.02424722      0.00000001
                       -0.00000000      0.01892239      0.00000000
                        0.03175107      0.00000000     -0.02217204
                        0.00000000     -0.32954318     -0.00000000
     Channel =   5     -0.00303445     -0.05066433      0.00000000
                       -0.37428360      0.00000001      0.22074771
                        0.00075925     -0.03865085     -0.00000000
                       -0.00000001     -0.02204081     -0.03985574
                       -0.00000000      0.31025216     -0.14262299
                       -0.00000001      0.00093383      0.02935767
                        0.00000000     -0.00000000     -0.01357918
                        0.00233974     -0.00000000      0.03626067
                        0.00000000      0.31109187      0.00000000
                        0.10883224      0.00000000     -0.00418235
     Channel =   6     -0.00584318      0.00348767      0.00000000
                        0.22214174      0.00000002      0.37913849
                        0.00947976      0.01606178      0.00000000
                       -0.00000001     -0.02845965      0.00511976
                        0.00000000     -0.14300963     -0.31364207
                       -0.00000003     -0.01441223     -0.01051713
                        0.00000000     -0.00000001     -0.02363046
                        0.00674293      0.00000000     -0.00860078
                       -0.00000000     -0.10857349     -0.00000000
                        0.31342084      0.00000000     -0.01332977
     Channel =   7     -0.00000000      0.00000000      0.00499636
                        0.00000000      0.00237455     -0.00000000
                        0.00000000     -0.00000003      0.40162370
                       -0.24140512      0.00000008     -0.00000000
                        0.00721495      0.00000000      0.00000000
                       -0.00355806     -0.00000000     -0.00000000
                        0.29195191      0.20065771     -0.00000007
                       -0.00000000      0.00680895     -0.00000000
                        0.01015968     -0.00000000     -0.00072373
                       -0.00000000      0.00573559      0.00000000
     Channel =   8     -0.00000000     -0.00000000      0.00208376
                       -0.00000000     -0.03876758      0.00000000
                       -0.00000000      0.00000003     -0.24002185
                       -0.40056429      0.00000012     -0.00000000
                        0.00137192     -0.00000000     -0.00000000
                        0.03060083     -0.00000000     -0.00000000
                       -0.19952166      0.29130725     -0.00000010
                        0.00000000      0.00150386     -0.00000000
                       -0.00125477     -0.00000000     -0.00194525
                        0.00000000     -0.02971107      0.00000000
     Channel =   9      0.00008862     -0.00168651      0.00000000
                       -0.03593901      0.00000000      0.02200605
                        0.00061730      0.39902097      0.00000003
                        0.00000008      0.24099088     -0.00062234
                        0.00000000      0.02854781     -0.01436640
                       -0.00000000      0.00002673     -0.31335158
                       -0.00000000      0.00000005      0.16154259
                       -0.00102065     -0.00000000      0.00002354
                       -0.00000000      0.02688345      0.00000000
                        0.01120926     -0.00000000     -0.00144150
     Channel =  10     -0.00007604     -0.00350817      0.00000000
                        0.01668105      0.00000000      0.02543365
                        0.01121537     -0.24100457     -0.00000002
                        0.00000012      0.40058999     -0.00535219
                       -0.00000000     -0.01214686     -0.02166826
                       -0.00000000     -0.00229553      0.16144977
                       -0.00000000      0.00000011      0.31447749
                       -0.00463101      0.00000000      0.01037377
                        0.00000000     -0.01103710     -0.00000000
                        0.02277128      0.00000000     -0.00352153

 Channel data will be written UNFORMATTED to set number  1 on unit number 10
 Header :e + H2O - doublet App                                       20230416  152942.506

 Target state    Spin    M    G/U  Energy (au)
         1         1     0     0  -76.026770

 Residual charge on system = 0

 Channel   Target state  L   M  Threshold (Ryd)
    1            1       1   1    0.000000
    2            1       2  -2    0.000000
    3            1       2   1    0.000000
    4            1       3  -2    0.000000
    5            1       3   1    0.000000
    6            1       3   3    0.000000
    7            1       4  -4    0.000000
    8            1       4  -2    0.000000
    9            1       4   1    0.000000
   10            1       4   3    0.000000

 R-matrix data will be written UNFORMATTED to set number  1 on unit number 21
 Header :e + H2O - doublet App                                       20230416  152942.506


 *** Task has been successfully completed ***
