+-------------------------------------------------------------------------+
|              _              |                                           |
| || || ||//  | \          |  | University College London (C) 1994 - 2020 |
| || || ||    | / |/\/\ /\ |  | Open University           (C) 2007 - 2020 |
| \\_// ||\\  | \ | | | \/ |  |                                           |
|                             |                                           |
+-------------------------------------------------------------------------+
| Last revision: unknown                                                  |
| Last author:   unknown                                                  |
| Last date:     unknown                                                  |
+-------------------------------------------------------------------------+
MPI startup(): PMI server not found. Please set I_MPI_PMI_LIBRARY variable if it is not a singleton case.


 Program RSOLVE  (last modified 05-Jan-2004 )

e + H2O - doublet App - K-matrices                          20230416  152943.425

 Symmetry data  MGVN = 1 STOT = 2 GUTOT = 0

 Fixed nuclei calculation for R = 0.000

 Input datasets:                                 Unit  Set numbers
 Target and channel data     LUCHAN (UNFORMATTED) 10       1
 Fixed nuclei R-matrix data  LURMT  (UNFORMATTED) 21       1

 Output datasets:                                Unit  Set number
 K-matrices                  LUKMT  (UNFORMATTED)921       1

 K-matrices will be calculated for 6017 energies in the range [  0.0001,  6.0010] EV 

 *** FIXED NUCLEI DATA ***

 R-matrix data has been read from set number  1 on unit number 21
 Header :e + H2O - doublet App                                       20230416  152942.506

 Dimension of Hamiltonian matrix           =       117
 Number of CI vectors stored on file       =    0
 Maximum multipole in asymptotic potential =    2
 R-matrix radius                           =   10.0000

 Maximum multipole USED in asymptotic scattering potentials   ISMAX =  2

 *** FIXED NUCLEI DATA ***

 Target and channel data is read from set  1 on unit 10

 Target state    Spin    M    G/U  Energy (au)
         1         1     0     0  -76.026770

 Channel   Vibronic level   L   M  Threshold (Ryd)
    1              1        1   1    0.000000
    2              1        2  -2    0.000000
    3              1        2   1    0.000000
    4              1        3  -2    0.000000
    5              1        3   1    0.000000
    6              1        3   3    0.000000
    7              1        4  -4    0.000000
    8              1        4  -2    0.000000
    9              1        4   1    0.000000
   10              1        4   3    0.000000

 R-matrix data has been read from set number  1 on unit number 21
 Header :e + H2O - doublet App                                       20230416  152942.506

 Dimension of Hamiltonian matrix           =       117
 Number of CI vectors stored on file       =    0
 Maximum multipole in asymptotic potential =    2
 R-matrix radius                           =   10.0000
 IWRON                     0

 ASYMPTOTIC METHOD SELECTED : GAILITIS      
 EXPANSION USED AT RADIUS =   70.0000

 R-MATRIX WILL BE PROPAGATED ACROSS  7 SUBRANGES

 K-matrices will be written to set 1 on unit 921
 ASYWFN WARNING IN CHANNEL J =  1  LJ =  1  ET(J) =    0.00001   ET(1) =    0.00001 RYD
 ASYWFN WARNING IN CHANNEL J =  2  LJ =  2  ET(J) =    0.00001   ET(1) =    0.00001 RYD
 ASYWFN WARNING IN CHANNEL J =  3  LJ =  2  ET(J) =    0.00001   ET(1) =    0.00001 RYD
 ASYWFN WARNING IN CHANNEL J =  4  LJ =  3  ET(J) =    0.00001   ET(1) =    0.00001 RYD
 ASYWFN WARNING IN CHANNEL J =  5  LJ =  3  ET(J) =    0.00001   ET(1) =    0.00001 RYD
 ASYWFN WARNING IN CHANNEL J =  6  LJ =  3  ET(J) =    0.00001   ET(1) =    0.00001 RYD
 ASYWFN WARNING IN CHANNEL J =  7  LJ =  4  ET(J) =    0.00001   ET(1) =    0.00001 RYD
 ASYWFN WARNING IN CHANNEL J =  8  LJ =  4  ET(J) =    0.00001   ET(1) =    0.00001 RYD
 ASYWFN WARNING IN CHANNEL J =  9  LJ =  4  ET(J) =    0.00001   ET(1) =    0.00001 RYD
 ASYWFN WARNING IN CHANNEL J = 10  LJ =  4  ET(J) =    0.00001   ET(1) =    0.00001 RYD
 ASYWFN WARNING IN CHANNEL J =  1  LJ =  1  ET(J) =    0.00001   ET(1) =    0.00001 RYD
 ASYWFN WARNING IN CHANNEL J =  2  LJ =  2  ET(J) =    0.00001   ET(1) =    0.00001 RYD
 ASYWFN WARNING IN CHANNEL J =  3  LJ =  2  ET(J) =    0.00001   ET(1) =    0.00001 RYD
 ASYWFN WARNING IN CHANNEL J =  4  LJ =  3  ET(J) =    0.00001   ET(1) =    0.00001 RYD
 ASYWFN WARNING IN CHANNEL J =  5  LJ =  3  ET(J) =    0.00001   ET(1) =    0.00001 RYD
 ASYWFN WARNING IN CHANNEL J =  6  LJ =  3  ET(J) =    0.00001   ET(1) =    0.00001 RYD
 ASYWFN WARNING IN CHANNEL J =  7  LJ =  4  ET(J) =    0.00001   ET(1) =    0.00001 RYD
 ASYWFN WARNING IN CHANNEL J =  8  LJ =  4  ET(J) =    0.00001   ET(1) =    0.00001 RYD
 ASYWFN WARNING IN CHANNEL J =  9  LJ =  4  ET(J) =    0.00001   ET(1) =    0.00001 RYD
 ASYWFN WARNING IN CHANNEL J = 10  LJ =  4  ET(J) =    0.00001   ET(1) =    0.00001 RYD
 ASYWFN WARNING IN CHANNEL J =  1  LJ =  1  ET(J) =    0.00002   ET(1) =    0.00002 RYD
 ASYWFN WARNING IN CHANNEL J =  2  LJ =  2  ET(J) =    0.00002   ET(1) =    0.00002 RYD
 ASYWFN WARNING IN CHANNEL J =  3  LJ =  2  ET(J) =    0.00002   ET(1) =    0.00002 RYD
 ASYWFN WARNING IN CHANNEL J =  4  LJ =  3  ET(J) =    0.00002   ET(1) =    0.00002 RYD
 ASYWFN WARNING IN CHANNEL J =  5  LJ =  3  ET(J) =    0.00002   ET(1) =    0.00002 RYD
 ASYWFN WARNING IN CHANNEL J =  6  LJ =  3  ET(J) =    0.00002   ET(1) =    0.00002 RYD
 ASYWFN WARNING IN CHANNEL J =  7  LJ =  4  ET(J) =    0.00002   ET(1) =    0.00002 RYD
 ASYWFN WARNING IN CHANNEL J =  8  LJ =  4  ET(J) =    0.00002   ET(1) =    0.00002 RYD
 ASYWFN WARNING IN CHANNEL J =  9  LJ =  4  ET(J) =    0.00002   ET(1) =    0.00002 RYD
 ASYWFN WARNING IN CHANNEL J = 10  LJ =  4  ET(J) =    0.00002   ET(1) =    0.00002 RYD
 ASYWFN WARNING IN CHANNEL J =  1  LJ =  1  ET(J) =    0.00002   ET(1) =    0.00002 RYD
 ASYWFN WARNING IN CHANNEL J =  2  LJ =  2  ET(J) =    0.00002   ET(1) =    0.00002 RYD
 ASYWFN WARNING IN CHANNEL J =  3  LJ =  2  ET(J) =    0.00002   ET(1) =    0.00002 RYD
 ASYWFN WARNING IN CHANNEL J =  4  LJ =  3  ET(J) =    0.00002   ET(1) =    0.00002 RYD
 ASYWFN WARNING IN CHANNEL J =  5  LJ =  3  ET(J) =    0.00002   ET(1) =    0.00002 RYD
 ASYWFN WARNING IN CHANNEL J =  6  LJ =  3  ET(J) =    0.00002   ET(1) =    0.00002 RYD
 ASYWFN WARNING IN CHANNEL J =  7  LJ =  4  ET(J) =    0.00002   ET(1) =    0.00002 RYD
 ASYWFN WARNING IN CHANNEL J =  8  LJ =  4  ET(J) =    0.00002   ET(1) =    0.00002 RYD
 ASYWFN WARNING IN CHANNEL J =  9  LJ =  4  ET(J) =    0.00002   ET(1) =    0.00002 RYD
 ASYWFN WARNING IN CHANNEL J = 10  LJ =  4  ET(J) =    0.00002   ET(1) =    0.00002 RYD
 ASYWFN WARNING IN CHANNEL J =  1  LJ =  1  ET(J) =    0.00003   ET(1) =    0.00003 RYD
 ASYWFN WARNING IN CHANNEL J =  2  LJ =  2  ET(J) =    0.00003   ET(1) =    0.00003 RYD
 ASYWFN WARNING IN CHANNEL J =  3  LJ =  2  ET(J) =    0.00003   ET(1) =    0.00003 RYD
 ASYWFN WARNING IN CHANNEL J =  4  LJ =  3  ET(J) =    0.00003   ET(1) =    0.00003 RYD
 ASYWFN WARNING IN CHANNEL J =  5  LJ =  3  ET(J) =    0.00003   ET(1) =    0.00003 RYD
 ASYWFN WARNING IN CHANNEL J =  6  LJ =  3  ET(J) =    0.00003   ET(1) =    0.00003 RYD
 ASYWFN WARNING IN CHANNEL J =  7  LJ =  4  ET(J) =    0.00003   ET(1) =    0.00003 RYD
 ASYWFN WARNING IN CHANNEL J =  8  LJ =  4  ET(J) =    0.00003   ET(1) =    0.00003 RYD
 ASYWFN WARNING IN CHANNEL J =  9  LJ =  4  ET(J) =    0.00003   ET(1) =    0.00003 RYD
 ASYWFN WARNING IN CHANNEL J = 10  LJ =  4  ET(J) =    0.00003   ET(1) =    0.00003 RYD
 ASYWFN WARNING IN CHANNEL J =  1  LJ =  1  ET(J) =    0.00003   ET(1) =    0.00003 RYD
 ASYWFN WARNING IN CHANNEL J =  2  LJ =  2  ET(J) =    0.00003   ET(1) =    0.00003 RYD
 ASYWFN WARNING IN CHANNEL J =  3  LJ =  2  ET(J) =    0.00003   ET(1) =    0.00003 RYD
 ASYWFN WARNING IN CHANNEL J =  4  LJ =  3  ET(J) =    0.00003   ET(1) =    0.00003 RYD
 ASYWFN WARNING IN CHANNEL J =  5  LJ =  3  ET(J) =    0.00003   ET(1) =    0.00003 RYD
 ASYWFN WARNING IN CHANNEL J =  6  LJ =  3  ET(J) =    0.00003   ET(1) =    0.00003 RYD
 ASYWFN WARNING IN CHANNEL J =  7  LJ =  4  ET(J) =    0.00003   ET(1) =    0.00003 RYD
 ASYWFN WARNING IN CHANNEL J =  8  LJ =  4  ET(J) =    0.00003   ET(1) =    0.00003 RYD
 ASYWFN WARNING IN CHANNEL J =  9  LJ =  4  ET(J) =    0.00003   ET(1) =    0.00003 RYD
 ASYWFN WARNING IN CHANNEL J = 10  LJ =  4  ET(J) =    0.00003   ET(1) =    0.00003 RYD
 ASYWFN WARNING IN CHANNEL J =  1  LJ =  1  ET(J) =    0.00003   ET(1) =    0.00003 RYD
 ASYWFN WARNING IN CHANNEL J =  2  LJ =  2  ET(J) =    0.00003   ET(1) =    0.00003 RYD
 ASYWFN WARNING IN CHANNEL J =  3  LJ =  2  ET(J) =    0.00003   ET(1) =    0.00003 RYD
 ASYWFN WARNING IN CHANNEL J =  4  LJ =  3  ET(J) =    0.00003   ET(1) =    0.00003 RYD
 ASYWFN WARNING IN CHANNEL J =  5  LJ =  3  ET(J) =    0.00003   ET(1) =    0.00003 RYD
 ASYWFN WARNING IN CHANNEL J =  6  LJ =  3  ET(J) =    0.00003   ET(1) =    0.00003 RYD
 ASYWFN WARNING IN CHANNEL J =  7  LJ =  4  ET(J) =    0.00003   ET(1) =    0.00003 RYD
 ASYWFN WARNING IN CHANNEL J =  8  LJ =  4  ET(J) =    0.00003   ET(1) =    0.00003 RYD
 ASYWFN WARNING IN CHANNEL J =  9  LJ =  4  ET(J) =    0.00003   ET(1) =    0.00003 RYD
 ASYWFN WARNING IN CHANNEL J = 10  LJ =  4  ET(J) =    0.00003   ET(1) =    0.00003 RYD
 ASYWFN WARNING IN CHANNEL J =  1  LJ =  1  ET(J) =    0.00004   ET(1) =    0.00004 RYD
 ASYWFN WARNING IN CHANNEL J =  2  LJ =  2  ET(J) =    0.00004   ET(1) =    0.00004 RYD
 ASYWFN WARNING IN CHANNEL J =  3  LJ =  2  ET(J) =    0.00004   ET(1) =    0.00004 RYD
 ASYWFN WARNING IN CHANNEL J =  4  LJ =  3  ET(J) =    0.00004   ET(1) =    0.00004 RYD
 ASYWFN WARNING IN CHANNEL J =  5  LJ =  3  ET(J) =    0.00004   ET(1) =    0.00004 RYD
 ASYWFN WARNING IN CHANNEL J =  6  LJ =  3  ET(J) =    0.00004   ET(1) =    0.00004 RYD
 ASYWFN WARNING IN CHANNEL J =  7  LJ =  4  ET(J) =    0.00004   ET(1) =    0.00004 RYD
 ASYWFN WARNING IN CHANNEL J =  8  LJ =  4  ET(J) =    0.00004   ET(1) =    0.00004 RYD
 ASYWFN WARNING IN CHANNEL J =  9  LJ =  4  ET(J) =    0.00004   ET(1) =    0.00004 RYD
 ASYWFN WARNING IN CHANNEL J = 10  LJ =  4  ET(J) =    0.00004   ET(1) =    0.00004 RYD
 ASYWFN WARNING IN CHANNEL J =  1  LJ =  1  ET(J) =    0.00004   ET(1) =    0.00004 RYD
 ASYWFN WARNING IN CHANNEL J =  2  LJ =  2  ET(J) =    0.00004   ET(1) =    0.00004 RYD
 ASYWFN WARNING IN CHANNEL J =  3  LJ =  2  ET(J) =    0.00004   ET(1) =    0.00004 RYD
 ASYWFN WARNING IN CHANNEL J =  4  LJ =  3  ET(J) =    0.00004   ET(1) =    0.00004 RYD
 ASYWFN WARNING IN CHANNEL J =  5  LJ =  3  ET(J) =    0.00004   ET(1) =    0.00004 RYD
 ASYWFN WARNING IN CHANNEL J =  6  LJ =  3  ET(J) =    0.00004   ET(1) =    0.00004 RYD
 ASYWFN WARNING IN CHANNEL J =  7  LJ =  4  ET(J) =    0.00004   ET(1) =    0.00004 RYD
 ASYWFN WARNING IN CHANNEL J =  8  LJ =  4  ET(J) =    0.00004   ET(1) =    0.00004 RYD
 ASYWFN WARNING IN CHANNEL J =  9  LJ =  4  ET(J) =    0.00004   ET(1) =    0.00004 RYD
 ASYWFN WARNING IN CHANNEL J = 10  LJ =  4  ET(J) =    0.00004   ET(1) =    0.00004 RYD
 ASYWFN WARNING IN CHANNEL J =  1  LJ =  1  ET(J) =    0.00004   ET(1) =    0.00004 RYD
 ASYWFN WARNING IN CHANNEL J =  2  LJ =  2  ET(J) =    0.00004   ET(1) =    0.00004 RYD
 ASYWFN WARNING IN CHANNEL J =  3  LJ =  2  ET(J) =    0.00004   ET(1) =    0.00004 RYD
 ASYWFN WARNING IN CHANNEL J =  4  LJ =  3  ET(J) =    0.00004   ET(1) =    0.00004 RYD
 ASYWFN WARNING IN CHANNEL J =  5  LJ =  3  ET(J) =    0.00004   ET(1) =    0.00004 RYD
 ASYWFN WARNING IN CHANNEL J =  6  LJ =  3  ET(J) =    0.00004   ET(1) =    0.00004 RYD
 ASYWFN WARNING IN CHANNEL J =  7  LJ =  4  ET(J) =    0.00004   ET(1) =    0.00004 RYD
 ASYWFN WARNING IN CHANNEL J =  8  LJ =  4  ET(J) =    0.00004   ET(1) =    0.00004 RYD
 ASYWFN WARNING IN CHANNEL J =  9  LJ =  4  ET(J) =    0.00004   ET(1) =    0.00004 RYD
 ASYWFN WARNING IN CHANNEL J = 10  LJ =  4  ET(J) =    0.00004   ET(1) =    0.00004 RYD
 ASYWFN WARNING IN CHANNEL J =  1  LJ =  1  ET(J) =    0.00005   ET(1) =    0.00005 RYD
 ASYWFN WARNING IN CHANNEL J =  2  LJ =  2  ET(J) =    0.00005   ET(1) =    0.00005 RYD
 ASYWFN WARNING IN CHANNEL J =  3  LJ =  2  ET(J) =    0.00005   ET(1) =    0.00005 RYD
 ASYWFN WARNING IN CHANNEL J =  4  LJ =  3  ET(J) =    0.00005   ET(1) =    0.00005 RYD
 ASYWFN WARNING IN CHANNEL J =  5  LJ =  3  ET(J) =    0.00005   ET(1) =    0.00005 RYD
 ASYWFN WARNING IN CHANNEL J =  6  LJ =  3  ET(J) =    0.00005   ET(1) =    0.00005 RYD
 ASYWFN WARNING IN CHANNEL J =  7  LJ =  4  ET(J) =    0.00005   ET(1) =    0.00005 RYD
 ASYWFN WARNING IN CHANNEL J =  8  LJ =  4  ET(J) =    0.00005   ET(1) =    0.00005 RYD
 ASYWFN WARNING IN CHANNEL J =  9  LJ =  4  ET(J) =    0.00005   ET(1) =    0.00005 RYD
 ASYWFN WARNING IN CHANNEL J = 10  LJ =  4  ET(J) =    0.00005   ET(1) =    0.00005 RYD
 ASYWFN WARNING IN CHANNEL J =  1  LJ =  1  ET(J) =    0.00005   ET(1) =    0.00005 RYD
 ASYWFN WARNING IN CHANNEL J =  2  LJ =  2  ET(J) =    0.00005   ET(1) =    0.00005 RYD
 ASYWFN WARNING IN CHANNEL J =  3  LJ =  2  ET(J) =    0.00005   ET(1) =    0.00005 RYD
 ASYWFN WARNING IN CHANNEL J =  4  LJ =  3  ET(J) =    0.00005   ET(1) =    0.00005 RYD
 ASYWFN WARNING IN CHANNEL J =  5  LJ =  3  ET(J) =    0.00005   ET(1) =    0.00005 RYD
 ASYWFN WARNING IN CHANNEL J =  6  LJ =  3  ET(J) =    0.00005   ET(1) =    0.00005 RYD
 ASYWFN WARNING IN CHANNEL J =  7  LJ =  4  ET(J) =    0.00005   ET(1) =    0.00005 RYD
 ASYWFN WARNING IN CHANNEL J =  8  LJ =  4  ET(J) =    0.00005   ET(1) =    0.00005 RYD
 ASYWFN WARNING IN CHANNEL J =  9  LJ =  4  ET(J) =    0.00005   ET(1) =    0.00005 RYD
 ASYWFN WARNING IN CHANNEL J = 10  LJ =  4  ET(J) =    0.00005   ET(1) =    0.00005 RYD
 ASYWFN WARNING IN CHANNEL J =  1  LJ =  1  ET(J) =    0.00006   ET(1) =    0.00006 RYD
 ASYWFN WARNING IN CHANNEL J =  2  LJ =  2  ET(J) =    0.00006   ET(1) =    0.00006 RYD
 ASYWFN WARNING IN CHANNEL J =  3  LJ =  2  ET(J) =    0.00006   ET(1) =    0.00006 RYD
 ASYWFN WARNING IN CHANNEL J =  4  LJ =  3  ET(J) =    0.00006   ET(1) =    0.00006 RYD
 ASYWFN WARNING IN CHANNEL J =  5  LJ =  3  ET(J) =    0.00006   ET(1) =    0.00006 RYD
 ASYWFN WARNING IN CHANNEL J =  6  LJ =  3  ET(J) =    0.00006   ET(1) =    0.00006 RYD
 ASYWFN WARNING IN CHANNEL J =  7  LJ =  4  ET(J) =    0.00006   ET(1) =    0.00006 RYD
 ASYWFN WARNING IN CHANNEL J =  8  LJ =  4  ET(J) =    0.00006   ET(1) =    0.00006 RYD
 ASYWFN WARNING IN CHANNEL J =  9  LJ =  4  ET(J) =    0.00006   ET(1) =    0.00006 RYD
 ASYWFN WARNING IN CHANNEL J = 10  LJ =  4  ET(J) =    0.00006   ET(1) =    0.00006 RYD
 ASYWFN WARNING IN CHANNEL J =  1  LJ =  1  ET(J) =    0.00006   ET(1) =    0.00006 RYD
 ASYWFN WARNING IN CHANNEL J =  2  LJ =  2  ET(J) =    0.00006   ET(1) =    0.00006 RYD
 ASYWFN WARNING IN CHANNEL J =  3  LJ =  2  ET(J) =    0.00006   ET(1) =    0.00006 RYD
 ASYWFN WARNING IN CHANNEL J =  4  LJ =  3  ET(J) =    0.00006   ET(1) =    0.00006 RYD
 ASYWFN WARNING IN CHANNEL J =  5  LJ =  3  ET(J) =    0.00006   ET(1) =    0.00006 RYD
 ASYWFN WARNING IN CHANNEL J =  6  LJ =  3  ET(J) =    0.00006   ET(1) =    0.00006 RYD
 ASYWFN WARNING IN CHANNEL J =  7  LJ =  4  ET(J) =    0.00006   ET(1) =    0.00006 RYD
 ASYWFN WARNING IN CHANNEL J =  8  LJ =  4  ET(J) =    0.00006   ET(1) =    0.00006 RYD
 ASYWFN WARNING IN CHANNEL J =  9  LJ =  4  ET(J) =    0.00006   ET(1) =    0.00006 RYD
 ASYWFN WARNING IN CHANNEL J = 10  LJ =  4  ET(J) =    0.00006   ET(1) =    0.00006 RYD
 ASYWFN WARNING IN CHANNEL J =  1  LJ =  1  ET(J) =    0.00006   ET(1) =    0.00006 RYD
 ASYWFN WARNING IN CHANNEL J =  2  LJ =  2  ET(J) =    0.00006   ET(1) =    0.00006 RYD
 ASYWFN WARNING IN CHANNEL J =  3  LJ =  2  ET(J) =    0.00006   ET(1) =    0.00006 RYD
 ASYWFN WARNING IN CHANNEL J =  4  LJ =  3  ET(J) =    0.00006   ET(1) =    0.00006 RYD
 ASYWFN WARNING IN CHANNEL J =  5  LJ =  3  ET(J) =    0.00006   ET(1) =    0.00006 RYD
 ASYWFN WARNING IN CHANNEL J =  6  LJ =  3  ET(J) =    0.00006   ET(1) =    0.00006 RYD
 ASYWFN WARNING IN CHANNEL J =  7  LJ =  4  ET(J) =    0.00006   ET(1) =    0.00006 RYD
 ASYWFN WARNING IN CHANNEL J =  8  LJ =  4  ET(J) =    0.00006   ET(1) =    0.00006 RYD
 ASYWFN WARNING IN CHANNEL J =  9  LJ =  4  ET(J) =    0.00006   ET(1) =    0.00006 RYD
 ASYWFN WARNING IN CHANNEL J = 10  LJ =  4  ET(J) =    0.00006   ET(1) =    0.00006 RYD
 ASYWFN WARNING IN CHANNEL J =  1  LJ =  1  ET(J) =    0.00007   ET(1) =    0.00007 RYD
 ASYWFN WARNING IN CHANNEL J =  2  LJ =  2  ET(J) =    0.00007   ET(1) =    0.00007 RYD
 ASYWFN WARNING IN CHANNEL J =  3  LJ =  2  ET(J) =    0.00007   ET(1) =    0.00007 RYD
 ASYWFN WARNING IN CHANNEL J =  4  LJ =  3  ET(J) =    0.00007   ET(1) =    0.00007 RYD
 ASYWFN WARNING IN CHANNEL J =  5  LJ =  3  ET(J) =    0.00007   ET(1) =    0.00007 RYD
 ASYWFN WARNING IN CHANNEL J =  6  LJ =  3  ET(J) =    0.00007   ET(1) =    0.00007 RYD
 ASYWFN WARNING IN CHANNEL J =  7  LJ =  4  ET(J) =    0.00007   ET(1) =    0.00007 RYD
 ASYWFN WARNING IN CHANNEL J =  8  LJ =  4  ET(J) =    0.00007   ET(1) =    0.00007 RYD
 ASYWFN WARNING IN CHANNEL J =  9  LJ =  4  ET(J) =    0.00007   ET(1) =    0.00007 RYD
 ASYWFN WARNING IN CHANNEL J = 10  LJ =  4  ET(J) =    0.00007   ET(1) =    0.00007 RYD
 ASYWFN WARNING IN CHANNEL J =  1  LJ =  1  ET(J) =    0.00007   ET(1) =    0.00007 RYD
 ASYWFN WARNING IN CHANNEL J =  2  LJ =  2  ET(J) =    0.00007   ET(1) =    0.00007 RYD
 ASYWFN WARNING IN CHANNEL J =  3  LJ =  2  ET(J) =    0.00007   ET(1) =    0.00007 RYD
 ASYWFN WARNING IN CHANNEL J =  4  LJ =  3  ET(J) =    0.00007   ET(1) =    0.00007 RYD
 ASYWFN WARNING IN CHANNEL J =  5  LJ =  3  ET(J) =    0.00007   ET(1) =    0.00007 RYD
 ASYWFN WARNING IN CHANNEL J =  6  LJ =  3  ET(J) =    0.00007   ET(1) =    0.00007 RYD
 ASYWFN WARNING IN CHANNEL J =  7  LJ =  4  ET(J) =    0.00007   ET(1) =    0.00007 RYD
 ASYWFN WARNING IN CHANNEL J =  8  LJ =  4  ET(J) =    0.00007   ET(1) =    0.00007 RYD
 ASYWFN WARNING IN CHANNEL J =  9  LJ =  4  ET(J) =    0.00007   ET(1) =    0.00007 RYD
 ASYWFN WARNING IN CHANNEL J = 10  LJ =  4  ET(J) =    0.00007   ET(1) =    0.00007 RYD
 ASYWFN WARNING IN CHANNEL J =  1  LJ =  1  ET(J) =    0.00007   ET(1) =    0.00007 RYD
 ASYWFN WARNING IN CHANNEL J =  2  LJ =  2  ET(J) =    0.00007   ET(1) =    0.00007 RYD
 ASYWFN WARNING IN CHANNEL J =  3  LJ =  2  ET(J) =    0.00007   ET(1) =    0.00007 RYD
 ASYWFN WARNING IN CHANNEL J =  4  LJ =  3  ET(J) =    0.00007   ET(1) =    0.00007 RYD
 ASYWFN WARNING IN CHANNEL J =  5  LJ =  3  ET(J) =    0.00007   ET(1) =    0.00007 RYD
 ASYWFN WARNING IN CHANNEL J =  6  LJ =  3  ET(J) =    0.00007   ET(1) =    0.00007 RYD
 ASYWFN WARNING IN CHANNEL J =  7  LJ =  4  ET(J) =    0.00007   ET(1) =    0.00007 RYD
 ASYWFN WARNING IN CHANNEL J =  8  LJ =  4  ET(J) =    0.00007   ET(1) =    0.00007 RYD
 ASYWFN WARNING IN CHANNEL J =  9  LJ =  4  ET(J) =    0.00007   ET(1) =    0.00007 RYD
 ASYWFN WARNING IN CHANNEL J = 10  LJ =  4  ET(J) =    0.00007   ET(1) =    0.00007 RYD
 ASYWFN WARNING IN CHANNEL J =  1  LJ =  1  ET(J) =    0.00015   ET(1) =    0.00015 RYD
 ASYWFN WARNING IN CHANNEL J =  2  LJ =  2  ET(J) =    0.00015   ET(1) =    0.00015 RYD
 ASYWFN WARNING IN CHANNEL J =  3  LJ =  2  ET(J) =    0.00015   ET(1) =    0.00015 RYD
 ASYWFN WARNING IN CHANNEL J =  4  LJ =  3  ET(J) =    0.00015   ET(1) =    0.00015 RYD
 ASYWFN WARNING IN CHANNEL J =  5  LJ =  3  ET(J) =    0.00015   ET(1) =    0.00015 RYD
 ASYWFN WARNING IN CHANNEL J =  6  LJ =  3  ET(J) =    0.00015   ET(1) =    0.00015 RYD
 ASYWFN WARNING IN CHANNEL J =  7  LJ =  4  ET(J) =    0.00015   ET(1) =    0.00015 RYD
 ASYWFN WARNING IN CHANNEL J =  8  LJ =  4  ET(J) =    0.00015   ET(1) =    0.00015 RYD
 ASYWFN WARNING IN CHANNEL J =  9  LJ =  4  ET(J) =    0.00015   ET(1) =    0.00015 RYD
 ASYWFN WARNING IN CHANNEL J = 10  LJ =  4  ET(J) =    0.00015   ET(1) =    0.00015 RYD
 ASYWFN WARNING IN CHANNEL J =  1  LJ =  1  ET(J) =    0.00022   ET(1) =    0.00022 RYD
 ASYWFN WARNING IN CHANNEL J =  2  LJ =  2  ET(J) =    0.00022   ET(1) =    0.00022 RYD
 ASYWFN WARNING IN CHANNEL J =  3  LJ =  2  ET(J) =    0.00022   ET(1) =    0.00022 RYD
 ASYWFN WARNING IN CHANNEL J =  4  LJ =  3  ET(J) =    0.00022   ET(1) =    0.00022 RYD
 ASYWFN WARNING IN CHANNEL J =  5  LJ =  3  ET(J) =    0.00022   ET(1) =    0.00022 RYD
 ASYWFN WARNING IN CHANNEL J =  6  LJ =  3  ET(J) =    0.00022   ET(1) =    0.00022 RYD
 ASYWFN WARNING IN CHANNEL J =  8  LJ =  4  ET(J) =    0.00022   ET(1) =    0.00022 RYD
 ASYWFN WARNING IN CHANNEL J =  9  LJ =  4  ET(J) =    0.00022   ET(1) =    0.00022 RYD
 ASYWFN WARNING IN CHANNEL J = 10  LJ =  4  ET(J) =    0.00022   ET(1) =    0.00022 RYD
 ASYWFN WARNING IN CHANNEL J =  2  LJ =  2  ET(J) =    0.00029   ET(1) =    0.00029 RYD
 ASYWFN WARNING IN CHANNEL J =  3  LJ =  2  ET(J) =    0.00029   ET(1) =    0.00029 RYD
 ASYWFN WARNING IN CHANNEL J =  4  LJ =  3  ET(J) =    0.00029   ET(1) =    0.00029 RYD
 ASYWFN WARNING IN CHANNEL J =  5  LJ =  3  ET(J) =    0.00029   ET(1) =    0.00029 RYD
 ASYWFN WARNING IN CHANNEL J =  6  LJ =  3  ET(J) =    0.00029   ET(1) =    0.00029 RYD
 ASYWFN WARNING IN CHANNEL J =  8  LJ =  4  ET(J) =    0.00029   ET(1) =    0.00029 RYD
 ASYWFN WARNING IN CHANNEL J =  9  LJ =  4  ET(J) =    0.00029   ET(1) =    0.00029 RYD
 ASYWFN WARNING IN CHANNEL J = 10  LJ =  4  ET(J) =    0.00029   ET(1) =    0.00029 RYD
 ASYWFN WARNING IN CHANNEL J =  4  LJ =  3  ET(J) =    0.00037   ET(1) =    0.00037 RYD
 ASYWFN WARNING IN CHANNEL J =  5  LJ =  3  ET(J) =    0.00037   ET(1) =    0.00037 RYD
 ASYWFN WARNING IN CHANNEL J =  6  LJ =  3  ET(J) =    0.00037   ET(1) =    0.00037 RYD
 ASYWFN WARNING IN CHANNEL J =  8  LJ =  4  ET(J) =    0.00037   ET(1) =    0.00037 RYD
 ASYWFN WARNING IN CHANNEL J =  9  LJ =  4  ET(J) =    0.00037   ET(1) =    0.00037 RYD
 ASYWFN WARNING IN CHANNEL J = 10  LJ =  4  ET(J) =    0.00037   ET(1) =    0.00037 RYD
 ASYWFN WARNING IN CHANNEL J =  8  LJ =  4  ET(J) =    0.00044   ET(1) =    0.00044 RYD
 ASYWFN WARNING IN CHANNEL J =  9  LJ =  4  ET(J) =    0.00044   ET(1) =    0.00044 RYD
 ASYWFN WARNING IN CHANNEL J = 10  LJ =  4  ET(J) =    0.00044   ET(1) =    0.00044 RYD
 ASYWFN WARNING IN CHANNEL J =  8  LJ =  4  ET(J) =    0.00051   ET(1) =    0.00051 RYD
 ASYWFN WARNING IN CHANNEL J =  9  LJ =  4  ET(J) =    0.00051   ET(1) =    0.00051 RYD
 ASYWFN WARNING IN CHANNEL J = 10  LJ =  4  ET(J) =    0.00051   ET(1) =    0.00051 RYD
 ASYWFN WARNING IN CHANNEL J =  8  LJ =  4  ET(J) =    0.00059   ET(1) =    0.00059 RYD
 ASYWFN WARNING IN CHANNEL J =  9  LJ =  4  ET(J) =    0.00059   ET(1) =    0.00059 RYD
 ASYWFN WARNING IN CHANNEL J = 10  LJ =  4  ET(J) =    0.00059   ET(1) =    0.00059 RYD
 ASYWFN WARNING IN CHANNEL J =  8  LJ =  4  ET(J) =    0.00066   ET(1) =    0.00066 RYD
 ASYWFN WARNING IN CHANNEL J =  9  LJ =  4  ET(J) =    0.00066   ET(1) =    0.00066 RYD
 ASYWFN WARNING IN CHANNEL J = 10  LJ =  4  ET(J) =    0.00066   ET(1) =    0.00066 RYD
 ASYWFN WARNING IN CHANNEL J =  8  LJ =  4  ET(J) =    0.00073   ET(1) =    0.00073 RYD
 ASYWFN WARNING IN CHANNEL J =  9  LJ =  4  ET(J) =    0.00073   ET(1) =    0.00073 RYD
 ASYWFN WARNING IN CHANNEL J =  8  LJ =  4  ET(J) =    0.00081   ET(1) =    0.00081 RYD
 ASYWFN WARNING IN CHANNEL J =  9  LJ =  4  ET(J) =    0.00081   ET(1) =    0.00081 RYD

Number of energy points for which the K matrices have actually been calculated:      0

 *** Task successfully completed ***
