+-------------------------------------------------------------------------+
|              _              |                                           |
| || || ||//  | \          |  | University College London (C) 1994 - 2020 |
| || || ||    | / |/\/\ /\ |  | Open University           (C) 2007 - 2020 |
| \\_// ||\\  | \ | | | \/ |  |                                           |
|                             |                                           |
+-------------------------------------------------------------------------+
| Last revision: 3.2                                                      |
| Last author:   Jimena Gorfinkiel                                        |
| Last date:     Tue Dec 21 17:59:46 2021 +0000                           |
+-------------------------------------------------------------------------+
1

 PROGRAM CONGEN :

                         DATE = 20230416

                         TIME = 152940.587




Using   8-byte integers
  and   8-byte reals

 NBMX =  2000000 WORDS
 ***** REGION USED FOR INPUT DATA    4501 WORDS     4 K
 ***** LEFT   1995500  WORDS
1CONGEN 1.0  IBM SAN JOSE      e + H2O - doublet App                                                                         PAGE 001

 NELECT  11   CONFPF  1   MULT   2   CDIMX   400   ICDI      1
 NTSO   612   SYMTYP  2   MVAL   1   NIDMX  4000   INDI    401
 NREFO    2               REFLC  0   NODIMX  100   INODI  4401
 NSYM     2               GUTOT  0   NCORE   2000000
                          ISZ    2   NAV     1995500


              DATA FOR SPEEDY INPUT

             IDIAG    1   MEGU  14   THRES   1.0000E-10
             LCDT   500   MEGUL721
             LNDT  5000   NFTO  15
             NRERUN   0   LTRI 300

             NPFLG =  0  0  0  0  0  0  NNDEL =      0
             BYPROJ 1   LNDO  10000000   LCDO       500
 
 
 NSYM    1    2
 NOB   192  114
 NOB0    9    1
 NOBE   96   57
 NOBP   96   57
 NOBV    9    1
 NSOI    1  385
 
     POSITRON SCATTERING CASE: IPOSIT = -1
 
 REFERENCE DETERMINANT INPUT DATA
         1   2
 MSHL    0   1
 PQN     1   1
 NES    10   1
 SO1     0   0
 SO2     0   0
 
 
 REFDET =  1,  2,  3,  4,  5,  6,  7,  8,  9, 10,385,
 lsquare =                     0

 Target state number  1
 TARGET MULTIPLICITY =    1     TARGET SYMMETRY =    0     TARGET INVERSION SYMMETRY =    0
 Coupling to continuum with M =  1
1CONGEN 1.0  IBM SAN JOSE      e + H2O - doublet App                                                                         PAGE 002

 WFN GROUP   1    Ground state x continuum^1                                                      
 NELECG  11   DEFLTC  0   IRFCON  4501
 NDPROD   3   NTCON   0   NAV     1995500
 NREFOG   2

           1  2  3
 NELECP =  2  8  1
 NSHLP  =  1  2  1
     TARGET MULTIPLICITY =    1     TARGET SYMMETRY =    0     TARGET INVERSION SYMMETRY =    0
 
   1 ORBITALS IN GROUP 1
            1
 MSHL       0
 PQN   ( 0, 1, 1)
 
   2 ORBITALS IN GROUP 2
            1           2
 MSHL       0           1
 PQN   ( 0, 2, 4)  ( 0, 1, 1)
 
   1 ORBITALS IN GROUP 3
            1
 MSHL       1
 PQN   ( 0,59,60)
 
 
 COUPLING DATA
            5           6           7
 CUP   ( 2, 3, 5)  ( 1, 5, 6)  ( 6, 4, 7)
 
 REFERENCE DETERMINANT INPUT DATA
         1   2
 MSHL    0   1
 PQN     1   1
 NES    10   1
 SO1     0   0
 SO2     0   0
 
 
 REFDET =  1,  2,  3,  4,  5,  6,  7,  8,  9, 10,385,
 
1CONGEN 1.0  IBM SAN JOSE      e + H2O - doublet App                                                                         PAGE 003

 NTYP=  1   SHELL NO       1           2           3           4           5           6
            OCCSHL         2           2           2           2           2           1
            SYM            0           0           0           0           1           1
            PQN      (  0, 1, 1) (  0, 2, 4) (  0, 2, 4) (  0, 2, 4) (  0, 1, 1) (  0,59,60)
            QNSHL          1           1           1           1           1           2
 
 *******************     TOTAL NUMBER OF DISTRIBUTIONS FOR NTYP =  1 IS    2
 *******************     TOTAL NUMBER OF STATES FOR NTYP=  1 IS   1
                    CSF NUMBERS         1 TO         2 (        2 CSFS) GENERATED
 ********************************************************************************************
 ********************************************************************************************
 lsquare =                     1

 Target state number  2
 TARGET MULTIPLICITY =    1     TARGET SYMMETRY =    0     TARGET INVERSION SYMMETRY =    0
 Coupling to continuum with M =  1
1CONGEN 1.0  IBM SAN JOSE      e + H2O - doublet App                                                                         PAGE 004

 WFN GROUP   2    Ground state x positron-TGT-to-virtual^1                                        
 NELECG  11   DEFLTC  0   IRFCON  4501
 NDPROD   3   NTCON   0   NAV     1995500
 NREFOG   2

           1  2  3
 NELECP =  2  8  1
 NSHLP  =  1  2  1
     TARGET MULTIPLICITY =    1     TARGET SYMMETRY =    0     TARGET INVERSION SYMMETRY =    0
 
   1 ORBITALS IN GROUP 1
            1
 MSHL       0
 PQN   ( 0, 1, 1)
 
   2 ORBITALS IN GROUP 2
            1           2
 MSHL       0           1
 PQN   ( 0, 2, 4)  ( 0, 1, 1)
 
   1 ORBITALS IN GROUP 3
            1
 MSHL       1
 PQN   ( 0,58,58)
 
 
 COUPLING DATA
            5           6           7
 CUP   ( 2, 3, 5)  ( 1, 5, 6)  ( 6, 4, 7)
 
 REFERENCE DETERMINANT INPUT DATA
         1   2
 MSHL    0   1
 PQN     1   1
 NES    10   1
 SO1     0   0
 SO2     0   0
 
 
 REFDET =  1,  2,  3,  4,  5,  6,  7,  8,  9, 10,385,
 
1CONGEN 1.0  IBM SAN JOSE      e + H2O - doublet App                                                                         PAGE 005

 NTYP=  1   SHELL NO       1           2           3           4           5           6
            OCCSHL         2           2           2           2           2           1
            SYM            0           0           0           0           1           1
            PQN      (  0, 1, 1) (  0, 2, 4) (  0, 2, 4) (  0, 2, 4) (  0, 1, 1) (  0,58,58)
            QNSHL          1           1           1           1           1           2
 
 *******************     TOTAL NUMBER OF DISTRIBUTIONS FOR NTYP =  1 IS    1
 *******************     TOTAL NUMBER OF STATES FOR NTYP=  1 IS   1
                    CSF NUMBERS         3 TO         3 (        1 CSFS) GENERATED
 ********************************************************************************************
 ********************************************************************************************
 lsquare =                     1

 Target state number  3
 TARGET MULTIPLICITY =    1     TARGET SYMMETRY =    0     TARGET INVERSION SYMMETRY =    0
 Coupling to continuum with M =  1
1CONGEN 1.0  IBM SAN JOSE      e + H2O - doublet App                                                                         PAGE 006

 WFN GROUP   3    Core valence^-1 x virtual^1 x positron-TGT-to-virtual^1                         
 NELECG  11   DEFLTC  0   IRFCON  4501
 NDPROD   4   NTCON   0   NAV     1995500
 NREFOG   2

           1  2  3  4
 NELECP =  2  7  1  1
 NSHLP  =  1  2  1  1
     TARGET MULTIPLICITY =    1     TARGET SYMMETRY =    0     TARGET INVERSION SYMMETRY =    0
 
   1 ORBITALS IN GROUP 1
            1
 MSHL       0
 PQN   ( 0, 1, 1)
 
   2 ORBITALS IN GROUP 2
            1           2
 MSHL       0           1
 PQN   ( 0, 2, 4)  ( 0, 1, 1)
 
   1 ORBITALS IN GROUP 3
            1
 MSHL       0
 PQN   ( 0, 5, 9)
 
   1 ORBITALS IN GROUP 4
            1
 MSHL       1
 PQN   ( 0,58,58)
 
 
 COUPLING DATA
            6           7           8           9
 CUP   ( 2, 3, 6)  ( 1, 6, 7)  ( 7, 4, 8)  ( 8, 5, 9)
 
 REFERENCE DETERMINANT INPUT DATA
         1   2
 MSHL    0   1
 PQN     1   1
 NES    10   1
 SO1     0   0
 SO2     0   0
 
 
 REFDET =  1,  2,  3,  4,  5,  6,  7,  8,  9, 10,385,
 
1CONGEN 1.0  IBM SAN JOSE      e + H2O - doublet App                                                                         PAGE 007

 NTYP=  1   SHELL NO       1           2           3           4           5           6           7
            OCCSHL         2           2           2           1           2           1           1
            SYM            0           0           0           0           1           0           1
            PQN      (  0, 1, 1) (  0, 2, 4) (  0, 2, 4) (  0, 2, 4) (  0, 1, 1) (  0, 5, 9) (  0,58,58)
            QNSHL          1           1           1           2           1           2           2
 
 *******************     TOTAL NUMBER OF DISTRIBUTIONS FOR NTYP =  1 IS   15
 *******************     TOTAL NUMBER OF STATES FOR NTYP=  1 IS   1
                    CSF NUMBERS         4 TO        18 (       15 CSFS) GENERATED
 ********************************************************************************************************
 ********************************************************************************************************
 lsquare =                     1

 Target state number  4
 TARGET MULTIPLICITY =    1     TARGET SYMMETRY =    1     TARGET INVERSION SYMMETRY =    0
 Coupling to continuum with M =  0
1CONGEN 1.0  IBM SAN JOSE      e + H2O - doublet App                                                                         PAGE 008

 WFN GROUP   4    Core valence^-1 x virtual^1 x positron-TGT-to-virtual^1                         
 NELECG  11   DEFLTC  0   IRFCON  4501
 NDPROD   4   NTCON   0   NAV     1995500
 NREFOG   2

           1  2  3  4
 NELECP =  2  7  1  1
 NSHLP  =  1  2  1  1
     TARGET MULTIPLICITY =    1     TARGET SYMMETRY =    1     TARGET INVERSION SYMMETRY =    0
 
   1 ORBITALS IN GROUP 1
            1
 MSHL       0
 PQN   ( 0, 1, 1)
 
   2 ORBITALS IN GROUP 2
            1           2
 MSHL       0           1
 PQN   ( 0, 2, 4)  ( 0, 1, 1)
 
   1 ORBITALS IN GROUP 3
            1
 MSHL       0
 PQN   ( 0, 5, 9)
 
   1 ORBITALS IN GROUP 4
            1
 MSHL       0
 PQN   ( 0,97,**)
 
 
 COUPLING DATA
            6           7           8           9
 CUP   ( 2, 3, 6)  ( 1, 6, 7)  ( 7, 4, 8)  ( 8, 5, 9)
 
 REFERENCE DETERMINANT INPUT DATA
         1   2
 MSHL    0   1
 PQN     1   1
 NES    10   1
 SO1     0   0
 SO2     0   0
 
 
 REFDET =  1,  2,  3,  4,  5,  6,  7,  8,  9, 10,385,
 
1CONGEN 1.0  IBM SAN JOSE      e + H2O - doublet App                                                                         PAGE 009

 NTYP=  1   SHELL NO       1           2           3           4           5           6           7
            OCCSHL         2           2           2           2           1           1           1
            SYM            0           0           0           0           1           0           0
            PQN      (  0, 1, 1) (  0, 2, 4) (  0, 2, 4) (  0, 2, 4) (  0, 1, 1) (  0, 5, 9) (  0,97,**)
            QNSHL          1           1           1           1           2           2           2
 
 *******************     TOTAL NUMBER OF DISTRIBUTIONS FOR NTYP =  1 IS   45
 *******************     TOTAL NUMBER OF STATES FOR NTYP=  1 IS   1
                    CSF NUMBERS        19 TO        63 (       45 CSFS) GENERATED
 ********************************************************************************************************
 ********************************************************************************************************
 
 
 *****  END OF FILE ON INPUT
 
 
 ********** TOTAL NUMBER OF CSF'S GENERATED IS        63
1CONGEN 1.0  IBM SAN JOSE      e + H2O - doublet App                                                                         PAGE 010

 MOLECULE SYMMETRY CASE,  symtyp = 2
  MAP : OLD, NEW
                     1                     1
                     2                     2
                     3                     3
                     4                     4
                     5                     5
                     6                     6
                     7                     7
                     8                     8
                     9                     9
                    10                    10
                    11                    11
                    12                    12
                    13                    13
                    14                    14
                    15                    15
                    16                    16
                    17                    17
                    18                    18
                    19                    19
                    20                    20
                    21                    21
                    22                    22
                    23                    23
                    24                    24
                    25                    25
                    26                    26
                    27                    27
                    28                    28
                    29                    29
                    30                    30
                    31                    31
                    32                    32
                    33                    33
                    34                    34
                    35                    35
                    36                    36
                    37                    37
                    38                    38
                    39                    39
                    40                    40
                    41                    41
                    42                    42
                    43                    43
                    44                    44
                    45                    45
                    46                    46
                    47                    47
                    48                    48
                    49                    49
                    50                    50
                    51                    51
                    52                    52
                    53                    53
                    54                    54
                    55                    55
                    56                    56
                    57                    57
                    58                    58
                    59                    59
                    60                    60
                    61                    61
                    62                    62
                    63                    63
                    64                    64
                    65                    65
                    66                    66
                    67                    67
                    68                    68
                    69                    69
                    70                    70
                    71                    71
                    72                    72
                    73                    73
                    74                    74
                    75                    75
                    76                    76
                    77                    77
                    78                    78
                    79                    79
                    80                    80
                    81                    81
                    82                    82
                    83                    83
                    84                    84
                    85                    85
                    86                    86
                    87                    87
                    88                    88
                    89                    89
                    90                    90
                    91                    91
                    92                    92
                    93                    93
                    94                    94
                    95                    95
                    96                    96
                    97                     1
                    98                     2
                    99                     3
                   100                     4
                   101                     5
                   102                     6
                   103                     7
                   104                     8
                   105                     9
                   106                    10
                   107                    11
                   108                    12
                   109                    13
                   110                    14
                   111                    15
                   112                    16
                   113                    17
                   114                    18
                   115                    19
                   116                    20
                   117                    21
                   118                    22
                   119                    23
                   120                    24
                   121                    25
                   122                    26
                   123                    27
                   124                    28
                   125                    29
                   126                    30
                   127                    31
                   128                    32
                   129                    33
                   130                    34
                   131                    35
                   132                    36
                   133                    37
                   134                    38
                   135                    39
                   136                    40
                   137                    41
                   138                    42
                   139                    43
                   140                    44
                   141                    45
                   142                    46
                   143                    47
                   144                    48
                   145                    49
                   146                    50
                   147                    51
                   148                    52
                   149                    53
                   150                    54
                   151                    55
                   152                    56
                   153                    57
                   154                    58
                   155                    59
                   156                    60
                   157                    61
                   158                    62
                   159                    63
                   160                    64
                   161                    65
                   162                    66
                   163                    67
                   164                    68
                   165                    69
                   166                    70
                   167                    71
                   168                    72
                   169                    73
                   170                    74
                   171                    75
                   172                    76
                   173                    77
                   174                    78
                   175                    79
                   176                    80
                   177                    81
                   178                    82
                   179                    83
                   180                    84
                   181                    85
                   182                    86
                   183                    87
                   184                    88
                   185                    89
                   186                    90
                   187                    91
                   188                    92
                   189                    93
                   190                    94
                   191                    95
                   192                    96
                   193                    97
                   194                    98
                   195                    99
                   196                   100
                   197                   101
                   198                   102
                   199                   103
                   200                   104
                   201                   105
                   202                   106
                   203                   107
                   204                   108
                   205                   109
                   206                   110
                   207                   111
                   208                   112
                   209                   113
                   210                   114
                   211                   115
                   212                   116
                   213                   117
                   214                   118
                   215                   119
                   216                   120
                   217                   121
                   218                   122
                   219                   123
                   220                   124
                   221                   125
                   222                   126
                   223                   127
                   224                   128
                   225                   129
                   226                   130
                   227                   131
                   228                   132
                   229                   133
                   230                   134
                   231                   135
                   232                   136
                   233                   137
                   234                   138
                   235                   139
                   236                   140
                   237                   141
                   238                   142
                   239                   143
                   240                   144
                   241                   145
                   242                   146
                   243                   147
                   244                   148
                   245                   149
                   246                   150
                   247                   151
                   248                   152
                   249                   153
                   250                    97
                   251                    98
                   252                    99
                   253                   100
                   254                   101
                   255                   102
                   256                   103
                   257                   104
                   258                   105
                   259                   106
                   260                   107
                   261                   108
                   262                   109
                   263                   110
                   264                   111
                   265                   112
                   266                   113
                   267                   114
                   268                   115
                   269                   116
                   270                   117
                   271                   118
                   272                   119
                   273                   120
                   274                   121
                   275                   122
                   276                   123
                   277                   124
                   278                   125
                   279                   126
                   280                   127
                   281                   128
                   282                   129
                   283                   130
                   284                   131
                   285                   132
                   286                   133
                   287                   134
                   288                   135
                   289                   136
                   290                   137
                   291                   138
                   292                   139
                   293                   140
                   294                   141
                   295                   142
                   296                   143
                   297                   144
                   298                   145
                   299                   146
                   300                   147
                   301                   148
                   302                   149
                   303                   150
                   304                   151
                   305                   152
                   306                   153
                   I         N         G         M         S      MPOS    
                   1         1         0         0         0         0
                   2         1         0         0         1         0
                   3         2         0         0         0         0
                   4         2         0         0         1         0
                   5         3         0         0         0         0
                   6         3         0         0         1         0
                   7         4         0         0         0         0
                   8         4         0         0         1         0
                   9         5         0         0         0         0
                  10         5         0         0         1         0
                  11         6         0         0         0         0
                  12         6         0         0         1         0
                  13         7         0         0         0         0
                  14         7         0         0         1         0
                  15         8         0         0         0         0
                  16         8         0         0         1         0
                  17         9         0         0         0         0
                  18         9         0         0         1         0
                  19        10         0         0         0         0
                  20        10         0         0         1         0
                  21        11         0         0         0         0
                  22        11         0         0         1         0
                  23        12         0         0         0         0
                  24        12         0         0         1         0
                  25        13         0         0         0         0
                  26        13         0         0         1         0
                  27        14         0         0         0         0
                  28        14         0         0         1         0
                  29        15         0         0         0         0
                  30        15         0         0         1         0
                  31        16         0         0         0         0
                  32        16         0         0         1         0
                  33        17         0         0         0         0
                  34        17         0         0         1         0
                  35        18         0         0         0         0
                  36        18         0         0         1         0
                  37        19         0         0         0         0
                  38        19         0         0         1         0
                  39        20         0         0         0         0
                  40        20         0         0         1         0
                  41        21         0         0         0         0
                  42        21         0         0         1         0
                  43        22         0         0         0         0
                  44        22         0         0         1         0
                  45        23         0         0         0         0
                  46        23         0         0         1         0
                  47        24         0         0         0         0
                  48        24         0         0         1         0
                  49        25         0         0         0         0
                  50        25         0         0         1         0
                  51        26         0         0         0         0
                  52        26         0         0         1         0
                  53        27         0         0         0         0
                  54        27         0         0         1         0
                  55        28         0         0         0         0
                  56        28         0         0         1         0
                  57        29         0         0         0         0
                  58        29         0         0         1         0
                  59        30         0         0         0         0
                  60        30         0         0         1         0
                  61        31         0         0         0         0
                  62        31         0         0         1         0
                  63        32         0         0         0         0
                  64        32         0         0         1         0
                  65        33         0         0         0         0
                  66        33         0         0         1         0
                  67        34         0         0         0         0
                  68        34         0         0         1         0
                  69        35         0         0         0         0
                  70        35         0         0         1         0
                  71        36         0         0         0         0
                  72        36         0         0         1         0
                  73        37         0         0         0         0
                  74        37         0         0         1         0
                  75        38         0         0         0         0
                  76        38         0         0         1         0
                  77        39         0         0         0         0
                  78        39         0         0         1         0
                  79        40         0         0         0         0
                  80        40         0         0         1         0
                  81        41         0         0         0         0
                  82        41         0         0         1         0
                  83        42         0         0         0         0
                  84        42         0         0         1         0
                  85        43         0         0         0         0
                  86        43         0         0         1         0
                  87        44         0         0         0         0
                  88        44         0         0         1         0
                  89        45         0         0         0         0
                  90        45         0         0         1         0
                  91        46         0         0         0         0
                  92        46         0         0         1         0
                  93        47         0         0         0         0
                  94        47         0         0         1         0
                  95        48         0         0         0         0
                  96        48         0         0         1         0
                  97        49         0         0         0         0
                  98        49         0         0         1         0
                  99        50         0         0         0         0
                 100        50         0         0         1         0
                 101        51         0         0         0         0
                 102        51         0         0         1         0
                 103        52         0         0         0         0
                 104        52         0         0         1         0
                 105        53         0         0         0         0
                 106        53         0         0         1         0
                 107        54         0         0         0         0
                 108        54         0         0         1         0
                 109        55         0         0         0         0
                 110        55         0         0         1         0
                 111        56         0         0         0         0
                 112        56         0         0         1         0
                 113        57         0         0         0         0
                 114        57         0         0         1         0
                 115        58         0         0         0         0
                 116        58         0         0         1         0
                 117        59         0         0         0         0
                 118        59         0         0         1         0
                 119        60         0         0         0         0
                 120        60         0         0         1         0
                 121        61         0         0         0         0
                 122        61         0         0         1         0
                 123        62         0         0         0         0
                 124        62         0         0         1         0
                 125        63         0         0         0         0
                 126        63         0         0         1         0
                 127        64         0         0         0         0
                 128        64         0         0         1         0
                 129        65         0         0         0         0
                 130        65         0         0         1         0
                 131        66         0         0         0         0
                 132        66         0         0         1         0
                 133        67         0         0         0         0
                 134        67         0         0         1         0
                 135        68         0         0         0         0
                 136        68         0         0         1         0
                 137        69         0         0         0         0
                 138        69         0         0         1         0
                 139        70         0         0         0         0
                 140        70         0         0         1         0
                 141        71         0         0         0         0
                 142        71         0         0         1         0
                 143        72         0         0         0         0
                 144        72         0         0         1         0
                 145        73         0         0         0         0
                 146        73         0         0         1         0
                 147        74         0         0         0         0
                 148        74         0         0         1         0
                 149        75         0         0         0         0
                 150        75         0         0         1         0
                 151        76         0         0         0         0
                 152        76         0         0         1         0
                 153        77         0         0         0         0
                 154        77         0         0         1         0
                 155        78         0         0         0         0
                 156        78         0         0         1         0
                 157        79         0         0         0         0
                 158        79         0         0         1         0
                 159        80         0         0         0         0
                 160        80         0         0         1         0
                 161        81         0         0         0         0
                 162        81         0         0         1         0
                 163        82         0         0         0         0
                 164        82         0         0         1         0
                 165        83         0         0         0         0
                 166        83         0         0         1         0
                 167        84         0         0         0         0
                 168        84         0         0         1         0
                 169        85         0         0         0         0
                 170        85         0         0         1         0
                 171        86         0         0         0         0
                 172        86         0         0         1         0
                 173        87         0         0         0         0
                 174        87         0         0         1         0
                 175        88         0         0         0         0
                 176        88         0         0         1         0
                 177        89         0         0         0         0
                 178        89         0         0         1         0
                 179        90         0         0         0         0
                 180        90         0         0         1         0
                 181        91         0         0         0         0
                 182        91         0         0         1         0
                 183        92         0         0         0         0
                 184        92         0         0         1         0
                 185        93         0         0         0         0
                 186        93         0         0         1         0
                 187        94         0         0         0         0
                 188        94         0         0         1         0
                 189        95         0         0         0         0
                 190        95         0         0         1         0
                 191        96         0         0         0         0
                 192        96         0         0         1         0
                 193        97         0         0         0         1
                 194        97         0         0         1         1
                 195        98         0         0         0         1
                 196        98         0         0         1         1
                 197        99         0         0         0         1
                 198        99         0         0         1         1
                 199       100         0         0         0         1
                 200       100         0         0         1         1
                 201       101         0         0         0         1
                 202       101         0         0         1         1
                 203       102         0         0         0         1
                 204       102         0         0         1         1
                 205       103         0         0         0         1
                 206       103         0         0         1         1
                 207       104         0         0         0         1
                 208       104         0         0         1         1
                 209       105         0         0         0         1
                 210       105         0         0         1         1
                 211       106         0         0         0         1
                 212       106         0         0         1         1
                 213       107         0         0         0         1
                 214       107         0         0         1         1
                 215       108         0         0         0         1
                 216       108         0         0         1         1
                 217       109         0         0         0         1
                 218       109         0         0         1         1
                 219       110         0         0         0         1
                 220       110         0         0         1         1
                 221       111         0         0         0         1
                 222       111         0         0         1         1
                 223       112         0         0         0         1
                 224       112         0         0         1         1
                 225       113         0         0         0         1
                 226       113         0         0         1         1
                 227       114         0         0         0         1
                 228       114         0         0         1         1
                 229       115         0         0         0         1
                 230       115         0         0         1         1
                 231       116         0         0         0         1
                 232       116         0         0         1         1
                 233       117         0         0         0         1
                 234       117         0         0         1         1
                 235       118         0         0         0         1
                 236       118         0         0         1         1
                 237       119         0         0         0         1
                 238       119         0         0         1         1
                 239       120         0         0         0         1
                 240       120         0         0         1         1
                 241       121         0         0         0         1
                 242       121         0         0         1         1
                 243       122         0         0         0         1
                 244       122         0         0         1         1
                 245       123         0         0         0         1
                 246       123         0         0         1         1
                 247       124         0         0         0         1
                 248       124         0         0         1         1
                 249       125         0         0         0         1
                 250       125         0         0         1         1
                 251       126         0         0         0         1
                 252       126         0         0         1         1
                 253       127         0         0         0         1
                 254       127         0         0         1         1
                 255       128         0         0         0         1
                 256       128         0         0         1         1
                 257       129         0         0         0         1
                 258       129         0         0         1         1
                 259       130         0         0         0         1
                 260       130         0         0         1         1
                 261       131         0         0         0         1
                 262       131         0         0         1         1
                 263       132         0         0         0         1
                 264       132         0         0         1         1
                 265       133         0         0         0         1
                 266       133         0         0         1         1
                 267       134         0         0         0         1
                 268       134         0         0         1         1
                 269       135         0         0         0         1
                 270       135         0         0         1         1
                 271       136         0         0         0         1
                 272       136         0         0         1         1
                 273       137         0         0         0         1
                 274       137         0         0         1         1
                 275       138         0         0         0         1
                 276       138         0         0         1         1
                 277       139         0         0         0         1
                 278       139         0         0         1         1
                 279       140         0         0         0         1
                 280       140         0         0         1         1
                 281       141         0         0         0         1
                 282       141         0         0         1         1
                 283       142         0         0         0         1
                 284       142         0         0         1         1
                 285       143         0         0         0         1
                 286       143         0         0         1         1
                 287       144         0         0         0         1
                 288       144         0         0         1         1
                 289       145         0         0         0         1
                 290       145         0         0         1         1
                 291       146         0         0         0         1
                 292       146         0         0         1         1
                 293       147         0         0         0         1
                 294       147         0         0         1         1
                 295       148         0         0         0         1
                 296       148         0         0         1         1
                 297       149         0         0         0         1
                 298       149         0         0         1         1
                 299       150         0         0         0         1
                 300       150         0         0         1         1
                 301       151         0         0         0         1
                 302       151         0         0         1         1
                 303       152         0         0         0         1
                 304       152         0         0         1         1
                 305       153         0         0         0         1
                 306       153         0         0         1         1
                 307       154         0         0         0         1
                 308       154         0         0         1         1
                 309       155         0         0         0         1
                 310       155         0         0         1         1
                 311       156         0         0         0         1
                 312       156         0         0         1         1
                 313       157         0         0         0         1
                 314       157         0         0         1         1
                 315       158         0         0         0         1
                 316       158         0         0         1         1
                 317       159         0         0         0         1
                 318       159         0         0         1         1
                 319       160         0         0         0         1
                 320       160         0         0         1         1
                 321       161         0         0         0         1
                 322       161         0         0         1         1
                 323       162         0         0         0         1
                 324       162         0         0         1         1
                 325       163         0         0         0         1
                 326       163         0         0         1         1
                 327       164         0         0         0         1
                 328       164         0         0         1         1
                 329       165         0         0         0         1
                 330       165         0         0         1         1
                 331       166         0         0         0         1
                 332       166         0         0         1         1
                 333       167         0         0         0         1
                 334       167         0         0         1         1
                 335       168         0         0         0         1
                 336       168         0         0         1         1
                 337       169         0         0         0         1
                 338       169         0         0         1         1
                 339       170         0         0         0         1
                 340       170         0         0         1         1
                 341       171         0         0         0         1
                 342       171         0         0         1         1
                 343       172         0         0         0         1
                 344       172         0         0         1         1
                 345       173         0         0         0         1
                 346       173         0         0         1         1
                 347       174         0         0         0         1
                 348       174         0         0         1         1
                 349       175         0         0         0         1
                 350       175         0         0         1         1
                 351       176         0         0         0         1
                 352       176         0         0         1         1
                 353       177         0         0         0         1
                 354       177         0         0         1         1
                 355       178         0         0         0         1
                 356       178         0         0         1         1
                 357       179         0         0         0         1
                 358       179         0         0         1         1
                 359       180         0         0         0         1
                 360       180         0         0         1         1
                 361       181         0         0         0         1
                 362       181         0         0         1         1
                 363       182         0         0         0         1
                 364       182         0         0         1         1
                 365       183         0         0         0         1
                 366       183         0         0         1         1
                 367       184         0         0         0         1
                 368       184         0         0         1         1
                 369       185         0         0         0         1
                 370       185         0         0         1         1
                 371       186         0         0         0         1
                 372       186         0         0         1         1
                 373       187         0         0         0         1
                 374       187         0         0         1         1
                 375       188         0         0         0         1
                 376       188         0         0         1         1
                 377       189         0         0         0         1
                 378       189         0         0         1         1
                 379       190         0         0         0         1
                 380       190         0         0         1         1
                 381       191         0         0         0         1
                 382       191         0         0         1         1
                 383       192         0         0         0         1
                 384       192         0         0         1         1
                 385       193         0         1         0         0
                 386       193         0         1         1         0
                 387       194         0         1         0         0
                 388       194         0         1         1         0
                 389       195         0         1         0         0
                 390       195         0         1         1         0
                 391       196         0         1         0         0
                 392       196         0         1         1         0
                 393       197         0         1         0         0
                 394       197         0         1         1         0
                 395       198         0         1         0         0
                 396       198         0         1         1         0
                 397       199         0         1         0         0
                 398       199         0         1         1         0
                 399       200         0         1         0         0
                 400       200         0         1         1         0
                 401       201         0         1         0         0
                 402       201         0         1         1         0
                 403       202         0         1         0         0
                 404       202         0         1         1         0
                 405       203         0         1         0         0
                 406       203         0         1         1         0
                 407       204         0         1         0         0
                 408       204         0         1         1         0
                 409       205         0         1         0         0
                 410       205         0         1         1         0
                 411       206         0         1         0         0
                 412       206         0         1         1         0
                 413       207         0         1         0         0
                 414       207         0         1         1         0
                 415       208         0         1         0         0
                 416       208         0         1         1         0
                 417       209         0         1         0         0
                 418       209         0         1         1         0
                 419       210         0         1         0         0
                 420       210         0         1         1         0
                 421       211         0         1         0         0
                 422       211         0         1         1         0
                 423       212         0         1         0         0
                 424       212         0         1         1         0
                 425       213         0         1         0         0
                 426       213         0         1         1         0
                 427       214         0         1         0         0
                 428       214         0         1         1         0
                 429       215         0         1         0         0
                 430       215         0         1         1         0
                 431       216         0         1         0         0
                 432       216         0         1         1         0
                 433       217         0         1         0         0
                 434       217         0         1         1         0
                 435       218         0         1         0         0
                 436       218         0         1         1         0
                 437       219         0         1         0         0
                 438       219         0         1         1         0
                 439       220         0         1         0         0
                 440       220         0         1         1         0
                 441       221         0         1         0         0
                 442       221         0         1         1         0
                 443       222         0         1         0         0
                 444       222         0         1         1         0
                 445       223         0         1         0         0
                 446       223         0         1         1         0
                 447       224         0         1         0         0
                 448       224         0         1         1         0
                 449       225         0         1         0         0
                 450       225         0         1         1         0
                 451       226         0         1         0         0
                 452       226         0         1         1         0
                 453       227         0         1         0         0
                 454       227         0         1         1         0
                 455       228         0         1         0         0
                 456       228         0         1         1         0
                 457       229         0         1         0         0
                 458       229         0         1         1         0
                 459       230         0         1         0         0
                 460       230         0         1         1         0
                 461       231         0         1         0         0
                 462       231         0         1         1         0
                 463       232         0         1         0         0
                 464       232         0         1         1         0
                 465       233         0         1         0         0
                 466       233         0         1         1         0
                 467       234         0         1         0         0
                 468       234         0         1         1         0
                 469       235         0         1         0         0
                 470       235         0         1         1         0
                 471       236         0         1         0         0
                 472       236         0         1         1         0
                 473       237         0         1         0         0
                 474       237         0         1         1         0
                 475       238         0         1         0         0
                 476       238         0         1         1         0
                 477       239         0         1         0         0
                 478       239         0         1         1         0
                 479       240         0         1         0         0
                 480       240         0         1         1         0
                 481       241         0         1         0         0
                 482       241         0         1         1         0
                 483       242         0         1         0         0
                 484       242         0         1         1         0
                 485       243         0         1         0         0
                 486       243         0         1         1         0
                 487       244         0         1         0         0
                 488       244         0         1         1         0
                 489       245         0         1         0         0
                 490       245         0         1         1         0
                 491       246         0         1         0         0
                 492       246         0         1         1         0
                 493       247         0         1         0         0
                 494       247         0         1         1         0
                 495       248         0         1         0         0
                 496       248         0         1         1         0
                 497       249         0         1         0         0
                 498       249         0         1         1         0
                 499       250         0         1         0         1
                 500       250         0         1         1         1
                 501       251         0         1         0         1
                 502       251         0         1         1         1
                 503       252         0         1         0         1
                 504       252         0         1         1         1
                 505       253         0         1         0         1
                 506       253         0         1         1         1
                 507       254         0         1         0         1
                 508       254         0         1         1         1
                 509       255         0         1         0         1
                 510       255         0         1         1         1
                 511       256         0         1         0         1
                 512       256         0         1         1         1
                 513       257         0         1         0         1
                 514       257         0         1         1         1
                 515       258         0         1         0         1
                 516       258         0         1         1         1
                 517       259         0         1         0         1
                 518       259         0         1         1         1
                 519       260         0         1         0         1
                 520       260         0         1         1         1
                 521       261         0         1         0         1
                 522       261         0         1         1         1
                 523       262         0         1         0         1
                 524       262         0         1         1         1
                 525       263         0         1         0         1
                 526       263         0         1         1         1
                 527       264         0         1         0         1
                 528       264         0         1         1         1
                 529       265         0         1         0         1
                 530       265         0         1         1         1
                 531       266         0         1         0         1
                 532       266         0         1         1         1
                 533       267         0         1         0         1
                 534       267         0         1         1         1
                 535       268         0         1         0         1
                 536       268         0         1         1         1
                 537       269         0         1         0         1
                 538       269         0         1         1         1
                 539       270         0         1         0         1
                 540       270         0         1         1         1
                 541       271         0         1         0         1
                 542       271         0         1         1         1
                 543       272         0         1         0         1
                 544       272         0         1         1         1
                 545       273         0         1         0         1
                 546       273         0         1         1         1
                 547       274         0         1         0         1
                 548       274         0         1         1         1
                 549       275         0         1         0         1
                 550       275         0         1         1         1
                 551       276         0         1         0         1
                 552       276         0         1         1         1
                 553       277         0         1         0         1
                 554       277         0         1         1         1
                 555       278         0         1         0         1
                 556       278         0         1         1         1
                 557       279         0         1         0         1
                 558       279         0         1         1         1
                 559       280         0         1         0         1
                 560       280         0         1         1         1
                 561       281         0         1         0         1
                 562       281         0         1         1         1
                 563       282         0         1         0         1
                 564       282         0         1         1         1
                 565       283         0         1         0         1
                 566       283         0         1         1         1
                 567       284         0         1         0         1
                 568       284         0         1         1         1
                 569       285         0         1         0         1
                 570       285         0         1         1         1
                 571       286         0         1         0         1
                 572       286         0         1         1         1
                 573       287         0         1         0         1
                 574       287         0         1         1         1
                 575       288         0         1         0         1
                 576       288         0         1         1         1
                 577       289         0         1         0         1
                 578       289         0         1         1         1
                 579       290         0         1         0         1
                 580       290         0         1         1         1
                 581       291         0         1         0         1
                 582       291         0         1         1         1
                 583       292         0         1         0         1
                 584       292         0         1         1         1
                 585       293         0         1         0         1
                 586       293         0         1         1         1
                 587       294         0         1         0         1
                 588       294         0         1         1         1
                 589       295         0         1         0         1
                 590       295         0         1         1         1
                 591       296         0         1         0         1
                 592       296         0         1         1         1
                 593       297         0         1         0         1
                 594       297         0         1         1         1
                 595       298         0         1         0         1
                 596       298         0         1         1         1
                 597       299         0         1         0         1
                 598       299         0         1         1         1
                 599       300         0         1         0         1
                 600       300         0         1         1         1
                 601       301         0         1         0         1
                 602       301         0         1         1         1
                 603       302         0         1         0         1
                 604       302         0         1         1         1
                 605       303         0         1         0         1
                 606       303         0         1         1         1
                 607       304         0         1         0         1
                 608       304         0         1         1         1
                 609       305         0         1         0         1
                 610       305         0         1         1         1
                 611       306         0         1         0         1
                 612       306         0         1         1         1
 GIVEN NSRBD=                   612
 CALCULATED NSRB=                   612

          On output CSF       4 has the largest 
          number of determinants =       2


          At end of wfgntr(), usage of memory in output
          arrays is as follows:                        

            Array     Used     Max avail               
            -----  ---------   ---------               
            ndo()        717       7170
            cdo()        123       1230


          **** WFGNTR() - completed 


     Performing phase correction for target
     states in a scattering run


 CI target data for SCATCI:

 Number of target symmetries in expansion,   NTGSYM =    4
 Number of continuum orbs for each state, NOTGT =    2    1    1    9
 Number of CI components for each state,      NCTGT =    1    1   15    5
 Continuum M projection  for each state,      MCONT =    1    1    1    0

     Phase analysis for total wavefunction:

      
       Number of CSFS           (nocsf) =       63
       Number of electrons       (nelt) =       11
       Number of target states (ntgsym) =        4
       Spatial group type      (symtyp) =        2
       Size of packed dets     (lenndo) =      717
       Size of cdo (#dets)     (lencdo) =      123
                               (nctarg) =        1

     Structure of wavefunction:

     Target   #CSFs    #Continuum  Spatial Sym 
     State     targ     functions  continuum   
     ------  -------   ----------  ----------- 
          1        1            2           1
          2        1            1           1
          3       15            1           1
          4        5            9           0

     **** End of structure of wavefunction

     Writing projected CSFs to unit   721 in format
     required by the SCATCI/DENPROP programs 


     Writing final results to disk (wrnfto) 
     -------------------------------------- 
       Logical unit         (nfto)   =      721
       Positrons present    (iposit) =       -1
       Number of electrons  (nelt)   =       11
       Number of CSFs       (nocsf)  =       63
       Number of symmetries (nsym)   =        2
       Point group flag     (symtyp) =        2
       Orbitals per symm    (nob)    :  192 114
       Total # of orbitals  (norb)   =      306
       Total # of spin orbs (nsrb)   =      612

       Length of index  arrays - icdo,indo (m)    =       64
       Length of coeff. array  - cdo       (lcdi) =      123
         (equals # dets in wfn)
       Length of packed dets array - ndo   (lndi) =      717

       Spin quantum number  (s)      =     0.50
       Z-projection of spin (sz)     =     0.50
       Reflection quant. #  (r)      =     0.00
       Pin                  (pin)    =     0.00
                            (idiag)  =        1

     Data on CSFs has been written to file (MEGUL) =   721

     ***** Wavefn projection (projec()) - completed

 &INPUT
 NAME='e + H2O - doublet App                                                           ',
 NRERUN=  0,  MEGUL=721,  SYMTYP=  2,
 MGVN=  1,  S=   0.5,SZ=   0.5, R=   0.0,  PIN=   0.0,  NOCSF=    63,
 BYPROJ= 1,
 LCDI=            123,  LNDI=            717, LCDO=    500, LNDO=       10000000, LCDT=    500,  LNDT=   5000,
 NFTO= 15,  LTRI=  300, IDIAG=  1, NPFLG= 0, 0, 0, 0, 0, NPMSPD = 0,
 THRES= 1.00D-10,
 NELT=  11, NSYM=  2, NOB=192,114,
 NDTRF=   1,   2,   3,   4,   5,   6,   7,   8,   9,  10, 385,
 NOBL=192,114,  0,  0,  0,  0,  0,  0,  0,  0,
  0,  0,  0,  0,  0,  0,  0,  0,  0,  0,
 NOB0L=  9,  1,  0,  0,  0,  0,  0,  0,  0,  0,
  0,  0,  0,  0,  0,  0,  0,  0,  0,  0,
 IPOSIT= -1
 NOB0=  9,  1,
 NOBE= 96, 57,
 NOBP= 96, 57,
 NOBV=  9,  1,
 /
