+-------------------------------------------------------------------------+
|              _              |                                           |
| || || ||//  | \          |  | University College London (C) 1994 - 2020 |
| || || ||    | / |/\/\ /\ |  | Open University           (C) 2007 - 2020 |
| \\_// ||\\  | \ | | | \/ |  |                                           |
|                             |                                           |
+-------------------------------------------------------------------------+
| Last revision: unknown                                                  |
| Last author:   unknown                                                  |
| Last date:     unknown                                                  |
+-------------------------------------------------------------------------+
MPI startup(): PMI server not found. Please set I_MPI_PMI_LIBRARY variable if it is not a singleton case.


 Program SWINTERF  ( last modified 12-Jan-2004 )

e + H2O - doublet Ap                                        20230416  152929.794


 Symmetry data   MGVN = 0 STOT = 2

 Input datasets:             Unit  Set number
 Target data          LUTARG  24       1       FORMATTED
 Boundary amplitudes  LUAMP   16       1     UNFORMATTED
 CI data              LUCI    25       1     UNFORMATTED
 Buttle corrections   LUBUT    0       1     UNFORMATTED

 Output datasets:            Unit  Set number
 Channel data         LUCHAN  10       1     UNFORMATTED
 R-Matrix data        LURMT   21       1     UNFORMATTED

 We are using UKRmol+ input

 Assuming full CI vectors have been saved on LUCI 

 Target rotational constants (a.u.)   0.124732D-03   0.664574D-04   0.433568D-04

 Nuclear centres 
    Atom  Charge      X         Y         Z         Mass
  1   O      8     0.000000  0.000000  0.124011   15.994900
  2   H      1     0.000000  1.430955 -0.984352    1.007800
  3   H      1     0.000000 -1.430955 -0.984352    1.007800

 Reduced mass     890.471806 au

 Transition moments
    1    0    1    0    1    0   0.80944
    1    0    1    0    2    0   0.07008
    1    0    1    0    2    2   1.87537

 READCIP start

 CI file header data:
 --------------------
 MGVN  =  0
 NSET  =  1
 NSTAT =        236
 NOCSF =        236

 READCIP end

 R-matrix radius  =   10.00
 Residual charge on system = 0

 Channel Target  l  m  q       Irr  Energy   Energy(eV)
    1       1    0  0  0  N/A   1  0.000000  0.000000
    2       1    1  1 -1  N/A   1  0.000000  0.000000
    3       1    1  0  0  N/A   1  0.000000  0.000000
    4       1    2  1 -1  N/A   1  0.000000  0.000000
    5       1    2  0  0  N/A   1  0.000000  0.000000
    6       1    2  2  1  N/A   1  0.000000  0.000000
    7       1    3  3 -1  N/A   1  0.000000  0.000000
    8       1    3  1 -1  N/A   1  0.000000  0.000000
    9       1    3  0  0  N/A   1  0.000000  0.000000
   10       1    3  2  1  N/A   1  0.000000  0.000000
   11       1    4  3 -1  N/A   1  0.000000  0.000000
   12       1    4  1 -1  N/A   1  0.000000  0.000000
   13       1    4  0  0  N/A   1  0.000000  0.000000
   14       1    4  2  1  N/A   1  0.000000  0.000000
   15       1    4  4  1  N/A   1  0.000000  0.000000

 Dimension of Hamiltonian matrix           NOCSF =       236
 Number of CSFs used to construct R-matrix NSTAT =  236
 Number of eigenvectors to be retained     NPOLE =    0
 Number of multipoles in potential         ISMAX =    2

 READCIP start

 Reading CI coefficients...
 Last pole include at                   236  is    5.22032506095300       Ryd

 READCIP end

     R-matrix boundary amplitudes 

     At radial distance RMATR -      0.00000000 Bohr radii
     No. of channels     =    15
     No. of eigenvectors =   236
     No. of correction terms =     0


     First 30 R-matrix amplitudes

     Channel =   1      0.29599696     -0.00000000      0.13470637
                       -0.02576863      0.00099137     -0.00000000
                       -0.31316499     -0.00303690      0.00000000
                       -0.00000000      0.00475306     -0.00051007
                        0.00000000      0.00041743      0.00218204
                        0.00000000     -0.00000000      0.11136218
                       -0.02824374      0.00766856      0.00000000
                       -0.31135885     -0.00076682     -0.00000000
                        0.00333867      0.00000000      0.10451032
                        0.00000000     -0.00003296     -0.00000000
     Channel =   2     -0.00000000     -0.36480725     -0.00000000
                        0.00000000     -0.00000000      0.07702850
                        0.00000000      0.00000000     -0.01106358
                       -0.00138995     -0.00000000     -0.00000000
                       -0.00285062      0.00000000      0.00000000
                       -0.00730830     -0.32375301     -0.00000000
                       -0.00000000      0.00000000     -0.06520431
                       -0.00000000     -0.00000000     -0.01531740
                        0.00000000     -0.00358882     -0.00000000
                        0.32012318      0.00000000     -0.00038510
     Channel =   3      0.11787835      0.00000000     -0.33799722
                        0.05110858      0.06286316      0.00000000
                       -0.11529440     -0.01139175      0.00000000
                       -0.00000000      0.00630363      0.00171801
                       -0.00000000     -0.00065780     -0.00664871
                       -0.00000000      0.00000000     -0.30288173
                        0.04449533      0.04157488      0.00000000
                       -0.10971772     -0.01227425     -0.00000000
                        0.01169525      0.00000000     -0.30269494
                       -0.00000000     -0.00051210     -0.00000000
     Channel =   4     -0.00000000     -0.06904872     -0.00000000
                       -0.00000000      0.00000000     -0.39945202
                        0.00000000     -0.00000000      0.02185049
                       -0.05354126     -0.00000000      0.00000000
                        0.00515945      0.00000000      0.00000000
                        0.00111289     -0.06302321     -0.00000000
                        0.00000000     -0.00000000      0.32746870
                       -0.00000000     -0.00000000      0.01979239
                        0.00000000     -0.04073448     -0.00000000
                        0.06577473     -0.00000000      0.00799088
     Channel =   5      0.01471113      0.00000000     -0.07350250
                       -0.22151315     -0.32893166     -0.00000000
                       -0.01081319      0.04077023      0.00000000
                       -0.00000000      0.04195839     -0.00465590
                        0.00000000     -0.00184698      0.00116703
                        0.00000000      0.00000000     -0.06121029
                       -0.20236919     -0.25658985     -0.00000000
                       -0.00835945      0.03148929      0.00000000
                        0.02979158      0.00000000     -0.05414297
                       -0.00000000      0.00601075     -0.00000000
     Channel =   6      0.01016395     -0.00000000      0.01261018
                        0.33335623     -0.23017176     -0.00000000
                       -0.01740560     -0.03098650     -0.00000000
                       -0.00000000      0.03421863      0.00435122
                        0.00000000     -0.00628861      0.00076765
                        0.00000000     -0.00000000      0.01645993
                        0.25882733     -0.20853844     -0.00000000
                       -0.02380450     -0.02170480      0.00000000
                        0.02840803      0.00000000      0.02404315
                        0.00000000     -0.00450290      0.00000000
     Channel =   7      0.00000000     -0.00638056     -0.00000000
                        0.00000000     -0.00000000      0.00420764
                        0.00000000     -0.00000000      0.41414547
                        0.14684696      0.00000000     -0.00000000
                        0.02873087     -0.00000000     -0.00000000
                        0.01475804     -0.01127061     -0.00000000
                        0.00000000      0.00000000     -0.00671598
                       -0.00000000     -0.00000000      0.32266575
                       -0.00000000      0.12110854     -0.00000000
                        0.01515322     -0.00000000      0.02184161
     Channel =   8     -0.00000000     -0.00689840     -0.00000000
                       -0.00000000      0.00000000     -0.05282586
                       -0.00000000      0.00000000     -0.14432799
                        0.41109714      0.00000000      0.00000000
                       -0.02107201     -0.00000000     -0.00000000
                        0.04109935     -0.00747329     -0.00000000
                       -0.00000000     -0.00000000      0.04348206
                        0.00000000      0.00000000     -0.11891778
                       -0.00000000      0.32054089      0.00000000
                        0.00624008      0.00000000     -0.01789606
     Channel =   9      0.00053054      0.00000000     -0.00657682
                       -0.02851422     -0.04599036     -0.00000000
                       -0.00265180     -0.30247963     -0.00000000
                        0.00000000     -0.31208964      0.02896504
                        0.00000000      0.01713529      0.03208814
                        0.00000000      0.00000000     -0.00613015
                       -0.02392764     -0.03538833     -0.00000000
                       -0.00240286     -0.24624680     -0.00000000
                       -0.23641475     -0.00000000     -0.00575175
                       -0.00000000     -0.02278133     -0.00000000
     Channel =  10      0.00099113      0.00000000     -0.00476093
                        0.03604464     -0.02219659     -0.00000000
                       -0.01425210      0.31217465     -0.00000000
                        0.00000000     -0.30493878     -0.02849137
                       -0.00000000     -0.00320737      0.02975759
                        0.00000000      0.00000000     -0.00920082
                        0.02921382     -0.01944259     -0.00000000
                       -0.01019929      0.23651063      0.00000000
                       -0.24745965     -0.00000000     -0.01360221
                       -0.00000000      0.02081810      0.00000000
     Channel =  11     -0.00000000     -0.00010745      0.00000000
                       -0.00000000     -0.00000000     -0.00370478
                       -0.00000000     -0.00000000      0.02920520
                        0.00855139      0.00000000      0.00000000
                       -0.42178906      0.00000000      0.00000000
                       -0.20183127      0.00575244     -0.00000000
                       -0.00000000      0.00000000      0.00586066
                       -0.00000000     -0.00000000      0.02400771
                       -0.00000000      0.00641044      0.00000000
                        0.00374760      0.00000000     -0.31344333
     Channel =  12      0.00000000      0.00001168      0.00000000
                        0.00000000      0.00000000     -0.00463190
                       -0.00000000      0.00000000     -0.01350340
                        0.04101901      0.00000000     -0.00000000
                        0.20088695     -0.00000000      0.00000000
                       -0.42159878      0.00663351     -0.00000000
                       -0.00000000     -0.00000000      0.00487685
                        0.00000000      0.00000000     -0.01033084
                       -0.00000000      0.03257303     -0.00000000
                        0.00303755     -0.00000000      0.16269250
     Channel =  13     -0.00000547     -0.00000000      0.00007925
                       -0.00118348     -0.00340041     -0.00000000
                       -0.00027329     -0.02957108     -0.00000000
                        0.00000000     -0.03233038     -0.29040816
                       -0.00000000     -0.16989560     -0.32307169
                       -0.00000000     -0.00000000      0.00522989
                       -0.00109819     -0.00322187     -0.00000000
                       -0.00017511     -0.02262128     -0.00000000
                       -0.02488706     -0.00000000     -0.00157636
                        0.00000000      0.23671680      0.00000000
     Channel =  14      0.00003830     -0.00000000     -0.00007611
                       -0.00011315     -0.00405766      0.00000000
                       -0.00112708      0.02822489     -0.00000000
                        0.00000000     -0.02665517      0.32552649
                        0.00000000      0.06482225     -0.32842673
                       -0.00000000     -0.00000000      0.00628528
                       -0.00202715     -0.00521776     -0.00000000
                       -0.00052724      0.02168765      0.00000000
                       -0.02178648     -0.00000000     -0.00320938
                        0.00000000     -0.24442549     -0.00000000
     Channel =  15      0.00004832     -0.00000000      0.00006472
                        0.00403918     -0.00294042     -0.00000000
                       -0.00009281     -0.00155818      0.00000000
                       -0.00000000      0.00181482     -0.16467517
                        0.00000000      0.43153596     -0.07896186
                       -0.00000000     -0.00000000      0.00017957
                        0.00535824     -0.00471785     -0.00000000
                       -0.00033326     -0.00199478      0.00000000
                        0.00288923      0.00000000      0.00066144
                        0.00000000      0.09217373     -0.00000000

 Channel data will be written UNFORMATTED to set number  1 on unit number 10
 Header :e + H2O - doublet Ap                                        20230416  152929.794

 Target state    Spin    M    G/U  Energy (au)
         1         1     0     0  -76.026770

 Residual charge on system = 0

 Channel   Target state  L   M  Threshold (Ryd)
    1            1       0   0    0.000000
    2            1       1  -1    0.000000
    3            1       1   0    0.000000
    4            1       2  -1    0.000000
    5            1       2   0    0.000000
    6            1       2   2    0.000000
    7            1       3  -3    0.000000
    8            1       3  -1    0.000000
    9            1       3   0    0.000000
   10            1       3   2    0.000000
   11            1       4  -3    0.000000
   12            1       4  -1    0.000000
   13            1       4   0    0.000000
   14            1       4   2    0.000000
   15            1       4   4    0.000000

 R-matrix data will be written UNFORMATTED to set number  1 on unit number 21
 Header :e + H2O - doublet Ap                                        20230416  152929.794


 *** Task has been successfully completed ***
