 
 MPI running with 1 processes.
 My rank is 0
 I am running on the processor with name: utf-asus3.hpc.troja.mff.cuni.cz                                                                                                
 Smallest positive magnitude:  2.225073858507201E-308
 Largest magnitude:  1.797693134862316E+308
 Smallest relative spacing:  1.110223024625157E-016
 Largest relative spacing:  2.220446049250313E-016
 Log10(Base)  0.301029995663981     
 Decimal precision for real(kind=cfp):                    15
 Number of bits in default integer:                    64
 Number of bits in MPI integers:                    64
 
The Molden file has been read into the memory.
The Molden file contains the header for geometry data.
The Molden file contains the header for GTO basis data.
The GTO basis set contains    24 contracted and    48 corresponding primitive spherical GTOs.
The corresponding number of contracted cartesian GTOs:    25
Number of shells of contracted GTOs in the basis:    12
The Molden file contains the header for Molecular orbitals data.
Number of molecular orbitals on the file:    24
The symmetry information for the orbitals is available.
 ***MESSAGE FROM ROUTINE read_molden_geometry IN LIBRARY molden_mod
 ***INFORMATIVE MESSAGE, PROG CONTINUES, TRACEBACK REQUESTED
 *  Molecule is not centered on the center of mass or atomic masses are not as in the program (Molpro?) used to generate the molden file.
 *
 *  WARNING NUMBER = 3
 ***END OF MESSAGE

Nuclear data from the Molden file ./h2o.molden (coordinates in a.u.): 
Index of the nucleus; Z; Element name; Coordinates of the nucleus
      1   8.0 O          0.000000000000000        0.000000000000000        0.124011422041421
      2   1.0 H          0.000000000000000        1.430954704060205       -0.984351621046477
      3   1.0 H          0.000000000000000       -1.430954704060205       -0.984351621046477

The number of orbitals per symmetry on the Molden file is:    18    6    0    0    0    0    0    0

 ***MESSAGE FROM ROUTINE one_electron_integrals IN LIBRARY atomic_orbital_basis_obj
 ***INFORMATIVE MESSAGE, PROG CONTINUES, TRACEBACK REQUESTED
 *  Not enabled yet for nuclear attraction and property integrals.
 *
 *  WARNING NUMBER = -2
 ***END OF MESSAGE

Precalculating the Gaunt coefficients for L_max = 0

Precalculating the Gaunt coefficients for L_max = 1

Precalculating the Gaunt coefficients for L_max = 2

Precalculating the Gaunt coefficients for L_max = 3

Precalculating the Gaunt coefficients for L_max = 4

Precalculating the Gaunt coefficients for L_max = 5

Precalculating the Gaunt coefficients for L_max = 6

Precalculating the Gaunt coefficients for L_max = 0

Precalculating the Gaunt coefficients for L_max = 1

Precalculating the Gaunt coefficients for L_max = 2

Precalculating the Gaunt coefficients for L_max = 3

Precalculating the Gaunt coefficients for L_max = 4

Precalculating the Gaunt coefficients for L_max = 5

Precalculating the Gaunt coefficients for L_max = 6

Precalculating the Gaunt coefficients for L_max = 7

Precalculating the Gaunt coefficients for L_max = 8

Precalculating the Gaunt coefficients for L_max = 8
One_electron_integrals took [s]:         0.052947044372559
0.0 Starting the orthogonalisation for symmetry     1

Orbital orthogonalization
Symmetry: 1
Range of active orbitals within the symmetry:     1    9

          Checking orthogonality of the active orbitals in symmetry: 1


Orthogonalization complete.
2.0 One-by-one orthogonalisation of continuum     1

Orbital orthogonalization
Symmetry: 1
Range of active orbitals within the symmetry:    10  111
Symmetry: 1
Range of passive orbitals within the symmetry:     1    9

          Checking orthogonality of the active orbitals in symmetry: 1


          Checking orthogonality of the active orbitals with respect to the fixed orbitals in symmetry: 1


Orthogonalization complete.
2.3 Symmetric orthogonalisation of total continuum     1

Orbital orthogonalization
Symmetry: 1
Range of active orbitals within the symmetry:    10  111

          Symmetric orthogonalization requested
Deletion threshold:     0.100000000000000E-06

Number of orbitals marked for deletion: 15

          Checking orthogonality of the active orbitals in symmetry: 1


Orthogonalization complete.
Orbital 97 from symmetry 1 has been deleted.
Orbital 98 from symmetry 1 has been deleted.
Orbital 99 from symmetry 1 has been deleted.
Orbital 100 from symmetry 1 has been deleted.
Orbital 101 from symmetry 1 has been deleted.
Orbital 102 from symmetry 1 has been deleted.
Orbital 103 from symmetry 1 has been deleted.
Orbital 104 from symmetry 1 has been deleted.
Orbital 105 from symmetry 1 has been deleted.
Orbital 106 from symmetry 1 has been deleted.
Orbital 107 from symmetry 1 has been deleted.
Orbital 108 from symmetry 1 has been deleted.
Orbital 109 from symmetry 1 has been deleted.
Orbital 110 from symmetry 1 has been deleted.
Orbital 111 from symmetry 1 has been deleted.
3.0 Completed orthogonalisation of symmetry     1
3.1 Orbitals for symmetry  1, for target, PCO, continuum    9    0   87
0.0 Starting the orthogonalisation for symmetry     2

Orbital orthogonalization
Symmetry: 2
Range of active orbitals within the symmetry:     1    1

          Checking orthogonality of the active orbitals in symmetry: 2


Orthogonalization complete.
2.0 One-by-one orthogonalisation of continuum     2

Orbital orthogonalization
Symmetry: 2
Range of active orbitals within the symmetry:     2   67
Symmetry: 2
Range of passive orbitals within the symmetry:     1    1

          Checking orthogonality of the active orbitals in symmetry: 2


          Checking orthogonality of the active orbitals with respect to the fixed orbitals in symmetry: 2


Orthogonalization complete.
2.3 Symmetric orthogonalisation of total continuum     2

Orbital orthogonalization
Symmetry: 2
Range of active orbitals within the symmetry:     2   67

          Symmetric orthogonalization requested
Deletion threshold:     0.100000000000000E-06

Number of orbitals marked for deletion: 10

          Checking orthogonality of the active orbitals in symmetry: 2


Orthogonalization complete.
Orbital 58 from symmetry 2 has been deleted.
Orbital 59 from symmetry 2 has been deleted.
Orbital 60 from symmetry 2 has been deleted.
Orbital 61 from symmetry 2 has been deleted.
Orbital 62 from symmetry 2 has been deleted.
Orbital 63 from symmetry 2 has been deleted.
Orbital 64 from symmetry 2 has been deleted.
Orbital 65 from symmetry 2 has been deleted.
Orbital 66 from symmetry 2 has been deleted.
Orbital 67 from symmetry 2 has been deleted.
3.0 Completed orthogonalisation of symmetry     2
3.1 Orbitals for symmetry  2, for target, PCO, continuum    1    0   56
Final number of orbitals for target    
    9    1    0    0    0    0    0    0
Final number of orbitals for PCOs      
    0    0    0    0    0    0    0    0
Final number of orbitals for TGT+PCOs  
    9    1    0    0    0    0    0    0
Final number of orbitals for continuum 
   87   56    0    0    0    0    0    0
Final number of orbitals for total     
   96   57    0    0    0    0    0    0
Transforming AO integral type: Overlap integrals ...
...done
Transforming AO integral type: Kinetic energy integrals ...
...done
Transforming AO integral type: Nuclear attraction integrals ...
...done
Transforming AO integral type: One electron Hamiltonian integrals ...
...done
Transforming AO integral type: Property integrals ...
...done
Transforming AO integral type: Property integrals ...
...done
Transforming AO integral type: Property integrals ...
...done
Transforming AO integral type: Property integrals ...
...done
Transforming AO integral type: Property integrals ...
...done
Transforming AO integral type: Property integrals ...
...done
Transforming AO integral type: Property integrals ...
...done
Transforming AO integral type: Property integrals ...
...done
Transforming AO integral type: Property integrals ...
...done
Continuum functions will be normalized to the requested radius:     0.100000000000000E+02

Symmetry: 1

Partial waves (m,l) in the current symmetry:
    0    0
   -1    1
    0    1
   -1    2
    0    2
    2    2
   -3    3
   -1    3
    0    3
    2    3
   -3    4
   -1    4
    0    4
    2    4
    4    4

Number of channels in the current symmetry: 15

EIGENPHASE SUMS
    0.000000000000000E+00    0.000000000000000E+00
    0.272113846900000E+00   -0.881321842028113E-03
    0.544227693800000E+00   -0.161340508667122E-02
    0.816341540700000E+00   -0.256738657875871E-02
    0.108845538760000E+01   -0.375946554912363E-02
    0.136056923450000E+01   -0.496187283411274E-02
    0.163268308140000E+01   -0.588509183564855E-02
    0.190479692830000E+01   -0.631729564020625E-02
    0.217691077520000E+01   -0.618884945440471E-02
    0.244902462210000E+01   -0.557523874490066E-02
    0.272113846900000E+01   -0.466042638492089E-02
    0.299325231590000E+01   -0.368351965130544E-02
    0.326536616280000E+01   -0.288455423758694E-02
    0.353748000970000E+01   -0.246031833285985E-02
    0.380959385660000E+01   -0.253574329605952E-02
    0.408170770350000E+01   -0.315164866636527E-02
    0.435382155040000E+01   -0.426696382206142E-02
    0.462593539730000E+01   -0.577216169719169E-02
    0.489804924420000E+01   -0.751028245606749E-02
    0.517016309110000E+01   -0.929866255366370E-02
    0.544227693800000E+01   -0.109578010687336E-01
    0.571439078490000E+01   -0.123296569386414E-01
    0.598650463180000E+01   -0.132955917118823E-01
    0.625861847870000E+01   -0.137890128876514E-01
    0.653073232560000E+01   -0.138007060007451E-01
    0.680284617250000E+01   -0.133783268646994E-01
    0.707496001940000E+01   -0.126203851074745E-01
    0.734707386630000E+01   -0.116653886411239E-01
    0.761918771320000E+01   -0.106890055112825E-01
    0.789130156010000E+01   -0.985121601527524E-02
    0.816341540700000E+01   -0.934297113991748E-02
    0.843552925390000E+01   -0.932226465858792E-02
    0.870764310080000E+01   -0.992037705868865E-02
    0.897975694770000E+01   -0.112335764821450E-01
    0.925187079460000E+01   -0.133132463056922E-01
    0.952398464150000E+01   -0.161638758470944E-01
    0.979609848840000E+01   -0.197420679798683E-01
    0.100682123353000E+02   -0.239569756176005E-01
    0.103403261822000E+02   -0.285364736215609E-01
    0.106124400291000E+02   -0.338038758105258E-01
    0.108845538760000E+02   -0.390472698964726E-01
    0.111566677229000E+02   -0.442635782922093E-01
    0.114287815698000E+02   -0.492475407764900E-01
    0.117008954167000E+02   -0.538052857012991E-01
    0.119730092636000E+02   -0.577803608126124E-01
    0.122451231105000E+02   -0.610078852853376E-01
    0.125172369574000E+02   -0.634043655848697E-01
    0.127893508043000E+02   -0.649141975716447E-01
    0.130614646512000E+02   -0.655342705269076E-01
    0.133335784981000E+02   -0.653105821930540E-01
    0.136056923450000E+02   -0.644073138914061E-01
    0.138778061919000E+02   -0.628284242620524E-01
    0.141499200388000E+02   -0.608768519496621E-01
    0.144220338857000E+02   -0.587474564738598E-01
    0.146941477326000E+02   -0.566855006199712E-01
    0.149662615795000E+02   -0.549520441262426E-01
    0.152383754264000E+02   -0.538094498869562E-01
    0.155104892733000E+02   -0.534491273647659E-01
    0.157826031202000E+02   -0.546043675134981E-01
    0.160547169671000E+02   -0.567639490387231E-01
    0.163268308140000E+02   -0.605671014552981E-01
    0.165989446609000E+02   -0.661233566834355E-01
    0.168710585078000E+02   -0.735943785041109E-01
    0.171431723547000E+02   -0.830566504834060E-01
    0.174152862016000E+02   -0.945581704837162E-01
    0.176874000485000E+02   -0.108091794234185E+00
    0.179595138954000E+02   -0.123594404333180E+00
    0.182316277423000E+02   -0.140945452960016E+00
    0.185037415892000E+02   -0.159966556344674E+00
    0.187758554361000E+02   -0.180421638219902E+00
    0.190479692830000E+02   -0.202015182250306E+00
    0.193200831299000E+02   -0.224376903036460E+00
    0.195921969768000E+02   -0.246944226138430E+00
    0.198643108237000E+02   -0.265473128568721E+00
    0.201364246706000E+02   -0.295559321492867E+00
    0.204085385175000E+02   -0.316798938531305E+00
    0.206806523644000E+02   -0.337615729584198E+00
    0.209527662113000E+02   -0.357189335713291E+00
    0.212248800582000E+02   -0.376114457896096E+00
    0.214969939051000E+02   -0.389399344939383E+00
    0.217691077520000E+02   -0.402928730734451E+00
    0.220412215989000E+02   -0.413765405796554E+00
    0.223133354458000E+02   -0.421984220303979E+00
    0.225854492927000E+02   -0.427616029960691E+00
    0.228575631396000E+02   -0.430748595876225E+00
    0.231296769865000E+02   -0.431535475409978E+00
    0.234017908334000E+02   -0.430185777544697E+00
    0.236739046803000E+02   -0.426936409286641E+00
    0.239460185272000E+02   -0.421967842201490E+00
    0.242181323741000E+02   -0.414919656827399E+00
    0.244902462210000E+02   -0.362498865745925E+00
    0.247623600679000E+02   -0.409632449412588E+00
    0.250344739148000E+02   -0.401285714443738E+00
    0.253065877617000E+02   -0.394987768593072E+00
    0.255787016086000E+02   -0.390029422974449E+00
    0.258508154555000E+02   -0.386543546417953E+00
    0.261229293024000E+02   -0.384465418539472E+00
    0.263950431493000E+02   -0.379321917231813E+00
    0.266671569962000E+02   -0.400510919714368E+00
    0.269392708431000E+02   -0.404230378018272E+00
    0.272113846900000E+02   -0.415245172085907E+00
    0.274834985369000E+02   -0.431587846904717E+00
    0.277556123838000E+02   -0.452538941888120E+00
    0.280277262307000E+02   -0.478927147725646E+00
    0.282998400776000E+02   -0.510969634254217E+00
    0.285719539245000E+02   -0.548931774484115E+00
    0.288440677714000E+02   -0.593024650066941E+00
    0.291161816183000E+02   -0.643386954146066E+00
    0.293882954652000E+02   -0.700075512272705E+00
    0.296604093121000E+02   -0.763059399884768E+00
    0.299325231590000E+02   -0.832216164995571E+00
    0.302046370059000E+02   -0.907329060527138E+00
    0.304767508528000E+02   -0.988083993236130E+00
    0.307488646997000E+02   -0.107406423967799E+01
    0.310209785466000E+02   -0.116473926690770E+01
    0.312930923935000E+02   -0.125943916932913E+01
    0.315652062404000E+02   -0.135729097659588E+01
    0.318373200873000E+02   -0.145703595919650E+01
    0.321094339342000E+02   -0.155636828320339E+01
    0.323815477811000E+02   -0.164826985738633E+01
    0.326536616280000E+02   -0.165268559295200E+01
    0.329257754749000E+02   -0.196683143178383E+01
    0.331978893218000E+02   -0.203158658276519E+01
    0.334700031687000E+02   -0.212559398624349E+01
    0.337421170156000E+02   -0.222324889675873E+01
    0.340142308625000E+02   -0.232263629597352E+01
    0.342863447094000E+02   -0.243965046392909E+01
    0.345584585563000E+02   -0.233879777696324E+01
    0.348305724032000E+02   -0.253032614096835E+01
    0.351026862501000E+02   -0.259658825726024E+01
    0.353748000970000E+02   -0.265763100286906E+01
    0.356469139439000E+02   -0.270864853700943E+01
    0.359190277908000E+02   -0.275005276278221E+01
    0.361911416377000E+02   -0.278224182848105E+01
    0.364632554846000E+02   -0.280570824354985E+01
    0.367353693315000E+02   -0.282110233311995E+01
    0.370074831784000E+02   -0.282923027825598E+01
    0.372795970253000E+02   -0.283100428810885E+01
    0.375517108722000E+02   -0.282734279693458E+01
    0.378238247191000E+02   -0.281899220146653E+01
    0.380959385660000E+02   -0.280616327927621E+01
    0.383680524129000E+02   -0.278753755061981E+01
    0.386401662598000E+02   -0.275608354927160E+01
    0.389122801067000E+02   -0.266137216202016E+01
    0.391843939536000E+02   -0.160306642277526E+01
    0.394565078005000E+02   -0.292524179652679E+01
    0.397286216474000E+02   -0.285248853084942E+01
    0.400007354943000E+02   -0.282640168955572E+01
    0.402728493412000E+02   -0.280766333474771E+01
    0.405449631881000E+02   -0.278556142564717E+01
    0.408170770350000E+02   -0.274395896404210E+01
    0.410891908819000E+02   -0.259351610827261E+01
    0.413613047288000E+02    0.500148589309463E+00
    0.416334185757000E+02   -0.301008557069797E+01
    0.419055324226000E+02   -0.292738558802546E+01
    0.421776462695000E+02   -0.297468257002280E+01
    0.424497601164000E+02   -0.290979704941186E+01
    0.427218739633000E+02   -0.289250951973238E+01
    0.429939878102000E+02   -0.288129684282761E+01
    0.432661016571000E+02   -0.287374433502171E+01
    0.435382155040000E+02   -0.286988144295060E+01
    0.438103293509000E+02   -0.287048838679612E+01
    0.440824431978000E+02   -0.287667474162931E+01
    0.443545570447000E+02   -0.288968458861983E+01
    0.446266708916000E+02   -0.291077002303463E+01
    0.448987847385000E+02   -0.294109606293926E+01
    0.451708985854000E+02   -0.298166715906525E+01
    0.454430124323000E+02   -0.303327263832393E+01
    0.457151262792000E+02   -0.309644971489699E+01
    0.459872401261000E+02   -0.317146212715130E+01
    0.462593539730000E+02   -0.325829155661286E+01
    0.465314678199000E+02   -0.335663847614215E+01
    0.468035816668000E+02   -0.346592919088735E+01
    0.470756955137000E+02   -0.358532646947870E+01
    0.473478093606000E+02   -0.371374202048673E+01
    0.476199232075000E+02   -0.384984982062512E+01
    0.478920370544000E+02   -0.399209967406613E+01
    0.481641509013000E+02   -0.413873016744464E+01
    0.484362647482000E+02   -0.428777913308618E+01
    0.487083785951000E+02   -0.443708727424206E+01
    0.489804924420000E+02   -0.458428516415144E+01
    0.492526062889000E+02   -0.472674091359673E+01
    0.495247201358000E+02   -0.486141175989437E+01
    0.497968339827000E+02   -0.498444063909059E+01
    0.500689478296000E+02   -0.508997381851703E+01
    0.503410616765000E+02   -0.516600567156473E+01
    0.506131755234000E+02   -0.517375361966825E+01
    0.508852893703000E+02   -0.482906086788967E+01
    0.511574032172000E+02    0.378911793606226E+00
    0.514295170641000E+02   -0.521363472872508E+01
    0.517016309110000E+02   -0.561871630378997E+01
    0.519737447579000E+02   -0.565022673210863E+01
    0.522458586048000E+02   -0.563683012160185E+01
    0.525179724517000E+02   -0.560252945893563E+01
    0.527900862986000E+02   -0.555601926946668E+01
    0.530622001455000E+02   -0.550466235857702E+01
    0.533343139924000E+02   -0.545451158771790E+01
    0.536064278393000E+02   -0.540720618391738E+01
    0.538785416862000E+02   -0.532487844195008E+01
    0.541506555331000E+02   -0.545084127401282E+01
    0.544227693800000E+02   -0.539616299545623E+01
    0.546948832269000E+02   -0.538754178040551E+01
    0.549669970738000E+02   -0.538978188504976E+01
    0.552391109207000E+02   -0.539771594936101E+01
    0.555112247676000E+02   -0.540885412509263E+01
    0.557833386145000E+02   -0.542157050641030E+01
    0.560554524614000E+02   -0.543476436054739E+01
    0.563275663083000E+02   -0.544776802367627E+01
    0.565996801552000E+02   -0.546031762742154E+01
    0.568717940021000E+02   -0.547254193991193E+01
    0.571439078490000E+02   -0.548495133476825E+01
    0.574160216959000E+02   -0.549841467624945E+01
    0.576881355428000E+02   -0.551411284604009E+01
    0.579602493897000E+02   -0.553345695702415E+01
    0.582323632366000E+02   -0.555795683230961E+01
    0.585044770835000E+02   -0.558901885822920E+01
    0.587765909304000E+02   -0.562763507151993E+01
    0.590487047773000E+02   -0.567386981346985E+01
    0.593208186242000E+02   -0.572581098003217E+01
    0.595929324711000E+02   -0.577618649828185E+01
    0.598650463180000E+02   -0.578848782535447E+01
    0.601371601649000E+02   -0.271328655422129E+01
    0.604092740118000E+02    0.251971739134155E+00
    0.606813878587000E+02    0.708865644860792E+00
    0.609535017056000E+02    0.307713052934405E+01
    0.612256155525000E+02    0.155918811892356E+00
    0.614977293994000E+02    0.270369711469130E+01
    0.617698432463000E+02    0.278703702923209E+01
    0.620419570932000E+02    0.275207200140071E+01
    0.623140709401000E+02    0.267632448792739E+01
    0.625861847870000E+02    0.255804609000793E+01
    0.628582986339000E+02    0.237968828248819E+01
    0.631304124808000E+02    0.211371111986958E+01
    0.634025263277000E+02    0.181205620192582E+01
    0.636746401746000E+02    0.113549444805864E+01
    0.639467540215000E+02    0.452279405246123E+00
    0.642188678684000E+02    0.839288043697106E+00
    0.644909817153000E+02    0.101216619092883E+01
    0.647630955622000E+02    0.107770039068075E+01
    0.650352094091000E+02    0.115670581906789E+01
    0.653073232560000E+02    0.124678251600830E+01
    0.655794371029000E+02    0.132331714863592E+01
    0.658515509498000E+02    0.146837818937244E+01
    0.661236647967000E+02    0.160080813853423E+01
    0.663957786436000E+02    0.168325728441973E+01
    0.666678924905000E+02    0.171179838989559E+01
    0.669400063374000E+02    0.170977861169011E+01
    0.672121201843000E+02    0.315269738304176E+01
    0.674842340312000E+02    0.155629945915971E+01
    0.677563478781000E+02    0.152930561360170E+01
    0.680284617250000E+02   -0.101405270844407E+01
    0.683005755719000E+02   -0.801322532153543E+00
    0.685726894188000E+02   -0.716572430033920E+00
    0.688448032657000E+02   -0.767408823221628E+00
    0.691169171126000E+02   -0.890264274132337E+00
    0.693890309595000E+02   -0.105387927234473E+01
    0.696611448064000E+02   -0.124318139405090E+01
    0.699332586533000E+02   -0.145025196119279E+01
    0.702053725002000E+02   -0.167030598729732E+01
    0.704774863471000E+02   -0.189983929322644E+01
    0.707496001940000E+02   -0.213576067897808E+01
    0.710217140409000E+02   -0.237516739946966E+01
    0.712938278878000E+02   -0.261615127660548E+01
    0.715659417347000E+02   -0.286219911482961E+01
    0.718380555816000E+02   -0.314684318520285E+01
    0.721101694285000E+02   -0.376541681479743E+01
    0.723822832754000E+02   -0.432852398732663E+01
    0.726543971223000E+02    0.268577241779912E+01
    0.729265109692000E+02   -0.603432041652229E+00
    0.731986248161000E+02   -0.339048267783991E+00
    0.734707386630000E+02   -0.108839595061962E+00
    0.737428525099000E+02    0.743262403516445E-01
    0.740149663568000E+02    0.204801150301904E+00
    0.742870802037000E+02    0.370348571990886E+00
    0.745591940506000E+02    0.514584601498039E+00
    0.748313078975000E+02    0.752565212908270E+00
    0.751034217444000E+02    0.864622491853367E+00
    0.753755355913000E+02    0.867495821630229E+00
    0.756476494382000E+02    0.785108421877586E+00
    0.759197632851000E+02    0.635191418382222E+00
    0.761918771320000E+02    0.425924103876072E+00
    0.764639909789000E+02    0.161935278067341E+00
    0.767361048258000E+02   -0.141727239527456E+00
    0.770082186727000E+02   -0.426254003081573E+00
    0.772803325196000E+02   -0.500275330752956E+00
    0.775524463665000E+02    0.404838272664768E+00
    0.778245602134000E+02    0.830973817776980E+00
    0.780966740603000E+02    0.437082733372546E+00
    0.783687879072000E+02   -0.472676663226081E+00
    0.786409017541000E+02   -0.590042274712854E+00
    0.789130156010000E+02   -0.134769098694189E+01
    0.791851294479000E+02   -0.503557063225709E+00
    0.794572432948000E+02   -0.360667763860627E+01
    0.797293571417000E+02    0.390626363824611E+00
    0.800014709886000E+02    0.191023860289251E+01
    0.802735848355000E+02   -0.688630924737321E+00
    0.805456986824000E+02    0.148795122226775E+01
    0.808178125293000E+02   -0.255136442304753E+01
    0.810899263762000E+02   -0.200777449183377E+01
    0.813620402231000E+02   -0.520641403949396E+01
    0.816341540700000E+02   -0.259784644228658E+01

Symmetry: 2

Partial waves (m,l) in the current symmetry:
    1    1
   -2    2
    1    2
   -2    3
    1    3
    3    3
   -4    4
   -2    4
    1    4
    3    4

Number of channels in the current symmetry: 10

EIGENPHASE SUMS
    0.000000000000000E+00    0.000000000000000E+00
    0.272113846900000E+00   -0.464295142354533E-03
    0.544227693800000E+00   -0.104727366236678E-02
    0.816341540700000E+00   -0.182266893715597E-02
    0.108845538760000E+01   -0.277400492355945E-02
    0.136056923450000E+01   -0.371843522622564E-02
    0.163268308140000E+01   -0.443379678369053E-02
    0.190479692830000E+01   -0.476065152605545E-02
    0.217691077520000E+01   -0.464948219864407E-02
    0.244902462210000E+01   -0.416151014217088E-02
    0.272113846900000E+01   -0.344023425194118E-02
    0.299325231590000E+01   -0.267016108184763E-02
    0.326536616280000E+01   -0.203538826680349E-02
    0.353748000970000E+01   -0.168615441241241E-02
    0.380959385660000E+01   -0.171726847558007E-02
    0.408170770350000E+01   -0.215906910647264E-02
    0.435382155040000E+01   -0.297942169315706E-02
    0.462593539730000E+01   -0.409413832864206E-02
    0.489804924420000E+01   -0.538285101877444E-02
    0.517016309110000E+01   -0.670732901398482E-02
    0.544227693800000E+01   -0.793041714677229E-02
    0.571439078490000E+01   -0.893202852174861E-02
    0.598650463180000E+01   -0.962281511444882E-02
    0.625861847870000E+01   -0.995284398311778E-02
    0.653073232560000E+01   -0.991572061083364E-02
    0.680284617250000E+01   -0.954804202808596E-02
    0.707496001940000E+01   -0.892473341500219E-02
    0.734707386630000E+01   -0.815113316924600E-02
    0.761918771320000E+01   -0.735288425251503E-02
    0.789130156010000E+01   -0.666475852512835E-02
    0.816341540700000E+01   -0.621942254269384E-02
    0.843552925390000E+01   -0.613706487973227E-02
    0.870764310080000E+01   -0.651650660100002E-02
    0.897975694770000E+01   -0.742825675761518E-02
    0.925187079460000E+01   -0.890975422736117E-02
    0.952398464150000E+01   -0.109628869044033E-01
    0.979609848840000E+01   -0.135537623411431E-01
    0.100682123353000E+02   -0.166146305703742E-01
    0.103403261822000E+02   -0.200493960804466E-01
    0.106124400291000E+02   -0.237299422330766E-01
    0.108845538760000E+02   -0.275227160962004E-01
    0.111566677229000E+02   -0.312759502951800E-01
    0.114287815698000E+02   -0.348393285614222E-01
    0.117008954167000E+02   -0.380709617071009E-01
    0.119730092636000E+02   -0.408391059451115E-01
    0.122451231105000E+02   -0.430492006115246E-01
    0.125172369574000E+02   -0.446238464404086E-01
    0.127893508043000E+02   -0.455258770596466E-01
    0.130614646512000E+02   -0.457554171510227E-01
    0.133335784981000E+02   -0.453514629847347E-01
    0.136056923450000E+02   -0.443868495276358E-01
    0.138778061919000E+02   -0.429804977426763E-01
    0.141499200388000E+02   -0.412680310609274E-01
    0.144220338857000E+02   -0.394171986378022E-01
    0.146941477326000E+02   -0.376129460146131E-01
    0.149662615795000E+02   -0.360518478385155E-01
    0.152383754264000E+02   -0.349352877150185E-01
    0.155104892733000E+02   -0.344627742263016E-01
    0.157826031202000E+02   -0.348250386425919E-01
    0.160547169671000E+02   -0.361992649088073E-01
    0.163268308140000E+02   -0.387416752023958E-01
    0.165989446609000E+02   -0.425835483452075E-01
    0.168710585078000E+02   -0.478261405553465E-01
    0.171431723547000E+02   -0.545366045926924E-01
    0.174152862016000E+02   -0.627445698850852E-01
    0.176874000485000E+02   -0.724395450403979E-01
    0.179595138954000E+02   -0.835692911224681E-01
    0.182316277423000E+02   -0.960393076993822E-01
    0.185037415892000E+02   -0.109713553733609E+00
    0.187758554361000E+02   -0.124416498248957E+00
    0.190479692830000E+02   -0.139936582576283E+00
    0.193200831299000E+02   -0.156031279696284E+00
    0.195921969768000E+02   -0.172435152352875E+00
    0.198643108237000E+02   -0.188927431767034E+00
    0.201364246706000E+02   -0.204941675137333E+00
    0.204085385175000E+02   -0.220513034275239E+00
    0.206806523644000E+02   -0.235208388514633E+00
    0.209527662113000E+02   -0.248768296372772E+00
    0.212248800582000E+02   -0.260986151859545E+00
    0.214969939051000E+02   -0.271432398021877E+00
    0.217691077520000E+02   -0.280304956564178E+00
    0.220412215989000E+02   -0.287289136964039E+00
    0.223133354458000E+02   -0.292358848529687E+00
    0.225854492927000E+02   -0.295522413279478E+00
    0.228575631396000E+02   -0.296843378861792E+00
    0.231296769865000E+02   -0.296439401585739E+00
    0.234017908334000E+02   -0.294477653968287E+00
    0.236739046803000E+02   -0.291168484321105E+00
    0.239460185272000E+02   -0.286758368650601E+00
    0.242181323741000E+02   -0.281524149985348E+00
    0.244902462210000E+02   -0.275884658816638E+00
    0.247623600679000E+02   -0.269740192831073E+00
    0.250344739148000E+02   -0.263862826182896E+00
    0.253065877617000E+02   -0.258421235699250E+00
    0.255787016086000E+02   -0.253762156729512E+00
    0.258508154555000E+02   -0.250237659956230E+00
    0.261229293024000E+02   -0.248207186077540E+00
    0.263950431493000E+02   -0.248038728080647E+00
    0.266671569962000E+02   -0.250087323792495E+00
    0.269392708431000E+02   -0.254745921407554E+00
    0.272113846900000E+02   -0.262366171587651E+00
    0.274834985369000E+02   -0.273301529124902E+00
    0.277556123838000E+02   -0.287882832228399E+00
    0.280277262307000E+02   -0.306410353238903E+00
    0.282998400776000E+02   -0.329144680457559E+00
    0.285719539245000E+02   -0.356298151343046E+00
    0.288440677714000E+02   -0.388027464933116E+00
    0.291161816183000E+02   -0.424427870973249E+00
    0.293882954652000E+02   -0.465529114438732E+00
    0.296604093121000E+02   -0.511293103503536E+00
    0.299325231590000E+02   -0.561613097283024E+00
    0.302046370059000E+02   -0.616314102118952E+00
    0.304767508528000E+02   -0.675154134911479E+00
    0.307488646997000E+02   -0.737826060657687E+00
    0.310209785466000E+02   -0.803959835777937E+00
    0.312930923935000E+02   -0.873125200029319E+00
    0.315652062404000E+02   -0.944835247556657E+00
    0.318373200873000E+02   -0.101855234289297E+01
    0.321094339342000E+02   -0.109370238841697E+01
    0.323815477811000E+02   -0.116973909252183E+01
    0.326536616280000E+02   -0.124748015593225E+01
    0.329257754749000E+02   -0.131937102898282E+01
    0.331978893218000E+02   -0.139373859343671E+01
    0.334700031687000E+02   -0.146557760894331E+01
    0.337421170156000E+02   -0.153447794111251E+01
    0.340142308625000E+02   -0.159979472563145E+01
    0.342863447094000E+02   -0.166094249970560E+01
    0.345584585563000E+02   -0.171783776220592E+01
    0.348305724032000E+02   -0.176496768918910E+01
    0.351026862501000E+02   -0.181147015131642E+01
    0.353748000970000E+02   -0.185052661663922E+01
    0.356469139439000E+02   -0.188321465831472E+01
    0.359190277908000E+02   -0.190966428855147E+01
    0.361911416377000E+02   -0.193009716387667E+01
    0.364632554846000E+02   -0.194488645139058E+01
    0.367353693315000E+02   -0.195455684604457E+01
    0.370074831784000E+02   -0.195976483095770E+01
    0.372795970253000E+02   -0.196126558939647E+01
    0.375517108722000E+02   -0.195987017911659E+01
    0.378238247191000E+02   -0.195639745165790E+01
    0.380959385660000E+02   -0.195162636120573E+01
    0.383680524129000E+02   -0.194625538168935E+01
    0.386401662598000E+02   -0.194087972642104E+01
    0.389122801067000E+02   -0.193603490344327E+01
    0.391843939536000E+02   -0.193368427590643E+01
    0.394565078005000E+02   -0.192633336337644E+01
    0.397286216474000E+02   -0.192402215084207E+01
    0.400007354943000E+02   -0.192193048281048E+01
    0.402728493412000E+02   -0.192019494441492E+01
    0.405449631881000E+02   -0.191860384485277E+01
    0.408170770350000E+02   -0.191688798803131E+01
    0.410891908819000E+02   -0.191479118145213E+01
    0.413613047288000E+02   -0.191190044909312E+01
    0.416334185757000E+02   -0.190846210766312E+01
    0.419055324226000E+02   -0.190428260778826E+01
    0.421776462695000E+02   -0.189948290245129E+01
    0.424497601164000E+02   -0.189441445426774E+01
    0.427218739633000E+02   -0.188959778294376E+01
    0.429939878102000E+02   -0.188573203182314E+01
    0.432661016571000E+02   -0.188367492585141E+01
    0.435382155040000E+02   -0.188440619972858E+01
    0.438103293509000E+02   -0.188897896062394E+01
    0.440824431978000E+02   -0.189846416883177E+01
    0.443545570447000E+02   -0.191389393244645E+01
    0.446266708916000E+02   -0.193620887797660E+01
    0.448987847385000E+02   -0.196621359788441E+01
    0.451708985854000E+02   -0.200454245382559E+01
    0.454430124323000E+02   -0.205163623414111E+01
    0.457151262792000E+02   -0.210772865828099E+01
    0.459872401261000E+02   -0.217284070502046E+01
    0.462593539730000E+02   -0.224678030208566E+01
    0.465314678199000E+02   -0.232914501614933E+01
    0.468035816668000E+02   -0.241932589156550E+01
    0.470756955137000E+02   -0.251651131824994E+01
    0.473478093606000E+02   -0.261969057540909E+01
    0.476199232075000E+02   -0.272765734974349E+01
    0.478920370544000E+02   -0.283901398292191E+01
    0.481641509013000E+02   -0.295217746116911E+01
    0.484362647482000E+02   -0.306538829520635E+01
    0.487083785951000E+02   -0.317672359412425E+01
    0.489804924420000E+02   -0.328411600467125E+01
    0.492526062889000E+02   -0.338538098775659E+01
    0.495247201358000E+02   -0.347825634044755E+01
    0.497968339827000E+02   -0.356046000263676E+01
    0.500689478296000E+02   -0.362977448638740E+01
    0.503410616765000E+02   -0.368416595247428E+01
    0.506131755234000E+02   -0.372192869597109E+01
    0.508852893703000E+02   -0.374167522841188E+01
    0.511574032172000E+02   -0.372303567747938E+01
    0.514295170641000E+02   -0.373472064917289E+01
    0.517016309110000E+02   -0.370595987152702E+01
    0.519737447579000E+02   -0.366720582735266E+01
    0.522458586048000E+02   -0.362213707149278E+01
    0.525179724517000E+02   -0.357494814430296E+01
    0.527900862986000E+02   -0.352936632238787E+01
    0.530622001455000E+02   -0.348820107325347E+01
    0.533343139924000E+02   -0.345321553019682E+01
    0.536064278393000E+02   -0.342522755323327E+01
    0.538785416862000E+02   -0.340431963912542E+01
    0.541506555331000E+02   -0.339006177533664E+01
    0.544227693800000E+02   -0.338169720348121E+01
    0.546948832269000E+02   -0.337827714330577E+01
    0.549669970738000E+02   -0.337874947887697E+01
    0.552391109207000E+02   -0.338201303547777E+01
    0.555112247676000E+02   -0.338694959502096E+01
    0.557833386145000E+02   -0.339244409339182E+01
    0.560554524614000E+02   -0.339740115136059E+01
    0.563275663083000E+02   -0.340076356406582E+01
    0.565996801552000E+02   -0.340153548566440E+01
    0.568717940021000E+02   -0.339880973528703E+01
    0.571439078490000E+02   -0.339179527143235E+01
    0.574160216959000E+02   -0.337983830707081E+01
    0.576881355428000E+02   -0.336242991330460E+01
    0.579602493897000E+02   -0.333919509015367E+01
    0.582323632366000E+02   -0.330986284687010E+01
    0.585044770835000E+02   -0.327422182038044E+01
    0.587765909304000E+02   -0.323206775910186E+01
    0.590487047773000E+02   -0.318314369207006E+01
    0.593208186242000E+02   -0.312705854307016E+01
    0.595929324711000E+02   -0.306314860230700E+01
    0.598650463180000E+02   -0.299023076810828E+01
    0.601371601649000E+02   -0.290620673793630E+01
    0.604092740118000E+02    0.334066647899449E+00
    0.606813878587000E+02    0.452950425716932E+00
    0.609535017056000E+02    0.599930132714308E+00
    0.612256155525000E+02    0.784946466814721E+00
    0.614977293994000E+02    0.101754194606864E+01
    0.617698432463000E+02    0.130223982135349E+01
    0.620419570932000E+02    0.162430470674766E+01
    0.623140709401000E+02    0.193978404479828E+01
    0.625861847870000E+02    0.219539953535557E+01
    0.628582986339000E+02    0.236548639494093E+01
    0.631304124808000E+02    0.245510519168607E+01
    0.634025263277000E+02    0.248117251587342E+01
    0.636746401746000E+02    0.246040780271087E+01
    0.639467540215000E+02    0.240600209144031E+01
    0.642188678684000E+02    0.232765468159364E+01
    0.644909817153000E+02    0.223232314045343E+01
    0.647630955622000E+02    0.212493776389842E+01
    0.650352094091000E+02    0.200895318122921E+01
    0.653073232560000E+02    0.188675440254012E+01
    0.655794371029000E+02    0.175995308996053E+01
    0.658515509498000E+02    0.162960341592949E+01
    0.661236647967000E+02    0.149635895927658E+01
    0.663957786436000E+02    0.136058629494962E+01
    0.666678924905000E+02    0.122244690278994E+01
    0.669400063374000E+02    0.108195609544051E+01
    0.672121201843000E+02    0.939025441257949E+00
    0.674842340312000E+02    0.793493420195525E+00
    0.677563478781000E+02    0.645147665851303E+00
    0.680284617250000E+02    0.493741005388515E+00
    0.683005755719000E+02    0.339002501744121E+00
    0.685726894188000E+02    0.180643714281327E+00
    0.688448032657000E+02    0.183593030207758E-01
    0.691169171126000E+02   -0.148180215647816E+00
    0.693890309595000E+02   -0.319347407760314E+00
    0.696611448064000E+02   -0.495594459029481E+00
    0.699332586533000E+02   -0.677515649136480E+00
    0.702053725002000E+02   -0.865946669796833E+00
    0.704774863471000E+02   -0.106211332947555E+01
    0.707496001940000E+02   -0.126783713267512E+01
    0.710217140409000E+02   -0.148575928195286E+01
    0.712938278878000E+02   -0.171925077827062E+01
    0.715659417347000E+02   -0.196981563774517E+01
    0.718380555816000E+02   -0.221720654224642E+01
    0.721101694285000E+02   -0.228920886320022E+01
    0.723822832754000E+02   -0.189090866712169E+01
    0.726543971223000E+02    0.120519647327130E+01
    0.729265109692000E+02    0.935392356736770E+00
    0.731986248161000E+02    0.671906464406071E+00
    0.734707386630000E+02    0.446075421744627E+00
    0.737428525099000E+02    0.262521755309045E+00
    0.740149663568000E+02    0.136633310438053E+00
    0.742870802037000E+02    0.265776440656804E-01
    0.745591940506000E+02   -0.186801199428484E+00
    0.748313078975000E+02   -0.198930717634163E+00
    0.751034217444000E+02   -0.206028834553263E+00
    0.753755355913000E+02   -0.205673372553638E+00
    0.756476494382000E+02   -0.208690669215147E+00
    0.759197632851000E+02   -0.223845448000877E+00
    0.761918771320000E+02   -0.254786805517711E+00
    0.764639909789000E+02   -0.301148501386464E+00
    0.767361048258000E+02   -0.360625792123184E+00
    0.770082186727000E+02   -0.430459611101922E+00
    0.772803325196000E+02   -0.508146048534148E+00
    0.775524463665000E+02   -0.591659906246552E+00
    0.778245602134000E+02   -0.679455384171926E+00
    0.780966740603000E+02   -0.770389300449188E+00
    0.783687879072000E+02   -0.863629943873159E+00
    0.786409017541000E+02   -0.958572685295531E+00
    0.789130156010000E+02   -0.105476413101681E+01
    0.791851294479000E+02   -0.115182492891020E+01
    0.794572432948000E+02   -0.124934039485890E+01
    0.797293571417000E+02   -0.134659031994211E+01
    0.800014709886000E+02   -0.144109021844174E+01
    0.802735848355000E+02   -0.175862333909873E+01
    0.805456986824000E+02   -0.165571837721398E+01
    0.808178125293000E+02   -0.174237757508976E+01
    0.810899263762000E+02   -0.186882055227257E+01
    0.813620402231000E+02   -0.192123695840106E+01
    0.816341540700000E+02   -0.198331470704626E+01

          Calculating GGGG integrals...
Threading over quartets of shells using: 4 threads.
Integral calculation took: 9.3 [s]
Two_electron_integrals took [s]:         9.341916084289551
Transforming AO integral type 1 ...
Size of the ijrs array limited to (Mib): 5000.000

Total number of (rs)-indices: 18528
Number of (rs)-index blocks: 1, number of (rs)-indices in block: 18528

Size of the ijrs buffer to be allocated [Mib]:      1667.593505859375000
(rs)-index block: 1
(pq|rs) -> (ij|rs) for rs-block: 1->18528 done in    0.821 [s]
(ij|rs) -> (ij|kl) contribution done in    0.657 [s]

Number of AO integrals used: 343286784
Total time for (pq|rs) -> (ij|rs)    0.821 [s]
Total time for (ij|rs) -> (ij|kl)    0.657 [s]
(pq|rs) -> (ij|kl) done in    1.478 [s]
Number of ijkl integrals:          481854    3.676
Two_electron_integrals took [s]:         1.817975997924805
<-------->done:mpi_mod:mpi_mod_finalize
