+-------------------------------------------------------------------------+
|              _              |                                           |
| || || ||//  | \          |  | University College London (C) 1994 - 2020 |
| || || ||    | / |/\/\ /\ |  | Open University           (C) 2007 - 2020 |
| \\_// ||\\  | \ | | | \/ |  |                                           |
|                             |                                           |
+-------------------------------------------------------------------------+
| Last revision: unknown                                                  |
| Last author:   unknown                                                  |
| Last date:     unknown                                                  |
+-------------------------------------------------------------------------+
MPI startup(): PMI server not found. Please set I_MPI_PMI_LIBRARY variable if it is not a singleton case.


 Program SWINTERF  ( last modified 12-Jan-2004 )

e + H2O - doublet Ap                                        20230416  144540.156


 Symmetry data   MGVN = 0 STOT = 2

 Input datasets:             Unit  Set number
 Target data          LUTARG  24       1       FORMATTED
 Boundary amplitudes  LUAMP   16       1     UNFORMATTED
 CI data              LUCI    25       1     UNFORMATTED
 Buttle corrections   LUBUT    0       1     UNFORMATTED

 Output datasets:            Unit  Set number
 Channel data         LUCHAN  10       1     UNFORMATTED
 R-Matrix data        LURMT   21       1     UNFORMATTED

 We are using UKRmol+ input

 Assuming full CI vectors have been saved on LUCI 

 Target rotational constants (a.u.)   0.141396D-03   0.753360D-04   0.491492D-04

 Nuclear centres 
    Atom  Charge      X         Y         Z         Mass
  1   O      8     0.000000  0.000000  0.116475   15.994900
  2   H      1     0.000000  1.343991 -0.924529    1.007800
  3   H      1     0.000000 -1.343991 -0.924529    1.007800

 Reduced mass     890.471806 au

 Transition moments
    1    0    1    0    1   -1   0.00000
    1    0    1    0    1    0   0.73075
    1    0    1    0    2   -1   0.00000
    1    0    1    0    2    0   0.10011
    1    0    1    0    2    2   1.80425
    5    0    1    0    1   -1   0.50600
    5    0    1    0    1    0   0.00000
    5    0    1    0    2   -1  -0.83867
    5    0    1    0    2    0  -0.00000
    5    0    1    0    2    2  -0.00000
    5    0    5    0    1   -1  -0.00000
    5    0    5    0    1    0   0.19752
    5    0    5    0    2   -1   0.00000
    5    0    5    0    2    0  -0.94651
    5    0    5    0    2    2   0.71898
    4    0    4    0    1   -1   0.00000
    4    0    4    0    1    0   0.20659
    4    0    4    0    2   -1  -0.00000
    4    0    4    0    2    0   0.08663
    4    0    4    0    2    2   1.35571
    3    1    1    0    2   -2  -0.47476
    3    1    1    0    2    1  -0.00000
    3    1    5    0    1    1  -0.09052
    3    1    5    0    2   -2   0.00000
    3    1    5    0    2    1  -0.77006
    3    1    3    1    1   -1  -0.00000
    3    1    3    1    1    0   0.23190
    3    1    3    1    2   -1   0.00000
    3    1    3    1    2    0   0.34551
    3    1    3    1    2    2  -0.16667
    2    1    4    0    1    1  -0.00000
    2    1    4    0    2   -2   0.43119
    2    1    4    0    2    1   0.00000
    2    1    2    1    1   -1  -0.00000
    2    1    2    1    1    0   0.20994
    2    1    2    1    2   -1   0.00000
    2    1    2    1    2    0   0.32622
    2    1    2    1    2    2  -0.21316

 READCIP start

 CI file header data:
 --------------------
 MGVN  =  0
 NSET  =  1
 NSTAT =       1018
 NOCSF =       1018

 READCIP end

 R-matrix radius  =   10.00
 Residual charge on system = 0

 Channel Target  l  m  q       Irr  Energy   Energy(eV)
    1       1    0  0  0  N/A   1  0.000000  0.000000
    2       1    1  1 -1  N/A   1  0.000000  0.000000
    3       1    1  0  0  N/A   1  0.000000  0.000000
    4       1    2  1 -1  N/A   1  0.000000  0.000000
    5       1    2  0  0  N/A   1  0.000000  0.000000
    6       1    2  2  1  N/A   1  0.000000  0.000000
    7       1    3  3 -1  N/A   1  0.000000  0.000000
    8       1    3  1 -1  N/A   1  0.000000  0.000000
    9       1    3  0  0  N/A   1  0.000000  0.000000
   10       1    3  2  1  N/A   1  0.000000  0.000000
   11       1    4  3 -1  N/A   1  0.000000  0.000000
   12       1    4  1 -1  N/A   1  0.000000  0.000000
   13       1    4  0  0  N/A   1  0.000000  0.000000
   14       1    4  2  1  N/A   1  0.000000  0.000000
   15       1    4  4  1  N/A   1  0.000000  0.000000
   16       2    1  1  1  N/A   2  1.588988 21.618882
   17       2    2  2 -1  N/A   2  1.588988 21.618882
   18       2    2  1  1  N/A   2  1.588988 21.618882
   19       2    3  2 -1  N/A   2  1.588988 21.618882
   20       2    3  1  1  N/A   2  1.588988 21.618882
   21       2    3  3  1  N/A   2  1.588988 21.618882
   22       2    4  4 -1  N/A   2  1.588988 21.618882
   23       2    4  2 -1  N/A   2  1.588988 21.618882
   24       2    4  1  1  N/A   2  1.588988 21.618882
   25       2    4  3  1  N/A   2  1.588988 21.618882
   26       3    1  1  1  N/A   2  1.662060 22.613060
   27       3    2  2 -1  N/A   2  1.662060 22.613060
   28       3    2  1  1  N/A   2  1.662060 22.613060
   29       3    3  2 -1  N/A   2  1.662060 22.613060
   30       3    3  1  1  N/A   2  1.662060 22.613060
   31       3    3  3  1  N/A   2  1.662060 22.613060
   32       3    4  4 -1  N/A   2  1.662060 22.613060
   33       3    4  2 -1  N/A   2  1.662060 22.613060
   34       3    4  1  1  N/A   2  1.662060 22.613060
   35       3    4  3  1  N/A   2  1.662060 22.613060
   36       4    0  0  0  N/A   1  1.802652 24.525883
   37       4    1  1 -1  N/A   1  1.802652 24.525883
   38       4    1  0  0  N/A   1  1.802652 24.525883
   39       4    2  1 -1  N/A   1  1.802652 24.525883
   40       4    2  0  0  N/A   1  1.802652 24.525883
   41       4    2  2  1  N/A   1  1.802652 24.525883
   42       4    3  3 -1  N/A   1  1.802652 24.525883
   43       4    3  1 -1  N/A   1  1.802652 24.525883
   44       4    3  0  0  N/A   1  1.802652 24.525883
   45       4    3  2  1  N/A   1  1.802652 24.525883
   46       4    4  3 -1  N/A   1  1.802652 24.525883
   47       4    4  1 -1  N/A   1  1.802652 24.525883
   48       4    4  0  0  N/A   1  1.802652 24.525883
   49       4    4  2  1  N/A   1  1.802652 24.525883
   50       4    4  4  1  N/A   1  1.802652 24.525883
   51       5    0  0  0  N/A   1  2.063593 28.076093
   52       5    1  1 -1  N/A   1  2.063593 28.076093
   53       5    1  0  0  N/A   1  2.063593 28.076093
   54       5    2  1 -1  N/A   1  2.063593 28.076093
   55       5    2  0  0  N/A   1  2.063593 28.076093
   56       5    2  2  1  N/A   1  2.063593 28.076093
   57       5    3  3 -1  N/A   1  2.063593 28.076093
   58       5    3  1 -1  N/A   1  2.063593 28.076093
   59       5    3  0  0  N/A   1  2.063593 28.076093
   60       5    3  2  1  N/A   1  2.063593 28.076093
   61       5    4  3 -1  N/A   1  2.063593 28.076093
   62       5    4  1 -1  N/A   1  2.063593 28.076093
   63       5    4  0  0  N/A   1  2.063593 28.076093
   64       5    4  2  1  N/A   1  2.063593 28.076093
   65       5    4  4  1  N/A   1  2.063593 28.076093

 Dimension of Hamiltonian matrix           NOCSF =      1018
 Number of CSFs used to construct R-matrix NSTAT = 1018
 Number of eigenvectors to be retained     NPOLE =    0
 Number of multipoles in potential         ISMAX =    2

 READCIP start

 Reading CI coefficients...
 Last pole include at                  1018  is   -67.8545534300412       Ryd

 READCIP end

     R-matrix boundary amplitudes 

     At radial distance RMATR -      0.00000000 Bohr radii
     No. of channels     =    65
     No. of eigenvectors =  1018
     No. of correction terms =     0


     First 30 R-matrix amplitudes

     Channel =   1      0.31015481     -0.00000000      0.12184153
                       -0.03239501     -0.00000000      0.00461598
                       -0.02227937     -0.00000004     -0.00000000
                       -0.00432846     -0.32125880     -0.00112779
                       -0.00000000     -0.00149685     -0.00000000
                       -0.00040085     -0.00000000      0.09486507
                        0.00000000     -0.05691628      0.01316276
                        0.12459597     -0.00000000     -0.00000000
                       -0.04681336      0.28104472     -0.00000000
                       -0.06370008      0.00000000     -0.05355298
     Channel =   2     -0.00000000      0.36449999      0.00000000
                       -0.00000000      0.07231892     -0.00000000
                       -0.00000002      0.01150117      0.00547096
                        0.00000000      0.00000000     -0.00000001
                        0.00913878      0.00000000      0.00381384
                        0.00000000     -0.32358395     -0.00000000
                       -0.09922344     -0.00000000      0.00000000
                        0.00000000     -0.01519518      0.01520101
                       -0.00000000      0.00000000     -0.24278444
                        0.00000000     -0.02021531      0.00000000
     Channel =   3     -0.11001356     -0.00000000      0.35095477
                       -0.04118326     -0.00000000     -0.06558136
                        0.01594568      0.00000003      0.00000000
                        0.00299524      0.09742686     -0.00201728
                       -0.00000000     -0.00026253     -0.00000000
                       -0.00030023      0.00000000      0.31554368
                        0.00000000     -0.04009477     -0.07109528
                       -0.04868532     -0.00000000      0.00000000
                        0.01692889     -0.08241890      0.00000000
                       -0.21229482      0.00000001     -0.19035431
     Channel =   4      0.00000000     -0.06314289     -0.00000000
                       -0.00000001      0.39519230     -0.00000000
                       -0.00000008      0.04121334     -0.03186589
                       -0.00000000     -0.00000000      0.00000001
                       -0.00940016     -0.00000000     -0.00323685
                        0.00000000      0.08396397     -0.00000000
                       -0.30028623     -0.00000001      0.00000000
                        0.00000000     -0.03025276     -0.04000005
                       -0.00000000      0.00000000      0.19004494
                        0.00000000     -0.00406653      0.00000000
     Channel =   5      0.01132303      0.00000000     -0.07066130
                       -0.20899397     -0.00000001     -0.33775353
                        0.03450887      0.00000007      0.00000000
                       -0.03994765     -0.00972605      0.00563539
                        0.00000001      0.00194764      0.00000000
                        0.00141268     -0.00000000     -0.07749077
                        0.00000000     -0.14456972     -0.28236742
                       -0.01931583      0.00000000     -0.00000000
                       -0.03358250      0.01423000     -0.00000000
                        0.09963155     -0.00000000      0.07761357
     Channel =   6     -0.01367772      0.00000000     -0.00837071
                       -0.33978036     -0.00000001      0.21653421
                        0.03618608      0.00000007     -0.00000000
                        0.02664806      0.03569152      0.00516038
                        0.00000001     -0.00586470     -0.00000000
                       -0.00081905     -0.00000000     -0.01744290
                        0.00000001     -0.27816840      0.15213831
                       -0.06634625     -0.00000000      0.00000000
                        0.02645571     -0.04605261     -0.00000000
                        0.04477287     -0.00000000      0.03330869
     Channel =   7     -0.00000000     -0.00649667     -0.00000000
                        0.00000000     -0.00064265      0.00000000
                       -0.00000049      0.25286032      0.35928798
                        0.00000001     -0.00000000      0.00000003
                       -0.01791595      0.00000000     -0.02371037
                       -0.00000000      0.01273443     -0.00000000
                       -0.00204998     -0.00000000     -0.00000000
                       -0.00000000     -0.18351754      0.28903737
                       -0.00000000      0.00000000      0.03522839
                        0.00000000     -0.01393656     -0.00000000
     Channel =   8     -0.00000000      0.00275384      0.00000000
                        0.00000000     -0.04774406      0.00000000
                       -0.00000067      0.35508333     -0.25113558
                       -0.00000001      0.00000000      0.00000005
                       -0.03403761     -0.00000000      0.02435088
                        0.00000000     -0.00596819      0.00000000
                        0.04008225      0.00000000      0.00000000
                        0.00000000     -0.28700772     -0.18074543
                       -0.00000001     -0.00000000     -0.02450089
                       -0.00000000     -0.02709266     -0.00000000
     Channel =   9      0.00028065     -0.00000000      0.00499524
                        0.02728834      0.00000000      0.04092953
                        0.28471605      0.00000054      0.00000001
                       -0.32931714     -0.01722938      0.02455246
                        0.00000004      0.01750108      0.00000000
                       -0.02954920      0.00000000      0.00599307
                       -0.00000000      0.02342793      0.03112462
                       -0.19219441      0.00000001     -0.00000000
                       -0.27778953      0.04538666      0.00000000
                        0.00246933      0.00000000     -0.02492642
     Channel =  10      0.00325914     -0.00000000     -0.00412718
                        0.03334564      0.00000000     -0.01906877
                        0.32684135      0.00000063     -0.00000000
                        0.28795450     -0.03491487      0.02663044
                        0.00000004      0.00905640     -0.00000000
                        0.02474993     -0.00000000     -0.00571871
                       -0.00000000      0.03282652     -0.01464159
                       -0.23407744     -0.00000000     -0.00000000
                        0.19265513      0.15477819      0.00000000
                        0.01637218      0.00000000     -0.01540587
     Channel =  11     -0.00000000      0.00113560     -0.00000000
                        0.00000000     -0.00345366      0.00000000
                        0.00000003     -0.01619578     -0.02207288
                       -0.00000000      0.00000000      0.00000041
                       -0.26852589      0.00000000     -0.38262685
                       -0.00000000     -0.01516428      0.00000000
                        0.00693989      0.00000000     -0.00000000
                        0.00000000      0.01233092     -0.01890115
                       -0.00000000     -0.00000000      0.01047945
                        0.00000000     -0.19541752     -0.00000001
     Channel =  12      0.00000000      0.00054877      0.00000000
                       -0.00000000      0.00100300     -0.00000000
                        0.00000006     -0.03261112      0.02233107
                        0.00000000      0.00000000      0.00000059
                       -0.38106370     -0.00000001      0.26884221
                        0.00000001     -0.00836433      0.00000000
                        0.00028831     -0.00000000     -0.00000000
                        0.00000000      0.02747395      0.01553832
                        0.00000000      0.00000000      0.00873074
                        0.00000000     -0.29221042     -0.00000001
     Channel =  13     -0.00020087     -0.00000000      0.00015284
                       -0.00070327     -0.00000000     -0.00224090
                       -0.02693334     -0.00000005     -0.00000000
                        0.02931038      0.00098088      0.26668105
                        0.00000041      0.19069405      0.00000001
                       -0.33244385      0.00000000      0.00193914
                       -0.00000000     -0.00083297     -0.00100036
                        0.01974775     -0.00000000      0.00000000
                        0.02344701     -0.00361549     -0.00000000
                        0.13057337      0.00000000     -0.17709800
     Channel =  14     -0.00043937     -0.00000000      0.00105185
                        0.00020483     -0.00000000      0.00342041
                       -0.02703415     -0.00000005      0.00000000
                       -0.02228555      0.00192584      0.32589404
                        0.00000050      0.09826127     -0.00000000
                        0.31997023      0.00000000      0.00472314
                        0.00000000      0.00021798      0.00522748
                        0.02102468      0.00000000      0.00000000
                       -0.01482332     -0.01099297     -0.00000000
                        0.17051372      0.00000001     -0.18711209
     Channel =  15      0.00020473      0.00000000      0.00011322
                        0.00421068      0.00000000     -0.00260334
                       -0.00011382     -0.00000000      0.00000000
                       -0.00009975      0.00030136      0.20088331
                        0.00000032     -0.41608926     -0.00000001
                       -0.07749419      0.00000000      0.00103313
                       -0.00000000      0.00764008     -0.00330510
                       -0.00066993      0.00000000      0.00000000
                        0.00033407     -0.00026818      0.00000000
                        0.08800545      0.00000001     -0.06726306
     Channel =  16     -0.00000000      0.00016406      0.00000000
                        0.00000000     -0.00003988      0.00000000
                        0.00000000     -0.00000510     -0.00000960
                       -0.00000000     -0.00000000      0.00000000
                       -0.00001486     -0.00000000     -0.00000677
                        0.00000000      0.00042859     -0.00000000
                       -0.00008199     -0.00000000      0.00000000
                       -0.00000000     -0.00000420      0.00000502
                       -0.00000000      0.00000000      0.00032005
                        0.00000000      0.00002256      0.00000000
     Channel =  17     -0.00013106     -0.00000000     -0.00003877
                       -0.00003857     -0.00000000      0.00001254
                       -0.00003290     -0.00000000     -0.00000000
                       -0.00000491     -0.00034850     -0.00000168
                       -0.00000000      0.00000018      0.00000000
                       -0.00000027     -0.00000000      0.00010520
                       -0.00000000      0.00014921     -0.00003973
                       -0.00022681     -0.00000000      0.00000000
                        0.00006528     -0.00039583      0.00000000
                        0.00010092     -0.00000000      0.00008612
     Channel =  18     -0.00000000      0.00001073     -0.00000000
                        0.00000000     -0.00002806      0.00000000
                       -0.00000000      0.00000389     -0.00000409
                        0.00000000     -0.00000000      0.00000000
                       -0.00000256      0.00000000     -0.00000170
                       -0.00000000      0.00006543      0.00000000
                       -0.00013266     -0.00000000      0.00000000
                       -0.00000000      0.00001911      0.00002554
                        0.00000000     -0.00000000     -0.00018355
                       -0.00000000     -0.00000384     -0.00000000
     Channel =  19      0.00002710      0.00000000     -0.00000985
                        0.00000889     -0.00000000     -0.00000498
                        0.00001025      0.00000000     -0.00000000
                        0.00000147      0.00007882     -0.00000088
                       -0.00000000     -0.00000060     -0.00000000
                       -0.00000012      0.00000000      0.00004206
                        0.00000000     -0.00004701      0.00002199
                        0.00007943     -0.00000000     -0.00000000
                       -0.00001895      0.00010889      0.00000000
                        0.00005105      0.00000000      0.00003812
     Channel =  20      0.00000000      0.00001796     -0.00000000
                       -0.00000000      0.00000049     -0.00000000
                        0.00000000     -0.00000252      0.00000074
                       -0.00000000      0.00000000      0.00000000
                       -0.00000206      0.00000000     -0.00000035
                       -0.00000000      0.00005294      0.00000000
                        0.00001174      0.00000000      0.00000000
                       -0.00000000     -0.00001344     -0.00000469
                        0.00000000     -0.00000000     -0.00005052
                       -0.00000000      0.00000015     -0.00000000
     Channel =  21     -0.00000000     -0.00000711      0.00000000
                       -0.00000000     -0.00000240     -0.00000000
                        0.00000000     -0.00000246     -0.00000109
                        0.00000000      0.00000000      0.00000000
                       -0.00000064      0.00000000     -0.00000030
                       -0.00000000     -0.00000018     -0.00000000
                       -0.00002712     -0.00000000      0.00000000
                       -0.00000000     -0.00001540      0.00001178
                        0.00000000      0.00000000     -0.00006884
                        0.00000000      0.00000274      0.00000000
     Channel =  22     -0.00001619     -0.00000000     -0.00000386
                       -0.00001339      0.00000000      0.00000447
                       -0.00000560     -0.00000000     -0.00000000
                       -0.00000120     -0.00004543     -0.00000099
                       -0.00000000      0.00000104     -0.00000000
                       -0.00000000     -0.00000000      0.00001233
                        0.00000000      0.00006252     -0.00001666
                       -0.00004019     -0.00000000     -0.00000000
                        0.00001205     -0.00005484     -0.00000000
                        0.00002638      0.00000000      0.00001728
     Channel =  23      0.00000750      0.00000000     -0.00000340
                       -0.00000215     -0.00000000     -0.00000508
                        0.00000293      0.00000000      0.00000000
                        0.00000065      0.00002143     -0.00000118
                       -0.00000000     -0.00000077      0.00000000
                        0.00000007      0.00000000      0.00001717
                       -0.00000000      0.00000753      0.00002475
                        0.00002213     -0.00000000      0.00000000
                       -0.00000639      0.00002785      0.00000000
                        0.00003401      0.00000000      0.00001870
     Channel =  24      0.00000000      0.00000207      0.00000000
                        0.00000000     -0.00000147     -0.00000000
                        0.00000000     -0.00000092      0.00000091
                       -0.00000000     -0.00000000      0.00000000
                       -0.00000088      0.00000000      0.00000067
                        0.00000000      0.00000806      0.00000000
                       -0.00000633      0.00000000      0.00000000
                        0.00000000     -0.00000567     -0.00000509
                       -0.00000000      0.00000000     -0.00001367
                       -0.00000000      0.00000440     -0.00000000
     Channel =  25     -0.00000000      0.00001295     -0.00000000
                       -0.00000000     -0.00001522      0.00000000
                        0.00000000     -0.00000049     -0.00000244
                        0.00000000     -0.00000000      0.00000000
                       -0.00000310     -0.00000000     -0.00000135
                        0.00000000      0.00005288      0.00000000
                       -0.00007209     -0.00000000     -0.00000000
                        0.00000000     -0.00000228      0.00001590
                       -0.00000000      0.00000000     -0.00011106
                       -0.00000000      0.00000580     -0.00000000
     Channel =  26     -0.00000000      0.00002418     -0.00000000
                       -0.00000000      0.00002449     -0.00000000
                       -0.00000000      0.00004902      0.00012859
                        0.00000000      0.00000000     -0.00000000
                        0.00001300      0.00000000      0.00002223
                       -0.00000000     -0.00024831     -0.00000000
                        0.00003532      0.00000000     -0.00000000
                        0.00000000     -0.00001716      0.00005206
                        0.00000000     -0.00000000     -0.00017393
                        0.00000000     -0.00001537     -0.00000000
     Channel =  27      0.00016933      0.00000000      0.00005261
                        0.00005981      0.00000000      0.00007272
                        0.00001471      0.00000000      0.00000000
                       -0.00000439      0.00007968     -0.00004771
                       -0.00000000      0.00013830      0.00000000
                        0.00000630      0.00000000     -0.00000822
                        0.00000000     -0.00007674      0.00005856
                        0.00013959      0.00000000     -0.00000000
                       -0.00004348      0.00025357     -0.00000000
                       -0.00007529     -0.00000000     -0.00005125
     Channel =  28      0.00000000     -0.00004081     -0.00000000
                       -0.00000000      0.00009021     -0.00000000
                        0.00000000     -0.00001513     -0.00001593
                       -0.00000000     -0.00000000      0.00000000
                       -0.00002539      0.00000000     -0.00010463
                        0.00000000     -0.00003838      0.00000000
                        0.00004838      0.00000000     -0.00000000
                       -0.00000000     -0.00000411     -0.00002830
                       -0.00000000      0.00000000      0.00016546
                        0.00000000     -0.00000415      0.00000000
     Channel =  29     -0.00005322     -0.00000000      0.00006454
                       -0.00001654     -0.00000000     -0.00002013
                       -0.00006479     -0.00000000     -0.00000000
                        0.00007284      0.00000922      0.00001471
                        0.00000000     -0.00001128     -0.00000000
                       -0.00001108     -0.00000000      0.00003789
                       -0.00000000      0.00001194     -0.00002705
                       -0.00001312     -0.00000000      0.00000000
                        0.00005009     -0.00006130     -0.00000000
                       -0.00004087      0.00000000     -0.00003437
     Channel =  30      0.00000000     -0.00002667      0.00000000
                        0.00000000     -0.00002234      0.00000000
                       -0.00000000      0.00003446     -0.00008094
                       -0.00000000     -0.00000000     -0.00000000
                        0.00001125     -0.00000000      0.00000667
                       -0.00000000     -0.00000884     -0.00000000
                        0.00001687      0.00000000     -0.00000000
                        0.00000000     -0.00001174     -0.00003828
                       -0.00000000      0.00000000      0.00003432
                        0.00000000      0.00000192      0.00000000
     Channel =  31      0.00000000     -0.00008544     -0.00000000
                        0.00000000     -0.00001295     -0.00000000
                       -0.00000000      0.00003955     -0.00003054
                       -0.00000000     -0.00000000     -0.00000000
                        0.00000335     -0.00000000     -0.00000504
                        0.00000000      0.00009024      0.00000000
                        0.00000191     -0.00000000     -0.00000000
                       -0.00000000     -0.00001232     -0.00001907
                       -0.00000000      0.00000000      0.00002228
                        0.00000000      0.00000139     -0.00000000
     Channel =  32     -0.00000267      0.00000000     -0.00000211
                       -0.00008524     -0.00000000      0.00005192
                        0.00000077      0.00000000      0.00000000
                       -0.00000124      0.00001598     -0.00002708
                       -0.00000000     -0.00001179      0.00000000
                       -0.00002762      0.00000000     -0.00000611
                        0.00000000     -0.00006090      0.00003304
                       -0.00000876      0.00000000     -0.00000000
                        0.00000299     -0.00000828      0.00000000
                       -0.00000198     -0.00000000      0.00001868
     Channel =  33      0.00000920     -0.00000000     -0.00002918
                       -0.00003298      0.00000000     -0.00005112
                        0.00001406      0.00000000     -0.00000000
                       -0.00001661     -0.00000115     -0.00004068
                       -0.00000000     -0.00007642     -0.00000000
                        0.00006585     -0.00000000     -0.00000977
                        0.00000000     -0.00001335     -0.00003623
                       -0.00000248     -0.00000000      0.00000000
                       -0.00000912      0.00001576     -0.00000000
                        0.00002701     -0.00000000      0.00005831
     Channel =  34     -0.00000000      0.00000986     -0.00000000
                        0.00000000     -0.00002255      0.00000000
                        0.00000000     -0.00000839      0.00002263
                       -0.00000000     -0.00000000      0.00000000
                       -0.00002716     -0.00000000      0.00009119
                        0.00000000     -0.00000604     -0.00000000
                        0.00001685      0.00000000     -0.00000000
                       -0.00000000      0.00000478      0.00000847
                        0.00000000     -0.00000000     -0.00001680
                        0.00000000     -0.00001596      0.00000000
     Channel =  35      0.00000000      0.00002512      0.00000000
                        0.00000000     -0.00006599     -0.00000000
                        0.00000000     -0.00000546      0.00000587
                       -0.00000000      0.00000000      0.00000000
                       -0.00004775     -0.00000000      0.00003720
                        0.00000000     -0.00002359     -0.00000000
                        0.00004990      0.00000000     -0.00000000
                       -0.00000000      0.00000580      0.00000338
                        0.00000000     -0.00000000     -0.00005731
                        0.00000000     -0.00002857      0.00000000
     Channel =  36     -0.00000379      0.00000000     -0.00001330
                       -0.00000804     -0.00000000      0.00000117
                       -0.00000307     -0.00000000     -0.00000000
                       -0.00000003     -0.00000876     -0.00000057
                       -0.00000000      0.00000039      0.00000000
                       -0.00000007      0.00000000      0.00005000
                       -0.00000000      0.00003277     -0.00000257
                       -0.00000231      0.00000000      0.00000000
                       -0.00000613      0.00003318     -0.00000000
                        0.00008512      0.00000000      0.00007671
     Channel =  37     -0.00000000     -0.00004578      0.00000000
                        0.00000000      0.00003796     -0.00000000
                       -0.00000000     -0.00000025      0.00000823
                        0.00000000      0.00000000     -0.00000000
                        0.00000712     -0.00000000      0.00000377
                        0.00000000     -0.00016118     -0.00000000
                        0.00016658      0.00000000     -0.00000000
                        0.00000000     -0.00000717     -0.00004384
                       -0.00000000      0.00000000      0.00012508
                       -0.00000000     -0.00001111      0.00000000
     Channel =  38      0.00008450     -0.00000000     -0.00001698
                        0.00002675      0.00000000     -0.00001166
                        0.00002264      0.00000000      0.00000000
                        0.00000469      0.00018295     -0.00000179
                        0.00000000     -0.00000134      0.00000000
                       -0.00000042     -0.00000000      0.00004836
                        0.00000000     -0.00010312      0.00003270
                        0.00007098      0.00000000     -0.00000000
                       -0.00001372      0.00003615      0.00000000
                       -0.00009361      0.00000000     -0.00010170
     Channel =  39     -0.00000000     -0.00001400      0.00000000
                       -0.00000000      0.00000912     -0.00000000
                        0.00000000     -0.00000081      0.00000026
                       -0.00000000     -0.00000000      0.00000000
                        0.00000094      0.00000000      0.00000069
                        0.00000000     -0.00006431     -0.00000000
                        0.00005474      0.00000000      0.00000000
                        0.00000000     -0.00000340     -0.00000718
                       -0.00000000      0.00000000      0.00018406
                       -0.00000000      0.00001708     -0.00000000
     Channel =  40      0.00005137     -0.00000000     -0.00000646
                       -0.00000197      0.00000000     -0.00001014
                        0.00000831      0.00000000      0.00000000
                        0.00000275      0.00013248      0.00000108
                        0.00000000      0.00000049      0.00000000
                       -0.00000005     -0.00000000      0.00003964
                        0.00000000      0.00001656      0.00004525
                        0.00006622      0.00000000     -0.00000000
                       -0.00003257      0.00016486      0.00000000
                        0.00005740      0.00000000      0.00006453
     Channel =  41     -0.00003841     -0.00000000      0.00002554
                        0.00000034      0.00000000      0.00000447
                       -0.00000543     -0.00000000      0.00000000
                       -0.00000209     -0.00009131      0.00000098
                        0.00000000     -0.00000073      0.00000000
                        0.00000014     -0.00000000     -0.00009614
                        0.00000000     -0.00000322     -0.00001765
                       -0.00004364      0.00000000     -0.00000000
                        0.00002353     -0.00011842      0.00000000
                       -0.00012917      0.00000000     -0.00011329
     Channel =  42      0.00000000      0.00000126     -0.00000000
                       -0.00000000     -0.00000537      0.00000000
                       -0.00000000      0.00000327      0.00000032
                       -0.00000000     -0.00000000      0.00000000
                        0.00000004     -0.00000000     -0.00000009
                        0.00000000      0.00000226     -0.00000000
                       -0.00002335      0.00000000     -0.00000000
                        0.00000000      0.00001998     -0.00000349
                        0.00000000      0.00000000     -0.00000526
                       -0.00000000     -0.00000180     -0.00000000
     Channel =  43      0.00000000      0.00000129     -0.00000000
                       -0.00000000     -0.00002272      0.00000000
                       -0.00000000      0.00000661     -0.00000391
                       -0.00000000      0.00000000     -0.00000000
                       -0.00000083     -0.00000000     -0.00000166
                       -0.00000000      0.00003224      0.00000000
                       -0.00013220     -0.00000000     -0.00000000
                       -0.00000000      0.00003922      0.00002921
                       -0.00000000     -0.00000000     -0.00017332
                        0.00000000     -0.00001118      0.00000000
     Channel =  44      0.00002725      0.00000000     -0.00000215
                        0.00001106     -0.00000000      0.00000123
                        0.00000933      0.00000000      0.00000000
                       -0.00000035      0.00006848     -0.00000070
                       -0.00000000     -0.00000024     -0.00000000
                        0.00000021      0.00000000      0.00000584
                       -0.00000000     -0.00005366     -0.00001377
                        0.00006240     -0.00000000     -0.00000000
                       -0.00000308      0.00007653     -0.00000000
                       -0.00000731     -0.00000000     -0.00001633
     Channel =  45      0.00001080      0.00000000     -0.00002325
                        0.00000534     -0.00000000     -0.00000489
                        0.00000499      0.00000000     -0.00000000
                        0.00000197      0.00002872     -0.00000094
                       -0.00000000     -0.00000053     -0.00000000
                       -0.00000032      0.00000000      0.00008446
                       -0.00000000     -0.00003504      0.00002351
                        0.00003769     -0.00000000      0.00000000
                       -0.00001508      0.00004024     -0.00000000
                        0.00010144     -0.00000000      0.00008535
     Channel =  46     -0.00000000      0.00002314      0.00000000
                       -0.00000000     -0.00001577      0.00000000
                       -0.00000000      0.00000202     -0.00000139
                       -0.00000000     -0.00000000      0.00000000
                       -0.00000276     -0.00000000     -0.00000074
                        0.00000000      0.00009931     -0.00000000
                       -0.00008312      0.00000000      0.00000000
                        0.00000000      0.00001171      0.00001376
                       -0.00000000      0.00000000     -0.00023108
                       -0.00000000     -0.00001313     -0.00000000
     Channel =  47     -0.00000000      0.00000805      0.00000000
                       -0.00000000     -0.00001856     -0.00000000
                       -0.00000000      0.00000803     -0.00000515
                        0.00000000     -0.00000000      0.00000000
                        0.00000139      0.00000000     -0.00000285
                        0.00000000      0.00004431     -0.00000000
                       -0.00009700      0.00000000     -0.00000000
                        0.00000000      0.00004827      0.00003253
                       -0.00000000     -0.00000000     -0.00014317
                       -0.00000000     -0.00002981     -0.00000000
     Channel =  48     -0.00004113      0.00000000     -0.00000161
                       -0.00000239     -0.00000000      0.00001121
                       -0.00000603     -0.00000000      0.00000000
                       -0.00000437     -0.00010993     -0.00000143
                       -0.00000000     -0.00000064      0.00000000
                        0.00000125      0.00000000     -0.00000698
                       -0.00000000      0.00000825     -0.00005090
                       -0.00005489     -0.00000000      0.00000000
                        0.00004166     -0.00014418     -0.00000000
                       -0.00001669      0.00000000     -0.00003086
     Channel =  49     -0.00005666      0.00000000     -0.00000580
                       -0.00000578     -0.00000000      0.00000567
                       -0.00001059     -0.00000000     -0.00000000
                       -0.00000180     -0.00015137     -0.00000126
                       -0.00000000     -0.00000031      0.00000000
                       -0.00000066      0.00000000      0.00000630
                       -0.00000000      0.00001996     -0.00002203
                       -0.00008821     -0.00000000      0.00000000
                        0.00003091     -0.00019861     -0.00000000
                        0.00000067     -0.00000000     -0.00001136
     Channel =  50      0.00002017     -0.00000000      0.00000933
                        0.00000657      0.00000000      0.00000160
                        0.00000602      0.00000000     -0.00000000
                       -0.00000004      0.00005362     -0.00000011
                        0.00000000      0.00000089      0.00000000
                        0.00000029     -0.00000000     -0.00003097
                        0.00000000     -0.00002575     -0.00001018
                        0.00004317      0.00000000     -0.00000000
                       -0.00000544      0.00006332      0.00000000
                       -0.00004008      0.00000000     -0.00003957
     Channel =  51      0.00000000     -0.00119206     -0.00000000
                        0.00000000     -0.00004243      0.00000000
                        0.00000000     -0.00015255     -0.00001110
                       -0.00000000      0.00000000      0.00000000
                       -0.00005849      0.00000000     -0.00004115
                        0.00000000      0.00114521      0.00000000
                        0.00026288      0.00000000     -0.00000000
                        0.00000000      0.00025943     -0.00005325
                        0.00000000      0.00000000      0.00121445
                        0.00000000      0.00000809      0.00000000
     Channel =  52     -0.00103997      0.00000000     -0.00033682
                       -0.00109180     -0.00000000      0.00002458
                        0.00008362      0.00000000      0.00000000
                       -0.00000734      0.00129214      0.00007528
                        0.00000000      0.00000882     -0.00000000
                        0.00000834     -0.00000000     -0.00027791
                        0.00000000     -0.00079420     -0.00015467
                       -0.00071571      0.00000000      0.00000000
                        0.00021381     -0.00151427     -0.00000000
                        0.00033820      0.00000000      0.00014004
     Channel =  53     -0.00000000      0.00029043      0.00000000
                        0.00000000     -0.00076408      0.00000000
                        0.00000000     -0.00008265      0.00003620
                       -0.00000000     -0.00000000     -0.00000000
                        0.00007021     -0.00000000     -0.00001903
                       -0.00000000     -0.00039999     -0.00000000
                        0.00060743      0.00000000      0.00000000
                       -0.00000000      0.00032313      0.00015154
                        0.00000000     -0.00000000     -0.00014815
                       -0.00000000      0.00004795     -0.00000000
     Channel =  54      0.00038562      0.00000000     -0.00059348
                        0.00021534      0.00000000      0.00016083
                        0.00130472      0.00000000      0.00000000
                        0.00008759     -0.00043965     -0.00008178
                       -0.00000000     -0.00007245     -0.00000000
                       -0.00001507      0.00000000     -0.00066597
                       -0.00000000      0.00012040      0.00019080
                       -0.00079091     -0.00000000     -0.00000000
                       -0.00011001      0.00053735      0.00000000
                        0.00030077     -0.00000000      0.00030478
     Channel =  55     -0.00000000      0.00048313     -0.00000000
                       -0.00000000      0.00022765      0.00000000
                        0.00000000     -0.00094154      0.00066675
                        0.00000000     -0.00000000      0.00000000
                       -0.00007364      0.00000000      0.00006600
                        0.00000000     -0.00048141     -0.00000000
                       -0.00015499     -0.00000000      0.00000000
                       -0.00000000      0.00069659      0.00048056
                        0.00000000      0.00000000     -0.00016384
                       -0.00000000     -0.00003001     -0.00000000
     Channel =  56     -0.00000000      0.00094495      0.00000000
                       -0.00000000      0.00023197      0.00000000
                        0.00000000     -0.00097869     -0.00080253
                       -0.00000000     -0.00000000      0.00000000
                       -0.00001512     -0.00000000     -0.00007105
                       -0.00000000     -0.00082066     -0.00000000
                       -0.00029024     -0.00000000      0.00000000
                       -0.00000000      0.00087817     -0.00045303
                        0.00000000     -0.00000000     -0.00054171
                       -0.00000000      0.00005240     -0.00000000
     Channel =  57     -0.00001953     -0.00000000     -0.00002700
                        0.00091628      0.00000000     -0.00057497
                       -0.00014776     -0.00000000      0.00000000
                       -0.00004606     -0.00011238      0.00071216
                        0.00000000     -0.00108248     -0.00000000
                       -0.00004642      0.00000000     -0.00001708
                       -0.00000000      0.00083545     -0.00040703
                        0.00014686     -0.00000000      0.00000000
                       -0.00008269      0.00001209      0.00000000
                        0.00025171      0.00000000     -0.00027605
     Channel =  58     -0.00009558     -0.00000000      0.00009294
                        0.00081982      0.00000000      0.00063627
                       -0.00021666     -0.00000000     -0.00000000
                        0.00002595      0.00013755      0.00125909
                        0.00000000      0.00056898     -0.00000000
                        0.00005417      0.00000000      0.00011644
                       -0.00000000      0.00077035      0.00060909
                        0.00018559     -0.00000000      0.00000000
                       -0.00002056     -0.00000928      0.00000000
                        0.00046773      0.00000000     -0.00079143
     Channel =  59      0.00000000     -0.00016133      0.00000000
                       -0.00000000      0.00064429     -0.00000000
                       -0.00000000      0.00021759     -0.00020533
                       -0.00000000      0.00000000     -0.00000000
                        0.00093486      0.00000000     -0.00065684
                       -0.00000000      0.00026580      0.00000000
                       -0.00058187     -0.00000000      0.00000000
                        0.00000000     -0.00010281     -0.00010210
                       -0.00000000      0.00000000      0.00026051
                        0.00000000      0.00060928      0.00000000
     Channel =  60      0.00000000     -0.00022459     -0.00000000
                       -0.00000000      0.00085224      0.00000000
                       -0.00000000      0.00020048     -0.00002232
                        0.00000000      0.00000000     -0.00000000
                        0.00098576      0.00000000      0.00068291
                        0.00000000      0.00042184      0.00000000
                       -0.00072653     -0.00000000      0.00000000
                        0.00000000     -0.00000932     -0.00007496
                       -0.00000000      0.00000000      0.00031063
                        0.00000000      0.00064992      0.00000000
     Channel =  61     -0.00001529     -0.00000000      0.00002711
                       -0.00020061     -0.00000000      0.00013160
                       -0.00075882     -0.00000000      0.00000000
                       -0.00064021     -0.00007451     -0.00002868
                       -0.00000000      0.00009775     -0.00000000
                        0.00003286     -0.00000000     -0.00007533
                        0.00000000     -0.00007996      0.00008346
                        0.00047216      0.00000000      0.00000000
                       -0.00036598     -0.00031011      0.00000000
                        0.00008022     -0.00000000      0.00000084
     Channel =  62      0.00001269     -0.00000000     -0.00005756
                       -0.00020199     -0.00000000     -0.00020039
                       -0.00092210     -0.00000000     -0.00000000
                        0.00049909      0.00000798     -0.00012593
                       -0.00000000     -0.00001872      0.00000000
                       -0.00003445      0.00000000     -0.00005182
                        0.00000000     -0.00004997     -0.00013807
                        0.00056636     -0.00000000      0.00000000
                        0.00041001     -0.00020578      0.00000000
                        0.00013935     -0.00000000      0.00020217
     Channel =  63     -0.00000000      0.00006449      0.00000000
                        0.00000000     -0.00020021     -0.00000000
                       -0.00000000      0.00063026     -0.00043681
                       -0.00000000      0.00000000      0.00000000
                       -0.00012315      0.00000000      0.00008410
                       -0.00000000     -0.00000152      0.00000000
                        0.00010366      0.00000000     -0.00000000
                        0.00000000     -0.00049156     -0.00029337
                       -0.00000000     -0.00000000     -0.00027633
                        0.00000000     -0.00009686     -0.00000000
     Channel =  64      0.00000000      0.00007748      0.00000000
                        0.00000000     -0.00023368     -0.00000000
                       -0.00000000      0.00084564     -0.00034612
                       -0.00000000      0.00000000      0.00000000
                       -0.00010131      0.00000000     -0.00008870
                        0.00000000     -0.00002528      0.00000000
                        0.00012559      0.00000000     -0.00000000
                        0.00000000     -0.00066575     -0.00022053
                       -0.00000000     -0.00000000     -0.00031984
                        0.00000000     -0.00004145     -0.00000000
     Channel =  65     -0.00000000     -0.00005174      0.00000000
                       -0.00000000      0.00002665      0.00000000
                       -0.00000000      0.00067788      0.00089039
                        0.00000000     -0.00000000     -0.00000000
                        0.00002626     -0.00000000      0.00000487
                       -0.00000000     -0.00006441     -0.00000000
                       -0.00002545     -0.00000000     -0.00000000
                       -0.00000000     -0.00047891      0.00060000
                       -0.00000000     -0.00000000      0.00022677
                       -0.00000000      0.00008323      0.00000000

 Channel data will be written UNFORMATTED to set number  1 on unit number 10
 Header :e + H2O - doublet Ap                                        20230416  144540.156

 Target state    Spin    M    G/U  Energy (au)
         1         1     0     0  -76.101937
         2         3     1     0  -75.307443
         3         1     1     0  -75.270907
         4         3     0     0  -75.200611
         5         1     0     0  -75.070141

 Residual charge on system = 0

 Channel   Target state  L   M  Threshold (Ryd)
    1            1       0   0    0.000000
    2            1       1  -1    0.000000
    3            1       1   0    0.000000
    4            1       2  -1    0.000000
    5            1       2   0    0.000000
    6            1       2   2    0.000000
    7            1       3  -3    0.000000
    8            1       3  -1    0.000000
    9            1       3   0    0.000000
   10            1       3   2    0.000000
   11            1       4  -3    0.000000
   12            1       4  -1    0.000000
   13            1       4   0    0.000000
   14            1       4   2    0.000000
   15            1       4   4    0.000000
   16            2       1   1    1.588988
   17            2       2  -2    1.588988
   18            2       2   1    1.588988
   19            2       3  -2    1.588988
   20            2       3   1    1.588988
   21            2       3   3    1.588988
   22            2       4  -4    1.588988
   23            2       4  -2    1.588988
   24            2       4   1    1.588988
   25            2       4   3    1.588988
   26            3       1   1    1.662060
   27            3       2  -2    1.662060
   28            3       2   1    1.662060
   29            3       3  -2    1.662060
   30            3       3   1    1.662060
   31            3       3   3    1.662060
   32            3       4  -4    1.662060
   33            3       4  -2    1.662060
   34            3       4   1    1.662060
   35            3       4   3    1.662060
   36            4       0   0    1.802652
   37            4       1  -1    1.802652
   38            4       1   0    1.802652
   39            4       2  -1    1.802652
   40            4       2   0    1.802652
   41            4       2   2    1.802652
   42            4       3  -3    1.802652
   43            4       3  -1    1.802652
   44            4       3   0    1.802652
   45            4       3   2    1.802652
   46            4       4  -3    1.802652
   47            4       4  -1    1.802652
   48            4       4   0    1.802652
   49            4       4   2    1.802652
   50            4       4   4    1.802652
   51            5       0   0    2.063593
   52            5       1  -1    2.063593
   53            5       1   0    2.063593
   54            5       2  -1    2.063593
   55            5       2   0    2.063593
   56            5       2   2    2.063593
   57            5       3  -3    2.063593
   58            5       3  -1    2.063593
   59            5       3   0    2.063593
   60            5       3   2    2.063593
   61            5       4  -3    2.063593
   62            5       4  -1    2.063593
   63            5       4   0    2.063593
   64            5       4   2    2.063593
   65            5       4   4    2.063593

 R-matrix data will be written UNFORMATTED to set number  1 on unit number 21
 Header :e + H2O - doublet Ap                                        20230416  144540.156


 *** Task has been successfully completed ***
