+-------------------------------------------------------------------------+
|              _              |                                           |
| || || ||//  | \          |  | University College London (C) 1994 - 2020 |
| || || ||    | / |/\/\ /\ |  | Open University           (C) 2007 - 2020 |
| \\_// ||\\  | \ | | | \/ |  |                                           |
|                             |                                           |
+-------------------------------------------------------------------------+
| Last revision: 3.2                                                      |
| Last author:   Jimena Gorfinkiel                                        |
| Last date:     Tue Dec 21 17:59:46 2021 +0000                           |
+-------------------------------------------------------------------------+


 PROGRAM SCATCI (19 Oct 2009) : 

                         DATE = 20230416

                         TIME = 144607.249


 CONGEN: e + H2O - doublet App                                                                                                   
 SCATCI: e + H2O - doublet App                                                                                                   
 MGVN =         1     S    =  0.5
 NELT =        11     SZ   =  0.5
 IDIAG=         2     R    =  0.0
 THRES=   0.1D-09     NSYM =    2
 MEGUL=721, NOCSF=       895
 NPFLG         0   0   0   0   0   0
 NOB(i)=                    98
 setting NOBE(i)=                    98
 NOB(i)=                    57
 setting NOBE(i)=                    57
 NOB  =        98  57
 NOB0 =        11   1
 NOBC =        11   1
 NDTRF=         1   2   3   4   5   6   7   8   9  10 197
 NSRB=  310    LNDOF=     26681    LCDOF=      3985
 nfte =  821        nfti =    16       lembf=  5000       iodr =   1
 MOLECULE SYMMETRY CASE,  SYMTYP = 2

 Prototype CSF option requested

 CI target option requested,
 Vectors to be read from unit NFTG = 26
 Phases for target vectors read in from CONGEN

 Number of target symmetries in expansion,   NTGSYM =    4
 Number of continuum orbitals for each state, NOTGT =   56   56   87   87
 Number of CI components for each state,      NCTGT =        65        55        40        50
 Number of target states of each symmetry,   NUMTGT =    2    1    1    1
 Continuum M projection  for each state,      MCONT =    1    1    0    0

 Diagonalisation of Hamiltonian matrix requested
 SCATCI will expand NOCSF =    895 prototype CSFs
               into MXCSF =  15025 actual configurations
               and  MOCSF =    817 dimension final Hamiltonian

 Number of last continuum CSF, NCONT =    420
     ENERGY EXPRESSIONS COMPUTED FOR MOLECULE SYMMETRY CASE - SYMTYP=  2
 All IIII blocks of integrals
                     1                     0                     0
                     0                     0
                     2                     1                     1
                     1                     1
 All IJIJ blocks
                     3                     1                     0
                     1                     0
 The IIJJ blocks of integrals
                     4                     1                     1
                     0                     0
 NOBE =        98        57
 MBAS =         0         6
 NBASH=         1      4852      6505
   Read wavefunctions from CONGEN and load integrals
                   I         N         G         M         S      MPOS      MCON
                   1         1         0         0         0         0         1
                   2         1         0         0         1         0         1
                   3         2         0         0         0         0         1
                   4         2         0         0         1         0         1
                   5         3         0         0         0         0         1
                   6         3         0         0         1         0         1
                   7         4         0         0         0         0         1
                   8         4         0         0         1         0         1
                   9         5         0         0         0         0         1
                  10         5         0         0         1         0         1
                  11         6         0         0         0         0         1
                  12         6         0         0         1         0         1
                  13         7         0         0         0         0         1
                  14         7         0         0         1         0         1
                  15         8         0         0         0         0         1
                  16         8         0         0         1         0         1
                  17         9         0         0         0         0         1
                  18         9         0         0         1         0         1
                  19        10         0         0         0         0         1
                  20        10         0         0         1         0         1
                  21        11         0         0         0         0         1
                  22        11         0         0         1         0         1
                  23        12         0         0         0         0         0
                  24        12         0         0         1         0         0
                  25        13         0         0         0         0         0
                  26        13         0         0         1         0         0
                  27        14         0         0         0         0         0
                  28        14         0         0         1         0         0
                  29        15         0         0         0         0         0
                  30        15         0         0         1         0         0
                  31        16         0         0         0         0         0
                  32        16         0         0         1         0         0
                  33        17         0         0         0         0         0
                  34        17         0         0         1         0         0
                  35        18         0         0         0         0         0
                  36        18         0         0         1         0         0
                  37        19         0         0         0         0         0
                  38        19         0         0         1         0         0
                  39        20         0         0         0         0         0
                  40        20         0         0         1         0         0
                  41        21         0         0         0         0         0
                  42        21         0         0         1         0         0
                  43        22         0         0         0         0         0
                  44        22         0         0         1         0         0
                  45        23         0         0         0         0         0
                  46        23         0         0         1         0         0
                  47        24         0         0         0         0         0
                  48        24         0         0         1         0         0
                  49        25         0         0         0         0         0
                  50        25         0         0         1         0         0
                  51        26         0         0         0         0         0
                  52        26         0         0         1         0         0
                  53        27         0         0         0         0         0
                  54        27         0         0         1         0         0
                  55        28         0         0         0         0         0
                  56        28         0         0         1         0         0
                  57        29         0         0         0         0         0
                  58        29         0         0         1         0         0
                  59        30         0         0         0         0         0
                  60        30         0         0         1         0         0
                  61        31         0         0         0         0         0
                  62        31         0         0         1         0         0
                  63        32         0         0         0         0         0
                  64        32         0         0         1         0         0
                  65        33         0         0         0         0         0
                  66        33         0         0         1         0         0
                  67        34         0         0         0         0         0
                  68        34         0         0         1         0         0
                  69        35         0         0         0         0         0
                  70        35         0         0         1         0         0
                  71        36         0         0         0         0         0
                  72        36         0         0         1         0         0
                  73        37         0         0         0         0         0
                  74        37         0         0         1         0         0
                  75        38         0         0         0         0         0
                  76        38         0         0         1         0         0
                  77        39         0         0         0         0         0
                  78        39         0         0         1         0         0
                  79        40         0         0         0         0         0
                  80        40         0         0         1         0         0
                  81        41         0         0         0         0         0
                  82        41         0         0         1         0         0
                  83        42         0         0         0         0         0
                  84        42         0         0         1         0         0
                  85        43         0         0         0         0         0
                  86        43         0         0         1         0         0
                  87        44         0         0         0         0         0
                  88        44         0         0         1         0         0
                  89        45         0         0         0         0         0
                  90        45         0         0         1         0         0
                  91        46         0         0         0         0         0
                  92        46         0         0         1         0         0
                  93        47         0         0         0         0         0
                  94        47         0         0         1         0         0
                  95        48         0         0         0         0         0
                  96        48         0         0         1         0         0
                  97        49         0         0         0         0         0
                  98        49         0         0         1         0         0
                  99        50         0         0         0         0         0
                 100        50         0         0         1         0         0
                 101        51         0         0         0         0         0
                 102        51         0         0         1         0         0
                 103        52         0         0         0         0         0
                 104        52         0         0         1         0         0
                 105        53         0         0         0         0         0
                 106        53         0         0         1         0         0
                 107        54         0         0         0         0         0
                 108        54         0         0         1         0         0
                 109        55         0         0         0         0         0
                 110        55         0         0         1         0         0
                 111        56         0         0         0         0         0
                 112        56         0         0         1         0         0
                 113        57         0         0         0         0         0
                 114        57         0         0         1         0         0
                 115        58         0         0         0         0         0
                 116        58         0         0         1         0         0
                 117        59         0         0         0         0         0
                 118        59         0         0         1         0         0
                 119        60         0         0         0         0         0
                 120        60         0         0         1         0         0
                 121        61         0         0         0         0         0
                 122        61         0         0         1         0         0
                 123        62         0         0         0         0         0
                 124        62         0         0         1         0         0
                 125        63         0         0         0         0         0
                 126        63         0         0         1         0         0
                 127        64         0         0         0         0         0
                 128        64         0         0         1         0         0
                 129        65         0         0         0         0         0
                 130        65         0         0         1         0         0
                 131        66         0         0         0         0         0
                 132        66         0         0         1         0         0
                 133        67         0         0         0         0         0
                 134        67         0         0         1         0         0
                 135        68         0         0         0         0         0
                 136        68         0         0         1         0         0
                 137        69         0         0         0         0         0
                 138        69         0         0         1         0         0
                 139        70         0         0         0         0         0
                 140        70         0         0         1         0         0
                 141        71         0         0         0         0         0
                 142        71         0         0         1         0         0
                 143        72         0         0         0         0         0
                 144        72         0         0         1         0         0
                 145        73         0         0         0         0         0
                 146        73         0         0         1         0         0
                 147        74         0         0         0         0         0
                 148        74         0         0         1         0         0
                 149        75         0         0         0         0         0
                 150        75         0         0         1         0         0
                 151        76         0         0         0         0         0
                 152        76         0         0         1         0         0
                 153        77         0         0         0         0         0
                 154        77         0         0         1         0         0
                 155        78         0         0         0         0         0
                 156        78         0         0         1         0         0
                 157        79         0         0         0         0         0
                 158        79         0         0         1         0         0
                 159        80         0         0         0         0         0
                 160        80         0         0         1         0         0
                 161        81         0         0         0         0         0
                 162        81         0         0         1         0         0
                 163        82         0         0         0         0         0
                 164        82         0         0         1         0         0
                 165        83         0         0         0         0         0
                 166        83         0         0         1         0         0
                 167        84         0         0         0         0         0
                 168        84         0         0         1         0         0
                 169        85         0         0         0         0         0
                 170        85         0         0         1         0         0
                 171        86         0         0         0         0         0
                 172        86         0         0         1         0         0
                 173        87         0         0         0         0         0
                 174        87         0         0         1         0         0
                 175        88         0         0         0         0         0
                 176        88         0         0         1         0         0
                 177        89         0         0         0         0         0
                 178        89         0         0         1         0         0
                 179        90         0         0         0         0         0
                 180        90         0         0         1         0         0
                 181        91         0         0         0         0         0
                 182        91         0         0         1         0         0
                 183        92         0         0         0         0         0
                 184        92         0         0         1         0         0
                 185        93         0         0         0         0         0
                 186        93         0         0         1         0         0
                 187        94         0         0         0         0         0
                 188        94         0         0         1         0         0
                 189        95         0         0         0         0         0
                 190        95         0         0         1         0         0
                 191        96         0         0         0         0         0
                 192        96         0         0         1         0         0
                 193        97         0         0         0         0         0
                 194        97         0         0         1         0         0
                 195        98         0         0         0         0         0
                 196        98         0         0         1         0         0
                 197        99         0         1         0         0         1
                 198        99         0         1         1         0         1
                 199       100         0         1         0         0         0
                 200       100         0         1         1         0         0
                 201       101         0         1         0         0         0
                 202       101         0         1         1         0         0
                 203       102         0         1         0         0         0
                 204       102         0         1         1         0         0
                 205       103         0         1         0         0         0
                 206       103         0         1         1         0         0
                 207       104         0         1         0         0         0
                 208       104         0         1         1         0         0
                 209       105         0         1         0         0         0
                 210       105         0         1         1         0         0
                 211       106         0         1         0         0         0
                 212       106         0         1         1         0         0
                 213       107         0         1         0         0         0
                 214       107         0         1         1         0         0
                 215       108         0         1         0         0         0
                 216       108         0         1         1         0         0
                 217       109         0         1         0         0         0
                 218       109         0         1         1         0         0
                 219       110         0         1         0         0         0
                 220       110         0         1         1         0         0
                 221       111         0         1         0         0         0
                 222       111         0         1         1         0         0
                 223       112         0         1         0         0         0
                 224       112         0         1         1         0         0
                 225       113         0         1         0         0         0
                 226       113         0         1         1         0         0
                 227       114         0         1         0         0         0
                 228       114         0         1         1         0         0
                 229       115         0         1         0         0         0
                 230       115         0         1         1         0         0
                 231       116         0         1         0         0         0
                 232       116         0         1         1         0         0
                 233       117         0         1         0         0         0
                 234       117         0         1         1         0         0
                 235       118         0         1         0         0         0
                 236       118         0         1         1         0         0
                 237       119         0         1         0         0         0
                 238       119         0         1         1         0         0
                 239       120         0         1         0         0         0
                 240       120         0         1         1         0         0
                 241       121         0         1         0         0         0
                 242       121         0         1         1         0         0
                 243       122         0         1         0         0         0
                 244       122         0         1         1         0         0
                 245       123         0         1         0         0         0
                 246       123         0         1         1         0         0
                 247       124         0         1         0         0         0
                 248       124         0         1         1         0         0
                 249       125         0         1         0         0         0
                 250       125         0         1         1         0         0
                 251       126         0         1         0         0         0
                 252       126         0         1         1         0         0
                 253       127         0         1         0         0         0
                 254       127         0         1         1         0         0
                 255       128         0         1         0         0         0
                 256       128         0         1         1         0         0
                 257       129         0         1         0         0         0
                 258       129         0         1         1         0         0
                 259       130         0         1         0         0         0
                 260       130         0         1         1         0         0
                 261       131         0         1         0         0         0
                 262       131         0         1         1         0         0
                 263       132         0         1         0         0         0
                 264       132         0         1         1         0         0
                 265       133         0         1         0         0         0
                 266       133         0         1         1         0         0
                 267       134         0         1         0         0         0
                 268       134         0         1         1         0         0
                 269       135         0         1         0         0         0
                 270       135         0         1         1         0         0
                 271       136         0         1         0         0         0
                 272       136         0         1         1         0         0
                 273       137         0         1         0         0         0
                 274       137         0         1         1         0         0
                 275       138         0         1         0         0         0
                 276       138         0         1         1         0         0
                 277       139         0         1         0         0         0
                 278       139         0         1         1         0         0
                 279       140         0         1         0         0         0
                 280       140         0         1         1         0         0
                 281       141         0         1         0         0         0
                 282       141         0         1         1         0         0
                 283       142         0         1         0         0         0
                 284       142         0         1         1         0         0
                 285       143         0         1         0         0         0
                 286       143         0         1         1         0         0
                 287       144         0         1         0         0         0
                 288       144         0         1         1         0         0
                 289       145         0         1         0         0         0
                 290       145         0         1         1         0         0
                 291       146         0         1         0         0         0
                 292       146         0         1         1         0         0
                 293       147         0         1         0         0         0
                 294       147         0         1         1         0         0
                 295       148         0         1         0         0         0
                 296       148         0         1         1         0         0
                 297       149         0         1         0         0         0
                 298       149         0         1         1         0         0
                 299       150         0         1         0         0         0
                 300       150         0         1         1         0         0
                 301       151         0         1         0         0         0
                 302       151         0         1         1         0         0
                 303       152         0         1         0         0         0
                 304       152         0         1         1         0         0
                 305       153         0         1         0         0         0
                 306       153         0         1         1         0         0
                 307       154         0         1         0         0         0
                 308       154         0         1         1         0         0
                 309       155         0         1         0         0         0
                 310       155         0         1         1         0         0
 GIVEN NSRBD=                   310
 CALCULATED NSRB=                   310

          Assuming UKRMol+ integrals on input.
MPI startup(): PMI server not found. Please set I_MPI_PMI_LIBRARY variable if it is not a singleton case.

 On input SCATCI expects:
 1-electron integrals, NINT1e =0
 2-electron integrals, NINT2e =0

One electron integrals read-in.

Two electron integrals read-in.

 UKRMol+ integrals read successfully:
 1-electron integrals, NINT1e =12090
 2-electron integrals, NINT2e =1255995

          Nuclear repulsion energy =       9.7837911

          Finished reading UKRMol+ integrals.
   Load CI target and construct matrix elements

 TRANSFORMATION VECTOR   1 FROM SET  1 STATE  1
 SET   1    H2O CI calculation - singlet Ap                                                                                         
          NOCSF=   65    NSTAT=    2    NNUC =    4

 Nuclear data     X         Y         Z       Charge
   O  1        0.000000  0.000000  0.116475  8.000000
   H  2        0.000000  1.343991 -0.924529  1.000000
   H  3        0.000000 -1.343991 -0.924529  1.000000
   sc 4        0.000000  0.000000  0.000000  0.000000
          EIGEN-ENERGIES OF THE REQ. STATES
                      -76.1019370152      -75.0701406137

 TRANSFORMATION VECTOR   2 FROM SET  1 STATE  2

 TRANSFORMATION VECTOR   3 FROM SET  2 STATE  1
 SET   2    H2O CI calculation - triplet Ap                                                                                         
          NOCSF=   55    NSTAT=    1    NNUC =    4

 Nuclear data     X         Y         Z       Charge
   O  1        0.000000  0.000000  0.116475  8.000000
   H  2        0.000000  1.343991 -0.924529  1.000000
   H  3        0.000000 -1.343991 -0.924529  1.000000
   sc 4        0.000000  0.000000  0.000000  0.000000
          EIGEN-ENERGIES OF THE REQ. STATES
                      -75.2006108159

 TRANSFORMATION VECTOR   4 FROM SET  3 STATE  1
 SET   3    H2O CI calculation - singlet App                                                                                        
          NOCSF=   40    NSTAT=    1    NNUC =    4

 Nuclear data     X         Y         Z       Charge
   O  1        0.000000  0.000000  0.116475  8.000000
   H  2        0.000000  1.343991 -0.924529  1.000000
   H  3        0.000000 -1.343991 -0.924529  1.000000
   sc 4        0.000000  0.000000  0.000000  0.000000
          EIGEN-ENERGIES OF THE REQ. STATES
                      -75.2709070480

 TRANSFORMATION VECTOR   5 FROM SET  4 STATE  1
 SET   4    H2O CI calculation - triplet App                                                                                        
          NOCSF=   50    NSTAT=    1    NNUC =    4

 Nuclear data     X         Y         Z       Charge
   O  1        0.000000  0.000000  0.116475  8.000000
   H  2        0.000000  1.343991 -0.924529  1.000000
   H  3        0.000000 -1.343991 -0.924529  1.000000
   sc 4        0.000000  0.000000  0.000000  0.000000
          EIGEN-ENERGIES OF THE REQ. STATES
                      -75.3074430927
     MXCORB SET TO:       100000000


 TOTAL H Matrix     ELEMENTS      =    334153
 NON-ZERO ELEMENTS evaluated      =    263024
 Total    prototype ELEMENTS      =    400960
 Non-zero prototype ELEMENTS      =     50996

 Number (prototype) integrals     =    219345
 Compressed (prototype) integrals =    192322
 Number integrals evaluated       =   3689229
 ===================================================
  inside subroutine --> 'dgmain' --> begins. 
 

  ************************************************************************************************************************

 MATRIX DIAGONALIZATION SECTION
 (RUN)     H2O CI calculation - doublet App                                                                                        
  DATA SET FILE NUMBERS AND LENGTH SPECIFICATIONS :
      NFTE =821      NFTW =     25

 NPFLG :      0     0
 NCISET:      1

 NPCVC =    1
 THRHM = 0.10D-14


 (EMX)     e + H2O - doublet App                                                                                                   

   817 Eigenvectors to be computed for
   817 dimensional final Hamiltonian matrix

    263024 Hamiltonian elements read from unit NFTE =821
 CI data stored as set number  1

 SET   1    H2O CI calculation - doublet App                                                                                        

 MGVN = 1    s =   0.5    sz =   0.5    NELT =   11    NNUC =  4

 Nuclear data     X         Y         Z       Charge
   O  1        0.000000  0.000000  0.116475  8.000000
   H  2        0.000000  1.343991 -0.924529  1.000000
   H  3        0.000000 -1.343991 -0.924529  1.000000
   sc 4        0.000000  0.000000  0.000000  0.000000

 NOCSF=  817    NSTAT=  817    EN   =        9.7837911196

 NTGSYM=   4
  I   MCONT  NOTGT
  1      1     56
  2      1     56
  3      0     87
  4      0     87

 EIGEN-ENERGIES
                      -76.0617842778      -76.0278132196      -76.0258712017      -75.9787904561      -75.9783021222
                      -75.9770505972      -75.9184724460      -75.9182618430      -75.9175865674      -75.9167019385
                      -75.8900881607      -75.8314193038      -75.8244669067      -75.7232784352      -75.7220903748
                      -75.7182113102      -75.6055722321      -75.6054949002      -75.6034056339      -75.6023661685
                      -75.6009964846      -75.5530762924      -75.5373322524      -75.3778736698      -75.3761681945
                      -75.3681378416      -75.2927465645      -75.2805718801      -75.2682500909      -75.2625937296
                      -75.2379931565      -75.2333315506      -75.2325340665      -75.2320392836      -75.2301398933
                      -75.2085887892      -75.2037828930      -75.2030246243      -75.2002281514      -75.1984978852
                      -75.1983007205      -75.1960078053      -75.1959696261      -75.1849902394      -75.1846688527
                      -75.1837511496      -75.1835835650      -75.1825266602      -75.1823129475      -75.1737257041
                      -75.1597040305      -75.1583887545      -75.1475183877      -75.1472929236      -75.1470544154
                      -75.1469830100      -75.1464306138      -75.1259833050      -75.1250503932      -75.1238773715
                      -75.1237142856      -75.1236732119      -75.1234292761      -75.1234267254      -75.1187116476
                      -75.1066527758      -75.0874071796      -75.0872238115      -75.0871214675      -75.0869098335
                      -75.0869079756      -75.0772571077      -75.0771795923      -75.0769072546      -75.0760740572
                      -75.0606453865      -75.0394268886      -75.0370424727      -75.0360305230      -75.0294135043
                      -75.0180002034      -75.0171578045      -75.0170881780      -75.0165683483      -75.0160119608
                      -75.0116501915      -74.9973244469      -74.9952503741      -74.9948449327      -74.9909072612
                      -74.9851419805      -74.9693760437      -74.9572260994      -74.9465479372      -74.9464640243
                      -74.9457610665      -74.9287504407      -74.9276242623      -74.9271720008      -74.9270502988
                      -74.9265147073      -74.9233897389      -74.9163104727      -74.9143191785      -74.9009619407
                      -74.8947337524      -74.8913439848      -74.8911927493      -74.8904406619      -74.8866989084
                      -74.8865765766      -74.8865637859      -74.8860704563      -74.8857118211      -74.8628529490
                      -74.8568550909      -74.8395338076      -74.8209726047      -74.8202156941      -74.8176245153
                      -74.8108312392      -74.8104557506      -74.8101745989      -74.8096791982      -74.8096714141
                      -74.7968870848      -74.7964176707      -74.7872841076      -74.7866398901      -74.7745847306
                      -74.7740593538      -74.7737213510      -74.7733022107      -74.7732570529      -74.7703872284
                      -74.7571382998      -74.7558999020      -74.7448651359      -74.7407975104      -74.7182681368
                      -74.7041361206      -74.7040169177      -74.7026006625      -74.7010803283      -74.6943515025
                      -74.6922050452      -74.6906470771      -74.6903125339      -74.6898606540      -74.6882511374
                      -74.6703175027      -74.6700069075      -74.6631558940      -74.6545855714      -74.6467740676
                      -74.6436440481      -74.6421430900      -74.6330194011      -74.6286105732      -74.6227898872
                      -74.6025630779      -74.5846394180      -74.5803174969      -74.5785097500      -74.5781014924
                      -74.5735176188      -74.5734711071      -74.5722322185      -74.5712460471      -74.5670453458
                      -74.5505066494      -74.5471000574      -74.5452705888      -74.5433713377      -74.5175573895
                      -74.5143242623      -74.5055043652      -74.4974340818      -74.4937597847      -74.4750656154
                      -74.4746846428      -74.4737816168      -74.4725096769      -74.4672189354      -74.4422954659
                      -74.4117215490      -74.4090382619      -74.4084440970      -74.4070323951      -74.4060247299
                      -74.4041727270      -74.3969666177      -74.3913295745      -74.3853815584      -74.3752724065
                      -74.3750148652      -74.3721243143      -74.3707584072      -74.3705751018      -74.3680132810
                      -74.3675533331      -74.3597573477      -74.3446320805      -74.3431266135      -74.3403819559
                      -74.3327310144      -74.3019308634      -74.3018542724      -74.2993468895      -74.2965528748
                      -74.2901541832      -74.2829328552      -74.2800487923      -74.2601629310      -74.2543374094
                      -74.2434411229      -74.2175577214      -74.1834263902      -74.1833146103      -74.1720535109
                      -74.1715292668      -74.1698557678      -74.1678505656      -74.1678122249      -74.1629871771
                      -74.1554800055      -74.1427536166      -74.1376766953      -74.1356078534      -74.1280407407
                      -74.1271265370      -74.1260178147      -74.1137446726      -74.1134762454      -74.1096290408
                      -74.0988155202      -74.0796223525      -74.0793510769      -74.0694332643      -74.0251613087
                      -74.0191749399      -74.0110010896      -74.0103555488      -74.0081829945      -74.0051142011
                      -74.0020957205      -73.9992666665      -73.9933533022      -73.9775019297      -73.9774997208
                      -73.9749488340      -73.9503343144      -73.9482993725      -73.9314800365      -73.9301819667
                      -73.9235228665      -73.9101444441      -73.8957166571      -73.8853533320      -73.8844596235
                      -73.8834511329      -73.8812802095      -73.8798620043      -73.8779074285      -73.8766214760
                      -73.8752005888      -73.8727582239      -73.8720074724      -73.8699312787      -73.8473743147
                      -73.8470714354      -73.8433976689      -73.8423989342      -73.8402233843      -73.8352096519
                      -73.8296522282      -73.8239567741      -73.7935991999      -73.7932167580      -73.7824691733
                      -73.7732521234      -73.7724180184      -73.7674657558      -73.7657969511      -73.7636983342
                      -73.7620591095      -73.7568944522      -73.7560856824      -73.7535289913      -73.7466684590
                      -73.7402185906      -73.7262658574      -73.7235113904      -73.7196436495      -73.7193082401
                      -73.7054387014      -73.6995359525      -73.6832315706      -73.6811392946      -73.6708149174
                      -73.6615913994      -73.6598591146      -73.6585186480      -73.6564825585      -73.6537387085
                      -73.6463501262      -73.6398315924      -73.6393980514      -73.6393422943      -73.6387981858
                      -73.6326809289      -73.6303496536      -73.6293810050      -73.6267932576      -73.6250442055
                      -73.6085670562      -73.5945879908      -73.5927635938      -73.5820611476      -73.5807611039
                      -73.5771953536      -73.5638678574      -73.5558899695      -73.5490081069      -73.5458249835
                      -73.5405472190      -73.5302725331      -73.5297148990      -73.5266961836      -73.5164346966
                      -73.5136697862      -73.5090240506      -73.5015175259      -73.4978023370      -73.4896157532
                      -73.4883566915      -73.4773036385      -73.4751583168      -73.4664977026      -73.4654364040
                      -73.4606779719      -73.4591303843      -73.4503103996      -73.4405947422      -73.4277158269
                      -73.4275411488      -73.4042954943      -73.3975958408      -73.3912212950      -73.3859488654
                      -73.3847735412      -73.3821485050      -73.3751490388      -73.3741830455      -73.3696788585
                      -73.3685752511      -73.3680520722      -73.3671700019      -73.3528434478      -73.3513268188
                      -73.3451502316      -73.3335056127      -73.3214259371      -73.3189047432      -73.3115766652
                      -73.3057163172      -73.2726638084      -73.2686340442      -73.2555920221      -73.2452583148
                      -73.2409319960      -73.2400222005      -73.2377473523      -73.2325181877      -73.2278167800
                      -73.2217826947      -73.2179016435      -73.2111935518      -73.1911060878      -73.1894424802
                      -73.1594688605      -73.1571687288      -73.1562333835      -73.1561435651      -73.1540316930
                      -73.1510488898      -73.1504306081      -73.1491254071      -73.1486706696      -73.1459158947
                      -73.1423240393      -73.1397884434      -73.1318191176      -73.1220112970      -73.1201233086
                      -73.1185598901      -73.1143300747      -73.0972718762      -73.0841674885      -73.0787692287
