+-------------------------------------------------------------------------+
|              _              |                                           |
| || || ||//  | \          |  | University College London (C) 1994 - 2020 |
| || || ||    | / |/\/\ /\ |  | Open University           (C) 2007 - 2020 |
| \\_// ||\\  | \ | | | \/ |  |                                           |
|                             |                                           |
+-------------------------------------------------------------------------+
| Last revision: unknown                                                  |
| Last author:   unknown                                                  |
| Last date:     unknown                                                  |
+-------------------------------------------------------------------------+
MPI startup(): PMI server not found. Please set I_MPI_PMI_LIBRARY variable if it is not a singleton case.


 Program EIGENP

e + H2O - doublet Ap                                        20230416  144603.088


 K-matrix input, set  1 on unit920

 Symmetry data  MGVN = 0   STOT = 2   GUTOT = 2

 K-matrices are vibrationally resolved

 Number of target states       =   5
 Number of scattering channels =  65

 Input Energy grid (Ryd) 
 Number of points        20       400
 Initial values     0.00001   0.00007
 Increments         0.00004   0.00367

 Target and channel data is read from set  1 on unit 10

 Target state    Spin    M    G/U  Energy (au)
         1         1     0     0  -76.101937
         2         3     1     0  -75.307443
         3         1     1     0  -75.270907
         4         3     0     0  -75.200611
         5         1     0     0  -75.070141

 Channel   Vibronic level   L   M  Threshold (Ryd)
    1              1        0   0    0.000000
    2              1        1  -1    0.000000
    3              1        1   0    0.000000
    4              1        2  -1    0.000000
    5              1        2   0    0.000000
    6              1        2   2    0.000000
    7              1        3  -3    0.000000
    8              1        3  -1    0.000000
    9              1        3   0    0.000000
   10              1        3   2    0.000000
   11              1        4  -3    0.000000
   12              1        4  -1    0.000000
   13              1        4   0    0.000000
   14              1        4   2    0.000000
   15              1        4   4    0.000000
   16              2        1   1    1.588988
   17              2        2  -2    1.588988
   18              2        2   1    1.588988
   19              2        3  -2    1.588988
   20              2        3   1    1.588988
   21              2        3   3    1.588988
   22              2        4  -4    1.588988
   23              2        4  -2    1.588988
   24              2        4   1    1.588988
   25              2        4   3    1.588988
   26              3        1   1    1.662060
   27              3        2  -2    1.662060
   28              3        2   1    1.662060
   29              3        3  -2    1.662060
   30              3        3   1    1.662060
   31              3        3   3    1.662060
   32              3        4  -4    1.662060
   33              3        4  -2    1.662060
   34              3        4   1    1.662060
   35              3        4   3    1.662060
   36              4        0   0    1.802652
   37              4        1  -1    1.802652
   38              4        1   0    1.802652
   39              4        2  -1    1.802652
   40              4        2   0    1.802652
   41              4        2   2    1.802652
   42              4        3  -3    1.802652
   43              4        3  -1    1.802652
   44              4        3   0    1.802652
   45              4        3   2    1.802652
   46              4        4  -3    1.802652
   47              4        4  -1    1.802652
   48              4        4   0    1.802652
   49              4        4   2    1.802652
   50              4        4   4    1.802652
   51              5        0   0    2.063593
   52              5        1  -1    2.063593
   53              5        1   0    2.063593
   54              5        2  -1    2.063593
   55              5        2   0    2.063593
   56              5        2   2    2.063593
   57              5        3  -3    2.063593
   58              5        3  -1    2.063593
   59              5        3   0    2.063593
   60              5        3   2    2.063593
   61              5        4  -3    2.063593
   62              5        4  -1    2.063593
   63              5        4   0    2.063593
   64              5        4   2    2.063593
   65              5        4   4    2.063593

 Eigenphases will be computed for 420 energies in the K-matrix file from  0.0001 to 19.9510 EV 


 e + H2O - doublet Ap                                        20230416  144603.088

                              TABLE OF EIGENPHASES

    I   E(EV )       EIGENPHASE SUM  CHANNEL :
    1   0.15000E-03 -0.26044948E+01
    2   0.65000E-03 -0.25389396E+01
    3   0.11500E-02 -0.25724390E+01
    4   0.16500E-02 -0.25923178E+01
    5   0.21500E-02 -0.26071278E+01
    6   0.26500E-02 -0.26190877E+01
    7   0.31500E-02 -0.26291746E+01
    8   0.36500E-02 -0.26379138E+01
    9   0.41500E-02 -0.26456367E+01
   10   0.46500E-02 -0.26525636E+01
   11   0.51500E-02 -0.26588511E+01
   12   0.56500E-02 -0.26646131E+01
   13   0.61500E-02 -0.26699349E+01
   14   0.66500E-02 -0.26748833E+01
   15   0.71500E-02 -0.26795099E+01
   16   0.76500E-02 -0.26838568E+01
   17   0.81500E-02 -0.26879583E+01
   18   0.86500E-02 -0.26918423E+01
   19   0.91500E-02 -0.26955322E+01
   20   0.96500E-02 -0.26990480E+01
   21   0.10000E-02 -0.25646606E+01
   22   0.51000E-01 -0.28231335E+01
   23   0.10100E+00 -0.28856214E+01
   24   0.15100E+00 -0.29276089E+01
   25   0.20100E+00 -0.29607436E+01
   26   0.25100E+00 -0.29888898E+01
   27   0.30100E+00 -0.30138273E+01
   28   0.35100E+00 -0.30365265E+01
   29   0.40100E+00 -0.30575753E+01
   30   0.45100E+00 -0.30773568E+01
   31   0.50100E+00 -0.30961335E+01
   32   0.55100E+00 -0.31140929E+01
   33   0.60100E+00 -0.31313731E+01
   34   0.65100E+00 -0.31480779E+01
   35   0.70100E+00 -0.31642872E+01
   36   0.75100E+00 -0.31800634E+01
   37   0.80100E+00 -0.31954558E+01
   38   0.85100E+00 -0.32105036E+01
   39   0.90100E+00 -0.32252386E+01
   40   0.95100E+00 -0.32396864E+01
   41   0.10010E+01 -0.32538679E+01
   42   0.10510E+01 -0.32678003E+01
   43   0.11010E+01 -0.32814978E+01
   44   0.11510E+01 -0.32949721E+01
   45   0.12010E+01 -0.33082328E+01
   46   0.12510E+01 -0.33212883E+01
   47   0.13010E+01 -0.33341452E+01
   48   0.13510E+01 -0.33468095E+01
   49   0.14010E+01 -0.33592859E+01
   50   0.14510E+01 -0.33715790E+01
   51   0.15010E+01 -0.33836922E+01
   52   0.15510E+01 -0.33956291E+01
   53   0.16010E+01 -0.34073924E+01
   54   0.16510E+01 -0.34189850E+01
   55   0.17010E+01 -0.34304093E+01
   56   0.17510E+01 -0.34416677E+01
   57   0.18010E+01 -0.34527626E+01
   58   0.18510E+01 -0.34636960E+01
   59   0.19010E+01 -0.34744702E+01
   60   0.19510E+01 -0.34850874E+01
   61   0.20010E+01 -0.34955496E+01
   62   0.20510E+01 -0.35058591E+01
   63   0.21010E+01 -0.35160181E+01
   64   0.21510E+01 -0.35260288E+01
   65   0.22010E+01 -0.35358934E+01
   66   0.22510E+01 -0.35456142E+01
   67   0.23010E+01 -0.35551936E+01
   68   0.23510E+01 -0.35646339E+01
   69   0.24010E+01 -0.35739375E+01
   70   0.24510E+01 -0.35831066E+01
   71   0.25010E+01 -0.35921439E+01
   72   0.25510E+01 -0.36010516E+01
   73   0.26010E+01 -0.36098321E+01
   74   0.26510E+01 -0.36184878E+01
   75   0.27010E+01 -0.36270212E+01
   76   0.27510E+01 -0.36354346E+01
   77   0.28010E+01 -0.36437303E+01
   78   0.28510E+01 -0.36519106E+01
   79   0.29010E+01 -0.36599778E+01
   80   0.29510E+01 -0.36679340E+01
   81   0.30010E+01 -0.36757814E+01
   82   0.30510E+01 -0.36835221E+01
   83   0.31010E+01 -0.36911581E+01
   84   0.31510E+01 -0.36986913E+01
   85   0.32010E+01 -0.37061236E+01
   86   0.32510E+01 -0.37134568E+01
   87   0.33010E+01 -0.37206926E+01
   88   0.33510E+01 -0.37278327E+01
   89   0.34010E+01 -0.37348784E+01
   90   0.34510E+01 -0.37418313E+01
   91   0.35010E+01 -0.37486927E+01
   92   0.35510E+01 -0.37554639E+01
   93   0.36010E+01 -0.37621459E+01
   94   0.36510E+01 -0.37687399E+01
   95   0.37010E+01 -0.37752468E+01
   96   0.37510E+01 -0.37816675E+01
   97   0.38010E+01 -0.37880027E+01
   98   0.38510E+01 -0.37942531E+01
   99   0.39010E+01 -0.38004194E+01
  100   0.39510E+01 -0.38065020E+01
  101   0.40010E+01 -0.38125013E+01
  102   0.40510E+01 -0.38184176E+01
  103   0.41010E+01 -0.38242513E+01
  104   0.41510E+01 -0.38300024E+01
  105   0.42010E+01 -0.38356712E+01
  106   0.42510E+01 -0.38412575E+01
  107   0.43010E+01 -0.38467615E+01
  108   0.43510E+01 -0.38521829E+01
  109   0.44010E+01 -0.38575217E+01
  110   0.44510E+01 -0.38627776E+01
  111   0.45010E+01 -0.38679504E+01
  112   0.45510E+01 -0.38730397E+01
  113   0.46010E+01 -0.38780453E+01
  114   0.46510E+01 -0.38829667E+01
  115   0.47010E+01 -0.38878036E+01
  116   0.47510E+01 -0.38925555E+01
  117   0.48010E+01 -0.38972219E+01
  118   0.48510E+01 -0.39018024E+01
  119   0.49010E+01 -0.39062964E+01
  120   0.49510E+01 -0.39107036E+01
  121   0.50010E+01 -0.39150233E+01
  122   0.50510E+01 -0.39192552E+01
  123   0.51010E+01 -0.39233986E+01
  124   0.51510E+01 -0.39274531E+01
  125   0.52010E+01 -0.39314183E+01
  126   0.52510E+01 -0.39352937E+01
  127   0.53010E+01 -0.39390788E+01
  128   0.53510E+01 -0.39427732E+01
  129   0.54010E+01 -0.39463766E+01
  130   0.54510E+01 -0.39498885E+01
  131   0.55010E+01 -0.39533088E+01
  132   0.55510E+01 -0.39566370E+01
  133   0.56010E+01 -0.39598731E+01
  134   0.56510E+01 -0.39630166E+01
  135   0.57010E+01 -0.39660676E+01
  136   0.57510E+01 -0.39690259E+01
  137   0.58010E+01 -0.39718915E+01
  138   0.58510E+01 -0.39746643E+01
  139   0.59010E+01 -0.39773444E+01
  140   0.59510E+01 -0.39799319E+01
  141   0.60010E+01 -0.39824270E+01
  142   0.60510E+01 -0.39848299E+01
  143   0.61010E+01 -0.39871409E+01
  144   0.61510E+01 -0.39893603E+01
  145   0.62010E+01 -0.39914884E+01
  146   0.62510E+01 -0.39935258E+01
  147   0.63010E+01 -0.39954730E+01
  148   0.63510E+01 -0.39973306E+01
  149   0.64010E+01 -0.39990991E+01
  150   0.64510E+01 -0.40007793E+01
  151   0.65010E+01 -0.40023719E+01
  152   0.65510E+01 -0.40038777E+01
  153   0.66010E+01 -0.40052977E+01
  154   0.66510E+01 -0.40066326E+01
  155   0.67010E+01 -0.40078835E+01
  156   0.67510E+01 -0.40090514E+01
  157   0.68010E+01 -0.40101373E+01
  158   0.68510E+01 -0.40111425E+01
  159   0.69010E+01 -0.40120680E+01
  160   0.69510E+01 -0.40129150E+01
  161   0.70010E+01 -0.40136849E+01
  162   0.70510E+01 -0.40143790E+01
  163   0.71010E+01 -0.40149984E+01
  164   0.71510E+01 -0.40155447E+01
  165   0.72010E+01 -0.40160192E+01
  166   0.72510E+01 -0.40164234E+01
  167   0.73010E+01 -0.40167587E+01
  168   0.73510E+01 -0.40170265E+01
  169   0.74010E+01 -0.40172285E+01
  170   0.74510E+01 -0.40173661E+01
  171   0.75010E+01 -0.40174409E+01
  172   0.75510E+01 -0.40174545E+01
  173   0.76010E+01 -0.40174083E+01
  174   0.76510E+01 -0.40173040E+01
  175   0.77010E+01 -0.40171431E+01
  176   0.77510E+01 -0.40169273E+01
  177   0.78010E+01 -0.40166582E+01
  178   0.78510E+01 -0.40163372E+01
  179   0.79010E+01 -0.40159660E+01
  180   0.79510E+01 -0.40155462E+01
  181   0.80010E+01 -0.40150793E+01
  182   0.80510E+01 -0.40145668E+01
  183   0.81010E+01 -0.40140103E+01
  184   0.81510E+01 -0.40134113E+01
  185   0.82010E+01 -0.40127712E+01
  186   0.82510E+01 -0.40120915E+01
  187   0.83010E+01 -0.40113737E+01
  188   0.83510E+01 -0.40106191E+01
  189   0.84010E+01 -0.40098291E+01
  190   0.84510E+01 -0.40090050E+01
  191   0.85010E+01 -0.40081482E+01
  192   0.85510E+01 -0.40072599E+01
  193   0.86010E+01 -0.40063412E+01
  194   0.86510E+01 -0.40053935E+01
  195   0.87010E+01 -0.40044178E+01
  196   0.87510E+01 -0.40034153E+01
  197   0.88010E+01 -0.40023868E+01
  198   0.88510E+01 -0.40013336E+01
  199   0.89010E+01 -0.40002564E+01
  200   0.89510E+01 -0.39991562E+01
  201   0.90010E+01 -0.39980338E+01
  202   0.90510E+01 -0.39968900E+01
  203   0.91010E+01 -0.39957256E+01
  204   0.91510E+01 -0.39945412E+01
  205   0.92010E+01 -0.39933374E+01
  206   0.92510E+01 -0.39921148E+01
  207   0.93010E+01 -0.39908739E+01
  208   0.93510E+01 -0.39896151E+01
  209   0.94010E+01 -0.39883389E+01
  210   0.94510E+01 -0.39870456E+01
  211   0.95010E+01 -0.39857354E+01
  212   0.95510E+01 -0.39844086E+01
  213   0.96010E+01 -0.39830653E+01
  214   0.96510E+01 -0.39817057E+01
  215   0.97010E+01 -0.39803298E+01
  216   0.97510E+01 -0.39789375E+01
  217   0.98010E+01 -0.39775289E+01
  218   0.98510E+01 -0.39761037E+01
  219   0.99010E+01 -0.39746619E+01
  220   0.99510E+01 -0.39732032E+01
  221   0.10001E+02 -0.39717274E+01
  222   0.10051E+02 -0.39702340E+01
  223   0.10101E+02 -0.39687228E+01
  224   0.10151E+02 -0.39671933E+01
  225   0.10201E+02 -0.39656451E+01
  226   0.10251E+02 -0.39640777E+01
  227   0.10301E+02 -0.39624905E+01
  228   0.10351E+02 -0.39608829E+01
  229   0.10401E+02 -0.39592544E+01
  230   0.10451E+02 -0.39576042E+01
  231   0.10501E+02 -0.39559316E+01
  232   0.10551E+02 -0.39542360E+01
  233   0.10601E+02 -0.39525166E+01
  234   0.10651E+02 -0.39507727E+01
  235   0.10701E+02 -0.39490033E+01
  236   0.10751E+02 -0.39472078E+01
  237   0.10801E+02 -0.39453852E+01
  238   0.10851E+02 -0.39435347E+01
  239   0.10901E+02 -0.39416537E+01
  240   0.10951E+02 -0.39397466E+01
  241   0.11001E+02 -0.39378073E+01
  242   0.11051E+02 -0.39358365E+01
  243   0.11101E+02 -0.39338335E+01
  244   0.11151E+02 -0.39317973E+01
  245   0.11201E+02 -0.39297270E+01
  246   0.11251E+02 -0.39276218E+01
  247   0.11301E+02 -0.39254808E+01
  248   0.11351E+02 -0.39233032E+01
  249   0.11401E+02 -0.39210880E+01
  250   0.11451E+02 -0.39188346E+01
  251   0.11501E+02 -0.39165420E+01
  252   0.11551E+02 -0.39142095E+01
  253   0.11601E+02 -0.39118364E+01
  254   0.11651E+02 -0.39094220E+01
  255   0.11701E+02 -0.39069655E+01
  256   0.11751E+02 -0.39044663E+01
  257   0.11801E+02 -0.39019238E+01
  258   0.11851E+02 -0.38993374E+01
  259   0.11901E+02 -0.38967065E+01
  260   0.11951E+02 -0.38940308E+01
  261   0.12001E+02 -0.38913097E+01
  262   0.12051E+02 -0.38885428E+01
  263   0.12101E+02 -0.38857298E+01
  264   0.12151E+02 -0.38828705E+01
  265   0.12201E+02 -0.38799645E+01
  266   0.12251E+02 -0.38770116E+01
  267   0.12301E+02 -0.38740118E+01
  268   0.12351E+02 -0.38709650E+01
  269   0.12401E+02 -0.38678712E+01
  270   0.12451E+02 -0.38647303E+01
  271   0.12501E+02 -0.38615426E+01
  272   0.12551E+02 -0.38583083E+01
  273   0.12601E+02 -0.38550275E+01
  274   0.12651E+02 -0.38517005E+01
  275   0.12701E+02 -0.38483278E+01
  276   0.12751E+02 -0.38449098E+01
  277   0.12801E+02 -0.38414470E+01
  278   0.12851E+02 -0.38379400E+01
  279   0.12901E+02 -0.38343894E+01
  280   0.12951E+02 -0.38307959E+01
  281   0.13001E+02 -0.38271603E+01
  282   0.13051E+02 -0.38234835E+01
  283   0.13101E+02 -0.38197664E+01
  284   0.13151E+02 -0.38160098E+01
  285   0.13201E+02 -0.38122150E+01
  286   0.13251E+02 -0.38083830E+01
  287   0.13301E+02 -0.38045149E+01
  288   0.13351E+02 -0.38006121E+01
  289   0.13401E+02 -0.37966758E+01
  290   0.13451E+02 -0.37927073E+01
  291   0.13501E+02 -0.37887082E+01
  292   0.13551E+02 -0.37846798E+01
  293   0.13601E+02 -0.37806238E+01
  294   0.13651E+02 -0.37765416E+01
  295   0.13701E+02 -0.37724351E+01
  296   0.13751E+02 -0.37683057E+01
  297   0.13801E+02 -0.37641555E+01
  298   0.13851E+02 -0.37599860E+01
  299   0.13901E+02 -0.37557992E+01
  300   0.13951E+02 -0.37515969E+01
  301   0.14001E+02 -0.37473812E+01
  302   0.14051E+02 -0.37431539E+01
  303   0.14101E+02 -0.37389171E+01
  304   0.14151E+02 -0.37346729E+01
  305   0.14201E+02 -0.37304233E+01
  306   0.14251E+02 -0.37261705E+01
  307   0.14301E+02 -0.37219165E+01
  308   0.14351E+02 -0.37176637E+01
  309   0.14401E+02 -0.37134142E+01
  310   0.14451E+02 -0.37091701E+01
  311   0.14501E+02 -0.37049339E+01
  312   0.14551E+02 -0.37007076E+01
  313   0.14601E+02 -0.36964937E+01
  314   0.14651E+02 -0.36922943E+01
  315   0.14701E+02 -0.36881119E+01
  316   0.14751E+02 -0.36839486E+01
  317   0.14801E+02 -0.36798069E+01
  318   0.14851E+02 -0.36756890E+01
  319   0.14901E+02 -0.36715972E+01
  320   0.14951E+02 -0.36675339E+01
  321   0.15001E+02 -0.36635014E+01
  322   0.15051E+02 -0.36595019E+01
  323   0.15101E+02 -0.36555378E+01
  324   0.15151E+02 -0.36516113E+01
  325   0.15201E+02 -0.36477247E+01
  326   0.15251E+02 -0.36438802E+01
  327   0.15301E+02 -0.36400801E+01
  328   0.15351E+02 -0.36363266E+01
  329   0.15401E+02 -0.36326217E+01
  330   0.15451E+02 -0.36289677E+01
  331   0.15501E+02 -0.36253667E+01
  332   0.15551E+02 -0.36218208E+01
  333   0.15601E+02 -0.36183319E+01
  334   0.15651E+02 -0.36149022E+01
  335   0.15701E+02 -0.36115336E+01
  336   0.15751E+02 -0.36082280E+01
  337   0.15801E+02 -0.36049874E+01
  338   0.15851E+02 -0.36018134E+01
  339   0.15901E+02 -0.35987080E+01
  340   0.15951E+02 -0.35956729E+01
  341   0.16001E+02 -0.35927098E+01
  342   0.16051E+02 -0.35898203E+01
  343   0.16101E+02 -0.35870060E+01
  344   0.16151E+02 -0.35842684E+01
  345   0.16201E+02 -0.35816089E+01
  346   0.16251E+02 -0.35790291E+01
  347   0.16301E+02 -0.35765302E+01
  348   0.16351E+02 -0.35741135E+01
  349   0.16401E+02 -0.35717802E+01
  350   0.16451E+02 -0.35695315E+01
  351   0.16501E+02 -0.35673684E+01
  352   0.16551E+02 -0.35652919E+01
  353   0.16601E+02 -0.35633030E+01
  354   0.16651E+02 -0.35614025E+01
  355   0.16701E+02 -0.35595913E+01
  356   0.16751E+02 -0.35578699E+01
  357   0.16801E+02 -0.35562392E+01
  358   0.16851E+02 -0.35546995E+01
  359   0.16901E+02 -0.35532515E+01
  360   0.16951E+02 -0.35518954E+01
  361   0.17001E+02 -0.35506317E+01
  362   0.17051E+02 -0.35494605E+01
  363   0.17101E+02 -0.35483821E+01
  364   0.17151E+02 -0.35473965E+01
  365   0.17201E+02 -0.35465037E+01
  366   0.17251E+02 -0.35457036E+01
  367   0.17301E+02 -0.35449961E+01
  368   0.17351E+02 -0.35443809E+01
  369   0.17401E+02 -0.35438577E+01
  370   0.17451E+02 -0.35434261E+01
  371   0.17501E+02 -0.35430855E+01
  372   0.17551E+02 -0.35428355E+01
  373   0.17601E+02 -0.35426753E+01
  374   0.17651E+02 -0.35426043E+01
  375   0.17701E+02 -0.35426215E+01
  376   0.17751E+02 -0.35427261E+01
  377   0.17801E+02 -0.35429172E+01
  378   0.17851E+02 -0.35431936E+01
  379   0.17901E+02 -0.35435542E+01
  380   0.17951E+02 -0.35439978E+01
  381   0.18001E+02 -0.35445232E+01
  382   0.18051E+02 -0.35451288E+01
  383   0.18101E+02 -0.35458134E+01
  384   0.18151E+02 -0.35465754E+01
  385   0.18201E+02 -0.35474132E+01
  386   0.18251E+02 -0.35483251E+01
  387   0.18301E+02 -0.35493095E+01
  388   0.18351E+02 -0.35503644E+01
  389   0.18401E+02 -0.35514882E+01
  390   0.18451E+02 -0.35526787E+01
  391   0.18501E+02 -0.35539341E+01
  392   0.18551E+02 -0.35552522E+01
  393   0.18601E+02 -0.35566310E+01
  394   0.18651E+02 -0.35580683E+01
  395   0.18701E+02 -0.35595619E+01
  396   0.18751E+02 -0.35611095E+01
  397   0.18801E+02 -0.35627087E+01
  398   0.18851E+02 -0.35643573E+01
  399   0.18901E+02 -0.35660526E+01
  400   0.18951E+02 -0.35677924E+01
  401   0.19001E+02 -0.35695740E+01
  402   0.19051E+02 -0.35713949E+01
  403   0.19101E+02 -0.35732525E+01
  404   0.19151E+02 -0.35751442E+01
  405   0.19201E+02 -0.35770673E+01
  406   0.19251E+02 -0.35790191E+01
  407   0.19301E+02 -0.35809969E+01
  408   0.19351E+02 -0.35829979E+01
  409   0.19401E+02 -0.35850193E+01
  410   0.19451E+02 -0.35870583E+01
  411   0.19501E+02 -0.35891122E+01
  412   0.19551E+02 -0.35911779E+01
  413   0.19601E+02 -0.35932528E+01
  414   0.19651E+02 -0.35953339E+01
  415   0.19701E+02 -0.35974182E+01
  416   0.19751E+02 -0.35995030E+01
  417   0.19801E+02 -0.36015853E+01
  418   0.19851E+02 -0.36036622E+01
  419   0.19901E+02 -0.36057307E+01
  420   0.19951E+02 -0.36077879E+01

 *** Task successfully completed ***
