+-------------------------------------------------------------------------+
|              _              |                                           |
| || || ||//  | \          |  | University College London (C) 1994 - 2020 |
| || || ||    | / |/\/\ /\ |  | Open University           (C) 2007 - 2020 |
| \\_// ||\\  | \ | | | \/ |  |                                           |
|                             |                                           |
+-------------------------------------------------------------------------+
| Last revision: unknown                                                  |
| Last author:   unknown                                                  |
| Last date:     unknown                                                  |
+-------------------------------------------------------------------------+
MPI startup(): PMI server not found. Please set I_MPI_PMI_LIBRARY variable if it is not a singleton case.


 Program EIGENP

e + H2O - doublet App                                       20230416  144628.264


 K-matrix input, set  1 on unit921

 Symmetry data  MGVN = 1   STOT = 2   GUTOT = 2

 K-matrices are vibrationally resolved

 Number of target states       =   5
 Number of scattering channels =  60

 Input Energy grid (Ryd) 
 Number of points        20       400
 Initial values     0.00001   0.00007
 Increments         0.00004   0.00367

 Target and channel data is read from set  1 on unit 10

 Target state    Spin    M    G/U  Energy (au)
         1         1     0     0  -76.101937
         2         3     1     0  -75.307443
         3         1     1     0  -75.270907
         4         3     0     0  -75.200611
         5         1     0     0  -75.070141

 Channel   Vibronic level   L   M  Threshold (Ryd)
    1              1        1   1    0.000000
    2              1        2  -2    0.000000
    3              1        2   1    0.000000
    4              1        3  -2    0.000000
    5              1        3   1    0.000000
    6              1        3   3    0.000000
    7              1        4  -4    0.000000
    8              1        4  -2    0.000000
    9              1        4   1    0.000000
   10              1        4   3    0.000000
   11              2        0   0    1.588988
   12              2        1  -1    1.588988
   13              2        1   0    1.588988
   14              2        2  -1    1.588988
   15              2        2   0    1.588988
   16              2        2   2    1.588988
   17              2        3  -3    1.588988
   18              2        3  -1    1.588988
   19              2        3   0    1.588988
   20              2        3   2    1.588988
   21              2        4  -3    1.588988
   22              2        4  -1    1.588988
   23              2        4   0    1.588988
   24              2        4   2    1.588988
   25              2        4   4    1.588988
   26              3        0   0    1.662060
   27              3        1  -1    1.662060
   28              3        1   0    1.662060
   29              3        2  -1    1.662060
   30              3        2   0    1.662060
   31              3        2   2    1.662060
   32              3        3  -3    1.662060
   33              3        3  -1    1.662060
   34              3        3   0    1.662060
   35              3        3   2    1.662060
   36              3        4  -3    1.662060
   37              3        4  -1    1.662060
   38              3        4   0    1.662060
   39              3        4   2    1.662060
   40              3        4   4    1.662060
   41              4        1   1    1.802652
   42              4        2  -2    1.802652
   43              4        2   1    1.802652
   44              4        3  -2    1.802652
   45              4        3   1    1.802652
   46              4        3   3    1.802652
   47              4        4  -4    1.802652
   48              4        4  -2    1.802652
   49              4        4   1    1.802652
   50              4        4   3    1.802652
   51              5        1   1    2.063593
   52              5        2  -2    2.063593
   53              5        2   1    2.063593
   54              5        3  -2    2.063593
   55              5        3   1    2.063593
   56              5        3   3    2.063593
   57              5        4  -4    2.063593
   58              5        4  -2    2.063593
   59              5        4   1    2.063593
   60              5        4   3    2.063593

 Eigenphases will be computed for 420 energies in the K-matrix file from  0.0001 to 19.9510 EV 


 e + H2O - doublet App                                       20230416  144628.264

                              TABLE OF EIGENPHASES

    I   E(EV )       EIGENPHASE SUM  CHANNEL :
    1   0.15000E-03  0.24465716E-01
    2   0.65000E-03  0.39766132E-01
    3   0.11500E-02  0.38066660E-01
    4   0.16500E-02  0.36993529E-01
    5   0.21500E-02  0.36234235E-01
    6   0.26500E-02  0.35615742E-01
    7   0.31500E-02  0.35070820E-01
    8   0.36500E-02  0.34571484E-01
    9   0.41500E-02  0.34104696E-01
   10   0.46500E-02  0.33663535E-01
   11   0.51500E-02  0.33243796E-01
   12   0.56500E-02  0.32842598E-01
   13   0.61500E-02  0.32457777E-01
   14   0.66500E-02  0.32087603E-01
   15   0.71500E-02  0.31730635E-01
   16   0.76500E-02  0.31385647E-01
   17   0.81500E-02  0.31051580E-01
   18   0.86500E-02  0.30727509E-01
   19   0.91500E-02  0.30412613E-01
   20   0.96500E-02  0.30106172E-01
   21   0.10000E-02  0.38501152E-01
   22   0.51000E-01  0.14792770E-01
   23   0.10100E+00  0.33251919E-02
   24   0.15100E+00 -0.58891746E-02
   25   0.20100E+00 -0.13990646E-01
   26   0.25100E+00 -0.21411116E-01
   27   0.30100E+00 -0.28366682E-01
   28   0.35100E+00 -0.34982510E-01
   29   0.40100E+00 -0.41338046E-01
   30   0.45100E+00 -0.47486946E-01
   31   0.50100E+00 -0.53467085E-01
   32   0.55100E+00 -0.59306057E-01
   33   0.60100E+00 -0.65024434E-01
   34   0.65100E+00 -0.70637804E-01
   35   0.70100E+00 -0.76158098E-01
   36   0.75100E+00 -0.81594510E-01
   37   0.80100E+00 -0.86954131E-01
   38   0.85100E+00 -0.92242424E-01
   39   0.90100E+00 -0.97463570E-01
   40   0.95100E+00 -0.10262073E+00
   41   0.10010E+01 -0.10771627E+00
   42   0.10510E+01 -0.11275190E+00
   43   0.11010E+01 -0.11772882E+00
   44   0.11510E+01 -0.12264786E+00
   45   0.12010E+01 -0.12750949E+00
   46   0.12510E+01 -0.13231399E+00
   47   0.13010E+01 -0.13706144E+00
   48   0.13510E+01 -0.14175181E+00
   49   0.14010E+01 -0.14638496E+00
   50   0.14510E+01 -0.15096075E+00
   51   0.15010E+01 -0.15547901E+00
   52   0.15510E+01 -0.15993956E+00
   53   0.16010E+01 -0.16434229E+00
   54   0.16510E+01 -0.16868710E+00
   55   0.17010E+01 -0.17297400E+00
   56   0.17510E+01 -0.17720303E+00
   57   0.18010E+01 -0.18137434E+00
   58   0.18510E+01 -0.18548815E+00
   59   0.19010E+01 -0.18954479E+00
   60   0.19510E+01 -0.19354466E+00
   61   0.20010E+01 -0.19748827E+00
   62   0.20510E+01 -0.20137622E+00
   63   0.21010E+01 -0.20520918E+00
   64   0.21510E+01 -0.20898794E+00
   65   0.22010E+01 -0.21271334E+00
   66   0.22510E+01 -0.21638631E+00
   67   0.23010E+01 -0.22000787E+00
   68   0.23510E+01 -0.22357907E+00
   69   0.24010E+01 -0.22710104E+00
   70   0.24510E+01 -0.23057496E+00
   71   0.25010E+01 -0.23400206E+00
   72   0.25510E+01 -0.23738360E+00
   73   0.26010E+01 -0.24072087E+00
   74   0.26510E+01 -0.24401519E+00
   75   0.27010E+01 -0.24726790E+00
   76   0.27510E+01 -0.25048033E+00
   77   0.28010E+01 -0.25365385E+00
   78   0.28510E+01 -0.25678980E+00
   79   0.29010E+01 -0.25988951E+00
   80   0.29510E+01 -0.26295429E+00
   81   0.30010E+01 -0.26598546E+00
   82   0.30510E+01 -0.26898428E+00
   83   0.31010E+01 -0.27195198E+00
   84   0.31510E+01 -0.27488978E+00
   85   0.32010E+01 -0.27779884E+00
   86   0.32510E+01 -0.28068026E+00
   87   0.33010E+01 -0.28353512E+00
   88   0.33510E+01 -0.28636442E+00
   89   0.34010E+01 -0.28916913E+00
   90   0.34510E+01 -0.29195015E+00
   91   0.35010E+01 -0.29470831E+00
   92   0.35510E+01 -0.29744440E+00
   93   0.36010E+01 -0.30015913E+00
   94   0.36510E+01 -0.30285314E+00
   95   0.37010E+01 -0.30552703E+00
   96   0.37510E+01 -0.30818131E+00
   97   0.38010E+01 -0.31081643E+00
   98   0.38510E+01 -0.31343278E+00
   99   0.39010E+01 -0.31603069E+00
  100   0.39510E+01 -0.31861039E+00
  101   0.40010E+01 -0.32117209E+00
  102   0.40510E+01 -0.32371592E+00
  103   0.41010E+01 -0.32624195E+00
  104   0.41510E+01 -0.32875017E+00
  105   0.42010E+01 -0.33124055E+00
  106   0.42510E+01 -0.33371297E+00
  107   0.43010E+01 -0.33616729E+00
  108   0.43510E+01 -0.33860328E+00
  109   0.44010E+01 -0.34102070E+00
  110   0.44510E+01 -0.34341923E+00
  111   0.45010E+01 -0.34579854E+00
  112   0.45510E+01 -0.34815823E+00
  113   0.46010E+01 -0.35049788E+00
  114   0.46510E+01 -0.35281704E+00
  115   0.47010E+01 -0.35511521E+00
  116   0.47510E+01 -0.35739188E+00
  117   0.48010E+01 -0.35964651E+00
  118   0.48510E+01 -0.36187853E+00
  119   0.49010E+01 -0.36408737E+00
  120   0.49510E+01 -0.36627243E+00
  121   0.50010E+01 -0.36843311E+00
  122   0.50510E+01 -0.37056878E+00
  123   0.51010E+01 -0.37267884E+00
  124   0.51510E+01 -0.37476265E+00
  125   0.52010E+01 -0.37681961E+00
  126   0.52510E+01 -0.37884908E+00
  127   0.53010E+01 -0.38085047E+00
  128   0.53510E+01 -0.38282317E+00
  129   0.54010E+01 -0.38476661E+00
  130   0.54510E+01 -0.38668020E+00
  131   0.55010E+01 -0.38856340E+00
  132   0.55510E+01 -0.39041567E+00
  133   0.56010E+01 -0.39223652E+00
  134   0.56510E+01 -0.39402545E+00
  135   0.57010E+01 -0.39578200E+00
  136   0.57510E+01 -0.39750577E+00
  137   0.58010E+01 -0.39919634E+00
  138   0.58510E+01 -0.40085337E+00
  139   0.59010E+01 -0.40247652E+00
  140   0.59510E+01 -0.40406551E+00
  141   0.60010E+01 -0.40562008E+00
  142   0.60510E+01 -0.40714002E+00
  143   0.61010E+01 -0.40862515E+00
  144   0.61510E+01 -0.41007536E+00
  145   0.62010E+01 -0.41149054E+00
  146   0.62510E+01 -0.41287064E+00
  147   0.63010E+01 -0.41421567E+00
  148   0.63510E+01 -0.41552565E+00
  149   0.64010E+01 -0.41680067E+00
  150   0.64510E+01 -0.41804085E+00
  151   0.65010E+01 -0.41924636E+00
  152   0.65510E+01 -0.42041739E+00
  153   0.66010E+01 -0.42155422E+00
  154   0.66510E+01 -0.42265711E+00
  155   0.67010E+01 -0.42372642E+00
  156   0.67510E+01 -0.42476251E+00
  157   0.68010E+01 -0.42576580E+00
  158   0.68510E+01 -0.42673674E+00
  159   0.69010E+01 -0.42767581E+00
  160   0.69510E+01 -0.42858355E+00
  161   0.70010E+01 -0.42946051E+00
  162   0.70510E+01 -0.43030729E+00
  163   0.71010E+01 -0.43112452E+00
  164   0.71510E+01 -0.43191284E+00
  165   0.72010E+01 -0.43267295E+00
  166   0.72510E+01 -0.43340557E+00
  167   0.73010E+01 -0.43411142E+00
  168   0.73510E+01 -0.43479128E+00
  169   0.74010E+01 -0.43544593E+00
  170   0.74510E+01 -0.43607617E+00
  171   0.75010E+01 -0.43668283E+00
  172   0.75510E+01 -0.43726675E+00
  173   0.76010E+01 -0.43782879E+00
  174   0.76510E+01 -0.43836980E+00
  175   0.77010E+01 -0.43889068E+00
  176   0.77510E+01 -0.43939230E+00
  177   0.78010E+01 -0.43987556E+00
  178   0.78510E+01 -0.44034136E+00
  179   0.79010E+01 -0.44079059E+00
  180   0.79510E+01 -0.44122416E+00
  181   0.80010E+01 -0.44164297E+00
  182   0.80510E+01 -0.44204790E+00
  183   0.81010E+01 -0.44243986E+00
  184   0.81510E+01 -0.44281973E+00
  185   0.82010E+01 -0.44318837E+00
  186   0.82510E+01 -0.44354666E+00
  187   0.83010E+01 -0.44389543E+00
  188   0.83510E+01 -0.44423554E+00
  189   0.84010E+01 -0.44456779E+00
  190   0.84510E+01 -0.44489298E+00
  191   0.85010E+01 -0.44521190E+00
  192   0.85510E+01 -0.44552531E+00
  193   0.86010E+01 -0.44583394E+00
  194   0.86510E+01 -0.44613851E+00
  195   0.87010E+01 -0.44643970E+00
  196   0.87510E+01 -0.44673817E+00
  197   0.88010E+01 -0.44703455E+00
  198   0.88510E+01 -0.44732945E+00
  199   0.89010E+01 -0.44762343E+00
  200   0.89510E+01 -0.44791702E+00
  201   0.90010E+01 -0.44821075E+00
  202   0.90510E+01 -0.44850507E+00
  203   0.91010E+01 -0.44880042E+00
  204   0.91510E+01 -0.44909720E+00
  205   0.92010E+01 -0.44939577E+00
  206   0.92510E+01 -0.44969647E+00
  207   0.93010E+01 -0.44999957E+00
  208   0.93510E+01 -0.45030532E+00
  209   0.94010E+01 -0.45061394E+00
  210   0.94510E+01 -0.45092560E+00
  211   0.95010E+01 -0.45124043E+00
  212   0.95510E+01 -0.45155852E+00
  213   0.96010E+01 -0.45187991E+00
  214   0.96510E+01 -0.45220463E+00
  215   0.97010E+01 -0.45253264E+00
  216   0.97510E+01 -0.45286387E+00
  217   0.98010E+01 -0.45319822E+00
  218   0.98510E+01 -0.45353554E+00
  219   0.99010E+01 -0.45387563E+00
  220   0.99510E+01 -0.45421828E+00
  221   0.10001E+02 -0.45456322E+00
  222   0.10051E+02 -0.45491014E+00
  223   0.10101E+02 -0.45525871E+00
  224   0.10151E+02 -0.45560855E+00
  225   0.10201E+02 -0.45595925E+00
  226   0.10251E+02 -0.45631036E+00
  227   0.10301E+02 -0.45666141E+00
  228   0.10351E+02 -0.45701188E+00
  229   0.10401E+02 -0.45736122E+00
  230   0.10451E+02 -0.45770886E+00
  231   0.10501E+02 -0.45805420E+00
  232   0.10551E+02 -0.45839660E+00
  233   0.10601E+02 -0.45873540E+00
  234   0.10651E+02 -0.45906992E+00
  235   0.10701E+02 -0.45939946E+00
  236   0.10751E+02 -0.45972327E+00
  237   0.10801E+02 -0.46004061E+00
  238   0.10851E+02 -0.46035070E+00
  239   0.10901E+02 -0.46065275E+00
  240   0.10951E+02 -0.46094597E+00
  241   0.11001E+02 -0.46122952E+00
  242   0.11051E+02 -0.46150258E+00
  243   0.11101E+02 -0.46176430E+00
  244   0.11151E+02 -0.46201384E+00
  245   0.11201E+02 -0.46225032E+00
  246   0.11251E+02 -0.46247289E+00
  247   0.11301E+02 -0.46268068E+00
  248   0.11351E+02 -0.46287281E+00
  249   0.11401E+02 -0.46304843E+00
  250   0.11451E+02 -0.46320665E+00
  251   0.11501E+02 -0.46334661E+00
  252   0.11551E+02 -0.46346747E+00
  253   0.11601E+02 -0.46356836E+00
  254   0.11651E+02 -0.46364846E+00
  255   0.11701E+02 -0.46370692E+00
  256   0.11751E+02 -0.46374294E+00
  257   0.11801E+02 -0.46375571E+00
  258   0.11851E+02 -0.46374446E+00
  259   0.11901E+02 -0.46370842E+00
  260   0.11951E+02 -0.46364685E+00
  261   0.12001E+02 -0.46355902E+00
  262   0.12051E+02 -0.46344425E+00
  263   0.12101E+02 -0.46330185E+00
  264   0.12151E+02 -0.46313120E+00
  265   0.12201E+02 -0.46293167E+00
  266   0.12251E+02 -0.46270269E+00
  267   0.12301E+02 -0.46244369E+00
  268   0.12351E+02 -0.46215417E+00
  269   0.12401E+02 -0.46183365E+00
  270   0.12451E+02 -0.46148167E+00
  271   0.12501E+02 -0.46109782E+00
  272   0.12551E+02 -0.46068174E+00
  273   0.12601E+02 -0.46023310E+00
  274   0.12651E+02 -0.45975161E+00
  275   0.12701E+02 -0.45923702E+00
  276   0.12751E+02 -0.45868912E+00
  277   0.12801E+02 -0.45810776E+00
  278   0.12851E+02 -0.45749281E+00
  279   0.12901E+02 -0.45684422E+00
  280   0.12951E+02 -0.45616194E+00
  281   0.13001E+02 -0.45544600E+00
  282   0.13051E+02 -0.45469648E+00
  283   0.13101E+02 -0.45391348E+00
  284   0.13151E+02 -0.45309718E+00
  285   0.13201E+02 -0.45224777E+00
  286   0.13251E+02 -0.45136553E+00
  287   0.13301E+02 -0.45045075E+00
  288   0.13351E+02 -0.44950381E+00
  289   0.13401E+02 -0.44852509E+00
  290   0.13451E+02 -0.44751506E+00
  291   0.13501E+02 -0.44647422E+00
  292   0.13551E+02 -0.44540313E+00
  293   0.13601E+02 -0.44430236E+00
  294   0.13651E+02 -0.44317259E+00
  295   0.13701E+02 -0.44201449E+00
  296   0.13751E+02 -0.44082881E+00
  297   0.13801E+02 -0.43961634E+00
  298   0.13851E+02 -0.43837790E+00
  299   0.13901E+02 -0.43711437E+00
  300   0.13951E+02 -0.43582668E+00
  301   0.14001E+02 -0.43451579E+00
  302   0.14051E+02 -0.43318270E+00
  303   0.14101E+02 -0.43182847E+00
  304   0.14151E+02 -0.43045419E+00
  305   0.14201E+02 -0.42906097E+00
  306   0.14251E+02 -0.42765000E+00
  307   0.14301E+02 -0.42622247E+00
  308   0.14351E+02 -0.42477964E+00
  309   0.14401E+02 -0.42332276E+00
  310   0.14451E+02 -0.42185317E+00
  311   0.14501E+02 -0.42037219E+00
  312   0.14551E+02 -0.41888121E+00
  313   0.14601E+02 -0.41738163E+00
  314   0.14651E+02 -0.41587489E+00
  315   0.14701E+02 -0.41436244E+00
  316   0.14751E+02 -0.41284578E+00
  317   0.14801E+02 -0.41132641E+00
  318   0.14851E+02 -0.40980587E+00
  319   0.14901E+02 -0.40828571E+00
  320   0.14951E+02 -0.40676751E+00
  321   0.15001E+02 -0.40525286E+00
  322   0.15051E+02 -0.40374337E+00
  323   0.15101E+02 -0.40224066E+00
  324   0.15151E+02 -0.40074637E+00
  325   0.15201E+02 -0.39926214E+00
  326   0.15251E+02 -0.39778965E+00
  327   0.15301E+02 -0.39633053E+00
  328   0.15351E+02 -0.39488648E+00
  329   0.15401E+02 -0.39345916E+00
  330   0.15451E+02 -0.39205025E+00
  331   0.15501E+02 -0.39066143E+00
  332   0.15551E+02 -0.38929437E+00
  333   0.15601E+02 -0.38795075E+00
  334   0.15651E+02 -0.38663223E+00
  335   0.15701E+02 -0.38534047E+00
  336   0.15751E+02 -0.38407714E+00
  337   0.15801E+02 -0.38284387E+00
  338   0.15851E+02 -0.38164228E+00
  339   0.15901E+02 -0.38047400E+00
  340   0.15951E+02 -0.37934063E+00
  341   0.16001E+02 -0.37824374E+00
  342   0.16051E+02 -0.37718491E+00
  343   0.16101E+02 -0.37616566E+00
  344   0.16151E+02 -0.37518752E+00
  345   0.16201E+02 -0.37425198E+00
  346   0.16251E+02 -0.37336050E+00
  347   0.16301E+02 -0.37251453E+00
  348   0.16351E+02 -0.37171546E+00
  349   0.16401E+02 -0.37096468E+00
  350   0.16451E+02 -0.37026352E+00
  351   0.16501E+02 -0.36961328E+00
  352   0.16551E+02 -0.36901525E+00
  353   0.16601E+02 -0.36847064E+00
  354   0.16651E+02 -0.36798065E+00
  355   0.16701E+02 -0.36754642E+00
  356   0.16751E+02 -0.36716906E+00
  357   0.16801E+02 -0.36684963E+00
  358   0.16851E+02 -0.36658913E+00
  359   0.16901E+02 -0.36638853E+00
  360   0.16951E+02 -0.36624876E+00
  361   0.17001E+02 -0.36617067E+00
  362   0.17051E+02 -0.36615507E+00
  363   0.17101E+02 -0.36620274E+00
  364   0.17151E+02 -0.36631437E+00
  365   0.17201E+02 -0.36649062E+00
  366   0.17251E+02 -0.36673208E+00
  367   0.17301E+02 -0.36703929E+00
  368   0.17351E+02 -0.36741273E+00
  369   0.17401E+02 -0.36785283E+00
  370   0.17451E+02 -0.36835994E+00
  371   0.17501E+02 -0.36893436E+00
  372   0.17551E+02 -0.36957635E+00
  373   0.17601E+02 -0.37028606E+00
  374   0.17651E+02 -0.37106363E+00
  375   0.17701E+02 -0.37190909E+00
  376   0.17751E+02 -0.37282245E+00
  377   0.17801E+02 -0.37380363E+00
  378   0.17851E+02 -0.37485249E+00
  379   0.17901E+02 -0.37596883E+00
  380   0.17951E+02 -0.37715238E+00
  381   0.18001E+02 -0.37840280E+00
  382   0.18051E+02 -0.37971971E+00
  383   0.18101E+02 -0.38110265E+00
  384   0.18151E+02 -0.38255108E+00
  385   0.18201E+02 -0.38406443E+00
  386   0.18251E+02 -0.38564203E+00
  387   0.18301E+02 -0.38728317E+00
  388   0.18351E+02 -0.38898707E+00
  389   0.18401E+02 -0.39075289E+00
  390   0.18451E+02 -0.39257972E+00
  391   0.18501E+02 -0.39446660E+00
  392   0.18551E+02 -0.39641251E+00
  393   0.18601E+02 -0.39841635E+00
  394   0.18651E+02 -0.40047698E+00
  395   0.18701E+02 -0.40259320E+00
  396   0.18751E+02 -0.40476374E+00
  397   0.18801E+02 -0.40698730E+00
  398   0.18851E+02 -0.40926250E+00
  399   0.18901E+02 -0.41158792E+00
  400   0.18951E+02 -0.41396208E+00
  401   0.19001E+02 -0.41638345E+00
  402   0.19051E+02 -0.41885046E+00
  403   0.19101E+02 -0.42136148E+00
  404   0.19151E+02 -0.42391484E+00
  405   0.19201E+02 -0.42650882E+00
  406   0.19251E+02 -0.42914166E+00
  407   0.19301E+02 -0.43181157E+00
  408   0.19351E+02 -0.43451669E+00
  409   0.19401E+02 -0.43725514E+00
  410   0.19451E+02 -0.44002500E+00
  411   0.19501E+02 -0.44282432E+00
  412   0.19551E+02 -0.44565110E+00
  413   0.19601E+02 -0.44850334E+00
  414   0.19651E+02 -0.45137896E+00
  415   0.19701E+02 -0.45427590E+00
  416   0.19751E+02 -0.45719205E+00
  417   0.19801E+02 -0.46012528E+00
  418   0.19851E+02 -0.46307343E+00
  419   0.19901E+02 -0.46603434E+00
  420   0.19951E+02 -0.46900580E+00

 *** Task successfully completed ***
