+-------------------------------------------------------------------------+
|              _              |                                           |
| || || ||//  | \          |  | University College London (C) 1994 - 2020 |
| || || ||    | / |/\/\ /\ |  | Open University           (C) 2007 - 2020 |
| \\_// ||\\  | \ | | | \/ |  |                                           |
|                             |                                           |
+-------------------------------------------------------------------------+
| Last revision: unknown                                                  |
| Last author:   unknown                                                  |
| Last date:     unknown                                                  |
+-------------------------------------------------------------------------+
MPI startup(): PMI server not found. Please set I_MPI_PMI_LIBRARY variable if it is not a singleton case.


 Program SWINTERF  ( last modified 12-Jan-2004 )

e + H2O - doublet App                                       20230416  144610.335


 Symmetry data   MGVN = 1 STOT = 2

 Input datasets:             Unit  Set number
 Target data          LUTARG  24       1       FORMATTED
 Boundary amplitudes  LUAMP   16       1     UNFORMATTED
 CI data              LUCI    25       1     UNFORMATTED
 Buttle corrections   LUBUT    0       1     UNFORMATTED

 Output datasets:            Unit  Set number
 Channel data         LUCHAN  10       1     UNFORMATTED
 R-Matrix data        LURMT   21       1     UNFORMATTED

 We are using UKRmol+ input

 Assuming full CI vectors have been saved on LUCI 

 Target rotational constants (a.u.)   0.141396D-03   0.753360D-04   0.491492D-04

 Nuclear centres 
    Atom  Charge      X         Y         Z         Mass
  1   O      8     0.000000  0.000000  0.116475   15.994900
  2   H      1     0.000000  1.343991 -0.924529    1.007800
  3   H      1     0.000000 -1.343991 -0.924529    1.007800

 Reduced mass     890.471806 au

 Transition moments
    1    0    1    0    1   -1   0.00000
    1    0    1    0    1    0   0.73075
    1    0    1    0    2   -1   0.00000
    1    0    1    0    2    0   0.10011
    1    0    1    0    2    2   1.80425
    5    0    1    0    1   -1   0.50600
    5    0    1    0    1    0   0.00000
    5    0    1    0    2   -1  -0.83867
    5    0    1    0    2    0  -0.00000
    5    0    1    0    2    2  -0.00000
    5    0    5    0    1   -1  -0.00000
    5    0    5    0    1    0   0.19752
    5    0    5    0    2   -1   0.00000
    5    0    5    0    2    0  -0.94651
    5    0    5    0    2    2   0.71898
    4    0    4    0    1   -1   0.00000
    4    0    4    0    1    0   0.20659
    4    0    4    0    2   -1  -0.00000
    4    0    4    0    2    0   0.08663
    4    0    4    0    2    2   1.35571
    3    1    1    0    2   -2  -0.47476
    3    1    1    0    2    1  -0.00000
    3    1    5    0    1    1  -0.09052
    3    1    5    0    2   -2   0.00000
    3    1    5    0    2    1  -0.77006
    3    1    3    1    1   -1  -0.00000
    3    1    3    1    1    0   0.23190
    3    1    3    1    2   -1   0.00000
    3    1    3    1    2    0   0.34551
    3    1    3    1    2    2  -0.16667
    2    1    4    0    1    1  -0.00000
    2    1    4    0    2   -2   0.43119
    2    1    4    0    2    1   0.00000
    2    1    2    1    1   -1  -0.00000
    2    1    2    1    1    0   0.20994
    2    1    2    1    2   -1   0.00000
    2    1    2    1    2    0   0.32622
    2    1    2    1    2    2  -0.21316

 READCIP start

 CI file header data:
 --------------------
 MGVN  =  1
 NSET  =  1
 NSTAT =        817
 NOCSF =        817

 READCIP end

 R-matrix radius  =   10.00
 Residual charge on system = 0

 Channel Target  l  m  q       Irr  Energy   Energy(eV)
    1       1    1  1  1  N/A   2  0.000000  0.000000
    2       1    2  2 -1  N/A   2  0.000000  0.000000
    3       1    2  1  1  N/A   2  0.000000  0.000000
    4       1    3  2 -1  N/A   2  0.000000  0.000000
    5       1    3  1  1  N/A   2  0.000000  0.000000
    6       1    3  3  1  N/A   2  0.000000  0.000000
    7       1    4  4 -1  N/A   2  0.000000  0.000000
    8       1    4  2 -1  N/A   2  0.000000  0.000000
    9       1    4  1  1  N/A   2  0.000000  0.000000
   10       1    4  3  1  N/A   2  0.000000  0.000000
   11       2    0  0  0  N/A   1  1.588988 21.618882
   12       2    1  1 -1  N/A   1  1.588988 21.618882
   13       2    1  0  0  N/A   1  1.588988 21.618882
   14       2    2  1 -1  N/A   1  1.588988 21.618882
   15       2    2  0  0  N/A   1  1.588988 21.618882
   16       2    2  2  1  N/A   1  1.588988 21.618882
   17       2    3  3 -1  N/A   1  1.588988 21.618882
   18       2    3  1 -1  N/A   1  1.588988 21.618882
   19       2    3  0  0  N/A   1  1.588988 21.618882
   20       2    3  2  1  N/A   1  1.588988 21.618882
   21       2    4  3 -1  N/A   1  1.588988 21.618882
   22       2    4  1 -1  N/A   1  1.588988 21.618882
   23       2    4  0  0  N/A   1  1.588988 21.618882
   24       2    4  2  1  N/A   1  1.588988 21.618882
   25       2    4  4  1  N/A   1  1.588988 21.618882
   26       3    0  0  0  N/A   1  1.662060 22.613060
   27       3    1  1 -1  N/A   1  1.662060 22.613060
   28       3    1  0  0  N/A   1  1.662060 22.613060
   29       3    2  1 -1  N/A   1  1.662060 22.613060
   30       3    2  0  0  N/A   1  1.662060 22.613060
   31       3    2  2  1  N/A   1  1.662060 22.613060
   32       3    3  3 -1  N/A   1  1.662060 22.613060
   33       3    3  1 -1  N/A   1  1.662060 22.613060
   34       3    3  0  0  N/A   1  1.662060 22.613060
   35       3    3  2  1  N/A   1  1.662060 22.613060
   36       3    4  3 -1  N/A   1  1.662060 22.613060
   37       3    4  1 -1  N/A   1  1.662060 22.613060
   38       3    4  0  0  N/A   1  1.662060 22.613060
   39       3    4  2  1  N/A   1  1.662060 22.613060
   40       3    4  4  1  N/A   1  1.662060 22.613060
   41       4    1  1  1  N/A   2  1.802652 24.525883
   42       4    2  2 -1  N/A   2  1.802652 24.525883
   43       4    2  1  1  N/A   2  1.802652 24.525883
   44       4    3  2 -1  N/A   2  1.802652 24.525883
   45       4    3  1  1  N/A   2  1.802652 24.525883
   46       4    3  3  1  N/A   2  1.802652 24.525883
   47       4    4  4 -1  N/A   2  1.802652 24.525883
   48       4    4  2 -1  N/A   2  1.802652 24.525883
   49       4    4  1  1  N/A   2  1.802652 24.525883
   50       4    4  3  1  N/A   2  1.802652 24.525883
   51       5    1  1  1  N/A   2  2.063593 28.076093
   52       5    2  2 -1  N/A   2  2.063593 28.076093
   53       5    2  1  1  N/A   2  2.063593 28.076093
   54       5    3  2 -1  N/A   2  2.063593 28.076093
   55       5    3  1  1  N/A   2  2.063593 28.076093
   56       5    3  3  1  N/A   2  2.063593 28.076093
   57       5    4  4 -1  N/A   2  2.063593 28.076093
   58       5    4  2 -1  N/A   2  2.063593 28.076093
   59       5    4  1  1  N/A   2  2.063593 28.076093
   60       5    4  3  1  N/A   2  2.063593 28.076093

 Dimension of Hamiltonian matrix           NOCSF =       817
 Number of CSFs used to construct R-matrix NSTAT =  817
 Number of eigenvectors to be retained     NPOLE =    0
 Number of multipoles in potential         ISMAX =    2

 READCIP start

 Reading CI coefficients...
 Last pole include at                   817  is   -68.0703427446509       Ryd

 READCIP end

     R-matrix boundary amplitudes 

     At radial distance RMATR -      0.00000000 Bohr radii
     No. of channels     =    60
     No. of eigenvectors =   817
     No. of correction terms =     0


     First 30 R-matrix amplitudes

     Channel =   1     -0.37402173     -0.00000000      0.06759798
                        0.00963242     -0.00000000      0.00174442
                       -0.00000000      0.00181440      0.00000000
                        0.00042320     -0.33371874      0.00000000
                       -0.07044934      0.01211304      0.00000000
                       -0.00339805     -0.00000002     -0.09110767
                       -0.00000001      0.29163735     -0.07139691
                        0.00000000      0.10716826      0.01527647
                       -0.00000000      0.00436506     -0.00000000
                       -0.00142852     -0.00000000     -0.00000000
     Channel =   2      0.00000000     -0.40505893     -0.00000000
                       -0.00000000     -0.04161023     -0.00000000
                        0.00719569      0.00000000     -0.00237685
                        0.00000000      0.00000000      0.32778843
                       -0.00000000      0.00000000     -0.03549456
                       -0.00000000     -0.01279516      0.00000000
                        0.00926589     -0.00000000     -0.00000000
                        0.31433006      0.00000000      0.00000000
                        0.03777486     -0.00000000     -0.00309628
                       -0.00000000      0.00012994      0.00019346
     Channel =   3      0.06121258     -0.00000000      0.40106428
                        0.01499503     -0.00000000     -0.04718272
                        0.00000000     -0.00528971     -0.00000000
                       -0.00164712      0.06603225     -0.00000000
                       -0.32246747      0.00696434     -0.00000000
                        0.03523444      0.00000001      0.03725493
                        0.00000000     -0.09245318      0.01824453
                       -0.00000000      0.29936603     -0.00117333
                        0.00000000     -0.03095949      0.00000000
                        0.00065210      0.00000000      0.00000000
     Channel =   4      0.00000000      0.03804007     -0.00000000
                       -0.00000001     -0.43720654     -0.00000000
                        0.01799984      0.00000000      0.03270154
                       -0.00000000     -0.00000000     -0.03290667
                        0.00000000      0.00000001     -0.34190804
                       -0.00000000     -0.01308943      0.00000000
                       -0.02611602     -0.00000000      0.00000000
                       -0.03445944     -0.00000000      0.00000001
                        0.32634686     -0.00000000      0.00195703
                        0.00000000      0.00037552     -0.00121396
     Channel =   5     -0.00540938     -0.00000000     -0.04569887
                        0.14308460     -0.00000000     -0.41300892
                        0.00000000     -0.01608899      0.00000000
                        0.03689582     -0.00646114      0.00000000
                        0.03472062      0.11184528      0.00000000
                        0.32392532      0.00000000      0.00727413
                        0.00000000      0.01802259      0.02388991
                        0.00000000     -0.02852909      0.09824772
                       -0.00000000     -0.31350271     -0.00000000
                       -0.00028707      0.00000000     -0.00000000
     Channel =   6      0.00642010     -0.00000000     -0.00077306
                        0.41492200     -0.00000001      0.14468948
                        0.00000000     -0.02714077     -0.00000000
                       -0.01121249      0.01059156      0.00000000
                       -0.00054524      0.32490783      0.00000001
                       -0.11241459      0.00000000      0.02610610
                        0.00000000     -0.00959081     -0.00574339
                        0.00000000      0.00201340      0.31343889
                       -0.00000001      0.09783419     -0.00000000
                       -0.00163732      0.00000000      0.00000000
     Channel =   7     -0.00000000      0.00500820      0.00000000
                       -0.00000000      0.00015117     -0.00000000
                        0.40617494      0.00000005     -0.23352450
                        0.00000001     -0.00000000     -0.00765430
                        0.00000000     -0.00000000     -0.00059955
                        0.00000000     -0.29926305      0.00000005
                        0.18846746      0.00000000     -0.00000001
                       -0.01772636     -0.00000000     -0.00000000
                        0.00212108      0.00000000     -0.00024872
                       -0.00000000      0.00001114      0.00016660
     Channel =   8      0.00000000     -0.00165356      0.00000000
                        0.00000000      0.03503632      0.00000000
                        0.23252514      0.00000001      0.40532757
                       -0.00000001      0.00000000      0.00173174
                       -0.00000000     -0.00000000      0.02762243
                        0.00000000     -0.18812578      0.00000004
                       -0.29868090     -0.00000000      0.00000000
                        0.00465446     -0.00000000     -0.00000000
                       -0.02662820      0.00000000      0.00015805
                        0.00000000      0.00028614     -0.00008250
     Channel =   9      0.00023740     -0.00000000      0.00325223
                       -0.01290558      0.00000000      0.03563071
                        0.00000001     -0.18788384      0.00000000
                        0.42816258      0.00006071     -0.00000000
                       -0.00289381     -0.01032284     -0.00000000
                       -0.02670134      0.00000002      0.12861155
                        0.00000001      0.11467991      0.30854297
                        0.00000000      0.00331293     -0.00954564
                        0.00000000      0.02396762      0.00000000
                       -0.00039365      0.00000000      0.00000000
     Channel =  10     -0.00111163      0.00000000     -0.00344027
                       -0.02600320      0.00000000     -0.00854830
                        0.00000004     -0.42798453     -0.00000002
                       -0.18863470     -0.00429539      0.00000000
                        0.00518888     -0.02122340     -0.00000000
                        0.00710268      0.00000005      0.31099304
                        0.00000001      0.06466255     -0.15428419
                        0.00000000     -0.00997070     -0.02179118
                        0.00000000     -0.00713956     -0.00000000
                       -0.00096285     -0.00000000      0.00000000
     Channel =  11     -0.00000000      0.00000055      0.00000000
                       -0.00000000     -0.00000016      0.00000000
                       -0.00000003      0.00000000      0.00000004
                       -0.00000000      0.00000000     -0.00000297
                        0.00000000     -0.00000000     -0.00000236
                       -0.00000000     -0.00000286      0.00000000
                        0.00000420     -0.00000000      0.00000000
                        0.00010321     -0.00000000      0.00000000
                       -0.00050022     -0.00000000      0.32618693
                        0.00000000     -0.07258376     -0.04427848
     Channel =  12      0.00000098     -0.00000000      0.00000019
                       -0.00000009      0.00000000     -0.00000026
                        0.00000000     -0.00000021     -0.00000000
                       -0.00000003     -0.00000657      0.00000000
                        0.00000084      0.00000300     -0.00000000
                       -0.00000206     -0.00000000      0.00000667
                        0.00000000     -0.00003870      0.00000981
                        0.00000000     -0.00000319     -0.00034974
                        0.00000000     -0.00006829      0.00000000
                       -0.30587888     -0.00000000     -0.00000000
     Channel =  13     -0.00000000     -0.00000069      0.00000000
                       -0.00000000     -0.00000008      0.00000000
                        0.00000009      0.00000000     -0.00000008
                        0.00000000     -0.00000000     -0.00000236
                        0.00000000     -0.00000000      0.00000255
                        0.00000000      0.00000050      0.00000000
                       -0.00000219     -0.00000000      0.00000000
                       -0.00000852      0.00000000     -0.00000000
                        0.00024395      0.00000000     -0.04920717
                       -0.00000000     -0.36133265      0.07964981
     Channel =  14     -0.00000664      0.00000000     -0.00000221
                       -0.00000094      0.00000000     -0.00000052
                       -0.00000000     -0.00000043     -0.00000000
                       -0.00000009      0.00002518      0.00000000
                       -0.00001041      0.00000476     -0.00000000
                       -0.00000250      0.00000000     -0.00001508
                       -0.00000000      0.00004647     -0.00001108
                       -0.00000000     -0.00000855      0.00006196
                        0.00000000      0.00003764     -0.00000000
                        0.04298528     -0.00000000      0.00000000
     Channel =  15      0.00000000     -0.00000892      0.00000000
                        0.00000000      0.00000173     -0.00000000
                       -0.00000039     -0.00000000      0.00000027
                       -0.00000000     -0.00000000     -0.00003845
                        0.00000000      0.00000000     -0.00000859
                        0.00000000     -0.00000156      0.00000000
                        0.00000268     -0.00000000     -0.00000000
                        0.00003703      0.00000000      0.00000000
                        0.00001438     -0.00000000     -0.00007184
                        0.00000000      0.02165990     -0.00726802
     Channel =  16      0.00000000      0.00000285     -0.00000000
                       -0.00000000     -0.00000033      0.00000000
                       -0.00000007     -0.00000000      0.00000002
                       -0.00000000     -0.00000000      0.00001138
                        0.00000000      0.00000000      0.00000076
                        0.00000000      0.00000026      0.00000000
                        0.00000028     -0.00000000      0.00000000
                        0.00000929     -0.00000000      0.00000000
                       -0.00011084      0.00000000     -0.00154015
                        0.00000000     -0.00360558     -0.01472566
     Channel =  17      0.00001507     -0.00000000      0.00000234
                        0.00000286     -0.00000000      0.00000033
                       -0.00000000      0.00000083      0.00000000
                        0.00000014     -0.00005605     -0.00000000
                        0.00001124     -0.00001475      0.00000000
                        0.00000109      0.00000000      0.00003150
                       -0.00000000     -0.00008497      0.00002032
                        0.00000000      0.00001359      0.00000189
                        0.00000000      0.00000394     -0.00000000
                        0.00106497      0.00000000     -0.00000000
     Channel =  18     -0.00000077     -0.00000000      0.00000023
                       -0.00000092     -0.00000000      0.00000010
                        0.00000000     -0.00000010     -0.00000000
                        0.00000001      0.00000322     -0.00000000
                        0.00000151      0.00000524      0.00000000
                        0.00000063      0.00000000     -0.00000198
                       -0.00000000      0.00000328     -0.00000106
                        0.00000000      0.00000407     -0.00000029
                       -0.00000000     -0.00000616     -0.00000000
                       -0.00150072      0.00000000      0.00000000
     Channel =  19     -0.00000000      0.00000677      0.00000000
                       -0.00000000     -0.00000253     -0.00000000
                        0.00000012     -0.00000000     -0.00000051
                        0.00000000      0.00000000      0.00003331
                        0.00000000      0.00000000      0.00001423
                        0.00000000      0.00000084      0.00000000
                       -0.00000498      0.00000000     -0.00000000
                       -0.00006213     -0.00000000     -0.00000000
                        0.00000990      0.00000000      0.00026117
                       -0.00000000      0.00104126      0.00100496
     Channel =  20     -0.00000000      0.00000481      0.00000000
                        0.00000000     -0.00000066     -0.00000000
                        0.00000046      0.00000000     -0.00000008
                       -0.00000000      0.00000000      0.00001974
                       -0.00000000      0.00000000      0.00000387
                       -0.00000000      0.00000314     -0.00000000
                       -0.00000097      0.00000000     -0.00000000
                       -0.00002794      0.00000000     -0.00000000
                        0.00003418     -0.00000000      0.00035524
                        0.00000000      0.00008093      0.00204403
     Channel =  21     -0.00000062      0.00000000      0.00000457
                        0.00000081     -0.00000000      0.00000044
                       -0.00000000      0.00000091      0.00000000
                       -0.00000004     -0.00000066      0.00000000
                        0.00002186     -0.00000543      0.00000000
                        0.00000303     -0.00000000      0.00001023
                        0.00000000     -0.00000720      0.00000216
                       -0.00000000      0.00003879      0.00001856
                        0.00000000      0.00001108     -0.00000000
                        0.00004067     -0.00000000      0.00000000
     Channel =  22     -0.00000311      0.00000000     -0.00000219
                       -0.00000111      0.00000000     -0.00000008
                       -0.00000000     -0.00000079      0.00000000
                        0.00000007      0.00001214      0.00000000
                       -0.00001017      0.00000616      0.00000000
                       -0.00000027     -0.00000000     -0.00001215
                        0.00000000      0.00001926     -0.00000568
                       -0.00000000     -0.00001583     -0.00001420
                        0.00000000     -0.00000019      0.00000000
                       -0.00011209     -0.00000000     -0.00000000
     Channel =  23      0.00000000      0.00000656     -0.00000000
                       -0.00000000     -0.00000302      0.00000000
                       -0.00000012     -0.00000000     -0.00000099
                        0.00000000      0.00000000      0.00002906
                        0.00000000     -0.00000000      0.00001676
                       -0.00000000     -0.00000146     -0.00000000
                       -0.00000799      0.00000000      0.00000000
                       -0.00004500      0.00000000      0.00000000
                        0.00003849      0.00000000     -0.00003121
                        0.00000000     -0.00005502     -0.00017561
     Channel =  24      0.00000000      0.00000808     -0.00000000
                       -0.00000000     -0.00000182      0.00000000
                        0.00000041      0.00000000      0.00000005
                       -0.00000000      0.00000000      0.00003502
                        0.00000000      0.00000000      0.00000938
                       -0.00000000      0.00000294     -0.00000000
                        0.00000013     -0.00000000     -0.00000000
                       -0.00005194     -0.00000000      0.00000000
                        0.00001806      0.00000000     -0.00005520
                        0.00000000     -0.00003452     -0.00019558
     Channel =  25     -0.00000000      0.00000341      0.00000000
                        0.00000000      0.00000012     -0.00000000
                        0.00000084      0.00000000     -0.00000011
                       -0.00000000     -0.00000000      0.00001782
                       -0.00000000     -0.00000000     -0.00000007
                       -0.00000000      0.00000688      0.00000000
                       -0.00000155     -0.00000000      0.00000000
                       -0.00003801     -0.00000000      0.00000000
                        0.00000449      0.00000000      0.00000265
                       -0.00000000      0.00002005      0.00011473
     Channel =  26      0.00000000     -0.00014496     -0.00000000
                        0.00000000      0.00001873     -0.00000000
                       -0.00000087     -0.00000000      0.00000004
                        0.00000000     -0.00000000      0.00008814
                       -0.00000000      0.00000000     -0.00000008
                        0.00000000     -0.00000283     -0.00000000
                        0.00000258      0.00000000     -0.00000000
                        0.00005608      0.00000000     -0.00000000
                       -0.00013705     -0.00000000     -0.01885252
                        0.00000000     -0.04624485     -0.28288712
     Channel =  27     -0.00010682      0.00000000      0.00000112
                       -0.00013260      0.00000000     -0.00001014
                       -0.00000000     -0.00001894      0.00000000
                       -0.00000107     -0.00005253     -0.00000000
                       -0.00001240     -0.00005016      0.00000000
                        0.00000105     -0.00000000     -0.00003426
                       -0.00000000      0.00007991     -0.00001826
                       -0.00000000     -0.00000176     -0.00024996
                        0.00000000     -0.00002039      0.00000000
                       -0.04057023     -0.00000000     -0.00000000
     Channel =  28      0.00000000      0.00003106     -0.00000000
                       -0.00000000     -0.00010607     -0.00000000
                       -0.00000972      0.00000000     -0.00001702
                       -0.00000000     -0.00000000     -0.00000003
                       -0.00000000      0.00000000     -0.00003598
                       -0.00000000     -0.00000381     -0.00000000
                       -0.00000916     -0.00000000      0.00000000
                       -0.00003582     -0.00000000      0.00000000
                        0.00018154     -0.00000000      0.00639403
                       -0.00000000      0.01130564      0.05972606
     Channel =  29      0.00002763     -0.00000000      0.00007470
                        0.00002117     -0.00000000      0.00000731
                       -0.00000000      0.00011024      0.00000000
                        0.00000544      0.00002548     -0.00000000
                       -0.00003988      0.00000676      0.00000000
                       -0.00000332     -0.00000000     -0.00002463
                       -0.00000000     -0.00002062      0.00000552
                        0.00000000      0.00004662      0.00006079
                       -0.00000000      0.00003283     -0.00000000
                        0.01065023      0.00000000     -0.00000000
     Channel =  30     -0.00000000      0.00009070      0.00000000
                       -0.00000000      0.00001520      0.00000000
                        0.00004865      0.00000000      0.00008206
                        0.00000000     -0.00000000     -0.00002745
                       -0.00000000     -0.00000000      0.00001026
                        0.00000000     -0.00000965     -0.00000000
                       -0.00002553      0.00000000      0.00000000
                       -0.00007709      0.00000000     -0.00000000
                       -0.00003957      0.00000000      0.00018189
                       -0.00000000      0.00011887     -0.00006269
     Channel =  31     -0.00000000     -0.00000032      0.00000000
                       -0.00000000      0.00000136     -0.00000000
                        0.00012623      0.00000000     -0.00007129
                        0.00000000     -0.00000000     -0.00002053
                       -0.00000000     -0.00000000     -0.00000820
                       -0.00000000     -0.00003740      0.00000000
                        0.00002544     -0.00000000      0.00000000
                        0.00001612     -0.00000000     -0.00000000
                        0.00001438     -0.00000000      0.00230770
                       -0.00000000      0.00201291      0.00630151
     Channel =  32     -0.00009755      0.00000000      0.00000642
                       -0.00001518      0.00000000      0.00004605
                        0.00000000     -0.00000307     -0.00000000
                        0.00000639     -0.00004556      0.00000000
                       -0.00001532      0.00000357      0.00000000
                       -0.00002654     -0.00000000     -0.00003134
                        0.00000000      0.00009078     -0.00002123
                        0.00000000      0.00001133     -0.00001442
                        0.00000000      0.00002677      0.00000000
                        0.00050358      0.00000000      0.00000000
     Channel =  33      0.00002520      0.00000000     -0.00002170
                        0.00006976      0.00000000     -0.00005439
                       -0.00000000     -0.00000873      0.00000000
                       -0.00000888      0.00000020     -0.00000000
                        0.00001978      0.00003125     -0.00000000
                        0.00002872     -0.00000000      0.00001611
                        0.00000000     -0.00003973      0.00000902
                        0.00000000     -0.00000051      0.00004510
                        0.00000000     -0.00003796     -0.00000000
                       -0.00062561      0.00000000      0.00000000
     Channel =  34      0.00000000     -0.00002705      0.00000000
                        0.00000000      0.00009532     -0.00000000
                       -0.00000185      0.00000000     -0.00000298
                       -0.00000000      0.00000000      0.00001118
                       -0.00000000     -0.00000000      0.00004461
                       -0.00000000      0.00000002     -0.00000000
                        0.00000300      0.00000000     -0.00000000
                        0.00001161      0.00000000      0.00000000
                       -0.00005983     -0.00000000     -0.00030747
                        0.00000000     -0.00030960     -0.00093631
     Channel =  35      0.00000000     -0.00000202     -0.00000000
                       -0.00000000      0.00000102     -0.00000000
                       -0.00001634     -0.00000000      0.00000894
                        0.00000000      0.00000000     -0.00000297
                        0.00000000      0.00000000      0.00000224
                       -0.00000000      0.00000169     -0.00000000
                       -0.00000260      0.00000000      0.00000000
                        0.00000059     -0.00000000      0.00000000
                       -0.00000336     -0.00000000     -0.00048786
                        0.00000000     -0.00052479     -0.00144832
     Channel =  36      0.00002563     -0.00000000      0.00006694
                        0.00000094      0.00000000     -0.00000747
                       -0.00000000      0.00002196     -0.00000000
                       -0.00005550      0.00001925     -0.00000000
                       -0.00004840      0.00000452     -0.00000000
                        0.00000094      0.00000000     -0.00000185
                       -0.00000000     -0.00004287     -0.00001609
                        0.00000000      0.00003131     -0.00000305
                        0.00000000     -0.00000639     -0.00000000
                        0.00014120      0.00000000      0.00000000
     Channel =  37     -0.00001134      0.00000000     -0.00002413
                       -0.00001975      0.00000000      0.00001434
                        0.00000000     -0.00008551     -0.00000000
                        0.00004520     -0.00000263      0.00000000
                        0.00001616     -0.00000458     -0.00000000
                       -0.00000527      0.00000000      0.00003286
                        0.00000000      0.00003686      0.00001435
                       -0.00000000     -0.00001460     -0.00002200
                       -0.00000000      0.00001442     -0.00000000
                       -0.00002704     -0.00000000     -0.00000000
     Channel =  38     -0.00000000     -0.00001668      0.00000000
                        0.00000000     -0.00002744      0.00000000
                       -0.00005084     -0.00000000     -0.00008701
                        0.00000000      0.00000000     -0.00000081
                       -0.00000000     -0.00000000     -0.00000914
                       -0.00000000      0.00002603     -0.00000000
                        0.00004303      0.00000000     -0.00000000
                        0.00002729     -0.00000000      0.00000000
                        0.00002243      0.00000000      0.00007104
                        0.00000000      0.00004985      0.00011392
     Channel =  39     -0.00000000     -0.00000455      0.00000000
                        0.00000000     -0.00000059      0.00000000
                       -0.00003533     -0.00000000      0.00001812
                        0.00000000      0.00000000     -0.00001659
                        0.00000000     -0.00000000     -0.00000020
                       -0.00000000      0.00001590     -0.00000000
                       -0.00001062      0.00000000     -0.00000000
                        0.00003429      0.00000000      0.00000000
                       -0.00000727      0.00000000      0.00007635
                        0.00000000      0.00005526      0.00012048
     Channel =  40      0.00000000      0.00010274      0.00000000
                       -0.00000000     -0.00000107      0.00000000
                        0.00001754     -0.00000000      0.00003689
                        0.00000000     -0.00000000     -0.00006181
                        0.00000000      0.00000000      0.00000124
                       -0.00000000     -0.00000987      0.00000000
                       -0.00001605     -0.00000000      0.00000000
                       -0.00008019      0.00000000     -0.00000000
                        0.00000757     -0.00000000     -0.00004861
                       -0.00000000     -0.00001433     -0.00002929
     Channel =  41      0.00001347     -0.00000000     -0.00000395
                        0.00000029      0.00000000      0.00000024
                        0.00000000      0.00000038     -0.00000000
                        0.00000008     -0.00004118     -0.00000000
                       -0.00001971     -0.00000130      0.00000000
                        0.00000130      0.00000000      0.00001338
                       -0.00000000     -0.00003786      0.00000931
                        0.00000000     -0.00003123      0.00002952
                       -0.00000000      0.00003189      0.00000000
                        0.00089171      0.00000000      0.00000000
     Channel =  42     -0.00000000     -0.00001810      0.00000000
                        0.00000000      0.00000466     -0.00000000
                       -0.00000078     -0.00000000      0.00000090
                       -0.00000000     -0.00000000     -0.00008560
                        0.00000000      0.00000000     -0.00002591
                        0.00000000     -0.00000579     -0.00000000
                        0.00000918     -0.00000000     -0.00000000
                        0.00013607      0.00000000      0.00000000
                       -0.00000833     -0.00000000     -0.00076918
                       -0.00000000      0.00020546      0.00019171
     Channel =  43      0.00003096     -0.00000000      0.00001565
                        0.00000333     -0.00000000      0.00000295
                        0.00000000      0.00000162      0.00000000
                        0.00000070     -0.00011649      0.00000000
                        0.00007288     -0.00001638     -0.00000000
                        0.00001607      0.00000000      0.00006613
                        0.00000000     -0.00018473      0.00004028
                        0.00000000      0.00009509      0.00000926
                        0.00000000      0.00000387     -0.00000000
                       -0.00005621     -0.00000000     -0.00000000
     Channel =  44     -0.00000000      0.00001654     -0.00000000
                        0.00000000     -0.00000563     -0.00000000
                        0.00000056     -0.00000000     -0.00000115
                        0.00000000     -0.00000000      0.00008492
                       -0.00000000     -0.00000000      0.00003420
                       -0.00000000      0.00000487     -0.00000000
                       -0.00001393      0.00000000      0.00000000
                       -0.00017175     -0.00000000      0.00000000
                        0.00006327      0.00000000      0.00007638
                        0.00000000      0.00044286     -0.00012927
     Channel =  45     -0.00000885      0.00000000     -0.00000813
                        0.00000056     -0.00000000     -0.00000259
                        0.00000000     -0.00000046      0.00000000
                       -0.00000047      0.00003761     -0.00000000
                       -0.00004138     -0.00000387     -0.00000000
                       -0.00001574     -0.00000000     -0.00002608
                       -0.00000000      0.00007620     -0.00001339
                       -0.00000000     -0.00007712      0.00000538
                        0.00000000     -0.00002741     -0.00000000
                       -0.00012528      0.00000000     -0.00000000
     Channel =  46      0.00001339      0.00000000      0.00000672
                        0.00000443      0.00000000      0.00000119
                        0.00000000      0.00000128     -0.00000000
                        0.00000031     -0.00005434     -0.00000000
                        0.00003359     -0.00002600     -0.00000000
                        0.00000689      0.00000000      0.00004165
                        0.00000000     -0.00009862      0.00002165
                       -0.00000000      0.00005816      0.00004639
                        0.00000000      0.00001340     -0.00000000
                       -0.00048113     -0.00000000     -0.00000000
     Channel =  47      0.00000000     -0.00001284      0.00000000
                        0.00000000      0.00000302      0.00000000
                       -0.00000204      0.00000000      0.00000117
                       -0.00000000      0.00000000     -0.00006218
                       -0.00000000     -0.00000000     -0.00001802
                        0.00000000     -0.00001699      0.00000000
                        0.00001202      0.00000000     -0.00000000
                        0.00011633      0.00000000     -0.00000000
                       -0.00004607     -0.00000000      0.00000796
                       -0.00000000      0.00000354      0.00001447
     Channel =  48     -0.00000000      0.00000896      0.00000000
                       -0.00000000     -0.00000577     -0.00000000
                       -0.00000106     -0.00000000     -0.00000240
                        0.00000000      0.00000000      0.00004380
                        0.00000000     -0.00000000      0.00003448
                       -0.00000000     -0.00000949     -0.00000000
                       -0.00002108     -0.00000000      0.00000000
                       -0.00008330     -0.00000000     -0.00000000
                        0.00008514     -0.00000000     -0.00000770
                       -0.00000000     -0.00003412      0.00001938
     Channel =  49     -0.00000100      0.00000000     -0.00000501
                        0.00000214     -0.00000000     -0.00000221
                       -0.00000000      0.00000094     -0.00000000
                       -0.00000132      0.00000505     -0.00000000
                       -0.00002423     -0.00001293     -0.00000000
                       -0.00001343     -0.00000000      0.00000350
                        0.00000000      0.00001824      0.00000756
                       -0.00000000     -0.00004384      0.00003197
                       -0.00000000     -0.00003500     -0.00000000
                        0.00002635     -0.00000000     -0.00000000
     Channel =  50      0.00001159      0.00000000      0.00001128
                        0.00000593      0.00000000      0.00000274
                        0.00000000      0.00000334     -0.00000000
                        0.00000089     -0.00004787      0.00000000
                        0.00005404     -0.00003458      0.00000000
                        0.00001637      0.00000000      0.00005420
                        0.00000000     -0.00008545      0.00001374
                       -0.00000000      0.00009306      0.00008437
                       -0.00000000      0.00004138     -0.00000000
                        0.00006488     -0.00000000     -0.00000000
     Channel =  51     -0.00000000      0.00104124     -0.00000000
                        0.00000000     -0.00006251     -0.00000000
                       -0.00002283     -0.00000000     -0.00001750
                        0.00000000     -0.00000000     -0.00067186
                        0.00000000      0.00000000     -0.00007340
                       -0.00000000      0.00003269     -0.00000000
                       -0.00000913      0.00000000     -0.00000000
                       -0.00063947     -0.00000000      0.00000000
                        0.00006088      0.00000000     -0.00004444
                        0.00000000     -0.00014206     -0.00082929
     Channel =  52      0.00093694     -0.00000000      0.00004065
                        0.00120057     -0.00000000      0.00013668
                       -0.00000000      0.00004413      0.00000000
                       -0.00001532      0.00072280      0.00000000
                       -0.00038283      0.00081894      0.00000000
                       -0.00015547      0.00000000      0.00025286
                        0.00000000     -0.00080292      0.00016312
                        0.00000000     -0.00000983      0.00060305
                       -0.00000000      0.00008810     -0.00000000
                       -0.00010025      0.00000000      0.00000000
     Channel =  53      0.00000000     -0.00046089      0.00000000
                        0.00000000      0.00082996      0.00000000
                        0.00002785     -0.00000000      0.00010152
                       -0.00000000      0.00000000      0.00043678
                       -0.00000000     -0.00000000      0.00028892
                        0.00000000     -0.00002481      0.00000000
                       -0.00008787     -0.00000000      0.00000000
                        0.00020023      0.00000000     -0.00000000
                       -0.00039308      0.00000000     -0.00000588
                        0.00000000     -0.00009010     -0.00054579
     Channel =  54     -0.00024840      0.00000000     -0.00065396
                       -0.00006695     -0.00000000     -0.00002640
                        0.00000000     -0.00122578     -0.00000000
                       -0.00005266     -0.00021847     -0.00000000
                        0.00043570      0.00007344     -0.00000000
                        0.00009793      0.00000000      0.00071279
                        0.00000000      0.00043111     -0.00009353
                        0.00000000     -0.00031072     -0.00001008
                        0.00000000     -0.00033817     -0.00000000
                       -0.00009192     -0.00000000     -0.00000000
     Channel =  55     -0.00000000     -0.00015263     -0.00000000
                       -0.00000000     -0.00027489     -0.00000000
                       -0.00048253     -0.00000000     -0.00085223
                        0.00000000     -0.00000000      0.00009210
                       -0.00000000      0.00000000     -0.00019005
                        0.00000000      0.00033760     -0.00000000
                        0.00055104      0.00000000     -0.00000000
                        0.00003480      0.00000000      0.00000000
                        0.00036748     -0.00000000      0.00000672
                       -0.00000000      0.00000862      0.00010482
     Channel =  56     -0.00000000     -0.00103184     -0.00000000
                        0.00000000     -0.00015911      0.00000000
                       -0.00121723     -0.00000000      0.00042818
                       -0.00000000      0.00000000      0.00085950
                       -0.00000000      0.00000000     -0.00013823
                       -0.00000000      0.00076505     -0.00000000
                       -0.00028487     -0.00000000      0.00000000
                        0.00056797     -0.00000000      0.00000000
                       -0.00005043      0.00000000     -0.00000262
                        0.00000000      0.00000063     -0.00000170
     Channel =  57     -0.00002610     -0.00000000     -0.00002372
                       -0.00105225      0.00000000     -0.00036625
                        0.00000000     -0.00000963     -0.00000000
                       -0.00000896     -0.00002291     -0.00000000
                        0.00002882     -0.00069371     -0.00000000
                        0.00024617     -0.00000000     -0.00004315
                        0.00000000      0.00006898     -0.00001698
                        0.00000000     -0.00005655     -0.00076950
                        0.00000000     -0.00023484      0.00000000
                       -0.00000340      0.00000000      0.00000000
     Channel =  58      0.00005559     -0.00000000      0.00021512
                       -0.00046920      0.00000000      0.00073319
                       -0.00000000      0.00013263      0.00000000
                        0.00004860      0.00003266      0.00000000
                       -0.00012803     -0.00033729     -0.00000000
                       -0.00050633     -0.00000000     -0.00004901
                       -0.00000000     -0.00013162      0.00007358
                        0.00000000      0.00021540     -0.00032336
                        0.00000000      0.00056081     -0.00000000
                        0.00004511     -0.00000000     -0.00000000
     Channel =  59      0.00000000      0.00007474      0.00000000
                       -0.00000000     -0.00036389      0.00000000
                        0.00005576     -0.00000000      0.00010493
                        0.00000000      0.00000000     -0.00004365
                       -0.00000000      0.00000000     -0.00026429
                       -0.00000000     -0.00003731      0.00000000
                       -0.00007917      0.00000000      0.00000000
                       -0.00009059     -0.00000000      0.00000000
                        0.00026329     -0.00000000      0.00000072
                        0.00000000     -0.00000003     -0.00001069
     Channel =  60      0.00000000      0.00018485     -0.00000000
                       -0.00000000     -0.00099019     -0.00000000
                        0.00006748     -0.00000000     -0.00007317
                       -0.00000000     -0.00000000     -0.00008252
                       -0.00000000      0.00000000     -0.00066373
                       -0.00000000     -0.00000846      0.00000000
                        0.00003789      0.00000000     -0.00000000
                       -0.00024011     -0.00000000      0.00000000
                        0.00074369     -0.00000000      0.00000768
                       -0.00000000      0.00000473      0.00001441

 Channel data will be written UNFORMATTED to set number  1 on unit number 10
 Header :e + H2O - doublet App                                       20230416  144610.335

 Target state    Spin    M    G/U  Energy (au)
         1         1     0     0  -76.101937
         2         3     1     0  -75.307443
         3         1     1     0  -75.270907
         4         3     0     0  -75.200611
         5         1     0     0  -75.070141

 Residual charge on system = 0

 Channel   Target state  L   M  Threshold (Ryd)
    1            1       1   1    0.000000
    2            1       2  -2    0.000000
    3            1       2   1    0.000000
    4            1       3  -2    0.000000
    5            1       3   1    0.000000
    6            1       3   3    0.000000
    7            1       4  -4    0.000000
    8            1       4  -2    0.000000
    9            1       4   1    0.000000
   10            1       4   3    0.000000
   11            2       0   0    1.588988
   12            2       1  -1    1.588988
   13            2       1   0    1.588988
   14            2       2  -1    1.588988
   15            2       2   0    1.588988
   16            2       2   2    1.588988
   17            2       3  -3    1.588988
   18            2       3  -1    1.588988
   19            2       3   0    1.588988
   20            2       3   2    1.588988
   21            2       4  -3    1.588988
   22            2       4  -1    1.588988
   23            2       4   0    1.588988
   24            2       4   2    1.588988
   25            2       4   4    1.588988
   26            3       0   0    1.662060
   27            3       1  -1    1.662060
   28            3       1   0    1.662060
   29            3       2  -1    1.662060
   30            3       2   0    1.662060
   31            3       2   2    1.662060
   32            3       3  -3    1.662060
   33            3       3  -1    1.662060
   34            3       3   0    1.662060
   35            3       3   2    1.662060
   36            3       4  -3    1.662060
   37            3       4  -1    1.662060
   38            3       4   0    1.662060
   39            3       4   2    1.662060
   40            3       4   4    1.662060
   41            4       1   1    1.802652
   42            4       2  -2    1.802652
   43            4       2   1    1.802652
   44            4       3  -2    1.802652
   45            4       3   1    1.802652
   46            4       3   3    1.802652
   47            4       4  -4    1.802652
   48            4       4  -2    1.802652
   49            4       4   1    1.802652
   50            4       4   3    1.802652
   51            5       1   1    2.063593
   52            5       2  -2    2.063593
   53            5       2   1    2.063593
   54            5       3  -2    2.063593
   55            5       3   1    2.063593
   56            5       3   3    2.063593
   57            5       4  -4    2.063593
   58            5       4  -2    2.063593
   59            5       4   1    2.063593
   60            5       4   3    2.063593

 R-matrix data will be written UNFORMATTED to set number  1 on unit number 21
 Header :e + H2O - doublet App                                       20230416  144610.335


 *** Task has been successfully completed ***
