+-------------------------------------------------------------------------+
|              _              |                                           |
| || || ||//  | \          |  | University College London (C) 1994 - 2020 |
| || || ||    | / |/\/\ /\ |  | Open University           (C) 2007 - 2020 |
| \\_// ||\\  | \ | | | \/ |  |                                           |
|                             |                                           |
+-------------------------------------------------------------------------+
| Last revision: 3.2                                                      |
| Last author:   Jimena Gorfinkiel                                        |
| Last date:     Tue Dec 21 17:59:46 2021 +0000                           |
+-------------------------------------------------------------------------+


 PROGRAM SCATCI (19 Oct 2009) : 

                         DATE = 20230416

                         TIME = 144536.808


 CONGEN: e + H2O - doublet Ap                                                                                                    
 SCATCI: e + H2O - doublet Ap                                                                                                    
 MGVN =         0     S    =  0.5
 NELT =        11     SZ   =  0.5
 IDIAG=         2     R    =  0.0
 THRES=   0.1D-09     NSYM =    2
 MEGUL=720, NOCSF=      1065
 NPFLG         0   0   0   0   0   0
 NOB(i)=                    98
 setting NOBE(i)=                    98
 NOB(i)=                    57
 setting NOBE(i)=                    57
 NOB  =        98  57
 NOB0 =        11   1
 NOBC =        11   1
 NDTRF=         1   2   3   4   5   6   7   8   9  10  11
 NSRB=  310    LNDOF=     26823    LCDOF=      3705
 nfte =  820        nfti =    16       lembf=  5000       iodr =   1
 MOLECULE SYMMETRY CASE,  SYMTYP = 2

 Prototype CSF option requested

 CI target option requested,
 Vectors to be read from unit NFTG = 26
 Phases for target vectors read in from CONGEN

 Number of target symmetries in expansion,   NTGSYM =    4
 Number of continuum orbitals for each state, NOTGT =   87   87   56   56
 Number of CI components for each state,      NCTGT =        65        55        40        50
 Number of target states of each symmetry,   NUMTGT =    2    1    1    1
 Continuum M projection  for each state,      MCONT =    0    0    1    1

 Diagonalisation of Hamiltonian matrix requested
 SCATCI will expand NOCSF =   1065 prototype CSFs
               into MXCSF =  16125 actual configurations
               and  MOCSF =   1018 dimension final Hamiltonian

 Number of last continuum CSF, NCONT =    420
     ENERGY EXPRESSIONS COMPUTED FOR MOLECULE SYMMETRY CASE - SYMTYP=  2
 All IIII blocks of integrals
                     1                     0                     0
                     0                     0
                     2                     1                     1
                     1                     1
 All IJIJ blocks
                     3                     1                     0
                     1                     0
 The IIJJ blocks of integrals
                     4                     1                     1
                     0                     0
 NOBE =        98        57
 MBAS =         0         6
 NBASH=         1      4852      6505
   Read wavefunctions from CONGEN and load integrals
                   I         N         G         M         S      MPOS      MCON
                   1         1         0         0         0         0         1
                   2         1         0         0         1         0         1
                   3         2         0         0         0         0         1
                   4         2         0         0         1         0         1
                   5         3         0         0         0         0         1
                   6         3         0         0         1         0         1
                   7         4         0         0         0         0         1
                   8         4         0         0         1         0         1
                   9         5         0         0         0         0         1
                  10         5         0         0         1         0         1
                  11         6         0         0         0         0         1
                  12         6         0         0         1         0         1
                  13         7         0         0         0         0         1
                  14         7         0         0         1         0         1
                  15         8         0         0         0         0         1
                  16         8         0         0         1         0         1
                  17         9         0         0         0         0         1
                  18         9         0         0         1         0         1
                  19        10         0         0         0         0         1
                  20        10         0         0         1         0         1
                  21        11         0         0         0         0         1
                  22        11         0         0         1         0         1
                  23        12         0         0         0         0         0
                  24        12         0         0         1         0         0
                  25        13         0         0         0         0         0
                  26        13         0         0         1         0         0
                  27        14         0         0         0         0         0
                  28        14         0         0         1         0         0
                  29        15         0         0         0         0         0
                  30        15         0         0         1         0         0
                  31        16         0         0         0         0         0
                  32        16         0         0         1         0         0
                  33        17         0         0         0         0         0
                  34        17         0         0         1         0         0
                  35        18         0         0         0         0         0
                  36        18         0         0         1         0         0
                  37        19         0         0         0         0         0
                  38        19         0         0         1         0         0
                  39        20         0         0         0         0         0
                  40        20         0         0         1         0         0
                  41        21         0         0         0         0         0
                  42        21         0         0         1         0         0
                  43        22         0         0         0         0         0
                  44        22         0         0         1         0         0
                  45        23         0         0         0         0         0
                  46        23         0         0         1         0         0
                  47        24         0         0         0         0         0
                  48        24         0         0         1         0         0
                  49        25         0         0         0         0         0
                  50        25         0         0         1         0         0
                  51        26         0         0         0         0         0
                  52        26         0         0         1         0         0
                  53        27         0         0         0         0         0
                  54        27         0         0         1         0         0
                  55        28         0         0         0         0         0
                  56        28         0         0         1         0         0
                  57        29         0         0         0         0         0
                  58        29         0         0         1         0         0
                  59        30         0         0         0         0         0
                  60        30         0         0         1         0         0
                  61        31         0         0         0         0         0
                  62        31         0         0         1         0         0
                  63        32         0         0         0         0         0
                  64        32         0         0         1         0         0
                  65        33         0         0         0         0         0
                  66        33         0         0         1         0         0
                  67        34         0         0         0         0         0
                  68        34         0         0         1         0         0
                  69        35         0         0         0         0         0
                  70        35         0         0         1         0         0
                  71        36         0         0         0         0         0
                  72        36         0         0         1         0         0
                  73        37         0         0         0         0         0
                  74        37         0         0         1         0         0
                  75        38         0         0         0         0         0
                  76        38         0         0         1         0         0
                  77        39         0         0         0         0         0
                  78        39         0         0         1         0         0
                  79        40         0         0         0         0         0
                  80        40         0         0         1         0         0
                  81        41         0         0         0         0         0
                  82        41         0         0         1         0         0
                  83        42         0         0         0         0         0
                  84        42         0         0         1         0         0
                  85        43         0         0         0         0         0
                  86        43         0         0         1         0         0
                  87        44         0         0         0         0         0
                  88        44         0         0         1         0         0
                  89        45         0         0         0         0         0
                  90        45         0         0         1         0         0
                  91        46         0         0         0         0         0
                  92        46         0         0         1         0         0
                  93        47         0         0         0         0         0
                  94        47         0         0         1         0         0
                  95        48         0         0         0         0         0
                  96        48         0         0         1         0         0
                  97        49         0         0         0         0         0
                  98        49         0         0         1         0         0
                  99        50         0         0         0         0         0
                 100        50         0         0         1         0         0
                 101        51         0         0         0         0         0
                 102        51         0         0         1         0         0
                 103        52         0         0         0         0         0
                 104        52         0         0         1         0         0
                 105        53         0         0         0         0         0
                 106        53         0         0         1         0         0
                 107        54         0         0         0         0         0
                 108        54         0         0         1         0         0
                 109        55         0         0         0         0         0
                 110        55         0         0         1         0         0
                 111        56         0         0         0         0         0
                 112        56         0         0         1         0         0
                 113        57         0         0         0         0         0
                 114        57         0         0         1         0         0
                 115        58         0         0         0         0         0
                 116        58         0         0         1         0         0
                 117        59         0         0         0         0         0
                 118        59         0         0         1         0         0
                 119        60         0         0         0         0         0
                 120        60         0         0         1         0         0
                 121        61         0         0         0         0         0
                 122        61         0         0         1         0         0
                 123        62         0         0         0         0         0
                 124        62         0         0         1         0         0
                 125        63         0         0         0         0         0
                 126        63         0         0         1         0         0
                 127        64         0         0         0         0         0
                 128        64         0         0         1         0         0
                 129        65         0         0         0         0         0
                 130        65         0         0         1         0         0
                 131        66         0         0         0         0         0
                 132        66         0         0         1         0         0
                 133        67         0         0         0         0         0
                 134        67         0         0         1         0         0
                 135        68         0         0         0         0         0
                 136        68         0         0         1         0         0
                 137        69         0         0         0         0         0
                 138        69         0         0         1         0         0
                 139        70         0         0         0         0         0
                 140        70         0         0         1         0         0
                 141        71         0         0         0         0         0
                 142        71         0         0         1         0         0
                 143        72         0         0         0         0         0
                 144        72         0         0         1         0         0
                 145        73         0         0         0         0         0
                 146        73         0         0         1         0         0
                 147        74         0         0         0         0         0
                 148        74         0         0         1         0         0
                 149        75         0         0         0         0         0
                 150        75         0         0         1         0         0
                 151        76         0         0         0         0         0
                 152        76         0         0         1         0         0
                 153        77         0         0         0         0         0
                 154        77         0         0         1         0         0
                 155        78         0         0         0         0         0
                 156        78         0         0         1         0         0
                 157        79         0         0         0         0         0
                 158        79         0         0         1         0         0
                 159        80         0         0         0         0         0
                 160        80         0         0         1         0         0
                 161        81         0         0         0         0         0
                 162        81         0         0         1         0         0
                 163        82         0         0         0         0         0
                 164        82         0         0         1         0         0
                 165        83         0         0         0         0         0
                 166        83         0         0         1         0         0
                 167        84         0         0         0         0         0
                 168        84         0         0         1         0         0
                 169        85         0         0         0         0         0
                 170        85         0         0         1         0         0
                 171        86         0         0         0         0         0
                 172        86         0         0         1         0         0
                 173        87         0         0         0         0         0
                 174        87         0         0         1         0         0
                 175        88         0         0         0         0         0
                 176        88         0         0         1         0         0
                 177        89         0         0         0         0         0
                 178        89         0         0         1         0         0
                 179        90         0         0         0         0         0
                 180        90         0         0         1         0         0
                 181        91         0         0         0         0         0
                 182        91         0         0         1         0         0
                 183        92         0         0         0         0         0
                 184        92         0         0         1         0         0
                 185        93         0         0         0         0         0
                 186        93         0         0         1         0         0
                 187        94         0         0         0         0         0
                 188        94         0         0         1         0         0
                 189        95         0         0         0         0         0
                 190        95         0         0         1         0         0
                 191        96         0         0         0         0         0
                 192        96         0         0         1         0         0
                 193        97         0         0         0         0         0
                 194        97         0         0         1         0         0
                 195        98         0         0         0         0         0
                 196        98         0         0         1         0         0
                 197        99         0         1         0         0         1
                 198        99         0         1         1         0         1
                 199       100         0         1         0         0         0
                 200       100         0         1         1         0         0
                 201       101         0         1         0         0         0
                 202       101         0         1         1         0         0
                 203       102         0         1         0         0         0
                 204       102         0         1         1         0         0
                 205       103         0         1         0         0         0
                 206       103         0         1         1         0         0
                 207       104         0         1         0         0         0
                 208       104         0         1         1         0         0
                 209       105         0         1         0         0         0
                 210       105         0         1         1         0         0
                 211       106         0         1         0         0         0
                 212       106         0         1         1         0         0
                 213       107         0         1         0         0         0
                 214       107         0         1         1         0         0
                 215       108         0         1         0         0         0
                 216       108         0         1         1         0         0
                 217       109         0         1         0         0         0
                 218       109         0         1         1         0         0
                 219       110         0         1         0         0         0
                 220       110         0         1         1         0         0
                 221       111         0         1         0         0         0
                 222       111         0         1         1         0         0
                 223       112         0         1         0         0         0
                 224       112         0         1         1         0         0
                 225       113         0         1         0         0         0
                 226       113         0         1         1         0         0
                 227       114         0         1         0         0         0
                 228       114         0         1         1         0         0
                 229       115         0         1         0         0         0
                 230       115         0         1         1         0         0
                 231       116         0         1         0         0         0
                 232       116         0         1         1         0         0
                 233       117         0         1         0         0         0
                 234       117         0         1         1         0         0
                 235       118         0         1         0         0         0
                 236       118         0         1         1         0         0
                 237       119         0         1         0         0         0
                 238       119         0         1         1         0         0
                 239       120         0         1         0         0         0
                 240       120         0         1         1         0         0
                 241       121         0         1         0         0         0
                 242       121         0         1         1         0         0
                 243       122         0         1         0         0         0
                 244       122         0         1         1         0         0
                 245       123         0         1         0         0         0
                 246       123         0         1         1         0         0
                 247       124         0         1         0         0         0
                 248       124         0         1         1         0         0
                 249       125         0         1         0         0         0
                 250       125         0         1         1         0         0
                 251       126         0         1         0         0         0
                 252       126         0         1         1         0         0
                 253       127         0         1         0         0         0
                 254       127         0         1         1         0         0
                 255       128         0         1         0         0         0
                 256       128         0         1         1         0         0
                 257       129         0         1         0         0         0
                 258       129         0         1         1         0         0
                 259       130         0         1         0         0         0
                 260       130         0         1         1         0         0
                 261       131         0         1         0         0         0
                 262       131         0         1         1         0         0
                 263       132         0         1         0         0         0
                 264       132         0         1         1         0         0
                 265       133         0         1         0         0         0
                 266       133         0         1         1         0         0
                 267       134         0         1         0         0         0
                 268       134         0         1         1         0         0
                 269       135         0         1         0         0         0
                 270       135         0         1         1         0         0
                 271       136         0         1         0         0         0
                 272       136         0         1         1         0         0
                 273       137         0         1         0         0         0
                 274       137         0         1         1         0         0
                 275       138         0         1         0         0         0
                 276       138         0         1         1         0         0
                 277       139         0         1         0         0         0
                 278       139         0         1         1         0         0
                 279       140         0         1         0         0         0
                 280       140         0         1         1         0         0
                 281       141         0         1         0         0         0
                 282       141         0         1         1         0         0
                 283       142         0         1         0         0         0
                 284       142         0         1         1         0         0
                 285       143         0         1         0         0         0
                 286       143         0         1         1         0         0
                 287       144         0         1         0         0         0
                 288       144         0         1         1         0         0
                 289       145         0         1         0         0         0
                 290       145         0         1         1         0         0
                 291       146         0         1         0         0         0
                 292       146         0         1         1         0         0
                 293       147         0         1         0         0         0
                 294       147         0         1         1         0         0
                 295       148         0         1         0         0         0
                 296       148         0         1         1         0         0
                 297       149         0         1         0         0         0
                 298       149         0         1         1         0         0
                 299       150         0         1         0         0         0
                 300       150         0         1         1         0         0
                 301       151         0         1         0         0         0
                 302       151         0         1         1         0         0
                 303       152         0         1         0         0         0
                 304       152         0         1         1         0         0
                 305       153         0         1         0         0         0
                 306       153         0         1         1         0         0
                 307       154         0         1         0         0         0
                 308       154         0         1         1         0         0
                 309       155         0         1         0         0         0
                 310       155         0         1         1         0         0
 GIVEN NSRBD=                   310
 CALCULATED NSRB=                   310

          Assuming UKRMol+ integrals on input.
MPI startup(): PMI server not found. Please set I_MPI_PMI_LIBRARY variable if it is not a singleton case.

 On input SCATCI expects:
 1-electron integrals, NINT1e =0
 2-electron integrals, NINT2e =0

One electron integrals read-in.

Two electron integrals read-in.

 UKRMol+ integrals read successfully:
 1-electron integrals, NINT1e =12090
 2-electron integrals, NINT2e =1255995

          Nuclear repulsion energy =       9.7837911

          Finished reading UKRMol+ integrals.
   Load CI target and construct matrix elements

 TRANSFORMATION VECTOR   1 FROM SET  1 STATE  1
 SET   1    H2O CI calculation - singlet Ap                                                                                         
          NOCSF=   65    NSTAT=    2    NNUC =    4

 Nuclear data     X         Y         Z       Charge
   O  1        0.000000  0.000000  0.116475  8.000000
   H  2        0.000000  1.343991 -0.924529  1.000000
   H  3        0.000000 -1.343991 -0.924529  1.000000
   sc 4        0.000000  0.000000  0.000000  0.000000
          EIGEN-ENERGIES OF THE REQ. STATES
                      -76.1019370152      -75.0701406137

 TRANSFORMATION VECTOR   2 FROM SET  1 STATE  2

 TRANSFORMATION VECTOR   3 FROM SET  2 STATE  1
 SET   2    H2O CI calculation - triplet Ap                                                                                         
          NOCSF=   55    NSTAT=    1    NNUC =    4

 Nuclear data     X         Y         Z       Charge
   O  1        0.000000  0.000000  0.116475  8.000000
   H  2        0.000000  1.343991 -0.924529  1.000000
   H  3        0.000000 -1.343991 -0.924529  1.000000
   sc 4        0.000000  0.000000  0.000000  0.000000
          EIGEN-ENERGIES OF THE REQ. STATES
                      -75.2006108159

 TRANSFORMATION VECTOR   4 FROM SET  3 STATE  1
 SET   3    H2O CI calculation - singlet App                                                                                        
          NOCSF=   40    NSTAT=    1    NNUC =    4

 Nuclear data     X         Y         Z       Charge
   O  1        0.000000  0.000000  0.116475  8.000000
   H  2        0.000000  1.343991 -0.924529  1.000000
   H  3        0.000000 -1.343991 -0.924529  1.000000
   sc 4        0.000000  0.000000  0.000000  0.000000
          EIGEN-ENERGIES OF THE REQ. STATES
                      -75.2709070480

 TRANSFORMATION VECTOR   5 FROM SET  4 STATE  1
 SET   4    H2O CI calculation - triplet App                                                                                        
          NOCSF=   50    NSTAT=    1    NNUC =    4

 Nuclear data     X         Y         Z       Charge
   O  1        0.000000  0.000000  0.116475  8.000000
   H  2        0.000000  1.343991 -0.924529  1.000000
   H  3        0.000000 -1.343991 -0.924529  1.000000
   sc 4        0.000000  0.000000  0.000000  0.000000
          EIGEN-ENERGIES OF THE REQ. STATES
                      -75.3074430927
     MXCORB SET TO:       100000000


 TOTAL H Matrix     ELEMENTS      =    518671
 NON-ZERO ELEMENTS evaluated      =    363597
 Total    prototype ELEMENTS      =    567645
 Non-zero prototype ELEMENTS      =     60215

 Number (prototype) integrals     =    257660
 Compressed (prototype) integrals =    232849
 Number integrals evaluated       =   4392978
 ===================================================
  inside subroutine --> 'dgmain' --> begins. 
 

  ************************************************************************************************************************

 MATRIX DIAGONALIZATION SECTION
 (RUN)     H2O CI calculation - doublet Ap                                                                                         
  DATA SET FILE NUMBERS AND LENGTH SPECIFICATIONS :
      NFTE =820      NFTW =     25

 NPFLG :      0     0
 NCISET:      1

 NPCVC =    1
 THRHM = 0.10D-14


 (EMX)     e + H2O - doublet Ap                                                                                                    

  1018 Eigenvectors to be computed for
  1018 dimensional final Hamiltonian matrix

    363597 Hamiltonian elements read from unit NFTE =820
 CI data stored as set number  1

 SET   1    H2O CI calculation - doublet Ap                                                                                         

 MGVN = 0    s =   0.5    sz =   0.5    NELT =   11    NNUC =  4

 Nuclear data     X         Y         Z       Charge
   O  1        0.000000  0.000000  0.116475  8.000000
   H  2        0.000000  1.343991 -0.924529  1.000000
   H  3        0.000000 -1.343991 -0.924529  1.000000
   sc 4        0.000000  0.000000  0.000000  0.000000

 NOCSF= 1018    NSTAT= 1018    EN   =        9.7837911196

 NTGSYM=   4
  I   MCONT  NOTGT
  1      0     87
  2      0     87
  3      1     56
  4      1     56

 EIGEN-ENERGIES
                      -76.0900909418      -76.0661968247      -76.0609664020      -76.0288847979      -76.0284905332
                      -76.0259333502      -75.9794235080      -75.9794161223      -75.9782149275      -75.9770556618
                      -75.9671929152      -75.9188912595      -75.9188753278      -75.9181589469      -75.9175951570
                      -75.9167019788      -75.9081291615      -75.8914307494      -75.8419550982      -75.8390994236
                      -75.8256970573      -75.7286493679      -75.7258914297      -75.7220236557      -75.7183502773
                      -75.7147663564      -75.6513410044      -75.6083300762      -75.6070339467      -75.6062073088
                      -75.6048568635      -75.6034507795      -75.6010657044      -75.5837415556      -75.5757951216
                      -75.5416141316      -75.3949560963      -75.3850881758      -75.3787114564      -75.3683994838
                      -75.3495902860      -75.3274103006      -75.2655587630      -75.2329323547      -75.2326441072
                      -75.2315512269      -75.2288774868      -75.2155178870      -75.2076998131      -75.2066049700
                      -75.2011326548      -75.2009425049      -75.1965538729      -75.1961839318      -75.1959961287
                      -75.1958069732      -75.1899236096      -75.1840417586      -75.1837874492      -75.1837187938
                      -75.1673655781      -75.1609635002      -75.1530269001      -75.1475436128      -75.1472791287
                      -75.1471722743      -75.1280518897      -75.1274034564      -75.1251047500      -75.1238769817
                      -75.1237675077      -75.1235744301      -75.1235730645      -75.0892826346      -75.0874056230
                      -75.0872339057      -75.0870621219      -75.0870304750      -75.0867338034      -75.0787472098
                      -75.0777971608      -75.0775524823      -75.0762143390      -75.0759921709      -75.0605803761
                      -75.0383691078      -75.0336599176      -75.0328244597      -75.0307729046      -75.0231018220
                      -75.0176197256      -75.0176049994      -75.0168965280      -75.0166002609      -75.0160077417
                      -75.0010326943      -74.9989685951      -74.9983770961      -74.9970052355      -74.9959890853
                      -74.9949781613      -74.9934520951      -74.9766196884      -74.9534436199      -74.9532051341
                      -74.9472485231      -74.9472154085      -74.9461260832      -74.9457671071      -74.9324981918
                      -74.9310711694      -74.9278487030      -74.9271293301      -74.9269083738      -74.9255892354
                      -74.9246234162      -74.9218507284      -74.9017058093      -74.8920172159      -74.8913682043
                      -74.8909011966      -74.8904043056      -74.8893489740      -74.8871067010      -74.8870861984
                      -74.8862690838      -74.8861544006      -74.8857190961      -74.8725362018      -74.8647253093
                      -74.8589880376      -74.8563283381      -74.8352692500      -74.8303859662      -74.8229152369
                      -74.8222003863      -74.8193423847      -74.8175155466      -74.8107905299      -74.8104388059
                      -74.8104067724      -74.8099417791      -74.8098857946      -74.8067163992      -74.7999171904
                      -74.7923589830      -74.7848241231      -74.7744940467      -74.7740676507      -74.7734461238
                      -74.7733275862      -74.7613565120      -74.7575308902      -74.7479651319      -74.7452584826
                      -74.7403643735      -74.7329753119      -74.7230690792      -74.7160041951      -74.7072115013
                      -74.7056235012      -74.7055053204      -74.7035283820      -74.7033295581      -74.7026970493
                      -74.7010656960      -74.6949600432      -74.6929751085      -74.6924724010      -74.6891553459
                      -74.6882234875      -74.6849461414      -74.6830003918      -74.6773412428      -74.6710043307
                      -74.6701143176      -74.6652376399      -74.6605196624      -74.6550936830      -74.6475492582
                      -74.6375215570      -74.6256684011      -74.5900440121      -74.5812372111      -74.5803766882
                      -74.5781629537      -74.5780465830      -74.5751699033      -74.5751513662      -74.5726524264
                      -74.5724184723      -74.5713136724      -74.5592486534      -74.5528437347      -74.5477027969
                      -74.5464908228      -74.5455113561      -74.5437891051      -74.5375850485      -74.5202905131
                      -74.4960263083      -74.4914822297      -74.4837216567      -74.4736764516      -74.4730615621
                      -74.4677872643      -74.4590299498      -74.4535726305      -74.4415341783      -74.4219173599
                      -74.4149195149      -74.4084868012      -74.4080050008      -74.4070382127      -74.4069295966
                      -74.4018665016      -74.4003758039      -74.3972068300      -74.3840697511      -74.3783208059
                      -74.3730543894      -74.3725088278      -74.3712173307      -74.3707182812      -74.3668479103
                      -74.3660703477      -74.3603167960      -74.3569721413      -74.3560212932      -74.3550148167
                      -74.3499414739      -74.3453147920      -74.3426427695      -74.3383857177      -74.3341862761
                      -74.3298716758      -74.3296501289      -74.3159970326      -74.3083881323      -74.3078623822
                      -74.3043329966      -74.3036025633      -74.2991161101      -74.2987070213      -74.2962671192
                      -74.2910450529      -74.2832151730      -74.2801161974      -74.2743307140      -74.2627209682
                      -74.2598670159      -74.2509647481      -74.2342483955      -74.2281768519      -74.2202737066
                      -74.2147831217      -74.1975041193      -74.1883814626      -74.1869794499      -74.1761999460
                      -74.1737867445      -74.1699373567      -74.1692835871      -74.1675216514      -74.1663418226
                      -74.1395511076      -74.1377093408      -74.1358306738      -74.1285204993      -74.1232198564
                      -74.1163664306      -74.1148142670      -74.1125675861      -74.1043328041      -74.0952970307
                      -74.0871744901      -74.0850715796      -74.0790830185      -74.0709111617      -74.0616885386
                      -74.0505801908      -74.0477093813      -74.0411124519      -74.0322638970      -74.0226229024
                      -74.0169341061      -74.0163528941      -74.0103029114      -74.0002640253      -73.9863737964
                      -73.9770326251      -73.9711013850      -73.9601710461      -73.9462417678      -73.9383762836
                      -73.9235458289      -73.9177284236      -73.9128755778      -73.9057528105      -73.8940690787
                      -73.8923290399      -73.8871858954      -73.8868015530      -73.8843445251      -73.8814538156
                      -73.8807203259      -73.8801625654      -73.8784740265      -73.8749133865      -73.8743832544
                      -73.8743816233      -73.8719591600      -73.8703589486      -73.8609624019      -73.8552286366
                      -73.8543692359      -73.8430465483      -73.8420870172      -73.8393947980      -73.8382160481
                      -73.8369901612      -73.8349159089      -73.8312369272      -73.8196945640      -73.8123600698
                      -73.8085116360      -73.8039588596      -73.7998180805      -73.7938491918      -73.7889800069
                      -73.7835593063      -73.7812269862      -73.7802026378      -73.7766942381      -73.7692196933
                      -73.7686617875      -73.7678080167      -73.7644807296      -73.7565547910      -73.7563463572
                      -73.7542816236      -73.7485874519      -73.7428502562      -73.7369189464      -73.7254838952
                      -73.7168468330      -73.7163445982      -73.7038868145      -73.6950805008      -73.6891763421
                      -73.6825650996      -73.6776401526      -73.6714959008      -73.6694758022      -73.6631260915
                      -73.6582877095      -73.6554649833      -73.6516852599      -73.6488741453      -73.6447650593
                      -73.6430487318      -73.6402859501      -73.6386495729      -73.6350100996      -73.6329118512
                      -73.6278844394      -73.6158355299      -73.6141116408      -73.6107815862      -73.5931663678
                      -73.5889510784      -73.5844194944      -73.5798079226      -73.5775592348      -73.5723871994
                      -73.5717599030      -73.5711784287      -73.5675815781      -73.5619629026      -73.5602213597
                      -73.5542944070      -73.5446127860      -73.5396529088      -73.5315737925      -73.5203619754
                      -73.5168591429      -73.5152500747      -73.5106033856      -73.5082330157      -73.4962531341
                      -73.4903248620      -73.4862910859      -73.4848893989      -73.4795806850      -73.4789963769
                      -73.4668332271      -73.4637038743      -73.4554870540      -73.4533999736      -73.4446413178
