+-------------------------------------------------------------------------+
|              _              |                                           |
| || || ||//  | \          |  | University College London (C) 1994 - 2020 |
| || || ||    | / |/\/\ /\ |  | Open University           (C) 2007 - 2020 |
| \\_// ||\\  | \ | | | \/ |  |                                           |
|                             |                                           |
+-------------------------------------------------------------------------+
| Last revision: 3.2                                                      |
| Last author:   Jimena Gorfinkiel                                        |
| Last date:     Tue Dec 21 17:59:46 2021 +0000                           |
+-------------------------------------------------------------------------+


                     Density Matrix package
                     PROGRAM DENPROP

                     DATE =20230416


     H2O - Transition Moments                                                        


     No. of different wavefunction pairs to be computed =    10


          Assuming UKRMol+ integrals on input.


     Wavefunction location table
     ---------------------------

     Wavefunctions consist of two parts in the Alchemy
     and R-matrix codes. The parts are: 

       (i)  Slater determinants and Clebsch-Gordan 
            coefficients i.e. CSF definitions 
      (ii)  CI expansion coefficient over CSFs     

     Data corresponding to (i) is in a single dataset 
     for each different wavefunctions while data for (ii)
     is stored, for all wavefunctions, on a single library
     dataset

     No. of target states =   4

     No.  Determinants   CI vectors  Set. No.  Start/End
     ---  ------------   ----------  --------  ---------

       1      710           26            1    1   2
       2      730           26            2    1   1
       3      711           26            3    1   1
       4      731           26            4    1   1

     The print flags, NPFLG, are as follows: 
     --------------------------------------- 

     1. Wavefunction determinant data from SORT file =  0
     2. Diagonal density matrix formulae evaluation  =  0
     3. Off-diagonal density matrix form. evaluation =  0
     4. Summary of unsorted density matrix formulae  =  0
     5. Printing of transformed property integrals   =  0
     6. Sorting procedure for density matrix form.   =  0
     7.                                              =  0
     8.                                              =  0
     9.                                              =  1
     10. Summary of properties for external region   =  0
     11. Polarizibility calculation                  =  0



     Dataset information and logical unit association:
     -------------------------------------------------

     Un-sorted density matrix expressions (NFTD) = 21
     Sorted density matrix expressions    (NFTA) = 30
     Direct access file for sorting       (NFDA) = 20
     Molecular property integrals       (NFTINT) = 16
     Computed moments written to         (NFTMT) = 24
                           with set number NMSET =  1
     Old style moments as in TMTJT/CJG  (NFTMOM) = 61
                          with set number NMSET2 =  1


     Property operator information will be obtained 
     from the file of transformed integrals. To control
     the number evaluated modify your INTS input cards 


     Target Data File Construction for External Region
     -------------------------------------------------


     Logical unit for properties file     =  24
     Set number to be used for properties =   1
     Nuclear center (NUCCEN)  defined     =  -1
     Flag for add. of nuclear terms (ISW) =   0

MPI startup(): PMI server not found. Please set I_MPI_PMI_LIBRARY variable if it is not a singleton case.

1-electron integrals read-in.

Number of types of property integrals:    9


     **** &INPUT data has been verified 


          Loading UKRmol+ data...

     Molecule is Abelian using D2h subgroup with  2 elements 



          GROUP MULTIPLICATION TABLE FOR D2H SYMMETRY

                   1   2   3   4   5   6   7   8
                  AG  B3U B2U B1G B1U B2G B3G AU 
               ************************************  
               *                                  *  
           AG  *  AG  B3U B2U B1G B1U B2G B3G AU  *  
               *                                  *  
           B3U *  B3U AG  B1G B2U B2G B1U AU  B3G *  
               *                                  *  
           B2U *  B2U B1G AG  B3U B3G AU  B1U B2G *  
               *                                  *  
           B1G *  B1G B2U B3U AG  AU  B3G B2G B1U *  
               *                                  *  
           B1U *  B1U B2G B3G AU  AG  B3U B2U B1G *  
               *                                  *  
           B2G *  B2G B1U AU  B3G B3U AG  B1G B2U *  
               *                                  *  
           B3G *  B3G AU  B1U B2G B2U B1G AG  B3U *  
               *                                  *  
           AU  *  AU  B3G B2G B1U B1G B2U B3U AG  *  
               *                                  *  
               ************************************  


     Wavefunction symmetry numbers =   0   0

     Wavefunction symmetry difference =   0

     Target vectors read successfully

     Attempt to compute moments between states of  different spin
     S1 =1.0, S2 =0.0


     Wavefunction symmetry numbers =   0   0

     Wavefunction symmetry difference =   0

     Target vectors read successfully


     Wavefunction symmetry numbers =   1   0

     Wavefunction symmetry difference =   1

     Target vectors read successfully

     Attempt to compute moments between states of  different spin
     S1 =0.0, S2 =1.0


     Wavefunction symmetry numbers =   1   1

     Wavefunction symmetry difference =   0

     Target vectors read successfully

     Attempt to compute moments between states of  different spin
     S1 =1.0, S2 =0.0


     Wavefunction symmetry numbers =   1   0

     Wavefunction symmetry difference =   1

     Target vectors read successfully

     Attempt to compute moments between states of  different spin
     S1 =1.0, S2 =0.0


     Wavefunction symmetry numbers =   1   1

     Wavefunction symmetry difference =   0

     Target vectors read successfully

          Loading UKRmol+ data...

          Details of all     4 centers follows: 

  No.     X        Y        Z      Charge   Symbol    Mass     Spin     Quad  

    1    0.000    0.000    0.116    8.000       O    15.995    0.000    0.000
    2    0.000    1.344   -0.925    1.000       H     1.008    0.000    0.000
    3    0.000   -1.344   -0.925    1.000       H     1.008    0.000    0.000
    4    0.000    0.000    0.000    0.000             0.000    0.000    0.000

          Total Molecular Mass =       18.011 Dalton (amu)

          Co-ordinates of the Center of Mass in the present axis system: 

               0.00000      0.00000     -0.00003


          Moment of Inertia Tensor (Lower Half Triangle):

                  5.5807664296
                  0.0000000000         1.9398776135
                  0.0000000000         0.0000000000         3.6408888162


          Principal Moments of Inertia (Atomic units): 

               3536.1776831506      6636.9288914084     10173.1065745590


          Principal Moments of Inertia (amu angstrom^2): 

                  0.5427777562         1.0187206908         1.5614984470


          Principal Axes Transformation Matrix: 

               0.00000 x      1.00000 y      0.00000 z 
               0.00000 x      0.00000 y      1.00000 z 
               1.00000 x      0.00000 y      0.00000 z 

          Rotational Constants (Atomic Units): 

                  0.0001413956         0.0000753360         0.0000491492


          Rotational Constants (cm**(-1)): 

                 31.0327449107        16.5343492141        10.7869999391


          Rotational Constants (eV): 

                  0.0038476078         0.0020500182         0.0013374307




 The following target state and properties tables are now in energy order


          Unique Target State Table
          -------------------------

          There are     5 states in the table

     (2S+1)   Sz    Irrep   Energy (Hartrees)
     ------   --    -----   -----------------

    1     1      0      0    -76.1019370152
    2     3      1      1    -75.3074430927
    3     1      0      1    -75.2709070480
    4     3      1      0    -75.2006108159
    5     1      0      0    -75.0701406137


               ========================

               W A V E F U N C T I O N 
                 P R O P E R T I E S   
                      T A B L E        

               ========================




     No. of Expectation Values (Rows) in table =      47

     No. I-State J-State Property Operator Code Expectation Value
     --- ------- ------- ---------------------- -----------------

     1     1     1     2 0 0 0 0 0 0 0     0.1000D+02
     2     1     1     4 1 0 0 4 1 1-1     0.4174D-08
     3     1     1     4 1 0 0 4 1 0 0    -0.1865D+00
     4     1     1     4 2 0 0 4 2 1-1     0.4880D-09
     5     1     1     4 2 0 0 4 2 0 0     0.1118D+00
     6     1     1     4 2 0 0 4 2 2 1    -0.1324D+01
     7     5     1     2 0 0 0 0 0 0 0    -0.3683D-09
     8     5     1     4 1 0 0 4 1 1-1     0.5060D+00
     9     5     1     4 1 0 0 4 1 0 0     0.1055D-08
    10     5     1     4 2 0 0 4 2 1-1    -0.8387D+00
    11     5     1     4 2 0 0 4 2 0 0    -0.6117D-08
    12     5     1     4 2 0 0 4 2 2 1    -0.3090D-08
    13     5     5     2 0 0 0 0 0 0 0     0.1000D+02
    14     5     5     4 1 0 0 4 1 1-1    -0.1500D-07
    15     5     5     4 1 0 0 4 1 0 0    -0.7197D+00
    16     5     5     4 2 0 0 4 2 1-1     0.4687D-07
    17     5     5     4 2 0 0 4 2 0 0    -0.9348D+00
    18     5     5     4 2 0 0 4 2 2 1    -0.2410D+01
    19     4     4     2 0 0 0 0 0 0 0     0.1000D+02
    20     4     4     4 1 0 0 4 1 1-1     0.8489D-08
    21     4     4     4 1 0 0 4 1 0 0    -0.7107D+00
    22     4     4     4 2 0 0 4 2 1-1    -0.5459D-08
    23     4     4     4 2 0 0 4 2 0 0     0.9836D-01
    24     4     4     4 2 0 0 4 2 2 1    -0.1773D+01
    25     3     1     2 0 0 0 0 0 0 0     0.0000D+00
    26     3     1     4 2 0 0 4 2 2-1    -0.4748D+00
    27     3     1     4 2 0 0 4 2 1 1    -0.1583D-08
    28     3     5     2 0 0 0 0 0 0 0     0.0000D+00
    29     3     5     4 1 0 0 4 1 1 1    -0.9052D-01
    30     3     5     4 2 0 0 4 2 2-1     0.5366D-08
    31     3     5     4 2 0 0 4 2 1 1    -0.7701D+00
    32     3     3     2 0 0 0 0 0 0 0     0.1000D+02
    33     3     3     4 1 0 0 4 1 1-1    -0.1778D-08
    34     3     3     4 1 0 0 4 1 0 0    -0.6854D+00
    35     3     3     4 2 0 0 4 2 1-1     0.1023D-07
    36     3     3     4 2 0 0 4 2 0 0     0.3572D+00
    37     3     3     4 2 0 0 4 2 2 1    -0.3295D+01
    38     2     4     2 0 0 0 0 0 0 0     0.0000D+00
    39     2     4     4 1 0 0 4 1 1 1    -0.6056D-09
    40     2     4     4 2 0 0 4 2 2-1     0.4312D+00
    41     2     4     4 2 0 0 4 2 1 1     0.2748D-08
    42     2     2     2 0 0 0 0 0 0 0     0.1000D+02
    43     2     2     4 1 0 0 4 1 1-1    -0.9718D-08
    44     2     2     4 1 0 0 4 1 0 0    -0.7073D+00
    45     2     2     4 2 0 0 4 2 1-1     0.2619D-07
    46     2     2     4 2 0 0 4 2 0 0     0.3380D+00
    47     2     2     4 2 0 0 4 2 2 1    -0.3342D+01




           ====> Create/Update target property file <====



          Logical unit for target properties file   =  24
          Set number at which to write target data  =   1
          Format style for the target properties    = FORMATTED  


          No. of nuclear centers in molecular frame =   4
          Sequence number of the scattering center  =   4
          Number of target states in this dataset   =   5
          The number of properties computed         =     47
          Nuclear contribution switch (ISW) is set  =   0


 Output to unit 24 is as follows:

6  1    47  3   5    38  0   0.141395609837D-03  0.753360489740D-04  0.491491951191D-04
8  1 O   8   15.9949        0.0000000000        0.0000000000        0.1164748159
8  2 H   1    1.0078        0.0000000000        1.3439906060       -0.9245291460
8  3 H   1    1.0078        0.0000000000       -1.3439906060       -0.9245291460
5  1  0  0  0  1  0  0 -0.761019370152D+02  State No.   1 Singlet     A'        
5  2  0  0  1  3  0  0 -0.753074430927D+02  State No.   2 Triplet     A"        
5  3  0  0  1  1  0  0 -0.752709070480D+02  State No.   3 Singlet     A"        
5  4  0  0  0  3  0  0 -0.752006108159D+02  State No.   4 Triplet     A'        
5  5  0  0  0  1  0  0 -0.750701406137D+02  State No.   5 Singlet     A'        
1  1  0  1  0  4  1 -1  0.417435219724D-08
1  1  0  1  0  4  1  0  0.730751498171D+00
1  1  0  1  0  4  2 -1  0.487993201403D-09
1  1  0  1  0  4  2  0  0.100107302168D+00
1  1  0  1  0  4  2  2  0.180425082582D+01
1  5  0  1  0  4  1 -1  0.506003754878D+00
1  5  0  1  0  4  1  0  0.105465767105D-08
1  5  0  1  0  4  2 -1 -0.838667846171D+00
1  5  0  1  0  4  2  0 -0.611691563504D-08
1  5  0  1  0  4  2  2 -0.309024030368D-08
1  5  0  5  0  4  1 -1 -0.149999903609D-07
1  5  0  5  0  4  1  0  0.197519870305D+00
1  5  0  5  0  4  2 -1  0.468662788577D-07
1  5  0  5  0  4  2  0 -0.946505170750D+00
1  5  0  5  0  4  2  2  0.718984380400D+00
1  4  0  4  0  4  1 -1  0.848873993320D-08
1  4  0  4  0  4  1  0  0.206585230730D+00
1  4  0  4  0  4  2 -1 -0.545899414561D-08
1  4  0  4  0  4  2  0  0.866296707843D-01
1  4  0  4  0  4  2  2  0.135571322948D+01
1  3  1  1  0  4  2 -2 -0.474760216725D+00
1  3  1  1  0  4  2  1 -0.158310534890D-08
1  3  1  5  0  4  1  1 -0.905207447436D-01
1  3  1  5  0  4  2 -2  0.536607739006D-08
1  3  1  5  0  4  2  1 -0.770061935167D+00
1  3  1  3  1  4  1 -1 -0.177761472209D-08
1  3  1  3  1  4  1  0  0.231902401079D+00
1  3  1  3  1  4  2 -1  0.102263078006D-07
1  3  1  3  1  4  2  0  0.345508526631D+00
1  3  1  3  1  4  2  2 -0.166673289620D+00
1  2  1  4  0  4  1  1 -0.605604996611D-09
1  2  1  4  0  4  2 -2  0.431190155155D+00
1  2  1  4  0  4  2  1  0.274766120132D-08
1  2  1  2  1  4  1 -1 -0.971846181308D-08
1  2  1  2  1  4  1  0  0.209936081642D+00
1  2  1  2  1  4  2 -1  0.261905865884D-07
1  2  1  2  1  4  2  0  0.326221523519D+00
1  2  1  2  1  4  2  2 -0.213163260840D+00
Calculating polarisabilities with M = -1 (Y), 0 (Z), 1 (X)
State     1 alpha_XX    0.000000000000D+00
State     1 alpha_YY    0.496299075241D+00
State     1 alpha_ZZ    0.215605094472D-17
State     1 alpha_MS    0.165433025080D+00
State     2 alpha_XX    0.686604129212D-17
State     2 alpha_YY    0.000000000000D+00
State     2 alpha_ZZ    0.000000000000D+00
State     2 alpha_MS    0.228868043071D-17
State     3 alpha_XX    0.816272426963D-01
State     3 alpha_YY    0.000000000000D+00
State     3 alpha_ZZ    0.000000000000D+00
State     3 alpha_MS    0.272090808988D-01
State     4 alpha_XX   -0.686604129212D-17
State     4 alpha_YY    0.000000000000D+00
State     4 alpha_ZZ    0.000000000000D+00
State     4 alpha_MS   -0.228868043071D-17
State     5 alpha_XX   -0.816272426963D-01
State     5 alpha_YY   -0.496299075241D+00
State     5 alpha_ZZ   -0.215605094472D-17
State     5 alpha_MS   -0.192642105979D+00

     END OF FILE ON READ. NO MORE INPUT
