+-------------------------------------------------------------------------+
|              _              |                                           |
| || || ||//  | \          |  | University College London (C) 1994 - 2020 |
| || || ||    | / |/\/\ /\ |  | Open University           (C) 2007 - 2020 |
| \\_// ||\\  | \ | | | \/ |  |                                           |
|                             |                                           |
+-------------------------------------------------------------------------+
| Last revision: 3.2                                                      |
| Last author:   Jimena Gorfinkiel                                        |
| Last date:     Tue Dec 21 17:59:46 2021 +0000                           |
+-------------------------------------------------------------------------+


 PROGRAM SCATCI (19 Oct 2009) : 

                         DATE = 20230416

                         TIME = 144800.967


 CONGEN: e + H2O - doublet App                                                                                                   
 SCATCI: e + H2O - doublet App                                                                                                   
 MGVN =         1     S    =  0.5
 NELT =        11     SZ   =  0.5
 IDIAG=         2     R    =  0.0
 THRES=   0.1D-09     NSYM =    2
 MEGUL=721, NOCSF=       895
 NPFLG         0   0   0   0   0   0
 NOB(i)=                    98
 setting NOBE(i)=                    98
 NOB(i)=                    57
 setting NOBE(i)=                    57
 NOB  =        98  57
 NOB0 =        11   1
 NOBC =        11   1
 NDTRF=         1   2   3   4   5   6   7   8   9  10 197
 NSRB=  310    LNDOF=     26681    LCDOF=      3985
 nfte =  821        nfti =    16       lembf=  5000       iodr =   1
 MOLECULE SYMMETRY CASE,  SYMTYP = 2

 Prototype CSF option requested

 CI target option requested,
 Vectors to be read from unit NFTG = 26
 Phases for target vectors read in from CONGEN

 Number of target symmetries in expansion,   NTGSYM =    4
 Number of continuum orbitals for each state, NOTGT =   56   56   87   87
 Number of CI components for each state,      NCTGT =        65        55        40        50
 Number of target states of each symmetry,   NUMTGT =    2    1    1    1
 Continuum M projection  for each state,      MCONT =    1    1    0    0

 Diagonalisation of Hamiltonian matrix requested
 SCATCI will expand NOCSF =    895 prototype CSFs
               into MXCSF =  15025 actual configurations
               and  MOCSF =    817 dimension final Hamiltonian

 Number of last continuum CSF, NCONT =    420
     ENERGY EXPRESSIONS COMPUTED FOR MOLECULE SYMMETRY CASE - SYMTYP=  2
 All IIII blocks of integrals
                     1                     0                     0
                     0                     0
                     2                     1                     1
                     1                     1
 All IJIJ blocks
                     3                     1                     0
                     1                     0
 The IIJJ blocks of integrals
                     4                     1                     1
                     0                     0
 NOBE =        98        57
 MBAS =         0         6
 NBASH=         1      4852      6505
   Read wavefunctions from CONGEN and load integrals
                   I         N         G         M         S      MPOS      MCON
                   1         1         0         0         0         0         1
                   2         1         0         0         1         0         1
                   3         2         0         0         0         0         1
                   4         2         0         0         1         0         1
                   5         3         0         0         0         0         1
                   6         3         0         0         1         0         1
                   7         4         0         0         0         0         1
                   8         4         0         0         1         0         1
                   9         5         0         0         0         0         1
                  10         5         0         0         1         0         1
                  11         6         0         0         0         0         1
                  12         6         0         0         1         0         1
                  13         7         0         0         0         0         1
                  14         7         0         0         1         0         1
                  15         8         0         0         0         0         1
                  16         8         0         0         1         0         1
                  17         9         0         0         0         0         1
                  18         9         0         0         1         0         1
                  19        10         0         0         0         0         1
                  20        10         0         0         1         0         1
                  21        11         0         0         0         0         1
                  22        11         0         0         1         0         1
                  23        12         0         0         0         0         0
                  24        12         0         0         1         0         0
                  25        13         0         0         0         0         0
                  26        13         0         0         1         0         0
                  27        14         0         0         0         0         0
                  28        14         0         0         1         0         0
                  29        15         0         0         0         0         0
                  30        15         0         0         1         0         0
                  31        16         0         0         0         0         0
                  32        16         0         0         1         0         0
                  33        17         0         0         0         0         0
                  34        17         0         0         1         0         0
                  35        18         0         0         0         0         0
                  36        18         0         0         1         0         0
                  37        19         0         0         0         0         0
                  38        19         0         0         1         0         0
                  39        20         0         0         0         0         0
                  40        20         0         0         1         0         0
                  41        21         0         0         0         0         0
                  42        21         0         0         1         0         0
                  43        22         0         0         0         0         0
                  44        22         0         0         1         0         0
                  45        23         0         0         0         0         0
                  46        23         0         0         1         0         0
                  47        24         0         0         0         0         0
                  48        24         0         0         1         0         0
                  49        25         0         0         0         0         0
                  50        25         0         0         1         0         0
                  51        26         0         0         0         0         0
                  52        26         0         0         1         0         0
                  53        27         0         0         0         0         0
                  54        27         0         0         1         0         0
                  55        28         0         0         0         0         0
                  56        28         0         0         1         0         0
                  57        29         0         0         0         0         0
                  58        29         0         0         1         0         0
                  59        30         0         0         0         0         0
                  60        30         0         0         1         0         0
                  61        31         0         0         0         0         0
                  62        31         0         0         1         0         0
                  63        32         0         0         0         0         0
                  64        32         0         0         1         0         0
                  65        33         0         0         0         0         0
                  66        33         0         0         1         0         0
                  67        34         0         0         0         0         0
                  68        34         0         0         1         0         0
                  69        35         0         0         0         0         0
                  70        35         0         0         1         0         0
                  71        36         0         0         0         0         0
                  72        36         0         0         1         0         0
                  73        37         0         0         0         0         0
                  74        37         0         0         1         0         0
                  75        38         0         0         0         0         0
                  76        38         0         0         1         0         0
                  77        39         0         0         0         0         0
                  78        39         0         0         1         0         0
                  79        40         0         0         0         0         0
                  80        40         0         0         1         0         0
                  81        41         0         0         0         0         0
                  82        41         0         0         1         0         0
                  83        42         0         0         0         0         0
                  84        42         0         0         1         0         0
                  85        43         0         0         0         0         0
                  86        43         0         0         1         0         0
                  87        44         0         0         0         0         0
                  88        44         0         0         1         0         0
                  89        45         0         0         0         0         0
                  90        45         0         0         1         0         0
                  91        46         0         0         0         0         0
                  92        46         0         0         1         0         0
                  93        47         0         0         0         0         0
                  94        47         0         0         1         0         0
                  95        48         0         0         0         0         0
                  96        48         0         0         1         0         0
                  97        49         0         0         0         0         0
                  98        49         0         0         1         0         0
                  99        50         0         0         0         0         0
                 100        50         0         0         1         0         0
                 101        51         0         0         0         0         0
                 102        51         0         0         1         0         0
                 103        52         0         0         0         0         0
                 104        52         0         0         1         0         0
                 105        53         0         0         0         0         0
                 106        53         0         0         1         0         0
                 107        54         0         0         0         0         0
                 108        54         0         0         1         0         0
                 109        55         0         0         0         0         0
                 110        55         0         0         1         0         0
                 111        56         0         0         0         0         0
                 112        56         0         0         1         0         0
                 113        57         0         0         0         0         0
                 114        57         0         0         1         0         0
                 115        58         0         0         0         0         0
                 116        58         0         0         1         0         0
                 117        59         0         0         0         0         0
                 118        59         0         0         1         0         0
                 119        60         0         0         0         0         0
                 120        60         0         0         1         0         0
                 121        61         0         0         0         0         0
                 122        61         0         0         1         0         0
                 123        62         0         0         0         0         0
                 124        62         0         0         1         0         0
                 125        63         0         0         0         0         0
                 126        63         0         0         1         0         0
                 127        64         0         0         0         0         0
                 128        64         0         0         1         0         0
                 129        65         0         0         0         0         0
                 130        65         0         0         1         0         0
                 131        66         0         0         0         0         0
                 132        66         0         0         1         0         0
                 133        67         0         0         0         0         0
                 134        67         0         0         1         0         0
                 135        68         0         0         0         0         0
                 136        68         0         0         1         0         0
                 137        69         0         0         0         0         0
                 138        69         0         0         1         0         0
                 139        70         0         0         0         0         0
                 140        70         0         0         1         0         0
                 141        71         0         0         0         0         0
                 142        71         0         0         1         0         0
                 143        72         0         0         0         0         0
                 144        72         0         0         1         0         0
                 145        73         0         0         0         0         0
                 146        73         0         0         1         0         0
                 147        74         0         0         0         0         0
                 148        74         0         0         1         0         0
                 149        75         0         0         0         0         0
                 150        75         0         0         1         0         0
                 151        76         0         0         0         0         0
                 152        76         0         0         1         0         0
                 153        77         0         0         0         0         0
                 154        77         0         0         1         0         0
                 155        78         0         0         0         0         0
                 156        78         0         0         1         0         0
                 157        79         0         0         0         0         0
                 158        79         0         0         1         0         0
                 159        80         0         0         0         0         0
                 160        80         0         0         1         0         0
                 161        81         0         0         0         0         0
                 162        81         0         0         1         0         0
                 163        82         0         0         0         0         0
                 164        82         0         0         1         0         0
                 165        83         0         0         0         0         0
                 166        83         0         0         1         0         0
                 167        84         0         0         0         0         0
                 168        84         0         0         1         0         0
                 169        85         0         0         0         0         0
                 170        85         0         0         1         0         0
                 171        86         0         0         0         0         0
                 172        86         0         0         1         0         0
                 173        87         0         0         0         0         0
                 174        87         0         0         1         0         0
                 175        88         0         0         0         0         0
                 176        88         0         0         1         0         0
                 177        89         0         0         0         0         0
                 178        89         0         0         1         0         0
                 179        90         0         0         0         0         0
                 180        90         0         0         1         0         0
                 181        91         0         0         0         0         0
                 182        91         0         0         1         0         0
                 183        92         0         0         0         0         0
                 184        92         0         0         1         0         0
                 185        93         0         0         0         0         0
                 186        93         0         0         1         0         0
                 187        94         0         0         0         0         0
                 188        94         0         0         1         0         0
                 189        95         0         0         0         0         0
                 190        95         0         0         1         0         0
                 191        96         0         0         0         0         0
                 192        96         0         0         1         0         0
                 193        97         0         0         0         0         0
                 194        97         0         0         1         0         0
                 195        98         0         0         0         0         0
                 196        98         0         0         1         0         0
                 197        99         0         1         0         0         1
                 198        99         0         1         1         0         1
                 199       100         0         1         0         0         0
                 200       100         0         1         1         0         0
                 201       101         0         1         0         0         0
                 202       101         0         1         1         0         0
                 203       102         0         1         0         0         0
                 204       102         0         1         1         0         0
                 205       103         0         1         0         0         0
                 206       103         0         1         1         0         0
                 207       104         0         1         0         0         0
                 208       104         0         1         1         0         0
                 209       105         0         1         0         0         0
                 210       105         0         1         1         0         0
                 211       106         0         1         0         0         0
                 212       106         0         1         1         0         0
                 213       107         0         1         0         0         0
                 214       107         0         1         1         0         0
                 215       108         0         1         0         0         0
                 216       108         0         1         1         0         0
                 217       109         0         1         0         0         0
                 218       109         0         1         1         0         0
                 219       110         0         1         0         0         0
                 220       110         0         1         1         0         0
                 221       111         0         1         0         0         0
                 222       111         0         1         1         0         0
                 223       112         0         1         0         0         0
                 224       112         0         1         1         0         0
                 225       113         0         1         0         0         0
                 226       113         0         1         1         0         0
                 227       114         0         1         0         0         0
                 228       114         0         1         1         0         0
                 229       115         0         1         0         0         0
                 230       115         0         1         1         0         0
                 231       116         0         1         0         0         0
                 232       116         0         1         1         0         0
                 233       117         0         1         0         0         0
                 234       117         0         1         1         0         0
                 235       118         0         1         0         0         0
                 236       118         0         1         1         0         0
                 237       119         0         1         0         0         0
                 238       119         0         1         1         0         0
                 239       120         0         1         0         0         0
                 240       120         0         1         1         0         0
                 241       121         0         1         0         0         0
                 242       121         0         1         1         0         0
                 243       122         0         1         0         0         0
                 244       122         0         1         1         0         0
                 245       123         0         1         0         0         0
                 246       123         0         1         1         0         0
                 247       124         0         1         0         0         0
                 248       124         0         1         1         0         0
                 249       125         0         1         0         0         0
                 250       125         0         1         1         0         0
                 251       126         0         1         0         0         0
                 252       126         0         1         1         0         0
                 253       127         0         1         0         0         0
                 254       127         0         1         1         0         0
                 255       128         0         1         0         0         0
                 256       128         0         1         1         0         0
                 257       129         0         1         0         0         0
                 258       129         0         1         1         0         0
                 259       130         0         1         0         0         0
                 260       130         0         1         1         0         0
                 261       131         0         1         0         0         0
                 262       131         0         1         1         0         0
                 263       132         0         1         0         0         0
                 264       132         0         1         1         0         0
                 265       133         0         1         0         0         0
                 266       133         0         1         1         0         0
                 267       134         0         1         0         0         0
                 268       134         0         1         1         0         0
                 269       135         0         1         0         0         0
                 270       135         0         1         1         0         0
                 271       136         0         1         0         0         0
                 272       136         0         1         1         0         0
                 273       137         0         1         0         0         0
                 274       137         0         1         1         0         0
                 275       138         0         1         0         0         0
                 276       138         0         1         1         0         0
                 277       139         0         1         0         0         0
                 278       139         0         1         1         0         0
                 279       140         0         1         0         0         0
                 280       140         0         1         1         0         0
                 281       141         0         1         0         0         0
                 282       141         0         1         1         0         0
                 283       142         0         1         0         0         0
                 284       142         0         1         1         0         0
                 285       143         0         1         0         0         0
                 286       143         0         1         1         0         0
                 287       144         0         1         0         0         0
                 288       144         0         1         1         0         0
                 289       145         0         1         0         0         0
                 290       145         0         1         1         0         0
                 291       146         0         1         0         0         0
                 292       146         0         1         1         0         0
                 293       147         0         1         0         0         0
                 294       147         0         1         1         0         0
                 295       148         0         1         0         0         0
                 296       148         0         1         1         0         0
                 297       149         0         1         0         0         0
                 298       149         0         1         1         0         0
                 299       150         0         1         0         0         0
                 300       150         0         1         1         0         0
                 301       151         0         1         0         0         0
                 302       151         0         1         1         0         0
                 303       152         0         1         0         0         0
                 304       152         0         1         1         0         0
                 305       153         0         1         0         0         0
                 306       153         0         1         1         0         0
                 307       154         0         1         0         0         0
                 308       154         0         1         1         0         0
                 309       155         0         1         0         0         0
                 310       155         0         1         1         0         0
 GIVEN NSRBD=                   310
 CALCULATED NSRB=                   310

          Assuming UKRMol+ integrals on input.
MPI startup(): PMI server not found. Please set I_MPI_PMI_LIBRARY variable if it is not a singleton case.

 On input SCATCI expects:
 1-electron integrals, NINT1e =0
 2-electron integrals, NINT2e =0

One electron integrals read-in.

Two electron integrals read-in.

 UKRMol+ integrals read successfully:
 1-electron integrals, NINT1e =12090
 2-electron integrals, NINT2e =1255995

          Nuclear repulsion energy =       9.2402472

          Finished reading UKRMol+ integrals.
   Load CI target and construct matrix elements

 TRANSFORMATION VECTOR   1 FROM SET  1 STATE  1
 SET   1    H2O CI calculation - singlet Ap                                                                                         
          NOCSF=   65    NSTAT=    2    NNUC =    4

 Nuclear data     X         Y         Z       Charge
   O  1        0.000000  0.000000  0.123326  8.000000
   H  2        0.000000  1.423049 -0.978913  1.000000
   H  3        0.000000 -1.423049 -0.978913  1.000000
   sc 4        0.000000  0.000000  0.000000  0.000000
          EIGEN-ENERGIES OF THE REQ. STATES
                      -76.1102871106      -75.1955487001

 TRANSFORMATION VECTOR   2 FROM SET  1 STATE  2

 TRANSFORMATION VECTOR   3 FROM SET  2 STATE  1
 SET   2    H2O CI calculation - triplet Ap                                                                                         
          NOCSF=   55    NSTAT=    1    NNUC =    4

 Nuclear data     X         Y         Z       Charge
   O  1        0.000000  0.000000  0.123326  8.000000
   H  2        0.000000  1.423049 -0.978913  1.000000
   H  3        0.000000 -1.423049 -0.978913  1.000000
   sc 4        0.000000  0.000000  0.000000  0.000000
          EIGEN-ENERGIES OF THE REQ. STATES
                      -75.3283615603

 TRANSFORMATION VECTOR   4 FROM SET  3 STATE  1
 SET   3    H2O CI calculation - singlet App                                                                                        
          NOCSF=   40    NSTAT=    1    NNUC =    4

 Nuclear data     X         Y         Z       Charge
   O  1        0.000000  0.000000  0.123326  8.000000
   H  2        0.000000  1.423049 -0.978913  1.000000
   H  3        0.000000 -1.423049 -0.978913  1.000000
   sc 4        0.000000  0.000000  0.000000  0.000000
          EIGEN-ENERGIES OF THE REQ. STATES
                      -75.3769637784

 TRANSFORMATION VECTOR   5 FROM SET  4 STATE  1
 SET   4    H2O CI calculation - triplet App                                                                                        
          NOCSF=   50    NSTAT=    1    NNUC =    4

 Nuclear data     X         Y         Z       Charge
   O  1        0.000000  0.000000  0.123326  8.000000
   H  2        0.000000  1.423049 -0.978913  1.000000
   H  3        0.000000 -1.423049 -0.978913  1.000000
   sc 4        0.000000  0.000000  0.000000  0.000000
          EIGEN-ENERGIES OF THE REQ. STATES
                      -75.4127125521
     MXCORB SET TO:       100000000


 TOTAL H Matrix     ELEMENTS      =    334153
 NON-ZERO ELEMENTS evaluated      =    264211
 Total    prototype ELEMENTS      =    400960
 Non-zero prototype ELEMENTS      =     50996

 Number (prototype) integrals     =    219345
 Compressed (prototype) integrals =    192322
 Number integrals evaluated       =   3689229
 ===================================================
  inside subroutine --> 'dgmain' --> begins. 
 

  ************************************************************************************************************************

 MATRIX DIAGONALIZATION SECTION
 (RUN)     H2O CI calculation - doublet App                                                                                        
  DATA SET FILE NUMBERS AND LENGTH SPECIFICATIONS :
      NFTE =821      NFTW =     25

 NPFLG :      0     0
 NCISET:      1

 NPCVC =    1
 THRHM = 0.10D-14


 (EMX)     e + H2O - doublet App                                                                                                   

   817 Eigenvectors to be computed for
   817 dimensional final Hamiltonian matrix

    264211 Hamiltonian elements read from unit NFTE =821
 CI data stored as set number  1

 SET   1    H2O CI calculation - doublet App                                                                                        

 MGVN = 1    s =   0.5    sz =   0.5    NELT =   11    NNUC =  4

 Nuclear data     X         Y         Z       Charge
   O  1        0.000000  0.000000  0.123326  8.000000
   H  2        0.000000  1.423049 -0.978913  1.000000
   H  3        0.000000 -1.423049 -0.978913  1.000000
   sc 4        0.000000  0.000000  0.000000  0.000000

 NOCSF=  817    NSTAT=  817    EN   =        9.2402471657

 NTGSYM=   4
  I   MCONT  NOTGT
  1      1     56
  2      1     56
  3      0     87
  4      0     87

 EIGEN-ENERGIES
                      -76.0700406827      -76.0361999376      -76.0341431363      -75.9871697524      -75.9866580427
                      -75.9853190883      -75.9268449394      -75.9266312216      -75.9259086308      -75.9249686789
                      -75.8982857113      -75.8401437596      -75.8326308820      -75.7317908783      -75.7305561516
                      -75.7263570763      -75.6140623197      -75.6140038262      -75.6117249965      -75.6108416436
                      -75.6091423947      -75.5622284287      -75.5451743594      -75.3987614910      -75.3869000759
                      -75.3859560119      -75.3850077630      -75.3762205105      -75.3737805889      -75.3703970707
                      -75.3442997146      -75.3389724087      -75.3379831095      -75.3377359823      -75.3356481155
                      -75.3060193384      -75.3053455958      -75.3020712195      -75.2936885507      -75.2932459263
                      -75.2890263180      -75.2890226595      -75.2887372362      -75.2886119414      -75.2872533925
                      -75.2691767763      -75.2536569248      -75.2535946394      -75.2533223260      -75.2531550406
                      -75.2530651093      -75.2527519723      -75.2367472601      -75.2291984279      -75.2290180885
                      -75.2289187769      -75.2287298031      -75.2287252087      -75.2178827618      -75.2124409544
                      -75.2120840639      -75.2115121885      -75.2086176262      -75.2049086848      -75.2046794953
                      -75.2040047546      -75.2037927968      -75.1934756913      -75.1932826966      -75.1931541338
                      -75.1929973616      -75.1929919759      -75.1837062205      -75.1819941900      -75.1677308942
                      -75.1547065146      -75.1530145493      -75.1477497660      -75.1449114610      -75.1448531924
                      -75.1443010927      -75.1437463909      -75.1431151947      -75.1426501684      -75.1272489210
                      -75.1207291590      -75.1202392034      -75.1192630545      -75.1124721844      -75.1039542355
                      -75.0953882128      -75.0759836164      -75.0719013631      -75.0718686895      -75.0711551431
                      -75.0618864049      -75.0550968730      -75.0508688966      -75.0343290446      -75.0326675133
                      -75.0324109182      -75.0319262863      -75.0119835643      -75.0119787005      -75.0114372593
                      -75.0111451065      -75.0009224625      -74.9978334508      -74.9974813643      -74.9966300132
                      -74.9913188103      -74.9819698641      -74.9696767509      -74.9495263800      -74.9487473207
                      -74.9480675497      -74.9453242241      -74.9278331007      -74.9264932194      -74.9198433094
                      -74.9193976553      -74.9161566789      -74.9157627922      -74.9154415453      -74.9150753371
                      -74.9150337675      -74.9090239994      -74.8958459445      -74.8927382167      -74.8820003334
                      -74.8807874219      -74.8802518289      -74.8796226336      -74.8795088408      -74.8792967421
                      -74.8683301861      -74.8623581604      -74.8536304958      -74.8497697502      -74.8318842239
                      -74.8318080282      -74.8303017403      -74.8287817555      -74.8247104184      -74.8186649002
                      -74.8157517799      -74.8154069189      -74.8135635925      -74.7728657973      -74.7653297431
                      -74.7504818070      -74.7492465944      -74.7355563489      -74.7313701503      -74.7220969519
                      -74.7016809251      -74.6989734315      -74.6989109344      -74.6977589648      -74.6975307356
                      -74.6967333018      -74.6924833215      -74.6921392323      -74.6867983314      -74.6838937518
                      -74.6837196147      -74.6792528458      -74.6791988606      -74.6716388325      -74.6623388650
                      -74.6590393790      -74.6549628531      -74.6523585150      -74.6498978200      -74.6424214091
                      -74.6385243253      -74.6254352779      -74.6079953425      -74.6017986399      -74.6003969617
                      -74.5948687377      -74.5885034060      -74.5825674922      -74.5628840648      -74.5184982916
                      -74.5153147905      -74.5138257442      -74.5122751254      -74.5117368162      -74.5102687488
                      -74.5025414837      -74.4999546432      -74.4986726229      -74.4954582965      -74.4842043009
                      -74.4804395088      -74.4784304052      -74.4772715766      -74.4767875637      -74.4764550044
                      -74.4729385316      -74.4692960526      -74.4682159951      -74.4657434113      -74.4645334534
                      -74.4545414350      -74.4388742774      -74.4297722658      -74.4297237810      -74.4270738282
                      -74.4242332370      -74.4215821683      -74.4183060043      -74.4170680599      -74.3957468493
                      -74.3913324735      -74.3908209543      -74.3728530205      -74.3526673461      -74.3178545918
                      -74.2991001003      -74.2971614990      -74.2969067126      -74.2942934272      -74.2937506630
                      -74.2929251732      -74.2874925886      -74.2598100281      -74.2583208059      -74.2574523542
                      -74.2503051978      -74.2455762612      -74.2402209657      -74.2384897483      -74.2321754210
                      -74.2297612427      -74.2255501832      -74.2223721622      -74.2195776750      -74.2170692283
                      -74.2157869678      -74.2039965217      -74.1935780553      -74.1859964321      -74.1850292387
                      -74.1782520133      -74.1726864537      -74.1548099158      -74.1535323553      -74.1383851501
                      -74.1364473142      -74.1269728934      -74.1218117017      -74.1207519595      -74.1074001829
                      -74.0990793286      -74.0813786599      -74.0634246957      -74.0474345668      -74.0324713954
                      -74.0212797270      -74.0176434460      -74.0147038939      -74.0102442231      -74.0057326845
                      -74.0022153105      -74.0011231021      -73.9995287188      -73.9901932022      -73.9879143286
                      -73.9858547404      -73.9814816615      -73.9810937510      -73.9791558636      -73.9760026936
                      -73.9754873016      -73.9711873617      -73.9584816563      -73.9556260021      -73.9548037519
                      -73.9500266485      -73.9496681544      -73.9474202888      -73.9466218306      -73.9411838727
                      -73.9316103581      -73.9305694696      -73.9260155336      -73.9183482996      -73.9142486097
                      -73.9081009076      -73.9017288894      -73.8995036520      -73.8967375806      -73.8952844296
                      -73.8918932027      -73.8906219092      -73.8900556767      -73.8844353647      -73.8842869182
                      -73.8836351677      -73.8823118112      -73.8739630199      -73.8692103655      -73.8650013077
                      -73.8530720983      -73.8506084180      -73.8395659572      -73.8349229220      -73.8206684676
                      -73.8092214354      -73.8051847115      -73.8042200709      -73.7992264137      -73.7869130516
                      -73.7835531881      -73.7813696943      -73.7741167839      -73.7738165981      -73.7706973246
                      -73.7657093587      -73.7651890370      -73.7629842678      -73.7578423152      -73.7576640997
                      -73.7560205518      -73.7554173399      -73.7411814697      -73.7306588679      -73.7280080158
                      -73.7262806324      -73.7078088671      -73.7021723743      -73.6974876174      -73.6875342825
                      -73.6693838508      -73.6690114599      -73.6573189985      -73.6472480634      -73.6472146006
                      -73.6425113536      -73.6353812368      -73.6271012019      -73.6241504023      -73.6231113875
                      -73.6171658125      -73.6132068964      -73.6086078769      -73.5993806725      -73.5991146223
                      -73.5958089476      -73.5916065981      -73.5910298464      -73.5780870043      -73.5747031282
                      -73.5722548541      -73.5615802478      -73.5582655492      -73.5567637309      -73.5522750843
                      -73.5459816192      -73.5369810041      -73.5295390769      -73.5147010728      -73.5066244879
                      -73.5029290365      -73.5020462351      -73.4948417990      -73.4912787636      -73.4815319562
                      -73.4790670927      -73.4763201443      -73.4671009600      -73.4630806868      -73.4624980642
                      -73.4500125168      -73.4273772985      -73.4247562973      -73.4114025549      -73.4100361848
                      -73.4036787337      -73.3952622541      -73.3870367697      -73.3863112480      -73.3815059574
                      -73.3704547150      -73.3620062902      -73.3584832382      -73.3555634849      -73.3538652767
                      -73.3459112315      -73.3425971185      -73.3227553191      -73.3219174537      -73.3172508488
                      -73.2983223671      -73.2897398399      -73.2747384243      -73.2575105278      -73.2421341229
