+-------------------------------------------------------------------------+
|              _              |                                           |
| || || ||//  | \          |  | University College London (C) 1994 - 2020 |
| || || ||    | / |/\/\ /\ |  | Open University           (C) 2007 - 2020 |
| \\_// ||\\  | \ | | | \/ |  |                                           |
|                             |                                           |
+-------------------------------------------------------------------------+
| Last revision: unknown                                                  |
| Last author:   unknown                                                  |
| Last date:     unknown                                                  |
+-------------------------------------------------------------------------+
MPI startup(): PMI server not found. Please set I_MPI_PMI_LIBRARY variable if it is not a singleton case.


 Program SWINTERF  ( last modified 12-Jan-2004 )

e + H2O - doublet App                                       20230416  144804.038


 Symmetry data   MGVN = 1 STOT = 2

 Input datasets:             Unit  Set number
 Target data          LUTARG  24       1       FORMATTED
 Boundary amplitudes  LUAMP   16       1     UNFORMATTED
 CI data              LUCI    25       1     UNFORMATTED
 Buttle corrections   LUBUT    0       1     UNFORMATTED

 Output datasets:            Unit  Set number
 Channel data         LUCHAN  10       1     UNFORMATTED
 R-Matrix data        LURMT   21       1     UNFORMATTED

 We are using UKRmol+ input

 Assuming full CI vectors have been saved on LUCI 

 Target rotational constants (a.u.)   0.126121D-03   0.671979D-04   0.438399D-04

 Nuclear centres 
    Atom  Charge      X         Y         Z         Mass
  1   O      8     0.000000  0.000000  0.123326   15.994900
  2   H      1     0.000000  1.423049 -0.978913    1.007800
  3   H      1     0.000000 -1.423049 -0.978913    1.007800

 Reduced mass     890.471806 au

 Transition moments
    1    0    1    0    1   -1   0.00000
    1    0    1    0    1    0   0.73821
    1    0    1    0    2   -1  -0.00000
    1    0    1    0    2    0   0.10597
    1    0    1    0    2    2   1.93467
    5    0    1    0    1   -1   0.51629
    5    0    1    0    1    0  -0.00000
    5    0    1    0    2   -1  -0.81823
    5    0    1    0    2    0  -0.00000
    5    0    1    0    2    2  -0.00000
    5    0    5    0    1   -1  -0.00000
    5    0    5    0    1    0   0.19651
    5    0    5    0    2   -1   0.00000
    5    0    5    0    2    0  -0.91145
    5    0    5    0    2    2   0.83754
    4    0    4    0    1   -1   0.00000
    4    0    4    0    1    0   0.18202
    4    0    4    0    2   -1  -0.00000
    4    0    4    0    2    0   0.04345
    4    0    4    0    2    2   1.41699
    3    1    1    0    1    1   0.00000
    3    1    1    0    2   -2   0.43227
    3    1    1    0    2    1   0.00000
    3    1    5    0    1    1   0.09597
    3    1    5    0    2   -2  -0.00000
    3    1    5    0    2    1   0.77300
    3    1    3    1    1   -1  -0.00000
    3    1    3    1    1    0   0.22919
    3    1    3    1    2   -1   0.00000
    3    1    3    1    2    0   0.36459
    3    1    3    1    2    2  -0.09299
    2    1    4    0    1    1  -0.00000
    2    1    4    0    2   -2   0.40918
    2    1    4    0    2    1   0.00000
    2    1    2    1    1   -1  -0.00000
    2    1    2    1    1    0   0.20287
    2    1    2    1    2   -1   0.00000
    2    1    2    1    2    0   0.34227
    2    1    2    1    2    2  -0.14894

 READCIP start

 CI file header data:
 --------------------
 MGVN  =  1
 NSET  =  1
 NSTAT =        817
 NOCSF =        817

 READCIP end

 R-matrix radius  =   10.00
 Residual charge on system = 0

 Channel Target  l  m  q       Irr  Energy   Energy(eV)
    1       1    1  1  1  N/A   2  0.000000  0.000000
    2       1    2  2 -1  N/A   2  0.000000  0.000000
    3       1    2  1  1  N/A   2  0.000000  0.000000
    4       1    3  2 -1  N/A   2  0.000000  0.000000
    5       1    3  1  1  N/A   2  0.000000  0.000000
    6       1    3  3  1  N/A   2  0.000000  0.000000
    7       1    4  4 -1  N/A   2  0.000000  0.000000
    8       1    4  2 -1  N/A   2  0.000000  0.000000
    9       1    4  1  1  N/A   2  0.000000  0.000000
   10       1    4  3  1  N/A   2  0.000000  0.000000
   11       2    0  0  0  N/A   1  1.395149 18.981621
   12       2    1  1 -1  N/A   1  1.395149 18.981621
   13       2    1  0  0  N/A   1  1.395149 18.981621
   14       2    2  1 -1  N/A   1  1.395149 18.981621
   15       2    2  0  0  N/A   1  1.395149 18.981621
   16       2    2  2  1  N/A   1  1.395149 18.981621
   17       2    3  3 -1  N/A   1  1.395149 18.981621
   18       2    3  1 -1  N/A   1  1.395149 18.981621
   19       2    3  0  0  N/A   1  1.395149 18.981621
   20       2    3  2  1  N/A   1  1.395149 18.981621
   21       2    4  3 -1  N/A   1  1.395149 18.981621
   22       2    4  1 -1  N/A   1  1.395149 18.981621
   23       2    4  0  0  N/A   1  1.395149 18.981621
   24       2    4  2  1  N/A   1  1.395149 18.981621
   25       2    4  4  1  N/A   1  1.395149 18.981621
   26       3    0  0  0  N/A   1  1.466647 19.954376
   27       3    1  1 -1  N/A   1  1.466647 19.954376
   28       3    1  0  0  N/A   1  1.466647 19.954376
   29       3    2  1 -1  N/A   1  1.466647 19.954376
   30       3    2  0  0  N/A   1  1.466647 19.954376
   31       3    2  2  1  N/A   1  1.466647 19.954376
   32       3    3  3 -1  N/A   1  1.466647 19.954376
   33       3    3  1 -1  N/A   1  1.466647 19.954376
   34       3    3  0  0  N/A   1  1.466647 19.954376
   35       3    3  2  1  N/A   1  1.466647 19.954376
   36       3    4  3 -1  N/A   1  1.466647 19.954376
   37       3    4  1 -1  N/A   1  1.466647 19.954376
   38       3    4  0  0  N/A   1  1.466647 19.954376
   39       3    4  2  1  N/A   1  1.466647 19.954376
   40       3    4  4  1  N/A   1  1.466647 19.954376
   41       4    1  1  1  N/A   2  1.563851 21.276886
   42       4    2  2 -1  N/A   2  1.563851 21.276886
   43       4    2  1  1  N/A   2  1.563851 21.276886
   44       4    3  2 -1  N/A   2  1.563851 21.276886
   45       4    3  1  1  N/A   2  1.563851 21.276886
   46       4    3  3  1  N/A   2  1.563851 21.276886
   47       4    4  4 -1  N/A   2  1.563851 21.276886
   48       4    4  2 -1  N/A   2  1.563851 21.276886
   49       4    4  1  1  N/A   2  1.563851 21.276886
   50       4    4  3  1  N/A   2  1.563851 21.276886
   51       5    1  1  1  N/A   2  1.829477 24.890841
   52       5    2  2 -1  N/A   2  1.829477 24.890841
   53       5    2  1  1  N/A   2  1.829477 24.890841
   54       5    3  2 -1  N/A   2  1.829477 24.890841
   55       5    3  1  1  N/A   2  1.829477 24.890841
   56       5    3  3  1  N/A   2  1.829477 24.890841
   57       5    4  4 -1  N/A   2  1.829477 24.890841
   58       5    4  2 -1  N/A   2  1.829477 24.890841
   59       5    4  1  1  N/A   2  1.829477 24.890841
   60       5    4  3  1  N/A   2  1.829477 24.890841

 Dimension of Hamiltonian matrix           NOCSF =       817
 Number of CSFs used to construct R-matrix NSTAT =  817
 Number of eigenvectors to be retained     NPOLE =    0
 Number of multipoles in potential         ISMAX =    2

 READCIP start

 Reading CI coefficients...
 Last pole include at                   817  is   -68.2957530198663       Ryd

 READCIP end

     R-matrix boundary amplitudes 

     At radial distance RMATR -      0.00000000 Bohr radii
     No. of channels     =    60
     No. of eigenvectors =   817
     No. of correction terms =     0


     First 30 R-matrix amplitudes

     Channel =   1     -0.37404959      0.00000000     -0.06834168
                        0.01029753      0.00000000     -0.00206197
                        0.00000000      0.00219189     -0.00000000
                        0.00050945     -0.33324251      0.00000000
                       -0.07236572      0.01324942      0.00000000
                       -0.00382076     -0.10689391      0.00000009
                       -0.00000000      0.28634806     -0.06424132
                        0.00000000      0.11087556      0.00000000
                       -0.01489436      0.00783689      0.00000000
                       -0.00475648     -0.00000000     -0.00000000
     Channel =   2      0.00000000      0.40490101      0.00000000
                       -0.00000000      0.04231940      0.00000000
                       -0.00765517      0.00000000      0.00273271
                        0.00000000      0.00000000      0.32741956
                        0.00000000      0.00000000     -0.03685889
                        0.00000000     -0.00000001     -0.01389392
                        0.01066100     -0.00000000     -0.00000000
                        0.31409682     -0.00000000      0.00377223
                        0.00000000      0.00000001     -0.03957745
                       -0.00000000      0.00017103      0.00081216
     Channel =   3      0.06180446      0.00000000     -0.40098956
                        0.01484302      0.00000000      0.04750334
                       -0.00000000     -0.00568508      0.00000000
                       -0.00188274      0.06743965      0.00000000
                       -0.32205314      0.00588350      0.00000000
                        0.03559510      0.04413905     -0.00000004
                        0.00000000     -0.09349627      0.01629724
                        0.00000000      0.29821977      0.00000000
                        0.00257539     -0.00159340     -0.00000000
                        0.03123096      0.00000000     -0.00000000
     Channel =   4     -0.00000000     -0.03859823     -0.00000000
                       -0.00000002      0.43708884      0.00000000
                       -0.01833237     -0.00000000     -0.03299796
                        0.00000000      0.00000000     -0.03385701
                        0.00000000      0.00000004     -0.34163218
                        0.00000000     -0.00000001     -0.01291777
                       -0.02687622      0.00000000      0.00000000
                       -0.03606134      0.00000000      0.00804288
                        0.00000001      0.00000004     -0.32566578
                       -0.00000000      0.00007673      0.00947884
     Channel =   5     -0.00556170     -0.00000000      0.04594448
                        0.14369333      0.00000000      0.41280930
                       -0.00000000     -0.01615892      0.00000000
                        0.03708015     -0.00671104     -0.00000000
                        0.03469590      0.11049265      0.00000001
                        0.32440431      0.00610623     -0.00000000
                        0.00000000      0.01817790      0.02424101
                       -0.00000000     -0.02830400     -0.00000000
                       -0.08522934      0.04264330      0.00000000
                        0.31443151      0.00000000      0.00000000
     Channel =   6      0.00690294      0.00000000      0.00069136
                        0.41463334      0.00000002     -0.14530300
                       -0.00000001     -0.02762579      0.00000000
                       -0.01133354      0.01151255      0.00000000
                       -0.00091090      0.32520485      0.00000003
                       -0.11092429      0.02792299     -0.00000002
                       -0.00000000     -0.00935226     -0.00582243
                        0.00000000      0.00252338     -0.00000000
                       -0.28384342      0.13442378      0.00000001
                       -0.09462342     -0.00000000     -0.00000000
     Channel =   7     -0.00000000     -0.00537687     -0.00000000
                       -0.00000000     -0.00006798     -0.00000000
                       -0.40409382      0.00000011      0.23707969
                       -0.00000000      0.00000000     -0.00829234
                       -0.00000000     -0.00000000     -0.00084877
                       -0.00000000     -0.00000024     -0.29860939
                        0.18925609      0.00000000     -0.00000000
                       -0.01970956     -0.00000000      0.00020282
                        0.00000000      0.00000000     -0.00267578
                       -0.00000000      0.00001722     -0.00001053
     Channel =   8      0.00000000      0.00171284      0.00000000
                        0.00000000     -0.03541137     -0.00000000
                       -0.23605133     -0.00000003     -0.40324766
                        0.00000002      0.00000000      0.00191198
                       -0.00000000     -0.00000000      0.02798716
                       -0.00000000     -0.00000015     -0.18902648
                       -0.29802690      0.00000000      0.00000000
                        0.00552711     -0.00000000     -0.00086240
                       -0.00000000     -0.00000000      0.02715574
                        0.00000000      0.00012065     -0.00065535
     Channel =   9      0.00023454     -0.00000000     -0.00334083
                       -0.01312200     -0.00000000     -0.03577444
                       -0.00000002     -0.18852095      0.00000005
                        0.42790630     -0.00001285      0.00000000
                       -0.00295437     -0.01040052     -0.00000000
                       -0.02669602      0.12377990     -0.00000010
                        0.00000000      0.11477622      0.31049922
                        0.00000000      0.00336444     -0.00000000
                        0.00871743     -0.00406572     -0.00000000
                       -0.02386466     -0.00000000     -0.00000000
     Channel =  10     -0.00125530     -0.00000000      0.00369512
                       -0.02636908     -0.00000000      0.00872807
                       -0.00000008     -0.42764288      0.00000006
                       -0.18929085     -0.00501156      0.00000000
                        0.00561834     -0.02174719     -0.00000000
                        0.00725351      0.30578426     -0.00000025
                       -0.00000000      0.08561916     -0.15421169
                        0.00000000     -0.01082443     -0.00000000
                        0.02077958     -0.00922227     -0.00000000
                        0.00737658      0.00000000      0.00000000
     Channel =  11      0.00000000     -0.00000036      0.00000000
                        0.00000000      0.00000012     -0.00000000
                        0.00000006      0.00000000     -0.00000008
                       -0.00000000      0.00000000     -0.00000877
                       -0.00000000      0.00000000     -0.00000770
                       -0.00000000      0.00000000     -0.00000879
                        0.00001398      0.00000000      0.00000000
                        0.00034310      0.00000000     -0.32086888
                       -0.00000002     -0.00000005     -0.00929713
                        0.00000000     -0.08538947      0.04234268
     Channel =  12      0.00000038     -0.00000000     -0.00000047
                       -0.00000025      0.00000000      0.00000025
                       -0.00000000     -0.00000027      0.00000000
                       -0.00000003     -0.00000664      0.00000000
                        0.00000215      0.00000660     -0.00000000
                       -0.00000235      0.00001779     -0.00000000
                       -0.00000000     -0.00008511      0.00001966
                       -0.00000000     -0.00000782     -0.00000004
                        0.12833376      0.27469024      0.00000004
                       -0.00218809     -0.00000001      0.00000002
     Channel =  13      0.00000000      0.00000035      0.00000000
                       -0.00000000      0.00000034     -0.00000000
                       -0.00000007     -0.00000000      0.00000015
                       -0.00000000     -0.00000000     -0.00000030
                       -0.00000000      0.00000000      0.00000667
                        0.00000000     -0.00000000     -0.00000058
                       -0.00000698      0.00000000     -0.00000000
                       -0.00003848      0.00000000      0.04849191
                        0.00000000      0.00000001     -0.00204383
                        0.00000000     -0.33899484     -0.14817650
     Channel =  14     -0.00000578      0.00000000      0.00000244
                       -0.00000109     -0.00000000      0.00000063
                        0.00000000     -0.00000047     -0.00000000
                       -0.00000011      0.00002297      0.00000000
                       -0.00001084      0.00000515     -0.00000000
                       -0.00000253     -0.00001587      0.00000000
                       -0.00000000      0.00005378     -0.00001213
                       -0.00000000      0.00000377      0.00000001
                       -0.01967903     -0.04133698     -0.00000001
                       -0.00006893     -0.00000001     -0.00000001
     Channel =  15     -0.00000000      0.00000875     -0.00000000
                        0.00000000     -0.00000205      0.00000000
                        0.00000040      0.00000000     -0.00000036
                       -0.00000000     -0.00000000     -0.00003473
                        0.00000000     -0.00000000     -0.00000910
                        0.00000000     -0.00000000      0.00000124
                        0.00000342     -0.00000000     -0.00000000
                       -0.00001457     -0.00000000      0.00027097
                       -0.00000000     -0.00000000     -0.00002714
                       -0.00000000      0.01928323      0.01112601
     Channel =  16     -0.00000000     -0.00000259     -0.00000000
                       -0.00000000      0.00000035      0.00000000
                        0.00000005      0.00000000     -0.00000002
                        0.00000000      0.00000000      0.00000758
                       -0.00000000     -0.00000000     -0.00000122
                        0.00000000      0.00000000      0.00000157
                        0.00000108     -0.00000000      0.00000000
                        0.00006745     -0.00000000      0.00308450
                       -0.00000000     -0.00000001      0.00126013
                       -0.00000000     -0.00674597      0.01442417
     Channel =  17      0.00001582      0.00000000     -0.00000228
                        0.00000280      0.00000000     -0.00000039
                        0.00000000      0.00000093     -0.00000000
                        0.00000016     -0.00005710      0.00000000
                        0.00001046     -0.00001299     -0.00000000
                        0.00000123      0.00003143     -0.00000000
                       -0.00000000     -0.00007264      0.00001576
                       -0.00000000      0.00000708      0.00000000
                       -0.00059072     -0.00147572     -0.00000000
                       -0.00000416     -0.00000000      0.00000000
     Channel =  18     -0.00000102      0.00000000     -0.00000041
                       -0.00000074      0.00000000     -0.00000009
                       -0.00000000     -0.00000008      0.00000000
                        0.00000001      0.00000354     -0.00000000
                        0.00000237      0.00000353      0.00000000
                        0.00000046     -0.00000067     -0.00000000
                        0.00000000      0.00000001     -0.00000009
                       -0.00000000      0.00000424     -0.00000000
                        0.00064150      0.00146347      0.00000000
                        0.00003257      0.00000000      0.00000000
     Channel =  19     -0.00000000     -0.00000675      0.00000000
                       -0.00000000      0.00000249     -0.00000000
                       -0.00000013      0.00000000      0.00000057
                        0.00000000      0.00000000      0.00003254
                       -0.00000000      0.00000000      0.00001296
                       -0.00000000     -0.00000000      0.00000096
                       -0.00000479      0.00000000      0.00000000
                       -0.00005306      0.00000000     -0.00041635
                        0.00000000      0.00000000      0.00003059
                        0.00000000      0.00141588     -0.00095159
     Channel =  20      0.00000000     -0.00000471     -0.00000000
                       -0.00000000      0.00000093      0.00000000
                       -0.00000050     -0.00000000      0.00000013
                       -0.00000000      0.00000000      0.00001893
                       -0.00000000     -0.00000000      0.00000577
                        0.00000000      0.00000000      0.00000290
                       -0.00000173      0.00000000     -0.00000000
                       -0.00003102     -0.00000000     -0.00066009
                        0.00000000      0.00000000     -0.00019217
                       -0.00000000      0.00083186     -0.00220593
     Channel =  21     -0.00000048      0.00000000     -0.00000425
                        0.00000076     -0.00000000     -0.00000045
                        0.00000000      0.00000089     -0.00000000
                       -0.00000004     -0.00000114      0.00000000
                        0.00002007     -0.00000523     -0.00000000
                        0.00000311      0.00001099      0.00000000
                       -0.00000000     -0.00000793      0.00000222
                       -0.00000000      0.00003585      0.00000000
                        0.00005016      0.00015905     -0.00000000
                       -0.00001509      0.00000000     -0.00000000
     Channel =  22     -0.00000316     -0.00000000      0.00000224
                       -0.00000122      0.00000000      0.00000014
                        0.00000000     -0.00000085     -0.00000000
                        0.00000005      0.00001227      0.00000000
                       -0.00001014      0.00000667      0.00000000
                       -0.00000055     -0.00001336      0.00000000
                        0.00000000      0.00001822     -0.00000500
                       -0.00000000     -0.00001496      0.00000000
                        0.00011090      0.00018872      0.00000000
                        0.00000013      0.00000000     -0.00000000
     Channel =  23     -0.00000000     -0.00000651     -0.00000000
                        0.00000000      0.00000326     -0.00000000
                        0.00000009      0.00000000      0.00000104
                        0.00000000     -0.00000000      0.00002790
                        0.00000000      0.00000000      0.00001760
                        0.00000000     -0.00000000     -0.00000149
                       -0.00000821     -0.00000000     -0.00000000
                       -0.00003922      0.00000000      0.00005392
                       -0.00000000     -0.00000000     -0.00003362
                        0.00000000     -0.00013907      0.00018807
     Channel =  24     -0.00000000     -0.00000775     -0.00000000
                        0.00000000      0.00000200      0.00000000
                       -0.00000045      0.00000000      0.00000001
                        0.00000000     -0.00000000      0.00003221
                        0.00000000     -0.00000000      0.00000981
                        0.00000000     -0.00000000      0.00000292
                       -0.00000006      0.00000000     -0.00000000
                       -0.00004229     -0.00000000      0.00008182
                       -0.00000000     -0.00000000     -0.00000342
                       -0.00000000     -0.00014802      0.00020311
     Channel =  25     -0.00000000     -0.00000332     -0.00000000
                       -0.00000000     -0.00000015      0.00000000
                       -0.00000085      0.00000000      0.00000010
                        0.00000000     -0.00000000      0.00001745
                        0.00000000     -0.00000000      0.00000003
                       -0.00000000     -0.00000000      0.00000702
                       -0.00000170     -0.00000000     -0.00000000
                       -0.00003949     -0.00000000     -0.00002311
                        0.00000000      0.00000000     -0.00002030
                       -0.00000000      0.00006679     -0.00014968
     Channel =  26      0.00000000     -0.00015375      0.00000000
                        0.00000000      0.00002609     -0.00000000
                       -0.00000160      0.00000000      0.00000029
                       -0.00000000      0.00000000     -0.00008635
                       -0.00000000      0.00000000      0.00000582
                       -0.00000000      0.00000000      0.00000465
                       -0.00000310      0.00000000      0.00000000
                       -0.00003482     -0.00000000     -0.02375400
                        0.00000000      0.00000001     -0.00635358
                        0.00000000      0.09295964     -0.25779661
     Channel =  27      0.00011320     -0.00000000     -0.00000226
                        0.00014157      0.00000000     -0.00001072
                       -0.00000000      0.00002569      0.00000000
                        0.00000145      0.00005215      0.00000000
                        0.00001294      0.00003732     -0.00000000
                       -0.00000028      0.00004810     -0.00000000
                       -0.00000000     -0.00005239      0.00001015
                       -0.00000000      0.00001915      0.00000000
                       -0.01887954     -0.03783100     -0.00000001
                        0.00023146      0.00000000     -0.00000001
     Channel =  28      0.00000000      0.00003628      0.00000000
                       -0.00000000     -0.00011278     -0.00000000
                       -0.00001331     -0.00000000     -0.00002274
                       -0.00000000      0.00000000      0.00000081
                       -0.00000000      0.00000000      0.00002747
                        0.00000000     -0.00000000      0.00001231
                        0.00002292      0.00000000     -0.00000000
                        0.00003953      0.00000000      0.00779216
                       -0.00000000     -0.00000000      0.00227009
                       -0.00000000     -0.02187252      0.05573557
     Channel =  29     -0.00003338      0.00000000      0.00007854
                       -0.00002475     -0.00000000      0.00001109
                        0.00000000     -0.00011795      0.00000000
                       -0.00000603     -0.00002372      0.00000000
                        0.00003727     -0.00000381     -0.00000000
                        0.00000145     -0.00000103      0.00000000
                       -0.00000000      0.00001884     -0.00000338
                       -0.00000000     -0.00004643     -0.00000000
                        0.00525010      0.01058987      0.00000000
                        0.00013682     -0.00000000      0.00000000
     Channel =  30     -0.00000000      0.00009476     -0.00000000
                        0.00000000      0.00001621      0.00000000
                        0.00005321      0.00000000      0.00008691
                       -0.00000000     -0.00000000      0.00002666
                        0.00000000     -0.00000000     -0.00000896
                        0.00000000     -0.00000000     -0.00000202
                        0.00000902     -0.00000000     -0.00000000
                        0.00005896     -0.00000000      0.00024086
                        0.00000000      0.00000000     -0.00019961
                        0.00000000     -0.00016123      0.00009250
     Channel =  31     -0.00000000      0.00000046     -0.00000000
                       -0.00000000      0.00000131      0.00000000
                        0.00013398     -0.00000000     -0.00007697
                        0.00000000      0.00000000      0.00001949
                       -0.00000000      0.00000000      0.00000803
                        0.00000000      0.00000000      0.00001187
                       -0.00001031     -0.00000000      0.00000000
                        0.00000437     -0.00000000      0.00297266
                       -0.00000000     -0.00000000      0.00043710
                       -0.00000000     -0.00398202      0.00775623
     Channel =  32      0.00010015      0.00000000      0.00000427
                        0.00001563      0.00000000      0.00004843
                        0.00000000      0.00000411     -0.00000000
                       -0.00000868      0.00004852      0.00000000
                        0.00001549     -0.00000337     -0.00000000
                        0.00002463      0.00003392     -0.00000000
                       -0.00000000     -0.00007994      0.00001925
                       -0.00000000     -0.00000865     -0.00000000
                        0.00029970      0.00058703      0.00000000
                        0.00004243     -0.00000000      0.00000000
     Channel =  33     -0.00002512      0.00000000     -0.00002468
                       -0.00007310      0.00000000     -0.00005696
                       -0.00000000      0.00000986      0.00000000
                        0.00001198     -0.00000137     -0.00000000
                       -0.00002023     -0.00002847      0.00000000
                       -0.00002647     -0.00001508     -0.00000000
                        0.00000000      0.00003561     -0.00001043
                       -0.00000000      0.00000253      0.00000000
                       -0.00024258     -0.00063465     -0.00000000
                       -0.00006546      0.00000000     -0.00000000
     Channel =  34     -0.00000000     -0.00003159      0.00000000
                       -0.00000000      0.00009963      0.00000000
                       -0.00000160      0.00000000     -0.00000241
                        0.00000000     -0.00000000     -0.00001164
                       -0.00000000      0.00000000     -0.00004080
                       -0.00000000     -0.00000000      0.00000046
                       -0.00000311      0.00000000      0.00000000
                       -0.00001270      0.00000000     -0.00042607
                        0.00000000      0.00000000     -0.00010631
                        0.00000000      0.00060023     -0.00111922
     Channel =  35      0.00000000     -0.00000209     -0.00000000
                        0.00000000      0.00000162      0.00000000
                       -0.00002021     -0.00000000      0.00001131
                       -0.00000000     -0.00000000      0.00000161
                        0.00000000     -0.00000000     -0.00000078
                        0.00000000      0.00000000      0.00000278
                       -0.00000009     -0.00000000      0.00000000
                        0.00000128     -0.00000000     -0.00068675
                        0.00000000      0.00000000     -0.00009969
                        0.00000000      0.00101218     -0.00180693
     Channel =  36     -0.00002880      0.00000000      0.00006796
                       -0.00000039     -0.00000000     -0.00000671
                        0.00000000     -0.00002265      0.00000000
                        0.00005803     -0.00002340      0.00000000
                        0.00005128     -0.00000490     -0.00000000
                       -0.00000068      0.00000055      0.00000000
                       -0.00000000      0.00003622      0.00001458
                       -0.00000000     -0.00002089      0.00000000
                        0.00001052      0.00003758     -0.00000000
                       -0.00000509      0.00000000      0.00000000
     Channel =  37      0.00001258      0.00000000     -0.00002418
                        0.00002289      0.00000000      0.00001601
                        0.00000000      0.00008956     -0.00000000
                       -0.00004718      0.00000431      0.00000000
                       -0.00001746      0.00000470      0.00000000
                        0.00000529     -0.00002666      0.00000000
                       -0.00000000     -0.00003404     -0.00001275
                       -0.00000000      0.00000936      0.00000000
                       -0.00005517     -0.00005512      0.00000000
                        0.00001789     -0.00000000     -0.00000000
     Channel =  38     -0.00000000     -0.00001620     -0.00000000
                        0.00000000     -0.00003166     -0.00000000
                       -0.00005408     -0.00000000     -0.00009028
                        0.00000000     -0.00000000     -0.00000135
                        0.00000000      0.00000000      0.00000977
                        0.00000000     -0.00000000     -0.00002267
                       -0.00003779     -0.00000000     -0.00000000
                       -0.00002120      0.00000000      0.00009367
                       -0.00000000      0.00000000      0.00003367
                        0.00000000     -0.00009149      0.00013962
     Channel =  39     -0.00000000     -0.00000437     -0.00000000
                        0.00000000     -0.00000062      0.00000000
                       -0.00003686      0.00000000      0.00001881
                        0.00000000     -0.00000000      0.00001443
                        0.00000000     -0.00000000      0.00000079
                        0.00000000     -0.00000000     -0.00001377
                        0.00000962      0.00000000     -0.00000000
                       -0.00002960     -0.00000000      0.00010053
                        0.00000000      0.00000000     -0.00000053
                       -0.00000000     -0.00009968      0.00014814
     Channel =  40     -0.00000000      0.00010474     -0.00000000
                       -0.00000000     -0.00000362      0.00000000
                        0.00001834      0.00000000      0.00003879
                       -0.00000000      0.00000000      0.00006923
                        0.00000000     -0.00000000     -0.00000093
                       -0.00000000     -0.00000000      0.00000891
                        0.00001324     -0.00000000     -0.00000000
                        0.00005922     -0.00000000     -0.00007265
                       -0.00000000     -0.00000000      0.00000784
                       -0.00000000      0.00003956     -0.00006517
     Channel =  41      0.00001230     -0.00000000      0.00000253
                        0.00000066     -0.00000000     -0.00000050
                        0.00000000      0.00000058     -0.00000000
                        0.00000015     -0.00003776      0.00000000
                       -0.00001100     -0.00000506      0.00000000
                        0.00000416      0.00001804     -0.00000000
                       -0.00000000     -0.00003107      0.00000539
                        0.00000000      0.00002879     -0.00000000
                       -0.00066323     -0.00087966     -0.00000000
                       -0.00025826      0.00000000     -0.00000000
     Channel =  42     -0.00000000      0.00001564      0.00000000
                        0.00000000     -0.00000438     -0.00000000
                        0.00000064      0.00000000     -0.00000080
                        0.00000000     -0.00000000     -0.00006987
                       -0.00000000      0.00000000     -0.00002095
                       -0.00000000     -0.00000000     -0.00000202
                        0.00000422      0.00000000      0.00000000
                        0.00005372      0.00000000      0.00086474
                        0.00000000      0.00000000     -0.00024559
                       -0.00000000      0.00029093     -0.00020832
     Channel =  43      0.00003204      0.00000000     -0.00001381
                        0.00000359     -0.00000000     -0.00000292
                        0.00000000      0.00000172      0.00000000
                        0.00000066     -0.00011599      0.00000000
                        0.00005991     -0.00001576      0.00000000
                        0.00001350      0.00005894     -0.00000000
                        0.00000000     -0.00014393      0.00003033
                       -0.00000000      0.00002314      0.00000000
                        0.00012330     -0.00000039      0.00000000
                        0.00020271     -0.00000000     -0.00000000
     Channel =  44      0.00000000     -0.00001640      0.00000000
                        0.00000000      0.00000529      0.00000000
                       -0.00000062     -0.00000000      0.00000112
                       -0.00000000     -0.00000000      0.00008215
                       -0.00000000     -0.00000000      0.00002991
                        0.00000000      0.00000000      0.00000508
                       -0.00001157     -0.00000000      0.00000000
                       -0.00014476      0.00000000     -0.00008313
                       -0.00000000     -0.00000000      0.00005200
                        0.00000000      0.00045087      0.00024388
     Channel =  45     -0.00000955      0.00000000      0.00000778
                        0.00000030      0.00000000      0.00000234
                       -0.00000000     -0.00000055     -0.00000000
                       -0.00000044      0.00003925     -0.00000000
                       -0.00003852     -0.00000200      0.00000000
                       -0.00001311     -0.00002858      0.00000000
                       -0.00000000      0.00006985     -0.00001183
                       -0.00000000     -0.00006049     -0.00000000
                        0.00007044      0.00012096      0.00000000
                       -0.00003913      0.00000000      0.00000000
     Channel =  46      0.00001374      0.00000000     -0.00000673
                        0.00000411      0.00000000     -0.00000120
                        0.00000000      0.00000129     -0.00000000
                        0.00000032     -0.00005451      0.00000000
                        0.00003278     -0.00002231      0.00000000
                        0.00000640      0.00004189     -0.00000000
                       -0.00000000     -0.00008895      0.00001787
                       -0.00000000      0.00004881     -0.00000000
                        0.00025550      0.00046327      0.00000000
                        0.00000465     -0.00000000      0.00000000
     Channel =  47      0.00000000      0.00001412     -0.00000000
                       -0.00000000     -0.00000361      0.00000000
                        0.00000223      0.00000000     -0.00000139
                       -0.00000000      0.00000000     -0.00006732
                       -0.00000000     -0.00000000     -0.00002119
                        0.00000000     -0.00000000     -0.00001853
                        0.00001396     -0.00000000     -0.00000000
                        0.00012312      0.00000000     -0.00001247
                       -0.00000000     -0.00000000      0.00005772
                        0.00000000      0.00000691     -0.00001588
     Channel =  48      0.00000000     -0.00001014     -0.00000000
                        0.00000000      0.00000657      0.00000000
                        0.00000109     -0.00000000      0.00000266
                        0.00000000     -0.00000000      0.00004877
                        0.00000000     -0.00000000      0.00003869
                       -0.00000000     -0.00000000     -0.00000966
                       -0.00002335     -0.00000000      0.00000000
                       -0.00009023      0.00000000      0.00001125
                        0.00000000      0.00000000     -0.00010337
                       -0.00000000     -0.00002998     -0.00002700
     Channel =  49     -0.00000090      0.00000000      0.00000508
                        0.00000240      0.00000000      0.00000242
                        0.00000000      0.00000100      0.00000000
                       -0.00000137      0.00000469      0.00000000
                       -0.00002416     -0.00001419     -0.00000000
                       -0.00001451      0.00000322     -0.00000000
                        0.00000000      0.00001774      0.00000841
                       -0.00000000     -0.00004258      0.00000000
                       -0.00004627     -0.00001005     -0.00000000
                        0.00004183     -0.00000000     -0.00000000
     Channel =  50      0.00001404     -0.00000000     -0.00001259
                        0.00000692      0.00000000     -0.00000324
                        0.00000000      0.00000387     -0.00000000
                        0.00000105     -0.00005672      0.00000000
                        0.00005925     -0.00003972     -0.00000000
                        0.00001891      0.00006677     -0.00000000
                       -0.00000000     -0.00009433      0.00001329
                       -0.00000000      0.00009882      0.00000000
                       -0.00012424     -0.00001840     -0.00000000
                       -0.00005243     -0.00000000     -0.00000000
     Channel =  51      0.00000000     -0.00120917      0.00000000
                        0.00000000      0.00005397      0.00000000
                        0.00002935     -0.00000000      0.00002648
                       -0.00000000      0.00000000     -0.00072272
                        0.00000000      0.00000000     -0.00004951
                        0.00000000      0.00000000      0.00003966
                       -0.00000838     -0.00000000      0.00000000
                       -0.00069083     -0.00000000      0.00006891
                       -0.00000000     -0.00000000     -0.00005497
                        0.00000000     -0.00032646      0.00088887
     Channel =  52      0.00106635     -0.00000000     -0.00003393
                        0.00139696      0.00000000     -0.00016649
                        0.00000000      0.00004081     -0.00000000
                       -0.00002067      0.00082556     -0.00000000
                       -0.00043702      0.00091495      0.00000000
                       -0.00019567      0.00034235     -0.00000000
                       -0.00000000     -0.00086169      0.00014919
                       -0.00000000     -0.00007928     -0.00000000
                       -0.00059368      0.00040386      0.00000000
                       -0.00009488      0.00000000     -0.00000000
     Channel =  53     -0.00000000      0.00050747      0.00000000
                        0.00000000     -0.00096937     -0.00000000
                       -0.00002939     -0.00000000     -0.00011765
                        0.00000000     -0.00000000      0.00047450
                        0.00000000     -0.00000000      0.00027392
                       -0.00000000     -0.00000000     -0.00002226
                       -0.00010358      0.00000000     -0.00000000
                        0.00014768     -0.00000000     -0.00000437
                       -0.00000000     -0.00000000      0.00056020
                       -0.00000000     -0.00019289      0.00052279
     Channel =  54     -0.00026399      0.00000000      0.00075681
                       -0.00007405     -0.00000000      0.00001506
                       -0.00000000     -0.00143499      0.00000000
                       -0.00006389     -0.00023192      0.00000000
                        0.00047919      0.00009768      0.00000000
                        0.00009289      0.00076267     -0.00000000
                        0.00000000      0.00051890     -0.00009052
                        0.00000000     -0.00037490     -0.00000000
                        0.00006191      0.00008880      0.00000000
                        0.00039543     -0.00000000      0.00000000
     Channel =  55      0.00000000      0.00017244     -0.00000000
                       -0.00000000      0.00030329     -0.00000000
                        0.00057535      0.00000000      0.00099755
                       -0.00000000      0.00000000      0.00009466
                       -0.00000000     -0.00000000     -0.00018465
                       -0.00000000      0.00000000      0.00037687
                        0.00061522     -0.00000000     -0.00000000
                        0.00004308      0.00000000      0.00000431
                        0.00000000      0.00000000     -0.00043126
                       -0.00000000      0.00002988     -0.00009777
     Channel =  56     -0.00000000      0.00119439      0.00000000
                       -0.00000000      0.00019191      0.00000000
                        0.00141717     -0.00000000     -0.00051293
                        0.00000000     -0.00000000      0.00097443
                        0.00000000     -0.00000000     -0.00017209
                        0.00000000      0.00000000      0.00083951
                       -0.00031091      0.00000000      0.00000000
                        0.00064960     -0.00000000     -0.00000204
                        0.00000000     -0.00000000      0.00006490
                        0.00000000      0.00000170     -0.00000331
     Channel =  57     -0.00003319      0.00000000      0.00002949
                       -0.00121202     -0.00000000      0.00042448
                        0.00000000     -0.00000504     -0.00000000
                       -0.00000807     -0.00003133      0.00000000
                        0.00003810     -0.00079075     -0.00000000
                        0.00027761     -0.00006116      0.00000000
                       -0.00000000      0.00007683     -0.00001556
                        0.00000000     -0.00006453     -0.00000000
                        0.00073931     -0.00034177     -0.00000000
                        0.00024008      0.00000000      0.00000000
     Channel =  58      0.00006587      0.00000000     -0.00024352
                       -0.00054365      0.00000000     -0.00084826
                        0.00000000      0.00015174      0.00000000
                        0.00005175      0.00004551     -0.00000000
                       -0.00015473     -0.00038573     -0.00000000
                       -0.00058475     -0.00004715      0.00000000
                        0.00000000     -0.00014063      0.00007646
                       -0.00000000      0.00021256      0.00000000
                        0.00028092     -0.00019022     -0.00000000
                       -0.00059307     -0.00000000     -0.00000000
     Channel =  59      0.00000000     -0.00008447      0.00000000
                        0.00000000      0.00042099      0.00000000
                       -0.00006464      0.00000000     -0.00011986
                       -0.00000000      0.00000000     -0.00005313
                        0.00000000      0.00000000     -0.00030471
                        0.00000000     -0.00000000     -0.00004017
                       -0.00008803     -0.00000000     -0.00000000
                       -0.00009239     -0.00000000      0.00000741
                       -0.00000000      0.00000000     -0.00027676
                        0.00000000     -0.00000245      0.00001911
     Channel =  60      0.00000000     -0.00020595     -0.00000000
                       -0.00000000      0.00114295     -0.00000000
                       -0.00007556      0.00000000      0.00007845
                        0.00000000      0.00000000     -0.00009863
                       -0.00000000      0.00000000     -0.00075900
                       -0.00000000     -0.00000000     -0.00000227
                        0.00003659     -0.00000000      0.00000000
                       -0.00023984      0.00000000      0.00001196
                       -0.00000000      0.00000000     -0.00078385
                       -0.00000000      0.00000990      0.00000214

 Channel data will be written UNFORMATTED to set number  1 on unit number 10
 Header :e + H2O - doublet App                                       20230416  144804.038

 Target state    Spin    M    G/U  Energy (au)
         1         1     0     0  -76.110287
         2         3     1     0  -75.412713
         3         1     1     0  -75.376964
         4         3     0     0  -75.328362
         5         1     0     0  -75.195549

 Residual charge on system = 0

 Channel   Target state  L   M  Threshold (Ryd)
    1            1       1   1    0.000000
    2            1       2  -2    0.000000
    3            1       2   1    0.000000
    4            1       3  -2    0.000000
    5            1       3   1    0.000000
    6            1       3   3    0.000000
    7            1       4  -4    0.000000
    8            1       4  -2    0.000000
    9            1       4   1    0.000000
   10            1       4   3    0.000000
   11            2       0   0    1.395149
   12            2       1  -1    1.395149
   13            2       1   0    1.395149
   14            2       2  -1    1.395149
   15            2       2   0    1.395149
   16            2       2   2    1.395149
   17            2       3  -3    1.395149
   18            2       3  -1    1.395149
   19            2       3   0    1.395149
   20            2       3   2    1.395149
   21            2       4  -3    1.395149
   22            2       4  -1    1.395149
   23            2       4   0    1.395149
   24            2       4   2    1.395149
   25            2       4   4    1.395149
   26            3       0   0    1.466647
   27            3       1  -1    1.466647
   28            3       1   0    1.466647
   29            3       2  -1    1.466647
   30            3       2   0    1.466647
   31            3       2   2    1.466647
   32            3       3  -3    1.466647
   33            3       3  -1    1.466647
   34            3       3   0    1.466647
   35            3       3   2    1.466647
   36            3       4  -3    1.466647
   37            3       4  -1    1.466647
   38            3       4   0    1.466647
   39            3       4   2    1.466647
   40            3       4   4    1.466647
   41            4       1   1    1.563851
   42            4       2  -2    1.563851
   43            4       2   1    1.563851
   44            4       3  -2    1.563851
   45            4       3   1    1.563851
   46            4       3   3    1.563851
   47            4       4  -4    1.563851
   48            4       4  -2    1.563851
   49            4       4   1    1.563851
   50            4       4   3    1.563851
   51            5       1   1    1.829477
   52            5       2  -2    1.829477
   53            5       2   1    1.829477
   54            5       3  -2    1.829477
   55            5       3   1    1.829477
   56            5       3   3    1.829477
   57            5       4  -4    1.829477
   58            5       4  -2    1.829477
   59            5       4   1    1.829477
   60            5       4   3    1.829477

 R-matrix data will be written UNFORMATTED to set number  1 on unit number 21
 Header :e + H2O - doublet App                                       20230416  144804.038


 *** Task has been successfully completed ***
