+-------------------------------------------------------------------------+
|              _              |                                           |
| || || ||//  | \          |  | University College London (C) 1994 - 2020 |
| || || ||    | / |/\/\ /\ |  | Open University           (C) 2007 - 2020 |
| \\_// ||\\  | \ | | | \/ |  |                                           |
|                             |                                           |
+-------------------------------------------------------------------------+
| Last revision: 3.2                                                      |
| Last author:   Jimena Gorfinkiel                                        |
| Last date:     Tue Dec 21 17:59:46 2021 +0000                           |
+-------------------------------------------------------------------------+


 PROGRAM SCATCI (19 Oct 2009) : 

                         DATE = 20230416

                         TIME = 144731.150


 CONGEN: e + H2O - doublet Ap                                                                                                    
 SCATCI: e + H2O - doublet Ap                                                                                                    
 MGVN =         0     S    =  0.5
 NELT =        11     SZ   =  0.5
 IDIAG=         2     R    =  0.0
 THRES=   0.1D-09     NSYM =    2
 MEGUL=720, NOCSF=      1065
 NPFLG         0   0   0   0   0   0
 NOB(i)=                    98
 setting NOBE(i)=                    98
 NOB(i)=                    57
 setting NOBE(i)=                    57
 NOB  =        98  57
 NOB0 =        11   1
 NOBC =        11   1
 NDTRF=         1   2   3   4   5   6   7   8   9  10  11
 NSRB=  310    LNDOF=     26823    LCDOF=      3705
 nfte =  820        nfti =    16       lembf=  5000       iodr =   1
 MOLECULE SYMMETRY CASE,  SYMTYP = 2

 Prototype CSF option requested

 CI target option requested,
 Vectors to be read from unit NFTG = 26
 Phases for target vectors read in from CONGEN

 Number of target symmetries in expansion,   NTGSYM =    4
 Number of continuum orbitals for each state, NOTGT =   87   87   56   56
 Number of CI components for each state,      NCTGT =        65        55        40        50
 Number of target states of each symmetry,   NUMTGT =    2    1    1    1
 Continuum M projection  for each state,      MCONT =    0    0    1    1

 Diagonalisation of Hamiltonian matrix requested
 SCATCI will expand NOCSF =   1065 prototype CSFs
               into MXCSF =  16125 actual configurations
               and  MOCSF =   1018 dimension final Hamiltonian

 Number of last continuum CSF, NCONT =    420
     ENERGY EXPRESSIONS COMPUTED FOR MOLECULE SYMMETRY CASE - SYMTYP=  2
 All IIII blocks of integrals
                     1                     0                     0
                     0                     0
                     2                     1                     1
                     1                     1
 All IJIJ blocks
                     3                     1                     0
                     1                     0
 The IIJJ blocks of integrals
                     4                     1                     1
                     0                     0
 NOBE =        98        57
 MBAS =         0         6
 NBASH=         1      4852      6505
   Read wavefunctions from CONGEN and load integrals
                   I         N         G         M         S      MPOS      MCON
                   1         1         0         0         0         0         1
                   2         1         0         0         1         0         1
                   3         2         0         0         0         0         1
                   4         2         0         0         1         0         1
                   5         3         0         0         0         0         1
                   6         3         0         0         1         0         1
                   7         4         0         0         0         0         1
                   8         4         0         0         1         0         1
                   9         5         0         0         0         0         1
                  10         5         0         0         1         0         1
                  11         6         0         0         0         0         1
                  12         6         0         0         1         0         1
                  13         7         0         0         0         0         1
                  14         7         0         0         1         0         1
                  15         8         0         0         0         0         1
                  16         8         0         0         1         0         1
                  17         9         0         0         0         0         1
                  18         9         0         0         1         0         1
                  19        10         0         0         0         0         1
                  20        10         0         0         1         0         1
                  21        11         0         0         0         0         1
                  22        11         0         0         1         0         1
                  23        12         0         0         0         0         0
                  24        12         0         0         1         0         0
                  25        13         0         0         0         0         0
                  26        13         0         0         1         0         0
                  27        14         0         0         0         0         0
                  28        14         0         0         1         0         0
                  29        15         0         0         0         0         0
                  30        15         0         0         1         0         0
                  31        16         0         0         0         0         0
                  32        16         0         0         1         0         0
                  33        17         0         0         0         0         0
                  34        17         0         0         1         0         0
                  35        18         0         0         0         0         0
                  36        18         0         0         1         0         0
                  37        19         0         0         0         0         0
                  38        19         0         0         1         0         0
                  39        20         0         0         0         0         0
                  40        20         0         0         1         0         0
                  41        21         0         0         0         0         0
                  42        21         0         0         1         0         0
                  43        22         0         0         0         0         0
                  44        22         0         0         1         0         0
                  45        23         0         0         0         0         0
                  46        23         0         0         1         0         0
                  47        24         0         0         0         0         0
                  48        24         0         0         1         0         0
                  49        25         0         0         0         0         0
                  50        25         0         0         1         0         0
                  51        26         0         0         0         0         0
                  52        26         0         0         1         0         0
                  53        27         0         0         0         0         0
                  54        27         0         0         1         0         0
                  55        28         0         0         0         0         0
                  56        28         0         0         1         0         0
                  57        29         0         0         0         0         0
                  58        29         0         0         1         0         0
                  59        30         0         0         0         0         0
                  60        30         0         0         1         0         0
                  61        31         0         0         0         0         0
                  62        31         0         0         1         0         0
                  63        32         0         0         0         0         0
                  64        32         0         0         1         0         0
                  65        33         0         0         0         0         0
                  66        33         0         0         1         0         0
                  67        34         0         0         0         0         0
                  68        34         0         0         1         0         0
                  69        35         0         0         0         0         0
                  70        35         0         0         1         0         0
                  71        36         0         0         0         0         0
                  72        36         0         0         1         0         0
                  73        37         0         0         0         0         0
                  74        37         0         0         1         0         0
                  75        38         0         0         0         0         0
                  76        38         0         0         1         0         0
                  77        39         0         0         0         0         0
                  78        39         0         0         1         0         0
                  79        40         0         0         0         0         0
                  80        40         0         0         1         0         0
                  81        41         0         0         0         0         0
                  82        41         0         0         1         0         0
                  83        42         0         0         0         0         0
                  84        42         0         0         1         0         0
                  85        43         0         0         0         0         0
                  86        43         0         0         1         0         0
                  87        44         0         0         0         0         0
                  88        44         0         0         1         0         0
                  89        45         0         0         0         0         0
                  90        45         0         0         1         0         0
                  91        46         0         0         0         0         0
                  92        46         0         0         1         0         0
                  93        47         0         0         0         0         0
                  94        47         0         0         1         0         0
                  95        48         0         0         0         0         0
                  96        48         0         0         1         0         0
                  97        49         0         0         0         0         0
                  98        49         0         0         1         0         0
                  99        50         0         0         0         0         0
                 100        50         0         0         1         0         0
                 101        51         0         0         0         0         0
                 102        51         0         0         1         0         0
                 103        52         0         0         0         0         0
                 104        52         0         0         1         0         0
                 105        53         0         0         0         0         0
                 106        53         0         0         1         0         0
                 107        54         0         0         0         0         0
                 108        54         0         0         1         0         0
                 109        55         0         0         0         0         0
                 110        55         0         0         1         0         0
                 111        56         0         0         0         0         0
                 112        56         0         0         1         0         0
                 113        57         0         0         0         0         0
                 114        57         0         0         1         0         0
                 115        58         0         0         0         0         0
                 116        58         0         0         1         0         0
                 117        59         0         0         0         0         0
                 118        59         0         0         1         0         0
                 119        60         0         0         0         0         0
                 120        60         0         0         1         0         0
                 121        61         0         0         0         0         0
                 122        61         0         0         1         0         0
                 123        62         0         0         0         0         0
                 124        62         0         0         1         0         0
                 125        63         0         0         0         0         0
                 126        63         0         0         1         0         0
                 127        64         0         0         0         0         0
                 128        64         0         0         1         0         0
                 129        65         0         0         0         0         0
                 130        65         0         0         1         0         0
                 131        66         0         0         0         0         0
                 132        66         0         0         1         0         0
                 133        67         0         0         0         0         0
                 134        67         0         0         1         0         0
                 135        68         0         0         0         0         0
                 136        68         0         0         1         0         0
                 137        69         0         0         0         0         0
                 138        69         0         0         1         0         0
                 139        70         0         0         0         0         0
                 140        70         0         0         1         0         0
                 141        71         0         0         0         0         0
                 142        71         0         0         1         0         0
                 143        72         0         0         0         0         0
                 144        72         0         0         1         0         0
                 145        73         0         0         0         0         0
                 146        73         0         0         1         0         0
                 147        74         0         0         0         0         0
                 148        74         0         0         1         0         0
                 149        75         0         0         0         0         0
                 150        75         0         0         1         0         0
                 151        76         0         0         0         0         0
                 152        76         0         0         1         0         0
                 153        77         0         0         0         0         0
                 154        77         0         0         1         0         0
                 155        78         0         0         0         0         0
                 156        78         0         0         1         0         0
                 157        79         0         0         0         0         0
                 158        79         0         0         1         0         0
                 159        80         0         0         0         0         0
                 160        80         0         0         1         0         0
                 161        81         0         0         0         0         0
                 162        81         0         0         1         0         0
                 163        82         0         0         0         0         0
                 164        82         0         0         1         0         0
                 165        83         0         0         0         0         0
                 166        83         0         0         1         0         0
                 167        84         0         0         0         0         0
                 168        84         0         0         1         0         0
                 169        85         0         0         0         0         0
                 170        85         0         0         1         0         0
                 171        86         0         0         0         0         0
                 172        86         0         0         1         0         0
                 173        87         0         0         0         0         0
                 174        87         0         0         1         0         0
                 175        88         0         0         0         0         0
                 176        88         0         0         1         0         0
                 177        89         0         0         0         0         0
                 178        89         0         0         1         0         0
                 179        90         0         0         0         0         0
                 180        90         0         0         1         0         0
                 181        91         0         0         0         0         0
                 182        91         0         0         1         0         0
                 183        92         0         0         0         0         0
                 184        92         0         0         1         0         0
                 185        93         0         0         0         0         0
                 186        93         0         0         1         0         0
                 187        94         0         0         0         0         0
                 188        94         0         0         1         0         0
                 189        95         0         0         0         0         0
                 190        95         0         0         1         0         0
                 191        96         0         0         0         0         0
                 192        96         0         0         1         0         0
                 193        97         0         0         0         0         0
                 194        97         0         0         1         0         0
                 195        98         0         0         0         0         0
                 196        98         0         0         1         0         0
                 197        99         0         1         0         0         1
                 198        99         0         1         1         0         1
                 199       100         0         1         0         0         0
                 200       100         0         1         1         0         0
                 201       101         0         1         0         0         0
                 202       101         0         1         1         0         0
                 203       102         0         1         0         0         0
                 204       102         0         1         1         0         0
                 205       103         0         1         0         0         0
                 206       103         0         1         1         0         0
                 207       104         0         1         0         0         0
                 208       104         0         1         1         0         0
                 209       105         0         1         0         0         0
                 210       105         0         1         1         0         0
                 211       106         0         1         0         0         0
                 212       106         0         1         1         0         0
                 213       107         0         1         0         0         0
                 214       107         0         1         1         0         0
                 215       108         0         1         0         0         0
                 216       108         0         1         1         0         0
                 217       109         0         1         0         0         0
                 218       109         0         1         1         0         0
                 219       110         0         1         0         0         0
                 220       110         0         1         1         0         0
                 221       111         0         1         0         0         0
                 222       111         0         1         1         0         0
                 223       112         0         1         0         0         0
                 224       112         0         1         1         0         0
                 225       113         0         1         0         0         0
                 226       113         0         1         1         0         0
                 227       114         0         1         0         0         0
                 228       114         0         1         1         0         0
                 229       115         0         1         0         0         0
                 230       115         0         1         1         0         0
                 231       116         0         1         0         0         0
                 232       116         0         1         1         0         0
                 233       117         0         1         0         0         0
                 234       117         0         1         1         0         0
                 235       118         0         1         0         0         0
                 236       118         0         1         1         0         0
                 237       119         0         1         0         0         0
                 238       119         0         1         1         0         0
                 239       120         0         1         0         0         0
                 240       120         0         1         1         0         0
                 241       121         0         1         0         0         0
                 242       121         0         1         1         0         0
                 243       122         0         1         0         0         0
                 244       122         0         1         1         0         0
                 245       123         0         1         0         0         0
                 246       123         0         1         1         0         0
                 247       124         0         1         0         0         0
                 248       124         0         1         1         0         0
                 249       125         0         1         0         0         0
                 250       125         0         1         1         0         0
                 251       126         0         1         0         0         0
                 252       126         0         1         1         0         0
                 253       127         0         1         0         0         0
                 254       127         0         1         1         0         0
                 255       128         0         1         0         0         0
                 256       128         0         1         1         0         0
                 257       129         0         1         0         0         0
                 258       129         0         1         1         0         0
                 259       130         0         1         0         0         0
                 260       130         0         1         1         0         0
                 261       131         0         1         0         0         0
                 262       131         0         1         1         0         0
                 263       132         0         1         0         0         0
                 264       132         0         1         1         0         0
                 265       133         0         1         0         0         0
                 266       133         0         1         1         0         0
                 267       134         0         1         0         0         0
                 268       134         0         1         1         0         0
                 269       135         0         1         0         0         0
                 270       135         0         1         1         0         0
                 271       136         0         1         0         0         0
                 272       136         0         1         1         0         0
                 273       137         0         1         0         0         0
                 274       137         0         1         1         0         0
                 275       138         0         1         0         0         0
                 276       138         0         1         1         0         0
                 277       139         0         1         0         0         0
                 278       139         0         1         1         0         0
                 279       140         0         1         0         0         0
                 280       140         0         1         1         0         0
                 281       141         0         1         0         0         0
                 282       141         0         1         1         0         0
                 283       142         0         1         0         0         0
                 284       142         0         1         1         0         0
                 285       143         0         1         0         0         0
                 286       143         0         1         1         0         0
                 287       144         0         1         0         0         0
                 288       144         0         1         1         0         0
                 289       145         0         1         0         0         0
                 290       145         0         1         1         0         0
                 291       146         0         1         0         0         0
                 292       146         0         1         1         0         0
                 293       147         0         1         0         0         0
                 294       147         0         1         1         0         0
                 295       148         0         1         0         0         0
                 296       148         0         1         1         0         0
                 297       149         0         1         0         0         0
                 298       149         0         1         1         0         0
                 299       150         0         1         0         0         0
                 300       150         0         1         1         0         0
                 301       151         0         1         0         0         0
                 302       151         0         1         1         0         0
                 303       152         0         1         0         0         0
                 304       152         0         1         1         0         0
                 305       153         0         1         0         0         0
                 306       153         0         1         1         0         0
                 307       154         0         1         0         0         0
                 308       154         0         1         1         0         0
                 309       155         0         1         0         0         0
                 310       155         0         1         1         0         0
 GIVEN NSRBD=                   310
 CALCULATED NSRB=                   310

          Assuming UKRMol+ integrals on input.
MPI startup(): PMI server not found. Please set I_MPI_PMI_LIBRARY variable if it is not a singleton case.

 On input SCATCI expects:
 1-electron integrals, NINT1e =0
 2-electron integrals, NINT2e =0

One electron integrals read-in.

Two electron integrals read-in.

 UKRMol+ integrals read successfully:
 1-electron integrals, NINT1e =12090
 2-electron integrals, NINT2e =1255995

          Nuclear repulsion energy =       9.2402472

          Finished reading UKRMol+ integrals.
   Load CI target and construct matrix elements

 TRANSFORMATION VECTOR   1 FROM SET  1 STATE  1
 SET   1    H2O CI calculation - singlet Ap                                                                                         
          NOCSF=   65    NSTAT=    2    NNUC =    4

 Nuclear data     X         Y         Z       Charge
   O  1        0.000000  0.000000  0.123326  8.000000
   H  2        0.000000  1.423049 -0.978913  1.000000
   H  3        0.000000 -1.423049 -0.978913  1.000000
   sc 4        0.000000  0.000000  0.000000  0.000000
          EIGEN-ENERGIES OF THE REQ. STATES
                      -76.1102871106      -75.1955487001

 TRANSFORMATION VECTOR   2 FROM SET  1 STATE  2

 TRANSFORMATION VECTOR   3 FROM SET  2 STATE  1
 SET   2    H2O CI calculation - triplet Ap                                                                                         
          NOCSF=   55    NSTAT=    1    NNUC =    4

 Nuclear data     X         Y         Z       Charge
   O  1        0.000000  0.000000  0.123326  8.000000
   H  2        0.000000  1.423049 -0.978913  1.000000
   H  3        0.000000 -1.423049 -0.978913  1.000000
   sc 4        0.000000  0.000000  0.000000  0.000000
          EIGEN-ENERGIES OF THE REQ. STATES
                      -75.3283615603

 TRANSFORMATION VECTOR   4 FROM SET  3 STATE  1
 SET   3    H2O CI calculation - singlet App                                                                                        
          NOCSF=   40    NSTAT=    1    NNUC =    4

 Nuclear data     X         Y         Z       Charge
   O  1        0.000000  0.000000  0.123326  8.000000
   H  2        0.000000  1.423049 -0.978913  1.000000
   H  3        0.000000 -1.423049 -0.978913  1.000000
   sc 4        0.000000  0.000000  0.000000  0.000000
          EIGEN-ENERGIES OF THE REQ. STATES
                      -75.3769637784

 TRANSFORMATION VECTOR   5 FROM SET  4 STATE  1
 SET   4    H2O CI calculation - triplet App                                                                                        
          NOCSF=   50    NSTAT=    1    NNUC =    4

 Nuclear data     X         Y         Z       Charge
   O  1        0.000000  0.000000  0.123326  8.000000
   H  2        0.000000  1.423049 -0.978913  1.000000
   H  3        0.000000 -1.423049 -0.978913  1.000000
   sc 4        0.000000  0.000000  0.000000  0.000000
          EIGEN-ENERGIES OF THE REQ. STATES
                      -75.4127125521
     MXCORB SET TO:       100000000


 TOTAL H Matrix     ELEMENTS      =    518671
 NON-ZERO ELEMENTS evaluated      =    364925
 Total    prototype ELEMENTS      =    567645
 Non-zero prototype ELEMENTS      =     60215

 Number (prototype) integrals     =    257660
 Compressed (prototype) integrals =    232849
 Number integrals evaluated       =   4392978
 ===================================================
  inside subroutine --> 'dgmain' --> begins. 
 

  ************************************************************************************************************************

 MATRIX DIAGONALIZATION SECTION
 (RUN)     H2O CI calculation - doublet Ap                                                                                         
  DATA SET FILE NUMBERS AND LENGTH SPECIFICATIONS :
      NFTE =820      NFTW =     25

 NPFLG :      0     0
 NCISET:      1

 NPCVC =    1
 THRHM = 0.10D-14


 (EMX)     e + H2O - doublet Ap                                                                                                    

  1018 Eigenvectors to be computed for
  1018 dimensional final Hamiltonian matrix

    364925 Hamiltonian elements read from unit NFTE =820
 CI data stored as set number  1

 SET   1    H2O CI calculation - doublet Ap                                                                                         

 MGVN = 0    s =   0.5    sz =   0.5    NELT =   11    NNUC =  4

 Nuclear data     X         Y         Z       Charge
   O  1        0.000000  0.000000  0.123326  8.000000
   H  2        0.000000  1.423049 -0.978913  1.000000
   H  3        0.000000 -1.423049 -0.978913  1.000000
   sc 4        0.000000  0.000000  0.000000  0.000000

 NOCSF= 1018    NSTAT= 1018    EN   =        9.2402471657

 NTGSYM=   4
  I   MCONT  NOTGT
  1      0     87
  2      0     87
  3      1     56
  4      1     56

 EIGEN-ENERGIES
                      -76.0988145999      -76.0747373430      -76.0692802852      -76.0374376692      -76.0370451936
                      -76.0342220681      -75.9879390410      -75.9878613230      -75.9865627256      -75.9853266509
                      -75.9779456883      -75.9273139124      -75.9273078713      -75.9265108870      -75.9259210529
                      -75.9249687177      -75.9183248188      -75.8997223442      -75.8532120198      -75.8495016651
                      -75.8341337123      -75.7407338626      -75.7347614562      -75.7307248370      -75.7272797034
                      -75.7258670236      -75.6733869911      -75.6173344962      -75.6156443343      -75.6147705665
                      -75.6133097706      -75.6117673882      -75.6092130888      -75.5929014097      -75.5891363844
                      -75.5498591318      -75.4109820986      -75.3955178344      -75.3909966592      -75.3766233928
                      -75.3748217070      -75.3654965161      -75.3476548684      -75.3381952365      -75.3378751111
                      -75.3353016592      -75.3185987693      -75.3026537987      -75.3022028149      -75.2944770339
                      -75.2892892744      -75.2891513568      -75.2889560135      -75.2883023850      -75.2560959348
                      -75.2555483720      -75.2536151655      -75.2533447756      -75.2531950119      -75.2529125084
                      -75.2383807452      -75.2291973079      -75.2290312555      -75.2288676746      -75.2288352011
                      -75.2267888661      -75.2192810468      -75.2171417104      -75.2154306941      -75.2100217205
                      -75.2094187716      -75.2073004207      -75.2056422253      -75.2053573222      -75.2049973622
                      -75.2040385696      -75.2039666224      -75.2037042114      -75.1934739089      -75.1932856733
                      -75.1931198833      -75.1930643409      -75.1879779964      -75.1667761005      -75.1617517802
                      -75.1609965895      -75.1562728264      -75.1476224171      -75.1454180400      -75.1454102435
                      -75.1446273512      -75.1443445833      -75.1437416221      -75.1391401311      -75.1381800137
                      -75.1279950290      -75.1254935320      -75.1214260419      -75.1197417531      -75.1193405035
                      -75.1075423620      -75.1043614805      -75.1038251204      -75.0809522380      -75.0727292947
                      -75.0726887110      -75.0714673722      -75.0711754789      -75.0601609996      -75.0533894903
                      -75.0508384627      -75.0331558424      -75.0325029132      -75.0320634902      -75.0235342180
                      -75.0207961320      -75.0125708484      -75.0125511201      -75.0116272528      -75.0115572468
                      -75.0111398986      -74.9982566663      -74.9977254884      -74.9974802439      -74.9948455563
                      -74.9937554598      -74.9751369332      -74.9673389893      -74.9619988293      -74.9543128091
                      -74.9514376599      -74.9476382751      -74.9468864842      -74.9449730994      -74.9447659364
                      -74.9386959520      -74.9340120538      -74.9248822845      -74.9161116299      -74.9157195378
                      -74.9152374705      -74.9151229182      -74.9099768885      -74.9084285451      -74.9045398302
                      -74.8863616412      -74.8815933413      -74.8806455160      -74.8798547671      -74.8796127311
                      -74.8793158614      -74.8750276378      -74.8596818952      -74.8547186508      -74.8509657427
                      -74.8448664679      -74.8335379399      -74.8334560311      -74.8311843663      -74.8304606789
                      -74.8302800972      -74.8287774458      -74.8233860165      -74.8206516351      -74.8192710244
                      -74.8163247879      -74.8162344792      -74.8141391693      -74.8134793099      -74.7995046256
                      -74.7940906181      -74.7909559385      -74.7790743669      -74.7671283544      -74.7490060826
                      -74.7397333570      -74.7210775180      -74.7080864303      -74.7008648788      -74.7008483933
                      -74.6979212941      -74.6978989403      -74.6968451014      -74.6958721498      -74.6936345072
                      -74.6862738680      -74.6852176663      -74.6838245732      -74.6831398408      -74.6797754465
                      -74.6791137458      -74.6756148961      -74.6697970748      -74.6628584423      -74.6545144677
                      -74.6526311169      -74.6514848720      -74.6469743189      -74.6412916000      -74.6289297048
                      -74.6141280997      -74.6047333041      -74.6036838134      -74.5955344320      -74.5933754570
                      -74.5811032950      -74.5799880383      -74.5728748185      -74.5609170371      -74.5549769427
                      -74.5411089678      -74.5247268168      -74.5212901305      -74.5139936162      -74.5133883987
                      -74.5124595473      -74.5120943826      -74.5079106310      -74.5066219972      -74.5044552116
                      -74.5024673100      -74.4907523153      -74.4841754133      -74.4839074300      -74.4818539773
                      -74.4795017990      -74.4786466063      -74.4771261258      -74.4768728471      -74.4763978758
                      -74.4700559592      -74.4678874155      -74.4670620756      -74.4641630171      -74.4613936957
                      -74.4550345217      -74.4501608183      -74.4491532118      -74.4389034809      -74.4327112150
                      -74.4323305543      -74.4294368843      -74.4274289427      -74.4264276018      -74.4240864542
                      -74.4223306690      -74.4144598077      -74.3882889428      -74.3861311364      -74.3647834517
                      -74.3572700319      -74.3551908552      -74.3522418006      -74.3440021510      -74.3386325345
                      -74.3324129275      -74.3267413302      -74.3211988210      -74.3136397263      -74.3058806472
                      -74.3044356141      -74.3020519702      -74.3000393981      -74.2952875999      -74.2952262545
                      -74.2937812881      -74.2874293099      -74.2856958243      -74.2808158824      -74.2694703581
                      -74.2633017147      -74.2620872278      -74.2508032688      -74.2441526927      -74.2358389382
                      -74.2237757425      -74.2227832088      -74.2207066746      -74.2178226677      -74.2109362623
                      -74.1947934047      -74.1940765747      -74.1925707185      -74.1901048223      -74.1852102054
                      -74.1810508008      -74.1693167417      -74.1647629613      -74.1623932633      -74.1432769318
                      -74.1385296473      -74.1379790894      -74.1283413889      -74.1273729916      -74.1206789598
                      -74.1123620891      -74.1119422632      -74.1061426930      -74.0856579035      -74.0835137784
                      -74.0733206395      -74.0655827657      -74.0635865232      -74.0587662596      -74.0409616320
                      -74.0300380280      -74.0254562840      -74.0247615531      -74.0183021586      -74.0122833358
                      -74.0069374614      -74.0050523050      -74.0031336494      -73.9962682197      -73.9906806957
                      -73.9894039076      -73.9880263461      -73.9838892790      -73.9810750031      -73.9806614693
                      -73.9777133465      -73.9755529598      -73.9735782890      -73.9714492571      -73.9640757794
                      -73.9625211795      -73.9546298007      -73.9528516518      -73.9475506018      -73.9469823728
                      -73.9447868242      -73.9426127939      -73.9410166314      -73.9408334734      -73.9354143693
                      -73.9307404238      -73.9284067272      -73.9192130817      -73.9172935596      -73.9137274902
                      -73.9071273658      -73.9066636604      -73.9058691982      -73.9009333868      -73.8965984094
                      -73.8942533717      -73.8930304982      -73.8850527154      -73.8842199876      -73.8827902885
                      -73.8780369572      -73.8749419993      -73.8614157265      -73.8576030855      -73.8529648688
                      -73.8495698630      -73.8435297030      -73.8399028998      -73.8315323258      -73.8283029635
                      -73.8258720659      -73.8229189585      -73.8209387985      -73.8139174041      -73.8088059763
                      -73.7959003889      -73.7953241232      -73.7940043971      -73.7910481011      -73.7891155793
                      -73.7833815949      -73.7807363836      -73.7793355680      -73.7790938315      -73.7723457756
                      -73.7701530780      -73.7653004249      -73.7641562174      -73.7631899909      -73.7605355944
                      -73.7578160242      -73.7553188198      -73.7531831413      -73.7461651213      -73.7362737223
                      -73.7301857527      -73.7192547379      -73.7084072002      -73.7052068239      -73.6968407671
                      -73.6906841977      -73.6888291170      -73.6818677946      -73.6807065378      -73.6709637955
                      -73.6700503708      -73.6577386487      -73.6568149554      -73.6553862663      -73.6435427472
