+-------------------------------------------------------------------------+
|              _              |                                           |
| || || ||//  | \          |  | University College London (C) 1994 - 2020 |
| || || ||    | / |/\/\ /\ |  | Open University           (C) 2007 - 2020 |
| \\_// ||\\  | \ | | | \/ |  |                                           |
|                             |                                           |
+-------------------------------------------------------------------------+
| Last revision: unknown                                                  |
| Last author:   unknown                                                  |
| Last date:     unknown                                                  |
+-------------------------------------------------------------------------+
MPI startup(): PMI server not found. Please set I_MPI_PMI_LIBRARY variable if it is not a singleton case.


 Program SWINTERF  ( last modified 12-Jan-2004 )

e + H2O - doublet Ap                                        20230416  144734.531


 Symmetry data   MGVN = 0 STOT = 2

 Input datasets:             Unit  Set number
 Target data          LUTARG  24       1       FORMATTED
 Boundary amplitudes  LUAMP   16       1     UNFORMATTED
 CI data              LUCI    25       1     UNFORMATTED
 Buttle corrections   LUBUT    0       1     UNFORMATTED

 Output datasets:            Unit  Set number
 Channel data         LUCHAN  10       1     UNFORMATTED
 R-Matrix data        LURMT   21       1     UNFORMATTED

 We are using UKRmol+ input

 Assuming full CI vectors have been saved on LUCI 

 Target rotational constants (a.u.)   0.126121D-03   0.671979D-04   0.438399D-04

 Nuclear centres 
    Atom  Charge      X         Y         Z         Mass
  1   O      8     0.000000  0.000000  0.123326   15.994900
  2   H      1     0.000000  1.423049 -0.978913    1.007800
  3   H      1     0.000000 -1.423049 -0.978913    1.007800

 Reduced mass     890.471806 au

 Transition moments
    1    0    1    0    1   -1   0.00000
    1    0    1    0    1    0   0.73821
    1    0    1    0    2   -1  -0.00000
    1    0    1    0    2    0   0.10597
    1    0    1    0    2    2   1.93467
    5    0    1    0    1   -1   0.51629
    5    0    1    0    1    0  -0.00000
    5    0    1    0    2   -1  -0.81823
    5    0    1    0    2    0  -0.00000
    5    0    1    0    2    2  -0.00000
    5    0    5    0    1   -1  -0.00000
    5    0    5    0    1    0   0.19651
    5    0    5    0    2   -1   0.00000
    5    0    5    0    2    0  -0.91145
    5    0    5    0    2    2   0.83754
    4    0    4    0    1   -1   0.00000
    4    0    4    0    1    0   0.18202
    4    0    4    0    2   -1  -0.00000
    4    0    4    0    2    0   0.04345
    4    0    4    0    2    2   1.41699
    3    1    1    0    1    1   0.00000
    3    1    1    0    2   -2   0.43227
    3    1    1    0    2    1   0.00000
    3    1    5    0    1    1   0.09597
    3    1    5    0    2   -2  -0.00000
    3    1    5    0    2    1   0.77300
    3    1    3    1    1   -1  -0.00000
    3    1    3    1    1    0   0.22919
    3    1    3    1    2   -1   0.00000
    3    1    3    1    2    0   0.36459
    3    1    3    1    2    2  -0.09299
    2    1    4    0    1    1  -0.00000
    2    1    4    0    2   -2   0.40918
    2    1    4    0    2    1   0.00000
    2    1    2    1    1   -1  -0.00000
    2    1    2    1    1    0   0.20287
    2    1    2    1    2   -1   0.00000
    2    1    2    1    2    0   0.34227
    2    1    2    1    2    2  -0.14894

 READCIP start

 CI file header data:
 --------------------
 MGVN  =  0
 NSET  =  1
 NSTAT =       1018
 NOCSF =       1018

 READCIP end

 R-matrix radius  =   10.00
 Residual charge on system = 0

 Channel Target  l  m  q       Irr  Energy   Energy(eV)
    1       1    0  0  0  N/A   1  0.000000  0.000000
    2       1    1  1 -1  N/A   1  0.000000  0.000000
    3       1    1  0  0  N/A   1  0.000000  0.000000
    4       1    2  1 -1  N/A   1  0.000000  0.000000
    5       1    2  0  0  N/A   1  0.000000  0.000000
    6       1    2  2  1  N/A   1  0.000000  0.000000
    7       1    3  3 -1  N/A   1  0.000000  0.000000
    8       1    3  1 -1  N/A   1  0.000000  0.000000
    9       1    3  0  0  N/A   1  0.000000  0.000000
   10       1    3  2  1  N/A   1  0.000000  0.000000
   11       1    4  3 -1  N/A   1  0.000000  0.000000
   12       1    4  1 -1  N/A   1  0.000000  0.000000
   13       1    4  0  0  N/A   1  0.000000  0.000000
   14       1    4  2  1  N/A   1  0.000000  0.000000
   15       1    4  4  1  N/A   1  0.000000  0.000000
   16       2    1  1  1  N/A   2  1.395149 18.981621
   17       2    2  2 -1  N/A   2  1.395149 18.981621
   18       2    2  1  1  N/A   2  1.395149 18.981621
   19       2    3  2 -1  N/A   2  1.395149 18.981621
   20       2    3  1  1  N/A   2  1.395149 18.981621
   21       2    3  3  1  N/A   2  1.395149 18.981621
   22       2    4  4 -1  N/A   2  1.395149 18.981621
   23       2    4  2 -1  N/A   2  1.395149 18.981621
   24       2    4  1  1  N/A   2  1.395149 18.981621
   25       2    4  3  1  N/A   2  1.395149 18.981621
   26       3    1  1  1  N/A   2  1.466647 19.954376
   27       3    2  2 -1  N/A   2  1.466647 19.954376
   28       3    2  1  1  N/A   2  1.466647 19.954376
   29       3    3  2 -1  N/A   2  1.466647 19.954376
   30       3    3  1  1  N/A   2  1.466647 19.954376
   31       3    3  3  1  N/A   2  1.466647 19.954376
   32       3    4  4 -1  N/A   2  1.466647 19.954376
   33       3    4  2 -1  N/A   2  1.466647 19.954376
   34       3    4  1  1  N/A   2  1.466647 19.954376
   35       3    4  3  1  N/A   2  1.466647 19.954376
   36       4    0  0  0  N/A   1  1.563851 21.276886
   37       4    1  1 -1  N/A   1  1.563851 21.276886
   38       4    1  0  0  N/A   1  1.563851 21.276886
   39       4    2  1 -1  N/A   1  1.563851 21.276886
   40       4    2  0  0  N/A   1  1.563851 21.276886
   41       4    2  2  1  N/A   1  1.563851 21.276886
   42       4    3  3 -1  N/A   1  1.563851 21.276886
   43       4    3  1 -1  N/A   1  1.563851 21.276886
   44       4    3  0  0  N/A   1  1.563851 21.276886
   45       4    3  2  1  N/A   1  1.563851 21.276886
   46       4    4  3 -1  N/A   1  1.563851 21.276886
   47       4    4  1 -1  N/A   1  1.563851 21.276886
   48       4    4  0  0  N/A   1  1.563851 21.276886
   49       4    4  2  1  N/A   1  1.563851 21.276886
   50       4    4  4  1  N/A   1  1.563851 21.276886
   51       5    0  0  0  N/A   1  1.829477 24.890841
   52       5    1  1 -1  N/A   1  1.829477 24.890841
   53       5    1  0  0  N/A   1  1.829477 24.890841
   54       5    2  1 -1  N/A   1  1.829477 24.890841
   55       5    2  0  0  N/A   1  1.829477 24.890841
   56       5    2  2  1  N/A   1  1.829477 24.890841
   57       5    3  3 -1  N/A   1  1.829477 24.890841
   58       5    3  1 -1  N/A   1  1.829477 24.890841
   59       5    3  0  0  N/A   1  1.829477 24.890841
   60       5    3  2  1  N/A   1  1.829477 24.890841
   61       5    4  3 -1  N/A   1  1.829477 24.890841
   62       5    4  1 -1  N/A   1  1.829477 24.890841
   63       5    4  0  0  N/A   1  1.829477 24.890841
   64       5    4  2  1  N/A   1  1.829477 24.890841
   65       5    4  4  1  N/A   1  1.829477 24.890841

 Dimension of Hamiltonian matrix           NOCSF =      1018
 Number of CSFs used to construct R-matrix NSTAT = 1018
 Number of eigenvectors to be retained     NPOLE =    0
 Number of multipoles in potential         ISMAX =    2

 READCIP start

 Reading CI coefficients...
 Last pole include at                  1018  is   -68.0984215117245       Ryd

 READCIP end

     R-matrix boundary amplitudes 

     At radial distance RMATR -      0.00000000 Bohr radii
     No. of channels     =    65
     No. of eigenvectors =  1018
     No. of correction terms =     0


     First 30 R-matrix amplitudes

     Channel =   1      0.30865704     -0.00000000      0.12028759
                       -0.03692445      0.00000000     -0.00662192
                        0.03524292      0.00000001     -0.00000000
                        0.00701528      0.31881843      0.00137797
                       -0.00000000      0.00191513     -0.00000000
                        0.00048650      0.00000000     -0.09169612
                       -0.00000001      0.06944871     -0.01694688
                       -0.18470287      0.00000000     -0.00000001
                        0.18938952     -0.15178204      0.00000001
                       -0.06512084      0.00000000     -0.04740293
     Channel =   2     -0.00000000     -0.36375730      0.00000000
                        0.00000001      0.07556026      0.00000000
                        0.00000000     -0.01229491      0.00642982
                        0.00000000     -0.00000000     -0.00000003
                       -0.01383347     -0.00000000     -0.00642660
                        0.00000000      0.31708440      0.00000000
                        0.11755697      0.00000000     -0.00000000
                        0.00000000     -0.01792695      0.02140864
                       -0.00000000      0.00000000      0.21894007
                        0.00000001     -0.01946486      0.00000001
     Channel =   3     -0.10900740      0.00000000      0.35136398
                       -0.04076319      0.00000000      0.06669083
                       -0.02012120     -0.00000001      0.00000000
                       -0.00400584     -0.09350427      0.00245422
                       -0.00000001      0.00027889     -0.00000000
                        0.00036562      0.00000000     -0.31572145
                        0.00000000      0.03675458      0.07551345
                        0.06741657     -0.00000000      0.00000000
                       -0.05524430      0.03993596     -0.00000000
                       -0.21995240      0.00000001     -0.17776628
     Channel =   4      0.00000000      0.06498494     -0.00000000
                        0.00000002      0.39378907     -0.00000000
                        0.00000001     -0.04173274     -0.03271084
                       -0.00000000      0.00000000      0.00000003
                        0.01169386      0.00000000      0.00455241
                       -0.00000000     -0.09518582      0.00000000
                        0.29107227      0.00000002     -0.00000000
                       -0.00000001     -0.02843280     -0.05013156
                        0.00000000     -0.00000000     -0.20717205
                        0.00000000     -0.00256883      0.00000000
     Channel =   5      0.01102499     -0.00000000     -0.07143279
                       -0.20803413      0.00000001      0.33801313
                       -0.03438719     -0.00000001     -0.00000000
                        0.04042037      0.00952704     -0.00612349
                        0.00000002     -0.00191771     -0.00000000
                       -0.00161561      0.00000000      0.07957734
                       -0.00000001      0.13714891      0.28512496
                        0.01418824     -0.00000000     -0.00000000
                        0.03742279      0.01062723      0.00000000
                        0.10757308     -0.00000000      0.07501179
     Channel =   6     -0.01514273     -0.00000000     -0.00890282
                       -0.33912596      0.00000002     -0.21567658
                       -0.03984831     -0.00000001      0.00000000
                       -0.02722223     -0.04188500     -0.00540758
                        0.00000001      0.00643279      0.00000000
                        0.00093340      0.00000000      0.01845758
                       -0.00000001      0.27724658     -0.14387402
                        0.09154793     -0.00000000      0.00000000
                       -0.04510026      0.01333655     -0.00000000
                        0.04740839     -0.00000000      0.03321960
     Channel =   7      0.00000000      0.00703301     -0.00000000
                        0.00000000     -0.00052287      0.00000000
                        0.00000007     -0.25013967      0.36104800
                        0.00000001      0.00000000      0.00000005
                        0.01861854      0.00000000      0.02418996
                        0.00000000     -0.01438189      0.00000000
                        0.00266774     -0.00000000     -0.00000000
                        0.00000001     -0.18499171      0.28604977
                        0.00000002     -0.00000001     -0.04862338
                        0.00000000     -0.01441040     -0.00000000
     Channel =   8     -0.00000000     -0.00289191      0.00000000
                       -0.00000000     -0.04832540     -0.00000000
                        0.00000011     -0.35671510     -0.24838014
                       -0.00000001     -0.00000000      0.00000009
                        0.03423164      0.00000000     -0.02478335
                        0.00000000      0.00819263     -0.00000000
                       -0.04077174     -0.00000000      0.00000000
                       -0.00000000     -0.28562872     -0.18121098
                       -0.00000001      0.00000000      0.03195080
                       -0.00000000     -0.02802118     -0.00000000
     Channel =   9      0.00050643      0.00000000      0.00508888
                        0.02773200     -0.00000000     -0.04109256
                       -0.28232809     -0.00000008     -0.00000002
                        0.33061269      0.02662149     -0.02502327
                        0.00000006     -0.01738404     -0.00000000
                        0.02967890     -0.00000000     -0.00625105
                        0.00000000     -0.02429754     -0.03113771
                        0.15824712      0.00000000     -0.00000002
                        0.27210828      0.12996600      0.00000000
                        0.00099490      0.00000000     -0.02591101
     Channel =  10      0.00373096      0.00000000     -0.00439923
                        0.03401970     -0.00000000      0.01926420
                       -0.32571345     -0.00000010      0.00000000
                       -0.28629865      0.05244473     -0.02714578
                        0.00000007     -0.00901200      0.00000000
                       -0.02492072     -0.00000000      0.00618202
                        0.00000000     -0.03510700      0.01459419
                        0.19868264      0.00000000     -0.00000001
                        0.00932582     -0.27534031      0.00000000
                        0.01671866      0.00000000     -0.01675908
     Channel =  11     -0.00000000     -0.00131325     -0.00000000
                       -0.00000000     -0.00373125      0.00000000
                       -0.00000000      0.01627012     -0.02252551
                       -0.00000000     -0.00000000      0.00000066
                        0.26781814      0.00000002      0.38264964
                        0.00000001      0.02335688     -0.00000000
                       -0.00777480     -0.00000000      0.00000000
                       -0.00000000      0.01275838     -0.01941485
                       -0.00000000      0.00000000     -0.00886383
                        0.00000000     -0.19397957     -0.00000001
     Channel =  12     -0.00000000     -0.00065242     -0.00000000
                       -0.00000000      0.00097476      0.00000000
                       -0.00000001      0.03322456      0.02225406
                        0.00000000      0.00000000      0.00000095
                        0.38103255      0.00000003     -0.26859835
                       -0.00000000      0.01206576     -0.00000000
                       -0.00035006      0.00000000      0.00000000
                        0.00000000      0.02803667      0.01556844
                        0.00000000     -0.00000000     -0.00849966
                       -0.00000000     -0.29300105     -0.00000001
     Channel =  13     -0.00024871     -0.00000000      0.00021191
                       -0.00071538     -0.00000000      0.00225139
                        0.02712483      0.00000001      0.00000000
                       -0.02953127     -0.00176276     -0.26931511
                        0.00000068     -0.18744877     -0.00000001
                        0.33212143     -0.00000000     -0.00236061
                        0.00000000      0.00114951      0.00082788
                       -0.01753201     -0.00000000      0.00000000
                       -0.02342541     -0.01061751      0.00000000
                        0.12267405      0.00000001     -0.18479860
     Channel =  14     -0.00051020      0.00000000      0.00118525
                        0.00025112     -0.00000000     -0.00363579
                        0.02737482      0.00000001     -0.00000000
                        0.02233534     -0.00322052     -0.32714741
                        0.00000083     -0.09301902      0.00000000
                       -0.32017087      0.00000000     -0.00552374
                       -0.00000000      0.00015074     -0.00573120
                       -0.01919600     -0.00000000      0.00000000
                       -0.00054358      0.02097536      0.00000000
                        0.16118387      0.00000001     -0.19606534
     Channel =  15      0.00025760      0.00000000      0.00013021
                        0.00452841     -0.00000000      0.00277781
                        0.00004304     -0.00000000      0.00000000
                        0.00004354     -0.00036334     -0.19494065
                        0.00000045      0.41874633     -0.00000000
                        0.07822809      0.00000000     -0.00120943
                        0.00000000     -0.00853410      0.00334365
                        0.00091443      0.00000000      0.00000000
                       -0.00033359     -0.00022961     -0.00000000
                        0.07960343      0.00000001     -0.06768190
     Channel =  16     -0.00000000     -0.00016204      0.00000000
                       -0.00000000     -0.00004222     -0.00000000
                        0.00000000      0.00000507     -0.00001015
                        0.00000000      0.00000000      0.00000000
                        0.00001778      0.00000000      0.00000864
                        0.00000000     -0.00034114      0.00000000
                        0.00000629     -0.00000000     -0.00000000
                       -0.00000000      0.00002156     -0.00008295
                        0.00000000     -0.00000000     -0.00142840
                        0.00000000      0.00010308      0.00000000
     Channel =  17     -0.00013008     -0.00000000     -0.00003905
                       -0.00004030      0.00000000     -0.00001453
                        0.00004706      0.00000000      0.00000000
                        0.00000775      0.00034112      0.00000185
                       -0.00000000     -0.00000016     -0.00000000
                        0.00000030     -0.00000000     -0.00009844
                        0.00000000     -0.00014468      0.00004302
                        0.00028686     -0.00000000      0.00000000
                       -0.00023410      0.00018895      0.00000000
                        0.00007359      0.00000000      0.00005583
     Channel =  18     -0.00000000     -0.00001139      0.00000000
                       -0.00000000     -0.00002798     -0.00000000
                        0.00000000     -0.00000404     -0.00000459
                        0.00000000      0.00000000      0.00000000
                        0.00000397     -0.00000000      0.00000259
                        0.00000000     -0.00007265     -0.00000000
                        0.00012527      0.00000000      0.00000000
                       -0.00000000      0.00001551      0.00003012
                        0.00000000     -0.00000000      0.00017791
                       -0.00000000     -0.00000496     -0.00000000
     Channel =  19      0.00002916      0.00000000     -0.00001004
                        0.00001029      0.00000000      0.00000580
                       -0.00001427     -0.00000000      0.00000000
                       -0.00000239     -0.00008344      0.00000101
                       -0.00000000      0.00000067     -0.00000000
                        0.00000015      0.00000000     -0.00004330
                       -0.00000000      0.00005259     -0.00002367
                       -0.00010463      0.00000000     -0.00000000
                        0.00007162     -0.00005601     -0.00000000
                        0.00005013     -0.00000000      0.00003371
     Channel =  20     -0.00000000     -0.00002038     -0.00000000
                       -0.00000000     -0.00000108     -0.00000000
                       -0.00000000      0.00000260      0.00000019
                       -0.00000000      0.00000000      0.00000000
                        0.00000327     -0.00000000      0.00000097
                        0.00000000     -0.00005901     -0.00000000
                       -0.00000768      0.00000000      0.00000000
                       -0.00000000     -0.00001273     -0.00000072
                        0.00000000      0.00000000      0.00005181
                       -0.00000000     -0.00000010     -0.00000000
     Channel =  21      0.00000000      0.00000951     -0.00000000
                       -0.00000000     -0.00000174      0.00000000
                        0.00000000      0.00000230     -0.00000091
                       -0.00000000     -0.00000000     -0.00000000
                        0.00000053      0.00000000      0.00000025
                       -0.00000000      0.00000280      0.00000000
                        0.00002847     -0.00000000      0.00000000
                        0.00000000     -0.00001461      0.00001349
                       -0.00000000      0.00000000      0.00007883
                        0.00000000      0.00000094      0.00000000
     Channel =  22     -0.00001838     -0.00000000     -0.00000429
                       -0.00001453      0.00000000     -0.00000481
                        0.00000859      0.00000000      0.00000000
                        0.00000179      0.00005136      0.00000103
                       -0.00000000     -0.00000113      0.00000000
                       -0.00000000     -0.00000000     -0.00001263
                        0.00000000     -0.00006598      0.00001598
                        0.00005803     -0.00000000     -0.00000000
                       -0.00004011      0.00002855      0.00000000
                        0.00002661      0.00000000      0.00001611
     Channel =  23      0.00000798      0.00000000     -0.00000343
                       -0.00000177      0.00000000      0.00000524
                       -0.00000415      0.00000000      0.00000000
                       -0.00000094     -0.00002309      0.00000128
                       -0.00000000      0.00000077      0.00000000
                       -0.00000004      0.00000000     -0.00001782
                       -0.00000000     -0.00000484     -0.00002510
                       -0.00003099      0.00000000     -0.00000000
                        0.00002019     -0.00001374     -0.00000000
                        0.00003597     -0.00000000      0.00001702
     Channel =  24      0.00000000     -0.00000185     -0.00000000
                        0.00000000     -0.00000141      0.00000000
                        0.00000000      0.00000100      0.00000094
                        0.00000000      0.00000000      0.00000000
                        0.00000102      0.00000000     -0.00000061
                       -0.00000000     -0.00000746     -0.00000000
                        0.00000557      0.00000000      0.00000000
                        0.00000000     -0.00000603     -0.00000520
                        0.00000000      0.00000000      0.00001079
                        0.00000000      0.00000473      0.00000000
     Channel =  25     -0.00000000     -0.00001429     -0.00000000
                       -0.00000000     -0.00001711      0.00000000
                       -0.00000000      0.00000053     -0.00000300
                        0.00000000     -0.00000000      0.00000000
                        0.00000444     -0.00000000      0.00000211
                       -0.00000000     -0.00006028      0.00000000
                        0.00007711     -0.00000000     -0.00000000
                        0.00000000     -0.00000293      0.00002021
                       -0.00000000      0.00000000      0.00010956
                       -0.00000000      0.00000590     -0.00000000
     Channel =  26     -0.00000000      0.00002785     -0.00000000
                       -0.00000000     -0.00002388      0.00000000
                       -0.00000000      0.00005057     -0.00013725
                        0.00000000      0.00000000      0.00000000
                        0.00001715      0.00000000      0.00003023
                        0.00000000     -0.00021563      0.00000000
                       -0.00000037     -0.00000000      0.00000000
                       -0.00000000      0.00002442     -0.00007673
                        0.00000000     -0.00000000     -0.00059673
                        0.00000000      0.00004745      0.00000000
     Channel =  27     -0.00017383     -0.00000000     -0.00005094
                       -0.00006199      0.00000000      0.00007701
                        0.00002029      0.00000000     -0.00000000
                       -0.00000715      0.00007326     -0.00004860
                        0.00000000      0.00014817     -0.00000000
                        0.00000700     -0.00000000     -0.00000596
                        0.00000000     -0.00007982      0.00005842
                        0.00018226      0.00000000      0.00000000
                       -0.00015253      0.00012320      0.00000000
                        0.00005545      0.00000000      0.00003717
     Channel =  28     -0.00000000     -0.00004669     -0.00000000
                       -0.00000000     -0.00009405     -0.00000000
                        0.00000000     -0.00001960      0.00001814
                        0.00000000      0.00000000     -0.00000000
                       -0.00002589     -0.00000000     -0.00011092
                        0.00000000     -0.00004538     -0.00000000
                        0.00005098      0.00000000      0.00000000
                       -0.00000000      0.00000372      0.00003202
                        0.00000000     -0.00000000      0.00016889
                       -0.00000000     -0.00000193     -0.00000000
     Channel =  29      0.00005814     -0.00000000     -0.00006535
                        0.00001673     -0.00000000     -0.00002126
                       -0.00006724     -0.00000000     -0.00000000
                        0.00007687      0.00001375      0.00001910
                       -0.00000000     -0.00001358     -0.00000000
                       -0.00001498      0.00000000      0.00003889
                       -0.00000000      0.00001418     -0.00002828
                       -0.00003267      0.00000000     -0.00000000
                        0.00007136     -0.00001056     -0.00000000
                        0.00004169      0.00000000      0.00002583
     Channel =  30     -0.00000000     -0.00002718     -0.00000000
                        0.00000000      0.00002503     -0.00000000
                       -0.00000000      0.00003699      0.00008392
                        0.00000000      0.00000000      0.00000000
                        0.00001487      0.00000000      0.00000724
                        0.00000000     -0.00001078     -0.00000000
                        0.00001906     -0.00000000     -0.00000000
                        0.00000000      0.00000981      0.00003648
                        0.00000000      0.00000000      0.00002884
                       -0.00000000      0.00000172     -0.00000000
     Channel =  31     -0.00000000     -0.00008599     -0.00000000
                        0.00000000      0.00001327     -0.00000000
                       -0.00000000      0.00004173      0.00003275
                        0.00000000      0.00000000      0.00000000
                        0.00000358     -0.00000000     -0.00000750
                       -0.00000000      0.00010009     -0.00000000
                        0.00000174     -0.00000000     -0.00000000
                        0.00000000      0.00001080      0.00001693
                       -0.00000000      0.00000000      0.00001356
                        0.00000000      0.00000114      0.00000000
     Channel =  32      0.00000293     -0.00000000      0.00000222
                        0.00008692     -0.00000000      0.00005247
                        0.00000036      0.00000000     -0.00000000
                       -0.00000271      0.00002099     -0.00002844
                        0.00000000     -0.00001244     -0.00000000
                       -0.00002889     -0.00000000     -0.00000743
                        0.00000000     -0.00006745      0.00003372
                       -0.00001044      0.00000000     -0.00000000
                        0.00000548     -0.00000281      0.00000000
                        0.00000291      0.00000000     -0.00001548
     Channel =  33     -0.00000983      0.00000000      0.00003259
                        0.00003334     -0.00000000     -0.00005161
                        0.00001482      0.00000000      0.00000000
                       -0.00001800     -0.00000361     -0.00004377
                        0.00000000     -0.00007929     -0.00000000
                        0.00006877      0.00000000     -0.00001352
                       -0.00000000     -0.00001354     -0.00003905
                        0.00000040      0.00000000      0.00000000
                       -0.00001629      0.00000462      0.00000000
                       -0.00002753     -0.00000000     -0.00005154
     Channel =  34      0.00000000      0.00001102      0.00000000
                        0.00000000      0.00002221     -0.00000000
                        0.00000000     -0.00000941     -0.00002603
                       -0.00000000      0.00000000     -0.00000000
                       -0.00002843     -0.00000000      0.00009504
                        0.00000000     -0.00000783     -0.00000000
                        0.00001774      0.00000000      0.00000000
                        0.00000000     -0.00000464     -0.00000913
                        0.00000000     -0.00000000     -0.00001404
                        0.00000000      0.00001422      0.00000000
     Channel =  35      0.00000000      0.00002802     -0.00000000
                        0.00000000      0.00006631     -0.00000000
                        0.00000000     -0.00000473     -0.00000588
                        0.00000000     -0.00000000     -0.00000000
                       -0.00004931     -0.00000000      0.00003974
                        0.00000000     -0.00003131      0.00000000
                        0.00005341     -0.00000000     -0.00000000
                        0.00000000     -0.00000530     -0.00000481
                       -0.00000000      0.00000000     -0.00005400
                       -0.00000000      0.00002594     -0.00000000
     Channel =  36      0.00000998     -0.00000000     -0.00001523
                       -0.00000401     -0.00000000      0.00000034
                       -0.00000214     -0.00000000     -0.00000000
                       -0.00000107     -0.00003580      0.00000072
                       -0.00000000     -0.00000042      0.00000000
                        0.00000010     -0.00000000     -0.00006577
                        0.00000000     -0.00000658     -0.00000567
                       -0.00009564      0.00000000      0.00000000
                        0.00011823     -0.00009272      0.00000000
                        0.00016259     -0.00000000      0.00013698
     Channel =  37     -0.00000000      0.00004711      0.00000000
                        0.00000000      0.00003855      0.00000000
                        0.00000000     -0.00000051      0.00000922
                        0.00000000      0.00000000     -0.00000000
                       -0.00000953      0.00000000     -0.00000507
                        0.00000000      0.00014483      0.00000000
                       -0.00013396     -0.00000000      0.00000000
                       -0.00000000     -0.00000754     -0.00002806
                        0.00000000     -0.00000000      0.00019271
                       -0.00000000     -0.00003688     -0.00000000
     Channel =  38      0.00008469      0.00000000     -0.00001586
                        0.00002743      0.00000000      0.00001257
                       -0.00002740     -0.00000000      0.00000000
                       -0.00000572     -0.00014956      0.00000205
                       -0.00000000      0.00000147     -0.00000000
                        0.00000046      0.00000000     -0.00002506
                       -0.00000000      0.00007075     -0.00001971
                        0.00010141      0.00000000     -0.00000000
                       -0.00015896      0.00013459     -0.00000000
                       -0.00034619      0.00000000     -0.00029957
     Channel =  39     -0.00000000      0.00002052      0.00000000
                       -0.00000000      0.00001215     -0.00000000
                        0.00000000      0.00000064      0.00000094
                       -0.00000000      0.00000000     -0.00000000
                       -0.00000325     -0.00000000     -0.00000192
                       -0.00000000      0.00009849      0.00000000
                       -0.00006995     -0.00000000      0.00000000
                       -0.00000000      0.00000166     -0.00001730
                       -0.00000000     -0.00000000     -0.00025842
                       -0.00000000      0.00002567     -0.00000000
     Channel =  40      0.00005658      0.00000000     -0.00000561
                        0.00000101      0.00000000      0.00001029
                       -0.00001517     -0.00000000      0.00000000
                       -0.00000407     -0.00014317     -0.00000140
                       -0.00000000     -0.00000054     -0.00000000
                       -0.00000006      0.00000000     -0.00003776
                       -0.00000000     -0.00000274     -0.00004028
                       -0.00010985      0.00000000     -0.00000000
                        0.00012013     -0.00009229     -0.00000000
                        0.00003024      0.00000000      0.00004208
     Channel =  41     -0.00005000      0.00000000      0.00002356
                       -0.00000342      0.00000000     -0.00000538
                        0.00001276     -0.00000000      0.00000000
                        0.00000345      0.00011885     -0.00000106
                       -0.00000000      0.00000104     -0.00000000
                       -0.00000009      0.00000000      0.00009392
                       -0.00000000     -0.00000996      0.00001942
                        0.00010324      0.00000000     -0.00000000
                       -0.00011820      0.00009030     -0.00000000
                       -0.00016584      0.00000000     -0.00013195
     Channel =  42      0.00000000     -0.00000194     -0.00000000
                       -0.00000000     -0.00000501     -0.00000000
                       -0.00000000     -0.00000286     -0.00000006
                       -0.00000000     -0.00000000     -0.00000000
                        0.00000017     -0.00000000      0.00000022
                       -0.00000000     -0.00000289      0.00000000
                        0.00001873     -0.00000000     -0.00000000
                        0.00000000      0.00001687     -0.00000126
                        0.00000000     -0.00000000     -0.00000649
                        0.00000000      0.00000087      0.00000000
     Channel =  43      0.00000000     -0.00000312     -0.00000000
                       -0.00000000     -0.00002534     -0.00000000
                       -0.00000000     -0.00000615     -0.00000426
                       -0.00000000     -0.00000000      0.00000000
                        0.00000236      0.00000000      0.00000246
                       -0.00000000     -0.00005065     -0.00000000
                        0.00014472      0.00000000     -0.00000000
                        0.00000000      0.00003197      0.00003590
                       -0.00000000      0.00000000      0.00020381
                        0.00000000     -0.00001196      0.00000000
     Channel =  44      0.00003462     -0.00000000     -0.00000089
                        0.00001414     -0.00000000     -0.00000023
                       -0.00001412     -0.00000000     -0.00000000
                       -0.00000091     -0.00008596      0.00000061
                        0.00000000      0.00000018      0.00000000
                       -0.00000018     -0.00000000     -0.00000352
                        0.00000000      0.00006373      0.00001182
                       -0.00009077     -0.00000000      0.00000000
                        0.00005723     -0.00005548      0.00000000
                       -0.00000409     -0.00000000     -0.00001094
     Channel =  45      0.00001581     -0.00000000     -0.00002183
                        0.00000726     -0.00000000      0.00000533
                       -0.00000750      0.00000000     -0.00000000
                       -0.00000240     -0.00004278      0.00000085
                        0.00000000      0.00000043      0.00000000
                        0.00000028     -0.00000000     -0.00008089
                        0.00000000      0.00004356     -0.00002353
                       -0.00006167     -0.00000000      0.00000000
                        0.00004926     -0.00003077      0.00000000
                        0.00010882     -0.00000000      0.00008581
     Channel =  46     -0.00000000     -0.00002310      0.00000000
                       -0.00000000     -0.00001540     -0.00000000
                        0.00000000     -0.00000202     -0.00000154
                        0.00000000      0.00000000      0.00000000
                        0.00000458      0.00000000      0.00000169
                        0.00000000     -0.00010200      0.00000000
                        0.00007717     -0.00000000     -0.00000000
                       -0.00000000      0.00001036      0.00001834
                        0.00000000     -0.00000000      0.00021811
                       -0.00000000     -0.00001362     -0.00000000
     Channel =  47     -0.00000000     -0.00000887      0.00000000
                       -0.00000000     -0.00002068      0.00000000
                        0.00000000     -0.00000906     -0.00000594
                        0.00000000      0.00000000     -0.00000000
                       -0.00000047     -0.00000000      0.00000376
                        0.00000000     -0.00005308      0.00000000
                        0.00010523      0.00000000     -0.00000000
                       -0.00000000      0.00005245      0.00004025
                        0.00000000     -0.00000000      0.00015325
                       -0.00000000     -0.00003348     -0.00000000
     Channel =  48     -0.00004193     -0.00000000     -0.00000250
                       -0.00000433      0.00000000     -0.00001183
                        0.00001087      0.00000000      0.00000000
                        0.00000563      0.00011121      0.00000154
                       -0.00000000      0.00000057      0.00000000
                       -0.00000132      0.00000000      0.00000519
                        0.00000000     -0.00001683      0.00005132
                        0.00008881     -0.00000000      0.00000000
                       -0.00011313      0.00006643     -0.00000000
                       -0.00001426      0.00000000     -0.00002770
     Channel =  49     -0.00005996      0.00000000     -0.00000703
                       -0.00000924      0.00000000     -0.00000641
                        0.00001824      0.00000000      0.00000000
                        0.00000325      0.00015835      0.00000126
                       -0.00000000      0.00000022      0.00000000
                        0.00000067      0.00000000     -0.00000877
                       -0.00000000     -0.00003404      0.00002214
                        0.00013906     -0.00000000      0.00000000
                       -0.00013592      0.00011216     -0.00000000
                        0.00000641     -0.00000000     -0.00000641
     Channel =  50      0.00001449      0.00000000      0.00001067
                        0.00000606      0.00000000     -0.00000223
                       -0.00000655      0.00000000      0.00000000
                        0.00000014     -0.00003961     -0.00000018
                       -0.00000000     -0.00000090     -0.00000000
                       -0.00000035      0.00000000      0.00003527
                       -0.00000000      0.00002217      0.00001252
                       -0.00004470      0.00000000     -0.00000000
                        0.00002484     -0.00002827     -0.00000000
                       -0.00004360      0.00000000     -0.00003739
     Channel =  51     -0.00000000      0.00138178     -0.00000000
                        0.00000000     -0.00009303      0.00000000
                       -0.00000000      0.00018672     -0.00001598
                       -0.00000000     -0.00000000      0.00000000
                        0.00008278     -0.00000000      0.00005097
                       -0.00000000     -0.00126196      0.00000000
                       -0.00038518     -0.00000000      0.00000000
                        0.00000000      0.00030209     -0.00011413
                       -0.00000000      0.00000000     -0.00132037
                        0.00000000     -0.00000020      0.00000000
     Channel =  52     -0.00120509      0.00000000     -0.00041048
                       -0.00124638     -0.00000000      0.00000383
                       -0.00014681     -0.00000000     -0.00000000
                       -0.00000812     -0.00145560     -0.00010027
                        0.00000000     -0.00002318      0.00000000
                       -0.00001225     -0.00000000      0.00030403
                       -0.00000000      0.00082145      0.00024185
                        0.00122712      0.00000000      0.00000000
                       -0.00114820      0.00096933     -0.00000000
                        0.00035101      0.00000000      0.00008135
     Channel =  53      0.00000000     -0.00033285     -0.00000000
                        0.00000000     -0.00093127     -0.00000000
                        0.00000000      0.00010428      0.00003830
                        0.00000000      0.00000000     -0.00000000
                       -0.00009279     -0.00000000      0.00002268
                       -0.00000000      0.00043972      0.00000000
                       -0.00066066     -0.00000000     -0.00000000
                       -0.00000000      0.00034053      0.00021213
                        0.00000000     -0.00000000      0.00042471
                        0.00000000      0.00006154      0.00000000
     Channel =  54      0.00042858     -0.00000000     -0.00073203
                        0.00026823     -0.00000000     -0.00017862
                       -0.00149783     -0.00000000      0.00000000
                       -0.00009265      0.00052824      0.00008422
                       -0.00000000      0.00005248     -0.00000000
                        0.00001726      0.00000000      0.00076685
                       -0.00000000     -0.00016572     -0.00023021
                        0.00070066      0.00000000      0.00000000
                        0.00070478     -0.00048798      0.00000000
                        0.00034289     -0.00000000      0.00028856
     Channel =  55     -0.00000000     -0.00057451      0.00000000
                        0.00000000      0.00027145     -0.00000000
                       -0.00000000      0.00108774      0.00076618
                       -0.00000000      0.00000000      0.00000000
                        0.00008109      0.00000000     -0.00007750
                        0.00000000      0.00053644     -0.00000000
                        0.00020088     -0.00000000     -0.00000000
                        0.00000000      0.00076284      0.00055273
                       -0.00000000     -0.00000000      0.00016585
                       -0.00000000     -0.00003480     -0.00000000
     Channel =  56     -0.00000000     -0.00108940      0.00000000
                        0.00000000      0.00025440      0.00000000
                       -0.00000000      0.00114352     -0.00093376
                        0.00000000      0.00000000     -0.00000000
                       -0.00000274      0.00000000      0.00007344
                        0.00000000      0.00088019      0.00000000
                        0.00035095     -0.00000000      0.00000000
                       -0.00000000      0.00100699     -0.00046630
                       -0.00000000     -0.00000000      0.00066462
                       -0.00000000      0.00007530     -0.00000000
     Channel =  57     -0.00001622     -0.00000000     -0.00003828
                        0.00105555     -0.00000000      0.00066453
                        0.00017046      0.00000000     -0.00000000
                        0.00005262      0.00013518     -0.00081694
                        0.00000000      0.00127074     -0.00000000
                        0.00005577      0.00000000      0.00000745
                        0.00000000     -0.00094054      0.00043979
                       -0.00021101      0.00000000     -0.00000000
                        0.00006643      0.00005340      0.00000000
                        0.00020988      0.00000000     -0.00034055
     Channel =  58     -0.00011020      0.00000000      0.00011125
                        0.00094090      0.00000000     -0.00072168
                        0.00026499      0.00000000      0.00000000
                       -0.00003961     -0.00013834     -0.00149144
                        0.00000000     -0.00064157      0.00000000
                       -0.00006629     -0.00000000     -0.00015557
                        0.00000000     -0.00084401     -0.00068726
                       -0.00023235      0.00000000      0.00000000
                       -0.00000585      0.00003413     -0.00000000
                        0.00045876      0.00000000     -0.00094422
     Channel =  59      0.00000000      0.00019942     -0.00000000
                       -0.00000000      0.00074468      0.00000000
                        0.00000000     -0.00024031     -0.00021943
                       -0.00000000     -0.00000000     -0.00000000
                       -0.00109539     -0.00000000      0.00077408
                       -0.00000000     -0.00034039     -0.00000000
                        0.00064282      0.00000000      0.00000000
                       -0.00000000     -0.00010730     -0.00013907
                       -0.00000000     -0.00000000     -0.00033805
                        0.00000000      0.00068775      0.00000000
     Channel =  60      0.00000000      0.00026853     -0.00000000
                       -0.00000000      0.00098697     -0.00000000
                        0.00000000     -0.00022996     -0.00001330
                        0.00000000     -0.00000000     -0.00000000
                       -0.00114655     -0.00000000     -0.00079781
                        0.00000000     -0.00054101     -0.00000000
                        0.00080938      0.00000000     -0.00000000
                       -0.00000000      0.00000138     -0.00011035
                        0.00000000      0.00000000     -0.00037958
                        0.00000000      0.00072313      0.00000000
     Channel =  61     -0.00001836      0.00000000      0.00002983
                       -0.00022760      0.00000000     -0.00014487
                        0.00088208      0.00000000      0.00000000
                        0.00073681      0.00001191      0.00003392
                       -0.00000000     -0.00011839     -0.00000000
                       -0.00003091     -0.00000000      0.00008798
                        0.00000000      0.00011198     -0.00010130
                       -0.00047298     -0.00000000      0.00000000
                       -0.00003378      0.00061248      0.00000000
                        0.00012440      0.00000000      0.00001484
     Channel =  62      0.00001884      0.00000000     -0.00006931
                       -0.00022891      0.00000000      0.00022961
                        0.00106077      0.00000000     -0.00000000
                       -0.00058241     -0.00005206      0.00015437
                       -0.00000000      0.00005245      0.00000000
                        0.00002563     -0.00000000      0.00007313
                       -0.00000000      0.00006971      0.00016328
                       -0.00054596     -0.00000000      0.00000000
                       -0.00063337     -0.00006049     -0.00000000
                        0.00016972      0.00000000      0.00023871
     Channel =  63      0.00000000     -0.00008073      0.00000000
                       -0.00000000     -0.00021194      0.00000000
                        0.00000000     -0.00073794     -0.00050014
                        0.00000000      0.00000000      0.00000000
                        0.00012688      0.00000000     -0.00007807
                       -0.00000000      0.00001922     -0.00000000
                       -0.00010499     -0.00000000      0.00000000
                        0.00000000     -0.00057254     -0.00033538
                        0.00000000      0.00000000      0.00029186
                       -0.00000000     -0.00008446      0.00000000
     Channel =  64      0.00000000     -0.00009703      0.00000000
                       -0.00000000     -0.00025284      0.00000000
                        0.00000000     -0.00098597     -0.00039435
                       -0.00000000      0.00000000      0.00000000
                        0.00011516      0.00000000      0.00009931
                        0.00000000      0.00004814     -0.00000000
                       -0.00013853     -0.00000000      0.00000000
                        0.00000000     -0.00077377     -0.00025157
                       -0.00000000     -0.00000000      0.00034024
                       -0.00000000     -0.00003865      0.00000000
     Channel =  65     -0.00000000      0.00006131      0.00000000
                       -0.00000000      0.00001063     -0.00000000
                        0.00000000     -0.00077295      0.00102829
                        0.00000000      0.00000000      0.00000000
                       -0.00001314     -0.00000000     -0.00002339
                       -0.00000000      0.00005521      0.00000000
                       -0.00000807      0.00000000      0.00000000
                        0.00000000     -0.00055302      0.00066913
                        0.00000000      0.00000000     -0.00023926
                       -0.00000000      0.00008206      0.00000000

 Channel data will be written UNFORMATTED to set number  1 on unit number 10
 Header :e + H2O - doublet Ap                                        20230416  144734.531

 Target state    Spin    M    G/U  Energy (au)
         1         1     0     0  -76.110287
         2         3     1     0  -75.412713
         3         1     1     0  -75.376964
         4         3     0     0  -75.328362
         5         1     0     0  -75.195549

 Residual charge on system = 0

 Channel   Target state  L   M  Threshold (Ryd)
    1            1       0   0    0.000000
    2            1       1  -1    0.000000
    3            1       1   0    0.000000
    4            1       2  -1    0.000000
    5            1       2   0    0.000000
    6            1       2   2    0.000000
    7            1       3  -3    0.000000
    8            1       3  -1    0.000000
    9            1       3   0    0.000000
   10            1       3   2    0.000000
   11            1       4  -3    0.000000
   12            1       4  -1    0.000000
   13            1       4   0    0.000000
   14            1       4   2    0.000000
   15            1       4   4    0.000000
   16            2       1   1    1.395149
   17            2       2  -2    1.395149
   18            2       2   1    1.395149
   19            2       3  -2    1.395149
   20            2       3   1    1.395149
   21            2       3   3    1.395149
   22            2       4  -4    1.395149
   23            2       4  -2    1.395149
   24            2       4   1    1.395149
   25            2       4   3    1.395149
   26            3       1   1    1.466647
   27            3       2  -2    1.466647
   28            3       2   1    1.466647
   29            3       3  -2    1.466647
   30            3       3   1    1.466647
   31            3       3   3    1.466647
   32            3       4  -4    1.466647
   33            3       4  -2    1.466647
   34            3       4   1    1.466647
   35            3       4   3    1.466647
   36            4       0   0    1.563851
   37            4       1  -1    1.563851
   38            4       1   0    1.563851
   39            4       2  -1    1.563851
   40            4       2   0    1.563851
   41            4       2   2    1.563851
   42            4       3  -3    1.563851
   43            4       3  -1    1.563851
   44            4       3   0    1.563851
   45            4       3   2    1.563851
   46            4       4  -3    1.563851
   47            4       4  -1    1.563851
   48            4       4   0    1.563851
   49            4       4   2    1.563851
   50            4       4   4    1.563851
   51            5       0   0    1.829477
   52            5       1  -1    1.829477
   53            5       1   0    1.829477
   54            5       2  -1    1.829477
   55            5       2   0    1.829477
   56            5       2   2    1.829477
   57            5       3  -3    1.829477
   58            5       3  -1    1.829477
   59            5       3   0    1.829477
   60            5       3   2    1.829477
   61            5       4  -3    1.829477
   62            5       4  -1    1.829477
   63            5       4   0    1.829477
   64            5       4   2    1.829477
   65            5       4   4    1.829477

 R-matrix data will be written UNFORMATTED to set number  1 on unit number 21
 Header :e + H2O - doublet Ap                                        20230416  144734.531


 *** Task has been successfully completed ***
