+-------------------------------------------------------------------------+
|              _              |                                           |
| || || ||//  | \          |  | University College London (C) 1994 - 2020 |
| || || ||    | / |/\/\ /\ |  | Open University           (C) 2007 - 2020 |
| \\_// ||\\  | \ | | | \/ |  |                                           |
|                             |                                           |
+-------------------------------------------------------------------------+
| Last revision: unknown                                                  |
| Last author:   unknown                                                  |
| Last date:     unknown                                                  |
+-------------------------------------------------------------------------+
MPI startup(): PMI server not found. Please set I_MPI_PMI_LIBRARY variable if it is not a singleton case.


 Program EIGENP

e + H2O - doublet App                                       20230416  144822.473


 K-matrix input, set  1 on unit921

 Symmetry data  MGVN = 1   STOT = 2   GUTOT = 2

 K-matrices are vibrationally resolved

 Number of target states       =   5
 Number of scattering channels =  60

 Input Energy grid (Ryd) 
 Number of points        20       400
 Initial values     0.00001   0.00007
 Increments         0.00004   0.00367

 Target and channel data is read from set  1 on unit 10

 Target state    Spin    M    G/U  Energy (au)
         1         1     0     0  -76.110287
         2         3     1     0  -75.412713
         3         1     1     0  -75.376964
         4         3     0     0  -75.328362
         5         1     0     0  -75.195549

 Channel   Vibronic level   L   M  Threshold (Ryd)
    1              1        1   1    0.000000
    2              1        2  -2    0.000000
    3              1        2   1    0.000000
    4              1        3  -2    0.000000
    5              1        3   1    0.000000
    6              1        3   3    0.000000
    7              1        4  -4    0.000000
    8              1        4  -2    0.000000
    9              1        4   1    0.000000
   10              1        4   3    0.000000
   11              2        0   0    1.395149
   12              2        1  -1    1.395149
   13              2        1   0    1.395149
   14              2        2  -1    1.395149
   15              2        2   0    1.395149
   16              2        2   2    1.395149
   17              2        3  -3    1.395149
   18              2        3  -1    1.395149
   19              2        3   0    1.395149
   20              2        3   2    1.395149
   21              2        4  -3    1.395149
   22              2        4  -1    1.395149
   23              2        4   0    1.395149
   24              2        4   2    1.395149
   25              2        4   4    1.395149
   26              3        0   0    1.466647
   27              3        1  -1    1.466647
   28              3        1   0    1.466647
   29              3        2  -1    1.466647
   30              3        2   0    1.466647
   31              3        2   2    1.466647
   32              3        3  -3    1.466647
   33              3        3  -1    1.466647
   34              3        3   0    1.466647
   35              3        3   2    1.466647
   36              3        4  -3    1.466647
   37              3        4  -1    1.466647
   38              3        4   0    1.466647
   39              3        4   2    1.466647
   40              3        4   4    1.466647
   41              4        1   1    1.563851
   42              4        2  -2    1.563851
   43              4        2   1    1.563851
   44              4        3  -2    1.563851
   45              4        3   1    1.563851
   46              4        3   3    1.563851
   47              4        4  -4    1.563851
   48              4        4  -2    1.563851
   49              4        4   1    1.563851
   50              4        4   3    1.563851
   51              5        1   1    1.829477
   52              5        2  -2    1.829477
   53              5        2   1    1.829477
   54              5        3  -2    1.829477
   55              5        3   1    1.829477
   56              5        3   3    1.829477
   57              5        4  -4    1.829477
   58              5        4  -2    1.829477
   59              5        4   1    1.829477
   60              5        4   3    1.829477

 Eigenphases will be computed for 420 energies in the K-matrix file from  0.0001 to 19.9510 EV 


 e + H2O - doublet App                                       20230416  144822.473

                              TABLE OF EIGENPHASES

    I   E(EV )       EIGENPHASE SUM  CHANNEL :
    1   0.15000E-03  0.24777559E-01
    2   0.65000E-03  0.40433244E-01
    3   0.11500E-02  0.38642571E-01
    4   0.16500E-02  0.37505788E-01
    5   0.21500E-02  0.36695765E-01
    6   0.26500E-02  0.36033429E-01
    7   0.31500E-02  0.35449039E-01
    8   0.36500E-02  0.34913388E-01
    9   0.41500E-02  0.34412738E-01
   10   0.46500E-02  0.33939720E-01
   11   0.51500E-02  0.33489816E-01
   12   0.56500E-02  0.33059911E-01
   13   0.61500E-02  0.32647657E-01
   14   0.66500E-02  0.32251177E-01
   15   0.71500E-02  0.31868911E-01
   16   0.76500E-02  0.31499532E-01
   17   0.81500E-02  0.31141889E-01
   18   0.86500E-02  0.30794976E-01
   19   0.91500E-02  0.30457920E-01
   20   0.96500E-02  0.30129964E-01
   21   0.10000E-02  0.39100600E-01
   22   0.51000E-01  0.13790581E-01
   23   0.10100E+00  0.16304761E-02
   24   0.15100E+00 -0.80893724E-02
   25   0.20100E+00 -0.16598424E-01
   26   0.25100E+00 -0.24363407E-01
   27   0.30100E+00 -0.31618364E-01
   28   0.35100E+00 -0.38499156E-01
   29   0.40100E+00 -0.45092210E-01
   30   0.45100E+00 -0.51456044E-01
   31   0.50100E+00 -0.57632079E-01
   32   0.55100E+00 -0.63650594E-01
   33   0.60100E+00 -0.69534251E-01
   34   0.65100E+00 -0.75300301E-01
   35   0.70100E+00 -0.80962032E-01
   36   0.75100E+00 -0.86529758E-01
   37   0.80100E+00 -0.92011509E-01
   38   0.85100E+00 -0.97413544E-01
   39   0.90100E+00 -0.10274073E+00
   40   0.95100E+00 -0.10799682E+00
   41   0.10010E+01 -0.11318469E+00
   42   0.10510E+01 -0.11830650E+00
   43   0.11010E+01 -0.12336388E+00
   44   0.11510E+01 -0.12835799E+00
   45   0.12010E+01 -0.13328963E+00
   46   0.12510E+01 -0.13815937E+00
   47   0.13010E+01 -0.14296754E+00
   48   0.13510E+01 -0.14771435E+00
   49   0.14010E+01 -0.15239988E+00
   50   0.14510E+01 -0.15702418E+00
   51   0.15010E+01 -0.16158725E+00
   52   0.15510E+01 -0.16608910E+00
   53   0.16010E+01 -0.17052973E+00
   54   0.16510E+01 -0.17490923E+00
   55   0.17010E+01 -0.17922769E+00
   56   0.17510E+01 -0.18348529E+00
   57   0.18010E+01 -0.18768229E+00
   58   0.18510E+01 -0.19181902E+00
   59   0.19010E+01 -0.19589589E+00
   60   0.19510E+01 -0.19991340E+00
   61   0.20010E+01 -0.20387214E+00
   62   0.20510E+01 -0.20777279E+00
   63   0.21010E+01 -0.21161609E+00
   64   0.21510E+01 -0.21540290E+00
   65   0.22010E+01 -0.21913413E+00
   66   0.22510E+01 -0.22281077E+00
   67   0.23010E+01 -0.22643389E+00
   68   0.23510E+01 -0.23000461E+00
   69   0.24010E+01 -0.23352410E+00
   70   0.24510E+01 -0.23699360E+00
   71   0.25010E+01 -0.24041437E+00
   72   0.25510E+01 -0.24378773E+00
   73   0.26010E+01 -0.24711502E+00
   74   0.26510E+01 -0.25039759E+00
   75   0.27010E+01 -0.25363682E+00
   76   0.27510E+01 -0.25683409E+00
   77   0.28010E+01 -0.25999079E+00
   78   0.28510E+01 -0.26310829E+00
   79   0.29010E+01 -0.26618798E+00
   80   0.29510E+01 -0.26923121E+00
   81   0.30010E+01 -0.27223929E+00
   82   0.30510E+01 -0.27521354E+00
   83   0.31010E+01 -0.27815523E+00
   84   0.31510E+01 -0.28106559E+00
   85   0.32010E+01 -0.28394581E+00
   86   0.32510E+01 -0.28679703E+00
   87   0.33010E+01 -0.28962035E+00
   88   0.33510E+01 -0.29241680E+00
   89   0.34010E+01 -0.29518738E+00
   90   0.34510E+01 -0.29793300E+00
   91   0.35010E+01 -0.30065454E+00
   92   0.35510E+01 -0.30335279E+00
   93   0.36010E+01 -0.30602850E+00
   94   0.36510E+01 -0.30868234E+00
   95   0.37010E+01 -0.31131492E+00
   96   0.37510E+01 -0.31392677E+00
   97   0.38010E+01 -0.31651838E+00
   98   0.38510E+01 -0.31909015E+00
   99   0.39010E+01 -0.32164242E+00
  100   0.39510E+01 -0.32417548E+00
  101   0.40010E+01 -0.32668953E+00
  102   0.40510E+01 -0.32918472E+00
  103   0.41010E+01 -0.33166114E+00
  104   0.41510E+01 -0.33411883E+00
  105   0.42010E+01 -0.33655775E+00
  106   0.42510E+01 -0.33897781E+00
  107   0.43010E+01 -0.34137889E+00
  108   0.43510E+01 -0.34376078E+00
  109   0.44010E+01 -0.34612324E+00
  110   0.44510E+01 -0.34846600E+00
  111   0.45010E+01 -0.35078872E+00
  112   0.45510E+01 -0.35309104E+00
  113   0.46010E+01 -0.35537254E+00
  114   0.46510E+01 -0.35763279E+00
  115   0.47010E+01 -0.35987132E+00
  116   0.47510E+01 -0.36208762E+00
  117   0.48010E+01 -0.36428117E+00
  118   0.48510E+01 -0.36645143E+00
  119   0.49010E+01 -0.36859782E+00
  120   0.49510E+01 -0.37071977E+00
  121   0.50010E+01 -0.37281670E+00
  122   0.50510E+01 -0.37488799E+00
  123   0.51010E+01 -0.37693304E+00
  124   0.51510E+01 -0.37895125E+00
  125   0.52010E+01 -0.38094201E+00
  126   0.52510E+01 -0.38290472E+00
  127   0.53010E+01 -0.38483877E+00
  128   0.53510E+01 -0.38674359E+00
  129   0.54010E+01 -0.38861861E+00
  130   0.54510E+01 -0.39046325E+00
  131   0.55010E+01 -0.39227700E+00
  132   0.55510E+01 -0.39405931E+00
  133   0.56010E+01 -0.39580971E+00
  134   0.56510E+01 -0.39752772E+00
  135   0.57010E+01 -0.39921289E+00
  136   0.57510E+01 -0.40086482E+00
  137   0.58010E+01 -0.40248311E+00
  138   0.58510E+01 -0.40406742E+00
  139   0.59010E+01 -0.40561744E+00
  140   0.59510E+01 -0.40713289E+00
  141   0.60010E+01 -0.40861352E+00
  142   0.60510E+01 -0.41005913E+00
  143   0.61010E+01 -0.41146956E+00
  144   0.61510E+01 -0.41284469E+00
  145   0.62010E+01 -0.41418444E+00
  146   0.62510E+01 -0.41548877E+00
  147   0.63010E+01 -0.41675768E+00
  148   0.63510E+01 -0.41799122E+00
  149   0.64010E+01 -0.41918948E+00
  150   0.64510E+01 -0.42035259E+00
  151   0.65010E+01 -0.42148073E+00
  152   0.65510E+01 -0.42257412E+00
  153   0.66010E+01 -0.42363301E+00
  154   0.66510E+01 -0.42465771E+00
  155   0.67010E+01 -0.42564857E+00
  156   0.67510E+01 -0.42660595E+00
  157   0.68010E+01 -0.42753030E+00
  158   0.68510E+01 -0.42842206E+00
  159   0.69010E+01 -0.42928174E+00
  160   0.69510E+01 -0.43010988E+00
  161   0.70010E+01 -0.43090704E+00
  162   0.70510E+01 -0.43167383E+00
  163   0.71010E+01 -0.43241088E+00
  164   0.71510E+01 -0.43311887E+00
  165   0.72010E+01 -0.43379848E+00
  166   0.72510E+01 -0.43445044E+00
  167   0.73010E+01 -0.43507550E+00
  168   0.73510E+01 -0.43567444E+00
  169   0.74010E+01 -0.43624804E+00
  170   0.74510E+01 -0.43679713E+00
  171   0.75010E+01 -0.43732253E+00
  172   0.75510E+01 -0.43782511E+00
  173   0.76010E+01 -0.43830571E+00
  174   0.76510E+01 -0.43876523E+00
  175   0.77010E+01 -0.43920454E+00
  176   0.77510E+01 -0.43962456E+00
  177   0.78010E+01 -0.44002617E+00
  178   0.78510E+01 -0.44041028E+00
  179   0.79010E+01 -0.44077781E+00
  180   0.79510E+01 -0.44112967E+00
  181   0.80010E+01 -0.44146677E+00
  182   0.80510E+01 -0.44179001E+00
  183   0.81010E+01 -0.44210029E+00
  184   0.81510E+01 -0.44239850E+00
  185   0.82010E+01 -0.44268554E+00
  186   0.82510E+01 -0.44296226E+00
  187   0.83010E+01 -0.44322954E+00
  188   0.83510E+01 -0.44348822E+00
  189   0.84010E+01 -0.44373912E+00
  190   0.84510E+01 -0.44398306E+00
  191   0.85010E+01 -0.44422082E+00
  192   0.85510E+01 -0.44445318E+00
  193   0.86010E+01 -0.44468088E+00
  194   0.86510E+01 -0.44490465E+00
  195   0.87010E+01 -0.44512517E+00
  196   0.87510E+01 -0.44534312E+00
  197   0.88010E+01 -0.44555914E+00
  198   0.88510E+01 -0.44577384E+00
  199   0.89010E+01 -0.44598780E+00
  200   0.89510E+01 -0.44620156E+00
  201   0.90010E+01 -0.44641563E+00
  202   0.90510E+01 -0.44663050E+00
  203   0.91010E+01 -0.44684661E+00
  204   0.91510E+01 -0.44706437E+00
  205   0.92010E+01 -0.44728414E+00
  206   0.92510E+01 -0.44750627E+00
  207   0.93010E+01 -0.44773104E+00
  208   0.93510E+01 -0.44795872E+00
  209   0.94010E+01 -0.44818952E+00
  210   0.94510E+01 -0.44842362E+00
  211   0.95010E+01 -0.44866116E+00
  212   0.95510E+01 -0.44890223E+00
  213   0.96010E+01 -0.44914689E+00
  214   0.96510E+01 -0.44939517E+00
  215   0.97010E+01 -0.44964704E+00
  216   0.97510E+01 -0.44990243E+00
  217   0.98010E+01 -0.45016124E+00
  218   0.98510E+01 -0.45042334E+00
  219   0.99010E+01 -0.45068854E+00
  220   0.99510E+01 -0.45095661E+00
  221   0.10001E+02 -0.45122731E+00
  222   0.10051E+02 -0.45150032E+00
  223   0.10101E+02 -0.45177533E+00
  224   0.10151E+02 -0.45205195E+00
  225   0.10201E+02 -0.45232977E+00
  226   0.10251E+02 -0.45260837E+00
  227   0.10301E+02 -0.45288726E+00
  228   0.10351E+02 -0.45316593E+00
  229   0.10401E+02 -0.45344384E+00
  230   0.10451E+02 -0.45372043E+00
  231   0.10501E+02 -0.45399508E+00
  232   0.10551E+02 -0.45426718E+00
  233   0.10601E+02 -0.45453605E+00
  234   0.10651E+02 -0.45480104E+00
  235   0.10701E+02 -0.45506141E+00
  236   0.10751E+02 -0.45531646E+00
  237   0.10801E+02 -0.45556543E+00
  238   0.10851E+02 -0.45580754E+00
  239   0.10901E+02 -0.45604202E+00
  240   0.10951E+02 -0.45626806E+00
  241   0.11001E+02 -0.45648483E+00
  242   0.11051E+02 -0.45669152E+00
  243   0.11101E+02 -0.45688729E+00
  244   0.11151E+02 -0.45707127E+00
  245   0.11201E+02 -0.45724261E+00
  246   0.11251E+02 -0.45740045E+00
  247   0.11301E+02 -0.45754393E+00
  248   0.11351E+02 -0.45767217E+00
  249   0.11401E+02 -0.45778431E+00
  250   0.11451E+02 -0.45787948E+00
  251   0.11501E+02 -0.45795681E+00
  252   0.11551E+02 -0.45801546E+00
  253   0.11601E+02 -0.45805458E+00
  254   0.11651E+02 -0.45807332E+00
  255   0.11701E+02 -0.45807086E+00
  256   0.11751E+02 -0.45804639E+00
  257   0.11801E+02 -0.45799911E+00
  258   0.11851E+02 -0.45792823E+00
  259   0.11901E+02 -0.45783300E+00
  260   0.11951E+02 -0.45771268E+00
  261   0.12001E+02 -0.45756654E+00
  262   0.12051E+02 -0.45739389E+00
  263   0.12101E+02 -0.45719407E+00
  264   0.12151E+02 -0.45696643E+00
  265   0.12201E+02 -0.45671036E+00
  266   0.12251E+02 -0.45642529E+00
  267   0.12301E+02 -0.45611065E+00
  268   0.12351E+02 -0.45576593E+00
  269   0.12401E+02 -0.45539066E+00
  270   0.12451E+02 -0.45498439E+00
  271   0.12501E+02 -0.45454671E+00
  272   0.12551E+02 -0.45407725E+00
  273   0.12601E+02 -0.45357569E+00
  274   0.12651E+02 -0.45304173E+00
  275   0.12701E+02 -0.45247513E+00
  276   0.12751E+02 -0.45187569E+00
  277   0.12801E+02 -0.45124325E+00
  278   0.12851E+02 -0.45057769E+00
  279   0.12901E+02 -0.44987894E+00
  280   0.12951E+02 -0.44914698E+00
  281   0.13001E+02 -0.44838183E+00
  282   0.13051E+02 -0.44758356E+00
  283   0.13101E+02 -0.44675229E+00
  284   0.13151E+02 -0.44588818E+00
  285   0.13201E+02 -0.44499145E+00
  286   0.13251E+02 -0.44406234E+00
  287   0.13301E+02 -0.44310118E+00
  288   0.13351E+02 -0.44210833E+00
  289   0.13401E+02 -0.44108418E+00
  290   0.13451E+02 -0.44002919E+00
  291   0.13501E+02 -0.43894387E+00
  292   0.13551E+02 -0.43782876E+00
  293   0.13601E+02 -0.43668447E+00
  294   0.13651E+02 -0.43551164E+00
  295   0.13701E+02 -0.43431096E+00
  296   0.13751E+02 -0.43308318E+00
  297   0.13801E+02 -0.43182907E+00
  298   0.13851E+02 -0.43054948E+00
  299   0.13901E+02 -0.42924527E+00
  300   0.13951E+02 -0.42791737E+00
  301   0.14001E+02 -0.42656674E+00
  302   0.14051E+02 -0.42519438E+00
  303   0.14101E+02 -0.42380134E+00
  304   0.14151E+02 -0.42238871E+00
  305   0.14201E+02 -0.42095762E+00
  306   0.14251E+02 -0.41950923E+00
  307   0.14301E+02 -0.41804474E+00
  308   0.14351E+02 -0.41656540E+00
  309   0.14401E+02 -0.41507247E+00
  310   0.14451E+02 -0.41356727E+00
  311   0.14501E+02 -0.41205113E+00
  312   0.14551E+02 -0.41052542E+00
  313   0.14601E+02 -0.40899156E+00
  314   0.14651E+02 -0.40745095E+00
  315   0.14701E+02 -0.40590507E+00
  316   0.14751E+02 -0.40435539E+00
  317   0.14801E+02 -0.40280342E+00
  318   0.14851E+02 -0.40125069E+00
  319   0.14901E+02 -0.39969874E+00
  320   0.14951E+02 -0.39814915E+00
  321   0.15001E+02 -0.39660350E+00
  322   0.15051E+02 -0.39506339E+00
  323   0.15101E+02 -0.39353043E+00
  324   0.15151E+02 -0.39200627E+00
  325   0.15201E+02 -0.39049252E+00
  326   0.15251E+02 -0.38899086E+00
  327   0.15301E+02 -0.38750292E+00
  328   0.15351E+02 -0.38603037E+00
  329   0.15401E+02 -0.38457488E+00
  330   0.15451E+02 -0.38313812E+00
  331   0.15501E+02 -0.38172174E+00
  332   0.15551E+02 -0.38032743E+00
  333   0.15601E+02 -0.37895683E+00
  334   0.15651E+02 -0.37761161E+00
  335   0.15701E+02 -0.37629342E+00
  336   0.15751E+02 -0.37500390E+00
  337   0.15801E+02 -0.37374468E+00
  338   0.15851E+02 -0.37251737E+00
  339   0.15901E+02 -0.37132358E+00
  340   0.15951E+02 -0.37016490E+00
  341   0.16001E+02 -0.36904290E+00
  342   0.16051E+02 -0.36795912E+00
  343   0.16101E+02 -0.36691509E+00
  344   0.16151E+02 -0.36591232E+00
  345   0.16201E+02 -0.36495229E+00
  346   0.16251E+02 -0.36403643E+00
  347   0.16301E+02 -0.36316619E+00
  348   0.16351E+02 -0.36234295E+00
  349   0.16401E+02 -0.36156807E+00
  350   0.16451E+02 -0.36084287E+00
  351   0.16501E+02 -0.36016864E+00
  352   0.16551E+02 -0.35954665E+00
  353   0.16601E+02 -0.35897809E+00
  354   0.16651E+02 -0.35846415E+00
  355   0.16701E+02 -0.35800596E+00
  356   0.16751E+02 -0.35760459E+00
  357   0.16801E+02 -0.35726110E+00
  358   0.16851E+02 -0.35697647E+00
  359   0.16901E+02 -0.35675166E+00
  360   0.16951E+02 -0.35658756E+00
  361   0.17001E+02 -0.35648502E+00
  362   0.17051E+02 -0.35644484E+00
  363   0.17101E+02 -0.35646775E+00
  364   0.17151E+02 -0.35655444E+00
  365   0.17201E+02 -0.35670555E+00
  366   0.17251E+02 -0.35692164E+00
  367   0.17301E+02 -0.35720324E+00
  368   0.17351E+02 -0.35755081E+00
  369   0.17401E+02 -0.35796473E+00
  370   0.17451E+02 -0.35844535E+00
  371   0.17501E+02 -0.35899295E+00
  372   0.17551E+02 -0.35960774E+00
  373   0.17601E+02 -0.36028987E+00
  374   0.17651E+02 -0.36103943E+00
  375   0.17701E+02 -0.36185643E+00
  376   0.17751E+02 -0.36274085E+00
  377   0.17801E+02 -0.36369256E+00
  378   0.17851E+02 -0.36471140E+00
  379   0.17901E+02 -0.36579712E+00
  380   0.17951E+02 -0.36694942E+00
  381   0.18001E+02 -0.36816791E+00
  382   0.18051E+02 -0.36945214E+00
  383   0.18101E+02 -0.37080160E+00
  384   0.18151E+02 -0.37221569E+00
  385   0.18201E+02 -0.37369376E+00
  386   0.18251E+02 -0.37523506E+00
  387   0.18301E+02 -0.37683878E+00
  388   0.18351E+02 -0.37850403E+00
  389   0.18401E+02 -0.38022981E+00
  390   0.18451E+02 -0.38201507E+00
  391   0.18501E+02 -0.38385862E+00
  392   0.18551E+02 -0.38575918E+00
  393   0.18601E+02 -0.38771532E+00
  394   0.18651E+02 -0.38972544E+00
  395   0.18701E+02 -0.39178769E+00
  396   0.18751E+02 -0.39389988E+00
  397   0.18801E+02 -0.39605920E+00
  398   0.18851E+02 -0.39826161E+00
  399   0.18901E+02 -0.40050002E+00
  400   0.18951E+02 -0.40275473E+00
  401   0.19001E+02 -0.40650118E+00
  402   0.19051E+02 -0.43468968E+00
  403   0.19101E+02 -0.44824407E+00
  404   0.19151E+02 -0.45477819E+00
  405   0.19201E+02 -0.45630836E+00
  406   0.19251E+02 -0.45370565E+00
  407   0.19301E+02 -0.44741619E+00
  408   0.19351E+02 -0.43768309E+00
  409   0.19401E+02 -0.42463631E+00
  410   0.19451E+02 -0.40833477E+00
  411   0.19501E+02 -0.38878702E+00
  412   0.19551E+02 -0.36595925E+00
  413   0.19601E+02 -0.33977309E+00
  414   0.19651E+02 -0.31009056E+00
  415   0.19701E+02 -0.27667700E+00
  416   0.19751E+02 -0.23911782E+00
  417   0.19801E+02 -0.19661886E+00
  418   0.19851E+02 -0.14743743E+00
  419   0.19901E+02 -0.86587374E-01
  420   0.19951E+02  0.25044817E-01

 *** Task successfully completed ***
