+-------------------------------------------------------------------------+
|              _              |                                           |
| || || ||//  | \          |  | University College London (C) 1994 - 2020 |
| || || ||    | / |/\/\ /\ |  | Open University           (C) 2007 - 2020 |
| \\_// ||\\  | \ | | | \/ |  |                                           |
|                             |                                           |
+-------------------------------------------------------------------------+
| Last revision: unknown                                                  |
| Last author:   unknown                                                  |
| Last date:     unknown                                                  |
+-------------------------------------------------------------------------+
MPI startup(): PMI server not found. Please set I_MPI_PMI_LIBRARY variable if it is not a singleton case.
1

 Program XSECS  (last modified 30-Nov-1998 )

e + H2O - doublet Ap                                        20230416  144759.373


 T-matrices will be read from set  1 on unit***
  (e + H2O - doublet Ap                                        20230416  144758.425 )

 Symmetry data  MGVN = 0   STOT = 2   GUTOT = 2

 T-matrices have been calculated from non-adiabatic K-matrices

 Number of target states       =   5
 Number of scattering channels =  65
 Channel data corresponding to stored T-matrix elements
  Element  Target   L    M    Energy
    1         1     0    0   0.00000
    2         1     1   -1   0.00000
    3         1     1    0   0.00000
    4         1     2   -1   0.00000
    5         1     2    0   0.00000
    6         1     2    2   0.00000
    7         1     3   -3   0.00000
    8         1     3   -1   0.00000
    9         1     3    0   0.00000
   10         1     3    2   0.00000
   11         1     4   -3   0.00000
   12         1     4   -1   0.00000
   13         1     4    0   0.00000
   14         1     4    2   0.00000
   15         1     4    4   0.00000
   16         2     1    1   1.39515
   17         2     2   -2   1.39515
   18         2     2    1   1.39515
   19         2     3   -2   1.39515
   20         2     3    1   1.39515
   21         2     3    3   1.39515
   22         2     4   -4   1.39515
   23         2     4   -2   1.39515
   24         2     4    1   1.39515
   25         2     4    3   1.39515
   26         3     1    1   1.46665
   27         3     2   -2   1.46665
   28         3     2    1   1.46665
   29         3     3   -2   1.46665
   30         3     3    1   1.46665
   31         3     3    3   1.46665
   32         3     4   -4   1.46665
   33         3     4   -2   1.46665
   34         3     4    1   1.46665
   35         3     4    3   1.46665
   36         4     0    0   1.56385
   37         4     1   -1   1.56385
   38         4     1    0   1.56385
   39         4     2   -1   1.56385
   40         4     2    0   1.56385
   41         4     2    2   1.56385
   42         4     3   -3   1.56385
   43         4     3   -1   1.56385
   44         4     3    0   1.56385
   45         4     3    2   1.56385
   46         4     4   -3   1.56385
   47         4     4   -1   1.56385
   48         4     4    0   1.56385
   49         4     4    2   1.56385
   50         4     4    4   1.56385
   51         5     0    0   1.82948
   52         5     1   -1   1.82948
   53         5     1    0   1.82948
   54         5     2   -1   1.82948
   55         5     2    0   1.82948
   56         5     2    2   1.82948
   57         5     3   -3   1.82948
   58         5     3   -1   1.82948
   59         5     3    0   1.82948
   60         5     3    2   1.82948
   61         5     4   -3   1.82948
   62         5     4   -1   1.82948
   63         5     4    0   1.82948
   64         5     4    2   1.82948
   65         5     4    4   1.82948

 Input Energy grid (Ryd) 
 Number of points        20       400
 Initial values     0.00001   0.00007
 Increments         0.00004   0.00367

 Cross-sections will be computed for 420 energies in the T-matrix file from  0.0001 to 19.9510 EV 

 Target and channel data is read from set  1 on unit 10
#1 e + H2O - doublet Ap                                        20230416  144758.425

#                              CROSS SECTIONS IN BOHR**2  FOR INITIAL STATE  1

#     I    E(EV )         TOTAL               1               2               3               4               5
    1   0.15000E-03  0.20658077E+07  0.20658077E+07  0.00000000E+00  0.00000000E+00  0.00000000E+00  0.00000000E+00
    2   0.65000E-03  0.21866653E+06  0.21866653E+06  0.00000000E+00  0.00000000E+00  0.00000000E+00  0.00000000E+00
    3   0.11500E-02  0.11939979E+06  0.11939979E+06  0.00000000E+00  0.00000000E+00  0.00000000E+00  0.00000000E+00
    4   0.16500E-02  0.81625452E+05  0.81625452E+05  0.00000000E+00  0.00000000E+00  0.00000000E+00  0.00000000E+00
    5   0.21500E-02  0.61742586E+05  0.61742586E+05  0.00000000E+00  0.00000000E+00  0.00000000E+00  0.00000000E+00
    6   0.26500E-02  0.49501670E+05  0.49501670E+05  0.00000000E+00  0.00000000E+00  0.00000000E+00  0.00000000E+00
    7   0.31500E-02  0.41225945E+05  0.41225945E+05  0.00000000E+00  0.00000000E+00  0.00000000E+00  0.00000000E+00
    8   0.36500E-02  0.35266328E+05  0.35266328E+05  0.00000000E+00  0.00000000E+00  0.00000000E+00  0.00000000E+00
    9   0.41500E-02  0.30775389E+05  0.30775389E+05  0.00000000E+00  0.00000000E+00  0.00000000E+00  0.00000000E+00
   10   0.46500E-02  0.27273511E+05  0.27273511E+05  0.00000000E+00  0.00000000E+00  0.00000000E+00  0.00000000E+00
   11   0.51500E-02  0.24468227E+05  0.24468227E+05  0.00000000E+00  0.00000000E+00  0.00000000E+00  0.00000000E+00
   12   0.56500E-02  0.22172019E+05  0.22172019E+05  0.00000000E+00  0.00000000E+00  0.00000000E+00  0.00000000E+00
   13   0.61500E-02  0.20258811E+05  0.20258811E+05  0.00000000E+00  0.00000000E+00  0.00000000E+00  0.00000000E+00
   14   0.66500E-02  0.18640812E+05  0.18640812E+05  0.00000000E+00  0.00000000E+00  0.00000000E+00  0.00000000E+00
   15   0.71500E-02  0.17255090E+05  0.17255090E+05  0.00000000E+00  0.00000000E+00  0.00000000E+00  0.00000000E+00
   16   0.76500E-02  0.16055433E+05  0.16055433E+05  0.00000000E+00  0.00000000E+00  0.00000000E+00  0.00000000E+00
   17   0.81500E-02  0.15006979E+05  0.15006979E+05  0.00000000E+00  0.00000000E+00  0.00000000E+00  0.00000000E+00
   18   0.86500E-02  0.14083053E+05  0.14083053E+05  0.00000000E+00  0.00000000E+00  0.00000000E+00  0.00000000E+00
   19   0.91500E-02  0.13262947E+05  0.13262947E+05  0.00000000E+00  0.00000000E+00  0.00000000E+00  0.00000000E+00
   20   0.96500E-02  0.12530203E+05  0.12530203E+05  0.00000000E+00  0.00000000E+00  0.00000000E+00  0.00000000E+00
   21   0.10000E-02  0.13836556E+06  0.13836556E+06  0.00000000E+00  0.00000000E+00  0.00000000E+00  0.00000000E+00
   22   0.51000E-01  0.20857352E+04  0.20857352E+04  0.00000000E+00  0.00000000E+00  0.00000000E+00  0.00000000E+00
   23   0.10100E+00  0.99047379E+03  0.99047379E+03  0.00000000E+00  0.00000000E+00  0.00000000E+00  0.00000000E+00
   24   0.15100E+00  0.63778102E+03  0.63778102E+03  0.00000000E+00  0.00000000E+00  0.00000000E+00  0.00000000E+00
   25   0.20100E+00  0.46618906E+03  0.46618906E+03  0.00000000E+00  0.00000000E+00  0.00000000E+00  0.00000000E+00
   26   0.25100E+00  0.36553950E+03  0.36553950E+03  0.00000000E+00  0.00000000E+00  0.00000000E+00  0.00000000E+00
   27   0.30100E+00  0.29973761E+03  0.29973761E+03  0.00000000E+00  0.00000000E+00  0.00000000E+00  0.00000000E+00
   28   0.35100E+00  0.25354341E+03  0.25354341E+03  0.00000000E+00  0.00000000E+00  0.00000000E+00  0.00000000E+00
   29   0.40100E+00  0.21943686E+03  0.21943686E+03  0.00000000E+00  0.00000000E+00  0.00000000E+00  0.00000000E+00
   30   0.45100E+00  0.19328944E+03  0.19328944E+03  0.00000000E+00  0.00000000E+00  0.00000000E+00  0.00000000E+00
   31   0.50100E+00  0.17265069E+03  0.17265069E+03  0.00000000E+00  0.00000000E+00  0.00000000E+00  0.00000000E+00
   32   0.55100E+00  0.15597663E+03  0.15597663E+03  0.00000000E+00  0.00000000E+00  0.00000000E+00  0.00000000E+00
   33   0.60100E+00  0.14224742E+03  0.14224742E+03  0.00000000E+00  0.00000000E+00  0.00000000E+00  0.00000000E+00
   34   0.65100E+00  0.13076305E+03  0.13076305E+03  0.00000000E+00  0.00000000E+00  0.00000000E+00  0.00000000E+00
   35   0.70100E+00  0.12102756E+03  0.12102756E+03  0.00000000E+00  0.00000000E+00  0.00000000E+00  0.00000000E+00
   36   0.75100E+00  0.11268002E+03  0.11268002E+03  0.00000000E+00  0.00000000E+00  0.00000000E+00  0.00000000E+00
   37   0.80100E+00  0.10545165E+03  0.10545165E+03  0.00000000E+00  0.00000000E+00  0.00000000E+00  0.00000000E+00
   38   0.85100E+00  0.99138351E+02  0.99138351E+02  0.00000000E+00  0.00000000E+00  0.00000000E+00  0.00000000E+00
   39   0.90100E+00  0.93582403E+02  0.93582403E+02  0.00000000E+00  0.00000000E+00  0.00000000E+00  0.00000000E+00
   40   0.95100E+00  0.88660063E+02  0.88660063E+02  0.00000000E+00  0.00000000E+00  0.00000000E+00  0.00000000E+00
   41   0.10010E+01  0.84272926E+02  0.84272926E+02  0.00000000E+00  0.00000000E+00  0.00000000E+00  0.00000000E+00
   42   0.10510E+01  0.80341782E+02  0.80341782E+02  0.00000000E+00  0.00000000E+00  0.00000000E+00  0.00000000E+00
   43   0.11010E+01  0.76802177E+02  0.76802177E+02  0.00000000E+00  0.00000000E+00  0.00000000E+00  0.00000000E+00
   44   0.11510E+01  0.73601142E+02  0.73601142E+02  0.00000000E+00  0.00000000E+00  0.00000000E+00  0.00000000E+00
   45   0.12010E+01  0.70694757E+02  0.70694757E+02  0.00000000E+00  0.00000000E+00  0.00000000E+00  0.00000000E+00
   46   0.12510E+01  0.68046305E+02  0.68046305E+02  0.00000000E+00  0.00000000E+00  0.00000000E+00  0.00000000E+00
   47   0.13010E+01  0.65624861E+02  0.65624861E+02  0.00000000E+00  0.00000000E+00  0.00000000E+00  0.00000000E+00
   48   0.13510E+01  0.63404197E+02  0.63404197E+02  0.00000000E+00  0.00000000E+00  0.00000000E+00  0.00000000E+00
   49   0.14010E+01  0.61361927E+02  0.61361927E+02  0.00000000E+00  0.00000000E+00  0.00000000E+00  0.00000000E+00
   50   0.14510E+01  0.59478831E+02  0.59478831E+02  0.00000000E+00  0.00000000E+00  0.00000000E+00  0.00000000E+00
   51   0.15010E+01  0.57738316E+02  0.57738316E+02  0.00000000E+00  0.00000000E+00  0.00000000E+00  0.00000000E+00
   52   0.15510E+01  0.56125986E+02  0.56125986E+02  0.00000000E+00  0.00000000E+00  0.00000000E+00  0.00000000E+00
   53   0.16010E+01  0.54629288E+02  0.54629288E+02  0.00000000E+00  0.00000000E+00  0.00000000E+00  0.00000000E+00
   54   0.16510E+01  0.53237233E+02  0.53237233E+02  0.00000000E+00  0.00000000E+00  0.00000000E+00  0.00000000E+00
   55   0.17010E+01  0.51940154E+02  0.51940154E+02  0.00000000E+00  0.00000000E+00  0.00000000E+00  0.00000000E+00
   56   0.17510E+01  0.50729518E+02  0.50729518E+02  0.00000000E+00  0.00000000E+00  0.00000000E+00  0.00000000E+00
   57   0.18010E+01  0.49597767E+02  0.49597767E+02  0.00000000E+00  0.00000000E+00  0.00000000E+00  0.00000000E+00
   58   0.18510E+01  0.48538179E+02  0.48538179E+02  0.00000000E+00  0.00000000E+00  0.00000000E+00  0.00000000E+00
   59   0.19010E+01  0.47544758E+02  0.47544758E+02  0.00000000E+00  0.00000000E+00  0.00000000E+00  0.00000000E+00
   60   0.19510E+01  0.46612142E+02  0.46612142E+02  0.00000000E+00  0.00000000E+00  0.00000000E+00  0.00000000E+00
   61   0.20010E+01  0.45735517E+02  0.45735517E+02  0.00000000E+00  0.00000000E+00  0.00000000E+00  0.00000000E+00
   62   0.20510E+01  0.44910553E+02  0.44910553E+02  0.00000000E+00  0.00000000E+00  0.00000000E+00  0.00000000E+00
   63   0.21010E+01  0.44133344E+02  0.44133344E+02  0.00000000E+00  0.00000000E+00  0.00000000E+00  0.00000000E+00
   64   0.21510E+01  0.43400359E+02  0.43400359E+02  0.00000000E+00  0.00000000E+00  0.00000000E+00  0.00000000E+00
   65   0.22010E+01  0.42708396E+02  0.42708396E+02  0.00000000E+00  0.00000000E+00  0.00000000E+00  0.00000000E+00
   66   0.22510E+01  0.42054547E+02  0.42054547E+02  0.00000000E+00  0.00000000E+00  0.00000000E+00  0.00000000E+00
   67   0.23010E+01  0.41436167E+02  0.41436167E+02  0.00000000E+00  0.00000000E+00  0.00000000E+00  0.00000000E+00
   68   0.23510E+01  0.40850842E+02  0.40850842E+02  0.00000000E+00  0.00000000E+00  0.00000000E+00  0.00000000E+00
   69   0.24010E+01  0.40296366E+02  0.40296366E+02  0.00000000E+00  0.00000000E+00  0.00000000E+00  0.00000000E+00
   70   0.24510E+01  0.39770721E+02  0.39770721E+02  0.00000000E+00  0.00000000E+00  0.00000000E+00  0.00000000E+00
   71   0.25010E+01  0.39272055E+02  0.39272055E+02  0.00000000E+00  0.00000000E+00  0.00000000E+00  0.00000000E+00
   72   0.25510E+01  0.38798670E+02  0.38798670E+02  0.00000000E+00  0.00000000E+00  0.00000000E+00  0.00000000E+00
   73   0.26010E+01  0.38349001E+02  0.38349001E+02  0.00000000E+00  0.00000000E+00  0.00000000E+00  0.00000000E+00
   74   0.26510E+01  0.37921608E+02  0.37921608E+02  0.00000000E+00  0.00000000E+00  0.00000000E+00  0.00000000E+00
   75   0.27010E+01  0.37515163E+02  0.37515163E+02  0.00000000E+00  0.00000000E+00  0.00000000E+00  0.00000000E+00
   76   0.27510E+01  0.37128438E+02  0.37128438E+02  0.00000000E+00  0.00000000E+00  0.00000000E+00  0.00000000E+00
   77   0.28010E+01  0.36760297E+02  0.36760297E+02  0.00000000E+00  0.00000000E+00  0.00000000E+00  0.00000000E+00
   78   0.28510E+01  0.36409690E+02  0.36409690E+02  0.00000000E+00  0.00000000E+00  0.00000000E+00  0.00000000E+00
   79   0.29010E+01  0.36075642E+02  0.36075642E+02  0.00000000E+00  0.00000000E+00  0.00000000E+00  0.00000000E+00
   80   0.29510E+01  0.35757248E+02  0.35757248E+02  0.00000000E+00  0.00000000E+00  0.00000000E+00  0.00000000E+00
   81   0.30010E+01  0.35453667E+02  0.35453667E+02  0.00000000E+00  0.00000000E+00  0.00000000E+00  0.00000000E+00
   82   0.30510E+01  0.35164115E+02  0.35164115E+02  0.00000000E+00  0.00000000E+00  0.00000000E+00  0.00000000E+00
   83   0.31010E+01  0.34887865E+02  0.34887865E+02  0.00000000E+00  0.00000000E+00  0.00000000E+00  0.00000000E+00
   84   0.31510E+01  0.34624237E+02  0.34624237E+02  0.00000000E+00  0.00000000E+00  0.00000000E+00  0.00000000E+00
   85   0.32010E+01  0.34372597E+02  0.34372597E+02  0.00000000E+00  0.00000000E+00  0.00000000E+00  0.00000000E+00
   86   0.32510E+01  0.34132352E+02  0.34132352E+02  0.00000000E+00  0.00000000E+00  0.00000000E+00  0.00000000E+00
   87   0.33010E+01  0.33902948E+02  0.33902948E+02  0.00000000E+00  0.00000000E+00  0.00000000E+00  0.00000000E+00
   88   0.33510E+01  0.33683867E+02  0.33683867E+02  0.00000000E+00  0.00000000E+00  0.00000000E+00  0.00000000E+00
   89   0.34010E+01  0.33474622E+02  0.33474622E+02  0.00000000E+00  0.00000000E+00  0.00000000E+00  0.00000000E+00
   90   0.34510E+01  0.33274758E+02  0.33274758E+02  0.00000000E+00  0.00000000E+00  0.00000000E+00  0.00000000E+00
   91   0.35010E+01  0.33083847E+02  0.33083847E+02  0.00000000E+00  0.00000000E+00  0.00000000E+00  0.00000000E+00
   92   0.35510E+01  0.32901488E+02  0.32901488E+02  0.00000000E+00  0.00000000E+00  0.00000000E+00  0.00000000E+00
   93   0.36010E+01  0.32727302E+02  0.32727302E+02  0.00000000E+00  0.00000000E+00  0.00000000E+00  0.00000000E+00
   94   0.36510E+01  0.32560933E+02  0.32560933E+02  0.00000000E+00  0.00000000E+00  0.00000000E+00  0.00000000E+00
   95   0.37010E+01  0.32402047E+02  0.32402047E+02  0.00000000E+00  0.00000000E+00  0.00000000E+00  0.00000000E+00
   96   0.37510E+01  0.32250328E+02  0.32250328E+02  0.00000000E+00  0.00000000E+00  0.00000000E+00  0.00000000E+00
   97   0.38010E+01  0.32105477E+02  0.32105477E+02  0.00000000E+00  0.00000000E+00  0.00000000E+00  0.00000000E+00
   98   0.38510E+01  0.31967213E+02  0.31967213E+02  0.00000000E+00  0.00000000E+00  0.00000000E+00  0.00000000E+00
   99   0.39010E+01  0.31835269E+02  0.31835269E+02  0.00000000E+00  0.00000000E+00  0.00000000E+00  0.00000000E+00
  100   0.39510E+01  0.31709393E+02  0.31709393E+02  0.00000000E+00  0.00000000E+00  0.00000000E+00  0.00000000E+00
  101   0.40010E+01  0.31589347E+02  0.31589347E+02  0.00000000E+00  0.00000000E+00  0.00000000E+00  0.00000000E+00
  102   0.40510E+01  0.31474905E+02  0.31474905E+02  0.00000000E+00  0.00000000E+00  0.00000000E+00  0.00000000E+00
  103   0.41010E+01  0.31365851E+02  0.31365851E+02  0.00000000E+00  0.00000000E+00  0.00000000E+00  0.00000000E+00
  104   0.41510E+01  0.31261983E+02  0.31261983E+02  0.00000000E+00  0.00000000E+00  0.00000000E+00  0.00000000E+00
  105   0.42010E+01  0.31163106E+02  0.31163106E+02  0.00000000E+00  0.00000000E+00  0.00000000E+00  0.00000000E+00
  106   0.42510E+01  0.31069036E+02  0.31069036E+02  0.00000000E+00  0.00000000E+00  0.00000000E+00  0.00000000E+00
  107   0.43010E+01  0.30979598E+02  0.30979598E+02  0.00000000E+00  0.00000000E+00  0.00000000E+00  0.00000000E+00
  108   0.43510E+01  0.30894625E+02  0.30894625E+02  0.00000000E+00  0.00000000E+00  0.00000000E+00  0.00000000E+00
  109   0.44010E+01  0.30813957E+02  0.30813957E+02  0.00000000E+00  0.00000000E+00  0.00000000E+00  0.00000000E+00
  110   0.44510E+01  0.30737443E+02  0.30737443E+02  0.00000000E+00  0.00000000E+00  0.00000000E+00  0.00000000E+00
  111   0.45010E+01  0.30664938E+02  0.30664938E+02  0.00000000E+00  0.00000000E+00  0.00000000E+00  0.00000000E+00
  112   0.45510E+01  0.30596303E+02  0.30596303E+02  0.00000000E+00  0.00000000E+00  0.00000000E+00  0.00000000E+00
  113   0.46010E+01  0.30531405E+02  0.30531405E+02  0.00000000E+00  0.00000000E+00  0.00000000E+00  0.00000000E+00
  114   0.46510E+01  0.30470118E+02  0.30470118E+02  0.00000000E+00  0.00000000E+00  0.00000000E+00  0.00000000E+00
  115   0.47010E+01  0.30412320E+02  0.30412320E+02  0.00000000E+00  0.00000000E+00  0.00000000E+00  0.00000000E+00
  116   0.47510E+01  0.30357895E+02  0.30357895E+02  0.00000000E+00  0.00000000E+00  0.00000000E+00  0.00000000E+00
  117   0.48010E+01  0.30306732E+02  0.30306732E+02  0.00000000E+00  0.00000000E+00  0.00000000E+00  0.00000000E+00
  118   0.48510E+01  0.30258722E+02  0.30258722E+02  0.00000000E+00  0.00000000E+00  0.00000000E+00  0.00000000E+00
  119   0.49010E+01  0.30213764E+02  0.30213764E+02  0.00000000E+00  0.00000000E+00  0.00000000E+00  0.00000000E+00
  120   0.49510E+01  0.30171759E+02  0.30171759E+02  0.00000000E+00  0.00000000E+00  0.00000000E+00  0.00000000E+00
  121   0.50010E+01  0.30132612E+02  0.30132612E+02  0.00000000E+00  0.00000000E+00  0.00000000E+00  0.00000000E+00
  122   0.50510E+01  0.30096231E+02  0.30096231E+02  0.00000000E+00  0.00000000E+00  0.00000000E+00  0.00000000E+00
  123   0.51010E+01  0.30062530E+02  0.30062530E+02  0.00000000E+00  0.00000000E+00  0.00000000E+00  0.00000000E+00
  124   0.51510E+01  0.30031423E+02  0.30031423E+02  0.00000000E+00  0.00000000E+00  0.00000000E+00  0.00000000E+00
  125   0.52010E+01  0.30002831E+02  0.30002831E+02  0.00000000E+00  0.00000000E+00  0.00000000E+00  0.00000000E+00
  126   0.52510E+01  0.29976673E+02  0.29976673E+02  0.00000000E+00  0.00000000E+00  0.00000000E+00  0.00000000E+00
  127   0.53010E+01  0.29952876E+02  0.29952876E+02  0.00000000E+00  0.00000000E+00  0.00000000E+00  0.00000000E+00
  128   0.53510E+01  0.29931365E+02  0.29931365E+02  0.00000000E+00  0.00000000E+00  0.00000000E+00  0.00000000E+00
  129   0.54010E+01  0.29912072E+02  0.29912072E+02  0.00000000E+00  0.00000000E+00  0.00000000E+00  0.00000000E+00
  130   0.54510E+01  0.29894929E+02  0.29894929E+02  0.00000000E+00  0.00000000E+00  0.00000000E+00  0.00000000E+00
  131   0.55010E+01  0.29879869E+02  0.29879869E+02  0.00000000E+00  0.00000000E+00  0.00000000E+00  0.00000000E+00
  132   0.55510E+01  0.29866832E+02  0.29866832E+02  0.00000000E+00  0.00000000E+00  0.00000000E+00  0.00000000E+00
  133   0.56010E+01  0.29855754E+02  0.29855754E+02  0.00000000E+00  0.00000000E+00  0.00000000E+00  0.00000000E+00
  134   0.56510E+01  0.29846579E+02  0.29846579E+02  0.00000000E+00  0.00000000E+00  0.00000000E+00  0.00000000E+00
  135   0.57010E+01  0.29839248E+02  0.29839248E+02  0.00000000E+00  0.00000000E+00  0.00000000E+00  0.00000000E+00
  136   0.57510E+01  0.29833708E+02  0.29833708E+02  0.00000000E+00  0.00000000E+00  0.00000000E+00  0.00000000E+00
  137   0.58010E+01  0.29829904E+02  0.29829904E+02  0.00000000E+00  0.00000000E+00  0.00000000E+00  0.00000000E+00
  138   0.58510E+01  0.29827786E+02  0.29827786E+02  0.00000000E+00  0.00000000E+00  0.00000000E+00  0.00000000E+00
  139   0.59010E+01  0.29827304E+02  0.29827304E+02  0.00000000E+00  0.00000000E+00  0.00000000E+00  0.00000000E+00
  140   0.59510E+01  0.29828410E+02  0.29828410E+02  0.00000000E+00  0.00000000E+00  0.00000000E+00  0.00000000E+00
  141   0.60010E+01  0.29831056E+02  0.29831056E+02  0.00000000E+00  0.00000000E+00  0.00000000E+00  0.00000000E+00
  142   0.60510E+01  0.29835199E+02  0.29835199E+02  0.00000000E+00  0.00000000E+00  0.00000000E+00  0.00000000E+00
  143   0.61010E+01  0.29840793E+02  0.29840793E+02  0.00000000E+00  0.00000000E+00  0.00000000E+00  0.00000000E+00
  144   0.61510E+01  0.29847797E+02  0.29847797E+02  0.00000000E+00  0.00000000E+00  0.00000000E+00  0.00000000E+00
  145   0.62010E+01  0.29856168E+02  0.29856168E+02  0.00000000E+00  0.00000000E+00  0.00000000E+00  0.00000000E+00
  146   0.62510E+01  0.29865868E+02  0.29865868E+02  0.00000000E+00  0.00000000E+00  0.00000000E+00  0.00000000E+00
  147   0.63010E+01  0.29876857E+02  0.29876857E+02  0.00000000E+00  0.00000000E+00  0.00000000E+00  0.00000000E+00
  148   0.63510E+01  0.29889096E+02  0.29889096E+02  0.00000000E+00  0.00000000E+00  0.00000000E+00  0.00000000E+00
  149   0.64010E+01  0.29902550E+02  0.29902550E+02  0.00000000E+00  0.00000000E+00  0.00000000E+00  0.00000000E+00
  150   0.64510E+01  0.29917182E+02  0.29917182E+02  0.00000000E+00  0.00000000E+00  0.00000000E+00  0.00000000E+00
  151   0.65010E+01  0.29932958E+02  0.29932958E+02  0.00000000E+00  0.00000000E+00  0.00000000E+00  0.00000000E+00
  152   0.65510E+01  0.29949842E+02  0.29949842E+02  0.00000000E+00  0.00000000E+00  0.00000000E+00  0.00000000E+00
  153   0.66010E+01  0.29967803E+02  0.29967803E+02  0.00000000E+00  0.00000000E+00  0.00000000E+00  0.00000000E+00
  154   0.66510E+01  0.29986807E+02  0.29986807E+02  0.00000000E+00  0.00000000E+00  0.00000000E+00  0.00000000E+00
  155   0.67010E+01  0.30006822E+02  0.30006822E+02  0.00000000E+00  0.00000000E+00  0.00000000E+00  0.00000000E+00
  156   0.67510E+01  0.30027818E+02  0.30027818E+02  0.00000000E+00  0.00000000E+00  0.00000000E+00  0.00000000E+00
  157   0.68010E+01  0.30049765E+02  0.30049765E+02  0.00000000E+00  0.00000000E+00  0.00000000E+00  0.00000000E+00
  158   0.68510E+01  0.30072631E+02  0.30072631E+02  0.00000000E+00  0.00000000E+00  0.00000000E+00  0.00000000E+00
  159   0.69010E+01  0.30096389E+02  0.30096389E+02  0.00000000E+00  0.00000000E+00  0.00000000E+00  0.00000000E+00
  160   0.69510E+01  0.30121009E+02  0.30121009E+02  0.00000000E+00  0.00000000E+00  0.00000000E+00  0.00000000E+00
  161   0.70010E+01  0.30146463E+02  0.30146463E+02  0.00000000E+00  0.00000000E+00  0.00000000E+00  0.00000000E+00
  162   0.70510E+01  0.30172724E+02  0.30172724E+02  0.00000000E+00  0.00000000E+00  0.00000000E+00  0.00000000E+00
  163   0.71010E+01  0.30199764E+02  0.30199764E+02  0.00000000E+00  0.00000000E+00  0.00000000E+00  0.00000000E+00
  164   0.71510E+01  0.30227556E+02  0.30227556E+02  0.00000000E+00  0.00000000E+00  0.00000000E+00  0.00000000E+00
  165   0.72010E+01  0.30256074E+02  0.30256074E+02  0.00000000E+00  0.00000000E+00  0.00000000E+00  0.00000000E+00
  166   0.72510E+01  0.30285293E+02  0.30285293E+02  0.00000000E+00  0.00000000E+00  0.00000000E+00  0.00000000E+00
  167   0.73010E+01  0.30315185E+02  0.30315185E+02  0.00000000E+00  0.00000000E+00  0.00000000E+00  0.00000000E+00
  168   0.73510E+01  0.30345726E+02  0.30345726E+02  0.00000000E+00  0.00000000E+00  0.00000000E+00  0.00000000E+00
  169   0.74010E+01  0.30376891E+02  0.30376891E+02  0.00000000E+00  0.00000000E+00  0.00000000E+00  0.00000000E+00
  170   0.74510E+01  0.30408654E+02  0.30408654E+02  0.00000000E+00  0.00000000E+00  0.00000000E+00  0.00000000E+00
  171   0.75010E+01  0.30440990E+02  0.30440990E+02  0.00000000E+00  0.00000000E+00  0.00000000E+00  0.00000000E+00
  172   0.75510E+01  0.30473877E+02  0.30473877E+02  0.00000000E+00  0.00000000E+00  0.00000000E+00  0.00000000E+00
  173   0.76010E+01  0.30507288E+02  0.30507288E+02  0.00000000E+00  0.00000000E+00  0.00000000E+00  0.00000000E+00
  174   0.76510E+01  0.30541200E+02  0.30541200E+02  0.00000000E+00  0.00000000E+00  0.00000000E+00  0.00000000E+00
  175   0.77010E+01  0.30575589E+02  0.30575589E+02  0.00000000E+00  0.00000000E+00  0.00000000E+00  0.00000000E+00
  176   0.77510E+01  0.30610432E+02  0.30610432E+02  0.00000000E+00  0.00000000E+00  0.00000000E+00  0.00000000E+00
  177   0.78010E+01  0.30645704E+02  0.30645704E+02  0.00000000E+00  0.00000000E+00  0.00000000E+00  0.00000000E+00
  178   0.78510E+01  0.30681383E+02  0.30681383E+02  0.00000000E+00  0.00000000E+00  0.00000000E+00  0.00000000E+00
  179   0.79010E+01  0.30717444E+02  0.30717444E+02  0.00000000E+00  0.00000000E+00  0.00000000E+00  0.00000000E+00
  180   0.79510E+01  0.30753865E+02  0.30753865E+02  0.00000000E+00  0.00000000E+00  0.00000000E+00  0.00000000E+00
  181   0.80010E+01  0.30790622E+02  0.30790622E+02  0.00000000E+00  0.00000000E+00  0.00000000E+00  0.00000000E+00
  182   0.80510E+01  0.30827693E+02  0.30827693E+02  0.00000000E+00  0.00000000E+00  0.00000000E+00  0.00000000E+00
  183   0.81010E+01  0.30865054E+02  0.30865054E+02  0.00000000E+00  0.00000000E+00  0.00000000E+00  0.00000000E+00
  184   0.81510E+01  0.30902683E+02  0.30902683E+02  0.00000000E+00  0.00000000E+00  0.00000000E+00  0.00000000E+00
  185   0.82010E+01  0.30940557E+02  0.30940557E+02  0.00000000E+00  0.00000000E+00  0.00000000E+00  0.00000000E+00
  186   0.82510E+01  0.30978652E+02  0.30978652E+02  0.00000000E+00  0.00000000E+00  0.00000000E+00  0.00000000E+00
  187   0.83010E+01  0.31016947E+02  0.31016947E+02  0.00000000E+00  0.00000000E+00  0.00000000E+00  0.00000000E+00
  188   0.83510E+01  0.31055420E+02  0.31055420E+02  0.00000000E+00  0.00000000E+00  0.00000000E+00  0.00000000E+00
  189   0.84010E+01  0.31094046E+02  0.31094046E+02  0.00000000E+00  0.00000000E+00  0.00000000E+00  0.00000000E+00
  190   0.84510E+01  0.31132805E+02  0.31132805E+02  0.00000000E+00  0.00000000E+00  0.00000000E+00  0.00000000E+00
  191   0.85010E+01  0.31171674E+02  0.31171674E+02  0.00000000E+00  0.00000000E+00  0.00000000E+00  0.00000000E+00
  192   0.85510E+01  0.31210630E+02  0.31210630E+02  0.00000000E+00  0.00000000E+00  0.00000000E+00  0.00000000E+00
  193   0.86010E+01  0.31249652E+02  0.31249652E+02  0.00000000E+00  0.00000000E+00  0.00000000E+00  0.00000000E+00
  194   0.86510E+01  0.31288718E+02  0.31288718E+02  0.00000000E+00  0.00000000E+00  0.00000000E+00  0.00000000E+00
  195   0.87010E+01  0.31327806E+02  0.31327806E+02  0.00000000E+00  0.00000000E+00  0.00000000E+00  0.00000000E+00
  196   0.87510E+01  0.31366893E+02  0.31366893E+02  0.00000000E+00  0.00000000E+00  0.00000000E+00  0.00000000E+00
  197   0.88010E+01  0.31405959E+02  0.31405959E+02  0.00000000E+00  0.00000000E+00  0.00000000E+00  0.00000000E+00
  198   0.88510E+01  0.31444982E+02  0.31444982E+02  0.00000000E+00  0.00000000E+00  0.00000000E+00  0.00000000E+00
  199   0.89010E+01  0.31483940E+02  0.31483940E+02  0.00000000E+00  0.00000000E+00  0.00000000E+00  0.00000000E+00
  200   0.89510E+01  0.31522812E+02  0.31522812E+02  0.00000000E+00  0.00000000E+00  0.00000000E+00  0.00000000E+00
  201   0.90010E+01  0.31561578E+02  0.31561578E+02  0.00000000E+00  0.00000000E+00  0.00000000E+00  0.00000000E+00
  202   0.90510E+01  0.31600215E+02  0.31600215E+02  0.00000000E+00  0.00000000E+00  0.00000000E+00  0.00000000E+00
  203   0.91010E+01  0.31638705E+02  0.31638705E+02  0.00000000E+00  0.00000000E+00  0.00000000E+00  0.00000000E+00
  204   0.91510E+01  0.31677025E+02  0.31677025E+02  0.00000000E+00  0.00000000E+00  0.00000000E+00  0.00000000E+00
  205   0.92010E+01  0.31715155E+02  0.31715155E+02  0.00000000E+00  0.00000000E+00  0.00000000E+00  0.00000000E+00
  206   0.92510E+01  0.31753076E+02  0.31753076E+02  0.00000000E+00  0.00000000E+00  0.00000000E+00  0.00000000E+00
  207   0.93010E+01  0.31790768E+02  0.31790768E+02  0.00000000E+00  0.00000000E+00  0.00000000E+00  0.00000000E+00
  208   0.93510E+01  0.31828210E+02  0.31828210E+02  0.00000000E+00  0.00000000E+00  0.00000000E+00  0.00000000E+00
  209   0.94010E+01  0.31865384E+02  0.31865384E+02  0.00000000E+00  0.00000000E+00  0.00000000E+00  0.00000000E+00
  210   0.94510E+01  0.31902269E+02  0.31902269E+02  0.00000000E+00  0.00000000E+00  0.00000000E+00  0.00000000E+00
  211   0.95010E+01  0.31938848E+02  0.31938848E+02  0.00000000E+00  0.00000000E+00  0.00000000E+00  0.00000000E+00
  212   0.95510E+01  0.31975100E+02  0.31975100E+02  0.00000000E+00  0.00000000E+00  0.00000000E+00  0.00000000E+00
  213   0.96010E+01  0.32011009E+02  0.32011009E+02  0.00000000E+00  0.00000000E+00  0.00000000E+00  0.00000000E+00
  214   0.96510E+01  0.32046555E+02  0.32046555E+02  0.00000000E+00  0.00000000E+00  0.00000000E+00  0.00000000E+00
  215   0.97010E+01  0.32081721E+02  0.32081721E+02  0.00000000E+00  0.00000000E+00  0.00000000E+00  0.00000000E+00
  216   0.97510E+01  0.32116489E+02  0.32116489E+02  0.00000000E+00  0.00000000E+00  0.00000000E+00  0.00000000E+00
  217   0.98010E+01  0.32150842E+02  0.32150842E+02  0.00000000E+00  0.00000000E+00  0.00000000E+00  0.00000000E+00
  218   0.98510E+01  0.32184764E+02  0.32184764E+02  0.00000000E+00  0.00000000E+00  0.00000000E+00  0.00000000E+00
  219   0.99010E+01  0.32218237E+02  0.32218237E+02  0.00000000E+00  0.00000000E+00  0.00000000E+00  0.00000000E+00
  220   0.99510E+01  0.32251245E+02  0.32251245E+02  0.00000000E+00  0.00000000E+00  0.00000000E+00  0.00000000E+00
  221   0.10001E+02  0.32283772E+02  0.32283772E+02  0.00000000E+00  0.00000000E+00  0.00000000E+00  0.00000000E+00
  222   0.10051E+02  0.32315804E+02  0.32315804E+02  0.00000000E+00  0.00000000E+00  0.00000000E+00  0.00000000E+00
  223   0.10101E+02  0.32347324E+02  0.32347324E+02  0.00000000E+00  0.00000000E+00  0.00000000E+00  0.00000000E+00
  224   0.10151E+02  0.32378318E+02  0.32378318E+02  0.00000000E+00  0.00000000E+00  0.00000000E+00  0.00000000E+00
  225   0.10201E+02  0.32408772E+02  0.32408772E+02  0.00000000E+00  0.00000000E+00  0.00000000E+00  0.00000000E+00
  226   0.10251E+02  0.32438671E+02  0.32438671E+02  0.00000000E+00  0.00000000E+00  0.00000000E+00  0.00000000E+00
  227   0.10301E+02  0.32468002E+02  0.32468002E+02  0.00000000E+00  0.00000000E+00  0.00000000E+00  0.00000000E+00
  228   0.10351E+02  0.32496751E+02  0.32496751E+02  0.00000000E+00  0.00000000E+00  0.00000000E+00  0.00000000E+00
  229   0.10401E+02  0.32524907E+02  0.32524907E+02  0.00000000E+00  0.00000000E+00  0.00000000E+00  0.00000000E+00
  230   0.10451E+02  0.32552455E+02  0.32552455E+02  0.00000000E+00  0.00000000E+00  0.00000000E+00  0.00000000E+00
  231   0.10501E+02  0.32579385E+02  0.32579385E+02  0.00000000E+00  0.00000000E+00  0.00000000E+00  0.00000000E+00
  232   0.10551E+02  0.32605685E+02  0.32605685E+02  0.00000000E+00  0.00000000E+00  0.00000000E+00  0.00000000E+00
  233   0.10601E+02  0.32631343E+02  0.32631343E+02  0.00000000E+00  0.00000000E+00  0.00000000E+00  0.00000000E+00
  234   0.10651E+02  0.32656348E+02  0.32656348E+02  0.00000000E+00  0.00000000E+00  0.00000000E+00  0.00000000E+00
  235   0.10701E+02  0.32680691E+02  0.32680691E+02  0.00000000E+00  0.00000000E+00  0.00000000E+00  0.00000000E+00
  236   0.10751E+02  0.32704361E+02  0.32704361E+02  0.00000000E+00  0.00000000E+00  0.00000000E+00  0.00000000E+00
  237   0.10801E+02  0.32727349E+02  0.32727349E+02  0.00000000E+00  0.00000000E+00  0.00000000E+00  0.00000000E+00
  238   0.10851E+02  0.32749645E+02  0.32749645E+02  0.00000000E+00  0.00000000E+00  0.00000000E+00  0.00000000E+00
  239   0.10901E+02  0.32771241E+02  0.32771241E+02  0.00000000E+00  0.00000000E+00  0.00000000E+00  0.00000000E+00
  240   0.10951E+02  0.32792128E+02  0.32792128E+02  0.00000000E+00  0.00000000E+00  0.00000000E+00  0.00000000E+00
  241   0.11001E+02  0.32812299E+02  0.32812299E+02  0.00000000E+00  0.00000000E+00  0.00000000E+00  0.00000000E+00
  242   0.11051E+02  0.32831745E+02  0.32831745E+02  0.00000000E+00  0.00000000E+00  0.00000000E+00  0.00000000E+00
  243   0.11101E+02  0.32850460E+02  0.32850460E+02  0.00000000E+00  0.00000000E+00  0.00000000E+00  0.00000000E+00
  244   0.11151E+02  0.32868438E+02  0.32868438E+02  0.00000000E+00  0.00000000E+00  0.00000000E+00  0.00000000E+00
  245   0.11201E+02  0.32885671E+02  0.32885671E+02  0.00000000E+00  0.00000000E+00  0.00000000E+00  0.00000000E+00
  246   0.11251E+02  0.32902154E+02  0.32902154E+02  0.00000000E+00  0.00000000E+00  0.00000000E+00  0.00000000E+00
  247   0.11301E+02  0.32917882E+02  0.32917882E+02  0.00000000E+00  0.00000000E+00  0.00000000E+00  0.00000000E+00
  248   0.11351E+02  0.32932848E+02  0.32932848E+02  0.00000000E+00  0.00000000E+00  0.00000000E+00  0.00000000E+00
  249   0.11401E+02  0.32947049E+02  0.32947049E+02  0.00000000E+00  0.00000000E+00  0.00000000E+00  0.00000000E+00
  250   0.11451E+02  0.32960481E+02  0.32960481E+02  0.00000000E+00  0.00000000E+00  0.00000000E+00  0.00000000E+00
  251   0.11501E+02  0.32973138E+02  0.32973138E+02  0.00000000E+00  0.00000000E+00  0.00000000E+00  0.00000000E+00
  252   0.11551E+02  0.32985018E+02  0.32985018E+02  0.00000000E+00  0.00000000E+00  0.00000000E+00  0.00000000E+00
  253   0.11601E+02  0.32996117E+02  0.32996117E+02  0.00000000E+00  0.00000000E+00  0.00000000E+00  0.00000000E+00
  254   0.11651E+02  0.33006432E+02  0.33006432E+02  0.00000000E+00  0.00000000E+00  0.00000000E+00  0.00000000E+00
  255   0.11701E+02  0.33015961E+02  0.33015961E+02  0.00000000E+00  0.00000000E+00  0.00000000E+00  0.00000000E+00
  256   0.11751E+02  0.33024702E+02  0.33024702E+02  0.00000000E+00  0.00000000E+00  0.00000000E+00  0.00000000E+00
  257   0.11801E+02  0.33032653E+02  0.33032653E+02  0.00000000E+00  0.00000000E+00  0.00000000E+00  0.00000000E+00
  258   0.11851E+02  0.33039812E+02  0.33039812E+02  0.00000000E+00  0.00000000E+00  0.00000000E+00  0.00000000E+00
  259   0.11901E+02  0.33046178E+02  0.33046178E+02  0.00000000E+00  0.00000000E+00  0.00000000E+00  0.00000000E+00
  260   0.11951E+02  0.33051750E+02  0.33051750E+02  0.00000000E+00  0.00000000E+00  0.00000000E+00  0.00000000E+00
  261   0.12001E+02  0.33056528E+02  0.33056528E+02  0.00000000E+00  0.00000000E+00  0.00000000E+00  0.00000000E+00
  262   0.12051E+02  0.33060512E+02  0.33060512E+02  0.00000000E+00  0.00000000E+00  0.00000000E+00  0.00000000E+00
  263   0.12101E+02  0.33063701E+02  0.33063701E+02  0.00000000E+00  0.00000000E+00  0.00000000E+00  0.00000000E+00
  264   0.12151E+02  0.33066097E+02  0.33066097E+02  0.00000000E+00  0.00000000E+00  0.00000000E+00  0.00000000E+00
  265   0.12201E+02  0.33067699E+02  0.33067699E+02  0.00000000E+00  0.00000000E+00  0.00000000E+00  0.00000000E+00
  266   0.12251E+02  0.33068509E+02  0.33068509E+02  0.00000000E+00  0.00000000E+00  0.00000000E+00  0.00000000E+00
  267   0.12301E+02  0.33068527E+02  0.33068527E+02  0.00000000E+00  0.00000000E+00  0.00000000E+00  0.00000000E+00
  268   0.12351E+02  0.33067757E+02  0.33067757E+02  0.00000000E+00  0.00000000E+00  0.00000000E+00  0.00000000E+00
  269   0.12401E+02  0.33066199E+02  0.33066199E+02  0.00000000E+00  0.00000000E+00  0.00000000E+00  0.00000000E+00
  270   0.12451E+02  0.33063855E+02  0.33063855E+02  0.00000000E+00  0.00000000E+00  0.00000000E+00  0.00000000E+00
  271   0.12501E+02  0.33060728E+02  0.33060728E+02  0.00000000E+00  0.00000000E+00  0.00000000E+00  0.00000000E+00
  272   0.12551E+02  0.33056820E+02  0.33056820E+02  0.00000000E+00  0.00000000E+00  0.00000000E+00  0.00000000E+00
  273   0.12601E+02  0.33052135E+02  0.33052135E+02  0.00000000E+00  0.00000000E+00  0.00000000E+00  0.00000000E+00
  274   0.12651E+02  0.33046675E+02  0.33046675E+02  0.00000000E+00  0.00000000E+00  0.00000000E+00  0.00000000E+00
  275   0.12701E+02  0.33040444E+02  0.33040444E+02  0.00000000E+00  0.00000000E+00  0.00000000E+00  0.00000000E+00
  276   0.12751E+02  0.33033444E+02  0.33033444E+02  0.00000000E+00  0.00000000E+00  0.00000000E+00  0.00000000E+00
  277   0.12801E+02  0.33025681E+02  0.33025681E+02  0.00000000E+00  0.00000000E+00  0.00000000E+00  0.00000000E+00
  278   0.12851E+02  0.33017158E+02  0.33017158E+02  0.00000000E+00  0.00000000E+00  0.00000000E+00  0.00000000E+00
  279   0.12901E+02  0.33007879E+02  0.33007879E+02  0.00000000E+00  0.00000000E+00  0.00000000E+00  0.00000000E+00
  280   0.12951E+02  0.32997848E+02  0.32997848E+02  0.00000000E+00  0.00000000E+00  0.00000000E+00  0.00000000E+00
  281   0.13001E+02  0.32987071E+02  0.32987071E+02  0.00000000E+00  0.00000000E+00  0.00000000E+00  0.00000000E+00
  282   0.13051E+02  0.32975551E+02  0.32975551E+02  0.00000000E+00  0.00000000E+00  0.00000000E+00  0.00000000E+00
  283   0.13101E+02  0.32963295E+02  0.32963295E+02  0.00000000E+00  0.00000000E+00  0.00000000E+00  0.00000000E+00
  284   0.13151E+02  0.32950306E+02  0.32950306E+02  0.00000000E+00  0.00000000E+00  0.00000000E+00  0.00000000E+00
  285   0.13201E+02  0.32936592E+02  0.32936592E+02  0.00000000E+00  0.00000000E+00  0.00000000E+00  0.00000000E+00
  286   0.13251E+02  0.32922156E+02  0.32922156E+02  0.00000000E+00  0.00000000E+00  0.00000000E+00  0.00000000E+00
  287   0.13301E+02  0.32907005E+02  0.32907005E+02  0.00000000E+00  0.00000000E+00  0.00000000E+00  0.00000000E+00
  288   0.13351E+02  0.32891144E+02  0.32891144E+02  0.00000000E+00  0.00000000E+00  0.00000000E+00  0.00000000E+00
  289   0.13401E+02  0.32874580E+02  0.32874580E+02  0.00000000E+00  0.00000000E+00  0.00000000E+00  0.00000000E+00
  290   0.13451E+02  0.32857319E+02  0.32857319E+02  0.00000000E+00  0.00000000E+00  0.00000000E+00  0.00000000E+00
  291   0.13501E+02  0.32839367E+02  0.32839367E+02  0.00000000E+00  0.00000000E+00  0.00000000E+00  0.00000000E+00
  292   0.13551E+02  0.32820731E+02  0.32820731E+02  0.00000000E+00  0.00000000E+00  0.00000000E+00  0.00000000E+00
  293   0.13601E+02  0.32801417E+02  0.32801417E+02  0.00000000E+00  0.00000000E+00  0.00000000E+00  0.00000000E+00
  294   0.13651E+02  0.32781432E+02  0.32781432E+02  0.00000000E+00  0.00000000E+00  0.00000000E+00  0.00000000E+00
  295   0.13701E+02  0.32760783E+02  0.32760783E+02  0.00000000E+00  0.00000000E+00  0.00000000E+00  0.00000000E+00
  296   0.13751E+02  0.32739477E+02  0.32739477E+02  0.00000000E+00  0.00000000E+00  0.00000000E+00  0.00000000E+00
  297   0.13801E+02  0.32717522E+02  0.32717522E+02  0.00000000E+00  0.00000000E+00  0.00000000E+00  0.00000000E+00
  298   0.13851E+02  0.32694923E+02  0.32694923E+02  0.00000000E+00  0.00000000E+00  0.00000000E+00  0.00000000E+00
  299   0.13901E+02  0.32671690E+02  0.32671690E+02  0.00000000E+00  0.00000000E+00  0.00000000E+00  0.00000000E+00
  300   0.13951E+02  0.32647829E+02  0.32647829E+02  0.00000000E+00  0.00000000E+00  0.00000000E+00  0.00000000E+00
  301   0.14001E+02  0.32623348E+02  0.32623348E+02  0.00000000E+00  0.00000000E+00  0.00000000E+00  0.00000000E+00
  302   0.14051E+02  0.32598255E+02  0.32598255E+02  0.00000000E+00  0.00000000E+00  0.00000000E+00  0.00000000E+00
  303   0.14101E+02  0.32572557E+02  0.32572557E+02  0.00000000E+00  0.00000000E+00  0.00000000E+00  0.00000000E+00
  304   0.14151E+02  0.32546263E+02  0.32546263E+02  0.00000000E+00  0.00000000E+00  0.00000000E+00  0.00000000E+00
  305   0.14201E+02  0.32519381E+02  0.32519381E+02  0.00000000E+00  0.00000000E+00  0.00000000E+00  0.00000000E+00
  306   0.14251E+02  0.32491918E+02  0.32491918E+02  0.00000000E+00  0.00000000E+00  0.00000000E+00  0.00000000E+00
  307   0.14301E+02  0.32463884E+02  0.32463884E+02  0.00000000E+00  0.00000000E+00  0.00000000E+00  0.00000000E+00
  308   0.14351E+02  0.32435285E+02  0.32435285E+02  0.00000000E+00  0.00000000E+00  0.00000000E+00  0.00000000E+00
  309   0.14401E+02  0.32406132E+02  0.32406132E+02  0.00000000E+00  0.00000000E+00  0.00000000E+00  0.00000000E+00
  310   0.14451E+02  0.32376431E+02  0.32376431E+02  0.00000000E+00  0.00000000E+00  0.00000000E+00  0.00000000E+00
  311   0.14501E+02  0.32346192E+02  0.32346192E+02  0.00000000E+00  0.00000000E+00  0.00000000E+00  0.00000000E+00
  312   0.14551E+02  0.32315423E+02  0.32315423E+02  0.00000000E+00  0.00000000E+00  0.00000000E+00  0.00000000E+00
  313   0.14601E+02  0.32284133E+02  0.32284133E+02  0.00000000E+00  0.00000000E+00  0.00000000E+00  0.00000000E+00
  314   0.14651E+02  0.32252331E+02  0.32252331E+02  0.00000000E+00  0.00000000E+00  0.00000000E+00  0.00000000E+00
  315   0.14701E+02  0.32220026E+02  0.32220026E+02  0.00000000E+00  0.00000000E+00  0.00000000E+00  0.00000000E+00
  316   0.14751E+02  0.32187225E+02  0.32187225E+02  0.00000000E+00  0.00000000E+00  0.00000000E+00  0.00000000E+00
  317   0.14801E+02  0.32153939E+02  0.32153939E+02  0.00000000E+00  0.00000000E+00  0.00000000E+00  0.00000000E+00
  318   0.14851E+02  0.32120175E+02  0.32120175E+02  0.00000000E+00  0.00000000E+00  0.00000000E+00  0.00000000E+00
  319   0.14901E+02  0.32085944E+02  0.32085944E+02  0.00000000E+00  0.00000000E+00  0.00000000E+00  0.00000000E+00
  320   0.14951E+02  0.32051254E+02  0.32051254E+02  0.00000000E+00  0.00000000E+00  0.00000000E+00  0.00000000E+00
  321   0.15001E+02  0.32016113E+02  0.32016113E+02  0.00000000E+00  0.00000000E+00  0.00000000E+00  0.00000000E+00
  322   0.15051E+02  0.31980532E+02  0.31980532E+02  0.00000000E+00  0.00000000E+00  0.00000000E+00  0.00000000E+00
  323   0.15101E+02  0.31944519E+02  0.31944519E+02  0.00000000E+00  0.00000000E+00  0.00000000E+00  0.00000000E+00
  324   0.15151E+02  0.31908084E+02  0.31908084E+02  0.00000000E+00  0.00000000E+00  0.00000000E+00  0.00000000E+00
  325   0.15201E+02  0.31871234E+02  0.31871234E+02  0.00000000E+00  0.00000000E+00  0.00000000E+00  0.00000000E+00
  326   0.15251E+02  0.31833980E+02  0.31833980E+02  0.00000000E+00  0.00000000E+00  0.00000000E+00  0.00000000E+00
  327   0.15301E+02  0.31796331E+02  0.31796331E+02  0.00000000E+00  0.00000000E+00  0.00000000E+00  0.00000000E+00
  328   0.15351E+02  0.31758295E+02  0.31758295E+02  0.00000000E+00  0.00000000E+00  0.00000000E+00  0.00000000E+00
  329   0.15401E+02  0.31719882E+02  0.31719882E+02  0.00000000E+00  0.00000000E+00  0.00000000E+00  0.00000000E+00
  330   0.15451E+02  0.31681101E+02  0.31681101E+02  0.00000000E+00  0.00000000E+00  0.00000000E+00  0.00000000E+00
  331   0.15501E+02  0.31641961E+02  0.31641961E+02  0.00000000E+00  0.00000000E+00  0.00000000E+00  0.00000000E+00
  332   0.15551E+02  0.31602471E+02  0.31602471E+02  0.00000000E+00  0.00000000E+00  0.00000000E+00  0.00000000E+00
  333   0.15601E+02  0.31562639E+02  0.31562639E+02  0.00000000E+00  0.00000000E+00  0.00000000E+00  0.00000000E+00
  334   0.15651E+02  0.31522476E+02  0.31522476E+02  0.00000000E+00  0.00000000E+00  0.00000000E+00  0.00000000E+00
  335   0.15701E+02  0.31481989E+02  0.31481989E+02  0.00000000E+00  0.00000000E+00  0.00000000E+00  0.00000000E+00
  336   0.15751E+02  0.31441188E+02  0.31441188E+02  0.00000000E+00  0.00000000E+00  0.00000000E+00  0.00000000E+00
  337   0.15801E+02  0.31400082E+02  0.31400082E+02  0.00000000E+00  0.00000000E+00  0.00000000E+00  0.00000000E+00
  338   0.15851E+02  0.31358679E+02  0.31358679E+02  0.00000000E+00  0.00000000E+00  0.00000000E+00  0.00000000E+00
  339   0.15901E+02  0.31316988E+02  0.31316988E+02  0.00000000E+00  0.00000000E+00  0.00000000E+00  0.00000000E+00
  340   0.15951E+02  0.31275018E+02  0.31275018E+02  0.00000000E+00  0.00000000E+00  0.00000000E+00  0.00000000E+00
  341   0.16001E+02  0.31232777E+02  0.31232777E+02  0.00000000E+00  0.00000000E+00  0.00000000E+00  0.00000000E+00
  342   0.16051E+02  0.31190274E+02  0.31190274E+02  0.00000000E+00  0.00000000E+00  0.00000000E+00  0.00000000E+00
  343   0.16101E+02  0.31147517E+02  0.31147517E+02  0.00000000E+00  0.00000000E+00  0.00000000E+00  0.00000000E+00
  344   0.16151E+02  0.31104514E+02  0.31104514E+02  0.00000000E+00  0.00000000E+00  0.00000000E+00  0.00000000E+00
  345   0.16201E+02  0.31061275E+02  0.31061275E+02  0.00000000E+00  0.00000000E+00  0.00000000E+00  0.00000000E+00
  346   0.16251E+02  0.31017806E+02  0.31017806E+02  0.00000000E+00  0.00000000E+00  0.00000000E+00  0.00000000E+00
  347   0.16301E+02  0.30974117E+02  0.30974117E+02  0.00000000E+00  0.00000000E+00  0.00000000E+00  0.00000000E+00
  348   0.16351E+02  0.30930214E+02  0.30930214E+02  0.00000000E+00  0.00000000E+00  0.00000000E+00  0.00000000E+00
  349   0.16401E+02  0.30886107E+02  0.30886107E+02  0.00000000E+00  0.00000000E+00  0.00000000E+00  0.00000000E+00
  350   0.16451E+02  0.30841802E+02  0.30841802E+02  0.00000000E+00  0.00000000E+00  0.00000000E+00  0.00000000E+00
  351   0.16501E+02  0.30797307E+02  0.30797307E+02  0.00000000E+00  0.00000000E+00  0.00000000E+00  0.00000000E+00
  352   0.16551E+02  0.30752629E+02  0.30752629E+02  0.00000000E+00  0.00000000E+00  0.00000000E+00  0.00000000E+00
  353   0.16601E+02  0.30707777E+02  0.30707777E+02  0.00000000E+00  0.00000000E+00  0.00000000E+00  0.00000000E+00
  354   0.16651E+02  0.30662756E+02  0.30662756E+02  0.00000000E+00  0.00000000E+00  0.00000000E+00  0.00000000E+00
  355   0.16701E+02  0.30617575E+02  0.30617575E+02  0.00000000E+00  0.00000000E+00  0.00000000E+00  0.00000000E+00
  356   0.16751E+02  0.30572241E+02  0.30572241E+02  0.00000000E+00  0.00000000E+00  0.00000000E+00  0.00000000E+00
  357   0.16801E+02  0.30526759E+02  0.30526759E+02  0.00000000E+00  0.00000000E+00  0.00000000E+00  0.00000000E+00
  358   0.16851E+02  0.30481137E+02  0.30481137E+02  0.00000000E+00  0.00000000E+00  0.00000000E+00  0.00000000E+00
  359   0.16901E+02  0.30435380E+02  0.30435380E+02  0.00000000E+00  0.00000000E+00  0.00000000E+00  0.00000000E+00
  360   0.16951E+02  0.30389497E+02  0.30389497E+02  0.00000000E+00  0.00000000E+00  0.00000000E+00  0.00000000E+00
  361   0.17001E+02  0.30343492E+02  0.30343492E+02  0.00000000E+00  0.00000000E+00  0.00000000E+00  0.00000000E+00
  362   0.17051E+02  0.30297371E+02  0.30297371E+02  0.00000000E+00  0.00000000E+00  0.00000000E+00  0.00000000E+00
  363   0.17101E+02  0.30251142E+02  0.30251142E+02  0.00000000E+00  0.00000000E+00  0.00000000E+00  0.00000000E+00
  364   0.17151E+02  0.30204808E+02  0.30204808E+02  0.00000000E+00  0.00000000E+00  0.00000000E+00  0.00000000E+00
  365   0.17201E+02  0.30158376E+02  0.30158376E+02  0.00000000E+00  0.00000000E+00  0.00000000E+00  0.00000000E+00
  366   0.17251E+02  0.30111851E+02  0.30111851E+02  0.00000000E+00  0.00000000E+00  0.00000000E+00  0.00000000E+00
  367   0.17301E+02  0.30065238E+02  0.30065238E+02  0.00000000E+00  0.00000000E+00  0.00000000E+00  0.00000000E+00
  368   0.17351E+02  0.30018542E+02  0.30018542E+02  0.00000000E+00  0.00000000E+00  0.00000000E+00  0.00000000E+00
  369   0.17401E+02  0.29971767E+02  0.29971767E+02  0.00000000E+00  0.00000000E+00  0.00000000E+00  0.00000000E+00
  370   0.17451E+02  0.29924919E+02  0.29924919E+02  0.00000000E+00  0.00000000E+00  0.00000000E+00  0.00000000E+00
  371   0.17501E+02  0.29878002E+02  0.29878002E+02  0.00000000E+00  0.00000000E+00  0.00000000E+00  0.00000000E+00
  372   0.17551E+02  0.29831020E+02  0.29831020E+02  0.00000000E+00  0.00000000E+00  0.00000000E+00  0.00000000E+00
  373   0.17601E+02  0.29783976E+02  0.29783976E+02  0.00000000E+00  0.00000000E+00  0.00000000E+00  0.00000000E+00
  374   0.17651E+02  0.29736875E+02  0.29736875E+02  0.00000000E+00  0.00000000E+00  0.00000000E+00  0.00000000E+00
  375   0.17701E+02  0.29689720E+02  0.29689720E+02  0.00000000E+00  0.00000000E+00  0.00000000E+00  0.00000000E+00
  376   0.17751E+02  0.29642515E+02  0.29642515E+02  0.00000000E+00  0.00000000E+00  0.00000000E+00  0.00000000E+00
  377   0.17801E+02  0.29595261E+02  0.29595261E+02  0.00000000E+00  0.00000000E+00  0.00000000E+00  0.00000000E+00
  378   0.17851E+02  0.29547963E+02  0.29547963E+02  0.00000000E+00  0.00000000E+00  0.00000000E+00  0.00000000E+00
  379   0.17901E+02  0.29500622E+02  0.29500622E+02  0.00000000E+00  0.00000000E+00  0.00000000E+00  0.00000000E+00
  380   0.17951E+02  0.29453240E+02  0.29453240E+02  0.00000000E+00  0.00000000E+00  0.00000000E+00  0.00000000E+00
  381   0.18001E+02  0.29405821E+02  0.29405821E+02  0.00000000E+00  0.00000000E+00  0.00000000E+00  0.00000000E+00
  382   0.18051E+02  0.29358365E+02  0.29358365E+02  0.00000000E+00  0.00000000E+00  0.00000000E+00  0.00000000E+00
  383   0.18101E+02  0.29310873E+02  0.29310873E+02  0.00000000E+00  0.00000000E+00  0.00000000E+00  0.00000000E+00
  384   0.18151E+02  0.29263347E+02  0.29263347E+02  0.00000000E+00  0.00000000E+00  0.00000000E+00  0.00000000E+00
  385   0.18201E+02  0.29215787E+02  0.29215787E+02  0.00000000E+00  0.00000000E+00  0.00000000E+00  0.00000000E+00
  386   0.18251E+02  0.29168193E+02  0.29168193E+02  0.00000000E+00  0.00000000E+00  0.00000000E+00  0.00000000E+00
  387   0.18301E+02  0.29120564E+02  0.29120564E+02  0.00000000E+00  0.00000000E+00  0.00000000E+00  0.00000000E+00
  388   0.18351E+02  0.29072900E+02  0.29072900E+02  0.00000000E+00  0.00000000E+00  0.00000000E+00  0.00000000E+00
  389   0.18401E+02  0.29025200E+02  0.29025200E+02  0.00000000E+00  0.00000000E+00  0.00000000E+00  0.00000000E+00
  390   0.18451E+02  0.28977459E+02  0.28977459E+02  0.00000000E+00  0.00000000E+00  0.00000000E+00  0.00000000E+00
  391   0.18501E+02  0.28929676E+02  0.28929676E+02  0.00000000E+00  0.00000000E+00  0.00000000E+00  0.00000000E+00
  392   0.18551E+02  0.28881846E+02  0.28881846E+02  0.00000000E+00  0.00000000E+00  0.00000000E+00  0.00000000E+00
  393   0.18601E+02  0.28833962E+02  0.28833962E+02  0.00000000E+00  0.00000000E+00  0.00000000E+00  0.00000000E+00
  394   0.18651E+02  0.28786018E+02  0.28786018E+02  0.00000000E+00  0.00000000E+00  0.00000000E+00  0.00000000E+00
  395   0.18701E+02  0.28738002E+02  0.28738002E+02  0.00000000E+00  0.00000000E+00  0.00000000E+00  0.00000000E+00
  396   0.18751E+02  0.28689900E+02  0.28689900E+02  0.00000000E+00  0.00000000E+00  0.00000000E+00  0.00000000E+00
  397   0.18801E+02  0.28641694E+02  0.28641694E+02  0.00000000E+00  0.00000000E+00  0.00000000E+00  0.00000000E+00
  398   0.18851E+02  0.28593353E+02  0.28593353E+02  0.00000000E+00  0.00000000E+00  0.00000000E+00  0.00000000E+00
  399   0.18901E+02  0.28544831E+02  0.28544831E+02  0.00000000E+00  0.00000000E+00  0.00000000E+00  0.00000000E+00
  400   0.18951E+02  0.28496029E+02  0.28496029E+02  0.00000000E+00  0.00000000E+00  0.00000000E+00  0.00000000E+00
  401   0.19001E+02  0.28446396E+02  0.28445309E+02  0.10870564E-02  0.00000000E+00  0.00000000E+00  0.00000000E+00
  402   0.19051E+02  0.28395762E+02  0.28388686E+02  0.70755949E-02  0.00000000E+00  0.00000000E+00  0.00000000E+00
  403   0.19101E+02  0.28344969E+02  0.28329589E+02  0.15379568E-01  0.00000000E+00  0.00000000E+00  0.00000000E+00
  404   0.19151E+02  0.28294182E+02  0.28269129E+02  0.25052754E-01  0.00000000E+00  0.00000000E+00  0.00000000E+00
  405   0.19201E+02  0.28243482E+02  0.28207865E+02  0.35617030E-01  0.00000000E+00  0.00000000E+00  0.00000000E+00
  406   0.19251E+02  0.28192915E+02  0.28146146E+02  0.46769184E-01  0.00000000E+00  0.00000000E+00  0.00000000E+00
  407   0.19301E+02  0.28142512E+02  0.28084214E+02  0.58298117E-01  0.00000000E+00  0.00000000E+00  0.00000000E+00
  408   0.19351E+02  0.28092291E+02  0.28022242E+02  0.70049267E-01  0.00000000E+00  0.00000000E+00  0.00000000E+00
  409   0.19401E+02  0.28042264E+02  0.27960358E+02  0.81905956E-01  0.00000000E+00  0.00000000E+00  0.00000000E+00
  410   0.19451E+02  0.27992438E+02  0.27898659E+02  0.93778359E-01  0.00000000E+00  0.00000000E+00  0.00000000E+00
  411   0.19501E+02  0.27942815E+02  0.27837219E+02  0.10559643E+00  0.00000000E+00  0.00000000E+00  0.00000000E+00
  412   0.19551E+02  0.27893396E+02  0.27776091E+02  0.11730506E+00  0.00000000E+00  0.00000000E+00  0.00000000E+00
  413   0.19601E+02  0.27844178E+02  0.27715317E+02  0.12886068E+00  0.00000000E+00  0.00000000E+00  0.00000000E+00
  414   0.19651E+02  0.27795155E+02  0.27654926E+02  0.14022867E+00  0.00000000E+00  0.00000000E+00  0.00000000E+00
  415   0.19701E+02  0.27746321E+02  0.27594940E+02  0.15138139E+00  0.00000000E+00  0.00000000E+00  0.00000000E+00
  416   0.19751E+02  0.27697667E+02  0.27535371E+02  0.16229659E+00  0.00000000E+00  0.00000000E+00  0.00000000E+00
  417   0.19801E+02  0.27649182E+02  0.27476226E+02  0.17295594E+00  0.00000000E+00  0.00000000E+00  0.00000000E+00
  418   0.19851E+02  0.27600850E+02  0.27417507E+02  0.18334350E+00  0.00000000E+00  0.00000000E+00  0.00000000E+00
  419   0.19901E+02  0.27552650E+02  0.27359206E+02  0.19344325E+00  0.00000000E+00  0.00000000E+00  0.00000000E+00
  420   0.19951E+02  0.27504531E+02  0.27301302E+02  0.20322934E+00  0.00000000E+00  0.00000000E+00  0.00000000E+00


 *** Task has been successfully completed ***
