+-------------------------------------------------------------------------+
|              _              |                                           |
| || || ||//  | \          |  | University College London (C) 1994 - 2020 |
| || || ||    | / |/\/\ /\ |  | Open University           (C) 2007 - 2020 |
| \\_// ||\\  | \ | | | \/ |  |                                           |
|                             |                                           |
+-------------------------------------------------------------------------+
| Last revision: unknown                                                  |
| Last author:   unknown                                                  |
| Last date:     unknown                                                  |
+-------------------------------------------------------------------------+
MPI startup(): PMI server not found. Please set I_MPI_PMI_LIBRARY variable if it is not a singleton case.


 Program EIGENP

e + H2O - doublet Ap                                        20230416  144757.497


 K-matrix input, set  1 on unit920

 Symmetry data  MGVN = 0   STOT = 2   GUTOT = 2

 K-matrices are vibrationally resolved

 Number of target states       =   5
 Number of scattering channels =  65

 Input Energy grid (Ryd) 
 Number of points        20       400
 Initial values     0.00001   0.00007
 Increments         0.00004   0.00367

 Target and channel data is read from set  1 on unit 10

 Target state    Spin    M    G/U  Energy (au)
         1         1     0     0  -76.110287
         2         3     1     0  -75.412713
         3         1     1     0  -75.376964
         4         3     0     0  -75.328362
         5         1     0     0  -75.195549

 Channel   Vibronic level   L   M  Threshold (Ryd)
    1              1        0   0    0.000000
    2              1        1  -1    0.000000
    3              1        1   0    0.000000
    4              1        2  -1    0.000000
    5              1        2   0    0.000000
    6              1        2   2    0.000000
    7              1        3  -3    0.000000
    8              1        3  -1    0.000000
    9              1        3   0    0.000000
   10              1        3   2    0.000000
   11              1        4  -3    0.000000
   12              1        4  -1    0.000000
   13              1        4   0    0.000000
   14              1        4   2    0.000000
   15              1        4   4    0.000000
   16              2        1   1    1.395149
   17              2        2  -2    1.395149
   18              2        2   1    1.395149
   19              2        3  -2    1.395149
   20              2        3   1    1.395149
   21              2        3   3    1.395149
   22              2        4  -4    1.395149
   23              2        4  -2    1.395149
   24              2        4   1    1.395149
   25              2        4   3    1.395149
   26              3        1   1    1.466647
   27              3        2  -2    1.466647
   28              3        2   1    1.466647
   29              3        3  -2    1.466647
   30              3        3   1    1.466647
   31              3        3   3    1.466647
   32              3        4  -4    1.466647
   33              3        4  -2    1.466647
   34              3        4   1    1.466647
   35              3        4   3    1.466647
   36              4        0   0    1.563851
   37              4        1  -1    1.563851
   38              4        1   0    1.563851
   39              4        2  -1    1.563851
   40              4        2   0    1.563851
   41              4        2   2    1.563851
   42              4        3  -3    1.563851
   43              4        3  -1    1.563851
   44              4        3   0    1.563851
   45              4        3   2    1.563851
   46              4        4  -3    1.563851
   47              4        4  -1    1.563851
   48              4        4   0    1.563851
   49              4        4   2    1.563851
   50              4        4   4    1.563851
   51              5        0   0    1.829477
   52              5        1  -1    1.829477
   53              5        1   0    1.829477
   54              5        2  -1    1.829477
   55              5        2   0    1.829477
   56              5        2   2    1.829477
   57              5        3  -3    1.829477
   58              5        3  -1    1.829477
   59              5        3   0    1.829477
   60              5        3   2    1.829477
   61              5        4  -3    1.829477
   62              5        4  -1    1.829477
   63              5        4   0    1.829477
   64              5        4   2    1.829477
   65              5        4   4    1.829477

 Eigenphases will be computed for 420 energies in the K-matrix file from  0.0001 to 19.9510 EV 


 e + H2O - doublet Ap                                        20230416  144757.497

                              TABLE OF EIGENPHASES

    I   E(EV )       EIGENPHASE SUM  CHANNEL :
    1   0.15000E-03  0.16779137E+00
    2   0.65000E-03  0.62770008E+00
    3   0.11500E-02  0.59278608E+00
    4   0.16500E-02  0.57228027E+00
    5   0.21500E-02  0.55700560E+00
    6   0.26500E-02  0.54469847E+00
    7   0.31500E-02  0.53434495E+00
    8   0.36500E-02  0.52539666E+00
    9   0.41500E-02  0.51750731E+00
   10   0.46500E-02  0.51044277E+00
   11   0.51500E-02  0.50404098E+00
   12   0.56500E-02  0.49818304E+00
   13   0.61500E-02  0.49277965E+00
   14   0.66500E-02  0.48776182E+00
   15   0.71500E-02  0.48307540E+00
   16   0.76500E-02  0.47867649E+00
   17   0.81500E-02  0.47453060E+00
   18   0.86500E-02  0.47060802E+00
   19   0.91500E-02  0.46688444E+00
   20   0.96500E-02  0.46333982E+00
   21   0.10000E-02  0.60084754E+00
   22   0.51000E-01  0.33995370E+00
   23   0.10100E+00  0.27894746E+00
   24   0.15100E+00  0.23828976E+00
   25   0.20100E+00  0.20634937E+00
   26   0.25100E+00  0.17929287E+00
   27   0.30100E+00  0.15536345E+00
   28   0.35100E+00  0.13360702E+00
   29   0.40100E+00  0.11344776E+00
   30   0.45100E+00  0.94512097E-01
   31   0.50100E+00  0.76544665E-01
   32   0.55100E+00  0.59363866E-01
   33   0.60100E+00  0.42836578E-01
   34   0.65100E+00  0.26862850E-01
   35   0.70100E+00  0.11366200E-01
   36   0.75100E+00 -0.37127917E-02
   37   0.80100E+00 -0.18420857E-01
   38   0.85100E+00 -0.32795115E-01
   39   0.90100E+00 -0.46865280E-01
   40   0.95100E+00 -0.60655300E-01
   41   0.10010E+01 -0.74184572E-01
   42   0.10510E+01 -0.87468882E-01
   43   0.11010E+01 -0.10052113E+00
   44   0.11510E+01 -0.11335188E+00
   45   0.12010E+01 -0.12596984E+00
   46   0.12510E+01 -0.13838221E+00
   47   0.13010E+01 -0.15059496E+00
   48   0.13510E+01 -0.16261309E+00
   49   0.14010E+01 -0.17444080E+00
   50   0.14510E+01 -0.18608168E+00
   51   0.15010E+01 -0.19753882E+00
   52   0.15510E+01 -0.20881493E+00
   53   0.16010E+01 -0.21991241E+00
   54   0.16510E+01 -0.23083343E+00
   55   0.17010E+01 -0.24158004E+00
   56   0.17510E+01 -0.25215414E+00
   57   0.18010E+01 -0.26255756E+00
   58   0.18510E+01 -0.27279210E+00
   59   0.19010E+01 -0.28285955E+00
   60   0.19510E+01 -0.29276170E+00
   61   0.20010E+01 -0.30250036E+00
   62   0.20510E+01 -0.31207738E+00
   63   0.21010E+01 -0.32149462E+00
   64   0.21510E+01 -0.33075403E+00
   65   0.22010E+01 -0.33985757E+00
   66   0.22510E+01 -0.34880726E+00
   67   0.23010E+01 -0.35760515E+00
   68   0.23510E+01 -0.36625335E+00
   69   0.24010E+01 -0.37475399E+00
   70   0.24510E+01 -0.38310924E+00
   71   0.25010E+01 -0.39132128E+00
   72   0.25510E+01 -0.39939232E+00
   73   0.26010E+01 -0.40732457E+00
   74   0.26510E+01 -0.41512026E+00
   75   0.27010E+01 -0.42278158E+00
   76   0.27510E+01 -0.43031074E+00
   77   0.28010E+01 -0.43770992E+00
   78   0.28510E+01 -0.44498127E+00
   79   0.29010E+01 -0.45212690E+00
   80   0.29510E+01 -0.45914889E+00
   81   0.30010E+01 -0.46604925E+00
   82   0.30510E+01 -0.47282998E+00
   83   0.31010E+01 -0.47949297E+00
   84   0.31510E+01 -0.48604009E+00
   85   0.32010E+01 -0.49247309E+00
   86   0.32510E+01 -0.49879371E+00
   87   0.33010E+01 -0.50500355E+00
   88   0.33510E+01 -0.51110418E+00
   89   0.34010E+01 -0.51709705E+00
   90   0.34510E+01 -0.52298356E+00
   91   0.35010E+01 -0.52876499E+00
   92   0.35510E+01 -0.53444255E+00
   93   0.36010E+01 -0.54001737E+00
   94   0.36510E+01 -0.54549046E+00
   95   0.37010E+01 -0.55086277E+00
   96   0.37510E+01 -0.55613515E+00
   97   0.38010E+01 -0.56130836E+00
   98   0.38510E+01 -0.56638309E+00
   99   0.39010E+01 -0.57135992E+00
  100   0.39510E+01 -0.57623936E+00
  101   0.40010E+01 -0.58102186E+00
  102   0.40510E+01 -0.58570774E+00
  103   0.41010E+01 -0.59029731E+00
  104   0.41510E+01 -0.59479076E+00
  105   0.42010E+01 -0.59918822E+00
  106   0.42510E+01 -0.60348977E+00
  107   0.43010E+01 -0.60769543E+00
  108   0.43510E+01 -0.61180514E+00
  109   0.44010E+01 -0.61581880E+00
  110   0.44510E+01 -0.61973628E+00
  111   0.45010E+01 -0.62355736E+00
  112   0.45510E+01 -0.62728182E+00
  113   0.46010E+01 -0.63090940E+00
  114   0.46510E+01 -0.63443978E+00
  115   0.47010E+01 -0.63787263E+00
  116   0.47510E+01 -0.64120762E+00
  117   0.48010E+01 -0.64444436E+00
  118   0.48510E+01 -0.64758248E+00
  119   0.49010E+01 -0.65062158E+00
  120   0.49510E+01 -0.65356127E+00
  121   0.50010E+01 -0.65640115E+00
  122   0.50510E+01 -0.65914083E+00
  123   0.51010E+01 -0.66177993E+00
  124   0.51510E+01 -0.66431807E+00
  125   0.52010E+01 -0.66675491E+00
  126   0.52510E+01 -0.66909011E+00
  127   0.53010E+01 -0.67132336E+00
  128   0.53510E+01 -0.67345438E+00
  129   0.54010E+01 -0.67548293E+00
  130   0.54510E+01 -0.67740878E+00
  131   0.55010E+01 -0.67923178E+00
  132   0.55510E+01 -0.68095177E+00
  133   0.56010E+01 -0.68256868E+00
  134   0.56510E+01 -0.68408246E+00
  135   0.57010E+01 -0.68549312E+00
  136   0.57510E+01 -0.68680072E+00
  137   0.58010E+01 -0.68800538E+00
  138   0.58510E+01 -0.68910725E+00
  139   0.59010E+01 -0.69010658E+00
  140   0.59510E+01 -0.69100364E+00
  141   0.60010E+01 -0.69179878E+00
  142   0.60510E+01 -0.69249242E+00
  143   0.61010E+01 -0.69308502E+00
  144   0.61510E+01 -0.69357712E+00
  145   0.62010E+01 -0.69396931E+00
  146   0.62510E+01 -0.69426226E+00
  147   0.63010E+01 -0.69445669E+00
  148   0.63510E+01 -0.69455340E+00
  149   0.64010E+01 -0.69455324E+00
  150   0.64510E+01 -0.69445712E+00
  151   0.65010E+01 -0.69426603E+00
  152   0.65510E+01 -0.69398101E+00
  153   0.66010E+01 -0.69360316E+00
  154   0.66510E+01 -0.69313364E+00
  155   0.67010E+01 -0.69257367E+00
  156   0.67510E+01 -0.69192454E+00
  157   0.68010E+01 -0.69118757E+00
  158   0.68510E+01 -0.69036414E+00
  159   0.69010E+01 -0.68945571E+00
  160   0.69510E+01 -0.68846374E+00
  161   0.70010E+01 -0.68738978E+00
  162   0.70510E+01 -0.68623540E+00
  163   0.71010E+01 -0.68500222E+00
  164   0.71510E+01 -0.68369191E+00
  165   0.72010E+01 -0.68230615E+00
  166   0.72510E+01 -0.68084669E+00
  167   0.73010E+01 -0.67931528E+00
  168   0.73510E+01 -0.67771372E+00
  169   0.74010E+01 -0.67604383E+00
  170   0.74510E+01 -0.67430744E+00
  171   0.75010E+01 -0.67250643E+00
  172   0.75510E+01 -0.67064267E+00
  173   0.76010E+01 -0.66871804E+00
  174   0.76510E+01 -0.66673447E+00
  175   0.77010E+01 -0.66469386E+00
  176   0.77510E+01 -0.66259813E+00
  177   0.78010E+01 -0.66044920E+00
  178   0.78510E+01 -0.65824898E+00
  179   0.79010E+01 -0.65599940E+00
  180   0.79510E+01 -0.65370237E+00
  181   0.80010E+01 -0.65135977E+00
  182   0.80510E+01 -0.64897349E+00
  183   0.81010E+01 -0.64654541E+00
  184   0.81510E+01 -0.64407737E+00
  185   0.82010E+01 -0.64157121E+00
  186   0.82510E+01 -0.63902872E+00
  187   0.83010E+01 -0.63645169E+00
  188   0.83510E+01 -0.63384186E+00
  189   0.84010E+01 -0.63120095E+00
  190   0.84510E+01 -0.62853064E+00
  191   0.85010E+01 -0.62583258E+00
  192   0.85510E+01 -0.62310837E+00
  193   0.86010E+01 -0.62035958E+00
  194   0.86510E+01 -0.61758773E+00
  195   0.87010E+01 -0.61479429E+00
  196   0.87510E+01 -0.61198069E+00
  197   0.88010E+01 -0.60914831E+00
  198   0.88510E+01 -0.60629849E+00
  199   0.89010E+01 -0.60343249E+00
  200   0.89510E+01 -0.60055153E+00
  201   0.90010E+01 -0.59765680E+00
  202   0.90510E+01 -0.59474939E+00
  203   0.91010E+01 -0.59183036E+00
  204   0.91510E+01 -0.58890070E+00
  205   0.92010E+01 -0.58596136E+00
  206   0.92510E+01 -0.58301320E+00
  207   0.93010E+01 -0.58005705E+00
  208   0.93510E+01 -0.57709366E+00
  209   0.94010E+01 -0.57412371E+00
  210   0.94510E+01 -0.57114784E+00
  211   0.95010E+01 -0.56816663E+00
  212   0.95510E+01 -0.56518058E+00
  213   0.96010E+01 -0.56219013E+00
  214   0.96510E+01 -0.55919567E+00
  215   0.97010E+01 -0.55619753E+00
  216   0.97510E+01 -0.55319598E+00
  217   0.98010E+01 -0.55019121E+00
  218   0.98510E+01 -0.54718338E+00
  219   0.99010E+01 -0.54417257E+00
  220   0.99510E+01 -0.54115882E+00
  221   0.10001E+02 -0.53814211E+00
  222   0.10051E+02 -0.53512236E+00
  223   0.10101E+02 -0.53209945E+00
  224   0.10151E+02 -0.52907319E+00
  225   0.10201E+02 -0.52604335E+00
  226   0.10251E+02 -0.52300967E+00
  227   0.10301E+02 -0.51997181E+00
  228   0.10351E+02 -0.51692942E+00
  229   0.10401E+02 -0.51388208E+00
  230   0.10451E+02 -0.51082936E+00
  231   0.10501E+02 -0.50777076E+00
  232   0.10551E+02 -0.50470577E+00
  233   0.10601E+02 -0.50163384E+00
  234   0.10651E+02 -0.49855439E+00
  235   0.10701E+02 -0.49546680E+00
  236   0.10751E+02 -0.49237045E+00
  237   0.10801E+02 -0.48926467E+00
  238   0.10851E+02 -0.48614880E+00
  239   0.10901E+02 -0.48302213E+00
  240   0.10951E+02 -0.47988397E+00
  241   0.11001E+02 -0.47673359E+00
  242   0.11051E+02 -0.47357026E+00
  243   0.11101E+02 -0.47039325E+00
  244   0.11151E+02 -0.46720182E+00
  245   0.11201E+02 -0.46399524E+00
  246   0.11251E+02 -0.46077277E+00
  247   0.11301E+02 -0.45753368E+00
  248   0.11351E+02 -0.45427724E+00
  249   0.11401E+02 -0.45100276E+00
  250   0.11451E+02 -0.44770952E+00
  251   0.11501E+02 -0.44439684E+00
  252   0.11551E+02 -0.44106407E+00
  253   0.11601E+02 -0.43771056E+00
  254   0.11651E+02 -0.43433570E+00
  255   0.11701E+02 -0.43093888E+00
  256   0.11751E+02 -0.42751956E+00
  257   0.11801E+02 -0.42407719E+00
  258   0.11851E+02 -0.42061127E+00
  259   0.11901E+02 -0.41712135E+00
  260   0.11951E+02 -0.41360700E+00
  261   0.12001E+02 -0.41006783E+00
  262   0.12051E+02 -0.40650351E+00
  263   0.12101E+02 -0.40291371E+00
  264   0.12151E+02 -0.39929821E+00
  265   0.12201E+02 -0.39565677E+00
  266   0.12251E+02 -0.39198925E+00
  267   0.12301E+02 -0.38829553E+00
  268   0.12351E+02 -0.38457556E+00
  269   0.12401E+02 -0.38082932E+00
  270   0.12451E+02 -0.37705687E+00
  271   0.12501E+02 -0.37325830E+00
  272   0.12551E+02 -0.36943377E+00
  273   0.12601E+02 -0.36558350E+00
  274   0.12651E+02 -0.36170775E+00
  275   0.12701E+02 -0.35780684E+00
  276   0.12751E+02 -0.35388117E+00
  277   0.12801E+02 -0.34993117E+00
  278   0.12851E+02 -0.34595735E+00
  279   0.12901E+02 -0.34196026E+00
  280   0.12951E+02 -0.33794052E+00
  281   0.13001E+02 -0.33389881E+00
  282   0.13051E+02 -0.32983585E+00
  283   0.13101E+02 -0.32575243E+00
  284   0.13151E+02 -0.32164941E+00
  285   0.13201E+02 -0.31752768E+00
  286   0.13251E+02 -0.31338821E+00
  287   0.13301E+02 -0.30923200E+00
  288   0.13351E+02 -0.30506013E+00
  289   0.13401E+02 -0.30087371E+00
  290   0.13451E+02 -0.29667392E+00
  291   0.13501E+02 -0.29246198E+00
  292   0.13551E+02 -0.28823916E+00
  293   0.13601E+02 -0.28400678E+00
  294   0.13651E+02 -0.27976622E+00
  295   0.13701E+02 -0.27551888E+00
  296   0.13751E+02 -0.27126622E+00
  297   0.13801E+02 -0.26700975E+00
  298   0.13851E+02 -0.26275099E+00
  299   0.13901E+02 -0.25849154E+00
  300   0.13951E+02 -0.25423300E+00
  301   0.14001E+02 -0.24997702E+00
  302   0.14051E+02 -0.24572530E+00
  303   0.14101E+02 -0.24147955E+00
  304   0.14151E+02 -0.23724151E+00
  305   0.14201E+02 -0.23301296E+00
  306   0.14251E+02 -0.22879569E+00
  307   0.14301E+02 -0.22459153E+00
  308   0.14351E+02 -0.22040231E+00
  309   0.14401E+02 -0.21622991E+00
  310   0.14451E+02 -0.21207620E+00
  311   0.14501E+02 -0.20794307E+00
  312   0.14551E+02 -0.20383243E+00
  313   0.14601E+02 -0.19974620E+00
  314   0.14651E+02 -0.19568629E+00
  315   0.14701E+02 -0.19165465E+00
  316   0.14751E+02 -0.18765320E+00
  317   0.14801E+02 -0.18368389E+00
  318   0.14851E+02 -0.17974863E+00
  319   0.14901E+02 -0.17584937E+00
  320   0.14951E+02 -0.17198804E+00
  321   0.15001E+02 -0.16816654E+00
  322   0.15051E+02 -0.16438678E+00
  323   0.15101E+02 -0.16065067E+00
  324   0.15151E+02 -0.15696008E+00
  325   0.15201E+02 -0.15331687E+00
  326   0.15251E+02 -0.14972290E+00
  327   0.15301E+02 -0.14617997E+00
  328   0.15351E+02 -0.14268991E+00
  329   0.15401E+02 -0.13925447E+00
  330   0.15451E+02 -0.13587541E+00
  331   0.15501E+02 -0.13255443E+00
  332   0.15551E+02 -0.12929324E+00
  333   0.15601E+02 -0.12609347E+00
  334   0.15651E+02 -0.12295673E+00
  335   0.15701E+02 -0.11988462E+00
  336   0.15751E+02 -0.11687865E+00
  337   0.15801E+02 -0.11394032E+00
  338   0.15851E+02 -0.11107109E+00
  339   0.15901E+02 -0.10827234E+00
  340   0.15951E+02 -0.10554543E+00
  341   0.16001E+02 -0.10289167E+00
  342   0.16051E+02 -0.10031231E+00
  343   0.16101E+02 -0.97808528E-01
  344   0.16151E+02 -0.95381481E-01
  345   0.16201E+02 -0.93032244E-01
  346   0.16251E+02 -0.90761841E-01
  347   0.16301E+02 -0.88571232E-01
  348   0.16351E+02 -0.86461315E-01
  349   0.16401E+02 -0.84432922E-01
  350   0.16451E+02 -0.82486820E-01
  351   0.16501E+02 -0.80623707E-01
  352   0.16551E+02 -0.78844212E-01
  353   0.16601E+02 -0.77148891E-01
  354   0.16651E+02 -0.75538229E-01
  355   0.16701E+02 -0.74012636E-01
  356   0.16751E+02 -0.72572447E-01
  357   0.16801E+02 -0.71217916E-01
  358   0.16851E+02 -0.69949224E-01
  359   0.16901E+02 -0.68766467E-01
  360   0.16951E+02 -0.67669660E-01
  361   0.17001E+02 -0.66658738E-01
  362   0.17051E+02 -0.65733547E-01
  363   0.17101E+02 -0.64893851E-01
  364   0.17151E+02 -0.64139323E-01
  365   0.17201E+02 -0.63469550E-01
  366   0.17251E+02 -0.62884027E-01
  367   0.17301E+02 -0.62382157E-01
  368   0.17351E+02 -0.61963249E-01
  369   0.17401E+02 -0.61626516E-01
  370   0.17451E+02 -0.61371076E-01
  371   0.17501E+02 -0.61195943E-01
  372   0.17551E+02 -0.61100033E-01
  373   0.17601E+02 -0.61082156E-01
  374   0.17651E+02 -0.61141013E-01
  375   0.17701E+02 -0.61275198E-01
  376   0.17751E+02 -0.61483187E-01
  377   0.17801E+02 -0.61763339E-01
  378   0.17851E+02 -0.62113890E-01
  379   0.17901E+02 -0.62532946E-01
  380   0.17951E+02 -0.63018476E-01
  381   0.18001E+02 -0.63568308E-01
  382   0.18051E+02 -0.64180110E-01
  383   0.18101E+02 -0.64851390E-01
  384   0.18151E+02 -0.65579472E-01
  385   0.18201E+02 -0.66361480E-01
  386   0.18251E+02 -0.67194321E-01
  387   0.18301E+02 -0.68074647E-01
  388   0.18351E+02 -0.68998827E-01
  389   0.18401E+02 -0.69962893E-01
  390   0.18451E+02 -0.70962480E-01
  391   0.18501E+02 -0.71992738E-01
  392   0.18551E+02 -0.73048211E-01
  393   0.18601E+02 -0.74122668E-01
  394   0.18651E+02 -0.75208846E-01
  395   0.18701E+02 -0.76298053E-01
  396   0.18751E+02 -0.77379511E-01
  397   0.18801E+02 -0.78439190E-01
  398   0.18851E+02 -0.79457457E-01
  399   0.18901E+02 -0.80403453E-01
  400   0.18951E+02 -0.81216015E-01
  401   0.19001E+02 -0.75608994E-01
  402   0.19051E+02 -0.75116050E-01
  403   0.19101E+02 -0.76632755E-01
  404   0.19151E+02 -0.79267160E-01
  405   0.19201E+02 -0.82710429E-01
  406   0.19251E+02 -0.86792810E-01
  407   0.19301E+02 -0.91402522E-01
  408   0.19351E+02 -0.96458246E-01
  409   0.19401E+02 -0.10189692E+00
  410   0.19451E+02 -0.10766739E+00
  411   0.19501E+02 -0.11372674E+00
  412   0.19551E+02 -0.12003795E+00
  413   0.19601E+02 -0.12656839E+00
  414   0.19651E+02 -0.13328869E+00
  415   0.19701E+02 -0.14017187E+00
  416   0.19751E+02 -0.14719260E+00
  417   0.19801E+02 -0.15432640E+00
  418   0.19851E+02 -0.16154843E+00
  419   0.19901E+02 -0.16883077E+00
  420   0.19951E+02 -0.17612898E+00

 *** Task successfully completed ***
