6  1   137  2  15   119  0   0.000000000000D+00  0.277301613657D-03  0.277301613657D-03
8  1 H   1    1.0078        0.0000000000        0.0000000000       -0.7005214769
8  2 H   1    1.0078        0.0000000000        0.0000000000        0.7005214769
5  1  0  0  0  1  0  0 -0.116947614404D+01  State No.   1 Singlet     AG        
5  2  0  0  4  1  0  0 -0.659814188643D+00  State No.   2 Singlet     B1U       
5  3  0  0  2  1  0  0 -0.601604572750D+00  State No.   3 Singlet     B2U       
5  4  0  0  1  1  0  0 -0.601604572750D+00  State No.   4 Singlet     B3U       
5  5  0  0  0  1  0  0 -0.588994584613D+00  State No.   5 Singlet     AG        
5  6  0  0  0  1  0  0 -0.444261701392D+00  State No.   6 Singlet     AG        
5  7  0  0  6  1  0  0 -0.434962298840D+00  State No.   7 Singlet     B3G       
5  8  0  0  5  1  0  0 -0.434962298840D+00  State No.   8 Singlet     B2G       
5  9  0  0  0  1  0  0 -0.427911664840D+00  State No.   9 Singlet     AG        
5 10  0  0  3  1  0  0 -0.427911664840D+00  State No.  10 Singlet     B1G       
5 11  0  0  4  1  0  0 -0.274412366094D+00  State No.  11 Singlet     B1U       
5 12  0  0  0  1  0  0 -0.928068498915D-01  State No.  12 Singlet     AG        
5 13  0  0  2  1  0  0 -0.737065322627D-01  State No.  13 Singlet     B2U       
5 14  0  0  1  1  0  0 -0.737065322627D-01  State No.  14 Singlet     B3U       
5 15  0  0  0  1  0  0 -0.310178827384D-01  State No.  15 Singlet     AG        
1  1  0  1  0  3  2  0 -0.447094706985D+00
1  5  0  1  0  3  2  0  0.138943859369D+00
1  5  0  5  0  3  2  0  0.539914302876D-01
1  6  0  1  0  3  2  0  0.231576652708D+01
1  6  0  5  0  3  2  0  0.725397073682D+01
1  6  0  6  0  3  2  0  0.348651624292D+01
1  9  0  1  0  3  2  2 -0.202664649789D+01
1  9  0  5  0  3  2  2 -0.685887209616D+01
1  9  0  6  0  3  2  2  0.470156307218D+01
1  9  0  9  0  3  2  0 -0.535980999851D+01
1 12  0  1  0  3  2  0  0.258578613161D+00
1 12  0  5  0  3  2  0 -0.166885394343D+01
1 12  0  6  0  3  2  0 -0.153133416032D+01
1 12  0  9  0  3  2  2  0.108407854947D+00
1 12  0 12  0  3  2  0  0.517574849961D+01
1 15  0  1  0  3  2  0 -0.671888223208D-02
1 15  0  5  0  3  2  0  0.382777351921D+00
1 15  0  6  0  3  2  0 -0.263392124013D+01
1 15  0  9  0  3  2  2  0.329945867725D+01
1 15  0 12  0  3  2  0  0.171006458653D+00
1 15  0 15  0  3  2  0 -0.112421990722D+01
1  4  1  1  0  3  1  1 -0.106406726493D+01
1  4  1  5  0  3  1  1 -0.160023460079D+01
1  4  1  6  0  3  1  1  0.902995317872D+00
1  4  1  9  0  3  1  1  0.143763053663D+01
1  4  1 12  0  3  1  1 -0.105918921677D+00
1  4  1 15  0  3  1  1 -0.531748508953D-01
1 14  1  1  0  3  1  1  0.492907115502D+00
1 14  1  5  0  3  1  1 -0.134856489557D+01
1 14  1  6  0  3  1  1  0.511912483411D+00
1 14  1  9  0  3  1  1  0.922585980537D+00
1 14  1 12  0  3  1  1  0.153019651969D+00
1 14  1 15  0  3  1  1  0.108138208186D+01
1  4  1  4  1  3  2  0 -0.285742829507D+01
1  4  1  4  1  3  2  2  0.374450776705D+01
1 14  1  4  1  3  2  0 -0.119959322291D+01
1 14  1  4  1  3  2  2  0.202813390200D+01
1 14  1 14  1  3  2  0 -0.272284585790D+01
1 14  1 14  1  3  2  2  0.355319421642D+01
1  3  2  1  0  3  1 -1  0.106406726493D+01
1  3  2  5  0  3  1 -1  0.160023460079D+01
1  3  2  6  0  3  1 -1 -0.902995317872D+00
1  3  2  9  0  3  1 -1  0.143763053663D+01
1  3  2 12  0  3  1 -1  0.105918921677D+00
1  3  2 15  0  3  1 -1  0.531748508953D-01
1 13  2  1  0  3  1 -1 -0.492907115502D+00
1 13  2  5  0  3  1 -1  0.134856489557D+01
1 13  2  6  0  3  1 -1 -0.511912483411D+00
1 13  2  9  0  3  1 -1  0.922585980537D+00
1 13  2 12  0  3  1 -1 -0.153019651969D+00
1 13  2 15  0  3  1 -1 -0.108138208186D+01
1  3  2  4  1  3  2 -2 -0.374450776705D+01
1  3  2 14  1  3  2 -2 -0.202813390200D+01
1 13  2  4  1  3  2 -2 -0.202813390200D+01
1 13  2 14  1  3  2 -2 -0.355319421642D+01
1  3  2  3  2  3  2  0 -0.285742829507D+01
1  3  2  3  2  3  2  2 -0.374450776705D+01
1 13  2  3  2  3  2  0 -0.119959322291D+01
1 13  2  3  2  3  2  2 -0.202813390200D+01
1 13  2 13  2  3  2  0 -0.272284585790D+01
1 13  2 13  2  3  2  2 -0.355319421642D+01
1 10  3  1  0  3  2 -2 -0.202664649789D+01
1 10  3  5  0  3  2 -2 -0.685887209616D+01
1 10  3  6  0  3  2 -2  0.470156307218D+01
1 10  3 12  0  3  2 -2  0.108407854947D+00
1 10  3 15  0  3  2 -2  0.329945867725D+01
1 10  3  4  1  3  1 -1  0.143763053663D+01
1 10  3 14  1  3  1 -1  0.922585980537D+00
1 10  3  3  2  3  1  1 -0.143763053663D+01
1 10  3 13  2  3  1  1 -0.922585980537D+00
1 10  3 10  3  3  2  0 -0.535980999851D+01
1  2  4  1  0  3  1  0  0.119814013687D+01
1  2  4  5  0  3  1  0  0.160411762586D+01
1  2  4  6  0  3  1  0  0.142461437570D+01
1  2  4 12  0  3  1  0 -0.115075720006D+01
1  2  4 15  0  3  1  0  0.379323691406D+00
1 11  4  1  0  3  1  0 -0.504013167799D+00
1 11  4  5  0  3  1  0  0.150238195524D+01
1 11  4  6  0  3  1  0  0.118876339932D+01
1 11  4 12  0  3  1  0 -0.340835007896D+00
1 11  4 15  0  3  1  0 -0.112577872972D+01
1  2  4  4  1  3  2  1 -0.364419011402D+01
1  2  4 14  1  3  2  1 -0.215056451715D+01
1 11  4  4  1  3  2  1 -0.225444811176D+01
1 11  4 14  1  3  2  1 -0.365655066637D+01
1  2  4  3  2  3  2 -1  0.364419011402D+01
1  2  4 13  2  3  2 -1  0.215056451715D+01
1 11  4  3  2  3  2 -1  0.225444811176D+01
1 11  4 13  2  3  2 -1  0.365655066637D+01
1  2  4  2  4  3  2  0  0.349195531506D+01
1 11  4  2  4  3  2  0  0.276524994624D+01
1 11  4 11  4  3  2  0  0.400267189467D+01
1  8  5  1  0  3  2  1 -0.223642416308D+01
1  8  5  5  0  3  2  1 -0.683650023631D+01
1  8  5  6  0  3  2  1 -0.205820506361D+01
1  8  5  9  0  3  2  1  0.391849579851D+01
1  8  5 12  0  3  2  1  0.109434659730D+01
1  8  5 15  0  3  2  1  0.218507547137D+01
1  8  5  4  1  3  1  0  0.133665505131D+01
1  8  5 14  1  3  1  0  0.907681567513D+00
1  8  5 10  3  3  2 -1  0.391849579851D+01
1  8  5  2  4  3  1  1 -0.138099922285D+01
1  8  5 11  4  3  1  1 -0.101429133561D+01
1  8  5  8  5  3  2  0  0.149515085055D+01
1  8  5  8  5  3  2  2  0.385315109595D+01
1  7  6  1  0  3  2 -1 -0.223642416308D+01
1  7  6  5  0  3  2 -1 -0.683650023631D+01
1  7  6  6  0  3  2 -1 -0.205820506361D+01
1  7  6  9  0  3  2 -1 -0.391849579851D+01
1  7  6 12  0  3  2 -1  0.109434659730D+01
1  7  6 15  0  3  2 -1  0.218507547137D+01
1  7  6  3  2  3  1  0 -0.133665505131D+01
1  7  6 13  2  3  1  0 -0.907681567513D+00
1  7  6 10  3  3  2  1  0.391849579851D+01
1  7  6  2  4  3  1 -1 -0.138099922285D+01
1  7  6 11  4  3  1 -1 -0.101429133561D+01
1  7  6  8  5  3  2 -2  0.385315109595D+01
1  7  6  7  6  3  2  0  0.149515085055D+01
1  7  6  7  6  3  2  2 -0.385315109595D+01
