Current working directory: /home/scratch.local/vhg7/MAS/NEW_examples/NEWNEW/H2

Running UK R-matrix codes for e + H2
Target charge q = 0
  the continuum basis swmol3.continuum.q0.r13.L6 will be loaded.

Output in /home/scratch.local/vhg7/MAS/NEW_examples/NEWNEW/H2/output/H2/6-31Gxx.CAS.e+.0frozen.9active.0virtual.70nPCO.2maxl_PCO.15states.r13.D2h.equilibrium

Symmetry D2h with 8 IRs for all geometries.

Checking user settings given in model.pl ...
  ... done.
Number of geometries to run: 1

Starting main loop over geometries.
Logging continues into files corresponding to each geometry.

Start of collecting data for all geometries ...
Skipping running scatci.
Reading scatci output ...
:
  1.0.1 -> -1.1694761440
  1.0.2 -> -0.5889945846
  1.0.3 -> -0.4442617014
  1.0.4 -> -0.4279116648
  1.0.5 -> -0.0928068499
  1.0.6 -> -0.0310178827
 ... done.
Skipping running scatci.
Reading scatci output ...
:
  1.1.1 -> -0.6016045728
  1.1.2 -> -0.0737065323
 ... done.
Skipping running scatci.
Reading scatci output ...
:
  1.2.1 -> -0.6016045728
  1.2.2 -> -0.0737065323
 ... done.
Skipping running scatci.
Reading scatci output ...
:
  1.3.1 -> -0.4279116648
 ... done.
Skipping running scatci.
Reading scatci output ...
:
  1.4.1 -> -0.6598141886
  1.4.2 -> -0.2744123661
 ... done.
Skipping running scatci.
Reading scatci output ...
:
  1.5.1 -> -0.4349622988
 ... done.
Skipping running scatci.
Reading scatci output ...
:
  1.6.1 -> -0.4349622988
 ... done.
Skipping running scatci.
Reading scatci output ...
, printing first 10 energies:
  2.0.1 -> -1.1628968245
  2.0.2 -> -1.1256280174
  2.0.3 -> -1.1253819885
  2.0.4 -> -1.1040863775
  2.0.5 -> -1.0609827250
  2.0.6 -> -1.0608237990
  2.0.7 -> -1.0607703895
  2.0.8 -> -1.0079198083
  2.0.9 -> -1.0070727917
  2.0.10 -> -0.9808167491
LCONT = 0
 ... done.
Skipping running scatci.
Reading scatci output ...
, printing first 10 energies:
  2.1.1 -> -1.1478598640
  2.1.2 -> -1.0966599273
  2.1.3 -> -1.0964685588
  2.1.4 -> -1.0617676445
  2.1.5 -> -0.9457008456
  2.1.6 -> -0.9451646129
  2.1.7 -> -0.9165893479
  2.1.8 -> -0.7400949670
  2.1.9 -> -0.7391015993
  2.1.10 -> -0.7099971882
LCONT = 0
 ... done.
Skipping running scatci.
Reading scatci output ...
, printing first 10 energies:
  2.2.1 -> -1.1478598640
  2.2.2 -> -1.0966599273
  2.2.3 -> -1.0964685588
  2.2.4 -> -1.0617676445
  2.2.5 -> -0.9457008456
  2.2.6 -> -0.9451646129
  2.2.7 -> -0.9165893479
  2.2.8 -> -0.7400949670
  2.2.9 -> -0.7391015993
  2.2.10 -> -0.7099971881
LCONT = 0
 ... done.
Skipping running scatci.
Reading scatci output ...
, printing first 10 energies:
  2.3.1 -> -1.1256280170
  2.3.2 -> -1.0609827250
  2.3.3 -> -1.0608237990
  2.3.4 -> -1.0079197943
  2.3.5 -> -0.8757695174
  2.3.6 -> -0.8753669670
  2.3.7 -> -0.8349600116
  2.3.8 -> -0.6366638854
  2.3.9 -> -0.6360526888
  2.3.10 -> -0.6038332347
LCONT = 0
 ... done.
Skipping running scatci.
Reading scatci output ...
, printing first 10 energies:
  2.4.1 -> -1.1474764613
  2.4.2 -> -1.0965407733
  2.4.3 -> -1.0964443387
  2.4.4 -> -1.0601617439
  2.4.5 -> -0.9453666964
  2.4.6 -> -0.9450961500
  2.4.7 -> -0.9139125636
  2.4.8 -> -0.7394458881
  2.4.9 -> -0.7389799011
  2.4.10 -> -0.7067982126
LCONT = 0
 ... done.
Skipping running scatci.
Reading scatci output ...
, printing first 10 energies:
  2.5.1 -> -1.1254381514
  2.5.2 -> -1.0608902964
  2.5.3 -> -1.0607837135
  2.5.4 -> -1.0071314671
  2.5.5 -> -0.8755358998
  2.5.6 -> -0.8752652759
  2.5.7 -> -0.8330351079
  2.5.8 -> -0.6390777259
  2.5.9 -> -0.6363082019
  2.5.10 -> -0.6358988784
LCONT = 0
 ... done.
Skipping running scatci.
Reading scatci output ...
, printing first 10 energies:
  2.6.1 -> -1.1254381514
  2.6.2 -> -1.0608902964
  2.6.3 -> -1.0607837135
  2.6.4 -> -1.0071314671
  2.6.5 -> -0.8755358998
  2.6.6 -> -0.8752652759
  2.6.7 -> -0.8330351079
  2.6.8 -> -0.6390777259
  2.6.9 -> -0.6363082019
  2.6.10 -> -0.6358988784
LCONT = 0
 ... done.
Skipping running scatci.
Reading scatci output ...
, printing first 10 energies:
  2.7.1 -> -1.0965407731
  2.7.2 -> -0.9453666853
  2.7.3 -> -0.7394457559
  2.7.4 -> -0.6159085441
  2.7.5 -> -0.5613353663
  2.7.6 -> -0.5557223801
  2.7.7 -> -0.5518939788
  2.7.8 -> -0.5503968476
  2.7.9 -> -0.5169653444
  2.7.10 -> -0.5003207587
LCONT = 0
 ... done.
