6  1    47  3   5    38  0   0.141395609837D-03  0.753360489740D-04  0.491491951191D-04
8  1 O   8   15.9949        0.0000000000        0.0000000000        0.1164748159
8  2 H   1    1.0078        0.0000000000        1.3439906060       -0.9245291460
8  3 H   1    1.0078        0.0000000000       -1.3439906060       -0.9245291460
5  1  0  0  0  1  0  0 -0.761019370152D+02  State No.   1 Singlet     A'        
5  2  0  0  1  3  0  0 -0.753074430927D+02  State No.   2 Triplet     A"        
5  3  0  0  1  1  0  0 -0.752709070480D+02  State No.   3 Singlet     A"        
5  4  0  0  0  3  0  0 -0.752006108159D+02  State No.   4 Triplet     A'        
5  5  0  0  0  1  0  0 -0.750701406137D+02  State No.   5 Singlet     A'        
1  1  0  1  0  4  1 -1  0.417435219724D-08
1  1  0  1  0  4  1  0  0.730751498171D+00
1  1  0  1  0  4  2 -1  0.487993201403D-09
1  1  0  1  0  4  2  0  0.100107302168D+00
1  1  0  1  0  4  2  2  0.180425082582D+01
1  5  0  1  0  4  1 -1  0.506003754878D+00
1  5  0  1  0  4  1  0  0.105465767105D-08
1  5  0  1  0  4  2 -1 -0.838667846171D+00
1  5  0  1  0  4  2  0 -0.611691563504D-08
1  5  0  1  0  4  2  2 -0.309024030368D-08
1  5  0  5  0  4  1 -1 -0.149999903609D-07
1  5  0  5  0  4  1  0  0.197519870305D+00
1  5  0  5  0  4  2 -1  0.468662788577D-07
1  5  0  5  0  4  2  0 -0.946505170750D+00
1  5  0  5  0  4  2  2  0.718984380400D+00
1  4  0  4  0  4  1 -1  0.848873993320D-08
1  4  0  4  0  4  1  0  0.206585230730D+00
1  4  0  4  0  4  2 -1 -0.545899414561D-08
1  4  0  4  0  4  2  0  0.866296707843D-01
1  4  0  4  0  4  2  2  0.135571322948D+01
1  3  1  1  0  4  2 -2 -0.474760216725D+00
1  3  1  1  0  4  2  1 -0.158310534890D-08
1  3  1  5  0  4  1  1 -0.905207447436D-01
1  3  1  5  0  4  2 -2  0.536607739006D-08
1  3  1  5  0  4  2  1 -0.770061935167D+00
1  3  1  3  1  4  1 -1 -0.177761472209D-08
1  3  1  3  1  4  1  0  0.231902401079D+00
1  3  1  3  1  4  2 -1  0.102263078006D-07
1  3  1  3  1  4  2  0  0.345508526631D+00
1  3  1  3  1  4  2  2 -0.166673289620D+00
1  2  1  4  0  4  1  1 -0.605604996611D-09
1  2  1  4  0  4  2 -2  0.431190155155D+00
1  2  1  4  0  4  2  1  0.274766120132D-08
1  2  1  2  1  4  1 -1 -0.971846181308D-08
1  2  1  2  1  4  1  0  0.209936081642D+00
1  2  1  2  1  4  2 -1  0.261905865884D-07
1  2  1  2  1  4  2  0  0.326221523519D+00
1  2  1  2  1  4  2  2 -0.213163260840D+00
