+-------------------------------------------------------------------------+
|              _              |                                           |
| || || ||//  | \          |  | University College London (C) 1994 - 2020 |
| || || ||    | / |/\/\ /\ |  | Open University           (C) 2007 - 2020 |
| \\_// ||\\  | \ | | | \/ |  |                                           |
|                             |                                           |
+-------------------------------------------------------------------------+
| Last revision: 3.2                                                      |
| Last author:   Jimena Gorfinkiel                                        |
| Last date:     Tue Dec 21 17:59:46 2021 +0000                           |
+-------------------------------------------------------------------------+


 PROGRAM SCATCI (19 Oct 2009) : 

                         DATE = 20230406

                         TIME = 125804.368


 CONGEN: e + H2+ - singlet B3u                                                                                                   
 SCATCI: e + H2+ - singlet B3u                                                                                                   
 MGVN =         1     S    =  0.0
 NELT =         2     SZ   =  0.0
 IDIAG=         2     R    =  0.0
 THRES=   0.1D-09     NSYM =    8
 MEGUL=711, NOCSF=         2
 NPFLG         0   0   0   0   0   0
 NOB(i)=          52
 setting NOBE(i)=          52
 NOB(i)=          27
 setting NOBE(i)=          27
 NOB(i)=          27
 setting NOBE(i)=          27
 NOB(i)=          25
 setting NOBE(i)=          25
 NOB(i)=          27
 setting NOBE(i)=          27
 NOB(i)=          25
 setting NOBE(i)=          25
 NOB(i)=          25
 setting NOBE(i)=          25
 NOB(i)=           9
 setting NOBE(i)=           9
 NOB  =        52  27  27  25  27  25  25   9
 NOB0 =         1   0   0   0   0   0   0   0
 NOBC =         0   0   0   0   0   0   0   0
 NDTRF=         1 106
 NSRB=  434    LNDOF=        14    LCDOF=         4
 nfte =  811        nfti =    16       lembf=  5000       iodr =   1
 MOLECULE SYMMETRY CASE,  SYMTYP = 2

 Prototype CSF option requested

 CI target option requested,
 Vectors to be read from unit NFTG = 26
 Phases for target vectors read in from CONGEN

 Number of target symmetries in expansion,   NTGSYM =    1
 Number of continuum orbitals for each state, NOTGT =   27
 Number of CI components for each state,      NCTGT =         1
 Number of target states of each symmetry,   NUMTGT =    1
 Continuum M projection  for each state,      MCONT =    1

 Diagonalisation of Hamiltonian matrix requested
 SCATCI will expand NOCSF =      2 prototype CSFs
               into MXCSF =     27 actual configurations
               and  MOCSF =     27 dimension final Hamiltonian

 Number of last continuum CSF, NCONT =      2
     ENERGY EXPRESSIONS COMPUTED FOR MOLECULE SYMMETRY CASE - SYMTYP=  2
 All IIII blocks of integrals
           1           0           0           0           0
           2           1           1           1           1
           3           2           2           2           2
           4           3           3           3           3
           5           4           4           4           4
           6           5           5           5           5
           7           6           6           6           6
           8           7           7           7           7
 All IJIJ blocks
           9           1           0           1           0
          10           2           0           2           0
          11           2           1           2           1
          12           3           0           3           0
          13           3           1           3           1
          14           3           2           3           2
          15           4           0           4           0
          16           4           1           4           1
          17           4           2           4           2
          18           4           3           4           3
          19           5           0           5           0
          20           5           1           5           1
          21           5           2           5           2
          22           5           3           5           3
          23           5           4           5           4
          24           6           0           6           0
          25           6           1           6           1
          26           6           2           6           2
          27           6           3           6           3
          28           6           4           6           4
          29           6           5           6           5
          30           7           0           7           0
          31           7           1           7           1
          32           7           2           7           2
          33           7           3           7           3
          34           7           4           7           4
          35           7           5           7           5
          36           7           6           7           6
 The IIJJ blocks of integrals
          37           1           1           0           0
          38           2           2           0           0
          39           2           2           1           1
          40           3           3           0           0
          41           3           3           1           1
          42           3           3           2           2
          43           4           4           0           0
          44           4           4           1           1
          45           4           4           2           2
          46           4           4           3           3
          47           5           5           0           0
          48           5           5           1           1
          49           5           5           2           2
          50           5           5           3           3
          51           5           5           4           4
          52           6           6           0           0
          53           6           6           1           1
          54           6           6           2           2
          55           6           6           3           3
          56           6           6           4           4
          57           6           6           5           5
          58           7           7           0           0
          59           7           7           1           1
          60           7           7           2           2
          61           7           7           3           3
          62           7           7           4           4
          63           7           7           5           5
          64           7           7           6           6
 The IJKL blocks
          65           3           0           2           1
          66           3           1           2           0
          67           3           2           1           0
          68           5           0           4           1
          69           5           1           4           0
          70           5           2           4           3
          71           5           3           4           2
          72           5           4           1           0
          73           5           4           3           2
          74           6           0           4           2
          75           6           0           5           3
          76           6           1           4           3
          77           6           1           5           2
          78           6           2           4           0
          79           6           2           5           1
          80           6           3           4           1
          81           6           3           5           0
          82           6           4           2           0
          83           6           4           3           1
          84           6           5           2           1
          85           6           5           3           0
          86           7           0           4           3
          87           7           0           5           2
          88           7           0           6           1
          89           7           1           4           2
          90           7           1           5           3
          91           7           1           6           0
          92           7           2           4           1
          93           7           2           5           0
          94           7           2           6           3
          95           7           3           4           0
          96           7           3           5           1
          97           7           3           6           2
          98           7           4           2           1
          99           7           4           3           0
         100           7           4           6           5
         101           7           5           2           0
         102           7           5           3           1
         103           7           5           6           4
         104           7           6           1           0
         105           7           6           3           2
         106           7           6           5           4
 NOBE =        52        27        27        25        27        25        25         9
 MBAS =         0       666
 NBASH=         1      1379      1757      2135      2460      2838      3163      3488      3533
   Read wavefunctions from CONGEN and load integrals
                   I         N         G         M         S      MPOS      MCON
                   1         1         0         0         0         0         1
                   2         1         0         0         1         0         1
                   3         2         0         0         0         0         0
                   4         2         0         0         1         0         0
                   5         3         0         0         0         0         0
                   6         3         0         0         1         0         0
                   7         4         0         0         0         0         0
                   8         4         0         0         1         0         0
                   9         5         0         0         0         0         0
                  10         5         0         0         1         0         0
                  11         6         0         0         0         0         0
                  12         6         0         0         1         0         0
                  13         7         0         0         0         0         0
                  14         7         0         0         1         0         0
                  15         8         0         0         0         0         0
                  16         8         0         0         1         0         0
                  17         9         0         0         0         0         0
                  18         9         0         0         1         0         0
                  19        10         0         0         0         0         0
                  20        10         0         0         1         0         0
                  21        11         0         0         0         0         0
                  22        11         0         0         1         0         0
                  23        12         0         0         0         0         0
                  24        12         0         0         1         0         0
                  25        13         0         0         0         0         0
                  26        13         0         0         1         0         0
                  27        14         0         0         0         0         0
                  28        14         0         0         1         0         0
                  29        15         0         0         0         0         0
                  30        15         0         0         1         0         0
                  31        16         0         0         0         0         0
                  32        16         0         0         1         0         0
                  33        17         0         0         0         0         0
                  34        17         0         0         1         0         0
                  35        18         0         0         0         0         0
                  36        18         0         0         1         0         0
                  37        19         0         0         0         0         0
                  38        19         0         0         1         0         0
                  39        20         0         0         0         0         0
                  40        20         0         0         1         0         0
                  41        21         0         0         0         0         0
                  42        21         0         0         1         0         0
                  43        22         0         0         0         0         0
                  44        22         0         0         1         0         0
                  45        23         0         0         0         0         0
                  46        23         0         0         1         0         0
                  47        24         0         0         0         0         0
                  48        24         0         0         1         0         0
                  49        25         0         0         0         0         0
                  50        25         0         0         1         0         0
                  51        26         0         0         0         0         0
                  52        26         0         0         1         0         0
                  53        27         0         0         0         0         0
                  54        27         0         0         1         0         0
                  55        28         0         0         0         0         0
                  56        28         0         0         1         0         0
                  57        29         0         0         0         0         0
                  58        29         0         0         1         0         0
                  59        30         0         0         0         0         0
                  60        30         0         0         1         0         0
                  61        31         0         0         0         0         0
                  62        31         0         0         1         0         0
                  63        32         0         0         0         0         0
                  64        32         0         0         1         0         0
                  65        33         0         0         0         0         0
                  66        33         0         0         1         0         0
                  67        34         0         0         0         0         0
                  68        34         0         0         1         0         0
                  69        35         0         0         0         0         0
                  70        35         0         0         1         0         0
                  71        36         0         0         0         0         0
                  72        36         0         0         1         0         0
                  73        37         0         0         0         0         0
                  74        37         0         0         1         0         0
                  75        38         0         0         0         0         0
                  76        38         0         0         1         0         0
                  77        39         0         0         0         0         0
                  78        39         0         0         1         0         0
                  79        40         0         0         0         0         0
                  80        40         0         0         1         0         0
                  81        41         0         0         0         0         0
                  82        41         0         0         1         0         0
                  83        42         0         0         0         0         0
                  84        42         0         0         1         0         0
                  85        43         0         0         0         0         0
                  86        43         0         0         1         0         0
                  87        44         0         0         0         0         0
                  88        44         0         0         1         0         0
                  89        45         0         0         0         0         0
                  90        45         0         0         1         0         0
                  91        46         0         0         0         0         0
                  92        46         0         0         1         0         0
                  93        47         0         0         0         0         0
                  94        47         0         0         1         0         0
                  95        48         0         0         0         0         0
                  96        48         0         0         1         0         0
                  97        49         0         0         0         0         0
                  98        49         0         0         1         0         0
                  99        50         0         0         0         0         0
                 100        50         0         0         1         0         0
                 101        51         0         0         0         0         0
                 102        51         0         0         1         0         0
                 103        52         0         0         0         0         0
                 104        52         0         0         1         0         0
                 105        53         0         1         0         0         0
                 106        53         0         1         1         0         0
                 107        54         0         1         0         0         0
                 108        54         0         1         1         0         0
                 109        55         0         1         0         0         0
                 110        55         0         1         1         0         0
                 111        56         0         1         0         0         0
                 112        56         0         1         1         0         0
                 113        57         0         1         0         0         0
                 114        57         0         1         1         0         0
                 115        58         0         1         0         0         0
                 116        58         0         1         1         0         0
                 117        59         0         1         0         0         0
                 118        59         0         1         1         0         0
                 119        60         0         1         0         0         0
                 120        60         0         1         1         0         0
                 121        61         0         1         0         0         0
                 122        61         0         1         1         0         0
                 123        62         0         1         0         0         0
                 124        62         0         1         1         0         0
                 125        63         0         1         0         0         0
                 126        63         0         1         1         0         0
                 127        64         0         1         0         0         0
                 128        64         0         1         1         0         0
                 129        65         0         1         0         0         0
                 130        65         0         1         1         0         0
                 131        66         0         1         0         0         0
                 132        66         0         1         1         0         0
                 133        67         0         1         0         0         0
                 134        67         0         1         1         0         0
                 135        68         0         1         0         0         0
                 136        68         0         1         1         0         0
                 137        69         0         1         0         0         0
                 138        69         0         1         1         0         0
                 139        70         0         1         0         0         0
                 140        70         0         1         1         0         0
                 141        71         0         1         0         0         0
                 142        71         0         1         1         0         0
                 143        72         0         1         0         0         0
                 144        72         0         1         1         0         0
                 145        73         0         1         0         0         0
                 146        73         0         1         1         0         0
                 147        74         0         1         0         0         0
                 148        74         0         1         1         0         0
                 149        75         0         1         0         0         0
                 150        75         0         1         1         0         0
                 151        76         0         1         0         0         0
                 152        76         0         1         1         0         0
                 153        77         0         1         0         0         0
                 154        77         0         1         1         0         0
                 155        78         0         1         0         0         0
                 156        78         0         1         1         0         0
                 157        79         0         1         0         0         0
                 158        79         0         1         1         0         0
                 159        80         0         2         0         0         0
                 160        80         0         2         1         0         0
                 161        81         0         2         0         0         0
                 162        81         0         2         1         0         0
                 163        82         0         2         0         0         0
                 164        82         0         2         1         0         0
                 165        83         0         2         0         0         0
                 166        83         0         2         1         0         0
                 167        84         0         2         0         0         0
                 168        84         0         2         1         0         0
                 169        85         0         2         0         0         0
                 170        85         0         2         1         0         0
                 171        86         0         2         0         0         0
                 172        86         0         2         1         0         0
                 173        87         0         2         0         0         0
                 174        87         0         2         1         0         0
                 175        88         0         2         0         0         0
                 176        88         0         2         1         0         0
                 177        89         0         2         0         0         0
                 178        89         0         2         1         0         0
                 179        90         0         2         0         0         0
                 180        90         0         2         1         0         0
                 181        91         0         2         0         0         0
                 182        91         0         2         1         0         0
                 183        92         0         2         0         0         0
                 184        92         0         2         1         0         0
                 185        93         0         2         0         0         0
                 186        93         0         2         1         0         0
                 187        94         0         2         0         0         0
                 188        94         0         2         1         0         0
                 189        95         0         2         0         0         0
                 190        95         0         2         1         0         0
                 191        96         0         2         0         0         0
                 192        96         0         2         1         0         0
                 193        97         0         2         0         0         0
                 194        97         0         2         1         0         0
                 195        98         0         2         0         0         0
                 196        98         0         2         1         0         0
                 197        99         0         2         0         0         0
                 198        99         0         2         1         0         0
                 199       100         0         2         0         0         0
                 200       100         0         2         1         0         0
                 201       101         0         2         0         0         0
                 202       101         0         2         1         0         0
                 203       102         0         2         0         0         0
                 204       102         0         2         1         0         0
                 205       103         0         2         0         0         0
                 206       103         0         2         1         0         0
                 207       104         0         2         0         0         0
                 208       104         0         2         1         0         0
                 209       105         0         2         0         0         0
                 210       105         0         2         1         0         0
                 211       106         0         2         0         0         0
                 212       106         0         2         1         0         0
                 213       107         0         3         0         0         0
                 214       107         0         3         1         0         0
                 215       108         0         3         0         0         0
                 216       108         0         3         1         0         0
                 217       109         0         3         0         0         0
                 218       109         0         3         1         0         0
                 219       110         0         3         0         0         0
                 220       110         0         3         1         0         0
                 221       111         0         3         0         0         0
                 222       111         0         3         1         0         0
                 223       112         0         3         0         0         0
                 224       112         0         3         1         0         0
                 225       113         0         3         0         0         0
                 226       113         0         3         1         0         0
                 227       114         0         3         0         0         0
                 228       114         0         3         1         0         0
                 229       115         0         3         0         0         0
                 230       115         0         3         1         0         0
                 231       116         0         3         0         0         0
                 232       116         0         3         1         0         0
                 233       117         0         3         0         0         0
                 234       117         0         3         1         0         0
                 235       118         0         3         0         0         0
                 236       118         0         3         1         0         0
                 237       119         0         3         0         0         0
                 238       119         0         3         1         0         0
                 239       120         0         3         0         0         0
                 240       120         0         3         1         0         0
                 241       121         0         3         0         0         0
                 242       121         0         3         1         0         0
                 243       122         0         3         0         0         0
                 244       122         0         3         1         0         0
                 245       123         0         3         0         0         0
                 246       123         0         3         1         0         0
                 247       124         0         3         0         0         0
                 248       124         0         3         1         0         0
                 249       125         0         3         0         0         0
                 250       125         0         3         1         0         0
                 251       126         0         3         0         0         0
                 252       126         0         3         1         0         0
                 253       127         0         3         0         0         0
                 254       127         0         3         1         0         0
                 255       128         0         3         0         0         0
                 256       128         0         3         1         0         0
                 257       129         0         3         0         0         0
                 258       129         0         3         1         0         0
                 259       130         0         3         0         0         0
                 260       130         0         3         1         0         0
                 261       131         0         3         0         0         0
                 262       131         0         3         1         0         0
                 263       132         0         4         0         0         0
                 264       132         0         4         1         0         0
                 265       133         0         4         0         0         0
                 266       133         0         4         1         0         0
                 267       134         0         4         0         0         0
                 268       134         0         4         1         0         0
                 269       135         0         4         0         0         0
                 270       135         0         4         1         0         0
                 271       136         0         4         0         0         0
                 272       136         0         4         1         0         0
                 273       137         0         4         0         0         0
                 274       137         0         4         1         0         0
                 275       138         0         4         0         0         0
                 276       138         0         4         1         0         0
                 277       139         0         4         0         0         0
                 278       139         0         4         1         0         0
                 279       140         0         4         0         0         0
                 280       140         0         4         1         0         0
                 281       141         0         4         0         0         0
                 282       141         0         4         1         0         0
                 283       142         0         4         0         0         0
                 284       142         0         4         1         0         0
                 285       143         0         4         0         0         0
                 286       143         0         4         1         0         0
                 287       144         0         4         0         0         0
                 288       144         0         4         1         0         0
                 289       145         0         4         0         0         0
                 290       145         0         4         1         0         0
                 291       146         0         4         0         0         0
                 292       146         0         4         1         0         0
                 293       147         0         4         0         0         0
                 294       147         0         4         1         0         0
                 295       148         0         4         0         0         0
                 296       148         0         4         1         0         0
                 297       149         0         4         0         0         0
                 298       149         0         4         1         0         0
                 299       150         0         4         0         0         0
                 300       150         0         4         1         0         0
                 301       151         0         4         0         0         0
                 302       151         0         4         1         0         0
                 303       152         0         4         0         0         0
                 304       152         0         4         1         0         0
                 305       153         0         4         0         0         0
                 306       153         0         4         1         0         0
                 307       154         0         4         0         0         0
                 308       154         0         4         1         0         0
                 309       155         0         4         0         0         0
                 310       155         0         4         1         0         0
                 311       156         0         4         0         0         0
                 312       156         0         4         1         0         0
                 313       157         0         4         0         0         0
                 314       157         0         4         1         0         0
                 315       158         0         4         0         0         0
                 316       158         0         4         1         0         0
                 317       159         0         5         0         0         0
                 318       159         0         5         1         0         0
                 319       160         0         5         0         0         0
                 320       160         0         5         1         0         0
                 321       161         0         5         0         0         0
                 322       161         0         5         1         0         0
                 323       162         0         5         0         0         0
                 324       162         0         5         1         0         0
                 325       163         0         5         0         0         0
                 326       163         0         5         1         0         0
                 327       164         0         5         0         0         0
                 328       164         0         5         1         0         0
                 329       165         0         5         0         0         0
                 330       165         0         5         1         0         0
                 331       166         0         5         0         0         0
                 332       166         0         5         1         0         0
                 333       167         0         5         0         0         0
                 334       167         0         5         1         0         0
                 335       168         0         5         0         0         0
                 336       168         0         5         1         0         0
                 337       169         0         5         0         0         0
                 338       169         0         5         1         0         0
                 339       170         0         5         0         0         0
                 340       170         0         5         1         0         0
                 341       171         0         5         0         0         0
                 342       171         0         5         1         0         0
                 343       172         0         5         0         0         0
                 344       172         0         5         1         0         0
                 345       173         0         5         0         0         0
                 346       173         0         5         1         0         0
                 347       174         0         5         0         0         0
                 348       174         0         5         1         0         0
                 349       175         0         5         0         0         0
                 350       175         0         5         1         0         0
                 351       176         0         5         0         0         0
                 352       176         0         5         1         0         0
                 353       177         0         5         0         0         0
                 354       177         0         5         1         0         0
                 355       178         0         5         0         0         0
                 356       178         0         5         1         0         0
                 357       179         0         5         0         0         0
                 358       179         0         5         1         0         0
                 359       180         0         5         0         0         0
                 360       180         0         5         1         0         0
                 361       181         0         5         0         0         0
                 362       181         0         5         1         0         0
                 363       182         0         5         0         0         0
                 364       182         0         5         1         0         0
                 365       183         0         5         0         0         0
                 366       183         0         5         1         0         0
                 367       184         0         6         0         0         0
                 368       184         0         6         1         0         0
                 369       185         0         6         0         0         0
                 370       185         0         6         1         0         0
                 371       186         0         6         0         0         0
                 372       186         0         6         1         0         0
                 373       187         0         6         0         0         0
                 374       187         0         6         1         0         0
                 375       188         0         6         0         0         0
                 376       188         0         6         1         0         0
                 377       189         0         6         0         0         0
                 378       189         0         6         1         0         0
                 379       190         0         6         0         0         0
                 380       190         0         6         1         0         0
                 381       191         0         6         0         0         0
                 382       191         0         6         1         0         0
                 383       192         0         6         0         0         0
                 384       192         0         6         1         0         0
                 385       193         0         6         0         0         0
                 386       193         0         6         1         0         0
                 387       194         0         6         0         0         0
                 388       194         0         6         1         0         0
                 389       195         0         6         0         0         0
                 390       195         0         6         1         0         0
                 391       196         0         6         0         0         0
                 392       196         0         6         1         0         0
                 393       197         0         6         0         0         0
                 394       197         0         6         1         0         0
                 395       198         0         6         0         0         0
                 396       198         0         6         1         0         0
                 397       199         0         6         0         0         0
                 398       199         0         6         1         0         0
                 399       200         0         6         0         0         0
                 400       200         0         6         1         0         0
                 401       201         0         6         0         0         0
                 402       201         0         6         1         0         0
                 403       202         0         6         0         0         0
                 404       202         0         6         1         0         0
                 405       203         0         6         0         0         0
                 406       203         0         6         1         0         0
                 407       204         0         6         0         0         0
                 408       204         0         6         1         0         0
                 409       205         0         6         0         0         0
                 410       205         0         6         1         0         0
                 411       206         0         6         0         0         0
                 412       206         0         6         1         0         0
                 413       207         0         6         0         0         0
                 414       207         0         6         1         0         0
                 415       208         0         6         0         0         0
                 416       208         0         6         1         0         0
                 417       209         0         7         0         0         0
                 418       209         0         7         1         0         0
                 419       210         0         7         0         0         0
                 420       210         0         7         1         0         0
                 421       211         0         7         0         0         0
                 422       211         0         7         1         0         0
                 423       212         0         7         0         0         0
                 424       212         0         7         1         0         0
                 425       213         0         7         0         0         0
                 426       213         0         7         1         0         0
                 427       214         0         7         0         0         0
                 428       214         0         7         1         0         0
                 429       215         0         7         0         0         0
                 430       215         0         7         1         0         0
                 431       216         0         7         0         0         0
                 432       216         0         7         1         0         0
                 433       217         0         7         0         0         0
                 434       217         0         7         1         0         0
 GIVEN NSRBD=         434
 CALCULATED NSRB=         434

          Assuming UKRMol+ integrals on input.

 On input SCATCI expects:
 1-electron integrals, NINT1e =0
 2-electron integrals, NINT2e =0

One electron integrals read-in.

Two electron integrals read-in.

 UKRMol+ integrals read successfully:
 1-electron integrals, NINT1e =23653
 2-electron integrals, NINT2e =7012

          Nuclear repulsion energy =       0.7137540

          Finished reading UKRMol+ integrals.
   Load CI target and construct matrix elements

 TRANSFORMATION VECTOR   1 FROM SET  1 STATE  1
 SET   1    H2+ CI calculation - doublet Ag                                                                                         
          NOCSF=    1    NSTAT=    1    NNUC =    3

 Nuclear data     X         Y         Z       Charge
   H  1        0.000000  0.000000 -0.700521  1.000000
   H  1        0.000000  0.000000  0.700521  1.000000
   sc 2        0.000000  0.000000  0.000000  0.000000
          EIGEN-ENERGIES OF THE REQ. STATES
                       -0.5367273370
     MXCORB SET TO:       100000000


 TOTAL H Matrix     ELEMENTS      =       378
 NON-ZERO ELEMENTS evaluated      =       378
 Total    prototype ELEMENTS      =         3
 Non-zero prototype ELEMENTS      =         2

 Number (prototype) integrals     =         6
 Compressed (prototype) integrals =         6
 Number integrals evaluated       =      1134
 ===================================================
  inside subroutine --> 'dgmain' --> begins. 


  ************************************************************************************************************************

 MATRIX DIAGONALIZATION SECTION
 (RUN)     H2+ CI calculation - singlet B3u                                                                                        
  DATA SET FILE NUMBERS AND LENGTH SPECIFICATIONS :
      NFTE =811      NFTW =     25

 NPFLG :      0     0
 NCISET:      2

 NPCVC =    1
 THRHM = 0.10D-14


 (EMX)     e + H2+ - singlet B3u                                                                                                   

    27 Eigenvectors to be computed for
    27 dimensional final Hamiltonian matrix

       378 Hamiltonian elements read from unit NFTE =811

 Header:    ********                CIDATA  

 SET   1    H2+ CI calculation - singlet Ag                                                                                         

 MGVN = 0    s =   0.0    sz =   0.0    NELT =    2    NNUC =  3

 NOCSF=   52    NSTAT=   52    EN   =        0.7137539934

 EIGEN-ENERGIES
                       -1.1319039097       -0.6644440324       -0.5965537207       -0.5949329608       -0.5417496225
                       -0.4739525486       -0.4737256339       -0.4730612033       -0.4538347429       -0.4485543829
                       -0.2790584037       -0.2032628396       -0.2025961854       -0.2007539830       -0.1909999374
                       -0.1805778080        0.1172276878        0.1690924226        0.1705435293        0.1738314461
                        0.1760437172        0.1939503641        0.6452810712        0.6497411349        0.6500765774
                        0.6551646810        0.6764255016        0.7039892381        1.2403942193        1.2542634433
                        1.2547990680        1.2630549009        1.2925694457        1.5000909407        2.0651448641
                        2.0742689338        2.0795485617        2.0864881404        2.1687598056        3.2415235963
                        3.2750946162        3.2925791013        3.3064406061        3.4752392501        3.6199054455
                        4.8409533010        4.8486943240        4.8610161112        4.9236413204        5.0253331523
                        7.9182041971       57.5428489204
 CI data stored as set number  2

 SET   2    H2+ CI calculation - singlet B3u                                                                                        

 MGVN = 1    s =   0.0    sz =   0.0    NELT =    2    NNUC =  3

 Nuclear data     X         Y         Z       Charge
   H  1        0.000000  0.000000 -0.700521  1.000000
   H  1        0.000000  0.000000  0.700521  1.000000
   sc 2        0.000000  0.000000  0.000000  0.000000

 NOCSF=   27    NSTAT=   27    EN   =        0.7137539934

 NTGSYM=   1
  I   MCONT  NOTGT
  1      1     27

 EIGEN-ENERGIES
                       -0.6573494734       -0.5608272863       -0.5384902362       -0.5375611719       -0.3455966680
                       -0.3310905647       -0.3282254271       -0.0221941583       -0.0129065295       -0.0077275592
                        0.4086236948        0.4178432441        0.4188613263        0.9374360257        0.9502222155
                        1.0417946755        1.5948292663        1.6159444615        1.9343463664        2.5094814585
                        2.5393493459        2.9245355840        3.8622983324        3.9473788174        5.5210151931
                        6.0597905215        6.0798008502
